 i    energy(i)    w_energy(i) 
--- ------------  ------------ 
 1  0.1086724547  0.0642644789
 2  0.3531529368  0.1388201408
 3  0.7008934061  0.1895054690
 4  1.1731964060  0.2074366620
 5  1.8231909594  0.1895054690
 6  2.7751284427  0.1388201408
 7  4.3805639357  0.0642644789
 8  6.0000000000  0.0073831605
 
 k   tau(k)/2pi     s_lambda(k)   lambda(k)   w_lambda(k)
--- ------------  ------------ ------------  -----------
 1  1.0513767033  0.0531828299  0.1336493861  0.0666117445
 2  1.3338203293  0.2527779316  0.5698728358  0.1248811884
 3  2.0660545895  0.5131938003  0.9830522518  0.1248811884
 4  3.8747570249  0.7127889019  1.1759142817  0.0666117445
lambda-TP:                      1.2044496046
 5  5.2576473783  0.7822207461  1.2111485768  0.0203519667
 6  3.6560212534  0.8432032785  1.2483469280  0.0381551003
 7  2.9187230553  0.9227684533  1.3117159344  0.0381551003
 8  2.5610836030  0.9837509857  1.3692299294  0.0203519667
lambda-MAX:                     1.3858350403
 
 k   tau(k)/2pi     s_lambda(k)   lambda(k)   w_lambda(k)
--- ------------  ------------ ------------  -----------
 1  1.0513767033  0.0531828299  0.1336493861  0.0666117445
 2  1.3338203293  0.2527779316  0.5698728358  0.1248811884
 3  2.0660545895  0.5131938003  0.9830522518  0.1248811884
 4  3.8747570249  0.7127889019  1.1759142817  0.0666117445
lambda-TP:                      1.2044496046
 5  5.2576473783  0.7822207461  1.2111485768  0.0203519667
 6  3.6560212534  0.8432032785  1.2483469280  0.0381551003
 7  2.9187230553  0.9227684533  1.3117159344  0.0381551003
 8  2.5610836030  0.9837509857  1.3692299294  0.0203519667
lambda-MAX:                     1.3858350403
