----------------------------------------------------------------------------------- 
 => ion # 1
 r           dlntdr_s    dlnndr_s    tem_s       den_s       alpha_s     (null)      
----------------------------------------------------------------------------------- 
 1.7700E-01  1.4945E+00  7.9778E-01  7.2830E-01  1.0000E+00  1.3731E+00  0.0000E+00
 1.8466E-01  1.4945E+00  7.9778E-01  7.2830E-01  1.0000E+00  1.3731E+00  0.0000E+00
 1.9233E-01  1.4945E+00  7.9778E-01  7.2830E-01  1.0000E+00  1.3731E+00  0.0000E+00
 2.0000E-01  1.4945E+00  7.9778E-01  7.2830E-01  1.0000E+00  1.3731E+00  0.0000E+00
 2.0767E-01  1.4945E+00  7.9778E-01  7.2830E-01  1.0000E+00  1.3731E+00  0.0000E+00
 2.1534E-01  1.4945E+00  7.9778E-01  7.2830E-01  1.0000E+00  1.3731E+00  0.0000E+00
----------------------------------------------------------------------------------- 
=> electrons
 r           dlntdr_s    dlnndr_s    tem_s       den_s       alpha_s     (null)      
----------------------------------------------------------------------------------- 
 1.7700E-01  1.4876E+00  7.9778E-01  1.0000E+00  1.0000E+00  1.0000E+00  0.0000E+00
 1.8466E-01  1.4876E+00  7.9778E-01  1.0000E+00  1.0000E+00  1.0000E+00  0.0000E+00
 1.9233E-01  1.4876E+00  7.9778E-01  1.0000E+00  1.0000E+00  1.0000E+00  0.0000E+00
 2.0000E-01  1.4876E+00  7.9778E-01  1.0000E+00  1.0000E+00  1.0000E+00  0.0000E+00
 2.0767E-01  1.4876E+00  7.9778E-01  1.0000E+00  1.0000E+00  1.0000E+00  0.0000E+00
 2.1534E-01  1.4876E+00  7.9778E-01  1.0000E+00  1.0000E+00  1.0000E+00  0.0000E+00
----------------------------------------------------------------------------------- 
 => Geometry
 r           q_s         shat_s      kappa_s     s_kappa_s   delta_s     s_delta_s   
----------------------------------------------------------------------------------- 
 1.7700E-01  1.5282E+00  9.4821E-02  1.2834E+00  1.1675E-02  4.0908E-02  4.1062E-02
 1.8466E-01  1.5282E+00  9.4821E-02  1.2834E+00  1.1675E-02  4.0908E-02  4.1062E-02
 1.9233E-01  1.5282E+00  9.4821E-02  1.2834E+00  1.1675E-02  4.0908E-02  4.1062E-02
 2.0000E-01  1.5282E+00  9.4821E-02  1.2834E+00  1.1675E-02  4.0908E-02  4.1062E-02
 2.0767E-01  1.5282E+00  9.4821E-02  1.2834E+00  1.1675E-02  4.0908E-02  4.1062E-02
 2.1534E-01  1.5282E+00  9.4821E-02  1.2834E+00  1.1675E-02  4.0908E-02  4.1062E-02
----------------------------------------------------------------------------------- 
 => Geometry
 r           R/r         drmaj_s     b_unit_s    beta_unit_s rhosda_s    (null)      
----------------------------------------------------------------------------------- 
 1.7700E-01  1.4235E+01 -6.3301E-02  1.0000E+00  6.9862E-03  3.9261E-03  0.0000E+00
 1.8466E-01  1.4235E+01 -6.3301E-02  1.0000E+00  6.9862E-03  3.9261E-03  0.0000E+00
 1.9233E-01  1.4235E+01 -6.3301E-02  1.0000E+00  6.9862E-03  3.9261E-03  0.0000E+00
 2.0000E-01  1.4235E+01 -6.3301E-02  1.0000E+00  6.9862E-03  3.9261E-03  0.0000E+00
 2.0767E-01  1.4235E+01 -6.3301E-02  1.0000E+00  6.9862E-03  3.9261E-03  0.0000E+00
 2.1534E-01  1.4235E+01 -6.3301E-02  1.0000E+00  6.9862E-03  3.9261E-03  0.0000E+00
----------------------------------------------------------------------------------- 
 => Geometry and Flows
 r           r_s         r_e         dr_eodr     q           (null)      (null)      
----------------------------------------------------------------------------------- 
 1.7700E-01  2.0000E-01  1.7700E-01  1.0000E+00  1.5116E+00  0.0000E+00  0.0000E+00
 1.8466E-01  2.0000E-01  1.8466E-01  1.0000E+00  1.5171E+00  0.0000E+00  0.0000E+00
 1.9233E-01  2.0000E-01  1.9233E-01  1.0000E+00  1.5227E+00  0.0000E+00  0.0000E+00
 2.0000E-01  2.0000E-01  2.0000E-01  1.0000E+00  1.5282E+00  0.0000E+00  0.0000E+00
 2.0767E-01  2.0000E-01  2.0767E-01  1.0000E+00  1.5338E+00  0.0000E+00  0.0000E+00
 2.1534E-01  2.0000E-01  2.1534E-01  1.0000E+00  1.5393E+00  0.0000E+00  0.0000E+00
----------------------------------------------------------------------------------- 
 => Geometry and Flows
 r           gamma_e_s   gamma_p_s   mach_s      z_eff_s     nu_s        (null)      
----------------------------------------------------------------------------------- 
 1.7700E-01  0.0000E+00  0.0000E+00  0.0000E+00  1.2453E+00  0.0000E+00  0.0000E+00
 1.8466E-01  0.0000E+00  0.0000E+00  0.0000E+00  1.2453E+00  0.0000E+00  0.0000E+00
 1.9233E-01  0.0000E+00  0.0000E+00  0.0000E+00  1.2453E+00  0.0000E+00  0.0000E+00
 2.0000E-01  0.0000E+00  0.0000E+00  0.0000E+00  1.2453E+00  0.0000E+00  0.0000E+00
 2.0767E-01  0.0000E+00  0.0000E+00  0.0000E+00  1.2453E+00  0.0000E+00  0.0000E+00
 2.1534E-01  0.0000E+00  0.0000E+00  0.0000E+00  1.2453E+00  0.0000E+00  0.0000E+00
----------------------------------------------------------------------------------- 
 => Geometry and Flows
 r           gamma_t_s   gamma_n_s   gamma_eb_s  gamma_HB    w0_s        w0p_s       
----------------------------------------------------------------------------------- 
 1.7700E-01 -3.0238E-02 -1.1756E-02  0.0000E+00  0.0000E+00  0.0000E+00  0.0000E+00
 1.8466E-01 -2.9022E-02 -1.1283E-02  0.0000E+00  0.0000E+00  0.0000E+00  0.0000E+00
 1.9233E-01 -2.7759E-02 -1.0792E-02  0.0000E+00  0.0000E+00  0.0000E+00  0.0000E+00
 2.0000E-01 -2.6595E-02 -1.0339E-02  0.0000E+00  0.0000E+00  0.0000E+00  0.0000E+00
 2.0767E-01 -2.5518E-02 -9.9206E-03  0.0000E+00  0.0000E+00  0.0000E+00  0.0000E+00
 2.1534E-01 -2.4417E-02 -9.4929E-03  0.0000E+00  0.0000E+00  0.0000E+00  0.0000E+00
----------------------------------------------------------------------------------- 
 => Geometry and Flows
 r           (null)      (null)      (null)      zmag_s      V (volume)  dV/dr       
----------------------------------------------------------------------------------- 
 1.7700E-01  0.0000E+00  0.0000E+00  0.0000E+00  0.0000E+00  2.8814E+00  2.8882E+01
 1.8466E-01  0.0000E+00  0.0000E+00  0.0000E+00  0.0000E+00  2.8814E+00  2.8882E+01
 1.9233E-01  0.0000E+00  0.0000E+00  0.0000E+00  0.0000E+00  2.8814E+00  2.8882E+01
 2.0000E-01  0.0000E+00  0.0000E+00  0.0000E+00  0.0000E+00  2.8814E+00  2.8882E+01
 2.0767E-01  0.0000E+00  0.0000E+00  0.0000E+00  0.0000E+00  2.8814E+00  2.8882E+01
 2.1534E-01  0.0000E+00  0.0000E+00  0.0000E+00  0.0000E+00  2.8814E+00  2.8882E+01
