   6
   8
   4
   4
   8
   1
  30
   1
  10
   0
   0
   4
   1
   2
   2
   2
   0
   1
   0
   1
 1.76997165E-01
 1.84664776E-01
 1.92332388E-01
 2.00000000E-01
 2.07667612E-01
 2.15335224E-01
 1.51157154E+00
 1.51712709E+00
 1.52268265E+00
 1.52823820E+00
 1.53379376E+00
 1.53934932E+00
 2.00000000E-01
 2.00000000E-01
 2.00000000E-01
 2.00000000E-01
 2.00000000E-01
 2.00000000E-01
 1.52823820E+00
 1.52823820E+00
 1.52823820E+00
 1.52823820E+00
 1.52823820E+00
 1.52823820E+00
 1.49450390E+00
 1.48758145E+00
 1.49450390E+00
 1.48758145E+00
 1.49450390E+00
 1.48758145E+00
 1.49450390E+00
 1.48758145E+00
 1.49450390E+00
 1.48758145E+00
 1.49450390E+00
 1.48758145E+00
 7.97784724E-01
 7.97784724E-01
 7.97784724E-01
 7.97784724E-01
 7.97784724E-01
 7.97784724E-01
 7.97784724E-01
 7.97784724E-01
 7.97784724E-01
 7.97784724E-01
 7.97784724E-01
 7.97784724E-01
 7.28300210E-01
 1.00000000E+00
 7.28300210E-01
 1.00000000E+00
 7.28300210E-01
 1.00000000E+00
 7.28300210E-01
 1.00000000E+00
 7.28300210E-01
 1.00000000E+00
 7.28300210E-01
 1.00000000E+00
 1.00000000E+00
 1.00000000E+00
 1.00000000E+00
 1.00000000E+00
 1.00000000E+00
 1.00000000E+00
 1.00000000E+00
 1.00000000E+00
 1.00000000E+00
 1.00000000E+00
 1.00000000E+00
 1.00000000E+00
 1.42348020E+01
 1.42348020E+01
 1.42348020E+01
 1.42348020E+01
 1.42348020E+01
 1.42348020E+01
 4.09081915E-02
 4.09081915E-02
 4.09081915E-02
 4.09081915E-02
 4.09081915E-02
 4.09081915E-02
-6.09305116E-04
-6.09305116E-04
-6.09305116E-04
-6.09305116E-04
-6.09305116E-04
-6.09305116E-04
 1.28343272E+00
 1.28343272E+00
 1.28343272E+00
 1.28343272E+00
 1.28343272E+00
 1.28343272E+00
-6.33010814E-02
-6.33010814E-02
-6.33010814E-02
-6.33010814E-02
-6.33010814E-02
-6.33010814E-02
 9.48213907E-02
 9.48213907E-02
 9.48213907E-02
 9.48213907E-02
 9.48213907E-02
 9.48213907E-02
 4.10618191E-02
 4.10618191E-02
 4.10618191E-02
 4.10618191E-02
 4.10618191E-02
 4.10618191E-02
-1.28266220E-03
-1.28266220E-03
-1.28266220E-03
-1.28266220E-03
-1.28266220E-03
-1.28266220E-03
 1.16751052E-02
 1.16751052E-02
 1.16751052E-02
 1.16751052E-02
 1.16751052E-02
 1.16751052E-02
 0.00000000E+00
 0.00000000E+00
 0.00000000E+00
 0.00000000E+00
 0.00000000E+00
 0.00000000E+00
 0.00000000E+00
 0.00000000E+00
 0.00000000E+00
 0.00000000E+00
 0.00000000E+00
 0.00000000E+00
 6.98619890E-03
 6.98619890E-03
 6.98619890E-03
 6.98619890E-03
 6.98619890E-03
 6.98619890E-03
 0.00000000E+00
 0.00000000E+00
 0.00000000E+00
 0.00000000E+00
 0.00000000E+00
 0.00000000E+00
 0.00000000E+00
 0.00000000E+00
 0.00000000E+00
 0.00000000E+00
 0.00000000E+00
 0.00000000E+00
 0.00000000E+00
 0.00000000E+00
 0.00000000E+00
 0.00000000E+00
 0.00000000E+00
 0.00000000E+00
 1.00000000E+00
 1.00000000E+00
 1.00000000E+00
 1.00000000E+00
 1.00000000E+00
 1.00000000E+00
 1.00000000E+00
 1.00000000E+00
 1.00000000E+00
 1.00000000E+00
 1.00000000E+00
 1.00000000E+00
 1.24531460E+00
 1.24531460E+00
 1.24531460E+00
 1.24531460E+00
 1.24531460E+00
 1.24531460E+00
 0.00000000E+00
 0.00000000E+00
 0.00000000E+00
 0.00000000E+00
 0.00000000E+00
 0.00000000E+00
 0.00000000E+00
 0.00000000E+00
 0.00000000E+00
 0.00000000E+00
 0.00000000E+00
 0.00000000E+00
 1.00000000E+00
 1.33649386E-01
 5.69872836E-01
 9.83052252E-01
 1.17591428E+00
 1.21114858E+00
 1.24834693E+00
 1.31171593E+00
 1.36922993E+00
 1.08672455E-01
 3.53152937E-01
 7.00893406E-01
 1.17319641E+00
 1.82319096E+00
 2.77512844E+00
 4.38056394E+00
 6.00000000E+00
 1.20444960E+00
 9.00000000E-01
 3.92608952E-03
 1.00000000E+00
-1.00000000E+00
   1
   2
