 i    energy(i)    w_energy(i) 
--- ------------  ------------ 
 1  0.1086724547  0.0642644789
 2  0.3531529368  0.1388201408
 3  0.7008934061  0.1895054690
 4  1.1731964060  0.2074366620
 5  1.8231909594  0.1895054690
 6  2.7751284427  0.1388201408
 7  4.3805639357  0.0642644789
 8  6.0000000000  0.0073831605
 
 k   tau(k)/2pi     s_lambda(k)   lambda(k)   w_lambda(k)
--- ------------  ------------ ------------  -----------
 1  0.9218464771  0.0359480885  0.1262505164  0.0450251499
 2  1.0846691770  0.1708612247  0.5562410368  0.0844114542
 3  1.4413679040  0.3468851916  1.0090910677  0.0844114542
 4  2.1682204410  0.4817983278  1.2609929156  0.0450251499
lambda-TP:                      1.3061579020
 5  2.3268341993  0.5512301720  1.3458725773  0.0419385614
 6  1.6383105536  0.6768946698  1.5540790678  0.0786248345
 7  1.0785336378  0.8408517465  1.9473843365  0.0786248345
 8  0.7687447647  0.9665162443  2.3901899298  0.0419385614
lambda-MAX:                     2.5360640058
 
 k   tau(k)/2pi     s_lambda(k)   lambda(k)   w_lambda(k)
--- ------------  ------------ ------------  -----------
 1  0.9218464771  0.0359480885  0.1262505164  0.0450251499
 2  1.0846691770  0.1708612247  0.5562410368  0.0844114542
 3  1.4413679040  0.3468851916  1.0090910677  0.0844114542
 4  2.1682204410  0.4817983278  1.2609929156  0.0450251499
lambda-TP:                      1.3061579020
 5  2.3268341993  0.5512301720  1.3458725773  0.0419385614
 6  1.6383105536  0.6768946698  1.5540790678  0.0786248345
 7  1.0785336378  0.8408517465  1.9473843365  0.0786248345
 8  0.7687447647  0.9665162443  2.3901899298  0.0419385614
lambda-MAX:                     2.5360640058
