----------------------------------------------------------------------------------- 
 => ion # 1
 r           dlntdr_s    dlnndr_s    tem_s       den_s       alpha_s     (null)      
----------------------------------------------------------------------------------- 
 8.9889E-01  4.4702E+00  1.6433E+00  1.5820E+00  1.0000E+00  6.3210E-01  0.0000E+00
 8.9926E-01  4.4702E+00  1.6433E+00  1.5820E+00  1.0000E+00  6.3210E-01  0.0000E+00
 8.9963E-01  4.4702E+00  1.6433E+00  1.5820E+00  1.0000E+00  6.3210E-01  0.0000E+00
 9.0000E-01  4.4702E+00  1.6433E+00  1.5820E+00  1.0000E+00  6.3210E-01  0.0000E+00
 9.0037E-01  4.4702E+00  1.6433E+00  1.5820E+00  1.0000E+00  6.3210E-01  0.0000E+00
 9.0074E-01  4.4702E+00  1.6433E+00  1.5820E+00  1.0000E+00  6.3210E-01  0.0000E+00
----------------------------------------------------------------------------------- 
=> electrons
 r           dlntdr_s    dlnndr_s    tem_s       den_s       alpha_s     (null)      
----------------------------------------------------------------------------------- 
 8.9889E-01  8.2629E+00  1.6433E+00  1.0000E+00  1.0000E+00  1.0000E+00  0.0000E+00
 8.9926E-01  8.2629E+00  1.6433E+00  1.0000E+00  1.0000E+00  1.0000E+00  0.0000E+00
 8.9963E-01  8.2629E+00  1.6433E+00  1.0000E+00  1.0000E+00  1.0000E+00  0.0000E+00
 9.0000E-01  8.2629E+00  1.6433E+00  1.0000E+00  1.0000E+00  1.0000E+00  0.0000E+00
 9.0037E-01  8.2629E+00  1.6433E+00  1.0000E+00  1.0000E+00  1.0000E+00  0.0000E+00
 9.0074E-01  8.2629E+00  1.6433E+00  1.0000E+00  1.0000E+00  1.0000E+00  0.0000E+00
----------------------------------------------------------------------------------- 
 => Geometry
 r           q_s         shat_s      kappa_s     s_kappa_s   delta_s     s_delta_s   
----------------------------------------------------------------------------------- 
 8.9889E-01  3.7900E+00  3.5741E+00  1.4176E+00  5.3455E-01  2.6072E-01  8.5980E-01
 8.9926E-01  3.7900E+00  3.5741E+00  1.4176E+00  5.3455E-01  2.6072E-01  8.5980E-01
 8.9963E-01  3.7900E+00  3.5741E+00  1.4176E+00  5.3455E-01  2.6072E-01  8.5980E-01
 9.0000E-01  3.7900E+00  3.5741E+00  1.4176E+00  5.3455E-01  2.6072E-01  8.5980E-01
 9.0037E-01  3.7900E+00  3.5741E+00  1.4176E+00  5.3455E-01  2.6072E-01  8.5980E-01
 9.0074E-01  3.7900E+00  3.5741E+00  1.4176E+00  5.3455E-01  2.6072E-01  8.5980E-01
----------------------------------------------------------------------------------- 
 => Geometry
 r           R/r         drmaj_s     b_unit_s    beta_unit_s rhosda_s    (null)      
----------------------------------------------------------------------------------- 
 8.9889E-01  3.0941E+00 -1.2448E-01  1.0000E+00  2.2906E-04  7.1239E-03  0.0000E+00
 8.9926E-01  3.0941E+00 -1.2448E-01  1.0000E+00  2.2906E-04  7.1239E-03  0.0000E+00
 8.9963E-01  3.0941E+00 -1.2448E-01  1.0000E+00  2.2906E-04  7.1239E-03  0.0000E+00
 9.0000E-01  3.0941E+00 -1.2448E-01  1.0000E+00  2.2906E-04  7.1239E-03  0.0000E+00
 9.0037E-01  3.0941E+00 -1.2448E-01  1.0000E+00  2.2906E-04  7.1239E-03  0.0000E+00
 9.0074E-01  3.0941E+00 -1.2448E-01  1.0000E+00  2.2906E-04  7.1239E-03  0.0000E+00
----------------------------------------------------------------------------------- 
 => Geometry and Flows
 r           r_s         r_e         dr_eodr     q           (null)      (null)      
----------------------------------------------------------------------------------- 
 8.9889E-01  9.0000E-01  8.9889E-01  1.0000E+00  3.7734E+00  0.0000E+00  0.0000E+00
 8.9926E-01  9.0000E-01  8.9926E-01  1.0000E+00  3.7789E+00  0.0000E+00  0.0000E+00
 8.9963E-01  9.0000E-01  8.9963E-01  1.0000E+00  3.7845E+00  0.0000E+00  0.0000E+00
 9.0000E-01  9.0000E-01  9.0000E-01  1.0000E+00  3.7900E+00  0.0000E+00  0.0000E+00
 9.0037E-01  9.0000E-01  9.0037E-01  1.0000E+00  3.7956E+00  0.0000E+00  0.0000E+00
 9.0074E-01  9.0000E-01  9.0074E-01  1.0000E+00  3.8011E+00  0.0000E+00  0.0000E+00
----------------------------------------------------------------------------------- 
 => Geometry and Flows
 r           gamma_e_s   gamma_p_s   mach_s      z_eff_s     nu_s        (null)      
----------------------------------------------------------------------------------- 
 8.9889E-01  0.0000E+00  0.0000E+00  0.0000E+00  1.3112E+00  0.0000E+00  0.0000E+00
 8.9926E-01  0.0000E+00  0.0000E+00  0.0000E+00  1.3112E+00  0.0000E+00  0.0000E+00
 8.9963E-01  0.0000E+00  0.0000E+00  0.0000E+00  1.3112E+00  0.0000E+00  0.0000E+00
 9.0000E-01  0.0000E+00  0.0000E+00  0.0000E+00  1.3112E+00  0.0000E+00  0.0000E+00
 9.0037E-01  0.0000E+00  0.0000E+00  0.0000E+00  1.3112E+00  0.0000E+00  0.0000E+00
 9.0074E-01  0.0000E+00  0.0000E+00  0.0000E+00  1.3112E+00  0.0000E+00  0.0000E+00
----------------------------------------------------------------------------------- 
 => Geometry and Flows
 r           gamma_t_s   gamma_n_s   gamma_eb_s  gamma_HB    w0_s        w0p_s       
----------------------------------------------------------------------------------- 
 8.9889E-01  9.1595E-02  5.3268E-02  0.0000E+00  0.0000E+00  0.0000E+00  0.0000E+00
 8.9926E-01  9.1423E-02  5.3168E-02  0.0000E+00  0.0000E+00  0.0000E+00  0.0000E+00
 8.9963E-01  9.1251E-02  5.3068E-02  0.0000E+00  0.0000E+00  0.0000E+00  0.0000E+00
 9.0000E-01  9.1080E-02  5.2969E-02  0.0000E+00  0.0000E+00  0.0000E+00  0.0000E+00
 9.0037E-01  9.0909E-02  5.2870E-02  0.0000E+00  0.0000E+00  0.0000E+00  0.0000E+00
 9.0074E-01  9.0739E-02  5.2771E-02  0.0000E+00  0.0000E+00  0.0000E+00  0.0000E+00
----------------------------------------------------------------------------------- 
 => Geometry and Flows
 r           (null)      (null)      (null)      zmag_s      V (volume)  dV/dr       
----------------------------------------------------------------------------------- 
 8.9889E-01  0.0000E+00  0.0000E+00  0.0000E+00  0.0000E+00  6.0780E+01  1.5707E+02
 8.9926E-01  0.0000E+00  0.0000E+00  0.0000E+00  0.0000E+00  6.0780E+01  1.5707E+02
 8.9963E-01  0.0000E+00  0.0000E+00  0.0000E+00  0.0000E+00  6.0780E+01  1.5707E+02
 9.0000E-01  0.0000E+00  0.0000E+00  0.0000E+00  0.0000E+00  6.0780E+01  1.5707E+02
 9.0037E-01  0.0000E+00  0.0000E+00  0.0000E+00  0.0000E+00  6.0780E+01  1.5707E+02
 9.0074E-01  0.0000E+00  0.0000E+00  0.0000E+00  0.0000E+00  6.0780E+01  1.5707E+02
