   6
   8
   4
   4
   8
   1
  30
   1
  10
   0
   0
   4
   1
   2
   2
   2
   0
   1
   0
   1
 8.98892645E-01
 8.99261764E-01
 8.99630882E-01
 9.00000000E-01
 9.00369118E-01
 9.00738236E-01
 3.77336731E+00
 3.77892286E+00
 3.78447842E+00
 3.79003398E+00
 3.79558953E+00
 3.80114509E+00
 9.00000000E-01
 9.00000000E-01
 9.00000000E-01
 9.00000000E-01
 9.00000000E-01
 9.00000000E-01
 3.79003398E+00
 3.79003398E+00
 3.79003398E+00
 3.79003398E+00
 3.79003398E+00
 3.79003398E+00
 4.47018464E+00
 8.26291584E+00
 4.47018464E+00
 8.26291584E+00
 4.47018464E+00
 8.26291584E+00
 4.47018464E+00
 8.26291584E+00
 4.47018464E+00
 8.26291584E+00
 4.47018464E+00
 8.26291584E+00
 1.64326238E+00
 1.64326238E+00
 1.64326238E+00
 1.64326238E+00
 1.64326238E+00
 1.64326238E+00
 1.64326238E+00
 1.64326238E+00
 1.64326238E+00
 1.64326238E+00
 1.64326238E+00
 1.64326238E+00
 1.58203802E+00
 1.00000000E+00
 1.58203802E+00
 1.00000000E+00
 1.58203802E+00
 1.00000000E+00
 1.58203802E+00
 1.00000000E+00
 1.58203802E+00
 1.00000000E+00
 1.58203802E+00
 1.00000000E+00
 1.00000000E+00
 1.00000000E+00
 1.00000000E+00
 1.00000000E+00
 1.00000000E+00
 1.00000000E+00
 1.00000000E+00
 1.00000000E+00
 1.00000000E+00
 1.00000000E+00
 1.00000000E+00
 1.00000000E+00
 3.09406014E+00
 3.09406014E+00
 3.09406014E+00
 3.09406014E+00
 3.09406014E+00
 3.09406014E+00
 2.60719746E-01
 2.60719746E-01
 2.60719746E-01
 2.60719746E-01
 2.60719746E-01
 2.60719746E-01
-1.40981200E-02
-1.40981200E-02
-1.40981200E-02
-1.40981200E-02
-1.40981200E-02
-1.40981200E-02
 1.41758856E+00
 1.41758856E+00
 1.41758856E+00
 1.41758856E+00
 1.41758856E+00
 1.41758856E+00
-1.24479525E-01
-1.24479525E-01
-1.24479525E-01
-1.24479525E-01
-1.24479525E-01
-1.24479525E-01
 3.57405686E+00
 3.57405686E+00
 3.57405686E+00
 3.57405686E+00
 3.57405686E+00
 3.57405686E+00
 8.59799893E-01
 8.59799893E-01
 8.59799893E-01
 8.59799893E-01
 8.59799893E-01
 8.59799893E-01
-2.44559272E-02
-2.44559272E-02
-2.44559272E-02
-2.44559272E-02
-2.44559272E-02
-2.44559272E-02
 5.34552745E-01
 5.34552745E-01
 5.34552745E-01
 5.34552745E-01
 5.34552745E-01
 5.34552745E-01
 0.00000000E+00
 0.00000000E+00
 0.00000000E+00
 0.00000000E+00
 0.00000000E+00
 0.00000000E+00
 0.00000000E+00
 0.00000000E+00
 0.00000000E+00
 0.00000000E+00
 0.00000000E+00
 0.00000000E+00
 2.29061400E-04
 2.29061400E-04
 2.29061400E-04
 2.29061400E-04
 2.29061400E-04
 2.29061400E-04
 0.00000000E+00
 0.00000000E+00
 0.00000000E+00
 0.00000000E+00
 0.00000000E+00
 0.00000000E+00
 0.00000000E+00
 0.00000000E+00
 0.00000000E+00
 0.00000000E+00
 0.00000000E+00
 0.00000000E+00
 0.00000000E+00
 0.00000000E+00
 0.00000000E+00
 0.00000000E+00
 0.00000000E+00
 0.00000000E+00
 1.00000000E+00
 1.00000000E+00
 1.00000000E+00
 1.00000000E+00
 1.00000000E+00
 1.00000000E+00
 1.00000000E+00
 1.00000000E+00
 1.00000000E+00
 1.00000000E+00
 1.00000000E+00
 1.00000000E+00
 1.31121135E+00
 1.31121135E+00
 1.31121135E+00
 1.31121135E+00
 1.31121135E+00
 1.31121135E+00
 0.00000000E+00
 0.00000000E+00
 0.00000000E+00
 0.00000000E+00
 0.00000000E+00
 0.00000000E+00
 0.00000000E+00
 0.00000000E+00
 0.00000000E+00
 0.00000000E+00
 0.00000000E+00
 0.00000000E+00
 1.00000000E+00
 1.26250516E-01
 5.56241037E-01
 1.00909107E+00
 1.26099292E+00
 1.34587258E+00
 1.55407907E+00
 1.94738434E+00
 2.39018993E+00
 1.08672455E-01
 3.53152937E-01
 7.00893406E-01
 1.17319641E+00
 1.82319096E+00
 2.77512844E+00
 4.38056394E+00
 6.00000000E+00
 1.30615790E+00
 9.00000000E-01
 7.12394669E-03
 1.00000000E+00
-1.00000000E+00
   1
   2
