 4.9127E-15
-2.1094E-15
 7.0561E-01
-1.0416E+00
-2.8727E-15
 8.4094E-01
 2.9370E-01
 6.2656E-01
 1.6000E+00
 1.8356E-01
 1.7431E-14
 4.9127E-15
-1.0686E-15
 7.0471E-01
-1.0445E+00
-2.8727E-15
 8.4044E-01
 2.9323E-01
 6.2599E-01
 1.6000E+00
 1.8327E-01
 1.7514E-14
 4.9266E-15
-8.6042E-16
 7.0381E-01
-1.0474E+00
-2.8796E-15
 8.3995E-01
 2.9275E-01
 6.2542E-01
 1.6000E+00
 1.8297E-01
 1.7597E-14
 4.9266E-15
-1.8978E-15
 7.0292E-01
-1.0503E+00
-2.8866E-15
 8.3945E-01
 2.9227E-01
 6.2484E-01
 1.6000E+00
 1.8267E-01
 1.7653E-14
