 i    energy(i)    w_energy(i) 
--- ------------  ------------ 
 1  0.1086724547  0.0642644789
 2  0.3531529368  0.1388201408
 3  0.7008934061  0.1895054690
 4  1.1731964060  0.2074366620
 5  1.8231909594  0.1895054690
 6  2.7751284427  0.1388201408
 7  4.3805639357  0.0642644789
 8  6.0000000000  0.0073831605

 k   tau(k)/2pi     s_lambda(k)   lambda(k)   w_lambda(k)
--- ------------  ------------ ------------  -----------
 1  0.8499436923  0.0339616846  0.1528980536  0.0425371696
 2  0.9969296634  0.1614198490  0.6747743987  0.0797470825
 3  1.3285322705  0.3277171596  1.2251950081  0.0797470825
 4  2.0901841044  0.4551753240  1.5267736202  0.0425371696
lambda-TP:                      1.5774175848
 5  2.0065111298  0.5246071682  1.6307878273  0.0444265417
 6  1.1260166257  0.6577266378  1.9857756963  0.0832892062
 7  0.8876284122  0.8314103707  2.6616224171  0.0832892062
 8  0.8046699749  0.9645298404  3.2438915710  0.0444265417
lambda-MAX:                     3.4159070438

 k   tau(k)/2pi     s_lambda(k)   lambda(k)   w_lambda(k)
--- ------------  ------------ ------------  -----------
 1  0.8499436923  0.0339616846  0.1528980536  0.0425371696
 2  0.9969296634  0.1614198490  0.6747743987  0.0797470825
 3  1.3285322705  0.3277171596  1.2251950081  0.0797470825
 4  2.0901841044  0.4551753240  1.5267736202  0.0425371696
lambda-TP:                      1.5774175848
 5  2.0065111298  0.5246071682  1.6307878273  0.0444265417
 6  1.1260166257  0.6577266378  1.9857756963  0.0832892062
 7  0.8876284122  0.8314103707  2.6616224171  0.0832892062
 8  0.8046699749  0.9645298404  3.2438915710  0.0444265417
lambda-MAX:                     3.4159070438
