----------------------------------------------------------------------------------- 
 => ion # 1
 r           dlntdr_s    dlnndr_s    tem_s       den_s       alpha_s     pgamma_s    
----------------------------------------------------------------------------------- 
 6.9558E-01  1.0000E+00  1.0000E+00  1.0000E+00  1.0000E+00  1.0000E+00  0.0000E+00
 6.9779E-01  1.0000E+00  1.0000E+00  1.0000E+00  1.0000E+00  1.0000E+00  0.0000E+00
 7.0000E-01  1.0000E+00  1.0000E+00  1.0000E+00  1.0000E+00  1.0000E+00  0.0000E+00
 7.0221E-01  1.0000E+00  1.0000E+00  1.0000E+00  1.0000E+00  1.0000E+00  0.0000E+00
----------------------------------------------------------------------------------- 
=> electrons
 r           dlntdr_s    dlnndr_s    tem_s       den_s       alpha_s     pgamma_s    
----------------------------------------------------------------------------------- 
 6.9558E-01  1.0000E+00  1.0000E+00  1.0000E+00  1.0000E+00  1.0000E+00  0.0000E+00
 6.9779E-01  1.0000E+00  1.0000E+00  1.0000E+00  1.0000E+00  1.0000E+00  0.0000E+00
 7.0000E-01  1.0000E+00  1.0000E+00  1.0000E+00  1.0000E+00  1.0000E+00  0.0000E+00
 7.0221E-01  1.0000E+00  1.0000E+00  1.0000E+00  1.0000E+00  1.0000E+00  0.0000E+00
----------------------------------------------------------------------------------- 
 => ion # 1
 r           pgamma_s    phi_gamma_s mach_s      (null)      (null)      (null)      
----------------------------------------------------------------------------------- 
 6.9558E-01  0.0000E+00  0.0000E+00  0.0000E+00  0.0000E+00  0.0000E+00  0.0000E+00
 6.9779E-01  0.0000E+00  0.0000E+00  0.0000E+00  0.0000E+00  0.0000E+00  0.0000E+00
 7.0000E-01  0.0000E+00  0.0000E+00  0.0000E+00  0.0000E+00  0.0000E+00  0.0000E+00
 7.0221E-01  0.0000E+00  0.0000E+00  0.0000E+00  0.0000E+00  0.0000E+00  0.0000E+00
----------------------------------------------------------------------------------- 
=> electrons
 r           pgamma_s    phi_gamma_s mach_s      (null)      (null)      (null)      
----------------------------------------------------------------------------------- 
 6.9558E-01  0.0000E+00  0.0000E+00  0.0000E+00  0.0000E+00  0.0000E+00  0.0000E+00
 6.9779E-01  0.0000E+00  0.0000E+00  0.0000E+00  0.0000E+00  0.0000E+00  0.0000E+00
 7.0000E-01  0.0000E+00  0.0000E+00  0.0000E+00  0.0000E+00  0.0000E+00  0.0000E+00
 7.0221E-01  0.0000E+00  0.0000E+00  0.0000E+00  0.0000E+00  0.0000E+00  0.0000E+00
----------------------------------------------------------------------------------- 
 => Geometry
 r           q_s         shat_s      kappa_s     s_kappa_s   delta_s     s_delta_s   
----------------------------------------------------------------------------------- 
 6.9558E-01  3.0000E+00  8.8000E-01  2.4000E+00 -1.2000E-01  3.1000E-01  2.3000E-01
 6.9779E-01  3.0000E+00  8.8000E-01  2.4000E+00 -1.2000E-01  3.1000E-01  2.3000E-01
 7.0000E-01  3.0000E+00  8.8000E-01  2.4000E+00 -1.2000E-01  3.1000E-01  2.3000E-01
 7.0221E-01  3.0000E+00  8.8000E-01  2.4000E+00 -1.2000E-01  3.1000E-01  2.3000E-01
----------------------------------------------------------------------------------- 
 => Geometry
 r           R/r         drmaj_s     b_unit_s    beta_unit_s rhosda_s    (null)      
----------------------------------------------------------------------------------- 
 6.9558E-01  2.3571E+00 -3.7500E-01  1.0000E+00  3.4000E-02  1.9444E-03  0.0000E+00
 6.9779E-01  2.3571E+00 -3.7500E-01  1.0000E+00  3.4000E-02  1.9444E-03  0.0000E+00
 7.0000E-01  2.3571E+00 -3.7500E-01  1.0000E+00  3.4000E-02  1.9444E-03  0.0000E+00
 7.0221E-01  2.3571E+00 -3.7500E-01  1.0000E+00  3.4000E-02  1.9444E-03  0.0000E+00
----------------------------------------------------------------------------------- 
 => Geometry and Flows
 r           r_s         r_e         dr_eodr     q           (null)      (null)      
----------------------------------------------------------------------------------- 
 6.9558E-01  7.0000E-01  6.9558E-01  1.0000E+00  2.9833E+00  0.0000E+00  0.0000E+00
 6.9779E-01  7.0000E-01  6.9779E-01  1.0000E+00  2.9917E+00  0.0000E+00  0.0000E+00
 7.0000E-01  7.0000E-01  7.0000E-01  1.0000E+00  3.0000E+00  0.0000E+00  0.0000E+00
 7.0221E-01  7.0000E-01  7.0221E-01  1.0000E+00  3.0083E+00  0.0000E+00  0.0000E+00
----------------------------------------------------------------------------------- 
 => Geometry and Flows
 r           pow_e_s     pow_i_s     pow_ei_s    z_eff_s     nu_s        (null)      
----------------------------------------------------------------------------------- 
 6.9558E-01  0.0000E+00  0.0000E+00  0.0000E+00  1.0000E+00  0.0000E+00  0.0000E+00
 6.9779E-01  0.0000E+00  0.0000E+00  0.0000E+00  1.0000E+00  0.0000E+00  0.0000E+00
 7.0000E-01  0.0000E+00  0.0000E+00  0.0000E+00  1.0000E+00  0.0000E+00  0.0000E+00
 7.0221E-01  0.0000E+00  0.0000E+00  0.0000E+00  1.0000E+00  0.0000E+00  0.0000E+00
----------------------------------------------------------------------------------- 
 => Geometry and Flows
 r           gamma_t_s   gamma_n_s   gamma_eb_s  gamma_HB    w0_s        w0p_s       
----------------------------------------------------------------------------------- 
 6.9558E-01 -3.3732E-04 -3.3732E-04  0.0000E+00  0.0000E+00  0.0000E+00  0.0000E+00
 6.9779E-01 -3.3532E-04 -3.3532E-04  0.0000E+00  0.0000E+00  0.0000E+00  0.0000E+00
 7.0000E-01 -3.3334E-04 -3.3334E-04  0.0000E+00  0.0000E+00  0.0000E+00  0.0000E+00
 7.0221E-01 -3.3136E-04 -3.3136E-04  0.0000E+00  0.0000E+00  0.0000E+00  0.0000E+00
----------------------------------------------------------------------------------- 
 => Geometry and Flows
 r           phi0_neo_s  phi0_er_s   egamma_neo_szmag_s      V (volume)  dV/dr       
----------------------------------------------------------------------------------- 
 6.9558E-01  0.0000E+00  0.0000E+00  0.0000E+00  0.0000E+00  3.6590E+01  8.5601E+01
 6.9779E-01  0.0000E+00  0.0000E+00  0.0000E+00  0.0000E+00  3.6590E+01  8.5601E+01
 7.0000E-01  0.0000E+00  0.0000E+00  0.0000E+00  0.0000E+00  3.6590E+01  8.5601E+01
 7.0221E-01  0.0000E+00  0.0000E+00  0.0000E+00  0.0000E+00  3.6590E+01  8.5601E+01
