 gyro_alloc_distrib:

  0.234 MB   omega_d1
  0.234 MB   omega_dr
  0.234 MB   omega_star_v
  0.001 MB   omega_star_t
  0.001 MB   omega_star_n
  0.006 MB   v_theta
  0.006 MB   v_theta
  0.234 MB   v_tor_z
  0.234 MB   v_tor_y
  0.117 MB   v_tor_dr_y
  0.000 MB   mu_root
  0.234 MB   v_para
  0.000 MB   nek_n
  0.000 MB   nek_e
  0.000 MB   nek_k
  0.000 MB   ine_i
  0.000 MB   ine_n
  0.000 MB   ine_e
  0.773 MB   cs_blend
  0.773 MB   c_blend
  0.773 MB   cs_blend_prime
  1.406 MB   o_f
  1.406 MB   o_fv
  4.688 MB   o_advect
  0.053 MB   imp
  1.418 MB   w_gyro
  0.002 MB   z_gyro
  1.418 MB   w_gyro_rot

 gyro_alloc_big:

  0.001 MB   c0_phi
  0.001 MB   c0_a
  0.001 MB   c0_aperp
  0.001 MB   c0_phi_dot
  0.001 MB   c0_a_dot
  0.001 MB   c0_phi_old
  0.001 MB   c0_a_old
  0.000 MB   phi_squared
  0.000 MB   g_squared
  0.000 MB   phi_fluxave
  0.000 MB   a_fluxave
  0.000 MB   aperp_fluxave
  0.469 MB   h_err
  0.469 MB   h
  0.469 MB   h_old
  0.469 MB   h_0
  0.469 MB   RHS
  0.234 MB   RHS_dr
  0.234 MB   RHS_dt
  0.469 MB   f_store
  0.469 MB   p_store
  0.469 MB   h_M
  0.469 MB   gyro_h
  0.234 MB   phi_tau
  0.234 MB   a_tau
  0.938 MB   gyro_uv
  0.938 MB   gyro_uv_old
  0.938 MB   gyro_uv_dot
  0.469 MB   gyro_u
  0.469 MB   gyro_u_M
  0.004 MB   phi
  0.004 MB   phi_old
  0.001 MB   vel_sum_p
  0.001 MB   vel_sum_a
  0.001 MB   vel_sum_aperp
  0.013 MB   phi_plot
  0.026 MB   moments_plot
  0.000 MB   moments_zero_plot
  0.000 MB   kxkyspec
  0.001 MB   nonlinear_flux_passing
  0.001 MB   nonlinear_flux_trapped
  0.001 MB   diff_i
  0.001 MB   diff_i_trapped
  0.000 MB   diff
  0.000 MB   diff_trapped
  0.000 MB   diff_n
  0.001 MB   gbflux_i
  0.001 MB   gbflux_i_trapped
  0.000 MB   gbflux
  0.000 MB   gbflux_trapped
  0.000 MB   gbflux_n
  0.001 MB   diff_neo_i
  0.000 MB   diff_neo
  0.001 MB   neo_flux_current
  0.000 MB   diff_i_ch
  0.000 MB   Tr_p
  0.000 MB   Eng_p
  0.000 MB   time_error
  0.000 MB   entropy
  0.000 MB   w_time
  0.001 MB   h0_eq
  0.001 MB   h0_mod
  0.000 MB   h0_n
  0.000 MB   h0_e
  0.000 MB   source_n
  0.000 MB   source_e

 gyro_alloc_orbit:

  0.015 MB   theta_t
  0.015 MB   tau
  0.001 MB   m_cyc
  0.044 MB   p_cyc
  0.000 MB   m_phys
  0.000 MB   p_phys
  0.001 MB   omega
  0.000 MB   m_map
  0.000 MB   theta_int
  0.000 MB   theta_plot
  0.000 MB   theta_r0_plot
  0.015 MB   b0_t
  0.015 MB   _tg_theta
  0.015 MB   grad_r_t
  0.015 MB   qrat_t
  0.015 MB   cos_t
  0.015 MB   cos_p_t
  0.015 MB   captheta_t
  0.015 MB   sin_t
  0.015 MB   bt_t
  0.015 MB   bp_t
  0.015 MB   bigr_t
  0.002 MB   b0_plot
  0.002 MB   g_theta_plot
  0.001 MB   c_fluxav
  0.013 MB   ff_mm
  0.001 MB   ff_mm_piv
  0.026 MB   ff2_mm
  0.001 MB   ff2_mm_piv
  0.026 MB   blend_plo
  0.026 MB   blend_prime_plot
  0.000 MB   blend_r0_plot
  0.007 MB   coll_vel

 Sparse field arrays (no alloc block):

  0.168 MB   m_poisson
  0.057 MB   indx_poisson
  0.119 MB   m_ampere
  0.040 MB   indx_ampere
  0.326 MB   m_maxwell
  0.110 MB   indx_maxwell
 ---------------------
 24.392 MB
