 0.0000E+00  0.0000E+00
 3.0657E-03  3.1991E-02
 3.1710E-03  2.8780E-02
 2.2847E-03  2.6134E-02
 2.2104E-03  2.6616E-02
 1.9002E-03  2.6393E-02
 1.5274E-03  2.4729E-02
 1.2615E-03  2.2150E-02
 1.0914E-03  1.9503E-02
 1.3302E-03  1.9713E-02
 1.2707E-03  1.9121E-02
 1.3617E-03  2.0839E-02
 1.3048E-03  2.1810E-02
 1.4048E-03  2.3461E-02
 1.4516E-03  2.4156E-02
 1.4022E-03  2.3173E-02
 1.3574E-03  2.2013E-02
 1.5927E-03  2.2588E-02
 1.6561E-03  2.3286E-02
 1.4773E-03  2.3270E-02
 1.1780E-03  2.3657E-02
 1.1102E-03  2.4518E-02
 1.3040E-03  2.5172E-02
 1.3355E-03  2.4389E-02
 1.1750E-03  2.2427E-02
 1.1019E-03  2.2174E-02
 1.2459E-03  2.2543E-02
 1.3777E-03  2.2449E-02
 1.2997E-03  2.2093E-02
 1.1218E-03  2.2029E-02
 1.1510E-03  2.2071E-02
 1.2510E-03  2.1960E-02
 1.3260E-03  2.1852E-02
 1.4020E-03  2.1904E-02
 1.5380E-03  2.2112E-02
 1.7074E-03  2.2366E-02
 1.8441E-03  2.2605E-02
 1.9324E-03  2.2794E-02
 1.9938E-03  2.2933E-02
 2.0479E-03  2.3031E-02
 2.0876E-03  2.3089E-02
 2.1127E-03  2.3122E-02
 2.1279E-03  2.3141E-02
 2.1389E-03  2.3152E-02
 2.1465E-03  2.3158E-02
 2.1514E-03  2.3162E-02
 2.1544E-03  2.3166E-02
 2.1566E-03  2.3169E-02
 2.1583E-03  2.3172E-02
 2.1596E-03  2.3174E-02
 2.1604E-03  2.3175E-02
 2.1610E-03  2.3177E-02
 2.1614E-03  2.3178E-02
 2.1617E-03  2.3178E-02
 2.1619E-03  2.3179E-02
 2.1621E-03  2.3180E-02
 2.1622E-03  2.3180E-02
 2.1623E-03  2.3180E-02
 2.1623E-03  2.3180E-02
 2.1624E-03  2.3181E-02
 2.1624E-03  2.3181E-02
