-2.68665298E-17 -1.55366171E-17  3.21852407E-30 -5.76980102E-29 -4.29777741E-17 -2.30935063E-17 -4.76963826E-30 -3.78014572E-29  6.72772732E-05 -4.66352501E-21  1.65696146E-21  4.15609790E-25  0.00000000E+00  0.00000000E+00  0.00000000E+00  0.00000000E+00
 6.53487316E-01  6.87207638E-01 -5.72476209E-03  5.11952293E-03  1.20064895E+00  1.83222142E+00 -1.12062105E-02  8.33021684E-01 -1.17227241E-03  4.07852643E-05 -3.91967801E-03  2.40382856E-03  1.54769094E+00  4.57455571E-01 -1.09919412E-02 -1.39678592E+00
 6.19293121E-01  6.52146852E-01 -1.25176768E-02 -2.22822699E-02  1.77975162E+00  2.97698028E+00 -1.73530900E-02  1.12720353E-01 -9.12177511E-04  2.49587556E-08 -3.83772301E-03 -8.37964072E-03 -1.50527639E+00  2.04219207E+00  1.78477793E-02  4.62995932E-01
 3.51188976E-01  3.90082496E-01 -1.15544726E-02  4.14484424E-03  1.62014952E+00  2.05610303E+00 -1.73059083E-02  2.62617965E-01 -8.81247591E-03  6.50265467E-05 -3.83715264E-03  6.42458931E-04  3.64271672E-01  1.35868834E+00  1.24728973E-02 -4.23974328E-01
 1.13296152E-01  1.61397900E-01 -1.75967359E-02 -9.19971239E-03  1.53334687E+00  1.95475980E+00 -2.38662632E-02  8.44838928E-01 -1.08755534E-02  1.34629450E-04 -1.05355487E-02 -8.76371447E-04 -6.36487296E-01 -9.55370179E-01  2.42433505E-02 -5.73108179E-01
-2.24467270E-01 -1.93177738E-01 -2.29190466E-02 -1.41946806E-02  7.64683533E-01  1.41405891E+00 -3.69020574E-02  1.11031928E+00 -8.70538432E-04  1.43926944E-04 -8.51390048E-03 -1.39738520E-03 -1.60611418E-01  1.34570595E-01  3.53565851E-02  7.32665945E-01
-4.52768541E-01 -4.57491130E-01 -1.45026060E-02 -5.77372989E-03  9.22716276E-02  6.86511312E-01 -2.65079528E-02  1.13064860E+00  3.19494382E-03  8.93919733E-05 -4.26442393E-03  7.02276417E-04  5.80816307E-01  1.24001344E+00  4.58736599E-02  4.79886696E-01
-5.34049790E-01 -5.42709046E-01 -6.78102058E-03  4.89976971E-03  1.50390216E-01  3.39291780E-01 -1.44566594E-02  1.02822883E+00  7.49014916E-03  2.02734279E-05 -6.19008412E-05 -4.63097581E-05  4.75610682E-01  3.84339055E-01  1.62995699E-02  9.58059103E-02
-6.04865039E-01 -6.22033060E-01 -5.73019919E-03  2.02909688E-02  6.14450009E-01  2.43586161E-01 -1.13678674E-02  1.30766418E+00  6.61558495E-03 -2.72113283E-05  1.44913217E-03 -9.18153915E-04 -7.20795468E-02 -9.00160919E-01 -1.62842068E-03 -1.25006284E-01
-4.86435734E-01 -5.07637749E-01 -1.41597953E-02  3.40383385E-02  1.09077658E+00  7.35325021E-01 -2.75060567E-02  3.17787106E+00  9.47822113E-03 -2.23565684E-05  1.43860862E-03  7.78295883E-04 -8.85433345E-01 -1.29047302E+00  1.81147352E-02 -1.70715527E-01
 6.13505117E-01  6.30675969E-01 -3.26550834E-02  1.03028556E-02  7.78663410E-01  2.74554754E+00 -6.29772410E-02  4.46542740E+00 -5.25410795E-03  5.81358727E-05  9.13884272E-04  5.33964909E-03  2.12332574E-01  3.37290132E+00  3.60711906E-02 -1.18045347E+00
 6.09103041E-01  6.37227936E-01 -2.14706690E-02  5.94411287E-03  5.13310388E-01  2.95155415E+00 -3.72679424E-02  2.98859524E+00 -5.43264156E-03  3.29483745E-05 -6.43443196E-04 -1.77654185E-04 -4.31005603E-02  2.87681463E+00  1.40800261E-02 -1.08363321E+00
 4.71271471E-01  5.02711476E-01 -1.06876138E-02  2.32867618E-02  6.99884507E-01  2.81151133E+00 -8.67033024E-03  2.50822901E+00 -5.92606044E-03  3.83306293E-06 -8.97766663E-04 -4.18534429E-03  5.14533704E-02  7.56403067E-01  1.74848605E-02 -7.89859409E-01
 3.89091750E-01  4.26982370E-01 -4.92489986E-03  4.07608853E-02  9.73764816E-01  2.94492902E+00  1.24283944E-02  3.00647389E+00 -8.62673039E-03 -3.36431355E-05 -2.23868221E-03 -5.61840075E-03 -3.72881220E-01 -6.74822172E-01  1.54837518E-02 -1.62534913E-01
 2.70140984E-01  3.07364112E-01 -4.03375671E-04  5.94813235E-02  8.87992179E-01  3.00250405E+00  2.19414863E-02  4.55437355E+00 -5.94827589E-03 -6.11467257E-05  7.02470497E-04 -2.42376793E-03  1.44981544E-02 -7.13354365E-01  4.09850430E-02  6.16092599E-01
 1.44278057E-01  1.61202470E-01 -1.73525812E-03  5.31175200E-02  4.39029987E-01  2.44930258E+00 -3.12073364E-03  5.18812057E+00  1.57399821E-03  6.44707316E-06  6.63732827E-03  6.71447280E-03  7.06094156E-01  7.00542278E-01  4.91892671E-02  8.94280645E-02
 1.10812810E-01  1.14762965E-01 -3.60888864E-03  5.11670548E-02  4.11312420E-01  1.93734667E+00 -1.19581964E-02  4.97509032E+00  4.75482216E-03 -2.82569413E-06  9.70853248E-03  2.69745178E-03  4.83952974E-01  6.52384202E-01  2.67731714E-02 -4.32433945E-01
 1.52646299E-01  1.58497227E-01 -3.42375234E-03  5.68049596E-02  6.93369302E-01  1.75390710E+00 -6.38371535E-03  5.36015930E+00  6.12130358E-03 -7.32329906E-05  1.17730191E-02 -1.43246371E-03  2.90867969E-01  6.75586895E-01  1.03841648E-02 -5.46068101E-01
 1.59378379E-01  1.80265634E-01 -6.52331120E-03  3.45157518E-02  8.36029149E-01  1.80899256E+00 -9.12618423E-03  4.93345095E+00  1.21479895E-02 -8.01811819E-06  6.73369656E-03  3.88389015E-03  7.01797095E-01  1.18255241E+00 -1.28724362E-03 -4.93246515E-01
 7.98190961E-02  1.15182219E-01 -7.97070033E-03  1.68364151E-02  7.71162740E-01  2.20342443E+00 -1.35921492E-02  4.18846141E+00  1.14642815E-02  8.89763053E-05 -1.49398629E-03  5.24355247E-03  6.91831736E-01  1.11282123E+00  9.87355794E-04 -7.01910848E-01
-7.34354270E-03  3.60352925E-02 -5.81614213E-03  2.09289152E-02  7.47140669E-01  2.61396296E+00 -8.35034315E-03  4.13012421E+00  7.75795810E-03 -2.76328937E-05 -5.36415600E-03 -5.68407219E-03  2.59385003E-01  6.04642102E-01  2.92705545E-03 -8.46298527E-01
-8.33342134E-02 -3.89791978E-02  4.79950238E-04  4.01378588E-02  6.99741489E-01  2.94871422E+00  9.73954750E-03  4.84454557E+00  8.70400772E-03 -3.82863950E-04 -1.12232658E-04 -1.92989017E-02 -2.40669965E-01  4.63674587E-01  9.82772606E-03 -6.56052654E-01
-1.34315263E-01 -1.02920174E-01  6.99556862E-03  5.10291697E-02  4.32745601E-01  2.93309291E+00  2.56212014E-02  5.35082106E+00  2.20161550E-02 -5.77180622E-04  1.36090389E-02 -1.04709196E-02 -2.99040381E-01  1.33074643E+00  2.01612334E-02 -1.87299973E-01
-1.35318449E-01 -1.23327449E-01  7.56675922E-03  4.17192309E-02  1.85820185E-01  2.59710679E+00  2.16353477E-02  4.58720499E+00  2.67380414E-02 -2.80708486E-04  2.02058287E-02  8.91425648E-03  6.28585699E-02  1.94339992E+00  2.56913088E-02 -1.83265041E-01
-1.05727291E-01 -1.00236347E-01  5.73836005E-03  3.73475877E-02  2.47215718E-01  2.52958875E+00  1.50526291E-02  3.97721317E+00  1.49603223E-02 -2.19084142E-04  2.18541154E-02  3.08405826E-04  1.57068937E-01  1.42123344E+00  2.11038995E-02 -4.94564165E-01
-5.71006599E-02 -5.14806821E-02  5.66317947E-03  4.39658175E-02  3.77845818E-01  2.75630927E+00  1.73827510E-02  4.18044326E+00  4.79673014E-03 -6.37241001E-04  3.17741879E-02 -2.26515274E-02  1.28874531E-02  9.35402913E-01  1.51948571E-02 -6.47893525E-01
 2.91192663E-02  3.63948053E-02  5.88355393E-03  4.84518551E-02  4.01590222E-01  3.01984456E+00  2.19341850E-02  4.61797944E+00  8.54697334E-03 -1.12042774E-03  4.91827583E-02 -3.10320209E-02  5.40196556E-02  1.17290935E+00  1.23705296E-02 -5.78461560E-01
 8.53617556E-02  9.47653430E-02  4.56023877E-03  4.08944504E-02  3.36019446E-01  2.98031232E+00  1.93120357E-02  4.38223274E+00  1.00942936E-02 -1.15363192E-03  5.99735575E-02 -2.42001960E-02  2.99192852E-01  1.63405136E+00  1.15603425E-02 -5.07593213E-01
 6.83285248E-02  7.95443202E-02  3.86120321E-03  3.47771477E-02  3.46172276E-01  2.81956044E+00  1.63634152E-02  3.94535351E+00 -3.22112348E-03 -1.25815826E-03  7.06343832E-02 -3.49677568E-02  3.48331817E-01  1.44138613E+00  1.11042529E-02 -5.53742008E-01
 3.00013796E-02  4.18837560E-02  5.19505864E-03  3.74712612E-02  4.13186637E-01  2.80182768E+00  1.98216903E-02  4.04098406E+00 -1.30903026E-02 -1.84812414E-03  1.01146606E-01 -5.57858466E-02  1.94800263E-01  1.00092569E+00  1.16708616E-02 -5.89782378E-01
 6.90579984E-03  1.71775349E-02  7.78259890E-03  4.41148845E-02  4.36857749E-01  2.91697814E+00  2.75012143E-02  4.73856341E+00 -2.65800306E-03 -2.50852116E-03  1.54346527E-01 -5.54932077E-02  6.18110460E-02  9.00935518E-01  1.58783903E-02 -5.69078634E-01
 1.02041463E-02  1.69385642E-02  9.61156194E-03  4.50737632E-02  3.67239802E-01  3.02067899E+00  3.27676031E-02  5.58242340E+00  1.78136884E-02 -2.53029736E-03  1.99891995E-01 -3.14006427E-02  9.92121861E-02  1.30699110E+00  2.31834393E-02 -5.91345550E-01
 2.25880006E-02  2.67760799E-02  9.94706869E-03  3.98632021E-02  2.98396578E-01  3.04299928E+00  3.39254986E-02  6.08642886E+00  2.08646523E-02 -2.29092929E-03  2.08271068E-01 -3.31719493E-02  1.96965245E-01  1.68047907E+00  2.87750911E-02 -7.32046944E-01
 2.67534915E-02  3.04478160E-02  1.06423791E-02  3.59496461E-02  3.00888974E-01  3.08321885E+00  3.72577598E-02  6.50785465E+00  2.05531042E-02 -2.58415923E-03  2.03891340E-01 -6.13608722E-02  2.09228616E-01  1.77244933E+00  3.17435452E-02 -8.94214633E-01
 2.53572469E-02  2.91392638E-02  1.23179816E-02  3.35628932E-02  3.17115890E-01  3.17996647E+00  4.41403748E-02  7.10339126E+00  3.84397197E-02 -2.87829936E-03  2.00551515E-01 -6.53514668E-02  1.95033016E-01  1.88654485E+00  3.52805475E-02 -1.00036364E+00
 2.12196627E-02  2.47342824E-02  1.39414744E-02  2.98227985E-02  3.05412621E-01  3.26375746E+00  5.04343648E-02  7.63613728E+00  5.61196541E-02 -2.55097779E-03  1.84689214E-01 -4.32534613E-02  2.15654197E-01  2.12667637E+00  3.97522810E-02 -1.06792799E+00
 1.25919691E-02  1.55360729E-02  1.49140511E-02  2.57574201E-02  2.84036370E-01  3.29339117E+00  5.39961872E-02  7.91399792E+00  5.13857805E-02 -2.05004885E-03  1.57832673E-01 -3.34048108E-02  2.39081313E-01  2.32730689E+00  4.32589281E-02 -1.12711532E+00
 2.25801846E-03  4.45186604E-03  1.56674385E-02  2.30393353E-02  2.74243021E-01  3.30251212E+00  5.66323600E-02  8.07557271E+00  3.92905483E-02 -1.81665097E-03  1.34281398E-01 -3.61360349E-02  2.32350083E-01  2.42344848E+00  4.56542794E-02 -1.17660214E+00
-5.59987666E-03 -4.26763872E-03  1.64036655E-02  2.14973864E-02  2.69705544E-01  3.31644079E+00  5.92434367E-02  8.24045050E+00  3.53848975E-02 -1.57621672E-03  1.14334938E-01 -2.85433856E-02  2.18605900E-01  2.49185970E+00  4.76475596E-02 -1.21006810E+00
-1.00040017E-02 -9.43410148E-03  1.69292335E-02  2.02691446E-02  2.63359447E-01  3.32889752E+00  6.11542240E-02  8.37402796E+00  3.27899480E-02 -1.17058634E-03  9.25279929E-02 -1.48422733E-02  2.15622819E-01  2.56234255E+00  4.92346219E-02 -1.23200783E+00
-1.22728623E-02 -1.22042945E-02  1.71871102E-02  1.92409565E-02  2.57559361E-01  3.33397162E+00  6.21358286E-02  8.44387211E+00  2.40326136E-02 -8.38175418E-04  7.13321114E-02 -1.06276302E-02  2.19269152E-01  2.61234205E+00  5.02265215E-02 -1.24781779E+00
-1.36687051E-02 -1.38795883E-02  1.73231554E-02  1.85694999E-02  2.54769044E-01  3.33616174E+00  6.26837876E-02  8.47837908E+00  1.44684439E-02 -7.03234269E-04  5.56752764E-02 -1.35048652E-02  2.20473536E-01  2.63647348E+00  5.07621558E-02 -1.25949602E+00
-1.45703653E-02 -1.49490484E-02  1.74371453E-02  1.81995773E-02  2.53728561E-01  3.33887405E+00  6.31381213E-02  8.50575510E+00  9.48655457E-03 -6.20969070E-04  4.51227300E-02 -1.29116846E-02  2.19651243E-01  2.64946156E+00  5.11122484E-02 -1.26691036E+00
-1.51023933E-02 -1.55985436E-02  1.75271158E-02  1.79639450E-02  2.52856811E-01  3.34124361E+00  6.34878187E-02  8.52815703E+00  7.09338782E-03 -4.87554041E-04  3.67000542E-02 -8.39289780E-03  2.19382321E-01  2.66018300E+00  5.13788065E-02 -1.27105268E+00
-1.54429493E-02 -1.60198896E-02  1.75814799E-02  1.77912263E-02  2.51999199E-01  3.34236326E+00  6.36963248E-02  8.54218871E+00  4.26262601E-03 -3.53921545E-04  2.93947551E-02 -5.35809508E-03  2.19775165E-01  2.66814329E+00  5.15636626E-02 -1.27364855E+00
-1.56961512E-02 -1.63250429E-02  1.76139943E-02  1.76790625E-02  2.51459802E-01  3.34286061E+00  6.38200305E-02  8.55079748E+00  1.66822998E-03 -2.70625046E-04  2.35393803E-02 -4.65358961E-03  2.19909816E-01  2.67259630E+00  5.16816230E-02 -1.27564852E+00
-1.58620854E-02 -1.65249274E-02  1.76384548E-02  1.76146793E-02  2.51196734E-01  3.34339739E+00  6.39127735E-02  8.55773620E+00  6.24447087E-04 -2.12908849E-04  1.88449368E-02 -3.75054441E-03  2.19743362E-01  2.67519477E+00  5.17639958E-02 -1.27714759E+00
-1.59439548E-02 -1.66298699E-02  1.76566316E-02  1.75740651E-02  2.51015152E-01  3.34394527E+00  6.39822476E-02  8.56351871E+00  5.17486073E-04 -1.52631552E-04  1.46874147E-02 -2.16675778E-03  2.19643199E-01  2.67728335E+00  5.18257744E-02 -1.27816594E+00
-1.59806662E-02 -1.66811536E-02  1.76677296E-02  1.75443748E-02  2.50854022E-01  3.34430940E+00  6.40256267E-02  8.56754400E+00  2.57353217E-04 -1.00385011E-04  1.10346673E-02 -1.19095600E-03  2.19686987E-01  2.67890679E+00  5.18683281E-02 -1.27886175E+00
-1.60046929E-02 -1.67131226E-02  1.76741395E-02  1.75238796E-02  2.50743471E-01  3.34451757E+00  6.40513790E-02  8.57011936E+00 -1.54007926E-04 -6.91525052E-05  8.17485653E-03 -1.03288003E-03  2.19732844E-01  2.67990312E+00  5.18950772E-02 -1.27936796E+00
-1.60237340E-02 -1.67359944E-02  1.76785101E-02  1.75113677E-02  2.50684769E-01  3.34467478E+00  6.40690816E-02  8.57195153E+00 -3.00099116E-04 -5.01581551E-05  6.08416001E-03 -8.72023636E-04  2.19731938E-01  2.68047841E+00  5.19125703E-02 -1.27972876E+00
-1.60371890E-02 -1.67512537E-02  1.76816166E-02  1.75035015E-02  2.50647814E-01  3.34480710E+00  6.40816767E-02  8.57335349E+00 -2.50590028E-04 -3.18587884E-05  4.47836908E-03 -4.32143442E-04  2.19719962E-01  2.68088633E+00  5.19250915E-02 -1.27997080E+00
-1.60473385E-02 -1.67622553E-02  1.76835271E-02  1.74979920E-02  2.50614780E-01  3.34489844E+00  6.40895600E-02  8.57436468E+00 -2.89944978E-04 -1.52653811E-05  3.19257648E-03 -9.71537412E-05  2.19716287E-01  2.68119460E+00  5.19339158E-02 -1.28013699E+00
-1.60563885E-02 -1.67716222E-02  1.76846384E-02  1.74942672E-02  2.50586375E-01  3.34495610E+00  6.40942727E-02  8.57507200E+00 -4.31484086E-04 -4.92081474E-06  2.21792796E-03 -3.76563702E-05  2.19709833E-01  2.68139738E+00  5.19397703E-02 -1.28026122E+00
-1.60638707E-02 -1.67791101E-02  1.76853656E-02  1.74920200E-02  2.50565308E-01  3.34499969E+00  6.40973977E-02  8.57560031E+00 -5.33174583E-04  4.66894391E-07  1.52502042E-03 -5.47645954E-05  2.19696731E-01  2.68152508E+00  5.19437505E-02 -1.28035534E+00
-1.60691811E-02 -1.67842838E-02  1.76858267E-02  1.74906362E-02  2.50549414E-01  3.34503623E+00  6.40994346E-02  8.57601215E+00 -5.76300071E-04  4.41121349E-06  1.02910970E-03 -2.01078419E-05  2.19683990E-01  2.68161744E+00  5.19466084E-02 -1.28042428E+00
-1.60730342E-02 -1.67879450E-02  1.76860444E-02  1.74896776E-02  2.50535919E-01  3.34506394E+00  6.41005097E-02  8.57632400E+00 -6.30388448E-04  7.48406495E-06  6.72168284E-04 -1.83399905E-06  2.19674630E-01  2.68168707E+00  5.19486026E-02 -1.28047557E+00
-1.60762256E-02 -1.67909140E-02  1.76861140E-02  1.74890317E-02  2.50524283E-01  3.34508414E+00  6.41009855E-02  8.57655809E+00 -7.05392229E-04  8.81109740E-06  4.37581491E-04 -4.62642877E-05  2.19666388E-01  2.68173453E+00  5.19499082E-02 -1.28051579E+00
-1.60788576E-02 -1.67933063E-02  1.76861250E-02  1.74886414E-02  2.50514761E-01  3.34510048E+00  6.41011953E-02  8.57674146E+00 -7.60029759E-04  8.83696120E-06  3.03402359E-04 -1.01096404E-04  2.19658170E-01  2.68176639E+00  5.19507712E-02 -1.28054746E+00
-1.60808943E-02 -1.67951094E-02  1.76860985E-02  1.74883927E-02  2.50507014E-01  3.34511425E+00  6.41012275E-02  8.57688811E+00 -7.83225895E-04  8.67922669E-06  2.30653886E-04 -1.26479489E-04  2.19651065E-01  2.68179064E+00  5.19513719E-02 -1.28057181E+00
-1.60825519E-02 -1.67965621E-02  1.76860377E-02  1.74882073E-02  2.50500441E-01  3.34512518E+00  6.41011033E-02  8.57700345E+00 -7.96351442E-04  8.58671606E-06  1.90343145E-04 -1.43355695E-04  2.19645298E-01  2.68180961E+00  5.19517785E-02 -1.28059090E+00
