 6.1261E+00
-1.2246E-16
-1.0000E+00
 0.0000E+00
-1.2246E-16
-1.0000E+00
 1.1940E+00
 1.0000E+00
 1.0000E+00
 1.0000E+00
-3.1416E+00
 5.6156E+00
-2.5882E-01
-9.6593E-01
 0.0000E+00
-2.5882E-01
-9.6593E-01
 1.1862E+00
 1.0000E+00
 1.0000E+00
 1.0000E+00
-2.8798E+00
 5.1051E+00
-5.0000E-01
-8.6603E-01
 0.0000E+00
-5.0000E-01
-8.6603E-01
 1.1638E+00
 1.0000E+00
 1.0000E+00
 1.0000E+00
-2.6180E+00
 4.5946E+00
-7.0711E-01
-7.0711E-01
 0.0000E+00
-7.0711E-01
-7.0711E-01
 1.1298E+00
 1.0000E+00
 1.0000E+00
 1.0000E+00
-2.3562E+00
 4.0841E+00
-8.6603E-01
-5.0000E-01
 0.0000E+00
-8.6603E-01
-5.0000E-01
 1.0884E+00
 1.0000E+00
 1.0000E+00
 1.0000E+00
-2.0944E+00
 3.5736E+00
-9.6593E-01
-2.5882E-01
 0.0000E+00
-9.6593E-01
-2.5882E-01
 1.0439E+00
 1.0000E+00
 1.0000E+00
 1.0000E+00
-1.8326E+00
 3.0631E+00
-1.0000E+00
 6.1232E-17
 0.0000E+00
-1.0000E+00
 6.1232E-17
 1.0000E+00
 1.0000E+00
 1.0000E+00
 1.0000E+00
-1.5708E+00
 2.5525E+00
-9.6593E-01
 2.5882E-01
 0.0000E+00
-9.6593E-01
 2.5882E-01
 9.5964E-01
 1.0000E+00
 1.0000E+00
 1.0000E+00
-1.3090E+00
 2.0420E+00
-8.6603E-01
 5.0000E-01
 0.0000E+00
-8.6603E-01
 5.0000E-01
 9.2486E-01
 1.0000E+00
 1.0000E+00
 1.0000E+00
-1.0472E+00
 1.5315E+00
-7.0711E-01
 7.0711E-01
 0.0000E+00
-7.0711E-01
 7.0711E-01
 8.9694E-01
 1.0000E+00
 1.0000E+00
 1.0000E+00
-7.8540E-01
 1.0210E+00
-5.0000E-01
 8.6603E-01
 0.0000E+00
-5.0000E-01
 8.6603E-01
 8.7663E-01
 1.0000E+00
 1.0000E+00
 1.0000E+00
-5.2360E-01
 5.1051E-01
-2.5882E-01
 9.6593E-01
 0.0000E+00
-2.5882E-01
 9.6593E-01
 8.6433E-01
 1.0000E+00
 1.0000E+00
 1.0000E+00
-2.6180E-01
-0.0000E+00
 0.0000E+00
 1.0000E+00
 0.0000E+00
 0.0000E+00
 1.0000E+00
 8.6022E-01
 1.0000E+00
 1.0000E+00
 1.0000E+00
 0.0000E+00
-5.1051E-01
 2.5882E-01
 9.6593E-01
 0.0000E+00
 2.5882E-01
 9.6593E-01
 8.6433E-01
 1.0000E+00
 1.0000E+00
 1.0000E+00
 2.6180E-01
-1.0210E+00
 5.0000E-01
 8.6603E-01
 0.0000E+00
 5.0000E-01
 8.6603E-01
 8.7663E-01
 1.0000E+00
 1.0000E+00
 1.0000E+00
 5.2360E-01
-1.5315E+00
 7.0711E-01
 7.0711E-01
 0.0000E+00
 7.0711E-01
 7.0711E-01
 8.9694E-01
 1.0000E+00
 1.0000E+00
 1.0000E+00
 7.8540E-01
-2.0420E+00
 8.6603E-01
 5.0000E-01
 0.0000E+00
 8.6603E-01
 5.0000E-01
 9.2486E-01
 1.0000E+00
 1.0000E+00
 1.0000E+00
 1.0472E+00
-2.5525E+00
 9.6593E-01
 2.5882E-01
 0.0000E+00
 9.6593E-01
 2.5882E-01
 9.5964E-01
 1.0000E+00
 1.0000E+00
 1.0000E+00
 1.3090E+00
-3.0631E+00
 1.0000E+00
 6.1232E-17
 0.0000E+00
 1.0000E+00
 6.1232E-17
 1.0000E+00
 1.0000E+00
 1.0000E+00
 1.0000E+00
 1.5708E+00
-3.5736E+00
 9.6593E-01
-2.5882E-01
 0.0000E+00
 9.6593E-01
-2.5882E-01
 1.0439E+00
 1.0000E+00
 1.0000E+00
 1.0000E+00
 1.8326E+00
-4.0841E+00
 8.6603E-01
-5.0000E-01
 0.0000E+00
 8.6603E-01
-5.0000E-01
 1.0884E+00
 1.0000E+00
 1.0000E+00
 1.0000E+00
 2.0944E+00
-4.5946E+00
 7.0711E-01
-7.0711E-01
 0.0000E+00
 7.0711E-01
-7.0711E-01
 1.1298E+00
 1.0000E+00
 1.0000E+00
 1.0000E+00
 2.3562E+00
-5.1051E+00
 5.0000E-01
-8.6603E-01
 0.0000E+00
 5.0000E-01
-8.6603E-01
 1.1638E+00
 1.0000E+00
 1.0000E+00
 1.0000E+00
 2.6180E+00
-5.6156E+00
 2.5882E-01
-9.6593E-01
 0.0000E+00
 2.5882E-01
-9.6593E-01
 1.1862E+00
 1.0000E+00
 1.0000E+00
 1.0000E+00
 2.8798E+00
 6.1547E+00
-1.2246E-16
-1.0000E+00
 0.0000E+00
-1.2246E-16
-1.0000E+00
 1.1951E+00
 1.0000E+00
 1.0000E+00
 1.0000E+00
-3.1416E+00
 5.6418E+00
-2.5882E-01
-9.6593E-01
 0.0000E+00
-2.5882E-01
-9.6593E-01
 1.1872E+00
 1.0000E+00
 1.0000E+00
 1.0000E+00
-2.8798E+00
 5.1289E+00
-5.0000E-01
-8.6603E-01
 0.0000E+00
-5.0000E-01
-8.6603E-01
 1.1647E+00
 1.0000E+00
 1.0000E+00
 1.0000E+00
-2.6180E+00
 4.6160E+00
-7.0711E-01
-7.0711E-01
 0.0000E+00
-7.0711E-01
-7.0711E-01
 1.1305E+00
 1.0000E+00
 1.0000E+00
 1.0000E+00
-2.3562E+00
 4.1031E+00
-8.6603E-01
-5.0000E-01
 0.0000E+00
-8.6603E-01
-5.0000E-01
 1.0889E+00
 1.0000E+00
 1.0000E+00
 1.0000E+00
-2.0944E+00
 3.5902E+00
-9.6593E-01
-2.5882E-01
 0.0000E+00
-9.6593E-01
-2.5882E-01
 1.0441E+00
 1.0000E+00
 1.0000E+00
 1.0000E+00
-1.8326E+00
 3.0773E+00
-1.0000E+00
 6.1232E-17
 0.0000E+00
-1.0000E+00
 6.1232E-17
 1.0000E+00
 1.0000E+00
 1.0000E+00
 1.0000E+00
-1.5708E+00
 2.5644E+00
-9.6593E-01
 2.5882E-01
 0.0000E+00
-9.6593E-01
 2.5882E-01
 9.5946E-01
 1.0000E+00
 1.0000E+00
 1.0000E+00
-1.3090E+00
 2.0516E+00
-8.6603E-01
 5.0000E-01
 0.0000E+00
-8.6603E-01
 5.0000E-01
 9.2453E-01
 1.0000E+00
 1.0000E+00
 1.0000E+00
-1.0472E+00
 1.5387E+00
-7.0711E-01
 7.0711E-01
 0.0000E+00
-7.0711E-01
 7.0711E-01
 8.9651E-01
 1.0000E+00
 1.0000E+00
 1.0000E+00
-7.8540E-01
 1.0258E+00
-5.0000E-01
 8.6603E-01
 0.0000E+00
-5.0000E-01
 8.6603E-01
 8.7613E-01
 1.0000E+00
 1.0000E+00
 1.0000E+00
-5.2360E-01
 5.1289E-01
-2.5882E-01
 9.6593E-01
 0.0000E+00
-2.5882E-01
 9.6593E-01
 8.6379E-01
 1.0000E+00
 1.0000E+00
 1.0000E+00
-2.6180E-01
-0.0000E+00
 0.0000E+00
 1.0000E+00
 0.0000E+00
 0.0000E+00
 1.0000E+00
 8.5965E-01
 1.0000E+00
 1.0000E+00
 1.0000E+00
 0.0000E+00
-5.1289E-01
 2.5882E-01
 9.6593E-01
 0.0000E+00
 2.5882E-01
 9.6593E-01
 8.6379E-01
 1.0000E+00
 1.0000E+00
 1.0000E+00
 2.6180E-01
-1.0258E+00
 5.0000E-01
 8.6603E-01
 0.0000E+00
 5.0000E-01
 8.6603E-01
 8.7613E-01
 1.0000E+00
 1.0000E+00
 1.0000E+00
 5.2360E-01
-1.5387E+00
 7.0711E-01
 7.0711E-01
 0.0000E+00
 7.0711E-01
 7.0711E-01
 8.9651E-01
 1.0000E+00
 1.0000E+00
 1.0000E+00
 7.8540E-01
-2.0516E+00
 8.6603E-01
 5.0000E-01
 0.0000E+00
 8.6603E-01
 5.0000E-01
 9.2453E-01
 1.0000E+00
 1.0000E+00
 1.0000E+00
 1.0472E+00
-2.5644E+00
 9.6593E-01
 2.5882E-01
 0.0000E+00
 9.6593E-01
 2.5882E-01
 9.5946E-01
 1.0000E+00
 1.0000E+00
 1.0000E+00
 1.3090E+00
-3.0773E+00
 1.0000E+00
 6.1232E-17
 0.0000E+00
 1.0000E+00
 6.1232E-17
 1.0000E+00
 1.0000E+00
 1.0000E+00
 1.0000E+00
 1.5708E+00
-3.5902E+00
 9.6593E-01
-2.5882E-01
 0.0000E+00
 9.6593E-01
-2.5882E-01
 1.0441E+00
 1.0000E+00
 1.0000E+00
 1.0000E+00
 1.8326E+00
-4.1031E+00
 8.6603E-01
-5.0000E-01
 0.0000E+00
 8.6603E-01
-5.0000E-01
 1.0889E+00
 1.0000E+00
 1.0000E+00
 1.0000E+00
 2.0944E+00
-4.6160E+00
 7.0711E-01
-7.0711E-01
 0.0000E+00
 7.0711E-01
-7.0711E-01
 1.1305E+00
 1.0000E+00
 1.0000E+00
 1.0000E+00
 2.3562E+00
-5.1289E+00
 5.0000E-01
-8.6603E-01
 0.0000E+00
 5.0000E-01
-8.6603E-01
 1.1647E+00
 1.0000E+00
 1.0000E+00
 1.0000E+00
 2.6180E+00
-5.6418E+00
 2.5882E-01
-9.6593E-01
 0.0000E+00
 2.5882E-01
-9.6593E-01
 1.1872E+00
 1.0000E+00
 1.0000E+00
 1.0000E+00
 2.8798E+00
 6.1832E+00
-1.2246E-16
-1.0000E+00
 0.0000E+00
-1.2246E-16
-1.0000E+00
 1.1962E+00
 1.0000E+00
 1.0000E+00
 1.0000E+00
-3.1416E+00
 5.6680E+00
-2.5882E-01
-9.6593E-01
 0.0000E+00
-2.5882E-01
-9.6593E-01
 1.1883E+00
 1.0000E+00
 1.0000E+00
 1.0000E+00
-2.8798E+00
 5.1527E+00
-5.0000E-01
-8.6603E-01
 0.0000E+00
-5.0000E-01
-8.6603E-01
 1.1656E+00
 1.0000E+00
 1.0000E+00
 1.0000E+00
-2.6180E+00
 4.6374E+00
-7.0711E-01
-7.0711E-01
 0.0000E+00
-7.0711E-01
-7.0711E-01
 1.1312E+00
 1.0000E+00
 1.0000E+00
 1.0000E+00
-2.3562E+00
 4.1222E+00
-8.6603E-01
-5.0000E-01
 0.0000E+00
-8.6603E-01
-5.0000E-01
 1.0893E+00
 1.0000E+00
 1.0000E+00
 1.0000E+00
-2.0944E+00
 3.6069E+00
-9.6593E-01
-2.5882E-01
 0.0000E+00
-9.6593E-01
-2.5882E-01
 1.0443E+00
 1.0000E+00
 1.0000E+00
 1.0000E+00
-1.8326E+00
 3.0916E+00
-1.0000E+00
 6.1232E-17
 0.0000E+00
-1.0000E+00
 6.1232E-17
 1.0000E+00
 1.0000E+00
 1.0000E+00
 1.0000E+00
-1.5708E+00
 2.5763E+00
-9.6593E-01
 2.5882E-01
 0.0000E+00
-9.6593E-01
 2.5882E-01
 9.5928E-01
 1.0000E+00
 1.0000E+00
 1.0000E+00
-1.3090E+00
 2.0611E+00
-8.6603E-01
 5.0000E-01
 0.0000E+00
-8.6603E-01
 5.0000E-01
 9.2421E-01
 1.0000E+00
 1.0000E+00
 1.0000E+00
-1.0472E+00
 1.5458E+00
-7.0711E-01
 7.0711E-01
 0.0000E+00
-7.0711E-01
 7.0711E-01
 8.9608E-01
 1.0000E+00
 1.0000E+00
 1.0000E+00
-7.8540E-01
 1.0305E+00
-5.0000E-01
 8.6603E-01
 0.0000E+00
-5.0000E-01
 8.6603E-01
 8.7563E-01
 1.0000E+00
 1.0000E+00
 1.0000E+00
-5.2360E-01
 5.1527E-01
-2.5882E-01
 9.6593E-01
 0.0000E+00
-2.5882E-01
 9.6593E-01
 8.6324E-01
 1.0000E+00
 1.0000E+00
 1.0000E+00
-2.6180E-01
-0.0000E+00
 0.0000E+00
 1.0000E+00
 0.0000E+00
 0.0000E+00
 1.0000E+00
 8.5910E-01
 1.0000E+00
 1.0000E+00
 1.0000E+00
 0.0000E+00
-5.1527E-01
 2.5882E-01
 9.6593E-01
 0.0000E+00
 2.5882E-01
 9.6593E-01
 8.6324E-01
 1.0000E+00
 1.0000E+00
 1.0000E+00
 2.6180E-01
-1.0305E+00
 5.0000E-01
 8.6603E-01
 0.0000E+00
 5.0000E-01
 8.6603E-01
 8.7563E-01
 1.0000E+00
 1.0000E+00
 1.0000E+00
 5.2360E-01
-1.5458E+00
 7.0711E-01
 7.0711E-01
 0.0000E+00
 7.0711E-01
 7.0711E-01
 8.9608E-01
 1.0000E+00
 1.0000E+00
 1.0000E+00
 7.8540E-01
-2.0611E+00
 8.6603E-01
 5.0000E-01
 0.0000E+00
 8.6603E-01
 5.0000E-01
 9.2421E-01
 1.0000E+00
 1.0000E+00
 1.0000E+00
 1.0472E+00
-2.5763E+00
 9.6593E-01
 2.5882E-01
 0.0000E+00
 9.6593E-01
 2.5882E-01
 9.5928E-01
 1.0000E+00
 1.0000E+00
 1.0000E+00
 1.3090E+00
-3.0916E+00
 1.0000E+00
 6.1232E-17
 0.0000E+00
 1.0000E+00
 6.1232E-17
 1.0000E+00
 1.0000E+00
 1.0000E+00
 1.0000E+00
 1.5708E+00
-3.6069E+00
 9.6593E-01
-2.5882E-01
 0.0000E+00
 9.6593E-01
-2.5882E-01
 1.0443E+00
 1.0000E+00
 1.0000E+00
 1.0000E+00
 1.8326E+00
-4.1222E+00
 8.6603E-01
-5.0000E-01
 0.0000E+00
 8.6603E-01
-5.0000E-01
 1.0893E+00
 1.0000E+00
 1.0000E+00
 1.0000E+00
 2.0944E+00
-4.6374E+00
 7.0711E-01
-7.0711E-01
 0.0000E+00
 7.0711E-01
-7.0711E-01
 1.1312E+00
 1.0000E+00
 1.0000E+00
 1.0000E+00
 2.3562E+00
-5.1527E+00
 5.0000E-01
-8.6603E-01
 0.0000E+00
 5.0000E-01
-8.6603E-01
 1.1656E+00
 1.0000E+00
 1.0000E+00
 1.0000E+00
 2.6180E+00
-5.6680E+00
 2.5882E-01
-9.6593E-01
 0.0000E+00
 2.5882E-01
-9.6593E-01
 1.1883E+00
 1.0000E+00
 1.0000E+00
 1.0000E+00
 2.8798E+00
 6.2118E+00
-1.2246E-16
-1.0000E+00
 0.0000E+00
-1.2246E-16
-1.0000E+00
 1.1973E+00
 1.0000E+00
 1.0000E+00
 1.0000E+00
-3.1416E+00
 5.6941E+00
-2.5882E-01
-9.6593E-01
 0.0000E+00
-2.5882E-01
-9.6593E-01
 1.1893E+00
 1.0000E+00
 1.0000E+00
 1.0000E+00
-2.8798E+00
 5.1765E+00
-5.0000E-01
-8.6603E-01
 0.0000E+00
-5.0000E-01
-8.6603E-01
 1.1664E+00
 1.0000E+00
 1.0000E+00
 1.0000E+00
-2.6180E+00
 4.6588E+00
-7.0711E-01
-7.0711E-01
 0.0000E+00
-7.0711E-01
-7.0711E-01
 1.1319E+00
 1.0000E+00
 1.0000E+00
 1.0000E+00
-2.3562E+00
 4.1412E+00
-8.6603E-01
-5.0000E-01
 0.0000E+00
-8.6603E-01
-5.0000E-01
 1.0898E+00
 1.0000E+00
 1.0000E+00
 1.0000E+00
-2.0944E+00
 3.6235E+00
-9.6593E-01
-2.5882E-01
 0.0000E+00
-9.6593E-01
-2.5882E-01
 1.0445E+00
 1.0000E+00
 1.0000E+00
 1.0000E+00
-1.8326E+00
 3.1059E+00
-1.0000E+00
 6.1232E-17
 0.0000E+00
-1.0000E+00
 6.1232E-17
 1.0000E+00
 1.0000E+00
 1.0000E+00
 1.0000E+00
-1.5708E+00
 2.5882E+00
-9.6593E-01
 2.5882E-01
 0.0000E+00
-9.6593E-01
 2.5882E-01
 9.5910E-01
 1.0000E+00
 1.0000E+00
 1.0000E+00
-1.3090E+00
 2.0706E+00
-8.6603E-01
 5.0000E-01
 0.0000E+00
-8.6603E-01
 5.0000E-01
 9.2388E-01
 1.0000E+00
 1.0000E+00
 1.0000E+00
-1.0472E+00
 1.5529E+00
-7.0711E-01
 7.0711E-01
 0.0000E+00
-7.0711E-01
 7.0711E-01
 8.9565E-01
 1.0000E+00
 1.0000E+00
 1.0000E+00
-7.8540E-01
 1.0353E+00
-5.0000E-01
 8.6603E-01
 0.0000E+00
-5.0000E-01
 8.6603E-01
 8.7512E-01
 1.0000E+00
 1.0000E+00
 1.0000E+00
-5.2360E-01
 5.1765E-01
-2.5882E-01
 9.6593E-01
 0.0000E+00
-2.5882E-01
 9.6593E-01
 8.6269E-01
 1.0000E+00
 1.0000E+00
 1.0000E+00
-2.6180E-01
-0.0000E+00
 0.0000E+00
 1.0000E+00
 0.0000E+00
 0.0000E+00
 1.0000E+00
 8.5854E-01
 1.0000E+00
 1.0000E+00
 1.0000E+00
 0.0000E+00
-5.1765E-01
 2.5882E-01
 9.6593E-01
 0.0000E+00
 2.5882E-01
 9.6593E-01
 8.6269E-01
 1.0000E+00
 1.0000E+00
 1.0000E+00
 2.6180E-01
-1.0353E+00
 5.0000E-01
 8.6603E-01
 0.0000E+00
 5.0000E-01
 8.6603E-01
 8.7512E-01
 1.0000E+00
 1.0000E+00
 1.0000E+00
 5.2360E-01
-1.5529E+00
 7.0711E-01
 7.0711E-01
 0.0000E+00
 7.0711E-01
 7.0711E-01
 8.9565E-01
 1.0000E+00
 1.0000E+00
 1.0000E+00
 7.8540E-01
-2.0706E+00
 8.6603E-01
 5.0000E-01
 0.0000E+00
 8.6603E-01
 5.0000E-01
 9.2388E-01
 1.0000E+00
 1.0000E+00
 1.0000E+00
 1.0472E+00
-2.5882E+00
 9.6593E-01
 2.5882E-01
 0.0000E+00
 9.6593E-01
 2.5882E-01
 9.5910E-01
 1.0000E+00
 1.0000E+00
 1.0000E+00
 1.3090E+00
-3.1059E+00
 1.0000E+00
 6.1232E-17
 0.0000E+00
 1.0000E+00
 6.1232E-17
 1.0000E+00
 1.0000E+00
 1.0000E+00
 1.0000E+00
 1.5708E+00
-3.6235E+00
 9.6593E-01
-2.5882E-01
 0.0000E+00
 9.6593E-01
-2.5882E-01
 1.0445E+00
 1.0000E+00
 1.0000E+00
 1.0000E+00
 1.8326E+00
-4.1412E+00
 8.6603E-01
-5.0000E-01
 0.0000E+00
 8.6603E-01
-5.0000E-01
 1.0898E+00
 1.0000E+00
 1.0000E+00
 1.0000E+00
 2.0944E+00
-4.6588E+00
 7.0711E-01
-7.0711E-01
 0.0000E+00
 7.0711E-01
-7.0711E-01
 1.1319E+00
 1.0000E+00
 1.0000E+00
 1.0000E+00
 2.3562E+00
-5.1765E+00
 5.0000E-01
-8.6603E-01
 0.0000E+00
 5.0000E-01
-8.6603E-01
 1.1664E+00
 1.0000E+00
 1.0000E+00
 1.0000E+00
 2.6180E+00
-5.6941E+00
 2.5882E-01
-9.6593E-01
 0.0000E+00
 2.5882E-01
-9.6593E-01
 1.1893E+00
 1.0000E+00
 1.0000E+00
 1.0000E+00
 2.8798E+00
 6.2403E+00
-1.2246E-16
-1.0000E+00
 0.0000E+00
-1.2246E-16
-1.0000E+00
 1.1984E+00
 1.0000E+00
 1.0000E+00
 1.0000E+00
-3.1416E+00
 5.7203E+00
-2.5882E-01
-9.6593E-01
 0.0000E+00
-2.5882E-01
-9.6593E-01
 1.1903E+00
 1.0000E+00
 1.0000E+00
 1.0000E+00
-2.8798E+00
 5.2003E+00
-5.0000E-01
-8.6603E-01
 0.0000E+00
-5.0000E-01
-8.6603E-01
 1.1673E+00
 1.0000E+00
 1.0000E+00
 1.0000E+00
-2.6180E+00
 4.6803E+00
-7.0711E-01
-7.0711E-01
 0.0000E+00
-7.0711E-01
-7.0711E-01
 1.1326E+00
 1.0000E+00
 1.0000E+00
 1.0000E+00
-2.3562E+00
 4.1602E+00
-8.6603E-01
-5.0000E-01
 0.0000E+00
-8.6603E-01
-5.0000E-01
 1.0902E+00
 1.0000E+00
 1.0000E+00
 1.0000E+00
-2.0944E+00
 3.6402E+00
-9.6593E-01
-2.5882E-01
 0.0000E+00
-9.6593E-01
-2.5882E-01
 1.0448E+00
 1.0000E+00
 1.0000E+00
 1.0000E+00
-1.8326E+00
 3.1202E+00
-1.0000E+00
 6.1232E-17
 0.0000E+00
-1.0000E+00
 6.1232E-17
 1.0000E+00
 1.0000E+00
 1.0000E+00
 1.0000E+00
-1.5708E+00
 2.6001E+00
-9.6593E-01
 2.5882E-01
 0.0000E+00
-9.6593E-01
 2.5882E-01
 9.5892E-01
 1.0000E+00
 1.0000E+00
 1.0000E+00
-1.3090E+00
 2.0801E+00
-8.6603E-01
 5.0000E-01
 0.0000E+00
-8.6603E-01
 5.0000E-01
 9.2356E-01
 1.0000E+00
 1.0000E+00
 1.0000E+00
-1.0472E+00
 1.5601E+00
-7.0711E-01
 7.0711E-01
 0.0000E+00
-7.0711E-01
 7.0711E-01
 8.9522E-01
 1.0000E+00
 1.0000E+00
 1.0000E+00
-7.8540E-01
 1.0401E+00
-5.0000E-01
 8.6603E-01
 0.0000E+00
-5.0000E-01
 8.6603E-01
 8.7462E-01
 1.0000E+00
 1.0000E+00
 1.0000E+00
-5.2360E-01
 5.2003E-01
-2.5882E-01
 9.6593E-01
 0.0000E+00
-2.5882E-01
 9.6593E-01
 8.6215E-01
 1.0000E+00
 1.0000E+00
 1.0000E+00
-2.6180E-01
-0.0000E+00
 0.0000E+00
 1.0000E+00
 0.0000E+00
 0.0000E+00
 1.0000E+00
 8.5798E-01
 1.0000E+00
 1.0000E+00
 1.0000E+00
 0.0000E+00
-5.2003E-01
 2.5882E-01
 9.6593E-01
 0.0000E+00
 2.5882E-01
 9.6593E-01
 8.6215E-01
 1.0000E+00
 1.0000E+00
 1.0000E+00
 2.6180E-01
-1.0401E+00
 5.0000E-01
 8.6603E-01
 0.0000E+00
 5.0000E-01
 8.6603E-01
 8.7462E-01
 1.0000E+00
 1.0000E+00
 1.0000E+00
 5.2360E-01
-1.5601E+00
 7.0711E-01
 7.0711E-01
 0.0000E+00
 7.0711E-01
 7.0711E-01
 8.9522E-01
 1.0000E+00
 1.0000E+00
 1.0000E+00
 7.8540E-01
-2.0801E+00
 8.6603E-01
 5.0000E-01
 0.0000E+00
 8.6603E-01
 5.0000E-01
 9.2356E-01
 1.0000E+00
 1.0000E+00
 1.0000E+00
 1.0472E+00
-2.6001E+00
 9.6593E-01
 2.5882E-01
 0.0000E+00
 9.6593E-01
 2.5882E-01
 9.5892E-01
 1.0000E+00
 1.0000E+00
 1.0000E+00
 1.3090E+00
-3.1202E+00
 1.0000E+00
 6.1232E-17
 0.0000E+00
 1.0000E+00
 6.1232E-17
 1.0000E+00
 1.0000E+00
 1.0000E+00
 1.0000E+00
 1.5708E+00
-3.6402E+00
 9.6593E-01
-2.5882E-01
 0.0000E+00
 9.6593E-01
-2.5882E-01
 1.0448E+00
 1.0000E+00
 1.0000E+00
 1.0000E+00
 1.8326E+00
-4.1602E+00
 8.6603E-01
-5.0000E-01
 0.0000E+00
 8.6603E-01
-5.0000E-01
 1.0902E+00
 1.0000E+00
 1.0000E+00
 1.0000E+00
 2.0944E+00
-4.6803E+00
 7.0711E-01
-7.0711E-01
 0.0000E+00
 7.0711E-01
-7.0711E-01
 1.1326E+00
 1.0000E+00
 1.0000E+00
 1.0000E+00
 2.3562E+00
-5.2003E+00
 5.0000E-01
-8.6603E-01
 0.0000E+00
 5.0000E-01
-8.6603E-01
 1.1673E+00
 1.0000E+00
 1.0000E+00
 1.0000E+00
 2.6180E+00
-5.7203E+00
 2.5882E-01
-9.6593E-01
 0.0000E+00
 2.5882E-01
-9.6593E-01
 1.1903E+00
 1.0000E+00
 1.0000E+00
 1.0000E+00
 2.8798E+00
 6.2689E+00
-1.2246E-16
-1.0000E+00
 0.0000E+00
-1.2246E-16
-1.0000E+00
 1.1995E+00
 1.0000E+00
 1.0000E+00
 1.0000E+00
-3.1416E+00
 5.7465E+00
-2.5882E-01
-9.6593E-01
 0.0000E+00
-2.5882E-01
-9.6593E-01
 1.1914E+00
 1.0000E+00
 1.0000E+00
 1.0000E+00
-2.8798E+00
 5.2241E+00
-5.0000E-01
-8.6603E-01
 0.0000E+00
-5.0000E-01
-8.6603E-01
 1.1682E+00
 1.0000E+00
 1.0000E+00
 1.0000E+00
-2.6180E+00
 4.7017E+00
-7.0711E-01
-7.0711E-01
 0.0000E+00
-7.0711E-01
-7.0711E-01
 1.1333E+00
 1.0000E+00
 1.0000E+00
 1.0000E+00
-2.3562E+00
 4.1793E+00
-8.6603E-01
-5.0000E-01
 0.0000E+00
-8.6603E-01
-5.0000E-01
 1.0907E+00
 1.0000E+00
 1.0000E+00
 1.0000E+00
-2.0944E+00
 3.6569E+00
-9.6593E-01
-2.5882E-01
 0.0000E+00
-9.6593E-01
-2.5882E-01
 1.0450E+00
 1.0000E+00
 1.0000E+00
 1.0000E+00
-1.8326E+00
 3.1345E+00
-1.0000E+00
 6.1232E-17
 0.0000E+00
-1.0000E+00
 6.1232E-17
 1.0000E+00
 1.0000E+00
 1.0000E+00
 1.0000E+00
-1.5708E+00
 2.6120E+00
-9.6593E-01
 2.5882E-01
 0.0000E+00
-9.6593E-01
 2.5882E-01
 9.5874E-01
 1.0000E+00
 1.0000E+00
 1.0000E+00
-1.3090E+00
 2.0896E+00
-8.6603E-01
 5.0000E-01
 0.0000E+00
-8.6603E-01
 5.0000E-01
 9.2324E-01
 1.0000E+00
 1.0000E+00
 1.0000E+00
-1.0472E+00
 1.5672E+00
-7.0711E-01
 7.0711E-01
 0.0000E+00
-7.0711E-01
 7.0711E-01
 8.9479E-01
 1.0000E+00
 1.0000E+00
 1.0000E+00
-7.8540E-01
 1.0448E+00
-5.0000E-01
 8.6603E-01
 0.0000E+00
-5.0000E-01
 8.6603E-01
 8.7412E-01
 1.0000E+00
 1.0000E+00
 1.0000E+00
-5.2360E-01
 5.2241E-01
-2.5882E-01
 9.6593E-01
 0.0000E+00
-2.5882E-01
 9.6593E-01
 8.6161E-01
 1.0000E+00
 1.0000E+00
 1.0000E+00
-2.6180E-01
-0.0000E+00
 0.0000E+00
 1.0000E+00
 0.0000E+00
 0.0000E+00
 1.0000E+00
 8.5742E-01
 1.0000E+00
 1.0000E+00
 1.0000E+00
 0.0000E+00
-5.2241E-01
 2.5882E-01
 9.6593E-01
 0.0000E+00
 2.5882E-01
 9.6593E-01
 8.6161E-01
 1.0000E+00
 1.0000E+00
 1.0000E+00
 2.6180E-01
-1.0448E+00
 5.0000E-01
 8.6603E-01
 0.0000E+00
 5.0000E-01
 8.6603E-01
 8.7412E-01
 1.0000E+00
 1.0000E+00
 1.0000E+00
 5.2360E-01
-1.5672E+00
 7.0711E-01
 7.0711E-01
 0.0000E+00
 7.0711E-01
 7.0711E-01
 8.9479E-01
 1.0000E+00
 1.0000E+00
 1.0000E+00
 7.8540E-01
-2.0896E+00
 8.6603E-01
 5.0000E-01
 0.0000E+00
 8.6603E-01
 5.0000E-01
 9.2324E-01
 1.0000E+00
 1.0000E+00
 1.0000E+00
 1.0472E+00
-2.6120E+00
 9.6593E-01
 2.5882E-01
 0.0000E+00
 9.6593E-01
 2.5882E-01
 9.5874E-01
 1.0000E+00
 1.0000E+00
 1.0000E+00
 1.3090E+00
-3.1345E+00
 1.0000E+00
 6.1232E-17
 0.0000E+00
 1.0000E+00
 6.1232E-17
 1.0000E+00
 1.0000E+00
 1.0000E+00
 1.0000E+00
 1.5708E+00
-3.6569E+00
 9.6593E-01
-2.5882E-01
 0.0000E+00
 9.6593E-01
-2.5882E-01
 1.0450E+00
 1.0000E+00
 1.0000E+00
 1.0000E+00
 1.8326E+00
-4.1793E+00
 8.6603E-01
-5.0000E-01
 0.0000E+00
 8.6603E-01
-5.0000E-01
 1.0907E+00
 1.0000E+00
 1.0000E+00
 1.0000E+00
 2.0944E+00
-4.7017E+00
 7.0711E-01
-7.0711E-01
 0.0000E+00
 7.0711E-01
-7.0711E-01
 1.1333E+00
 1.0000E+00
 1.0000E+00
 1.0000E+00
 2.3562E+00
-5.2241E+00
 5.0000E-01
-8.6603E-01
 0.0000E+00
 5.0000E-01
-8.6603E-01
 1.1682E+00
 1.0000E+00
 1.0000E+00
 1.0000E+00
 2.6180E+00
-5.7465E+00
 2.5882E-01
-9.6593E-01
 0.0000E+00
 2.5882E-01
-9.6593E-01
 1.1914E+00
 1.0000E+00
 1.0000E+00
 1.0000E+00
 2.8798E+00
 6.2975E+00
-1.2246E-16
-1.0000E+00
 0.0000E+00
-1.2246E-16
-1.0000E+00
 1.2005E+00
 1.0000E+00
 1.0000E+00
 1.0000E+00
-3.1416E+00
 5.7727E+00
-2.5882E-01
-9.6593E-01
 0.0000E+00
-2.5882E-01
-9.6593E-01
 1.1924E+00
 1.0000E+00
 1.0000E+00
 1.0000E+00
-2.8798E+00
 5.2479E+00
-5.0000E-01
-8.6603E-01
 0.0000E+00
-5.0000E-01
-8.6603E-01
 1.1691E+00
 1.0000E+00
 1.0000E+00
 1.0000E+00
-2.6180E+00
 4.7231E+00
-7.0711E-01
-7.0711E-01
 0.0000E+00
-7.0711E-01
-7.0711E-01
 1.1339E+00
 1.0000E+00
 1.0000E+00
 1.0000E+00
-2.3562E+00
 4.1983E+00
-8.6603E-01
-5.0000E-01
 0.0000E+00
-8.6603E-01
-5.0000E-01
 1.0911E+00
 1.0000E+00
 1.0000E+00
 1.0000E+00
-2.0944E+00
 3.6735E+00
-9.6593E-01
-2.5882E-01
 0.0000E+00
-9.6593E-01
-2.5882E-01
 1.0452E+00
 1.0000E+00
 1.0000E+00
 1.0000E+00
-1.8326E+00
 3.1487E+00
-1.0000E+00
 6.1232E-17
 0.0000E+00
-1.0000E+00
 6.1232E-17
 1.0000E+00
 1.0000E+00
 1.0000E+00
 1.0000E+00
-1.5708E+00
 2.6239E+00
-9.6593E-01
 2.5882E-01
 0.0000E+00
-9.6593E-01
 2.5882E-01
 9.5856E-01
 1.0000E+00
 1.0000E+00
 1.0000E+00
-1.3090E+00
 2.0992E+00
-8.6603E-01
 5.0000E-01
 0.0000E+00
-8.6603E-01
 5.0000E-01
 9.2292E-01
 1.0000E+00
 1.0000E+00
 1.0000E+00
-1.0472E+00
 1.5744E+00
-7.0711E-01
 7.0711E-01
 0.0000E+00
-7.0711E-01
 7.0711E-01
 8.9436E-01
 1.0000E+00
 1.0000E+00
 1.0000E+00
-7.8540E-01
 1.0496E+00
-5.0000E-01
 8.6603E-01
 0.0000E+00
-5.0000E-01
 8.6603E-01
 8.7362E-01
 1.0000E+00
 1.0000E+00
 1.0000E+00
-5.2360E-01
 5.2479E-01
-2.5882E-01
 9.6593E-01
 0.0000E+00
-2.5882E-01
 9.6593E-01
 8.6106E-01
 1.0000E+00
 1.0000E+00
 1.0000E+00
-2.6180E-01
-0.0000E+00
 0.0000E+00
 1.0000E+00
 0.0000E+00
 0.0000E+00
 1.0000E+00
 8.5686E-01
 1.0000E+00
 1.0000E+00
 1.0000E+00
 0.0000E+00
-5.2479E-01
 2.5882E-01
 9.6593E-01
 0.0000E+00
 2.5882E-01
 9.6593E-01
 8.6106E-01
 1.0000E+00
 1.0000E+00
 1.0000E+00
 2.6180E-01
-1.0496E+00
 5.0000E-01
 8.6603E-01
 0.0000E+00
 5.0000E-01
 8.6603E-01
 8.7362E-01
 1.0000E+00
 1.0000E+00
 1.0000E+00
 5.2360E-01
-1.5744E+00
 7.0711E-01
 7.0711E-01
 0.0000E+00
 7.0711E-01
 7.0711E-01
 8.9436E-01
 1.0000E+00
 1.0000E+00
 1.0000E+00
 7.8540E-01
-2.0992E+00
 8.6603E-01
 5.0000E-01
 0.0000E+00
 8.6603E-01
 5.0000E-01
 9.2292E-01
 1.0000E+00
 1.0000E+00
 1.0000E+00
 1.0472E+00
-2.6239E+00
 9.6593E-01
 2.5882E-01
 0.0000E+00
 9.6593E-01
 2.5882E-01
 9.5856E-01
 1.0000E+00
 1.0000E+00
 1.0000E+00
 1.3090E+00
-3.1487E+00
 1.0000E+00
 6.1232E-17
 0.0000E+00
 1.0000E+00
 6.1232E-17
 1.0000E+00
 1.0000E+00
 1.0000E+00
 1.0000E+00
 1.5708E+00
-3.6735E+00
 9.6593E-01
-2.5882E-01
 0.0000E+00
 9.6593E-01
-2.5882E-01
 1.0452E+00
 1.0000E+00
 1.0000E+00
 1.0000E+00
 1.8326E+00
-4.1983E+00
 8.6603E-01
-5.0000E-01
 0.0000E+00
 8.6603E-01
-5.0000E-01
 1.0911E+00
 1.0000E+00
 1.0000E+00
 1.0000E+00
 2.0944E+00
-4.7231E+00
 7.0711E-01
-7.0711E-01
 0.0000E+00
 7.0711E-01
-7.0711E-01
 1.1339E+00
 1.0000E+00
 1.0000E+00
 1.0000E+00
 2.3562E+00
-5.2479E+00
 5.0000E-01
-8.6603E-01
 0.0000E+00
 5.0000E-01
-8.6603E-01
 1.1691E+00
 1.0000E+00
 1.0000E+00
 1.0000E+00
 2.6180E+00
-5.7727E+00
 2.5882E-01
-9.6593E-01
 0.0000E+00
 2.5882E-01
-9.6593E-01
 1.1924E+00
 1.0000E+00
 1.0000E+00
 1.0000E+00
 2.8798E+00
 6.3260E+00
-1.2246E-16
-1.0000E+00
 0.0000E+00
-1.2246E-16
-1.0000E+00
 1.2016E+00
 1.0000E+00
 1.0000E+00
 1.0000E+00
-3.1416E+00
 5.7989E+00
-2.5882E-01
-9.6593E-01
 0.0000E+00
-2.5882E-01
-9.6593E-01
 1.1934E+00
 1.0000E+00
 1.0000E+00
 1.0000E+00
-2.8798E+00
 5.2717E+00
-5.0000E-01
-8.6603E-01
 0.0000E+00
-5.0000E-01
-8.6603E-01
 1.1700E+00
 1.0000E+00
 1.0000E+00
 1.0000E+00
-2.6180E+00
 4.7445E+00
-7.0711E-01
-7.0711E-01
 0.0000E+00
-7.0711E-01
-7.0711E-01
 1.1346E+00
 1.0000E+00
 1.0000E+00
 1.0000E+00
-2.3562E+00
 4.2174E+00
-8.6603E-01
-5.0000E-01
 0.0000E+00
-8.6603E-01
-5.0000E-01
 1.0916E+00
 1.0000E+00
 1.0000E+00
 1.0000E+00
-2.0944E+00
 3.6902E+00
-9.6593E-01
-2.5882E-01
 0.0000E+00
-9.6593E-01
-2.5882E-01
 1.0454E+00
 1.0000E+00
 1.0000E+00
 1.0000E+00
-1.8326E+00
 3.1630E+00
-1.0000E+00
 6.1232E-17
 0.0000E+00
-1.0000E+00
 6.1232E-17
 1.0000E+00
 1.0000E+00
 1.0000E+00
 1.0000E+00
-1.5708E+00
 2.6358E+00
-9.6593E-01
 2.5882E-01
 0.0000E+00
-9.6593E-01
 2.5882E-01
 9.5838E-01
 1.0000E+00
 1.0000E+00
 1.0000E+00
-1.3090E+00
 2.1087E+00
-8.6603E-01
 5.0000E-01
 0.0000E+00
-8.6603E-01
 5.0000E-01
 9.2259E-01
 1.0000E+00
 1.0000E+00
 1.0000E+00
-1.0472E+00
 1.5815E+00
-7.0711E-01
 7.0711E-01
 0.0000E+00
-7.0711E-01
 7.0711E-01
 8.9393E-01
 1.0000E+00
 1.0000E+00
 1.0000E+00
-7.8540E-01
 1.0543E+00
-5.0000E-01
 8.6603E-01
 0.0000E+00
-5.0000E-01
 8.6603E-01
 8.7312E-01
 1.0000E+00
 1.0000E+00
 1.0000E+00
-5.2360E-01
 5.2717E-01
-2.5882E-01
 9.6593E-01
 0.0000E+00
-2.5882E-01
 9.6593E-01
 8.6052E-01
 1.0000E+00
 1.0000E+00
 1.0000E+00
-2.6180E-01
-0.0000E+00
 0.0000E+00
 1.0000E+00
 0.0000E+00
 0.0000E+00
 1.0000E+00
 8.5631E-01
 1.0000E+00
 1.0000E+00
 1.0000E+00
 0.0000E+00
-5.2717E-01
 2.5882E-01
 9.6593E-01
 0.0000E+00
 2.5882E-01
 9.6593E-01
 8.6052E-01
 1.0000E+00
 1.0000E+00
 1.0000E+00
 2.6180E-01
-1.0543E+00
 5.0000E-01
 8.6603E-01
 0.0000E+00
 5.0000E-01
 8.6603E-01
 8.7312E-01
 1.0000E+00
 1.0000E+00
 1.0000E+00
 5.2360E-01
-1.5815E+00
 7.0711E-01
 7.0711E-01
 0.0000E+00
 7.0711E-01
 7.0711E-01
 8.9393E-01
 1.0000E+00
 1.0000E+00
 1.0000E+00
 7.8540E-01
-2.1087E+00
 8.6603E-01
 5.0000E-01
 0.0000E+00
 8.6603E-01
 5.0000E-01
 9.2259E-01
 1.0000E+00
 1.0000E+00
 1.0000E+00
 1.0472E+00
-2.6358E+00
 9.6593E-01
 2.5882E-01
 0.0000E+00
 9.6593E-01
 2.5882E-01
 9.5838E-01
 1.0000E+00
 1.0000E+00
 1.0000E+00
 1.3090E+00
-3.1630E+00
 1.0000E+00
 6.1232E-17
 0.0000E+00
 1.0000E+00
 6.1232E-17
 1.0000E+00
 1.0000E+00
 1.0000E+00
 1.0000E+00
 1.5708E+00
-3.6902E+00
 9.6593E-01
-2.5882E-01
 0.0000E+00
 9.6593E-01
-2.5882E-01
 1.0454E+00
 1.0000E+00
 1.0000E+00
 1.0000E+00
 1.8326E+00
-4.2174E+00
 8.6603E-01
-5.0000E-01
 0.0000E+00
 8.6603E-01
-5.0000E-01
 1.0916E+00
 1.0000E+00
 1.0000E+00
 1.0000E+00
 2.0944E+00
-4.7445E+00
 7.0711E-01
-7.0711E-01
 0.0000E+00
 7.0711E-01
-7.0711E-01
 1.1346E+00
 1.0000E+00
 1.0000E+00
 1.0000E+00
 2.3562E+00
-5.2717E+00
 5.0000E-01
-8.6603E-01
 0.0000E+00
 5.0000E-01
-8.6603E-01
 1.1700E+00
 1.0000E+00
 1.0000E+00
 1.0000E+00
 2.6180E+00
-5.7989E+00
 2.5882E-01
-9.6593E-01
 0.0000E+00
 2.5882E-01
-9.6593E-01
 1.1934E+00
 1.0000E+00
 1.0000E+00
 1.0000E+00
 2.8798E+00
 6.3546E+00
-1.2246E-16
-1.0000E+00
 0.0000E+00
-1.2246E-16
-1.0000E+00
 1.2027E+00
 1.0000E+00
 1.0000E+00
 1.0000E+00
-3.1416E+00
 5.8250E+00
-2.5882E-01
-9.6593E-01
 0.0000E+00
-2.5882E-01
-9.6593E-01
 1.1945E+00
 1.0000E+00
 1.0000E+00
 1.0000E+00
-2.8798E+00
 5.2955E+00
-5.0000E-01
-8.6603E-01
 0.0000E+00
-5.0000E-01
-8.6603E-01
 1.1709E+00
 1.0000E+00
 1.0000E+00
 1.0000E+00
-2.6180E+00
 4.7659E+00
-7.0711E-01
-7.0711E-01
 0.0000E+00
-7.0711E-01
-7.0711E-01
 1.1353E+00
 1.0000E+00
 1.0000E+00
 1.0000E+00
-2.3562E+00
 4.2364E+00
-8.6603E-01
-5.0000E-01
 0.0000E+00
-8.6603E-01
-5.0000E-01
 1.0920E+00
 1.0000E+00
 1.0000E+00
 1.0000E+00
-2.0944E+00
 3.7068E+00
-9.6593E-01
-2.5882E-01
 0.0000E+00
-9.6593E-01
-2.5882E-01
 1.0456E+00
 1.0000E+00
 1.0000E+00
 1.0000E+00
-1.8326E+00
 3.1773E+00
-1.0000E+00
 6.1232E-17
 0.0000E+00
-1.0000E+00
 6.1232E-17
 1.0000E+00
 1.0000E+00
 1.0000E+00
 1.0000E+00
-1.5708E+00
 2.6477E+00
-9.6593E-01
 2.5882E-01
 0.0000E+00
-9.6593E-01
 2.5882E-01
 9.5820E-01
 1.0000E+00
 1.0000E+00
 1.0000E+00
-1.3090E+00
 2.1182E+00
-8.6603E-01
 5.0000E-01
 0.0000E+00
-8.6603E-01
 5.0000E-01
 9.2227E-01
 1.0000E+00
 1.0000E+00
 1.0000E+00
-1.0472E+00
 1.5886E+00
-7.0711E-01
 7.0711E-01
 0.0000E+00
-7.0711E-01
 7.0711E-01
 8.9350E-01
 1.0000E+00
 1.0000E+00
 1.0000E+00
-7.8540E-01
 1.0591E+00
-5.0000E-01
 8.6603E-01
 0.0000E+00
-5.0000E-01
 8.6603E-01
 8.7262E-01
 1.0000E+00
 1.0000E+00
 1.0000E+00
-5.2360E-01
 5.2955E-01
-2.5882E-01
 9.6593E-01
 0.0000E+00
-2.5882E-01
 9.6593E-01
 8.5998E-01
 1.0000E+00
 1.0000E+00
 1.0000E+00
-2.6180E-01
-0.0000E+00
 0.0000E+00
 1.0000E+00
 0.0000E+00
 0.0000E+00
 1.0000E+00
 8.5575E-01
 1.0000E+00
 1.0000E+00
 1.0000E+00
 0.0000E+00
-5.2955E-01
 2.5882E-01
 9.6593E-01
 0.0000E+00
 2.5882E-01
 9.6593E-01
 8.5998E-01
 1.0000E+00
 1.0000E+00
 1.0000E+00
 2.6180E-01
-1.0591E+00
 5.0000E-01
 8.6603E-01
 0.0000E+00
 5.0000E-01
 8.6603E-01
 8.7262E-01
 1.0000E+00
 1.0000E+00
 1.0000E+00
 5.2360E-01
-1.5886E+00
 7.0711E-01
 7.0711E-01
 0.0000E+00
 7.0711E-01
 7.0711E-01
 8.9350E-01
 1.0000E+00
 1.0000E+00
 1.0000E+00
 7.8540E-01
-2.1182E+00
 8.6603E-01
 5.0000E-01
 0.0000E+00
 8.6603E-01
 5.0000E-01
 9.2227E-01
 1.0000E+00
 1.0000E+00
 1.0000E+00
 1.0472E+00
-2.6477E+00
 9.6593E-01
 2.5882E-01
 0.0000E+00
 9.6593E-01
 2.5882E-01
 9.5820E-01
 1.0000E+00
 1.0000E+00
 1.0000E+00
 1.3090E+00
-3.1773E+00
 1.0000E+00
 6.1232E-17
 0.0000E+00
 1.0000E+00
 6.1232E-17
 1.0000E+00
 1.0000E+00
 1.0000E+00
 1.0000E+00
 1.5708E+00
-3.7068E+00
 9.6593E-01
-2.5882E-01
 0.0000E+00
 9.6593E-01
-2.5882E-01
 1.0456E+00
 1.0000E+00
 1.0000E+00
 1.0000E+00
 1.8326E+00
-4.2364E+00
 8.6603E-01
-5.0000E-01
 0.0000E+00
 8.6603E-01
-5.0000E-01
 1.0920E+00
 1.0000E+00
 1.0000E+00
 1.0000E+00
 2.0944E+00
-4.7659E+00
 7.0711E-01
-7.0711E-01
 0.0000E+00
 7.0711E-01
-7.0711E-01
 1.1353E+00
 1.0000E+00
 1.0000E+00
 1.0000E+00
 2.3562E+00
-5.2955E+00
 5.0000E-01
-8.6603E-01
 0.0000E+00
 5.0000E-01
-8.6603E-01
 1.1709E+00
 1.0000E+00
 1.0000E+00
 1.0000E+00
 2.6180E+00
-5.8250E+00
 2.5882E-01
-9.6593E-01
 0.0000E+00
 2.5882E-01
-9.6593E-01
 1.1945E+00
 1.0000E+00
 1.0000E+00
 1.0000E+00
 2.8798E+00
 6.3831E+00
-1.2246E-16
-1.0000E+00
 0.0000E+00
-1.2246E-16
-1.0000E+00
 1.2038E+00
 1.0000E+00
 1.0000E+00
 1.0000E+00
-3.1416E+00
 5.8512E+00
-2.5882E-01
-9.6593E-01
 0.0000E+00
-2.5882E-01
-9.6593E-01
 1.1955E+00
 1.0000E+00
 1.0000E+00
 1.0000E+00
-2.8798E+00
 5.3193E+00
-5.0000E-01
-8.6603E-01
 0.0000E+00
-5.0000E-01
-8.6603E-01
 1.1718E+00
 1.0000E+00
 1.0000E+00
 1.0000E+00
-2.6180E+00
 4.7874E+00
-7.0711E-01
-7.0711E-01
 0.0000E+00
-7.0711E-01
-7.0711E-01
 1.1360E+00
 1.0000E+00
 1.0000E+00
 1.0000E+00
-2.3562E+00
 4.2554E+00
-8.6603E-01
-5.0000E-01
 0.0000E+00
-8.6603E-01
-5.0000E-01
 1.0925E+00
 1.0000E+00
 1.0000E+00
 1.0000E+00
-2.0944E+00
 3.7235E+00
-9.6593E-01
-2.5882E-01
 0.0000E+00
-9.6593E-01
-2.5882E-01
 1.0458E+00
 1.0000E+00
 1.0000E+00
 1.0000E+00
-1.8326E+00
 3.1916E+00
-1.0000E+00
 6.1232E-17
 0.0000E+00
-1.0000E+00
 6.1232E-17
 1.0000E+00
 1.0000E+00
 1.0000E+00
 1.0000E+00
-1.5708E+00
 2.6596E+00
-9.6593E-01
 2.5882E-01
 0.0000E+00
-9.6593E-01
 2.5882E-01
 9.5802E-01
 1.0000E+00
 1.0000E+00
 1.0000E+00
-1.3090E+00
 2.1277E+00
-8.6603E-01
 5.0000E-01
 0.0000E+00
-8.6603E-01
 5.0000E-01
 9.2195E-01
 1.0000E+00
 1.0000E+00
 1.0000E+00
-1.0472E+00
 1.5958E+00
-7.0711E-01
 7.0711E-01
 0.0000E+00
-7.0711E-01
 7.0711E-01
 8.9308E-01
 1.0000E+00
 1.0000E+00
 1.0000E+00
-7.8540E-01
 1.0639E+00
-5.0000E-01
 8.6603E-01
 0.0000E+00
-5.0000E-01
 8.6603E-01
 8.7212E-01
 1.0000E+00
 1.0000E+00
 1.0000E+00
-5.2360E-01
 5.3193E-01
-2.5882E-01
 9.6593E-01
 0.0000E+00
-2.5882E-01
 9.6593E-01
 8.5944E-01
 1.0000E+00
 1.0000E+00
 1.0000E+00
-2.6180E-01
-0.0000E+00
 0.0000E+00
 1.0000E+00
 0.0000E+00
 0.0000E+00
 1.0000E+00
 8.5520E-01
 1.0000E+00
 1.0000E+00
 1.0000E+00
 0.0000E+00
-5.3193E-01
 2.5882E-01
 9.6593E-01
 0.0000E+00
 2.5882E-01
 9.6593E-01
 8.5944E-01
 1.0000E+00
 1.0000E+00
 1.0000E+00
 2.6180E-01
-1.0639E+00
 5.0000E-01
 8.6603E-01
 0.0000E+00
 5.0000E-01
 8.6603E-01
 8.7212E-01
 1.0000E+00
 1.0000E+00
 1.0000E+00
 5.2360E-01
-1.5958E+00
 7.0711E-01
 7.0711E-01
 0.0000E+00
 7.0711E-01
 7.0711E-01
 8.9308E-01
 1.0000E+00
 1.0000E+00
 1.0000E+00
 7.8540E-01
-2.1277E+00
 8.6603E-01
 5.0000E-01
 0.0000E+00
 8.6603E-01
 5.0000E-01
 9.2195E-01
 1.0000E+00
 1.0000E+00
 1.0000E+00
 1.0472E+00
-2.6596E+00
 9.6593E-01
 2.5882E-01
 0.0000E+00
 9.6593E-01
 2.5882E-01
 9.5802E-01
 1.0000E+00
 1.0000E+00
 1.0000E+00
 1.3090E+00
-3.1916E+00
 1.0000E+00
 6.1232E-17
 0.0000E+00
 1.0000E+00
 6.1232E-17
 1.0000E+00
 1.0000E+00
 1.0000E+00
 1.0000E+00
 1.5708E+00
-3.7235E+00
 9.6593E-01
-2.5882E-01
 0.0000E+00
 9.6593E-01
-2.5882E-01
 1.0458E+00
 1.0000E+00
 1.0000E+00
 1.0000E+00
 1.8326E+00
-4.2554E+00
 8.6603E-01
-5.0000E-01
 0.0000E+00
 8.6603E-01
-5.0000E-01
 1.0925E+00
 1.0000E+00
 1.0000E+00
 1.0000E+00
 2.0944E+00
-4.7874E+00
 7.0711E-01
-7.0711E-01
 0.0000E+00
 7.0711E-01
-7.0711E-01
 1.1360E+00
 1.0000E+00
 1.0000E+00
 1.0000E+00
 2.3562E+00
-5.3193E+00
 5.0000E-01
-8.6603E-01
 0.0000E+00
 5.0000E-01
-8.6603E-01
 1.1718E+00
 1.0000E+00
 1.0000E+00
 1.0000E+00
 2.6180E+00
-5.8512E+00
 2.5882E-01
-9.6593E-01
 0.0000E+00
 2.5882E-01
-9.6593E-01
 1.1955E+00
 1.0000E+00
 1.0000E+00
 1.0000E+00
 2.8798E+00
 6.4117E+00
-1.2246E-16
-1.0000E+00
 0.0000E+00
-1.2246E-16
-1.0000E+00
 1.2049E+00
 1.0000E+00
 1.0000E+00
 1.0000E+00
-3.1416E+00
 5.8774E+00
-2.5882E-01
-9.6593E-01
 0.0000E+00
-2.5882E-01
-9.6593E-01
 1.1966E+00
 1.0000E+00
 1.0000E+00
 1.0000E+00
-2.8798E+00
 5.3431E+00
-5.0000E-01
-8.6603E-01
 0.0000E+00
-5.0000E-01
-8.6603E-01
 1.1727E+00
 1.0000E+00
 1.0000E+00
 1.0000E+00
-2.6180E+00
 4.8088E+00
-7.0711E-01
-7.0711E-01
 0.0000E+00
-7.0711E-01
-7.0711E-01
 1.1367E+00
 1.0000E+00
 1.0000E+00
 1.0000E+00
-2.3562E+00
 4.2745E+00
-8.6603E-01
-5.0000E-01
 0.0000E+00
-8.6603E-01
-5.0000E-01
 1.0929E+00
 1.0000E+00
 1.0000E+00
 1.0000E+00
-2.0944E+00
 3.7402E+00
-9.6593E-01
-2.5882E-01
 0.0000E+00
-9.6593E-01
-2.5882E-01
 1.0460E+00
 1.0000E+00
 1.0000E+00
 1.0000E+00
-1.8326E+00
 3.2059E+00
-1.0000E+00
 6.1232E-17
 0.0000E+00
-1.0000E+00
 6.1232E-17
 1.0000E+00
 1.0000E+00
 1.0000E+00
 1.0000E+00
-1.5708E+00
 2.6715E+00
-9.6593E-01
 2.5882E-01
 0.0000E+00
-9.6593E-01
 2.5882E-01
 9.5784E-01
 1.0000E+00
 1.0000E+00
 1.0000E+00
-1.3090E+00
 2.1372E+00
-8.6603E-01
 5.0000E-01
 0.0000E+00
-8.6603E-01
 5.0000E-01
 9.2163E-01
 1.0000E+00
 1.0000E+00
 1.0000E+00
-1.0472E+00
 1.6029E+00
-7.0711E-01
 7.0711E-01
 0.0000E+00
-7.0711E-01
 7.0711E-01
 8.9265E-01
 1.0000E+00
 1.0000E+00
 1.0000E+00
-7.8540E-01
 1.0686E+00
-5.0000E-01
 8.6603E-01
 0.0000E+00
-5.0000E-01
 8.6603E-01
 8.7162E-01
 1.0000E+00
 1.0000E+00
 1.0000E+00
-5.2360E-01
 5.3431E-01
-2.5882E-01
 9.6593E-01
 0.0000E+00
-2.5882E-01
 9.6593E-01
 8.5890E-01
 1.0000E+00
 1.0000E+00
 1.0000E+00
-2.6180E-01
-0.0000E+00
 0.0000E+00
 1.0000E+00
 0.0000E+00
 0.0000E+00
 1.0000E+00
 8.5465E-01
 1.0000E+00
 1.0000E+00
 1.0000E+00
 0.0000E+00
-5.3431E-01
 2.5882E-01
 9.6593E-01
 0.0000E+00
 2.5882E-01
 9.6593E-01
 8.5890E-01
 1.0000E+00
 1.0000E+00
 1.0000E+00
 2.6180E-01
-1.0686E+00
 5.0000E-01
 8.6603E-01
 0.0000E+00
 5.0000E-01
 8.6603E-01
 8.7162E-01
 1.0000E+00
 1.0000E+00
 1.0000E+00
 5.2360E-01
-1.6029E+00
 7.0711E-01
 7.0711E-01
 0.0000E+00
 7.0711E-01
 7.0711E-01
 8.9265E-01
 1.0000E+00
 1.0000E+00
 1.0000E+00
 7.8540E-01
-2.1372E+00
 8.6603E-01
 5.0000E-01
 0.0000E+00
 8.6603E-01
 5.0000E-01
 9.2163E-01
 1.0000E+00
 1.0000E+00
 1.0000E+00
 1.0472E+00
-2.6715E+00
 9.6593E-01
 2.5882E-01
 0.0000E+00
 9.6593E-01
 2.5882E-01
 9.5784E-01
 1.0000E+00
 1.0000E+00
 1.0000E+00
 1.3090E+00
-3.2059E+00
 1.0000E+00
 6.1232E-17
 0.0000E+00
 1.0000E+00
 6.1232E-17
 1.0000E+00
 1.0000E+00
 1.0000E+00
 1.0000E+00
 1.5708E+00
-3.7402E+00
 9.6593E-01
-2.5882E-01
 0.0000E+00
 9.6593E-01
-2.5882E-01
 1.0460E+00
 1.0000E+00
 1.0000E+00
 1.0000E+00
 1.8326E+00
-4.2745E+00
 8.6603E-01
-5.0000E-01
 0.0000E+00
 8.6603E-01
-5.0000E-01
 1.0929E+00
 1.0000E+00
 1.0000E+00
 1.0000E+00
 2.0944E+00
-4.8088E+00
 7.0711E-01
-7.0711E-01
 0.0000E+00
 7.0711E-01
-7.0711E-01
 1.1367E+00
 1.0000E+00
 1.0000E+00
 1.0000E+00
 2.3562E+00
-5.3431E+00
 5.0000E-01
-8.6603E-01
 0.0000E+00
 5.0000E-01
-8.6603E-01
 1.1727E+00
 1.0000E+00
 1.0000E+00
 1.0000E+00
 2.6180E+00
-5.8774E+00
 2.5882E-01
-9.6593E-01
 0.0000E+00
 2.5882E-01
-9.6593E-01
 1.1966E+00
 1.0000E+00
 1.0000E+00
 1.0000E+00
 2.8798E+00
 6.4403E+00
-1.2246E-16
-1.0000E+00
 0.0000E+00
-1.2246E-16
-1.0000E+00
 1.2060E+00
 1.0000E+00
 1.0000E+00
 1.0000E+00
-3.1416E+00
 5.9036E+00
-2.5882E-01
-9.6593E-01
 0.0000E+00
-2.5882E-01
-9.6593E-01
 1.1976E+00
 1.0000E+00
 1.0000E+00
 1.0000E+00
-2.8798E+00
 5.3669E+00
-5.0000E-01
-8.6603E-01
 0.0000E+00
-5.0000E-01
-8.6603E-01
 1.1736E+00
 1.0000E+00
 1.0000E+00
 1.0000E+00
-2.6180E+00
 4.8302E+00
-7.0711E-01
-7.0711E-01
 0.0000E+00
-7.0711E-01
-7.0711E-01
 1.1374E+00
 1.0000E+00
 1.0000E+00
 1.0000E+00
-2.3562E+00
 4.2935E+00
-8.6603E-01
-5.0000E-01
 0.0000E+00
-8.6603E-01
-5.0000E-01
 1.0934E+00
 1.0000E+00
 1.0000E+00
 1.0000E+00
-2.0944E+00
 3.7568E+00
-9.6593E-01
-2.5882E-01
 0.0000E+00
-9.6593E-01
-2.5882E-01
 1.0463E+00
 1.0000E+00
 1.0000E+00
 1.0000E+00
-1.8326E+00
 3.2201E+00
-1.0000E+00
 6.1232E-17
 0.0000E+00
-1.0000E+00
 6.1232E-17
 1.0000E+00
 1.0000E+00
 1.0000E+00
 1.0000E+00
-1.5708E+00
 2.6834E+00
-9.6593E-01
 2.5882E-01
 0.0000E+00
-9.6593E-01
 2.5882E-01
 9.5766E-01
 1.0000E+00
 1.0000E+00
 1.0000E+00
-1.3090E+00
 2.1468E+00
-8.6603E-01
 5.0000E-01
 0.0000E+00
-8.6603E-01
 5.0000E-01
 9.2131E-01
 1.0000E+00
 1.0000E+00
 1.0000E+00
-1.0472E+00
 1.6101E+00
-7.0711E-01
 7.0711E-01
 0.0000E+00
-7.0711E-01
 7.0711E-01
 8.9222E-01
 1.0000E+00
 1.0000E+00
 1.0000E+00
-7.8540E-01
 1.0734E+00
-5.0000E-01
 8.6603E-01
 0.0000E+00
-5.0000E-01
 8.6603E-01
 8.7112E-01
 1.0000E+00
 1.0000E+00
 1.0000E+00
-5.2360E-01
 5.3669E-01
-2.5882E-01
 9.6593E-01
 0.0000E+00
-2.5882E-01
 9.6593E-01
 8.5836E-01
 1.0000E+00
 1.0000E+00
 1.0000E+00
-2.6180E-01
-0.0000E+00
 0.0000E+00
 1.0000E+00
 0.0000E+00
 0.0000E+00
 1.0000E+00
 8.5409E-01
 1.0000E+00
 1.0000E+00
 1.0000E+00
 0.0000E+00
-5.3669E-01
 2.5882E-01
 9.6593E-01
 0.0000E+00
 2.5882E-01
 9.6593E-01
 8.5836E-01
 1.0000E+00
 1.0000E+00
 1.0000E+00
 2.6180E-01
-1.0734E+00
 5.0000E-01
 8.6603E-01
 0.0000E+00
 5.0000E-01
 8.6603E-01
 8.7112E-01
 1.0000E+00
 1.0000E+00
 1.0000E+00
 5.2360E-01
-1.6101E+00
 7.0711E-01
 7.0711E-01
 0.0000E+00
 7.0711E-01
 7.0711E-01
 8.9222E-01
 1.0000E+00
 1.0000E+00
 1.0000E+00
 7.8540E-01
-2.1468E+00
 8.6603E-01
 5.0000E-01
 0.0000E+00
 8.6603E-01
 5.0000E-01
 9.2131E-01
 1.0000E+00
 1.0000E+00
 1.0000E+00
 1.0472E+00
-2.6834E+00
 9.6593E-01
 2.5882E-01
 0.0000E+00
 9.6593E-01
 2.5882E-01
 9.5766E-01
 1.0000E+00
 1.0000E+00
 1.0000E+00
 1.3090E+00
-3.2201E+00
 1.0000E+00
 6.1232E-17
 0.0000E+00
 1.0000E+00
 6.1232E-17
 1.0000E+00
 1.0000E+00
 1.0000E+00
 1.0000E+00
 1.5708E+00
-3.7568E+00
 9.6593E-01
-2.5882E-01
 0.0000E+00
 9.6593E-01
-2.5882E-01
 1.0463E+00
 1.0000E+00
 1.0000E+00
 1.0000E+00
 1.8326E+00
-4.2935E+00
 8.6603E-01
-5.0000E-01
 0.0000E+00
 8.6603E-01
-5.0000E-01
 1.0934E+00
 1.0000E+00
 1.0000E+00
 1.0000E+00
 2.0944E+00
-4.8302E+00
 7.0711E-01
-7.0711E-01
 0.0000E+00
 7.0711E-01
-7.0711E-01
 1.1374E+00
 1.0000E+00
 1.0000E+00
 1.0000E+00
 2.3562E+00
-5.3669E+00
 5.0000E-01
-8.6603E-01
 0.0000E+00
 5.0000E-01
-8.6603E-01
 1.1736E+00
 1.0000E+00
 1.0000E+00
 1.0000E+00
 2.6180E+00
-5.9036E+00
 2.5882E-01
-9.6593E-01
 0.0000E+00
 2.5882E-01
-9.6593E-01
 1.1976E+00
 1.0000E+00
 1.0000E+00
 1.0000E+00
 2.8798E+00
