 6.14956433E-01
 6.14956433E-01
 3.89331704E-01
 8.80496641E-01
 9.09641953E-01
 9.49162797E-01
 9.05208958E-01
 7.81276334E-01
 7.77195321E-01
 1.08724656E+00
 2.34870677E+00
 2.91280247E+00
 2.04631907E+00
 1.79546688E+00
 2.11481038E+00
 2.81747113E+00
 2.88212868E+00
 2.84835752E+00
 3.11124216E+00
 2.82906230E+00
 2.41026520E+00
 2.45091412E+00
 2.90201889E+00
 3.14769021E+00
 2.69698180E+00
 2.44320064E+00
 2.66846886E+00
 2.94840491E+00
 2.74547872E+00
 2.44145907E+00
 2.46209292E+00
 2.76958053E+00
 3.08346058E+00
 3.20349659E+00
 3.30458832E+00
 3.48575746E+00
 3.62487310E+00
 3.66146981E+00
 3.67419986E+00
 3.70658271E+00
 3.73518414E+00
 3.74511143E+00
 3.74762185E+00
 3.75173107E+00
 3.75596427E+00
 3.75812259E+00
 3.75927636E+00
 3.76064675E+00
 3.76203445E+00
 3.76298042E+00
 3.76355905E+00
 3.76401077E+00
 3.76438989E+00
 3.76466365E+00
 3.76485508E+00
 3.76500867E+00
 3.76513659E+00
 3.76523462E+00
 3.76530881E+00
 3.76536951E+00
 3.76541994E+00
