  7.729018904303892E+00
  1.027804957633608E+01
  6.695648176517114E+00
  6.878445319678935E+00
  4.895328653156335E+00
  5.268565967458948E+00
  3.476092559916586E+00
  4.677509948165409E+00
  8.559429621936815E+00
  1.410086165576040E+01
  1.175179486322416E+01
  8.498837259986741E+00
  9.092961307374869E+00
  1.063991433077855E+01
  9.988015652207233E+00
  9.101049028894783E+00
  9.622906945688090E+00
  1.026791902406184E+01
  9.830565819094232E+00
  9.182855232438270E+00
  9.991484548474114E+00
  1.084027970693835E+01
  9.891640816607897E+00
  9.051193729808759E+00
  9.057729555250679E+00
  1.001024073251655E+01
  1.042832480567967E+01
  9.700999530644440E+00
  9.265565361986937E+00
  9.866891539125389E+00
  1.127687566688121E+01
  1.238466289804631E+01
  1.314393842135339E+01
  1.408456018010110E+01
  1.500274784575766E+01
  1.551974044848500E+01
  1.576828339985515E+01
  1.600661310935063E+01
  1.621111124234068E+01
  1.632244310443200E+01
  1.637485728447751E+01
  1.640998155252396E+01
  1.643488541242121E+01
  1.644802253255472E+01
  1.645472287511228E+01
  1.645969251208419E+01
  1.646326282119255E+01
  1.646509191065463E+01
  1.646626517549010E+01
  1.646707805584500E+01
  1.646715140682608E+01
  1.646713019535685E+01
  1.646731139152916E+01
  1.646751254871322E+01
  1.646762422239221E+01
  1.646775340622509E+01
  1.646796861336874E+01
  1.646819464355938E+01
  1.646836829222295E+01
  1.646851272911904E+01
