           8
           4
          20
           6
           1
   4
 -0.950281847227957     
 -0.952991293329405     
 -0.958555456401528     
 -0.964846280795325     
 -0.970774924071944     
 -0.973643833770617     
 -0.970774924071944     
 -0.964846280795325     
 -0.958555456401528     
 -0.952991293329405     
  0.950281847227957     
  0.952991293329405     
  0.958555456401528     
  0.964846280795325     
  0.970774924071944     
  0.973643833770617     
  0.970774924071944     
  0.964846280795325     
  0.958555456401528     
  0.952991293329405     
 -0.757031941066468     
 -0.770476528967588     
 -0.798797375681126     
 -0.831296977670403     
 -0.862491732798598     
 -0.878056443434110     
 -0.862491732798599     
 -0.831296977670403     
 -0.798797375681127     
 -0.770476528967589     
  0.757031941066468     
  0.770476528967588     
  0.798797375681126     
  0.831296977670403     
  0.862491732798598     
  0.878056443434110     
  0.862491732798599     
  0.831296977670403     
  0.798797375681127     
  0.770476528967589     
 -0.475756872640157     
 -0.504095032266108     
 -0.568584345876061     
 -0.645805133287110     
 -0.723184457478255     
 -0.764829112571673     
 -0.723184457478256     
 -0.645805133287111     
 -0.568584345876062     
 -0.504095032266108     
  0.475756872640157     
  0.504095032266108     
  0.568584345876061     
  0.645805133287110     
  0.723184457478255     
  0.764829112571673     
  0.723184457478256     
  0.645805133287111     
  0.568584345876062     
  0.504095032266108     
 -0.184833972823272     
 -0.219187159810673     
 -0.315140022649387     
 -0.449927275492143     
 -0.599020536735078     
 -0.694165569888828     
 -0.599020536735082     
 -0.449927275492147     
 -0.315140022649391     
 -0.219187159810675     
  0.184833972823272     
  0.219187159810673     
  0.315140022649387     
  0.449927275492143     
  0.599020536735078     
  0.694165569888828     
  0.599020536735082     
  0.449927275492147     
  0.315140022649391     
  0.219187159810675     
 -2.107342425544702E-008
 -0.107620874695923     
 -0.236069197133534     
 -0.391384806749417     
 -0.560297462795418     
 -0.669193985978186     
 -0.560297454857957     
 -0.391384798645289     
 -0.236069189764763     
 -0.107620867809147     
 -2.107342425544702E-008
  0.107620867809147     
  0.236069189764763     
  0.391384798645289     
  0.560297454857957     
  0.669193985978186     
  0.560297462795418     
  0.391384806749417     
  0.236069197133534     
  0.107620874695923     
 -1.490116119384766E-008
 -0.132978315722525     
 -0.268522416019984     
 -0.406768485486462     
 -0.536955109883994     
 -0.603431237267789     
 -0.536955106527214     
 -0.406768481820989     
 -0.268522413021568     
 -0.132978314161288     
 -1.490116119384766E-008
  0.132978314161288     
  0.268522413021568     
  0.406768481820989     
  0.536955106527214     
  0.603431237267789     
  0.536955109883994     
  0.406768485486462     
  0.268522416019984     
  0.132978315722525     
 -2.107342425544702E-008
 -0.118130441788565     
 -0.233491560613273     
 -0.340911671523359     
 -0.425577643216479     
 -0.460035887675898     
 -0.425577641384046     
 -0.340911668624893     
 -0.233491557107985     
 -0.118130437668390     
 -1.490116119384766E-008
  0.118130437668390     
  0.233491557107985     
  0.340911668624893     
  0.425577641384046     
  0.460035887675898     
  0.425577643216479     
  0.340911671523359     
  0.233491560613273     
  0.118130441788565     
 -1.053671212772351E-008
 -6.529383351099473E-002
 -0.127681596030435     
 -0.179075921347423     
 -0.213646970292851     
 -0.226011353526876     
 -0.213646973709714     
 -0.179075928620398     
 -0.127681605592849     
 -6.529384409658778E-002
 -2.107342425544702E-008
  6.529384409658778E-002
  0.127681605592849     
  0.179075928620398     
  0.213646973709714     
  0.226011353526876     
  0.213646970292851     
  0.179075921347423     
  0.127681596030435     
  6.529383351099473E-002
  -1.00000000000000     
 -0.802765655011610     
 -0.630656725354991     
 -0.460782649397155     
 -0.254946578809380     
 -3.489775275494692E-016
  0.254946578809380     
  0.460782649397155     
  0.630656725354991     
  0.802765655011611     
  -1.00000000000000     
 -0.802765655011610     
 -0.630656725354991     
 -0.460782649397155     
 -0.254946578809380     
 -3.489775275494692E-016
  0.254946578809380     
  0.460782649397155     
  0.630656725354991     
  0.802765655011611     
  -1.00000000000000     
 -0.813104711807147     
 -0.645368105672122     
 -0.476848413154798     
 -0.268349067217179     
 -7.597991739051735E-016
  0.268349067217178     
  0.476848413154797     
  0.645368105672122     
  0.813104711807147     
  -1.00000000000000     
 -0.813104711807147     
 -0.645368105672122     
 -0.476848413154798     
 -0.268349067217179     
 -7.597991739051735E-016
  0.268349067217178     
  0.476848413154797     
  0.645368105672122     
  0.813104711807147     
  -1.00000000000000     
 -0.839660166382512     
 -0.683577799873628     
 -0.517938554428080     
 -0.303296766099684     
 -7.200422403868795E-016
  0.303296766099683     
  0.517938554428081     
  0.683577799873629     
  0.839660166382512     
  -1.00000000000000     
 -0.839660166382512     
 -0.683577799873628     
 -0.517938554428080     
 -0.303296766099684     
 -7.200422403868795E-016
  0.303296766099683     
  0.517938554428081     
  0.683577799873629     
  0.839660166382512     
  -1.00000000000000     
 -0.899950155616014     
 -0.775911839044911     
 -0.615162618458525     
 -0.387396022524820     
 -4.479281176394453E-015
  0.387396022524815     
  0.615162618458522     
  0.775911839044909     
  0.899950155616013     
  -1.00000000000000     
 -0.899950155616014     
 -0.775911839044911     
 -0.615162618458525     
 -0.387396022524820     
 -4.479281176394453E-015
  0.387396022524815     
  0.615162618458522     
  0.775911839044909     
  0.899950155616013     
 -0.857980022935888     
 -0.831140052051057     
 -0.749741798269735     
 -0.611017075493069     
 -0.391708856204696     
  1.133687164415754E-008
  0.391708870091354     
  0.611017083832453     
  0.749741803911161     
  0.831140055257531     
  0.857980022935890     
  0.831140055257531     
  0.749741803911161     
  0.611017083832453     
  0.391708870091354     
  1.133687164415754E-008
 -0.391708856204696     
 -0.611017075493069     
 -0.749741798269735     
 -0.831140052051057     
 -0.639619658485115     
 -0.619179888180646     
 -0.557457583871035     
 -0.448801014221740     
 -0.269445022123665     
  4.392746985862834E-009
  0.269445028827708     
  0.448801017873171     
  0.557457585692522     
  0.619179888654655     
  0.639619658485118     
  0.619179888654655     
  0.557457585692522     
  0.448801017873171     
  0.269445028827708     
  4.392746985862834E-009
 -0.269445022123665     
 -0.448801014221740     
 -0.557457583871035     
 -0.619179888180646     
 -0.413570774978868     
 -0.398840996807558     
 -0.353060555280496     
 -0.271579782459712     
 -0.150271338472587     
  2.180986216758972E-009
  0.150271342424995     
  0.271579785424041     
  0.353060557237330     
  0.398840997872014     
  0.413570774978870     
  0.398840997872014     
  0.353060557237330     
  0.271579785424041     
  0.150271342424995     
  2.180986216758972E-009
 -0.150271338472587     
 -0.271579782459712     
 -0.353060555280496     
 -0.398840996807558     
 -0.178276824964867     
 -0.170267650270896     
 -0.146159792411693     
 -0.107292295816049     
 -5.685938924139732E-002
 -4.699333541690436E-009
  5.685938039797509E-002
  0.107292288489766     
  0.146159787270671     
  0.170267647673965     
  0.178276824964870     
  0.170267647673965     
  0.146159787270671     
  0.107292288489766     
  5.685938039797509E-002
 -4.699333541690436E-009
 -5.685938924139732E-002
 -0.107292295816049     
 -0.146159792411693     
 -0.170267650270896     
