 7.3691E-15
-3.7539E-15
 8.3377E-01
-1.8590E-02
-4.4131E-15
 9.8259E-01
 4.4734E-01
 6.9594E-01
 1.1295E+00
 3.9605E-01
-4.4131E-15
 7.3830E-15
-4.1495E-15
 8.3352E-01
-1.8608E-02
-4.4131E-15
 9.8261E-01
 4.4711E-01
 6.9582E-01
 1.1295E+00
 3.9585E-01
-4.4062E-15
 7.3969E-15
-2.1788E-15
 8.3326E-01
-1.8627E-02
-4.4270E-15
 9.8264E-01
 4.4688E-01
 6.9571E-01
 1.1295E+00
 3.9564E-01
-4.4062E-15
 7.4107E-15
-3.3584E-15
 8.3301E-01
-1.8645E-02
-4.4270E-15
 9.8266E-01
 4.4665E-01
 6.9560E-01
 1.1295E+00
 3.9544E-01
-4.3993E-15
 7.4107E-15
-3.3584E-15
 8.3276E-01
-1.8664E-02
-4.4131E-15
 9.8269E-01
 4.4642E-01
 6.9549E-01
 1.1295E+00
 3.9524E-01
-4.3993E-15
 7.4246E-15
-2.5813E-15
 8.3250E-01
-1.8683E-02
-4.4131E-15
 9.8271E-01
 4.4620E-01
 6.9538E-01
 1.1295E+00
 3.9504E-01
-4.3923E-15
