 i    energy(i)    w_energy(i) 
--- ------------  ------------ 
 1  0.1078183154  0.0635404654
 2  0.3500828453  0.1372561717
 3  0.6938122689  0.1873704710
 4  1.1584709317  0.2050996484
 5  1.7916103850  0.1873704710
 6  2.6947340750  0.1372561717
 7  4.0614273853  0.0635404654
 8  5.0000000000  0.0185661355
 
 k   tau(k)/2pi     s_lambda(k)   lambda(k)   w_lambda(k)
--- ------------  ------------ ------------  -----------
 1  0.9433162452  0.0364397345  0.1164610367  0.0456409388
 2  1.1117330100  0.1731980176  0.5127399180  0.0855659121
 3  1.4815381463  0.3516293859  0.9292142236  0.0855659121
 4  2.2425836679  0.4883876689  1.1600370462  0.0456409388
lambda-TP:                      1.2010699154
 5  2.3823616566  0.5578195131  1.2362600616  0.0413227725
 6  1.6806930535  0.6816388641  1.4236344016  0.0774703766
 7  1.1778091951  0.8431885393  1.7650542523  0.0774703766
 8  0.8933413414  0.9670078903  2.1245096778  0.0413227725
lambda-MAX:                     2.2388738907
 
 k   tau(k)/2pi     s_lambda(k)   lambda(k)   w_lambda(k)
--- ------------  ------------ ------------  -----------
 1  0.9433162452  0.0364397345  0.1164610367  0.0456409388
 2  1.1117330100  0.1731980176  0.5127399180  0.0855659121
 3  1.4815381463  0.3516293859  0.9292142236  0.0855659121
 4  2.2425836679  0.4883876689  1.1600370462  0.0456409388
lambda-TP:                      1.2010699154
 5  2.3823616566  0.5578195131  1.2362600616  0.0413227725
 6  1.6806930535  0.6816388641  1.4236344016  0.0774703766
 7  1.1778091951  0.8431885393  1.7650542523  0.0774703766
 8  0.8933413414  0.9670078903  2.1245096778  0.0413227725
lambda-MAX:                     2.2388738907
