----------------------------------------------------------------------------------- 
 => ion # 1
 r           dlntdr_s    dlnndr_s    tem_s       den_s       alpha_s     (null)      
----------------------------------------------------------------------------------- 
 8.4832E-01  3.1904E+00  1.2619E+00  1.3390E+00  1.0000E+00  7.4681E-01  0.0000E+00
 8.4888E-01  3.1904E+00  1.2619E+00  1.3390E+00  1.0000E+00  7.4681E-01  0.0000E+00
 8.4944E-01  3.1904E+00  1.2619E+00  1.3390E+00  1.0000E+00  7.4681E-01  0.0000E+00
 8.5000E-01  3.1904E+00  1.2619E+00  1.3390E+00  1.0000E+00  7.4681E-01  0.0000E+00
 8.5056E-01  3.1904E+00  1.2619E+00  1.3390E+00  1.0000E+00  7.4681E-01  0.0000E+00
 8.5112E-01  3.1904E+00  1.2619E+00  1.3390E+00  1.0000E+00  7.4681E-01  0.0000E+00
----------------------------------------------------------------------------------- 
=> electrons
 r           dlntdr_s    dlnndr_s    tem_s       den_s       alpha_s     (null)      
----------------------------------------------------------------------------------- 
 8.4832E-01  7.1385E+00  1.2619E+00  1.0000E+00  1.0000E+00  1.0000E+00  0.0000E+00
 8.4888E-01  7.1385E+00  1.2619E+00  1.0000E+00  1.0000E+00  1.0000E+00  0.0000E+00
 8.4944E-01  7.1385E+00  1.2619E+00  1.0000E+00  1.0000E+00  1.0000E+00  0.0000E+00
 8.5000E-01  7.1385E+00  1.2619E+00  1.0000E+00  1.0000E+00  1.0000E+00  0.0000E+00
 8.5056E-01  7.1385E+00  1.2619E+00  1.0000E+00  1.0000E+00  1.0000E+00  0.0000E+00
 8.5112E-01  7.1385E+00  1.2619E+00  1.0000E+00  1.0000E+00  1.0000E+00  0.0000E+00
----------------------------------------------------------------------------------- 
 => Geometry
 r           q_s         shat_s      kappa_s     s_kappa_s   delta_s     s_delta_s   
----------------------------------------------------------------------------------- 
 8.4832E-01  3.1845E+00  2.6487E+00  1.3833E+00  3.4753E-01  2.2108E-01  5.6567E-01
 8.4888E-01  3.1845E+00  2.6487E+00  1.3833E+00  3.4753E-01  2.2108E-01  5.6567E-01
 8.4944E-01  3.1845E+00  2.6487E+00  1.3833E+00  3.4753E-01  2.2108E-01  5.6567E-01
 8.5000E-01  3.1845E+00  2.6487E+00  1.3833E+00  3.4753E-01  2.2108E-01  5.6567E-01
 8.5056E-01  3.1845E+00  2.6487E+00  1.3833E+00  3.4753E-01  2.2108E-01  5.6567E-01
 8.5112E-01  3.1845E+00  2.6487E+00  1.3833E+00  3.4753E-01  2.2108E-01  5.6567E-01
----------------------------------------------------------------------------------- 
 => Geometry
 r           R/r         drmaj_s     b_unit_s    beta_unit_s rhosda_s    (null)      
----------------------------------------------------------------------------------- 
 8.4832E-01  3.2831E+00 -1.1466E-01  1.0000E+00  3.8439E-04  2.5000E-03  0.0000E+00
 8.4888E-01  3.2831E+00 -1.1466E-01  1.0000E+00  3.8439E-04  2.5000E-03  0.0000E+00
 8.4944E-01  3.2831E+00 -1.1466E-01  1.0000E+00  3.8439E-04  2.5000E-03  0.0000E+00
 8.5000E-01  3.2831E+00 -1.1466E-01  1.0000E+00  3.8439E-04  2.5000E-03  0.0000E+00
 8.5056E-01  3.2831E+00 -1.1466E-01  1.0000E+00  3.8439E-04  2.5000E-03  0.0000E+00
 8.5112E-01  3.2831E+00 -1.1466E-01  1.0000E+00  3.8439E-04  2.5000E-03  0.0000E+00
----------------------------------------------------------------------------------- 
 => Geometry and Flows
 r           r_s         r_e         dr_eodr     q           (null)      (null)      
----------------------------------------------------------------------------------- 
 8.4832E-01  8.5000E-01  8.4832E-01  1.0000E+00  3.1679E+00  0.0000E+00  0.0000E+00
 8.4888E-01  8.5000E-01  8.4888E-01  1.0000E+00  3.1734E+00  0.0000E+00  0.0000E+00
 8.4944E-01  8.5000E-01  8.4944E-01  1.0000E+00  3.1790E+00  0.0000E+00  0.0000E+00
 8.5000E-01  8.5000E-01  8.5000E-01  1.0000E+00  3.1845E+00  0.0000E+00  0.0000E+00
 8.5056E-01  8.5000E-01  8.5056E-01  1.0000E+00  3.1901E+00  0.0000E+00  0.0000E+00
 8.5112E-01  8.5000E-01  8.5112E-01  1.0000E+00  3.1957E+00  0.0000E+00  0.0000E+00
----------------------------------------------------------------------------------- 
 => Geometry and Flows
 r           gamma_e_s   gamma_p_s   mach_s      z_eff_s     nu_s        (null)      
----------------------------------------------------------------------------------- 
 8.4832E-01  1.4926E-01 -1.5606E+00 -1.3177E-01  1.3273E+00  6.8946E-01  0.0000E+00
 8.4888E-01  1.4926E-01 -1.5606E+00 -1.3177E-01  1.3273E+00  6.8946E-01  0.0000E+00
 8.4944E-01  1.4926E-01 -1.5606E+00 -1.3177E-01  1.3273E+00  6.8946E-01  0.0000E+00
 8.5000E-01  1.4926E-01 -1.5606E+00 -1.3177E-01  1.3273E+00  6.8946E-01  0.0000E+00
 8.5056E-01  1.4926E-01 -1.5606E+00 -1.3177E-01  1.3273E+00  6.8946E-01  0.0000E+00
 8.5112E-01  1.4926E-01 -1.5606E+00 -1.3177E-01  1.3273E+00  6.8946E-01  0.0000E+00
----------------------------------------------------------------------------------- 
 => Geometry and Flows
 r           gamma_t_s   gamma_n_s   gamma_eb_s  gamma_HB    w0_s        w0p_s       
----------------------------------------------------------------------------------- 
 8.4832E-01  1.5582E-02  8.2530E-03  1.4926E-01  4.2634E-01  0.0000E+00  0.0000E+00
 8.4888E-01  1.5545E-02  8.2331E-03  1.4926E-01  4.2634E-01  0.0000E+00  0.0000E+00
 8.4944E-01  1.5507E-02  8.2133E-03  1.4926E-01  4.2634E-01  0.0000E+00  0.0000E+00
 8.5000E-01  1.5470E-02  8.1936E-03  1.4926E-01  4.2634E-01  0.0000E+00  0.0000E+00
 8.5056E-01  1.5433E-02  8.1739E-03  1.4926E-01  4.2634E-01  0.0000E+00  0.0000E+00
 8.5112E-01  1.5396E-02  8.1543E-03  1.4926E-01  4.2634E-01  0.0000E+00  0.0000E+00
----------------------------------------------------------------------------------- 
 => Geometry and Flows
 r           (null)      (null)      (null)      zmag_s      V (volume)  dV/dr       
----------------------------------------------------------------------------------- 
 8.4832E-01  0.0000E+00  0.0000E+00  0.0000E+00  0.0000E+00  5.3428E+01  1.3842E+02
 8.4888E-01  0.0000E+00  0.0000E+00  0.0000E+00  0.0000E+00  5.3428E+01  1.3842E+02
 8.4944E-01  0.0000E+00  0.0000E+00  0.0000E+00  0.0000E+00  5.3428E+01  1.3842E+02
 8.5000E-01  0.0000E+00  0.0000E+00  0.0000E+00  0.0000E+00  5.3428E+01  1.3842E+02
 8.5056E-01  0.0000E+00  0.0000E+00  0.0000E+00  0.0000E+00  5.3428E+01  1.3842E+02
 8.5112E-01  0.0000E+00  0.0000E+00  0.0000E+00  0.0000E+00  5.3428E+01  1.3842E+02
