   6
   6
   4
   4
   8
   1
  30
   1
  10
   0
   0
   2
   1
   1
   2
   2
   0
   1
   0
   1
 8.48320443E-01
 8.48880296E-01
 8.49440148E-01
 8.50000000E-01
 8.50559852E-01
 8.51119704E-01
 3.16788105E+00
 3.17343661E+00
 3.17899216E+00
 3.18454772E+00
 3.19010327E+00
 3.19565883E+00
 8.50000000E-01
 8.50000000E-01
 8.50000000E-01
 8.50000000E-01
 8.50000000E-01
 8.50000000E-01
 3.18454772E+00
 3.18454772E+00
 3.18454772E+00
 3.18454772E+00
 3.18454772E+00
 3.18454772E+00
 3.19035446E+00
 7.13849902E+00
 3.19035446E+00
 7.13849902E+00
 3.19035446E+00
 7.13849902E+00
 3.19035446E+00
 7.13849902E+00
 3.19035446E+00
 7.13849902E+00
 3.19035446E+00
 7.13849902E+00
 1.26192176E+00
 1.26192176E+00
 1.26192176E+00
 1.26192176E+00
 1.26192176E+00
 1.26192176E+00
 1.26192176E+00
 1.26192176E+00
 1.26192176E+00
 1.26192176E+00
 1.26192176E+00
 1.26192176E+00
 1.33902986E+00
 1.00000000E+00
 1.33902986E+00
 1.00000000E+00
 1.33902986E+00
 1.00000000E+00
 1.33902986E+00
 1.00000000E+00
 1.33902986E+00
 1.00000000E+00
 1.33902986E+00
 1.00000000E+00
 1.00000000E+00
 1.00000000E+00
 1.00000000E+00
 1.00000000E+00
 1.00000000E+00
 1.00000000E+00
 1.00000000E+00
 1.00000000E+00
 1.00000000E+00
 1.00000000E+00
 1.00000000E+00
 1.00000000E+00
 3.28308927E+00
 3.28308927E+00
 3.28308927E+00
 3.28308927E+00
 3.28308927E+00
 3.28308927E+00
 2.21081830E-01
 2.21081830E-01
 2.21081830E-01
 2.21081830E-01
 2.21081830E-01
 2.21081830E-01
-1.26441151E-02
-1.26441151E-02
-1.26441151E-02
-1.26441151E-02
-1.26441151E-02
-1.26441151E-02
 1.38333513E+00
 1.38333513E+00
 1.38333513E+00
 1.38333513E+00
 1.38333513E+00
 1.38333513E+00
-1.14658009E-01
-1.14658009E-01
-1.14658009E-01
-1.14658009E-01
-1.14658009E-01
-1.14658009E-01
 2.64865408E+00
 2.64865408E+00
 2.64865408E+00
 2.64865408E+00
 2.64865408E+00
 2.64865408E+00
 5.65667653E-01
 5.65667653E-01
 5.65667653E-01
 5.65667653E-01
 5.65667653E-01
 5.65667653E-01
-2.77360300E-02
-2.77360300E-02
-2.77360300E-02
-2.77360300E-02
-2.77360300E-02
-2.77360300E-02
 3.47528943E-01
 3.47528943E-01
 3.47528943E-01
 3.47528943E-01
 3.47528943E-01
 3.47528943E-01
 0.00000000E+00
 0.00000000E+00
 0.00000000E+00
 0.00000000E+00
 0.00000000E+00
 0.00000000E+00
 0.00000000E+00
 0.00000000E+00
 0.00000000E+00
 0.00000000E+00
 0.00000000E+00
 0.00000000E+00
 3.84388304E-04
 3.84388304E-04
 3.84388304E-04
 3.84388304E-04
 3.84388304E-04
 3.84388304E-04
 1.49262188E-01
 1.49262188E-01
 1.49262188E-01
 1.49262188E-01
 1.49262188E-01
 1.49262188E-01
-1.56055923E+00
-1.56055923E+00
-1.56055923E+00
-1.56055923E+00
-1.56055923E+00
-1.56055923E+00
-1.31767731E-01
-1.31767731E-01
-1.31767731E-01
-1.31767731E-01
-1.31767731E-01
-1.31767731E-01
 1.00000000E+00
 1.00000000E+00
 1.00000000E+00
 1.00000000E+00
 1.00000000E+00
 1.00000000E+00
 1.00000000E+00
 1.00000000E+00
 1.00000000E+00
 1.00000000E+00
 1.00000000E+00
 1.00000000E+00
 1.32729318E+00
 1.32729318E+00
 1.32729318E+00
 1.32729318E+00
 1.32729318E+00
 1.32729318E+00
 6.89463749E-01
 6.89463749E-01
 6.89463749E-01
 6.89463749E-01
 6.89463749E-01
 6.89463749E-01
 0.00000000E+00
 0.00000000E+00
 0.00000000E+00
 0.00000000E+00
 0.00000000E+00
 0.00000000E+00
 1.00000000E+00
 1.16461037E-01
 5.12739918E-01
 9.29214224E-01
 1.16003705E+00
 1.23626006E+00
 1.42363440E+00
 1.76505425E+00
 2.12450968E+00
 1.07818315E-01
 3.50082845E-01
 6.93812269E-01
 1.15847093E+00
 1.79161038E+00
 2.69473408E+00
 4.06142739E+00
 5.00000000E+00
 1.20106992E+00
 2.80989504E-01
 2.50000000E-03
 1.00000000E+00
-1.00000000E+00
   1
   2
