[GYRO MPI tasks: 1]
[Parsing data in input.gyro]
 -----------------------------------------------
 operational mode     : INITIAL VALUE
 boundary conditions  : PERIODIC
 profiles             : FLAT
 geometry             : MODEL SHAPE
 electron_method      : IMPLICIT DRIFT-KINETIC ELECTRONS
 fluctuations         : ELECTROSTATIC
 gyro_method          : ORIGINAL (INTEGRATED) POLARIZATION
 fluctuation output   : PHI( ) N( ) E( ) V( )                   
 radial grid          : UNIFORM
 integrator_method    : IMEX2
 field solve          : UMFPACK (SEQUENTIAL)
 source_flag          : SOURCE OFF
 pitch-angle coll.    : RBF r^3
 rotation parameters  : CANDY METHOD
 nonlinear dynamics   : OFF
 linear diffusivity   : RESPONSE FUNCTION
 -----------------------------------------------
----------------------------------------------------------
INFO: Forcing up-down symmetry (UDSYMMETRY_FLAG=1).
----------------------------------------------------------
----------------------------------------------------------
INFO: You are using TOROIDAL_REFERENCE=-1
----------------------------------------------------------
----------------------------------------------------------
INFO: TOROIDAL_REFERENCE reset to lowest nonzero mode.
----------------------------------------------------------
----------------------------------------------------------
INFO: nu_ii rescaled by: 0.000
----------------------------------------------------------
 ----------- SPARSE MATRIX STATS ---------------
 EXPLICIT POISSON:     n>0           
         nonzeros:     1296
           values:     3924
          indices:     5257
       iterations:        1
 
      TOTAL FIELD:     n>0           
         nonzeros:     1296
           values:     3924
          indices:     5257
       iterations:        1
 
----------------------------------------------------------
INFO: Restart data not available.  Reseting restart_method.
----------------------------------------------------------
 ----------- UTILITY PARAMETERS ----------------
 Ion parallel motion     : ON
 Ion curvature drift     : ON
 Electron curvature drift: ON
 ----------- GRID DIMENSIONS -------------------
 n_n                  :    1
 n_x                  :    6
 n_stack              :   20
 n_blend              :    6
 n_pass               :    4
 n_trap               :    4
 n_energy             :    8
 n_field              :    1
 --
 n_spec               :    2
 n_ion                :    1
 n_kinetic            :    2
 n_gk                 :    1
 indx_e               :    2
 --
 FIELD POINTS:        :        36
 DIST. POINTS:        :     15360
 --
 energy_max           :   5.000000
 dt                   :   0.050000
 --------------- LOCAL PARAMETERS ---------------
  NOTE: use abs(SAFETY_FACTOR) as input
 # RADIUS [INPUT]     :   0.850000
 .RADIUS              :   0.850000
 .ASPECT_RATIO        :   2.790626
 .SHIFT               :  -0.114658
 .ZMAG                :   0.000000
 .DZMAG               :   0.000000
 .KAPPA               :   1.383335
 .S_KAPPA             :   0.347529
 .DELTA               :   0.221082
 .S_DELTA             :   0.565668
 .ZETA                :  -0.012644
 .S_ZETA              :  -0.027736
 .SAFETY_FACTOR       :   3.184548
 .SHEAR               :   2.648654
 .RHO_STAR            :   0.002500
 .Z_EFF               :   1.327293
 .MACH                :  -0.131768
 .PGAMMA              :  -1.560559
 .GAMMA_E             :   0.149262
 .LAMBDA_DEBYE        :   0.000000
 .NU_EI               :   0.689464
 .NU_I_KROOK          :   0.000000
 .IPCCW               :   1.000000
 .BTCCW               :  -1.000000
 # Ion  1
 .NI_OVER_NE          :   1.000000
 .TI_OVER_TE          :   1.339030
 .DLNNDR              :   1.261922
 .DLNTDR              :   3.190354
 .Z                   :   1.000000
 (NU_II)              :   0.000000
 .MU                  :   1.000000
 # Electrons
 .DLNNDR_ELECTRON     :   1.261922
 .DLNTDR_ELECTRON     :   6.138499
 (Z_ELECTRON)         :  -1.000000
 .BETAE_UNIT          :   0.000164
 .MU_ELECTRON         :  60.599098
 --------------- TGLF PARAMETERS ---------------
 Q_PRIME              :  37.177734
 P_PRIME              :   0.000327
 -------- LOCAL PARAMETERS (diagnostic) ----------
 n_i*z_i - n_e:       :   0.000000
 r/R0                 :   0.304591
 b_unit               :   1.000000
 beta_unit_norm       :   0.000384
 betai_unit           :   0.000220
 betae_unit_norm      :   0.000164
 beta_*               :   0.002196
 alpha_MHD            :   0.062145
 omega_00 (c_s/a)     :   0.000000
 * Note that f = f_sim exp(i n omega0[r0] t)
 -------- ALFVEN WAVE PARAMETERS (diagnostic) ----------
 (v_A/c_s)            : 110.318361
 Omega_TAE            :   6.206810
 Omega_A              :  12.413619
 ----------- UPWIND PARAMETERS -----------------
 radial_upwind        :   1.000000
 orbit_upwind         :   1.000000
 orbit_upwind (elec)  :   0.000000
 ----------- SOURCE PARAMETERS -----------------
 nu_source            :   0.100000
 n_source             :    1
 ----------- RADIAL DOMAIN PARAMETERS ----------
 s_grid               :   2.648654
 box_multiplier       :   1.000000
 L/a                  :   0.003359
 --
 explicit_damp(i)     :   0 (  1.0000)
 explicit_damp(e)     :   0 (  1.0000)
 --
 offset               :   0 (  0.0000)
 LEFT : r_a           :   0.848320
 LEFT : r_a_physical  :   0.848320
 NORM : r(ir_norm)    :   0.850000
 RIGHT: r_b_physical  :   0.851120
 RIGHT: r_b           :   0.851120
 ----------- PARALLELIZATION PARAMETERS --------
 (nek) per subgroup:  :        64
 (ine) per subgroup:  :        48
 ----------- TIME STEPPING PARAMETERS ----------
 plot_filter          :   1.000000
 time_skip            :    20
 restart_data_skip    :    10
 ----------- STABILITY PARAMETERS ----------------
 d/dtau Courant       :   1.920832
   d/dr Courant       :   1.281295
 Log(RBF Cond. num.)  :   7.704403
 ----------- SETUP TIMING ----------------------
 Grid Setup           :   0.091694
 Build radial ops     :   0.013166
 Build advection ops  :   0.069391
 Build field matrices :   0.141173
 
 TOTAL SETUP          :   1.400174
 -------- CENTRAL WAVENUMBERS SIMULATED -----------
     (k_y = nq/r, rho = rho_sD_unit)
 n =    30   k_y rho =  0.281 [ 0.281][ 0.281]
 min(k_x*rho_sD)      :     4.676223
 max(k_x*rho_sD)      :     7.014334
 --------------- CENTRAL BOX SIZE -----------------
 abs(Lx/rho_sD)       :     1.343645
 abs(Ly/rho_sD)       :    22.360925
 => abs(dx/rho_sD)    :     0.223941
 --------------------------------------------------
 ------------ GYRO-OPERATOR BANDWIDTH -------------
 => EXACT BESSEL.
 --------------------------------------------------
 PLEASE SEE: 
  - units.out for normalizing parameters
  - alloc.out for memory usage
  - efficiency.out for parallelization efficiency
  - phase_space.out for velocity-space nodes and weights
 -----------------------------------------------
 operational mode     : INITIAL VALUE
 boundary conditions  : PERIODIC
 profiles             : FLAT
 geometry             : MODEL SHAPE
 electron_method      : IMPLICIT DRIFT-KINETIC ELECTRONS
 fluctuations         : ELECTROSTATIC
 gyro_method          : ORIGINAL (INTEGRATED) POLARIZATION
 fluctuation output   : PHI( ) N( ) E( ) V( )                   
 radial grid          : UNIFORM
 integrator_method    : IMEX2
 field solve          : UMFPACK (SEQUENTIAL)
 source_flag          : SOURCE OFF
 pitch-angle coll.    : RBF r^3
 rotation parameters  : CANDY METHOD
 nonlinear dynamics   : OFF
 linear diffusivity   : RESPONSE FUNCTION
 -----------------------------------------------
----------------------------------------------------------
INFO: Forcing up-down symmetry (UDSYMMETRY_FLAG=1).
----------------------------------------------------------
----------------------------------------------------------
INFO: You are using TOROIDAL_REFERENCE=-1
----------------------------------------------------------
----------------------------------------------------------
INFO: TOROIDAL_REFERENCE reset to lowest nonzero mode.
----------------------------------------------------------
----------------------------------------------------------
INFO: nu_ii rescaled by: 0.000
----------------------------------------------------------
 ----------- SPARSE MATRIX STATS ---------------
 EXPLICIT POISSON:     n>0           
         nonzeros:     1296
           values:     3924
          indices:     5257
       iterations:        1
 
      TOTAL FIELD:     n>0           
         nonzeros:     1296
           values:     3924
          indices:     5257
       iterations:        1
 
 ----------- UTILITY PARAMETERS ----------------
 Ion parallel motion     : ON
 Ion curvature drift     : ON
 Electron curvature drift: ON
 ----------- GRID DIMENSIONS -------------------
 n_n                  :    1
 n_x                  :    6
 n_stack              :   20
 n_blend              :    6
 n_pass               :    4
 n_trap               :    4
 n_energy             :    8
 n_field              :    1
 --
 n_spec               :    2
 n_ion                :    1
 n_kinetic            :    2
 n_gk                 :    1
 indx_e               :    2
 --
 FIELD POINTS:        :        36
 DIST. POINTS:        :     15360
 --
 energy_max           :   5.000000
 dt                   :   0.050000
 --------------- LOCAL PARAMETERS ---------------
  NOTE: use abs(SAFETY_FACTOR) as input
 # RADIUS [INPUT]     :   0.850000
 .RADIUS              :   0.850000
 .ASPECT_RATIO        :   2.790626
 .SHIFT               :  -0.114658
 .ZMAG                :   0.000000
 .DZMAG               :   0.000000
 .KAPPA               :   1.383335
 .S_KAPPA             :   0.347529
 .DELTA               :   0.221082
 .S_DELTA             :   0.565668
 .ZETA                :  -0.012644
 .S_ZETA              :  -0.027736
 .SAFETY_FACTOR       :   3.184548
 .SHEAR               :   2.648654
 .RHO_STAR            :   0.002500
 .Z_EFF               :   1.327293
 .MACH                :  -0.131768
 .PGAMMA              :  -1.560559
 .GAMMA_E             :   0.149262
 .LAMBDA_DEBYE        :   0.000000
 .NU_EI               :   0.689464
 .NU_I_KROOK          :   0.000000
 .IPCCW               :   1.000000
 .BTCCW               :  -1.000000
 # Ion  1
 .NI_OVER_NE          :   1.000000
 .TI_OVER_TE          :   1.339030
 .DLNNDR              :   1.261922
 .DLNTDR              :   3.390354
 .Z                   :   1.000000
 (NU_II)              :   0.000000
 .MU                  :   1.000000
 # Electrons
 .DLNNDR_ELECTRON     :   1.261922
 .DLNTDR_ELECTRON     :   6.138499
 (Z_ELECTRON)         :  -1.000000
 .BETAE_UNIT          :   0.000164
 .MU_ELECTRON         :  60.599098
 --------------- TGLF PARAMETERS ---------------
 Q_PRIME              :  37.177734
 P_PRIME              :   0.000334
 -------- LOCAL PARAMETERS (diagnostic) ----------
 n_i*z_i - n_e:       :   0.000000
 r/R0                 :   0.304591
 b_unit               :   1.000000
 beta_unit_norm       :   0.000384
 betai_unit           :   0.000220
 betae_unit_norm      :   0.000164
 beta_*               :   0.002240
 alpha_MHD            :   0.063391
 omega_00 (c_s/a)     :   0.000000
 * Note that f = f_sim exp(i n omega0[r0] t)
 -------- ALFVEN WAVE PARAMETERS (diagnostic) ----------
 (v_A/c_s)            : 110.318361
 Omega_TAE            :   6.206810
 Omega_A              :  12.413619
 ----------- UPWIND PARAMETERS -----------------
 radial_upwind        :   1.000000
 orbit_upwind         :   1.000000
 orbit_upwind (elec)  :   0.000000
 ----------- SOURCE PARAMETERS -----------------
 nu_source            :   0.100000
 n_source             :    1
 ----------- RADIAL DOMAIN PARAMETERS ----------
 s_grid               :   2.648654
 box_multiplier       :   1.000000
 L/a                  :   0.003359
 --
 explicit_damp(i)     :   0 (  1.0000)
 explicit_damp(e)     :   0 (  1.0000)
 --
 offset               :   0 (  0.0000)
 LEFT : r_a           :   0.848320
 LEFT : r_a_physical  :   0.848320
 NORM : r(ir_norm)    :   0.850000
 RIGHT: r_b_physical  :   0.851120
 RIGHT: r_b           :   0.851120
 ----------- PARALLELIZATION PARAMETERS --------
 (nek) per subgroup:  :        64
 (ine) per subgroup:  :        48
 ----------- TIME STEPPING PARAMETERS ----------
 plot_filter          :   1.000000
 time_skip            :    20
 restart_data_skip    :    10
 ----------- STABILITY PARAMETERS ----------------
 d/dtau Courant       :   1.920832
   d/dr Courant       :   1.281295
 Log(RBF Cond. num.)  :   7.704403
 ----------- SETUP TIMING ----------------------
 Grid Setup           :   0.087382
 Build radial ops     :   0.030820
 Build advection ops  :   0.075316
 Build field matrices :   0.149462
 
 TOTAL SETUP          :   1.463572
 -------- CENTRAL WAVENUMBERS SIMULATED -----------
     (k_y = nq/r, rho = rho_sD_unit)
 n =    30   k_y rho =  0.281 [ 0.281][ 0.281]
 min(k_x*rho_sD)      :     4.676223
 max(k_x*rho_sD)      :     7.014334
 --------------- CENTRAL BOX SIZE -----------------
 abs(Lx/rho_sD)       :     1.343645
 abs(Ly/rho_sD)       :    22.360925
 => abs(dx/rho_sD)    :     0.223941
 --------------------------------------------------
 ------------ GYRO-OPERATOR BANDWIDTH -------------
 => EXACT BESSEL.
 --------------------------------------------------
 PLEASE SEE: 
  - units.out for normalizing parameters
  - alloc.out for memory usage
  - efficiency.out for parallelization efficiency
  - phase_space.out for velocity-space nodes and weights
 -----------------------------------------------
 operational mode     : INITIAL VALUE
 boundary conditions  : PERIODIC
 profiles             : FLAT
 geometry             : MODEL SHAPE
 electron_method      : IMPLICIT DRIFT-KINETIC ELECTRONS
 fluctuations         : ELECTROSTATIC
 gyro_method          : ORIGINAL (INTEGRATED) POLARIZATION
 fluctuation output   : PHI( ) N( ) E( ) V( )                   
 radial grid          : UNIFORM
 integrator_method    : IMEX2
 field solve          : UMFPACK (SEQUENTIAL)
 source_flag          : SOURCE OFF
 pitch-angle coll.    : RBF r^3
 rotation parameters  : CANDY METHOD
 nonlinear dynamics   : OFF
 linear diffusivity   : RESPONSE FUNCTION
 -----------------------------------------------
----------------------------------------------------------
INFO: Forcing up-down symmetry (UDSYMMETRY_FLAG=1).
----------------------------------------------------------
----------------------------------------------------------
INFO: You are using TOROIDAL_REFERENCE=-1
----------------------------------------------------------
----------------------------------------------------------
INFO: TOROIDAL_REFERENCE reset to lowest nonzero mode.
----------------------------------------------------------
----------------------------------------------------------
INFO: nu_ii rescaled by: 0.000
----------------------------------------------------------
 ----------- SPARSE MATRIX STATS ---------------
 EXPLICIT POISSON:     n>0           
         nonzeros:     1296
           values:     3924
          indices:     5257
       iterations:        1
 
      TOTAL FIELD:     n>0           
         nonzeros:     1296
           values:     3924
          indices:     5257
       iterations:        1
 
 ----------- UTILITY PARAMETERS ----------------
 Ion parallel motion     : ON
 Ion curvature drift     : ON
 Electron curvature drift: ON
 ----------- GRID DIMENSIONS -------------------
 n_n                  :    1
 n_x                  :    6
 n_stack              :   20
 n_blend              :    6
 n_pass               :    4
 n_trap               :    4
 n_energy             :    8
 n_field              :    1
 --
 n_spec               :    2
 n_ion                :    1
 n_kinetic            :    2
 n_gk                 :    1
 indx_e               :    2
 --
 FIELD POINTS:        :        36
 DIST. POINTS:        :     15360
 --
 energy_max           :   5.000000
 dt                   :   0.050000
 --------------- LOCAL PARAMETERS ---------------
  NOTE: use abs(SAFETY_FACTOR) as input
 # RADIUS [INPUT]     :   0.850000
 .RADIUS              :   0.850000
 .ASPECT_RATIO        :   2.790626
 .SHIFT               :  -0.114658
 .ZMAG                :   0.000000
 .DZMAG               :   0.000000
 .KAPPA               :   1.383335
 .S_KAPPA             :   0.347529
 .DELTA               :   0.221082
 .S_DELTA             :   0.565668
 .ZETA                :  -0.012644
 .S_ZETA              :  -0.027736
 .SAFETY_FACTOR       :   3.184548
 .SHEAR               :   2.648654
 .RHO_STAR            :   0.002500
 .Z_EFF               :   1.327293
 .MACH                :  -0.131768
 .PGAMMA              :  -1.560559
 .GAMMA_E             :   0.149262
 .LAMBDA_DEBYE        :   0.000000
 .NU_EI               :   0.689464
 .NU_I_KROOK          :   0.000000
 .IPCCW               :   1.000000
 .BTCCW               :  -1.000000
 # Ion  1
 .NI_OVER_NE          :   1.000000
 .TI_OVER_TE          :   1.339030
 .DLNNDR              :   1.261922
 .DLNTDR              :   3.190354
 .Z                   :   1.000000
 (NU_II)              :   0.000000
 .MU                  :   1.000000
 # Electrons
 .DLNNDR_ELECTRON     :   1.261922
 .DLNTDR_ELECTRON     :   6.338499
 (Z_ELECTRON)         :  -1.000000
 .BETAE_UNIT          :   0.000164
 .MU_ELECTRON         :  60.599098
 --------------- TGLF PARAMETERS ---------------
 Q_PRIME              :  37.177734
 P_PRIME              :   0.000332
 -------- LOCAL PARAMETERS (diagnostic) ----------
 n_i*z_i - n_e:       :   0.000000
 r/R0                 :   0.304591
 b_unit               :   1.000000
 beta_unit_norm       :   0.000384
 betai_unit           :   0.000220
 betae_unit_norm      :   0.000164
 beta_*               :   0.002229
 alpha_MHD            :   0.063075
 omega_00 (c_s/a)     :   0.000000
 * Note that f = f_sim exp(i n omega0[r0] t)
 -------- ALFVEN WAVE PARAMETERS (diagnostic) ----------
 (v_A/c_s)            : 110.318361
 Omega_TAE            :   6.206810
 Omega_A              :  12.413619
 ----------- UPWIND PARAMETERS -----------------
 radial_upwind        :   1.000000
 orbit_upwind         :   1.000000
 orbit_upwind (elec)  :   0.000000
 ----------- SOURCE PARAMETERS -----------------
 nu_source            :   0.100000
 n_source             :    1
 ----------- RADIAL DOMAIN PARAMETERS ----------
 s_grid               :   2.648654
 box_multiplier       :   1.000000
 L/a                  :   0.003359
 --
 explicit_damp(i)     :   0 (  1.0000)
 explicit_damp(e)     :   0 (  1.0000)
 --
 offset               :   0 (  0.0000)
 LEFT : r_a           :   0.848320
 LEFT : r_a_physical  :   0.848320
 NORM : r(ir_norm)    :   0.850000
 RIGHT: r_b_physical  :   0.851120
 RIGHT: r_b           :   0.851120
 ----------- PARALLELIZATION PARAMETERS --------
 (nek) per subgroup:  :        64
 (ine) per subgroup:  :        48
 ----------- TIME STEPPING PARAMETERS ----------
 plot_filter          :   1.000000
 time_skip            :    20
 restart_data_skip    :    10
 ----------- STABILITY PARAMETERS ----------------
 d/dtau Courant       :   1.920832
   d/dr Courant       :   1.281295
 Log(RBF Cond. num.)  :   7.704403
 ----------- SETUP TIMING ----------------------
 Grid Setup           :   0.081020
 Build radial ops     :   0.021159
 Build advection ops  :   0.066136
 Build field matrices :   0.153390
 
 TOTAL SETUP          :   1.526247
 -------- CENTRAL WAVENUMBERS SIMULATED -----------
     (k_y = nq/r, rho = rho_sD_unit)
 n =    30   k_y rho =  0.281 [ 0.281][ 0.281]
 min(k_x*rho_sD)      :     4.676223
 max(k_x*rho_sD)      :     7.014334
 --------------- CENTRAL BOX SIZE -----------------
 abs(Lx/rho_sD)       :     1.343645
 abs(Ly/rho_sD)       :    22.360925
 => abs(dx/rho_sD)    :     0.223941
 --------------------------------------------------
 ------------ GYRO-OPERATOR BANDWIDTH -------------
 => EXACT BESSEL.
 --------------------------------------------------
 PLEASE SEE: 
  - units.out for normalizing parameters
  - alloc.out for memory usage
  - efficiency.out for parallelization efficiency
  - phase_space.out for velocity-space nodes and weights
 -----------------------------------------------
 operational mode     : INITIAL VALUE
 boundary conditions  : PERIODIC
 profiles             : FLAT
 geometry             : MODEL SHAPE
 electron_method      : IMPLICIT DRIFT-KINETIC ELECTRONS
 fluctuations         : ELECTROSTATIC
 gyro_method          : ORIGINAL (INTEGRATED) POLARIZATION
 fluctuation output   : PHI( ) N( ) E( ) V( )                   
 radial grid          : UNIFORM
 integrator_method    : IMEX2
 field solve          : UMFPACK (SEQUENTIAL)
 source_flag          : SOURCE OFF
 pitch-angle coll.    : RBF r^3
 rotation parameters  : CANDY METHOD
 nonlinear dynamics   : OFF
 linear diffusivity   : RESPONSE FUNCTION
 -----------------------------------------------
----------------------------------------------------------
INFO: Forcing up-down symmetry (UDSYMMETRY_FLAG=1).
----------------------------------------------------------
----------------------------------------------------------
INFO: You are using TOROIDAL_REFERENCE=-1
----------------------------------------------------------
----------------------------------------------------------
INFO: TOROIDAL_REFERENCE reset to lowest nonzero mode.
----------------------------------------------------------
----------------------------------------------------------
INFO: nu_ii rescaled by: 0.000
----------------------------------------------------------
 ----------- SPARSE MATRIX STATS ---------------
 EXPLICIT POISSON:     n>0           
         nonzeros:     1296
           values:     3924
          indices:     5257
       iterations:        1
 
      TOTAL FIELD:     n>0           
         nonzeros:     1296
           values:     3924
          indices:     5257
       iterations:        1
 
 ----------- UTILITY PARAMETERS ----------------
 Ion parallel motion     : ON
 Ion curvature drift     : ON
 Electron curvature drift: ON
 ----------- GRID DIMENSIONS -------------------
 n_n                  :    1
 n_x                  :    6
 n_stack              :   20
 n_blend              :    6
 n_pass               :    4
 n_trap               :    4
 n_energy             :    8
 n_field              :    1
 --
 n_spec               :    2
 n_ion                :    1
 n_kinetic            :    2
 n_gk                 :    1
 indx_e               :    2
 --
 FIELD POINTS:        :        36
 DIST. POINTS:        :     15360
 --
 energy_max           :   5.000000
 dt                   :   0.050000
 --------------- LOCAL PARAMETERS ---------------
  NOTE: use abs(SAFETY_FACTOR) as input
 # RADIUS [INPUT]     :   0.850000
 .RADIUS              :   0.850000
 .ASPECT_RATIO        :   2.790626
 .SHIFT               :  -0.114658
 .ZMAG                :   0.000000
 .DZMAG               :   0.000000
 .KAPPA               :   1.383335
 .S_KAPPA             :   0.347529
 .DELTA               :   0.221082
 .S_DELTA             :   0.565668
 .ZETA                :  -0.012644
 .S_ZETA              :  -0.027736
 .SAFETY_FACTOR       :   3.184548
 .SHEAR               :   2.648654
 .RHO_STAR            :   0.002500
 .Z_EFF               :   1.327293
 .MACH                :  -0.131768
 .PGAMMA              :  -1.560559
 .GAMMA_E             :   0.149262
 .LAMBDA_DEBYE        :   0.000000
 .NU_EI               :   0.689464
 .NU_I_KROOK          :   0.000000
 .IPCCW               :   1.000000
 .BTCCW               :  -1.000000
 # Ion  1
 .NI_OVER_NE          :   1.000000
 .TI_OVER_TE          :   1.339030
 .DLNNDR              :   1.461922
 .DLNTDR              :   3.190354
 .Z                   :   1.000000
 (NU_II)              :   0.000000
 .MU                  :   1.000000
 # Electrons
 .DLNNDR_ELECTRON     :   1.461922
 .DLNTDR_ELECTRON     :   6.138499
 (Z_ELECTRON)         :  -1.000000
 .BETAE_UNIT          :   0.000164
 .MU_ELECTRON         :  60.599098
 --------------- TGLF PARAMETERS ---------------
 Q_PRIME              :  37.177734
 P_PRIME              :   0.000339
 -------- LOCAL PARAMETERS (diagnostic) ----------
 n_i*z_i - n_e:       :   0.000000
 r/R0                 :   0.304591
 b_unit               :   1.000000
 beta_unit_norm       :   0.000384
 betai_unit           :   0.000220
 betae_unit_norm      :   0.000164
 beta_*               :   0.002273
 alpha_MHD            :   0.064321
 omega_00 (c_s/a)     :   0.000000
 * Note that f = f_sim exp(i n omega0[r0] t)
 -------- ALFVEN WAVE PARAMETERS (diagnostic) ----------
 (v_A/c_s)            : 110.318361
 Omega_TAE            :   6.206810
 Omega_A              :  12.413619
 ----------- UPWIND PARAMETERS -----------------
 radial_upwind        :   1.000000
 orbit_upwind         :   1.000000
 orbit_upwind (elec)  :   0.000000
 ----------- SOURCE PARAMETERS -----------------
 nu_source            :   0.100000
 n_source             :    1
 ----------- RADIAL DOMAIN PARAMETERS ----------
 s_grid               :   2.648654
 box_multiplier       :   1.000000
 L/a                  :   0.003359
 --
 explicit_damp(i)     :   0 (  1.0000)
 explicit_damp(e)     :   0 (  1.0000)
 --
 offset               :   0 (  0.0000)
 LEFT : r_a           :   0.848320
 LEFT : r_a_physical  :   0.848320
 NORM : r(ir_norm)    :   0.850000
 RIGHT: r_b_physical  :   0.851120
 RIGHT: r_b           :   0.851120
 ----------- PARALLELIZATION PARAMETERS --------
 (nek) per subgroup:  :        64
 (ine) per subgroup:  :        48
 ----------- TIME STEPPING PARAMETERS ----------
 plot_filter          :   1.000000
 time_skip            :    20
 restart_data_skip    :    10
 ----------- STABILITY PARAMETERS ----------------
 d/dtau Courant       :   1.920832
   d/dr Courant       :   1.281295
 Log(RBF Cond. num.)  :   7.704403
 ----------- SETUP TIMING ----------------------
 Grid Setup           :   0.089921
 Build radial ops     :   0.027620
 Build advection ops  :   0.060166
 Build field matrices :   0.142320
 
 TOTAL SETUP          :   1.440534
 -------- CENTRAL WAVENUMBERS SIMULATED -----------
     (k_y = nq/r, rho = rho_sD_unit)
 n =    30   k_y rho =  0.281 [ 0.281][ 0.281]
 min(k_x*rho_sD)      :     4.676223
 max(k_x*rho_sD)      :     7.014334
 --------------- CENTRAL BOX SIZE -----------------
 abs(Lx/rho_sD)       :     1.343645
 abs(Ly/rho_sD)       :    22.360925
 => abs(dx/rho_sD)    :     0.223941
 --------------------------------------------------
 ------------ GYRO-OPERATOR BANDWIDTH -------------
 => EXACT BESSEL.
 --------------------------------------------------
 PLEASE SEE: 
  - units.out for normalizing parameters
  - alloc.out for memory usage
  - efficiency.out for parallelization efficiency
  - phase_space.out for velocity-space nodes and weights
 -----------------------------------------------
 operational mode     : INITIAL VALUE
 boundary conditions  : PERIODIC
 profiles             : FLAT
 geometry             : MODEL SHAPE
 electron_method      : IMPLICIT DRIFT-KINETIC ELECTRONS
 fluctuations         : ELECTROSTATIC
 gyro_method          : ORIGINAL (INTEGRATED) POLARIZATION
 fluctuation output   : PHI( ) N( ) E( ) V( )                   
 radial grid          : UNIFORM
 integrator_method    : IMEX2
 field solve          : UMFPACK (SEQUENTIAL)
 source_flag          : SOURCE OFF
 pitch-angle coll.    : RBF r^3
 rotation parameters  : CANDY METHOD
 nonlinear dynamics   : OFF
 linear diffusivity   : RESPONSE FUNCTION
 -----------------------------------------------
----------------------------------------------------------
INFO: Forcing up-down symmetry (UDSYMMETRY_FLAG=1).
----------------------------------------------------------
----------------------------------------------------------
INFO: You are using TOROIDAL_REFERENCE=-1
----------------------------------------------------------
----------------------------------------------------------
INFO: TOROIDAL_REFERENCE reset to lowest nonzero mode.
----------------------------------------------------------
----------------------------------------------------------
INFO: nu_ii rescaled by: 0.000
----------------------------------------------------------
 ----------- SPARSE MATRIX STATS ---------------
 EXPLICIT POISSON:     n>0           
         nonzeros:     1296
           values:     3924
          indices:     5257
       iterations:        1
 
      TOTAL FIELD:     n>0           
         nonzeros:     1296
           values:     3924
          indices:     5257
       iterations:        1
 
 ----------- UTILITY PARAMETERS ----------------
 Ion parallel motion     : ON
 Ion curvature drift     : ON
 Electron curvature drift: ON
 ----------- GRID DIMENSIONS -------------------
 n_n                  :    1
 n_x                  :    6
 n_stack              :   20
 n_blend              :    6
 n_pass               :    4
 n_trap               :    4
 n_energy             :    8
 n_field              :    1
 --
 n_spec               :    2
 n_ion                :    1
 n_kinetic            :    2
 n_gk                 :    1
 indx_e               :    2
 --
 FIELD POINTS:        :        36
 DIST. POINTS:        :     15360
 --
 energy_max           :   5.000000
 dt                   :   0.050000
 --------------- LOCAL PARAMETERS ---------------
  NOTE: use abs(SAFETY_FACTOR) as input
 # RADIUS [INPUT]     :   0.850000
 .RADIUS              :   0.850000
 .ASPECT_RATIO        :   2.790626
 .SHIFT               :  -0.114658
 .ZMAG                :   0.000000
 .DZMAG               :   0.000000
 .KAPPA               :   1.383335
 .S_KAPPA             :   0.347529
 .DELTA               :   0.221082
 .S_DELTA             :   0.565668
 .ZETA                :  -0.012644
 .S_ZETA              :  -0.027736
 .SAFETY_FACTOR       :   3.184548
 .SHEAR               :   2.648654
 .RHO_STAR            :   0.002500
 .Z_EFF               :   1.327293
 .MACH                :  -0.131768
 .PGAMMA              :  -1.560559
 .GAMMA_E             :   0.149262
 .LAMBDA_DEBYE        :   0.000000
 .NU_EI               :   0.689464
 .NU_I_KROOK          :   0.000000
 .IPCCW               :   1.000000
 .BTCCW               :  -1.000000
 # Ion  1
 .NI_OVER_NE          :   1.000000
 .TI_OVER_TE          :   1.339030
 .DLNNDR              :   2.261922
 .DLNTDR              :   2.190354
 .Z                   :   1.000000
 (NU_II)              :   0.000000
 .MU                  :   1.000000
 # Electrons
 .DLNNDR_ELECTRON     :   2.261922
 .DLNTDR_ELECTRON     :   7.138499
 (Z_ELECTRON)         :  -1.000000
 .BETAE_UNIT          :   0.000164
 .MU_ELECTRON         :  60.599098
 --------------- TGLF PARAMETERS ---------------
 Q_PRIME              :  37.177734
 P_PRIME              :   0.000376
 -------- LOCAL PARAMETERS (diagnostic) ----------
 n_i*z_i - n_e:       :   0.000000
 r/R0                 :   0.304591
 b_unit               :   1.000000
 beta_unit_norm       :   0.000384
 betai_unit           :   0.000220
 betae_unit_norm      :   0.000164
 beta_*               :   0.002525
 alpha_MHD            :   0.071447
 omega_00 (c_s/a)     :   0.000000
 * Note that f = f_sim exp(i n omega0[r0] t)
 -------- ALFVEN WAVE PARAMETERS (diagnostic) ----------
 (v_A/c_s)            : 110.318361
 Omega_TAE            :   6.206810
 Omega_A              :  12.413619
 ----------- UPWIND PARAMETERS -----------------
 radial_upwind        :   1.000000
 orbit_upwind         :   1.000000
 orbit_upwind (elec)  :   0.000000
 ----------- SOURCE PARAMETERS -----------------
 nu_source            :   0.100000
 n_source             :    1
 ----------- RADIAL DOMAIN PARAMETERS ----------
 s_grid               :   2.648654
 box_multiplier       :   1.000000
 L/a                  :   0.003359
 --
 explicit_damp(i)     :   0 (  1.0000)
 explicit_damp(e)     :   0 (  1.0000)
 --
 offset               :   0 (  0.0000)
 LEFT : r_a           :   0.848320
 LEFT : r_a_physical  :   0.848320
 NORM : r(ir_norm)    :   0.850000
 RIGHT: r_b_physical  :   0.851120
 RIGHT: r_b           :   0.851120
 ----------- PARALLELIZATION PARAMETERS --------
 (nek) per subgroup:  :        64
 (ine) per subgroup:  :        48
 ----------- TIME STEPPING PARAMETERS ----------
 plot_filter          :   1.000000
 time_skip            :    20
 restart_data_skip    :    10
 ----------- STABILITY PARAMETERS ----------------
 d/dtau Courant       :   1.920832
   d/dr Courant       :   1.281295
 Log(RBF Cond. num.)  :   7.704403
 ----------- SETUP TIMING ----------------------
 Grid Setup           :   0.074968
 Build radial ops     :   0.032590
 Build advection ops  :   0.060850
 Build field matrices :   0.176654
 
 TOTAL SETUP          :   1.500065
 -------- CENTRAL WAVENUMBERS SIMULATED -----------
     (k_y = nq/r, rho = rho_sD_unit)
 n =    30   k_y rho =  0.281 [ 0.281][ 0.281]
 min(k_x*rho_sD)      :     4.676223
 max(k_x*rho_sD)      :     7.014334
 --------------- CENTRAL BOX SIZE -----------------
 abs(Lx/rho_sD)       :     1.343645
 abs(Ly/rho_sD)       :    22.360925
 => abs(dx/rho_sD)    :     0.223941
 --------------------------------------------------
 ------------ GYRO-OPERATOR BANDWIDTH -------------
 => EXACT BESSEL.
 --------------------------------------------------
 PLEASE SEE: 
  - units.out for normalizing parameters
  - alloc.out for memory usage
  - efficiency.out for parallelization efficiency
  - phase_space.out for velocity-space nodes and weights
 -----------------------------------------------
 operational mode     : INITIAL VALUE
 boundary conditions  : PERIODIC
 profiles             : FLAT
 geometry             : MODEL SHAPE
 electron_method      : IMPLICIT DRIFT-KINETIC ELECTRONS
 fluctuations         : ELECTROSTATIC
 gyro_method          : ORIGINAL (INTEGRATED) POLARIZATION
 fluctuation output   : PHI( ) N( ) E( ) V( )                   
 radial grid          : UNIFORM
 integrator_method    : IMEX2
 field solve          : UMFPACK (SEQUENTIAL)
 source_flag          : SOURCE OFF
 pitch-angle coll.    : RBF r^3
 rotation parameters  : CANDY METHOD
 nonlinear dynamics   : OFF
 linear diffusivity   : RESPONSE FUNCTION
 -----------------------------------------------
----------------------------------------------------------
INFO: Forcing up-down symmetry (UDSYMMETRY_FLAG=1).
----------------------------------------------------------
----------------------------------------------------------
INFO: You are using TOROIDAL_REFERENCE=-1
----------------------------------------------------------
----------------------------------------------------------
INFO: TOROIDAL_REFERENCE reset to lowest nonzero mode.
----------------------------------------------------------
----------------------------------------------------------
INFO: nu_ii rescaled by: 0.000
----------------------------------------------------------
 ----------- SPARSE MATRIX STATS ---------------
 EXPLICIT POISSON:     n>0           
         nonzeros:     1296
           values:     3924
          indices:     5257
       iterations:        1
 
      TOTAL FIELD:     n>0           
         nonzeros:     1296
           values:     3924
          indices:     5257
       iterations:        1
 
 ----------- UTILITY PARAMETERS ----------------
 Ion parallel motion     : ON
 Ion curvature drift     : ON
 Electron curvature drift: ON
 ----------- GRID DIMENSIONS -------------------
 n_n                  :    1
 n_x                  :    6
 n_stack              :   20
 n_blend              :    6
 n_pass               :    4
 n_trap               :    4
 n_energy             :    8
 n_field              :    1
 --
 n_spec               :    2
 n_ion                :    1
 n_kinetic            :    2
 n_gk                 :    1
 indx_e               :    2
 --
 FIELD POINTS:        :        36
 DIST. POINTS:        :     15360
 --
 energy_max           :   5.000000
 dt                   :   0.050000
 --------------- LOCAL PARAMETERS ---------------
  NOTE: use abs(SAFETY_FACTOR) as input
 # RADIUS [INPUT]     :   0.850000
 .RADIUS              :   0.850000
 .ASPECT_RATIO        :   2.790626
 .SHIFT               :  -0.114658
 .ZMAG                :   0.000000
 .DZMAG               :   0.000000
 .KAPPA               :   1.383335
 .S_KAPPA             :   0.347529
 .DELTA               :   0.221082
 .S_DELTA             :   0.565668
 .ZETA                :  -0.012644
 .S_ZETA              :  -0.027736
 .SAFETY_FACTOR       :   3.184548
 .SHEAR               :   2.648654
 .RHO_STAR            :   0.002500
 .Z_EFF               :   1.327293
 .MACH                :  -0.131768
 .PGAMMA              :  -1.560559
 .GAMMA_E             :   0.149262
 .LAMBDA_DEBYE        :   0.000000
 .NU_EI               :   0.689464
 .NU_I_KROOK          :   0.000000
 .IPCCW               :   1.000000
 .BTCCW               :  -1.000000
 # Ion  1
 .NI_OVER_NE          :   1.000000
 .TI_OVER_TE          :   1.339030
 .DLNNDR              :   1.261922
 .DLNTDR              :   3.190354
 .Z                   :   1.000000
 (NU_II)              :   0.000000
 .MU                  :   1.000000
 # Electrons
 .DLNNDR_ELECTRON     :   1.261922
 .DLNTDR_ELECTRON     :   7.138499
 (Z_ELECTRON)         :  -1.000000
 .BETAE_UNIT          :   0.000164
 .MU_ELECTRON         :  60.599098
 --------------- TGLF PARAMETERS ---------------
 Q_PRIME              :  37.177734
 P_PRIME              :   0.000352
 -------- LOCAL PARAMETERS (diagnostic) ----------
 n_i*z_i - n_e:       :   0.000000
 r/R0                 :   0.304591
 b_unit               :   1.000000
 beta_unit_norm       :   0.000384
 betai_unit           :   0.000220
 betae_unit_norm      :   0.000164
 beta_*               :   0.002360
 alpha_MHD            :   0.066796
 omega_00 (c_s/a)     :   0.000000
 * Note that f = f_sim exp(i n omega0[r0] t)
 -------- ALFVEN WAVE PARAMETERS (diagnostic) ----------
 (v_A/c_s)            : 110.318361
 Omega_TAE            :   6.206810
 Omega_A              :  12.413619
 ----------- UPWIND PARAMETERS -----------------
 radial_upwind        :   1.000000
 orbit_upwind         :   1.000000
 orbit_upwind (elec)  :   0.000000
 ----------- SOURCE PARAMETERS -----------------
 nu_source            :   0.100000
 n_source             :    1
 ----------- RADIAL DOMAIN PARAMETERS ----------
 s_grid               :   2.648654
 box_multiplier       :   1.000000
 L/a                  :   0.003359
 --
 explicit_damp(i)     :   0 (  1.0000)
 explicit_damp(e)     :   0 (  1.0000)
 --
 offset               :   0 (  0.0000)
 LEFT : r_a           :   0.848320
 LEFT : r_a_physical  :   0.848320
 NORM : r(ir_norm)    :   0.850000
 RIGHT: r_b_physical  :   0.851120
 RIGHT: r_b           :   0.851120
 ----------- PARALLELIZATION PARAMETERS --------
 (nek) per subgroup:  :        64
 (ine) per subgroup:  :        48
 ----------- TIME STEPPING PARAMETERS ----------
 plot_filter          :   1.000000
 time_skip            :    20
 restart_data_skip    :    10
 ----------- STABILITY PARAMETERS ----------------
 d/dtau Courant       :   1.920832
   d/dr Courant       :   1.281295
 Log(RBF Cond. num.)  :   7.704403
 ----------- SETUP TIMING ----------------------
 Grid Setup           :   0.102989
 Build radial ops     :   0.019520
 Build advection ops  :   0.066979
 Build field matrices :   0.141461
 
 TOTAL SETUP          :   1.492107
 -------- CENTRAL WAVENUMBERS SIMULATED -----------
     (k_y = nq/r, rho = rho_sD_unit)
 n =    30   k_y rho =  0.281 [ 0.281][ 0.281]
 min(k_x*rho_sD)      :     4.676223
 max(k_x*rho_sD)      :     7.014334
 --------------- CENTRAL BOX SIZE -----------------
 abs(Lx/rho_sD)       :     1.343645
 abs(Ly/rho_sD)       :    22.360925
 => abs(dx/rho_sD)    :     0.223941
 --------------------------------------------------
 ------------ GYRO-OPERATOR BANDWIDTH -------------
 => EXACT BESSEL.
 --------------------------------------------------
 PLEASE SEE: 
  - units.out for normalizing parameters
  - alloc.out for memory usage
  - efficiency.out for parallelization efficiency
  - phase_space.out for velocity-space nodes and weights
