Fri Feb 17 16:48:15 EST 2012
****************************************************
*                                                  *
*  A restart.dat file was not found. One has been  *
*  created for you.                                *
*                                                  *
****************************************************
==========================================================
GYRO r3-28-g23aa JAGUAR Linux x86_64
==========================================================
> aprun -n 192 -N 16 -d 1 -S 8 -ss /ccs/home/guttenfe/gacode_2012_02_16/gyro/src/gyro
[t = 0.000E+00] t_err: 0.000E+00 0.000E+00
[t = 2.000E-02] t_err: 5.703E-06 7.040E-04
[t = 4.000E-02] t_err: 4.610E-06 4.979E-04
[t = 6.000E-02] t_err: 4.485E-06 3.417E-04
[t = 8.000E-02] t_err: 4.449E-06 2.359E-04
[t = 1.000E-01] t_err: 4.492E-06 1.703E-04
 [Saving to ./RESTART_1]
[t = 1.200E-01] t_err: 4.547E-06 1.284E-04
[t = 1.400E-01] t_err: 4.566E-06 1.017E-04
[t = 1.600E-01] t_err: 4.670E-06 8.438E-05
[t = 1.800E-01] t_err: 4.838E-06 7.342E-05
[t = 2.000E-01] t_err: 4.861E-06 6.391E-05
 [Saving to ./RESTART_0]
Application 174075 resources: utime ~48987s, stime ~200s
