 0.0000E+00  0.0000E+00
 7.4431E-06  7.9038E-06
 7.4408E-06  5.7013E-06
 7.3396E-06  4.4302E-06
 7.1809E-06  3.6063E-06
 7.1183E-06  3.0066E-06
 7.0812E-06  2.5831E-06
 6.9402E-06  2.2701E-06
 6.7008E-06  2.0259E-06
 6.4313E-06  1.8489E-06
 6.1771E-06  1.7190E-06
 5.9382E-06  1.6044E-06
 5.7662E-06  1.5270E-06
 5.6798E-06  1.4657E-06
 5.4717E-06  1.4027E-06
 5.0122E-06  1.3734E-06
 4.5931E-06  1.3600E-06
 4.2162E-06  1.3486E-06
 3.7954E-06  1.3352E-06
 3.4383E-06  1.3223E-06
 3.2133E-06  1.3194E-06
 2.9760E-06  1.3221E-06
 2.7301E-06  1.3212E-06
 2.4805E-06  1.3184E-06
 2.2854E-06  1.3177E-06
 2.1375E-06  1.3191E-06
 2.0761E-06  1.3202E-06
 2.0391E-06  1.3223E-06
 1.8580E-06  1.3222E-06
 1.7596E-06  1.3212E-06
 1.8131E-06  1.3218E-06
 1.7409E-06  1.3229E-06
 1.6548E-06  1.3237E-06
 1.6612E-06  1.3234E-06
 1.6858E-06  1.3233E-06
