 0.0000E+00  0.0000E+00  0.0000E+00  0.0000E+00
 1.8644E+01  4.7168E+00  3.7069E-01  1.2956E-01
 1.8480E+01  6.7125E+00  2.5930E-01  1.2000E-01
 1.8375E+01  7.8190E+00  1.7664E-01  1.1444E-01
 1.8178E+01  8.2405E+00  1.1360E-01  9.9112E-02
 1.8017E+01  8.3780E+00  7.1916E-02  7.6350E-02
 1.7906E+01  8.5104E+00  5.0996E-02  5.2393E-02
 1.7753E+01  8.6153E+00  4.0519E-02  3.6091E-02
 1.7523E+01  8.6760E+00  3.1686E-02  3.3778E-02
 1.7273E+01  8.6546E+00  2.8823E-02  3.3571E-02
 1.7077E+01  8.4915E+00  2.1439E-02  3.5396E-02
 1.7000E+01  8.2714E+00  1.2813E-02  3.2741E-02
 1.7022E+01  8.1174E+00  8.4402E-03  2.7434E-02
 1.7033E+01  8.0602E+00  4.0130E-03  2.4369E-02
 1.7005E+01  8.0425E+00  1.6820E-03  2.2405E-02
 1.6994E+01  8.0105E+00  2.7192E-03  1.8648E-02
 1.7003E+01  7.9717E+00  3.7466E-03  1.4479E-02
 1.7008E+01  7.9365E+00  4.4193E-03  1.1486E-02
 1.7026E+01  7.9009E+00  4.4315E-03  9.0343E-03
 1.7065E+01  7.8732E+00  4.4786E-03  6.7782E-03
 1.7099E+01  7.8646E+00  4.8562E-03  5.1693E-03
 1.7117E+01  7.8600E+00  4.9509E-03  3.7467E-03
 1.7133E+01  7.8469E+00  4.5734E-03  2.3546E-03
 1.7153E+01  7.8360E+00  4.1614E-03  1.4863E-03
 1.7167E+01  7.8340E+00  3.7027E-03  8.4846E-04
 1.7174E+01  7.8357E+00  3.1199E-03  3.9986E-04
 1.7176E+01  7.8368E+00  2.4651E-03  8.3513E-04
 1.7178E+01  7.8355E+00  1.8821E-03  1.1187E-03
 1.7182E+01  7.8321E+00  1.3685E-03  1.2681E-03
 1.7186E+01  7.8310E+00  9.4592E-04  1.3195E-03
 1.7191E+01  7.8324E+00  6.1042E-04  1.2929E-03
 1.7194E+01  7.8342E+00  4.1862E-04  1.2199E-03
 1.7197E+01  7.8361E+00  2.9171E-04  1.1008E-03
 1.7199E+01  7.8384E+00  1.9784E-04  9.9499E-04
 1.7199E+01  7.8399E+00  2.1945E-04  8.9753E-04
