 9.30209787E-20  1.49935618E-18  2.98979863E-19  1.80112637E-18 -3.74922675E-11  9.92554692E-13  0.00000000E+00  0.00000000E+00
-1.08858442E-02 -1.08858442E-02  6.58634707E-04  5.55230773E-01 -4.43463500E-10  5.98002234E-09 -6.10786329E-03  3.41016555E-01
-1.98628493E-02 -1.98628493E-02 -5.11686585E-03  9.97991890E-01 -1.73873744E-09  4.59874186E-08 -1.35932586E-02  5.88892766E-01
-2.36424492E-02 -2.36424492E-02 -9.98012797E-03  1.30006708E+00 -2.53444805E-09  1.23347921E-07 -1.95495499E-02  7.42529608E-01
-2.17911627E-02 -2.17911627E-02 -1.01591401E-02  1.48740764E+00 -1.03931357E-09  2.51480341E-07 -2.08818609E-02  8.34536213E-01
-1.68081380E-02 -1.68081380E-02 -7.88511397E-03  1.59362186E+00 -3.01149031E-09  4.19147543E-07 -1.84575041E-02  8.86370505E-01
-1.07573514E-02 -1.07573514E-02 -2.90763721E-03  1.64644159E+00 -5.38571977E-09  5.69547320E-07 -1.37673196E-02  9.13818851E-01
-5.33828740E-03 -5.33828740E-03  3.25604629E-03  1.66569449E+00 -6.27840923E-09  6.76421032E-07 -8.25866136E-03  9.25626178E-01
-2.03827155E-03 -2.03827155E-03  7.04196906E-03  1.66542615E+00 -1.23052074E-08  6.80663128E-07 -3.72169203E-03  9.25445417E-01
-1.34900098E-03 -1.34900098E-03  6.76761601E-03  1.65538696E+00 -7.30546902E-09  5.01424232E-07 -1.38436579E-03  9.16281300E-01
-2.82427555E-03 -2.82427555E-03  2.52177212E-03  1.64204579E+00  6.08127284E-09  2.42734171E-07 -1.55781307E-03  9.02252342E-01
-5.10817931E-03 -5.10817931E-03 -2.96593885E-03  1.62948428E+00  1.15681872E-08  2.50020275E-08 -3.44522284E-03  8.88523646E-01
-6.47863289E-03 -6.47863289E-03 -5.45099343E-03  1.61993689E+00  5.46366478E-09 -2.33755815E-07 -5.25016859E-03  8.79648679E-01
-6.29179096E-03 -6.29179096E-03 -3.79873718E-03  1.61359623E+00 -2.33341214E-09 -5.84537301E-07 -5.65030363E-03  8.77049916E-01
-5.38802231E-03 -5.38802231E-03 -9.76010017E-04  1.60890175E+00 -4.91456558E-09 -1.01424022E-06 -4.94787804E-03  8.77137170E-01
-4.75565905E-03 -4.75565905E-03  4.35559437E-04  1.60475428E+00 -9.87489729E-09 -1.52845909E-06 -4.17170471E-03  8.76484906E-01
-4.56987633E-03 -4.56987633E-03  9.17664293E-04  1.60116451E+00 -2.15874900E-08 -2.05081841E-06 -3.73553779E-03  8.75787698E-01
-4.76223875E-03 -4.76223875E-03  9.93021888E-04  1.59806959E+00 -2.24333940E-08 -2.44899426E-06 -3.65866599E-03  8.75594601E-01
-5.32435221E-03 -5.32435221E-03  8.90974668E-05  1.59537028E+00 -1.28754022E-08 -2.69605140E-06 -4.05023555E-03  8.74773382E-01
-5.88777632E-03 -5.88777632E-03 -8.84363358E-04  1.59330609E+00 -7.39677447E-09 -2.84694446E-06 -4.66493057E-03  8.74293245E-01
-6.08696741E-03 -6.08696741E-03 -6.80368905E-04  1.59163773E+00 -7.83435607E-09 -2.94929903E-06 -5.01916084E-03  8.75294272E-01
-6.09886268E-03 -6.09886268E-03 -2.14955547E-04  1.58981990E+00 -5.88519448E-09 -3.05231545E-06 -5.12387111E-03  8.76185078E-01
-6.16306466E-03 -6.16306466E-03 -5.97882545E-04  1.58802091E+00 -6.43639992E-10 -3.18063241E-06 -5.26421828E-03  8.75813874E-01
-6.13642044E-03 -6.13642044E-03 -1.12945578E-03  1.58677931E+00 -6.96720379E-10 -3.31782175E-06 -5.37114447E-03  8.75397663E-01
-5.88120963E-03 -5.88120963E-03 -9.48194062E-04  1.58610364E+00 -5.71786788E-09 -3.43200011E-06 -5.23025450E-03  8.75892796E-01
-5.55734118E-03 -5.55734118E-03 -3.75954728E-04  1.58562769E+00 -9.13471056E-09 -3.49965435E-06 -4.91295747E-03  8.76691934E-01
-5.37103396E-03 -5.37103396E-03 -2.80134562E-05  1.58515710E+00 -8.41051947E-09 -3.51716274E-06 -4.64751143E-03  8.77051133E-01
-5.36506623E-03 -5.36506623E-03 -7.45352230E-05  1.58474105E+00 -4.62226908E-09 -3.50351755E-06 -4.54972351E-03  8.76922767E-01
-5.45987756E-03 -5.45987756E-03 -3.38806647E-04  1.58451304E+00 -2.05851518E-09 -3.47535464E-06 -4.59094294E-03  8.76682494E-01
-5.55094533E-03 -5.55094533E-03 -5.29813254E-04  1.58452188E+00 -2.73545862E-09 -3.43714379E-06 -4.67221010E-03  8.76683554E-01
-5.59517368E-03 -5.59517368E-03 -5.62996104E-04  1.58466652E+00 -4.72163764E-09 -3.40035702E-06 -4.72467099E-03  8.76923890E-01
-5.61003053E-03 -5.61003053E-03 -5.53914712E-04  1.58481102E+00 -5.46581775E-09 -3.37514452E-06 -4.74855630E-03  8.77142185E-01
-5.60683397E-03 -5.60683397E-03 -5.18774083E-04  1.58491092E+00 -4.95753330E-09 -3.36080413E-06 -4.75305700E-03  8.77270721E-01
-5.59034500E-03 -5.59034500E-03 -4.20271658E-04  1.58496519E+00 -5.02310903E-09 -3.35271227E-06 -4.73661586E-03  8.77376660E-01
-5.58676115E-03 -5.58676115E-03 -3.43322757E-04  1.58496821E+00 -4.76636963E-09 -3.34546319E-06 -4.72173425E-03  8.77396136E-01
