Default NL_METHOD=1
Default B_SCALE=1.0
Setting PASS_GRID=4
Default RESTART_DATA_SKIP=10
Default DLNTDR_3=3.0
Default DLNTDR_2=3.0
Default NINT_GEO=101
Default NI_OVER_NE_3=0.0
Setting TIME_STEP=0.002
Default EXPLICIT_DAMP_GRID=8
Default FIELDEIGEN_WR=0.1
Default Z=1.0
Default FIELDEIGEN_WI=0.1
Default TI_OVER_TE_3=1.0
Default TI_OVER_TE_2=1.0
Setting RADIAL_DERIVATIVE_BAND=2
Default RESTART_NEW_FLAG=1
Default EPS_DLNNDR_2=0.0
Setting PLOT_U_FLAG=0
Setting DLNTDR=3.0
Default MACH_SCALE=1.0
Default N_STUDY=0
Default EPS_DLNTDR_2=0.0
Default EPS_DLNTDR_3=0.0
Setting ENERGY_GRID=8
Setting DZMAG=0.0
Setting ORBIT_GRID=6
Default EPS_DLNTDR_ELECTRON=0.0
Default NU_SOURCE=0.1
Default ENTROPY_FLAG=0
Setting INTEGRATOR_METHOD=2
Setting ASPECT_RATIO=3.0
Default EIGEN_TOL=0.0000001
Default NINT_ORB_DO=10
Default TOROIDAL_REFERENCE=-1
Default GYRO_METHOD=1
Default POISSON_Z_EFF_FLAG=1
Default TI_OVER_TE=1.0
Default P_SCALE=2
Default Z_EFF_METHOD=1
Default Z_2=1.0
Default Z_3=1.0
Setting SAFETY_FACTOR=2.0
Default KILL_SADRIFT_B_FLAG=1
Default TOROIDAL_SEP=10
Default KILL_I_PARALLEL_FLAG=0
Default DENSITY_METHOD=1
Default DLNNDR_3=1.0
Default DLNNDR_2=1.0
Default ORBIT_UPWIND_3=1.0
Default ORBIT_UPWIND_2=1.0
Default EIGENSOLVE_MATRIXONLY=0
Default ORBIT_UPWIND=1.0
Setting PLOT_V_FLAG=0
Setting DLNNDR=1.0
Default PLOT_FILTER=1.0
Setting S_ZETA=0.0
Default NI_OVER_NE_2=0.0
Default KILL_COLL_FLAG=1
Setting PLOT_E_FLAG=0
Setting DLNTDR_ELECTRON=3.0
Setting PLOT_N_FLAG=0
Setting BOUNDARY_METHOD=1
Default NINT_ORB_S=64
Setting TIME_MAX=-2.001
Default RHO_STAR=0.0025
Setting ENERGY_MAX=6.0
Default NONLINEAR_FLAG=0
Default ORD_RBF=3
Default BLEND_FIT_ORDER=3
Default FLAT_PROFILE_FLAG=0
Setting TIME_SKIP=10
Setting RADIAL_GRID=6
Setting TOROIDAL_GRID=1
Default GEO_BETAPRIME_SCALE=1.0
Setting MU=1.0
Default NEO_METHOD=1
Setting S_DELTA=0.0
Default ENERGY_METHOD=1
Default LAMBDA_DEBYE=0.0
Default MATRIXWRITE_FLAG=0
Setting ELECTRON_METHOD=4
Default EIGEN_ITER=100
Default EXPLICIT_DAMP_ELEC=1.0
Default EPS_DLNNDR_3=0.0
Default EPS_DLNTDR=0.0
Default N_MUMPS_MAX=1
Setting TRAP_GRID=4
Default NUM_EQUIL_FLAG=0
Default UDSYMMETRY_FLAG=1
Default FIELD_R0_FLAG=0
Default RADIAL_UPWIND=1.0
Default Z_EFF=1.0
Setting RADIAL_PROFILE_METHOD=1
Default ALPHA_MHD=0.0
Default DIST_PRINT_FLAG=0
Default EPS_DLNNDR_ELECTRON=0.0
Setting KAPPA=1.0
Default NU_EI_SCALE=1.0
Default NU_I_KROOK=0.0
Default AMPERE_SCALE=1.0
Default A_SCALE=1.0
Default EMF_FLAG=0
Default FIELD_R0_GRID=1
Setting RADIUS=0.5
Default EIGENSOLVE_METHOD=0
Default N_SOURCE=1
Default AMP_PHI_STUDY=0.0
Default NONUNIFORM_GRID_FLAG=0
Setting LINDIFF_METHOD=3
Default SPARSE_METHOD=1
Default ROTATION_METHOD=3
Default DOPPLER_SCALE=1.0
Default SIGNB=1.0
Setting THETA_PLOT=24
Setting BOX_MULTIPLIER=-1.0
Default KILL_GYRO_B_FLAG=0
Default MU_3=1.0
Default MU_2=1.0
Default EXPLICIT_DAMP=1.0
Setting RADIAL_GYRO_BAND=3
Default VELOCITY_OUTPUT_FLAG=0
Default OUTPUT_FLAG=1
Setting AMP_PHI_N=1e-4
Default FIELDEIGEN_FLAG=0
Setting S_KAPPA=0.0
Setting SHIFT=0.0
Default N_FIELD=2
Setting PGAMMA=0.0
Default ORBIT_UPWIND_ELECTRON=0.0
Setting DLNNDR_ELECTRON=1.0
Default LAMBDA_DEBYE_SCALE=0.0
Default DEBUG_FLAG=0
Setting ZMAG=0.0
Default Q_SCALE=1.0
Default THETA_MULT=1
Setting GAMMA_E=0.0
Default L_X=64.0
Setting L_Y=18.0
Default PGAMMA_SCALE=1.0
Setting BLEND_GRID=6
Default GEO_GRADBCURV_FLAG=0
Default ER_VTOR_FLAG=0
Default RADIAL_GRID_OFFSET=0
Default EPS_DLNNDR=0.0
Default N_EIGENVALUE=10
Default N_SPACE=300
Default NU_II_SCALE=0.0
Default KILL_E_DRIFT_FLAG=0
Default KILL_I_DRIFT_FLAG=0
Default TOROIDAL_MIN=30
Default BETAE_UNIT=0.0
Setting ZETA=0.0
Default SOURCE_FLAG=0
Default NONLINEAR_TRANSFER_FLAG=0
Setting SHEAR=1.0
Setting MACH=0.0
Setting NU_EI=1.0
Default NI_OVER_NE=1.0
Default VERBOSE_FLAG=0
Default SILENT_FLAG=0
Default TRAPDIFF_FLAG=0
Default S_GRID=0.0
Setting DELTA=0.0
Setting MU_ELECTRON=60.0
Setting AMP_PHI_0=0.0
Parameters: 166
