 5.21737397E+02
 5.21737397E+02
 5.24127971E+02
 5.31368347E+02
 5.43299054E+02
 5.58198906E+02
 5.73020644E+02
 5.85472972E+02
 5.94833455E+02
 6.01733229E+02
 6.07868290E+02
 6.14565409E+02
 6.21622326E+02
 6.28060894E+02
 6.33652709E+02
 6.38711580E+02
 6.43110911E+02
 6.46599248E+02
 6.49287708E+02
 6.51391168E+02
 6.52987457E+02
 6.54152437E+02
 6.54969198E+02
 6.55457889E+02
 6.55688214E+02
 6.55763945E+02
 6.55698840E+02
 6.55480204E+02
 6.55174023E+02
 6.54854682E+02
 6.54551198E+02
 6.54276492E+02
 6.54033988E+02
 6.53820366E+02
 6.53633821E+02
