 -----------------------------------------------------------------
 TGYRO simdir : 
 Passing control to TGYRO executable ...
 -----------------------------------------------------------------
 CPU Partition list
 
 ----------   ----------------  --------
  Instance     Directory Name     CPUs  
 ----------   ----------------  --------
   1              GYRO1/          16
   2              GYRO2/          16
   3              GYRO3/          16
   4              GYRO4/          16
   5              GYRO5/          16
   6              GYRO6/          16
   7              GYRO7/          16
   8              GYRO8/          16
 ----------   ----------------  --------
                     Total:      128
 
 INFO: TGYRO passing input.profiles.geo information to components
 
 Job control
 
 TGYRO_STAB_NSEARCH             :    8
 
 Physics parameters
 
 LOC_NU_SCALE                   :   0.0000
 LOC_BETAE_SCALE                :   1.0000
 LOC_ZEFF_FLAG                  : Z_eff from data
 LOC_CIRC_FLAG                  : Use standard Miller expressions
 TGYRO_ROTATION_THEORY_METHOD   : Candy method
 Fluctuations                   : Electromagnetic
 LOC_QUASINEUTRAL_FLAG          : Forced quasineutrality
 LOC_LOCK_PROFILE_FLAG          : Initial profiles from gradients
 ion  mass                      :   2.0000
 ion  charge                    :   1.0000
 -----------------------------------------------------------------
 INFO: clean exit from TGYRO                                                    
  
