 i    energy(i)    w_energy(i) 
--- ------------  ------------ 
 1  0.1086724547  0.0642644789
 2  0.3531529368  0.1388201408
 3  0.7008934061  0.1895054690
 4  1.1731964060  0.2074366620
 5  1.8231909594  0.1895054690
 6  2.7751284427  0.1388201408
 7  4.3805639357  0.0642644789
 8  6.0000000000  0.0073831605
 
 k   tau(k)/2pi     s_lambda(k)   lambda(k)   w_lambda(k)
--- ------------  ------------ ------------  -----------
 1  0.9604037558  0.0371686881  0.1117070641  0.0465539565
 2  1.1348335665  0.1766627329  0.4912288469  0.0872776033
 3  1.5194099486  0.3586635065  0.8887144518  0.0872776033
 4  2.3166725373  0.4981575514  1.1078502385  0.0465539565
lambda-TP:                      1.1465018308
 5  2.4586296700  0.5675893956  1.1781825427  0.0404097548
 6  1.7384089693  0.6886729847  1.3485320469  0.0757586854
 7  1.2674479372  0.8466532547  1.6518954699  0.0757586854
 8  1.0004779448  0.9677368439  1.9579825816  0.0404097548
lambda-MAX:                     2.0531611434
 
 k   tau(k)/2pi     s_lambda(k)   lambda(k)   w_lambda(k)
--- ------------  ------------ ------------  -----------
 1  0.9604037558  0.0371686881  0.1117070641  0.0465539565
 2  1.1348335665  0.1766627329  0.4912288469  0.0872776033
 3  1.5194099486  0.3586635065  0.8887144518  0.0872776033
 4  2.3166725373  0.4981575514  1.1078502385  0.0465539565
lambda-TP:                      1.1465018308
 5  2.4586296700  0.5675893956  1.1781825427  0.0404097548
 6  1.7384089693  0.6886729847  1.3485320469  0.0757586854
 7  1.2674479372  0.8466532547  1.6518954699  0.0757586854
 8  1.0004779448  0.9677368439  1.9579825816  0.0404097548
lambda-MAX:                     2.0531611434
