----------------------------------------------------------------------------------- 
 => ion # 1
 r           dlntdr_s    dlnndr_s    tem_s       den_s       alpha_s     (null)      
----------------------------------------------------------------------------------- 
 7.9766E-01  2.5209E+00  1.0728E+00  1.1634E+00  1.0000E+00  8.5952E-01  0.0000E+00
 7.9844E-01  2.5209E+00  1.0728E+00  1.1634E+00  1.0000E+00  8.5952E-01  0.0000E+00
 7.9922E-01  2.5209E+00  1.0728E+00  1.1634E+00  1.0000E+00  8.5952E-01  0.0000E+00
 8.0000E-01  2.5209E+00  1.0728E+00  1.1634E+00  1.0000E+00  8.5952E-01  0.0000E+00
 8.0078E-01  2.5209E+00  1.0728E+00  1.1634E+00  1.0000E+00  8.5952E-01  0.0000E+00
 8.0156E-01  2.5209E+00  1.0728E+00  1.1634E+00  1.0000E+00  8.5952E-01  0.0000E+00
----------------------------------------------------------------------------------- 
=> electrons
 r           dlntdr_s    dlnndr_s    tem_s       den_s       alpha_s     (null)      
----------------------------------------------------------------------------------- 
 7.9766E-01  4.8748E+00  1.0728E+00  1.0000E+00  1.0000E+00  1.0000E+00  0.0000E+00
 7.9844E-01  4.8748E+00  1.0728E+00  1.0000E+00  1.0000E+00  1.0000E+00  0.0000E+00
 7.9922E-01  4.8748E+00  1.0728E+00  1.0000E+00  1.0000E+00  1.0000E+00  0.0000E+00
 8.0000E-01  4.8748E+00  1.0728E+00  1.0000E+00  1.0000E+00  1.0000E+00  0.0000E+00
 8.0078E-01  4.8748E+00  1.0728E+00  1.0000E+00  1.0000E+00  1.0000E+00  0.0000E+00
 8.0156E-01  4.8748E+00  1.0728E+00  1.0000E+00  1.0000E+00  1.0000E+00  0.0000E+00
----------------------------------------------------------------------------------- 
 => Geometry
 r           q_s         shat_s      kappa_s     s_kappa_s   delta_s     s_delta_s   
----------------------------------------------------------------------------------- 
 7.9766E-01  2.7662E+00  2.0569E+00  1.3594E+00  2.4087E-01  1.9210E-01  4.0907E-01
 7.9844E-01  2.7662E+00  2.0569E+00  1.3594E+00  2.4087E-01  1.9210E-01  4.0907E-01
 7.9922E-01  2.7662E+00  2.0569E+00  1.3594E+00  2.4087E-01  1.9210E-01  4.0907E-01
 8.0000E-01  2.7662E+00  2.0569E+00  1.3594E+00  2.4087E-01  1.9210E-01  4.0907E-01
 8.0078E-01  2.7662E+00  2.0569E+00  1.3594E+00  2.4087E-01  1.9210E-01  4.0907E-01
 8.0156E-01  2.7662E+00  2.0569E+00  1.3594E+00  2.4087E-01  1.9210E-01  4.0907E-01
----------------------------------------------------------------------------------- 
 => Geometry
 r           R/r         drmaj_s     b_unit_s    beta_unit_s rhosda_s    (null)      
----------------------------------------------------------------------------------- 
 7.9766E-01  3.4952E+00 -1.0654E-01  1.0000E+00  5.8423E-04  8.6762E-03  0.0000E+00
 7.9844E-01  3.4952E+00 -1.0654E-01  1.0000E+00  5.8423E-04  8.6762E-03  0.0000E+00
 7.9922E-01  3.4952E+00 -1.0654E-01  1.0000E+00  5.8423E-04  8.6762E-03  0.0000E+00
 8.0000E-01  3.4952E+00 -1.0654E-01  1.0000E+00  5.8423E-04  8.6762E-03  0.0000E+00
 8.0078E-01  3.4952E+00 -1.0654E-01  1.0000E+00  5.8423E-04  8.6762E-03  0.0000E+00
 8.0156E-01  3.4952E+00 -1.0654E-01  1.0000E+00  5.8423E-04  8.6762E-03  0.0000E+00
----------------------------------------------------------------------------------- 
 => Geometry and Flows
 r           r_s         r_e         dr_eodr     q           (null)      (null)      
----------------------------------------------------------------------------------- 
 7.9766E-01  8.0000E-01  7.9766E-01  1.0000E+00  2.7495E+00  0.0000E+00  0.0000E+00
 7.9844E-01  8.0000E-01  7.9844E-01  1.0000E+00  2.7551E+00  0.0000E+00  0.0000E+00
 7.9922E-01  8.0000E-01  7.9922E-01  1.0000E+00  2.7606E+00  0.0000E+00  0.0000E+00
 8.0000E-01  8.0000E-01  8.0000E-01  1.0000E+00  2.7662E+00  0.0000E+00  0.0000E+00
 8.0078E-01  8.0000E-01  8.0078E-01  1.0000E+00  2.7717E+00  0.0000E+00  0.0000E+00
 8.0156E-01  8.0000E-01  8.0156E-01  1.0000E+00  2.7773E+00  0.0000E+00  0.0000E+00
----------------------------------------------------------------------------------- 
 => Geometry and Flows
 r           gamma_e_s   gamma_p_s   mach_s      z_eff_s     nu_s        (null)      
----------------------------------------------------------------------------------- 
 7.9766E-01  0.0000E+00  0.0000E+00  0.0000E+00  1.3340E+00  0.0000E+00  0.0000E+00
 7.9844E-01  0.0000E+00  0.0000E+00  0.0000E+00  1.3340E+00  0.0000E+00  0.0000E+00
 7.9922E-01  0.0000E+00  0.0000E+00  0.0000E+00  1.3340E+00  0.0000E+00  0.0000E+00
 8.0000E-01  0.0000E+00  0.0000E+00  0.0000E+00  1.3340E+00  0.0000E+00  0.0000E+00
 8.0078E-01  0.0000E+00  0.0000E+00  0.0000E+00  1.3340E+00  0.0000E+00  0.0000E+00
 8.0156E-01  0.0000E+00  0.0000E+00  0.0000E+00  1.3340E+00  0.0000E+00  0.0000E+00
----------------------------------------------------------------------------------- 
 => Geometry and Flows
 r           gamma_t_s   gamma_n_s   gamma_eb_s  gamma_HB    w0_s        w0p_s       
----------------------------------------------------------------------------------- 
 7.9766E-01  2.9157E-02  1.4435E-02  0.0000E+00  0.0000E+00  0.0000E+00  0.0000E+00
 7.9844E-01  2.9070E-02  1.4392E-02  0.0000E+00  0.0000E+00  0.0000E+00  0.0000E+00
 7.9922E-01  2.8983E-02  1.4349E-02  0.0000E+00  0.0000E+00  0.0000E+00  0.0000E+00
 8.0000E-01  2.8896E-02  1.4306E-02  0.0000E+00  0.0000E+00  0.0000E+00  0.0000E+00
 8.0078E-01  2.8810E-02  1.4264E-02  0.0000E+00  0.0000E+00  0.0000E+00  0.0000E+00
 8.0156E-01  2.8725E-02  1.4221E-02  0.0000E+00  0.0000E+00  0.0000E+00  0.0000E+00
----------------------------------------------------------------------------------- 
 => Geometry and Flows
 r           (null)      (null)      (null)      zmag_s      V (volume)  dV/dr       
----------------------------------------------------------------------------------- 
 7.9766E-01  0.0000E+00  0.0000E+00  0.0000E+00  0.0000E+00  4.6861E+01  1.2493E+02
 7.9844E-01  0.0000E+00  0.0000E+00  0.0000E+00  0.0000E+00  4.6861E+01  1.2493E+02
 7.9922E-01  0.0000E+00  0.0000E+00  0.0000E+00  0.0000E+00  4.6861E+01  1.2493E+02
 8.0000E-01  0.0000E+00  0.0000E+00  0.0000E+00  0.0000E+00  4.6861E+01  1.2493E+02
 8.0078E-01  0.0000E+00  0.0000E+00  0.0000E+00  0.0000E+00  4.6861E+01  1.2493E+02
 8.0156E-01  0.0000E+00  0.0000E+00  0.0000E+00  0.0000E+00  4.6861E+01  1.2493E+02
