   6
   8
   4
   4
   8
   1
  30
   1
  10
   0
   0
   4
   1
   2
   2
   2
   0
   1
   0
   1
 7.97656625E-01
 7.98437750E-01
 7.99218875E-01
 8.00000000E-01
 8.00781125E-01
 8.01562250E-01
 2.74951262E+00
 2.75506818E+00
 2.76062374E+00
 2.76617929E+00
 2.77173485E+00
 2.77729040E+00
 8.00000000E-01
 8.00000000E-01
 8.00000000E-01
 8.00000000E-01
 8.00000000E-01
 8.00000000E-01
 2.76617929E+00
 2.76617929E+00
 2.76617929E+00
 2.76617929E+00
 2.76617929E+00
 2.76617929E+00
 2.52093345E+00
 4.87477975E+00
 2.52093345E+00
 4.87477975E+00
 2.52093345E+00
 4.87477975E+00
 2.52093345E+00
 4.87477975E+00
 2.52093345E+00
 4.87477975E+00
 2.52093345E+00
 4.87477975E+00
 1.07275647E+00
 1.07275647E+00
 1.07275647E+00
 1.07275647E+00
 1.07275647E+00
 1.07275647E+00
 1.07275647E+00
 1.07275647E+00
 1.07275647E+00
 1.07275647E+00
 1.07275647E+00
 1.07275647E+00
 1.16344453E+00
 1.00000000E+00
 1.16344453E+00
 1.00000000E+00
 1.16344453E+00
 1.00000000E+00
 1.16344453E+00
 1.00000000E+00
 1.16344453E+00
 1.00000000E+00
 1.16344453E+00
 1.00000000E+00
 1.00000000E+00
 1.00000000E+00
 1.00000000E+00
 1.00000000E+00
 1.00000000E+00
 1.00000000E+00
 1.00000000E+00
 1.00000000E+00
 1.00000000E+00
 1.00000000E+00
 1.00000000E+00
 1.00000000E+00
 3.49518335E+00
 3.49518335E+00
 3.49518335E+00
 3.49518335E+00
 3.49518335E+00
 3.49518335E+00
 1.92104278E-01
 1.92104278E-01
 1.92104278E-01
 1.92104278E-01
 1.92104278E-01
 1.92104278E-01
-1.10751231E-02
-1.10751231E-02
-1.10751231E-02
-1.10751231E-02
-1.10751231E-02
-1.10751231E-02
 1.35935457E+00
 1.35935457E+00
 1.35935457E+00
 1.35935457E+00
 1.35935457E+00
 1.35935457E+00
-1.06537250E-01
-1.06537250E-01
-1.06537250E-01
-1.06537250E-01
-1.06537250E-01
-1.06537250E-01
 2.05691657E+00
 2.05691657E+00
 2.05691657E+00
 2.05691657E+00
 2.05691657E+00
 2.05691657E+00
 4.09069579E-01
 4.09069579E-01
 4.09069579E-01
 4.09069579E-01
 4.09069579E-01
 4.09069579E-01
-2.32633031E-02
-2.32633031E-02
-2.32633031E-02
-2.32633031E-02
-2.32633031E-02
-2.32633031E-02
 2.40871507E-01
 2.40871507E-01
 2.40871507E-01
 2.40871507E-01
 2.40871507E-01
 2.40871507E-01
 0.00000000E+00
 0.00000000E+00
 0.00000000E+00
 0.00000000E+00
 0.00000000E+00
 0.00000000E+00
 0.00000000E+00
 0.00000000E+00
 0.00000000E+00
 0.00000000E+00
 0.00000000E+00
 0.00000000E+00
 5.84231952E-04
 5.84231952E-04
 5.84231952E-04
 5.84231952E-04
 5.84231952E-04
 5.84231952E-04
 0.00000000E+00
 0.00000000E+00
 0.00000000E+00
 0.00000000E+00
 0.00000000E+00
 0.00000000E+00
 0.00000000E+00
 0.00000000E+00
 0.00000000E+00
 0.00000000E+00
 0.00000000E+00
 0.00000000E+00
 0.00000000E+00
 0.00000000E+00
 0.00000000E+00
 0.00000000E+00
 0.00000000E+00
 0.00000000E+00
 1.00000000E+00
 1.00000000E+00
 1.00000000E+00
 1.00000000E+00
 1.00000000E+00
 1.00000000E+00
 1.00000000E+00
 1.00000000E+00
 1.00000000E+00
 1.00000000E+00
 1.00000000E+00
 1.00000000E+00
 1.33403750E+00
 1.33403750E+00
 1.33403750E+00
 1.33403750E+00
 1.33403750E+00
 1.33403750E+00
 0.00000000E+00
 0.00000000E+00
 0.00000000E+00
 0.00000000E+00
 0.00000000E+00
 0.00000000E+00
 0.00000000E+00
 0.00000000E+00
 0.00000000E+00
 0.00000000E+00
 0.00000000E+00
 0.00000000E+00
 1.00000000E+00
 1.11707064E-01
 4.91228847E-01
 8.88714452E-01
 1.10785024E+00
 1.17818254E+00
 1.34853205E+00
 1.65189547E+00
 1.95798258E+00
 1.08672455E-01
 3.53152937E-01
 7.00893406E-01
 1.17319641E+00
 1.82319096E+00
 2.77512844E+00
 4.38056394E+00
 6.00000000E+00
 1.14650183E+00
 9.00000000E-01
 8.67622720E-03
 1.00000000E+00
-1.00000000E+00
   1
   2
