[GYRO MPI tasks: 1]
[Parsing data in input.gyro]
 -----------------------------------------------
 operational mode     : FIELD EIGENVALUE
 boundary conditions  : PERIODIC
 profiles             : FLAT
 geometry             : MODEL SHAPE
 electron_method      : ALL SPECIES GYROKINETIC
 fluctuations         : ELECTROSTATIC
 gyro_method          : ORIGINAL (INTEGRATED) POLARIZATION
 fluctuation output   : PHI( ) N( ) E( ) V( )                   
 radial grid          : UNIFORM
 integrator_method    : RK2
 field solve          : UMFPACK (SEQUENTIAL)
 source_flag          : SOURCE OFF
 pitch-angle coll.    : OFF
 rotation parameters  : CANDY METHOD
 nonlinear dynamics   : OFF
 linear diffusivity   : RESPONSE FUNCTION
 -----------------------------------------------
----------------------------------------------------------
INFO: Forcing up-down symmetry (UDSYMMETRY_FLAG=1).
----------------------------------------------------------
----------------------------------------------------------
INFO: You are using TOROIDAL_REFERENCE=-1
----------------------------------------------------------
----------------------------------------------------------
INFO: TOROIDAL_REFERENCE reset to lowest nonzero mode.
----------------------------------------------------------
----------------------------------------------------------
INFO: nu_ii rescaled by: 0.000
----------------------------------------------------------
 ----------- SPARSE MATRIX STATS ---------------
 EXPLICIT POISSON:     n>0           
         nonzeros:     2304
           values:     6960
          indices:     9313
       iterations:        1
 
 ----------- UTILITY PARAMETERS ----------------
 Ion parallel motion     : ON
 Ion curvature drift     : ON
 Electron curvature drift: ON
 ----------- GRID DIMENSIONS -------------------
 n_n                  :    1
 n_x                  :    6
 n_stack              :   28
 n_blend              :    8
 n_pass               :    4
 n_trap               :    4
 n_energy             :    8
 n_field              :    1
 --
 n_spec               :    2
 n_ion                :    2
 n_kinetic            :    2
 n_gk                 :    2
 indx_e               :    2
 --
 FIELD POINTS:        :        48
 DIST. POINTS:        :     21504
 --
 energy_max           :   6.000000
 dt                   :   0.200000
 --------------- LOCAL PARAMETERS ---------------
  NOTE: use abs(SAFETY_FACTOR) as input
 # RADIUS [INPUT]     :   0.800000
 .RADIUS              :   0.800000
 .ASPECT_RATIO        :   2.796147
 .SHIFT               :  -0.106537
 .ZMAG                :   0.000000
 .DZMAG               :   0.000000
 .KAPPA               :   1.359355
 .S_KAPPA             :   0.240872
 .DELTA               :   0.192104
 .S_DELTA             :   0.409070
 .ZETA                :  -0.011075
 .S_ZETA              :  -0.023263
 .SAFETY_FACTOR       :   2.766179
 .SHEAR               :   2.056917
 .RHO_STAR            :   0.001928
 .Z_EFF               :   1.334038
 .MACH                :   0.000000
 .PGAMMA              :   0.000000
 .GAMMA_E             :   0.000000
 .LAMBDA_DEBYE        :   0.000000
 .NU_EI               :   0.000000
 .NU_I_KROOK          :   0.000000
 .IPCCW               :   1.000000
 .BTCCW               :  -1.000000
 # Ion  1
 .NI_OVER_NE          :   1.000000
 .TI_OVER_TE          :   1.163445
 .DLNNDR              :   1.072756
 .DLNTDR              :   2.520933
 .Z                   :   1.000000
 (NU_II)              :   0.000000
 .MU                  :   1.000000
 # Electrons
 .DLNNDR_ELECTRON     :   1.072756
 .DLNTDR_ELECTRON     :   4.874780
 (Z_ELECTRON)         :  -1.000000
 .BETAE_UNIT          :   0.000270
 .MU_ELECTRON         :  60.599098
 --------------- TGLF PARAMETERS ---------------
 Q_PRIME              :  24.592198
 P_PRIME              :   0.000376
 -------- LOCAL PARAMETERS (diagnostic) ----------
 n_i*z_i - n_e:       :   0.000000
 r/R0                 :   0.286108
 b_unit               :   1.000000
 beta_unit_norm       :   0.000584
 betai_unit           :   0.000314
 betae_unit_norm      :   0.000270
 beta_*               :   0.002735
 alpha_MHD            :   0.058521
 omega_00 (c_s/a)     :   0.000000
 * Note that f = f_sim exp(i n omega0[r0] t)
 -------- ALFVEN WAVE PARAMETERS (diagnostic) ----------
 (v_A/c_s)            :  86.047073
 Omega_TAE            :   5.562446
 Omega_A              :  11.124893
 ----------- UPWIND PARAMETERS -----------------
 radial_upwind        :   2.000000
 orbit_upwind         :   1.000000
 orbit_upwind (elec)  :   0.000000
 ----------- SOURCE PARAMETERS -----------------
 nu_source            :   0.100000
 n_source             :    1
 ----------- RADIAL DOMAIN PARAMETERS ----------
 s_grid               :   2.056917
 box_multiplier       :   1.000000
 L/a                  :   0.004687
 --
 explicit_damp(i)     :   0 (  1.0000)
 explicit_damp(e)     :   0 (  1.0000)
 --
 offset               :   0 (  0.0000)
 LEFT : r_a           :   0.797657
 LEFT : r_a_physical  :   0.797657
 NORM : r(ir_norm)    :   0.800000
 RIGHT: r_b_physical  :   0.801562
 RIGHT: r_b           :   0.801562
 ----------- PARALLELIZATION PARAMETERS --------
 (nek) per subgroup:  :        32
 (ine) per subgroup:  :        24
 ----------- TIME STEPPING PARAMETERS ----------
 plot_filter          :   1.000000
 time_skip            :     5
 restart_data_skip    :    10
 ----------- STABILITY PARAMETERS ----------------
 d/dtau Courant       :  12.593337
   d/dr Courant       :   2.609109
 ----------- SETUP TIMING ----------------------
 Grid Setup           :   0.103924
 Build radial ops     :   0.010908
 Build advection ops  :   0.000000
 Build field matrices :   0.037285
 
 TOTAL SETUP          :   0.163971
 -------- CENTRAL WAVENUMBERS SIMULATED -----------
     (k_y = nq/r, rho = rho_sD_unit)
 n =    30   k_y rho =  0.200 [ 0.200][ 0.200]
  
 min resolved k_x*rho_sD :  2.584798
 max resolved k_x*rho_sD :  3.877196
 --------------- CENTRAL BOX SIZE -----------------
 abs(Lx/rho_sD)       :     2.430823
 abs(Ly/rho_sD)       :    31.415927
 => abs(dx/rho_sD)    :     0.405137
 --------------------------------------------------
 ------------ GYRO-OPERATOR BANDWIDTH -------------
 => EXACT BESSEL.
 --------------------------------------------------
 PLEASE SEE: 
  - units.out for normalizing parameters
  - alloc.out for memory usage
  - efficiency.out for parallelization efficiency
  - phase_space.out for velocity-space nodes and weights
 -----------------------------------------------
 operational mode     : FIELD EIGENVALUE
 boundary conditions  : PERIODIC
 profiles             : FLAT
 geometry             : MODEL SHAPE
 electron_method      : ALL SPECIES GYROKINETIC
 fluctuations         : ELECTROSTATIC
 gyro_method          : ORIGINAL (INTEGRATED) POLARIZATION
 fluctuation output   : PHI( ) N( ) E( ) V( )                   
 radial grid          : UNIFORM
 integrator_method    : RK2
 field solve          : UMFPACK (SEQUENTIAL)
 source_flag          : SOURCE OFF
 pitch-angle coll.    : OFF
 rotation parameters  : CANDY METHOD
 nonlinear dynamics   : OFF
 linear diffusivity   : RESPONSE FUNCTION
 -----------------------------------------------
----------------------------------------------------------
INFO: Forcing up-down symmetry (UDSYMMETRY_FLAG=1).
----------------------------------------------------------
----------------------------------------------------------
INFO: You are using TOROIDAL_REFERENCE=-1
----------------------------------------------------------
----------------------------------------------------------
INFO: TOROIDAL_REFERENCE reset to lowest nonzero mode.
----------------------------------------------------------
----------------------------------------------------------
INFO: nu_ii rescaled by: 0.000
----------------------------------------------------------
 ----------- SPARSE MATRIX STATS ---------------
 EXPLICIT POISSON:     n>0           
         nonzeros:     2304
           values:     6960
          indices:     9313
       iterations:        1
 
 ----------- UTILITY PARAMETERS ----------------
 Ion parallel motion     : ON
 Ion curvature drift     : ON
 Electron curvature drift: ON
 ----------- GRID DIMENSIONS -------------------
 n_n                  :    1
 n_x                  :    6
 n_stack              :   28
 n_blend              :    8
 n_pass               :    4
 n_trap               :    4
 n_energy             :    8
 n_field              :    1
 --
 n_spec               :    2
 n_ion                :    2
 n_kinetic            :    2
 n_gk                 :    2
 indx_e               :    2
 --
 FIELD POINTS:        :        48
 DIST. POINTS:        :     21504
 --
 energy_max           :   6.000000
 dt                   :   0.200000
 --------------- LOCAL PARAMETERS ---------------
  NOTE: use abs(SAFETY_FACTOR) as input
 # RADIUS [INPUT]     :   0.800000
 .RADIUS              :   0.800000
 .ASPECT_RATIO        :   2.796147
 .SHIFT               :  -0.106537
 .ZMAG                :   0.000000
 .DZMAG               :   0.000000
 .KAPPA               :   1.359355
 .S_KAPPA             :   0.240872
 .DELTA               :   0.192104
 .S_DELTA             :   0.409070
 .ZETA                :  -0.011075
 .S_ZETA              :  -0.023263
 .SAFETY_FACTOR       :   2.766179
 .SHEAR               :   2.056917
 .RHO_STAR            :   0.002892
 .Z_EFF               :   1.334038
 .MACH                :   0.000000
 .PGAMMA              :   0.000000
 .GAMMA_E             :   0.000000
 .LAMBDA_DEBYE        :   0.000000
 .NU_EI               :   0.000000
 .NU_I_KROOK          :   0.000000
 .IPCCW               :   1.000000
 .BTCCW               :  -1.000000
 # Ion  1
 .NI_OVER_NE          :   1.000000
 .TI_OVER_TE          :   1.163445
 .DLNNDR              :   1.072756
 .DLNTDR              :   2.520933
 .Z                   :   1.000000
 (NU_II)              :   0.000000
 .MU                  :   1.000000
 # Electrons
 .DLNNDR_ELECTRON     :   1.072756
 .DLNTDR_ELECTRON     :   4.874780
 (Z_ELECTRON)         :  -1.000000
 .BETAE_UNIT          :   0.000270
 .MU_ELECTRON         :  60.599098
 --------------- TGLF PARAMETERS ---------------
 Q_PRIME              :  24.592198
 P_PRIME              :   0.000376
 -------- LOCAL PARAMETERS (diagnostic) ----------
 n_i*z_i - n_e:       :   0.000000
 r/R0                 :   0.286108
 b_unit               :   1.000000
 beta_unit_norm       :   0.000584
 betai_unit           :   0.000314
 betae_unit_norm      :   0.000270
 beta_*               :   0.002735
 alpha_MHD            :   0.058521
 omega_00 (c_s/a)     :   0.000000
 * Note that f = f_sim exp(i n omega0[r0] t)
 -------- ALFVEN WAVE PARAMETERS (diagnostic) ----------
 (v_A/c_s)            :  86.047073
 Omega_TAE            :   5.562446
 Omega_A              :  11.124893
 ----------- UPWIND PARAMETERS -----------------
 radial_upwind        :   2.000000
 orbit_upwind         :   1.000000
 orbit_upwind (elec)  :   0.000000
 ----------- SOURCE PARAMETERS -----------------
 nu_source            :   0.100000
 n_source             :    1
 ----------- RADIAL DOMAIN PARAMETERS ----------
 s_grid               :   2.056917
 box_multiplier       :   1.000000
 L/a                  :   0.004687
 --
 explicit_damp(i)     :   0 (  1.0000)
 explicit_damp(e)     :   0 (  1.0000)
 --
 offset               :   0 (  0.0000)
 LEFT : r_a           :   0.797657
 LEFT : r_a_physical  :   0.797657
 NORM : r(ir_norm)    :   0.800000
 RIGHT: r_b_physical  :   0.801562
 RIGHT: r_b           :   0.801562
 ----------- PARALLELIZATION PARAMETERS --------
 (nek) per subgroup:  :        32
 (ine) per subgroup:  :        24
 ----------- TIME STEPPING PARAMETERS ----------
 plot_filter          :   1.000000
 time_skip            :     5
 restart_data_skip    :    10
 ----------- STABILITY PARAMETERS ----------------
 d/dtau Courant       :  12.593337
   d/dr Courant       :   3.913663
 ----------- SETUP TIMING ----------------------
 Grid Setup           :   0.055153
 Build radial ops     :   0.010295
 Build advection ops  :   0.000000
 Build field matrices :   0.034038
 
 TOTAL SETUP          :   0.109610
 -------- CENTRAL WAVENUMBERS SIMULATED -----------
     (k_y = nq/r, rho = rho_sD_unit)
 n =    30   k_y rho =  0.300 [ 0.300][ 0.300]
  
 min resolved k_x*rho_sD :  3.877196
 max resolved k_x*rho_sD :  5.815795
 --------------- CENTRAL BOX SIZE -----------------
 abs(Lx/rho_sD)       :     1.620549
 abs(Ly/rho_sD)       :    20.943951
 => abs(dx/rho_sD)    :     0.270091
 --------------------------------------------------
 ------------ GYRO-OPERATOR BANDWIDTH -------------
 => EXACT BESSEL.
 --------------------------------------------------
 PLEASE SEE: 
  - units.out for normalizing parameters
  - alloc.out for memory usage
  - efficiency.out for parallelization efficiency
  - phase_space.out for velocity-space nodes and weights
 -----------------------------------------------
 operational mode     : FIELD EIGENVALUE
 boundary conditions  : PERIODIC
 profiles             : FLAT
 geometry             : MODEL SHAPE
 electron_method      : ALL SPECIES GYROKINETIC
 fluctuations         : ELECTROSTATIC
 gyro_method          : ORIGINAL (INTEGRATED) POLARIZATION
 fluctuation output   : PHI( ) N( ) E( ) V( )                   
 radial grid          : UNIFORM
 integrator_method    : RK2
 field solve          : UMFPACK (SEQUENTIAL)
 source_flag          : SOURCE OFF
 pitch-angle coll.    : OFF
 rotation parameters  : CANDY METHOD
 nonlinear dynamics   : OFF
 linear diffusivity   : RESPONSE FUNCTION
 -----------------------------------------------
----------------------------------------------------------
INFO: Forcing up-down symmetry (UDSYMMETRY_FLAG=1).
----------------------------------------------------------
----------------------------------------------------------
INFO: You are using TOROIDAL_REFERENCE=-1
----------------------------------------------------------
----------------------------------------------------------
INFO: TOROIDAL_REFERENCE reset to lowest nonzero mode.
----------------------------------------------------------
----------------------------------------------------------
INFO: nu_ii rescaled by: 0.000
----------------------------------------------------------
 ----------- SPARSE MATRIX STATS ---------------
 EXPLICIT POISSON:     n>0           
         nonzeros:     2304
           values:     6960
          indices:     9313
       iterations:        1
 
 ----------- UTILITY PARAMETERS ----------------
 Ion parallel motion     : ON
 Ion curvature drift     : ON
 Electron curvature drift: ON
 ----------- GRID DIMENSIONS -------------------
 n_n                  :    1
 n_x                  :    6
 n_stack              :   28
 n_blend              :    8
 n_pass               :    4
 n_trap               :    4
 n_energy             :    8
 n_field              :    1
 --
 n_spec               :    2
 n_ion                :    2
 n_kinetic            :    2
 n_gk                 :    2
 indx_e               :    2
 --
 FIELD POINTS:        :        48
 DIST. POINTS:        :     21504
 --
 energy_max           :   6.000000
 dt                   :   0.200000
 --------------- LOCAL PARAMETERS ---------------
  NOTE: use abs(SAFETY_FACTOR) as input
 # RADIUS [INPUT]     :   0.800000
 .RADIUS              :   0.800000
 .ASPECT_RATIO        :   2.796147
 .SHIFT               :  -0.106537
 .ZMAG                :   0.000000
 .DZMAG               :   0.000000
 .KAPPA               :   1.359355
 .S_KAPPA             :   0.240872
 .DELTA               :   0.192104
 .S_DELTA             :   0.409070
 .ZETA                :  -0.011075
 .S_ZETA              :  -0.023263
 .SAFETY_FACTOR       :   2.766179
 .SHEAR               :   2.056917
 .RHO_STAR            :   0.003856
 .Z_EFF               :   1.334038
 .MACH                :   0.000000
 .PGAMMA              :   0.000000
 .GAMMA_E             :   0.000000
 .LAMBDA_DEBYE        :   0.000000
 .NU_EI               :   0.000000
 .NU_I_KROOK          :   0.000000
 .IPCCW               :   1.000000
 .BTCCW               :  -1.000000
 # Ion  1
 .NI_OVER_NE          :   1.000000
 .TI_OVER_TE          :   1.163445
 .DLNNDR              :   1.072756
 .DLNTDR              :   2.520933
 .Z                   :   1.000000
 (NU_II)              :   0.000000
 .MU                  :   1.000000
 # Electrons
 .DLNNDR_ELECTRON     :   1.072756
 .DLNTDR_ELECTRON     :   4.874780
 (Z_ELECTRON)         :  -1.000000
 .BETAE_UNIT          :   0.000270
 .MU_ELECTRON         :  60.599098
 --------------- TGLF PARAMETERS ---------------
 Q_PRIME              :  24.592198
 P_PRIME              :   0.000376
 -------- LOCAL PARAMETERS (diagnostic) ----------
 n_i*z_i - n_e:       :   0.000000
 r/R0                 :   0.286108
 b_unit               :   1.000000
 beta_unit_norm       :   0.000584
 betai_unit           :   0.000314
 betae_unit_norm      :   0.000270
 beta_*               :   0.002735
 alpha_MHD            :   0.058521
 omega_00 (c_s/a)     :   0.000000
 * Note that f = f_sim exp(i n omega0[r0] t)
 -------- ALFVEN WAVE PARAMETERS (diagnostic) ----------
 (v_A/c_s)            :  86.047073
 Omega_TAE            :   5.562446
 Omega_A              :  11.124893
 ----------- UPWIND PARAMETERS -----------------
 radial_upwind        :   2.000000
 orbit_upwind         :   1.000000
 orbit_upwind (elec)  :   0.000000
 ----------- SOURCE PARAMETERS -----------------
 nu_source            :   0.100000
 n_source             :    1
 ----------- RADIAL DOMAIN PARAMETERS ----------
 s_grid               :   2.056917
 box_multiplier       :   1.000000
 L/a                  :   0.004687
 --
 explicit_damp(i)     :   0 (  1.0000)
 explicit_damp(e)     :   0 (  1.0000)
 --
 offset               :   0 (  0.0000)
 LEFT : r_a           :   0.797657
 LEFT : r_a_physical  :   0.797657
 NORM : r(ir_norm)    :   0.800000
 RIGHT: r_b_physical  :   0.801562
 RIGHT: r_b           :   0.801562
 ----------- PARALLELIZATION PARAMETERS --------
 (nek) per subgroup:  :        32
 (ine) per subgroup:  :        24
 ----------- TIME STEPPING PARAMETERS ----------
 plot_filter          :   1.000000
 time_skip            :     5
 restart_data_skip    :    10
 ----------- STABILITY PARAMETERS ----------------
 d/dtau Courant       :  12.593337
   d/dr Courant       :   5.218218
 ----------- SETUP TIMING ----------------------
 Grid Setup           :   0.052063
 Build radial ops     :   0.010682
 Build advection ops  :   0.000000
 Build field matrices :   0.034174
 
 TOTAL SETUP          :   0.106584
 -------- CENTRAL WAVENUMBERS SIMULATED -----------
     (k_y = nq/r, rho = rho_sD_unit)
 n =    30   k_y rho =  0.400 [ 0.400][ 0.400]
  
 min resolved k_x*rho_sD :  5.169595
 max resolved k_x*rho_sD :  7.754393
 --------------- CENTRAL BOX SIZE -----------------
 abs(Lx/rho_sD)       :     1.215411
 abs(Ly/rho_sD)       :    15.707963
 => abs(dx/rho_sD)    :     0.202569
 --------------------------------------------------
 ------------ GYRO-OPERATOR BANDWIDTH -------------
 => EXACT BESSEL.
 --------------------------------------------------
 PLEASE SEE: 
  - units.out for normalizing parameters
  - alloc.out for memory usage
  - efficiency.out for parallelization efficiency
  - phase_space.out for velocity-space nodes and weights
 -----------------------------------------------
 operational mode     : FIELD EIGENVALUE
 boundary conditions  : PERIODIC
 profiles             : FLAT
 geometry             : MODEL SHAPE
 electron_method      : ALL SPECIES GYROKINETIC
 fluctuations         : ELECTROSTATIC
 gyro_method          : ORIGINAL (INTEGRATED) POLARIZATION
 fluctuation output   : PHI( ) N( ) E( ) V( )                   
 radial grid          : UNIFORM
 integrator_method    : RK2
 field solve          : UMFPACK (SEQUENTIAL)
 source_flag          : SOURCE OFF
 pitch-angle coll.    : OFF
 rotation parameters  : CANDY METHOD
 nonlinear dynamics   : OFF
 linear diffusivity   : RESPONSE FUNCTION
 -----------------------------------------------
----------------------------------------------------------
INFO: Forcing up-down symmetry (UDSYMMETRY_FLAG=1).
----------------------------------------------------------
----------------------------------------------------------
INFO: You are using TOROIDAL_REFERENCE=-1
----------------------------------------------------------
----------------------------------------------------------
INFO: TOROIDAL_REFERENCE reset to lowest nonzero mode.
----------------------------------------------------------
----------------------------------------------------------
INFO: nu_ii rescaled by: 0.000
----------------------------------------------------------
 ----------- SPARSE MATRIX STATS ---------------
 EXPLICIT POISSON:     n>0           
         nonzeros:     2304
           values:     6960
          indices:     9313
       iterations:        1
 
 ----------- UTILITY PARAMETERS ----------------
 Ion parallel motion     : ON
 Ion curvature drift     : ON
 Electron curvature drift: ON
 ----------- GRID DIMENSIONS -------------------
 n_n                  :    1
 n_x                  :    6
 n_stack              :   28
 n_blend              :    8
 n_pass               :    4
 n_trap               :    4
 n_energy             :    8
 n_field              :    1
 --
 n_spec               :    2
 n_ion                :    2
 n_kinetic            :    2
 n_gk                 :    2
 indx_e               :    2
 --
 FIELD POINTS:        :        48
 DIST. POINTS:        :     21504
 --
 energy_max           :   6.000000
 dt                   :   0.200000
 --------------- LOCAL PARAMETERS ---------------
  NOTE: use abs(SAFETY_FACTOR) as input
 # RADIUS [INPUT]     :   0.800000
 .RADIUS              :   0.800000
 .ASPECT_RATIO        :   2.796147
 .SHIFT               :  -0.106537
 .ZMAG                :   0.000000
 .DZMAG               :   0.000000
 .KAPPA               :   1.359355
 .S_KAPPA             :   0.240872
 .DELTA               :   0.192104
 .S_DELTA             :   0.409070
 .ZETA                :  -0.011075
 .S_ZETA              :  -0.023263
 .SAFETY_FACTOR       :   2.766179
 .SHEAR               :   2.056917
 .RHO_STAR            :   0.004820
 .Z_EFF               :   1.334038
 .MACH                :   0.000000
 .PGAMMA              :   0.000000
 .GAMMA_E             :   0.000000
 .LAMBDA_DEBYE        :   0.000000
 .NU_EI               :   0.000000
 .NU_I_KROOK          :   0.000000
 .IPCCW               :   1.000000
 .BTCCW               :  -1.000000
 # Ion  1
 .NI_OVER_NE          :   1.000000
 .TI_OVER_TE          :   1.163445
 .DLNNDR              :   1.072756
 .DLNTDR              :   2.520933
 .Z                   :   1.000000
 (NU_II)              :   0.000000
 .MU                  :   1.000000
 # Electrons
 .DLNNDR_ELECTRON     :   1.072756
 .DLNTDR_ELECTRON     :   4.874780
 (Z_ELECTRON)         :  -1.000000
 .BETAE_UNIT          :   0.000270
 .MU_ELECTRON         :  60.599098
 --------------- TGLF PARAMETERS ---------------
 Q_PRIME              :  24.592198
 P_PRIME              :   0.000376
 -------- LOCAL PARAMETERS (diagnostic) ----------
 n_i*z_i - n_e:       :   0.000000
 r/R0                 :   0.286108
 b_unit               :   1.000000
 beta_unit_norm       :   0.000584
 betai_unit           :   0.000314
 betae_unit_norm      :   0.000270
 beta_*               :   0.002735
 alpha_MHD            :   0.058521
 omega_00 (c_s/a)     :   0.000000
 * Note that f = f_sim exp(i n omega0[r0] t)
 -------- ALFVEN WAVE PARAMETERS (diagnostic) ----------
 (v_A/c_s)            :  86.047073
 Omega_TAE            :   5.562446
 Omega_A              :  11.124893
 ----------- UPWIND PARAMETERS -----------------
 radial_upwind        :   2.000000
 orbit_upwind         :   1.000000
 orbit_upwind (elec)  :   0.000000
 ----------- SOURCE PARAMETERS -----------------
 nu_source            :   0.100000
 n_source             :    1
 ----------- RADIAL DOMAIN PARAMETERS ----------
 s_grid               :   2.056917
 box_multiplier       :   1.000000
 L/a                  :   0.004687
 --
 explicit_damp(i)     :   0 (  1.0000)
 explicit_damp(e)     :   0 (  1.0000)
 --
 offset               :   0 (  0.0000)
 LEFT : r_a           :   0.797657
 LEFT : r_a_physical  :   0.797657
 NORM : r(ir_norm)    :   0.800000
 RIGHT: r_b_physical  :   0.801562
 RIGHT: r_b           :   0.801562
 ----------- PARALLELIZATION PARAMETERS --------
 (nek) per subgroup:  :        32
 (ine) per subgroup:  :        24
 ----------- TIME STEPPING PARAMETERS ----------
 plot_filter          :   1.000000
 time_skip            :     5
 restart_data_skip    :    10
 ----------- STABILITY PARAMETERS ----------------
 d/dtau Courant       :  12.593337
   d/dr Courant       :   6.522772
 ----------- SETUP TIMING ----------------------
 Grid Setup           :   0.053793
 Build radial ops     :   0.010950
 Build advection ops  :   0.000000
 Build field matrices :   0.033856
 
 TOTAL SETUP          :   0.108276
 -------- CENTRAL WAVENUMBERS SIMULATED -----------
     (k_y = nq/r, rho = rho_sD_unit)
 n =    30   k_y rho =  0.500 [ 0.500][ 0.500]
  
 min resolved k_x*rho_sD :  6.461994
 max resolved k_x*rho_sD :  9.692991
 --------------- CENTRAL BOX SIZE -----------------
 abs(Lx/rho_sD)       :     0.972329
 abs(Ly/rho_sD)       :    12.566371
 => abs(dx/rho_sD)    :     0.162055
 --------------------------------------------------
 ------------ GYRO-OPERATOR BANDWIDTH -------------
 => EXACT BESSEL.
 --------------------------------------------------
 PLEASE SEE: 
  - units.out for normalizing parameters
  - alloc.out for memory usage
  - efficiency.out for parallelization efficiency
  - phase_space.out for velocity-space nodes and weights
 -----------------------------------------------
 operational mode     : FIELD EIGENVALUE
 boundary conditions  : PERIODIC
 profiles             : FLAT
 geometry             : MODEL SHAPE
 electron_method      : ALL SPECIES GYROKINETIC
 fluctuations         : ELECTROSTATIC
 gyro_method          : ORIGINAL (INTEGRATED) POLARIZATION
 fluctuation output   : PHI( ) N( ) E( ) V( )                   
 radial grid          : UNIFORM
 integrator_method    : RK2
 field solve          : UMFPACK (SEQUENTIAL)
 source_flag          : SOURCE OFF
 pitch-angle coll.    : OFF
 rotation parameters  : CANDY METHOD
 nonlinear dynamics   : OFF
 linear diffusivity   : RESPONSE FUNCTION
 -----------------------------------------------
----------------------------------------------------------
INFO: Forcing up-down symmetry (UDSYMMETRY_FLAG=1).
----------------------------------------------------------
----------------------------------------------------------
INFO: You are using TOROIDAL_REFERENCE=-1
----------------------------------------------------------
----------------------------------------------------------
INFO: TOROIDAL_REFERENCE reset to lowest nonzero mode.
----------------------------------------------------------
----------------------------------------------------------
INFO: nu_ii rescaled by: 0.000
----------------------------------------------------------
 ----------- SPARSE MATRIX STATS ---------------
 EXPLICIT POISSON:     n>0           
         nonzeros:     2304
           values:     6960
          indices:     9313
       iterations:        1
 
 ----------- UTILITY PARAMETERS ----------------
 Ion parallel motion     : ON
 Ion curvature drift     : ON
 Electron curvature drift: ON
 ----------- GRID DIMENSIONS -------------------
 n_n                  :    1
 n_x                  :    6
 n_stack              :   28
 n_blend              :    8
 n_pass               :    4
 n_trap               :    4
 n_energy             :    8
 n_field              :    1
 --
 n_spec               :    2
 n_ion                :    2
 n_kinetic            :    2
 n_gk                 :    2
 indx_e               :    2
 --
 FIELD POINTS:        :        48
 DIST. POINTS:        :     21504
 --
 energy_max           :   6.000000
 dt                   :   0.200000
 --------------- LOCAL PARAMETERS ---------------
  NOTE: use abs(SAFETY_FACTOR) as input
 # RADIUS [INPUT]     :   0.800000
 .RADIUS              :   0.800000
 .ASPECT_RATIO        :   2.796147
 .SHIFT               :  -0.106537
 .ZMAG                :   0.000000
 .DZMAG               :   0.000000
 .KAPPA               :   1.359355
 .S_KAPPA             :   0.240872
 .DELTA               :   0.192104
 .S_DELTA             :   0.409070
 .ZETA                :  -0.011075
 .S_ZETA              :  -0.023263
 .SAFETY_FACTOR       :   2.766179
 .SHEAR               :   2.056917
 .RHO_STAR            :   0.005784
 .Z_EFF               :   1.334038
 .MACH                :   0.000000
 .PGAMMA              :   0.000000
 .GAMMA_E             :   0.000000
 .LAMBDA_DEBYE        :   0.000000
 .NU_EI               :   0.000000
 .NU_I_KROOK          :   0.000000
 .IPCCW               :   1.000000
 .BTCCW               :  -1.000000
 # Ion  1
 .NI_OVER_NE          :   1.000000
 .TI_OVER_TE          :   1.163445
 .DLNNDR              :   1.072756
 .DLNTDR              :   2.520933
 .Z                   :   1.000000
 (NU_II)              :   0.000000
 .MU                  :   1.000000
 # Electrons
 .DLNNDR_ELECTRON     :   1.072756
 .DLNTDR_ELECTRON     :   4.874780
 (Z_ELECTRON)         :  -1.000000
 .BETAE_UNIT          :   0.000270
 .MU_ELECTRON         :  60.599098
 --------------- TGLF PARAMETERS ---------------
 Q_PRIME              :  24.592198
 P_PRIME              :   0.000376
 -------- LOCAL PARAMETERS (diagnostic) ----------
 n_i*z_i - n_e:       :   0.000000
 r/R0                 :   0.286108
 b_unit               :   1.000000
 beta_unit_norm       :   0.000584
 betai_unit           :   0.000314
 betae_unit_norm      :   0.000270
 beta_*               :   0.002735
 alpha_MHD            :   0.058521
 omega_00 (c_s/a)     :   0.000000
 * Note that f = f_sim exp(i n omega0[r0] t)
 -------- ALFVEN WAVE PARAMETERS (diagnostic) ----------
 (v_A/c_s)            :  86.047073
 Omega_TAE            :   5.562446
 Omega_A              :  11.124893
 ----------- UPWIND PARAMETERS -----------------
 radial_upwind        :   2.000000
 orbit_upwind         :   1.000000
 orbit_upwind (elec)  :   0.000000
 ----------- SOURCE PARAMETERS -----------------
 nu_source            :   0.100000
 n_source             :    1
 ----------- RADIAL DOMAIN PARAMETERS ----------
 s_grid               :   2.056917
 box_multiplier       :   1.000000
 L/a                  :   0.004687
 --
 explicit_damp(i)     :   0 (  1.0000)
 explicit_damp(e)     :   0 (  1.0000)
 --
 offset               :   0 (  0.0000)
 LEFT : r_a           :   0.797657
 LEFT : r_a_physical  :   0.797657
 NORM : r(ir_norm)    :   0.800000
 RIGHT: r_b_physical  :   0.801562
 RIGHT: r_b           :   0.801562
 ----------- PARALLELIZATION PARAMETERS --------
 (nek) per subgroup:  :        32
 (ine) per subgroup:  :        24
 ----------- TIME STEPPING PARAMETERS ----------
 plot_filter          :   1.000000
 time_skip            :     5
 restart_data_skip    :    10
 ----------- STABILITY PARAMETERS ----------------
 d/dtau Courant       :  12.593337
   d/dr Courant       :   7.827327
 ----------- SETUP TIMING ----------------------
 Grid Setup           :   0.054064
 Build radial ops     :   0.011153
 Build advection ops  :   0.000001
 Build field matrices :   0.034231
 
 TOTAL SETUP          :   0.109293
 -------- CENTRAL WAVENUMBERS SIMULATED -----------
     (k_y = nq/r, rho = rho_sD_unit)
 n =    30   k_y rho =  0.600 [ 0.600][ 0.600]
  
 min resolved k_x*rho_sD :  7.754393
 max resolved k_x*rho_sD : 11.631589
 --------------- CENTRAL BOX SIZE -----------------
 abs(Lx/rho_sD)       :     0.810274
 abs(Ly/rho_sD)       :    10.471976
 => abs(dx/rho_sD)    :     0.135046
 --------------------------------------------------
 ------------ GYRO-OPERATOR BANDWIDTH -------------
 => EXACT BESSEL.
 --------------------------------------------------
 PLEASE SEE: 
  - units.out for normalizing parameters
  - alloc.out for memory usage
  - efficiency.out for parallelization efficiency
  - phase_space.out for velocity-space nodes and weights
 -----------------------------------------------
 operational mode     : FIELD EIGENVALUE
 boundary conditions  : PERIODIC
 profiles             : FLAT
 geometry             : MODEL SHAPE
 electron_method      : ALL SPECIES GYROKINETIC
 fluctuations         : ELECTROSTATIC
 gyro_method          : ORIGINAL (INTEGRATED) POLARIZATION
 fluctuation output   : PHI( ) N( ) E( ) V( )                   
 radial grid          : UNIFORM
 integrator_method    : RK2
 field solve          : UMFPACK (SEQUENTIAL)
 source_flag          : SOURCE OFF
 pitch-angle coll.    : OFF
 rotation parameters  : CANDY METHOD
 nonlinear dynamics   : OFF
 linear diffusivity   : RESPONSE FUNCTION
 -----------------------------------------------
----------------------------------------------------------
INFO: Forcing up-down symmetry (UDSYMMETRY_FLAG=1).
----------------------------------------------------------
----------------------------------------------------------
INFO: You are using TOROIDAL_REFERENCE=-1
----------------------------------------------------------
----------------------------------------------------------
INFO: TOROIDAL_REFERENCE reset to lowest nonzero mode.
----------------------------------------------------------
----------------------------------------------------------
INFO: nu_ii rescaled by: 0.000
----------------------------------------------------------
 ----------- SPARSE MATRIX STATS ---------------
 EXPLICIT POISSON:     n>0           
         nonzeros:     2304
           values:     6960
          indices:     9313
       iterations:        1
 
 ----------- UTILITY PARAMETERS ----------------
 Ion parallel motion     : ON
 Ion curvature drift     : ON
 Electron curvature drift: ON
 ----------- GRID DIMENSIONS -------------------
 n_n                  :    1
 n_x                  :    6
 n_stack              :   28
 n_blend              :    8
 n_pass               :    4
 n_trap               :    4
 n_energy             :    8
 n_field              :    1
 --
 n_spec               :    2
 n_ion                :    2
 n_kinetic            :    2
 n_gk                 :    2
 indx_e               :    2
 --
 FIELD POINTS:        :        48
 DIST. POINTS:        :     21504
 --
 energy_max           :   6.000000
 dt                   :   0.200000
 --------------- LOCAL PARAMETERS ---------------
  NOTE: use abs(SAFETY_FACTOR) as input
 # RADIUS [INPUT]     :   0.800000
 .RADIUS              :   0.800000
 .ASPECT_RATIO        :   2.796147
 .SHIFT               :  -0.106537
 .ZMAG                :   0.000000
 .DZMAG               :   0.000000
 .KAPPA               :   1.359355
 .S_KAPPA             :   0.240872
 .DELTA               :   0.192104
 .S_DELTA             :   0.409070
 .ZETA                :  -0.011075
 .S_ZETA              :  -0.023263
 .SAFETY_FACTOR       :   2.766179
 .SHEAR               :   2.056917
 .RHO_STAR            :   0.006748
 .Z_EFF               :   1.334038
 .MACH                :   0.000000
 .PGAMMA              :   0.000000
 .GAMMA_E             :   0.000000
 .LAMBDA_DEBYE        :   0.000000
 .NU_EI               :   0.000000
 .NU_I_KROOK          :   0.000000
 .IPCCW               :   1.000000
 .BTCCW               :  -1.000000
 # Ion  1
 .NI_OVER_NE          :   1.000000
 .TI_OVER_TE          :   1.163445
 .DLNNDR              :   1.072756
 .DLNTDR              :   2.520933
 .Z                   :   1.000000
 (NU_II)              :   0.000000
 .MU                  :   1.000000
 # Electrons
 .DLNNDR_ELECTRON     :   1.072756
 .DLNTDR_ELECTRON     :   4.874780
 (Z_ELECTRON)         :  -1.000000
 .BETAE_UNIT          :   0.000270
 .MU_ELECTRON         :  60.599098
 --------------- TGLF PARAMETERS ---------------
 Q_PRIME              :  24.592198
 P_PRIME              :   0.000376
 -------- LOCAL PARAMETERS (diagnostic) ----------
 n_i*z_i - n_e:       :   0.000000
 r/R0                 :   0.286108
 b_unit               :   1.000000
 beta_unit_norm       :   0.000584
 betai_unit           :   0.000314
 betae_unit_norm      :   0.000270
 beta_*               :   0.002735
 alpha_MHD            :   0.058521
 omega_00 (c_s/a)     :   0.000000
 * Note that f = f_sim exp(i n omega0[r0] t)
 -------- ALFVEN WAVE PARAMETERS (diagnostic) ----------
 (v_A/c_s)            :  86.047073
 Omega_TAE            :   5.562446
 Omega_A              :  11.124893
 ----------- UPWIND PARAMETERS -----------------
 radial_upwind        :   2.000000
 orbit_upwind         :   1.000000
 orbit_upwind (elec)  :   0.000000
 ----------- SOURCE PARAMETERS -----------------
 nu_source            :   0.100000
 n_source             :    1
 ----------- RADIAL DOMAIN PARAMETERS ----------
 s_grid               :   2.056917
 box_multiplier       :   1.000000
 L/a                  :   0.004687
 --
 explicit_damp(i)     :   0 (  1.0000)
 explicit_damp(e)     :   0 (  1.0000)
 --
 offset               :   0 (  0.0000)
 LEFT : r_a           :   0.797657
 LEFT : r_a_physical  :   0.797657
 NORM : r(ir_norm)    :   0.800000
 RIGHT: r_b_physical  :   0.801562
 RIGHT: r_b           :   0.801562
 ----------- PARALLELIZATION PARAMETERS --------
 (nek) per subgroup:  :        32
 (ine) per subgroup:  :        24
 ----------- TIME STEPPING PARAMETERS ----------
 plot_filter          :   1.000000
 time_skip            :     5
 restart_data_skip    :    10
 ----------- STABILITY PARAMETERS ----------------
 d/dtau Courant       :  12.593337
   d/dr Courant       :   9.131881
 ----------- SETUP TIMING ----------------------
 Grid Setup           :   0.052746
 Build radial ops     :   0.011299
 Build advection ops  :   0.000000
 Build field matrices :   0.034192
 
 TOTAL SETUP          :   0.107727
 -------- CENTRAL WAVENUMBERS SIMULATED -----------
     (k_y = nq/r, rho = rho_sD_unit)
 n =    30   k_y rho =  0.700 [ 0.700][ 0.700]
  
 min resolved k_x*rho_sD :  9.046792
 max resolved k_x*rho_sD : 13.570187
 --------------- CENTRAL BOX SIZE -----------------
 abs(Lx/rho_sD)       :     0.694521
 abs(Ly/rho_sD)       :     8.975979
 => abs(dx/rho_sD)    :     0.115753
 --------------------------------------------------
 ------------ GYRO-OPERATOR BANDWIDTH -------------
 => EXACT BESSEL.
 --------------------------------------------------
 PLEASE SEE: 
  - units.out for normalizing parameters
  - alloc.out for memory usage
  - efficiency.out for parallelization efficiency
  - phase_space.out for velocity-space nodes and weights
 -----------------------------------------------
 operational mode     : FIELD EIGENVALUE
 boundary conditions  : PERIODIC
 profiles             : FLAT
 geometry             : MODEL SHAPE
 electron_method      : ALL SPECIES GYROKINETIC
 fluctuations         : ELECTROSTATIC
 gyro_method          : ORIGINAL (INTEGRATED) POLARIZATION
 fluctuation output   : PHI( ) N( ) E( ) V( )                   
 radial grid          : UNIFORM
 integrator_method    : RK2
 field solve          : UMFPACK (SEQUENTIAL)
 source_flag          : SOURCE OFF
 pitch-angle coll.    : OFF
 rotation parameters  : CANDY METHOD
 nonlinear dynamics   : OFF
 linear diffusivity   : RESPONSE FUNCTION
 -----------------------------------------------
----------------------------------------------------------
INFO: Forcing up-down symmetry (UDSYMMETRY_FLAG=1).
----------------------------------------------------------
----------------------------------------------------------
INFO: You are using TOROIDAL_REFERENCE=-1
----------------------------------------------------------
----------------------------------------------------------
INFO: TOROIDAL_REFERENCE reset to lowest nonzero mode.
----------------------------------------------------------
----------------------------------------------------------
INFO: nu_ii rescaled by: 0.000
----------------------------------------------------------
 ----------- SPARSE MATRIX STATS ---------------
 EXPLICIT POISSON:     n>0           
         nonzeros:     2304
           values:     6960
          indices:     9313
       iterations:        1
 
 ----------- UTILITY PARAMETERS ----------------
 Ion parallel motion     : ON
 Ion curvature drift     : ON
 Electron curvature drift: ON
 ----------- GRID DIMENSIONS -------------------
 n_n                  :    1
 n_x                  :    6
 n_stack              :   28
 n_blend              :    8
 n_pass               :    4
 n_trap               :    4
 n_energy             :    8
 n_field              :    1
 --
 n_spec               :    2
 n_ion                :    2
 n_kinetic            :    2
 n_gk                 :    2
 indx_e               :    2
 --
 FIELD POINTS:        :        48
 DIST. POINTS:        :     21504
 --
 energy_max           :   6.000000
 dt                   :   0.200000
 --------------- LOCAL PARAMETERS ---------------
  NOTE: use abs(SAFETY_FACTOR) as input
 # RADIUS [INPUT]     :   0.800000
 .RADIUS              :   0.800000
 .ASPECT_RATIO        :   2.796147
 .SHIFT               :  -0.106537
 .ZMAG                :   0.000000
 .DZMAG               :   0.000000
 .KAPPA               :   1.359355
 .S_KAPPA             :   0.240872
 .DELTA               :   0.192104
 .S_DELTA             :   0.409070
 .ZETA                :  -0.011075
 .S_ZETA              :  -0.023263
 .SAFETY_FACTOR       :   2.766179
 .SHEAR               :   2.056917
 .RHO_STAR            :   0.007712
 .Z_EFF               :   1.334038
 .MACH                :   0.000000
 .PGAMMA              :   0.000000
 .GAMMA_E             :   0.000000
 .LAMBDA_DEBYE        :   0.000000
 .NU_EI               :   0.000000
 .NU_I_KROOK          :   0.000000
 .IPCCW               :   1.000000
 .BTCCW               :  -1.000000
 # Ion  1
 .NI_OVER_NE          :   1.000000
 .TI_OVER_TE          :   1.163445
 .DLNNDR              :   1.072756
 .DLNTDR              :   2.520933
 .Z                   :   1.000000
 (NU_II)              :   0.000000
 .MU                  :   1.000000
 # Electrons
 .DLNNDR_ELECTRON     :   1.072756
 .DLNTDR_ELECTRON     :   4.874780
 (Z_ELECTRON)         :  -1.000000
 .BETAE_UNIT          :   0.000270
 .MU_ELECTRON         :  60.599098
 --------------- TGLF PARAMETERS ---------------
 Q_PRIME              :  24.592198
 P_PRIME              :   0.000376
 -------- LOCAL PARAMETERS (diagnostic) ----------
 n_i*z_i - n_e:       :   0.000000
 r/R0                 :   0.286108
 b_unit               :   1.000000
 beta_unit_norm       :   0.000584
 betai_unit           :   0.000314
 betae_unit_norm      :   0.000270
 beta_*               :   0.002735
 alpha_MHD            :   0.058521
 omega_00 (c_s/a)     :   0.000000
 * Note that f = f_sim exp(i n omega0[r0] t)
 -------- ALFVEN WAVE PARAMETERS (diagnostic) ----------
 (v_A/c_s)            :  86.047073
 Omega_TAE            :   5.562446
 Omega_A              :  11.124893
 ----------- UPWIND PARAMETERS -----------------
 radial_upwind        :   2.000000
 orbit_upwind         :   1.000000
 orbit_upwind (elec)  :   0.000000
 ----------- SOURCE PARAMETERS -----------------
 nu_source            :   0.100000
 n_source             :    1
 ----------- RADIAL DOMAIN PARAMETERS ----------
 s_grid               :   2.056917
 box_multiplier       :   1.000000
 L/a                  :   0.004687
 --
 explicit_damp(i)     :   0 (  1.0000)
 explicit_damp(e)     :   0 (  1.0000)
 --
 offset               :   0 (  0.0000)
 LEFT : r_a           :   0.797657
 LEFT : r_a_physical  :   0.797657
 NORM : r(ir_norm)    :   0.800000
 RIGHT: r_b_physical  :   0.801562
 RIGHT: r_b           :   0.801562
 ----------- PARALLELIZATION PARAMETERS --------
 (nek) per subgroup:  :        32
 (ine) per subgroup:  :        24
 ----------- TIME STEPPING PARAMETERS ----------
 plot_filter          :   1.000000
 time_skip            :     5
 restart_data_skip    :    10
 ----------- STABILITY PARAMETERS ----------------
 d/dtau Courant       :  12.593337
   d/dr Courant       :  10.436435
 ----------- SETUP TIMING ----------------------
 Grid Setup           :   0.054240
 Build radial ops     :   0.011444
 Build advection ops  :   0.000000
 Build field matrices :   0.034186
 
 TOTAL SETUP          :   0.109748
 -------- CENTRAL WAVENUMBERS SIMULATED -----------
     (k_y = nq/r, rho = rho_sD_unit)
 n =    30   k_y rho =  0.800 [ 0.800][ 0.800]
  
 min resolved k_x*rho_sD : 10.339190
 max resolved k_x*rho_sD : 15.508786
 --------------- CENTRAL BOX SIZE -----------------
 abs(Lx/rho_sD)       :     0.607706
 abs(Ly/rho_sD)       :     7.853982
 => abs(dx/rho_sD)    :     0.101284
 --------------------------------------------------
 ------------ GYRO-OPERATOR BANDWIDTH -------------
 => EXACT BESSEL.
 --------------------------------------------------
 PLEASE SEE: 
  - units.out for normalizing parameters
  - alloc.out for memory usage
  - efficiency.out for parallelization efficiency
  - phase_space.out for velocity-space nodes and weights
 -----------------------------------------------
 operational mode     : FIELD EIGENVALUE
 boundary conditions  : PERIODIC
 profiles             : FLAT
 geometry             : MODEL SHAPE
 electron_method      : ALL SPECIES GYROKINETIC
 fluctuations         : ELECTROSTATIC
 gyro_method          : ORIGINAL (INTEGRATED) POLARIZATION
 fluctuation output   : PHI( ) N( ) E( ) V( )                   
 radial grid          : UNIFORM
 integrator_method    : RK2
 field solve          : UMFPACK (SEQUENTIAL)
 source_flag          : SOURCE OFF
 pitch-angle coll.    : OFF
 rotation parameters  : CANDY METHOD
 nonlinear dynamics   : OFF
 linear diffusivity   : RESPONSE FUNCTION
 -----------------------------------------------
----------------------------------------------------------
INFO: Forcing up-down symmetry (UDSYMMETRY_FLAG=1).
----------------------------------------------------------
----------------------------------------------------------
INFO: You are using TOROIDAL_REFERENCE=-1
----------------------------------------------------------
----------------------------------------------------------
INFO: TOROIDAL_REFERENCE reset to lowest nonzero mode.
----------------------------------------------------------
----------------------------------------------------------
INFO: nu_ii rescaled by: 0.000
----------------------------------------------------------
 ----------- SPARSE MATRIX STATS ---------------
 EXPLICIT POISSON:     n>0           
         nonzeros:     2304
           values:     6960
          indices:     9313
       iterations:        1
 
 ----------- UTILITY PARAMETERS ----------------
 Ion parallel motion     : ON
 Ion curvature drift     : ON
 Electron curvature drift: ON
 ----------- GRID DIMENSIONS -------------------
 n_n                  :    1
 n_x                  :    6
 n_stack              :   28
 n_blend              :    8
 n_pass               :    4
 n_trap               :    4
 n_energy             :    8
 n_field              :    1
 --
 n_spec               :    2
 n_ion                :    2
 n_kinetic            :    2
 n_gk                 :    2
 indx_e               :    2
 --
 FIELD POINTS:        :        48
 DIST. POINTS:        :     21504
 --
 energy_max           :   6.000000
 dt                   :   0.200000
 --------------- LOCAL PARAMETERS ---------------
  NOTE: use abs(SAFETY_FACTOR) as input
 # RADIUS [INPUT]     :   0.800000
 .RADIUS              :   0.800000
 .ASPECT_RATIO        :   2.796147
 .SHIFT               :  -0.106537
 .ZMAG                :   0.000000
 .DZMAG               :   0.000000
 .KAPPA               :   1.359355
 .S_KAPPA             :   0.240872
 .DELTA               :   0.192104
 .S_DELTA             :   0.409070
 .ZETA                :  -0.011075
 .S_ZETA              :  -0.023263
 .SAFETY_FACTOR       :   2.766179
 .SHEAR               :   2.056917
 .RHO_STAR            :   0.008676
 .Z_EFF               :   1.334038
 .MACH                :   0.000000
 .PGAMMA              :   0.000000
 .GAMMA_E             :   0.000000
 .LAMBDA_DEBYE        :   0.000000
 .NU_EI               :   0.000000
 .NU_I_KROOK          :   0.000000
 .IPCCW               :   1.000000
 .BTCCW               :  -1.000000
 # Ion  1
 .NI_OVER_NE          :   1.000000
 .TI_OVER_TE          :   1.163445
 .DLNNDR              :   1.072756
 .DLNTDR              :   2.520933
 .Z                   :   1.000000
 (NU_II)              :   0.000000
 .MU                  :   1.000000
 # Electrons
 .DLNNDR_ELECTRON     :   1.072756
 .DLNTDR_ELECTRON     :   4.874780
 (Z_ELECTRON)         :  -1.000000
 .BETAE_UNIT          :   0.000270
 .MU_ELECTRON         :  60.599098
 --------------- TGLF PARAMETERS ---------------
 Q_PRIME              :  24.592198
 P_PRIME              :   0.000376
 -------- LOCAL PARAMETERS (diagnostic) ----------
 n_i*z_i - n_e:       :   0.000000
 r/R0                 :   0.286108
 b_unit               :   1.000000
 beta_unit_norm       :   0.000584
 betai_unit           :   0.000314
 betae_unit_norm      :   0.000270
 beta_*               :   0.002735
 alpha_MHD            :   0.058521
 omega_00 (c_s/a)     :   0.000000
 * Note that f = f_sim exp(i n omega0[r0] t)
 -------- ALFVEN WAVE PARAMETERS (diagnostic) ----------
 (v_A/c_s)            :  86.047073
 Omega_TAE            :   5.562446
 Omega_A              :  11.124893
 ----------- UPWIND PARAMETERS -----------------
 radial_upwind        :   2.000000
 orbit_upwind         :   1.000000
 orbit_upwind (elec)  :   0.000000
 ----------- SOURCE PARAMETERS -----------------
 nu_source            :   0.100000
 n_source             :    1
 ----------- RADIAL DOMAIN PARAMETERS ----------
 s_grid               :   2.056917
 box_multiplier       :   1.000000
 L/a                  :   0.004687
 --
 explicit_damp(i)     :   0 (  1.0000)
 explicit_damp(e)     :   0 (  1.0000)
 --
 offset               :   0 (  0.0000)
 LEFT : r_a           :   0.797657
 LEFT : r_a_physical  :   0.797657
 NORM : r(ir_norm)    :   0.800000
 RIGHT: r_b_physical  :   0.801562
 RIGHT: r_b           :   0.801562
 ----------- PARALLELIZATION PARAMETERS --------
 (nek) per subgroup:  :        32
 (ine) per subgroup:  :        24
 ----------- TIME STEPPING PARAMETERS ----------
 plot_filter          :   1.000000
 time_skip            :     5
 restart_data_skip    :    10
 ----------- STABILITY PARAMETERS ----------------
 d/dtau Courant       :  12.593337
   d/dr Courant       :  11.740990
 ----------- SETUP TIMING ----------------------
 Grid Setup           :   0.052084
 Build radial ops     :   0.011500
 Build advection ops  :   0.000001
 Build field matrices :   0.034181
 
 TOTAL SETUP          :   0.107498
 -------- CENTRAL WAVENUMBERS SIMULATED -----------
     (k_y = nq/r, rho = rho_sD_unit)
 n =    30   k_y rho =  0.900 [ 0.900][ 0.900]
  
 min resolved k_x*rho_sD : 11.631589
 max resolved k_x*rho_sD : 17.447384
 --------------- CENTRAL BOX SIZE -----------------
 abs(Lx/rho_sD)       :     0.540183
 abs(Ly/rho_sD)       :     6.981317
 => abs(dx/rho_sD)    :     0.090030
 --------------------------------------------------
 ------------ GYRO-OPERATOR BANDWIDTH -------------
 => EXACT BESSEL.
 --------------------------------------------------
 PLEASE SEE: 
  - units.out for normalizing parameters
  - alloc.out for memory usage
  - efficiency.out for parallelization efficiency
  - phase_space.out for velocity-space nodes and weights
