 0.0000E+00
 0.0000E+00
 0.0000E+00
 0.0000E+00
 4.1981E-20
 4.2537E-20
-2.8419E-14
 0.0000E+00
 0.0000E+00
 0.0000E+00
 0.0000E+00
-2.4750E-01
 8.3433E-20
 3.5723E-04
 1.3272E-11
 1.7554E-04
 0.0000E+00
 0.0000E+00
 0.0000E+00
-7.5723E-02
-9.8821E-21
 7.2653E-04
 9.0579E-11
 3.7258E-04
 0.0000E+00
 0.0000E+00
 0.0000E+00
 8.5298E-02
 3.8328E-19
 1.1237E-03
 6.0964E-10
 5.9755E-04
 0.0000E+00
 0.0000E+00
 0.0000E+00
-2.2885E-02
 2.6865E-19
 1.5672E-03
 2.1414E-09
 8.5786E-04
 0.0000E+00
 0.0000E+00
 0.0000E+00
-5.8684E-02
-2.3435E-20
 2.0789E-03
 2.7667E-09
 1.1643E-03
 0.0000E+00
 0.0000E+00
 0.0000E+00
 3.5593E-02
 1.6267E-19
 2.6852E-03
-2.9712E-10
 1.5329E-03
 0.0000E+00
 0.0000E+00
 0.0000E+00
 3.2087E-02
 3.0048E-19
 3.4168E-03
-5.4046E-09
 1.9820E-03
 0.0000E+00
 0.0000E+00
 0.0000E+00
-3.3240E-02
 3.6380E-19
 4.3093E-03
-6.7203E-09
 2.5327E-03
 0.0000E+00
 0.0000E+00
 0.0000E+00
-2.4917E-02
 6.6661E-19
 5.4052E-03
 5.9911E-10
 3.2127E-03
 0.0000E+00
 0.0000E+00
 0.0000E+00
 6.9730E-03
-9.9385E-20
 6.7560E-03
 1.6497E-08
 4.0551E-03
