-0.0000E+00
 0.0000E+00
 1.0000E+00
 0.0000E+00
 0.0000E+00
 1.0000E+00
 8.6486E-01
 1.0000E+00
 1.0000E+00
 1.0000E+00
 0.0000E+00
-0.0000E+00
 0.0000E+00
 1.0000E+00
 0.0000E+00
 0.0000E+00
 1.0000E+00
 8.6357E-01
 1.0000E+00
 1.0000E+00
 1.0000E+00
 0.0000E+00
-0.0000E+00
 0.0000E+00
 1.0000E+00
 0.0000E+00
 0.0000E+00
 1.0000E+00
 8.6228E-01
 1.0000E+00
 1.0000E+00
 1.0000E+00
 0.0000E+00
-0.0000E+00
 0.0000E+00
 1.0000E+00
 0.0000E+00
 0.0000E+00
 1.0000E+00
 8.6099E-01
 1.0000E+00
 1.0000E+00
 1.0000E+00
 0.0000E+00
-0.0000E+00
 0.0000E+00
 1.0000E+00
 0.0000E+00
 0.0000E+00
 1.0000E+00
 8.5970E-01
 1.0000E+00
 1.0000E+00
 1.0000E+00
 0.0000E+00
-0.0000E+00
 0.0000E+00
 1.0000E+00
 0.0000E+00
 0.0000E+00
 1.0000E+00
 8.5842E-01
 1.0000E+00
 1.0000E+00
 1.0000E+00
 0.0000E+00
-0.0000E+00
 0.0000E+00
 1.0000E+00
 0.0000E+00
 0.0000E+00
 1.0000E+00
 8.5714E-01
 1.0000E+00
 1.0000E+00
 1.0000E+00
 0.0000E+00
-0.0000E+00
 0.0000E+00
 1.0000E+00
 0.0000E+00
 0.0000E+00
 1.0000E+00
 8.5587E-01
 1.0000E+00
 1.0000E+00
 1.0000E+00
 0.0000E+00
-0.0000E+00
 0.0000E+00
 1.0000E+00
 0.0000E+00
 0.0000E+00
 1.0000E+00
 8.5460E-01
 1.0000E+00
 1.0000E+00
 1.0000E+00
 0.0000E+00
-0.0000E+00
 0.0000E+00
 1.0000E+00
 0.0000E+00
 0.0000E+00
 1.0000E+00
 8.5333E-01
 1.0000E+00
 1.0000E+00
 1.0000E+00
 0.0000E+00
-0.0000E+00
 0.0000E+00
 1.0000E+00
 0.0000E+00
 0.0000E+00
 1.0000E+00
 8.5207E-01
 1.0000E+00
 1.0000E+00
 1.0000E+00
 0.0000E+00
-0.0000E+00
 0.0000E+00
 1.0000E+00
 0.0000E+00
 0.0000E+00
 1.0000E+00
 8.5081E-01
 1.0000E+00
 1.0000E+00
 1.0000E+00
 0.0000E+00
