-1.95627190E-19  5.91014439E-07  1.02366704E-06  1.18202888E-06  1.02366704E-06  5.91014439E-07 -1.62701288E-18 -5.91014439E-07 -1.02366704E-06 -1.18202888E-06 -1.02366704E-06 -5.91014439E-07  2.94302910E-20 -8.65159832E-05 -1.49850079E-04 -1.73031966E-04 -1.49850079E-04 -8.65159832E-05 -4.11256878E-18  8.65159832E-05
 1.49850079E-04  1.73031966E-04  1.49850079E-04  8.65159832E-05
 3.19073923E-15  4.40026191E-07  7.62147756E-07  8.80052404E-07  7.62147781E-07  4.40026213E-07 -3.12122832E-15 -4.40026218E-07 -7.62147784E-07 -8.80052404E-07 -7.62147753E-07 -4.40026186E-07  1.34239950E-14 -9.85518480E-05 -1.70696842E-04 -1.97103725E-04 -1.70696871E-04 -9.85518779E-05 -5.66948832E-14  9.85518778E-05
 1.70696871E-04  1.97103725E-04  1.70696842E-04  9.85518481E-05
 4.69393133E-15  9.84277338E-08  1.70482034E-07  1.96855759E-07  1.70482329E-07  9.84280253E-08 -3.44753252E-15 -9.84280327E-08 -1.70482333E-07 -1.96855759E-07 -1.70482030E-07 -9.84277271E-08 -3.42790032E-13 -1.21953053E-04 -2.11229050E-04 -2.43906387E-04 -2.11229338E-04 -1.21953343E-04 -7.23491688E-13  1.21953343E-04
 2.11229338E-04  2.43906387E-04  2.11229050E-04  1.21953054E-04
 6.24139954E-15 -1.99400703E-07 -3.45371720E-07 -3.98800587E-07 -3.45370908E-07 -1.99399884E-07 -2.01611460E-15  1.99399875E-07  3.45370904E-07  3.98800585E-07  3.45371725E-07  1.99400709E-07 -1.47444067E-12 -1.32142854E-04 -2.28878339E-04 -2.64286426E-04 -2.28879051E-04 -1.32143589E-04 -3.50728317E-13  1.32143592E-04
 2.28879049E-04  2.64286428E-04  2.28878336E-04  1.32142856E-04
 1.36847371E-14 -2.79011030E-07 -4.83260897E-07 -5.58021122E-07 -4.83260003E-07 -2.79010090E-07 -1.17659094E-14  2.79010067E-07  4.83259994E-07  5.58021116E-07  4.83260913E-07  2.79011052E-07  2.51412025E-12 -1.16080754E-04 -2.01057449E-04 -2.32162465E-04 -2.01058202E-04 -1.16081752E-04  1.47101898E-11  1.16081756E-04
 2.01058191E-04  2.32162493E-04  2.01057429E-04  1.16080736E-04
 3.10566799E-14 -1.38883158E-07 -2.40552908E-07 -2.77766080E-07 -2.40552836E-07 -1.38882897E-07 -4.88525914E-14  1.38882834E-07  2.40552812E-07  2.77766057E-07  2.40552961E-07  1.38883233E-07  2.31146489E-11 -8.20138946E-05 -1.42050421E-04 -1.64028833E-04 -1.42050415E-04 -8.20150854E-05  6.00411758E-11  8.20150737E-05
 1.42050377E-04  1.64028933E-04  1.42050359E-04  8.20138229E-05
 4.99268866E-14  8.01218126E-08  1.38773699E-07  1.60242992E-07  1.38772579E-07  8.01212644E-08 -1.00664936E-13 -8.01213700E-08 -1.38772617E-07 -1.60243048E-07 -1.38773596E-07 -8.01216642E-08  4.87931508E-11 -5.01290249E-05 -8.68209957E-05 -1.00259475E-04 -8.68192842E-05 -5.01307584E-05  9.93296733E-11  5.01307158E-05
 8.68192190E-05  1.00259643E-04  8.68208996E-05  5.01289125E-05
 5.02636928E-14  2.17796969E-07  3.77232326E-07  4.35593056E-07  3.77230303E-07  2.17796226E-07 -1.16298256E-13 -2.17796334E-07 -3.77230336E-07 -4.35593141E-07 -3.77232204E-07 -2.17796800E-07  1.31349291E-11 -3.59870936E-05 -6.23195319E-05 -7.19764974E-05 -6.23155993E-05 -3.59896364E-05  4.46088140E-14  3.59896077E-05
 6.23155791E-05  7.19765447E-05  6.23195139E-05  3.59871000E-05
 3.42506446E-14  2.04157200E-07  3.53604549E-07  4.08313981E-07  3.53602065E-07  2.04156875E-07 -5.17086577E-14 -2.04156946E-07 -3.53602076E-07 -4.08314030E-07 -3.53604474E-07 -2.04157126E-07 -1.71882369E-10 -4.08722162E-05 -7.07662908E-05 -8.17476027E-05 -7.07611605E-05 -4.08750191E-05 -3.82489313E-10  4.08751372E-05
 7.07613246E-05  8.17471507E-05  7.07665769E-05  4.08726543E-05
 5.49644287E-14  8.42356812E-08  1.45888994E-07  1.68471848E-07  1.45886563E-07  8.42361061E-08  7.29500214E-14 -8.42361728E-08 -1.45886587E-07 -1.68471776E-07 -1.45889014E-07 -8.42357713E-08 -4.82806558E-10 -5.41820451E-05 -9.37925730E-05 -1.08366872E-04 -9.37887910E-05 -5.41835026E-05 -1.00052590E-09  5.41838674E-05
 9.37892025E-05  1.08365652E-04  9.37933499E-05  5.41831957E-05
 1.55265903E-13 -3.86303239E-08 -6.69302819E-08 -7.72593807E-08 -6.69324968E-08 -3.86292880E-08  1.78376933E-13  3.86291237E-08  6.69323894E-08  7.72595978E-08  6.69301927E-08  3.86301339E-08 -6.71075191E-10 -6.32227877E-05 -1.09408680E-04 -1.26446096E-04 -1.09408022E-04 -6.32212847E-05 -1.53017012E-09  6.32217400E-05
 1.09408486E-04  1.26444388E-04  1.09409861E-04  6.32245958E-05
