  i              w_d1               s_d1               w_d2

 -2      0.08333      0.00000     -0.08333     -0.08333      0.00000
 -1     -0.66667      0.00000      0.33333      1.33333      0.00000
  0      0.00000      0.00000     -0.50000     -2.50000      0.00000
  1      0.66667      0.00000      0.33333      1.33333      0.00000
  2     -0.08333      0.00000     -0.08333     -0.08333      0.00000

 Trace of double-gyroaverage matrix:

 -6  -0.00232
 -5   0.00248
 -4  -0.00300
 -3   0.00563
 -2   0.01001
 -1   0.17022
  0   0.63164
  1   0.17022
  2   0.01001
  3   0.00563
  4  -0.00300
  5   0.00248

Sum:  1.00000
