 r/a           Di_neo        Di_tur        chii_neo      chii_tur
               (GB)          (GB)          (GB)          (GB)
 0.000000E+00  0.000000E+00  0.000000E+00  0.000000E+00  0.000000E+00
 1.875000E-01  2.187985E-03  9.991780E-02  4.296165E-02  6.884191E-01
 3.750000E-01  1.450635E-03  4.559004E-01  3.007400E-02  2.593805E+00
 5.625000E-01  2.161619E-03  5.251552E-01  4.071372E-02  4.474866E+00
 7.500000E-01  8.977893E-03 -1.424353E+00  1.121835E-01  5.105260E+00
 r/a           Di_neo        Di_tur        chii_neo      chii_tur
               (GB)          (GB)          (GB)          (GB)
 0.000000E+00  0.000000E+00  0.000000E+00  0.000000E+00  0.000000E+00
 1.875000E-01  2.577761E-03  9.024518E-02  4.683371E-02  8.289733E-01
 3.750000E-01  1.649203E-03  2.577019E-01  3.227391E-02  2.058102E+00
 5.625000E-01  2.196184E-03  4.587600E-01  4.028502E-02  4.369127E+00
 7.500000E-01  8.188137E-03  5.079492E-01  1.124354E-01  9.392417E+00
 r/a           Di_neo        Di_tur        chii_neo      chii_tur
               (GB)          (GB)          (GB)          (GB)
 0.000000E+00  0.000000E+00  0.000000E+00  0.000000E+00  0.000000E+00
 1.875000E-01  2.470993E-03  4.308136E-02  4.435612E-02  5.378014E-01
 3.750000E-01  1.594857E-03  1.739667E-01  3.112459E-02  1.548920E+00
 5.625000E-01  2.133713E-03  2.651089E-01  3.872015E-02  4.149921E+00
 7.500000E-01  8.273077E-03  9.102349E-01  1.119991E-01  1.115094E+01
 r/a           Di_neo        Di_tur        chii_neo      chii_tur
               (GB)          (GB)          (GB)          (GB)
 0.000000E+00  0.000000E+00  0.000000E+00  0.000000E+00  0.000000E+00
 1.875000E-01  2.197293E-03  1.415947E-02  3.985590E-02  3.488367E-01
 3.750000E-01  1.464411E-03  1.182062E-01  2.884656E-02  1.605214E+00
 5.625000E-01  2.053090E-03  3.126238E-02  3.703282E-02  3.803591E+00
 7.500000E-01  8.729369E-03 -1.351657E-01  1.114645E-01  1.069210E+01
 r/a           Di_neo        Di_tur        chii_neo      chii_tur
               (GB)          (GB)          (GB)          (GB)
 0.000000E+00  0.000000E+00  0.000000E+00  0.000000E+00  0.000000E+00
 1.875000E-01  2.208077E-03  3.805505E-03  3.955488E-02  4.292836E-01
 3.750000E-01  1.511671E-03  8.996997E-02  2.854595E-02  1.615288E+00
 5.625000E-01  2.061800E-03 -1.120631E-02  3.661330E-02  3.821397E+00
 7.500000E-01  8.796090E-03 -2.549327E-01  1.114374E-01  1.060936E+01
 r/a           Di_neo        Di_tur        chii_neo      chii_tur
               (GB)          (GB)          (GB)          (GB)
 0.000000E+00  0.000000E+00  0.000000E+00  0.000000E+00  0.000000E+00
 1.875000E-01  2.211532E-03  1.395386E-02  3.995980E-02  4.465602E-01
 3.750000E-01  1.536137E-03  4.408842E-02  2.850923E-02  1.507059E+00
 5.625000E-01  2.072127E-03 -2.430816E-02  3.656221E-02  3.854319E+00
 7.500000E-01  8.789793E-03 -2.423603E-01  1.114366E-01  1.060845E+01
 r/a           Di_neo        Di_tur        chii_neo      chii_tur
               (GB)          (GB)          (GB)          (GB)
 0.000000E+00  0.000000E+00  0.000000E+00  0.000000E+00  0.000000E+00
 1.875000E-01  2.223918E-03  1.523963E-02  4.015602E-02  4.594543E-01
 3.750000E-01  1.533937E-03  6.929897E-02  2.860649E-02  1.513886E+00
 5.625000E-01  2.072590E-03 -2.531392E-02  3.655670E-02  3.854414E+00
 7.500000E-01  8.789982E-03 -2.426316E-01  1.114361E-01  1.060855E+01
 r/a           Di_neo        Di_tur        chii_neo      chii_tur
               (GB)          (GB)          (GB)          (GB)
 0.000000E+00  0.000000E+00  0.000000E+00  0.000000E+00  0.000000E+00
 1.875000E-01  2.223785E-03  1.508628E-02  4.014448E-02  4.589823E-01
 3.750000E-01  1.534938E-03  6.900736E-02  2.859882E-02  1.522035E+00
 5.625000E-01  2.072634E-03 -2.551550E-02  3.655618E-02  3.854204E+00
 7.500000E-01  8.789834E-03 -2.423915E-01  1.114363E-01  1.060844E+01
 r/a           Di_neo        Di_tur        chii_neo      chii_tur
               (GB)          (GB)          (GB)          (GB)
 0.000000E+00  0.000000E+00  0.000000E+00  0.000000E+00  0.000000E+00
 1.875000E-01  2.226311E-03  1.511928E-02  4.017554E-02  4.592330E-01
 3.750000E-01  1.533874E-03  8.652346E-02  2.861682E-02  1.527473E+00
 5.625000E-01  2.072703E-03 -2.550608E-02  3.655608E-02  3.854392E+00
 7.500000E-01  8.789915E-03 -2.424778E-01  1.114361E-01  1.060863E+01
