 r/a           De_neo        De_tur        chie_neo      chie_tur
               (GB)          (GB)          (GB)          (GB)
 0.000000E+00  0.000000E+00  0.000000E+00  0.000000E+00  0.000000E+00
 1.875000E-01  2.167755E-03  7.317732E-02  3.071915E-03  1.760062E-01
 3.750000E-01  1.428418E-03  4.192677E-01  1.956450E-03  1.461965E+00
 5.625000E-01  2.085968E-03  5.381265E-01  2.520128E-03  3.192602E+00
 7.500000E-01  8.323945E-03 -1.103368E+00  6.606128E-03  5.577599E+00
 r/a           De_neo        De_tur        chie_neo      chie_tur
               (GB)          (GB)          (GB)          (GB)
 0.000000E+00  0.000000E+00  0.000000E+00  0.000000E+00  0.000000E+00
 1.875000E-01  2.550496E-03  8.239522E-02  3.014336E-03  2.340110E-01
 3.750000E-01  1.619385E-03  2.155510E-01  2.218946E-03  7.994073E-01
 5.625000E-01  2.118179E-03  4.740559E-01  2.586871E-03  2.671803E+00
 7.500000E-01  7.779212E-03  6.867820E-01  7.429086E-03  7.727179E+00
 r/a           De_neo        De_tur        chie_neo      chie_tur
               (GB)          (GB)          (GB)          (GB)
 0.000000E+00  0.000000E+00  0.000000E+00  0.000000E+00  0.000000E+00
 1.875000E-01  2.436244E-03  3.478412E-02  2.529842E-03  1.466552E-01
 3.750000E-01  1.556328E-03  1.238764E-01  1.888177E-03  6.746693E-01
 5.625000E-01  2.048695E-03  2.862003E-01  2.418143E-03  2.245467E+00
 7.500000E-01  7.880069E-03  1.076478E+00  7.408597E-03  8.458113E+00
 r/a           De_neo        De_tur        chie_neo      chie_tur
               (GB)          (GB)          (GB)          (GB)
 0.000000E+00  0.000000E+00  0.000000E+00  0.000000E+00  0.000000E+00
 1.875000E-01  2.157224E-03  7.169827E-05  2.059526E-03  8.983401E-02
 3.750000E-01  1.416644E-03  4.916113E-02  1.516195E-03  7.400485E-01
 5.625000E-01  1.953151E-03  5.982588E-02  2.144233E-03  1.997148E+00
 7.500000E-01  8.260041E-03  8.610667E-02  6.972422E-03  7.884812E+00
 r/a           De_neo        De_tur        chie_neo      chie_tur
               (GB)          (GB)          (GB)          (GB)
 0.000000E+00  0.000000E+00  0.000000E+00  0.000000E+00  0.000000E+00
 1.875000E-01  2.167168E-03 -1.533869E-02  2.041110E-03  1.134093E-01
 3.750000E-01  1.446326E-03  5.456697E-03  1.415744E-03  5.825581E-01
 5.625000E-01  1.949079E-03  1.437999E-02  2.045089E-03  1.912944E+00
 7.500000E-01  8.314738E-03 -2.023972E-02  6.906659E-03  7.743138E+00
 r/a           De_neo        De_tur        chie_neo      chie_tur
               (GB)          (GB)          (GB)          (GB)
 0.000000E+00  0.000000E+00  0.000000E+00  0.000000E+00  0.000000E+00
 1.875000E-01  2.171938E-03 -3.460217E-03  2.109165E-03  1.153896E-01
 3.750000E-01  1.458630E-03 -3.292483E-02  1.361178E-03  5.310168E-01
 5.625000E-01  1.955735E-03 -4.452002E-04  2.023926E-03  1.907968E+00
 7.500000E-01  8.308826E-03 -8.318265E-03  6.914260E-03  7.733639E+00
 r/a           De_neo        De_tur        chie_neo      chie_tur
               (GB)          (GB)          (GB)          (GB)
 0.000000E+00  0.000000E+00  0.000000E+00  0.000000E+00  0.000000E+00
 1.875000E-01  2.184607E-03 -1.882013E-03  2.127286E-03  1.196142E-01
 3.750000E-01  1.460029E-03 -8.047174E-03  1.388232E-03  5.300352E-01
 5.625000E-01  1.955934E-03 -1.551189E-03  2.022249E-03  1.907044E+00
 7.500000E-01  8.308967E-03 -8.560400E-03  6.914215E-03  7.733059E+00
 r/a           De_neo        De_tur        chie_neo      chie_tur
               (GB)          (GB)          (GB)          (GB)
 0.000000E+00  0.000000E+00  0.000000E+00  0.000000E+00  0.000000E+00
 1.875000E-01  2.184426E-03 -2.093271E-03  2.126142E-03  1.194628E-01
 3.750000E-01  1.460516E-03 -8.480754E-03  1.385476E-03  5.283445E-01
 5.625000E-01  1.955946E-03 -1.758600E-03  2.022018E-03  1.906924E+00
 7.500000E-01  8.308842E-03 -8.338507E-03  6.914316E-03  7.733142E+00
 r/a           De_neo        De_tur        chie_neo      chie_tur
               (GB)          (GB)          (GB)          (GB)
 0.000000E+00  0.000000E+00  0.000000E+00  0.000000E+00  0.000000E+00
 1.875000E-01  2.186930E-03 -2.035299E-03  2.128084E-03  1.195477E-01
 3.750000E-01  1.460278E-03  1.028426E-02  1.390949E-03  5.328364E-01
 5.625000E-01  1.955998E-03 -1.760691E-03  2.021967E-03  1.906889E+00
 7.500000E-01  8.308907E-03 -8.415451E-03  6.914296E-03  7.732999E+00
