 r/a           Di_neo        Di_tur        chii_neo      chii_tur
               (GB)          (GB)          (GB)          (GB)
 0.000000E+00  0.000000E+00  0.000000E+00  0.000000E+00  0.000000E+00
 1.875000E-01  0.000000E+00 -2.792223E+00  0.000000E+00  6.502239E-01
 3.750000E-01  0.000000E+00 -1.935965E+00  0.000000E+00  4.698029E+00
 5.625000E-01  0.000000E+00  8.957939E-01  0.000000E+00  1.084149E+01
 7.500000E-01  0.000000E+00  2.982372E+00  0.000000E+00  1.523001E+01
 r/a           Di_neo        Di_tur        chii_neo      chii_tur
               (GB)          (GB)          (GB)          (GB)
 0.000000E+00  0.000000E+00  0.000000E+00  0.000000E+00  0.000000E+00
 1.875000E-01  0.000000E+00 -6.519258E-01  0.000000E+00  1.532681E+00
 3.750000E-01  0.000000E+00 -2.073582E+00  0.000000E+00  3.641512E+00
 5.625000E-01  0.000000E+00  8.894069E-01  0.000000E+00  1.043350E+01
 7.500000E-01  0.000000E+00  4.088820E+00  0.000000E+00  2.163574E+01
 r/a           Di_neo        Di_tur        chii_neo      chii_tur
               (GB)          (GB)          (GB)          (GB)
 0.000000E+00  0.000000E+00  0.000000E+00  0.000000E+00  0.000000E+00
 1.875000E-01  0.000000E+00 -5.469303E-01  0.000000E+00  9.949828E-01
 3.750000E-01  0.000000E+00 -1.899451E+00  0.000000E+00  2.437290E+00
 5.625000E-01  0.000000E+00  7.944417E-01  0.000000E+00  9.857797E+00
 7.500000E-01  0.000000E+00  4.409767E+00  0.000000E+00  2.320559E+01
 r/a           Di_neo        Di_tur        chii_neo      chii_tur
               (GB)          (GB)          (GB)          (GB)
 0.000000E+00  0.000000E+00  0.000000E+00  0.000000E+00  0.000000E+00
 1.875000E-01  0.000000E+00 -7.583845E-01  0.000000E+00  5.494287E-01
 3.750000E-01  0.000000E+00 -1.998546E+00  0.000000E+00  2.429719E+00
 5.625000E-01  0.000000E+00  6.180540E-01  0.000000E+00  8.705341E+00
 7.500000E-01  0.000000E+00  3.980433E+00  0.000000E+00  2.225760E+01
 r/a           Di_neo        Di_tur        chii_neo      chii_tur
               (GB)          (GB)          (GB)          (GB)
 0.000000E+00  0.000000E+00  0.000000E+00  0.000000E+00  0.000000E+00
 1.875000E-01  0.000000E+00 -1.029517E+00  0.000000E+00  7.218724E-01
 3.750000E-01  0.000000E+00 -1.865131E+00  0.000000E+00  2.167968E+00
 5.625000E-01  0.000000E+00  4.567982E-01  0.000000E+00  8.051977E+00
 7.500000E-01  0.000000E+00  4.033777E+00  0.000000E+00  2.215974E+01
 r/a           Di_neo        Di_tur        chii_neo      chii_tur
               (GB)          (GB)          (GB)          (GB)
 0.000000E+00  0.000000E+00  0.000000E+00  0.000000E+00  0.000000E+00
 1.875000E-01  0.000000E+00 -9.587093E-01  0.000000E+00  7.600019E-01
 3.750000E-01  0.000000E+00 -1.482262E+00  0.000000E+00  2.073192E+00
 5.625000E-01  0.000000E+00  4.005231E-01  0.000000E+00  7.922277E+00
 7.500000E-01  0.000000E+00  4.034819E+00  0.000000E+00  2.214172E+01
 r/a           Di_neo        Di_tur        chii_neo      chii_tur
               (GB)          (GB)          (GB)          (GB)
 0.000000E+00  0.000000E+00  0.000000E+00  0.000000E+00  0.000000E+00
 1.875000E-01  0.000000E+00 -9.533649E-01  0.000000E+00  7.889497E-01
 3.750000E-01  0.000000E+00 -1.536003E+00  0.000000E+00  2.070809E+00
 5.625000E-01  0.000000E+00  3.968696E-01  0.000000E+00  7.910860E+00
 7.500000E-01  0.000000E+00  4.034745E+00  0.000000E+00  2.214084E+01
 r/a           Di_neo        Di_tur        chii_neo      chii_tur
               (GB)          (GB)          (GB)          (GB)
 0.000000E+00  0.000000E+00  0.000000E+00  0.000000E+00  0.000000E+00
 1.875000E-01  0.000000E+00 -9.555642E-01  0.000000E+00  7.876514E-01
 3.750000E-01  0.000000E+00 -1.529170E+00  0.000000E+00  2.074537E+00
 5.625000E-01  0.000000E+00  3.964615E-01  0.000000E+00  7.909427E+00
 7.500000E-01  0.000000E+00  4.034786E+00  0.000000E+00  2.214095E+01
 r/a           Di_neo        Di_tur        chii_neo      chii_tur
               (GB)          (GB)          (GB)          (GB)
 0.000000E+00  0.000000E+00  0.000000E+00  0.000000E+00  0.000000E+00
 1.875000E-01  0.000000E+00 -9.546654E-01  0.000000E+00  7.882677E-01
 3.750000E-01  0.000000E+00 -1.502438E+00  0.000000E+00  2.066617E+00
 5.625000E-01  0.000000E+00  3.962165E-01  0.000000E+00  7.908810E+00
 7.500000E-01  0.000000E+00  4.034763E+00  0.000000E+00  2.214076E+01
