 r/a           pflux_i_neo   pflux_i_tur   eflux_i_neo   eflux_i_tur
               (GB)          (GB)          (GB)          (GB)
 0.000000E+00  0.000000E+00  0.000000E+00  0.000000E+00  0.000000E+00
 1.875000E-01  1.642937E-03  7.502731E-02  4.199516E-02  6.729321E-01
 3.750000E-01  1.709739E-03  5.373305E-01  4.560152E-02  3.933014E+00
 5.625000E-01  2.243480E-03  5.450429E-01  5.647904E-02  6.207641E+00
 7.500000E-01  8.175913E-03 -1.297118E+00  2.349547E-01  1.069234E+01
 r/a           pflux_i_neo   pflux_i_tur   eflux_i_neo   eflux_i_tur
               (GB)          (GB)          (GB)          (GB)
 0.000000E+00  0.000000E+00  0.000000E+00  0.000000E+00  0.000000E+00
 1.875000E-01  1.711845E-03  5.993023E-02  4.608663E-02  8.157499E-01
 3.750000E-01  1.619752E-03  2.530998E-01  4.490937E-02  2.863863E+00
 5.625000E-01  2.162893E-03  4.518058E-01  5.761474E-02  6.248629E+00
 7.500000E-01  1.114431E-02  6.913350E-01  3.095357E-01  2.585742E+01
 r/a           pflux_i_neo   pflux_i_tur   eflux_i_neo   eflux_i_tur
               (GB)          (GB)          (GB)          (GB)
 0.000000E+00  0.000000E+00  0.000000E+00  0.000000E+00  0.000000E+00
 1.875000E-01  1.316228E-03  2.294822E-02  3.770082E-02  4.571083E-01
 3.750000E-01  1.205919E-03  1.315415E-01  3.593118E-02  1.788120E+00
 5.625000E-01  1.870814E-03  2.324443E-01  5.321906E-02  5.703876E+00
 7.500000E-01  1.186787E-02  1.305748E+00  3.499677E-01  3.484375E+01
 r/a           pflux_i_neo   pflux_i_tur   eflux_i_neo   eflux_i_tur
               (GB)          (GB)          (GB)          (GB)
 0.000000E+00  0.000000E+00  0.000000E+00  0.000000E+00  0.000000E+00
 1.875000E-01  9.762284E-04  6.290869E-03  3.086787E-02  2.701694E-01
 3.750000E-01  8.622546E-04  6.960058E-02  3.070493E-02  1.708626E+00
 5.625000E-01  1.504185E-03  2.290421E-02  4.761365E-02  4.890334E+00
 7.500000E-01  1.099168E-02 -1.701954E-01  3.508853E-01  3.365826E+01
 r/a           pflux_i_neo   pflux_i_tur   eflux_i_neo   eflux_i_tur
               (GB)          (GB)          (GB)          (GB)
 0.000000E+00  0.000000E+00  0.000000E+00  0.000000E+00  0.000000E+00
 1.875000E-01  1.005846E-03  1.733522E-03  3.250048E-02  3.527231E-01
 3.750000E-01  6.841672E-04  4.071950E-02  3.058702E-02  1.730783E+00
 5.625000E-01  1.349230E-03 -7.333346E-03  4.699197E-02  4.904637E+00
 7.500000E-01  1.087054E-02 -3.150555E-01  3.484827E-01  3.317716E+01
 r/a           pflux_i_neo   pflux_i_tur   eflux_i_neo   eflux_i_tur
               (GB)          (GB)          (GB)          (GB)
 0.000000E+00  0.000000E+00  0.000000E+00  0.000000E+00  0.000000E+00
 1.875000E-01  1.056953E-03  6.668941E-03  3.308335E-02  3.697142E-01
 3.750000E-01  5.966272E-04  1.712370E-02  2.914613E-02  1.540728E+00
 5.625000E-01  1.319835E-03 -1.548300E-02  4.732037E-02  4.988423E+00
 7.500000E-01  1.086374E-02 -2.995451E-01  3.483094E-01  3.315806E+01
 r/a           pflux_i_neo   pflux_i_tur   eflux_i_neo   eflux_i_tur
               (GB)          (GB)          (GB)          (GB)
 0.000000E+00  0.000000E+00  0.000000E+00  0.000000E+00  0.000000E+00
 1.875000E-01  1.072825E-03  7.351648E-03  3.341477E-02  3.823228E-01
 3.750000E-01  6.244500E-04  2.821090E-02  2.935481E-02  1.553488E+00
 5.625000E-01  1.317447E-03 -1.609086E-02  4.732231E-02  4.989503E+00
 7.500000E-01  1.086307E-02 -2.998555E-01  3.483138E-01  3.315894E+01
 r/a           pflux_i_neo   pflux_i_tur   eflux_i_neo   eflux_i_tur
               (GB)          (GB)          (GB)          (GB)
 0.000000E+00  0.000000E+00  0.000000E+00  0.000000E+00  0.000000E+00
 1.875000E-01  1.071958E-03  7.272220E-03  3.341493E-02  3.820416E-01
 3.750000E-01  6.209119E-04  2.791480E-02  2.934637E-02  1.561819E+00
 5.625000E-01  1.317149E-03 -1.621497E-02  4.732070E-02  4.989132E+00
 7.500000E-01  1.086325E-02 -2.995687E-01  3.483087E-01  3.315807E+01
 r/a           pflux_i_neo   pflux_i_tur   eflux_i_neo   eflux_i_tur
               (GB)          (GB)          (GB)          (GB)
 0.000000E+00  0.000000E+00  0.000000E+00  0.000000E+00  0.000000E+00
 1.875000E-01  1.072952E-03  7.286611E-03  3.344716E-02  3.823232E-01
 3.750000E-01  6.270989E-04  3.537369E-02  2.937440E-02  1.567910E+00
 5.625000E-01  1.317040E-03 -1.620712E-02  4.732312E-02  4.989646E+00
 7.500000E-01  1.086306E-02 -2.996673E-01  3.483141E-01  3.315922E+01
