 r/a           pflux_e_neo   pflux_e_tur   eflux_e_neo   eflux_e_tur
               (GB)          (GB)          (GB)          (GB)
 0.000000E+00  0.000000E+00  0.000000E+00  0.000000E+00  0.000000E+00
 1.875000E-01  1.642937E-03  5.546093E-02  4.319577E-03  2.474913E-01
 3.750000E-01  1.709739E-03  5.018406E-01  4.727585E-03  3.532707E+00
 5.625000E-01  2.243480E-03  5.787605E-01  6.627036E-03  8.395403E+00
 7.500000E-01  8.175913E-03 -1.083746E+00  2.655450E-02  2.242015E+01
 r/a           pflux_e_neo   pflux_e_tur   eflux_e_neo   eflux_e_tur
               (GB)          (GB)          (GB)          (GB)
 0.000000E+00  0.000000E+00  0.000000E+00  0.000000E+00  0.000000E+00
 1.875000E-01  1.711845E-03  5.530214E-02  4.926212E-03  3.824350E-01
 3.750000E-01  1.619752E-03  2.155998E-01  4.358480E-03  1.570205E+00
 5.625000E-01  2.162893E-03  4.840630E-01  6.244921E-03  6.449956E+00
 7.500000E-01  1.114431E-02  9.838675E-01  3.288659E-02  3.420617E+01
 r/a           pflux_e_neo   pflux_e_tur   eflux_e_neo   eflux_e_tur
               (GB)          (GB)          (GB)          (GB)
 0.000000E+00  0.000000E+00  0.000000E+00  0.000000E+00  0.000000E+00
 1.875000E-01  1.316228E-03  1.879280E-02  4.198545E-03  2.433900E-01
 3.750000E-01  1.205919E-03  9.598557E-02  3.621996E-03  1.294185E+00
 5.625000E-01  1.870814E-03  2.613506E-01  5.564364E-03  5.167022E+00
 7.500000E-01  1.186787E-02  1.621242E+00  3.509301E-02  4.006435E+01
 r/a           pflux_e_neo   pflux_e_tur   eflux_e_neo   eflux_e_tur
               (GB)          (GB)          (GB)          (GB)
 0.000000E+00  0.000000E+00  0.000000E+00  0.000000E+00  0.000000E+00
 1.875000E-01  9.762284E-04  3.244628E-05  3.457166E-03  1.507974E-01
 3.750000E-01  8.622546E-04  2.992241E-02  3.058705E-03  1.492941E+00
 5.625000E-01  1.504185E-03  4.607386E-02  4.844474E-03  4.512166E+00
 7.500000E-01  1.099168E-02  1.145826E-01  3.407390E-02  3.853270E+01
 r/a           pflux_e_neo   pflux_e_tur   eflux_e_neo   eflux_e_tur
               (GB)          (GB)          (GB)          (GB)
 0.000000E+00  0.000000E+00  0.000000E+00  0.000000E+00  0.000000E+00
 1.875000E-01  1.005846E-03 -7.119130E-03  3.585417E-03  1.992150E-01
 3.750000E-01  6.841672E-04  2.581224E-03  2.688292E-03  1.106193E+00
 5.625000E-01  1.349230E-03  9.954402E-03  4.552848E-03  4.258662E+00
 7.500000E-01  1.087054E-02 -2.646106E-02  3.396401E-02  3.807745E+01
 r/a           pflux_e_neo   pflux_e_tur   eflux_e_neo   eflux_e_tur
               (GB)          (GB)          (GB)          (GB)
 0.000000E+00  0.000000E+00  0.000000E+00  0.000000E+00  0.000000E+00
 1.875000E-01  1.056953E-03 -1.683882E-03  3.659069E-03  2.001827E-01
 3.750000E-01  5.966272E-04 -1.346733E-02  2.514898E-03  9.811010E-01
 5.625000E-01  1.319835E-03 -3.004449E-04  4.512563E-03  4.254021E+00
 7.500000E-01  1.086374E-02 -1.087608E-02  3.391159E-02  3.793031E+01
 r/a           pflux_e_neo   pflux_e_tur   eflux_e_neo   eflux_e_tur
               (GB)          (GB)          (GB)          (GB)
 0.000000E+00  0.000000E+00  0.000000E+00  0.000000E+00  0.000000E+00
 1.875000E-01  1.072825E-03 -9.242262E-04  3.698651E-03  2.079698E-01
 3.750000E-01  6.244500E-04 -3.441752E-03  2.553209E-03  9.748306E-01
 5.625000E-01  1.317447E-03 -1.044825E-03  4.508737E-03  4.251880E+00
 7.500000E-01  1.086307E-02 -1.119179E-02  3.390970E-02  3.792560E+01
 r/a           pflux_e_neo   pflux_e_tur   eflux_e_neo   eflux_e_tur
               (GB)          (GB)          (GB)          (GB)
 0.000000E+00  0.000000E+00  0.000000E+00  0.000000E+00  0.000000E+00
 1.875000E-01  1.071958E-03 -1.027225E-03  3.696978E-03  2.077242E-01
 3.750000E-01  6.209119E-04 -3.605438E-03  2.547087E-03  9.713196E-01
 5.625000E-01  1.317149E-03 -1.184254E-03  4.508318E-03  4.251703E+00
 7.500000E-01  1.086325E-02 -1.090203E-02  3.390983E-02  3.792558E+01
 r/a           pflux_e_neo   pflux_e_tur   eflux_e_neo   eflux_e_tur
               (GB)          (GB)          (GB)          (GB)
 0.000000E+00  0.000000E+00  0.000000E+00  0.000000E+00  0.000000E+00
 1.875000E-01  1.072952E-03 -9.985589E-04  3.699967E-03  2.078501E-01
 3.750000E-01  6.270989E-04  4.416452E-03  2.556636E-03  9.793809E-01
 5.625000E-01  1.317040E-03 -1.185533E-03  4.508130E-03  4.251556E+00
 7.500000E-01  1.086306E-02 -1.100235E-02  3.390932E-02  3.792442E+01
