 r/a           eflux_i_tot   eflux_i_targeteflux_e_tot   eflux_e_targetpflux_e_tot   pflux_e_target
               (GB)          (GB)          (GB)          (GB)          (GB)          (GB)
 0.000000E+00  0.000000E+00  0.000000E+00  0.000000E+00  0.000000E+00  0.000000E+00  0.000000E+00
 1.875000E-01  7.204470E-01  2.945322E-01  2.518109E-01  1.359243E-01  5.710387E-02  0.000000E+00
 3.750000E-01  4.050334E+00  1.317170E+00  3.537435E+00  7.329783E-01  5.035504E-01  0.000000E+00
 5.625000E-01  6.437684E+00  5.935733E+00  8.402030E+00  4.531611E+00  5.810040E-01  0.000000E+00
 7.500000E-01  1.131098E+01  3.550928E+01  2.244670E+01  3.678842E+01 -1.075570E+00  0.000000E+00
 r/a           eflux_i_tot   eflux_i_targeteflux_e_tot   eflux_e_targetpflux_e_tot   pflux_e_target
               (GB)          (GB)          (GB)          (GB)          (GB)          (GB)
 0.000000E+00  0.000000E+00  0.000000E+00  0.000000E+00  0.000000E+00  0.000000E+00  0.000000E+00
 1.875000E-01  8.751158E-01  3.467694E-01  3.873612E-01  1.671073E-01  5.701399E-02  0.000000E+00
 3.750000E-01  2.959058E+00  1.426721E+00  1.574564E+00  8.346177E-01  2.172196E-01  0.000000E+00
 5.625000E-01  6.471754E+00  5.354929E+00  6.456201E+00  4.288308E+00  4.862259E-01  0.000000E+00
 7.500000E-01  2.688343E+01  3.477604E+01  3.423906E+01  3.752166E+01  9.950118E-01  0.000000E+00
 r/a           eflux_i_tot   eflux_i_targeteflux_e_tot   eflux_e_targetpflux_e_tot   pflux_e_target
               (GB)          (GB)          (GB)          (GB)          (GB)          (GB)
 0.000000E+00  0.000000E+00  0.000000E+00  0.000000E+00  0.000000E+00  0.000000E+00  0.000000E+00
 1.875000E-01  5.028037E-01  3.699608E-01  2.475886E-01  1.777584E-01  2.010903E-02  0.000000E+00
 3.750000E-01  1.853003E+00  1.463202E+00  1.297807E+00  8.566472E-01  9.719149E-02  0.000000E+00
 5.625000E-01  5.907879E+00  5.117799E+00  5.172586E+00  4.119956E+00  2.632214E-01  0.000000E+00
 7.500000E-01  3.606594E+01  3.466292E+01  4.009945E+01  3.763478E+01  1.633110E+00  0.000000E+00
 r/a           eflux_i_tot   eflux_i_targeteflux_e_tot   eflux_e_targetpflux_e_tot   pflux_e_target
               (GB)          (GB)          (GB)          (GB)          (GB)          (GB)
 0.000000E+00  0.000000E+00  0.000000E+00  0.000000E+00  0.000000E+00  0.000000E+00  0.000000E+00
 1.875000E-01  3.054291E-01  3.748869E-01  1.542545E-01  1.817369E-01  1.008675E-03  0.000000E+00
 3.750000E-01  1.767665E+00  1.489560E+00  1.495999E+00  8.771683E-01  3.078467E-02  0.000000E+00
 5.625000E-01  5.066546E+00  5.136261E+00  4.517010E+00  4.142696E+00  4.757805E-02  0.000000E+00
 7.500000E-01  3.485195E+01  3.465663E+01  3.856678E+01  3.764108E+01  1.255743E-01  0.000000E+00
 r/a           eflux_i_tot   eflux_i_targeteflux_e_tot   eflux_e_targetpflux_e_tot   pflux_e_target
               (GB)          (GB)          (GB)          (GB)          (GB)          (GB)
 0.000000E+00  0.000000E+00  0.000000E+00  0.000000E+00  0.000000E+00  0.000000E+00  0.000000E+00
 1.875000E-01  3.916192E-01  4.053521E-01  2.028004E-01  2.017026E-01 -6.113284E-03  0.000000E+00
 3.750000E-01  1.787633E+00  1.575724E+00  1.108881E+00  9.514776E-01  3.265392E-03  0.000000E+00
 5.625000E-01  5.071579E+00  5.144499E+00  4.263215E+00  4.228301E+00  1.130363E-02  0.000000E+00
 7.500000E-01  3.435920E+01  3.440402E+01  3.811142E+01  3.789369E+01 -1.559052E-02  0.000000E+00
 r/a           eflux_i_tot   eflux_i_targeteflux_e_tot   eflux_e_targetpflux_e_tot   pflux_e_target
               (GB)          (GB)          (GB)          (GB)          (GB)          (GB)
 0.000000E+00  0.000000E+00  0.000000E+00  0.000000E+00  0.000000E+00  0.000000E+00  0.000000E+00
 1.875000E-01  4.096783E-01  4.227503E-01  2.038418E-01  2.114416E-01 -6.269290E-04  0.000000E+00
 3.750000E-01  1.594075E+00  1.608968E+00  9.836159E-01  9.763290E-01 -1.287070E-02  0.000000E+00
 5.625000E-01  5.154959E+00  5.154639E+00  4.258534E+00  4.254529E+00  1.019390E-03  0.000000E+00
 7.500000E-01  3.433884E+01  3.434072E+01  3.796422E+01  3.795699E+01 -1.234165E-05  0.000000E+00
 r/a           eflux_i_tot   eflux_i_targeteflux_e_tot   eflux_e_targetpflux_e_tot   pflux_e_target
               (GB)          (GB)          (GB)          (GB)          (GB)          (GB)
 0.000000E+00  0.000000E+00  0.000000E+00  0.000000E+00  0.000000E+00  0.000000E+00  0.000000E+00
 1.875000E-01  4.228887E-01  4.225852E-01  2.116684E-01  2.112616E-01  1.485992E-04  0.000000E+00
 3.750000E-01  1.607067E+00  1.609982E+00  9.773838E-01  9.767331E-01 -2.817302E-03  0.000000E+00
 5.625000E-01  5.155908E+00  5.155781E+00  4.256389E+00  4.255239E+00  2.726218E-04  0.000000E+00
 7.500000E-01  3.433971E+01  3.434108E+01  3.795951E+01  3.795662E+01 -3.287214E-04  0.000000E+00
 r/a           eflux_i_tot   eflux_i_targeteflux_e_tot   eflux_e_targetpflux_e_tot   pflux_e_target
               (GB)          (GB)          (GB)          (GB)          (GB)          (GB)
 0.000000E+00  0.000000E+00  0.000000E+00  0.000000E+00  0.000000E+00  0.000000E+00  0.000000E+00
 1.875000E-01  4.226020E-01  4.229086E-01  2.114212E-01  2.114784E-01  4.473239E-05  0.000000E+00
 3.750000E-01  1.615441E+00  1.610547E+00  9.738667E-01  9.772930E-01 -2.984526E-03  0.000000E+00
 5.625000E-01  5.155513E+00  5.155489E+00  4.256212E+00  4.255648E+00  1.328946E-04  0.000000E+00
 7.500000E-01  3.433882E+01  3.433909E+01  3.795949E+01  3.795861E+01 -3.878456E-05  0.000000E+00
 r/a           eflux_i_tot   eflux_i_targeteflux_e_tot   eflux_e_targetpflux_e_tot   pflux_e_target
               (GB)          (GB)          (GB)          (GB)          (GB)          (GB)
 0.000000E+00  0.000000E+00  0.000000E+00  0.000000E+00  0.000000E+00  0.000000E+00  0.000000E+00
 1.875000E-01  4.229169E-01  4.227157E-01  2.115501E-01  2.113328E-01  7.439325E-05  0.000000E+00
 3.750000E-01  1.621465E+00  1.610227E+00  9.819375E-01  9.769161E-01  5.043550E-03  0.000000E+00
 5.625000E-01  5.156027E+00  5.155933E+00  4.256064E+00  4.255510E+00  1.315067E-04  0.000000E+00
 7.500000E-01  3.433999E+01  3.434056E+01  3.795833E+01  3.795714E+01 -1.392956E-04  0.000000E+00
