 r/a           pflux_i_neo   pflux_i_tur   eflux_i_neo   eflux_i_tur
               (GB)          (GB)          (GB)          (GB)
 0.000000E+00  0.000000E+00  0.000000E+00  0.000000E+00  0.000000E+00
 1.875000E-01  0.000000E+00 -3.261062E-03  0.000000E+00  5.519740E-03
 3.750000E-01  0.000000E+00 -5.914982E-03  0.000000E+00  7.171785E-02
 5.625000E-01  0.000000E+00  5.619598E-03  0.000000E+00  1.735639E-01
 7.500000E-01  0.000000E+00  3.556203E-02  0.000000E+00  3.836859E-01
 r/a           pflux_i_neo   pflux_i_tur   eflux_i_neo   eflux_i_tur
               (GB)          (GB)          (GB)          (GB)
 0.000000E+00  0.000000E+00  0.000000E+00  0.000000E+00  0.000000E+00
 1.875000E-01  0.000000E+00 -7.713475E-04  0.000000E+00  1.327931E-02
 3.750000E-01  0.000000E+00 -6.249998E-03  0.000000E+00  5.028570E-02
 5.625000E-01  0.000000E+00  5.376208E-03  0.000000E+00  1.655106E-01
 7.500000E-01  0.000000E+00  4.875541E-02  0.000000E+00  7.164737E-01
 r/a           pflux_i_neo   pflux_i_tur   eflux_i_neo   eflux_i_tur
               (GB)          (GB)          (GB)          (GB)
 0.000000E+00  0.000000E+00  0.000000E+00  0.000000E+00  0.000000E+00
 1.875000E-01  0.000000E+00 -6.925703E-04  0.000000E+00  7.994541E-03
 3.750000E-01  0.000000E+00 -5.925983E-03  0.000000E+00  2.895175E-02
 5.625000E-01  0.000000E+00  4.817706E-03  0.000000E+00  1.507837E-01
 7.500000E-01  0.000000E+00  5.258241E-02  0.000000E+00  8.722214E-01
 r/a           pflux_i_neo   pflux_i_tur   eflux_i_neo   eflux_i_tur
               (GB)          (GB)          (GB)          (GB)
 0.000000E+00  0.000000E+00  0.000000E+00  0.000000E+00  0.000000E+00
 1.875000E-01  0.000000E+00 -1.043070E-03  0.000000E+00  4.391801E-03
 3.750000E-01  0.000000E+00 -6.613028E-03  0.000000E+00  2.833356E-02
 5.625000E-01  0.000000E+00  3.861609E-03  0.000000E+00  1.285986E-01
 7.500000E-01  0.000000E+00  4.746299E-02  0.000000E+00  8.428060E-01
 r/a           pflux_i_neo   pflux_i_tur   eflux_i_neo   eflux_i_tur
               (GB)          (GB)          (GB)          (GB)
 0.000000E+00  0.000000E+00  0.000000E+00  0.000000E+00  0.000000E+00
 1.875000E-01  0.000000E+00 -1.475442E-03  0.000000E+00  6.395653E-03
 3.750000E-01  0.000000E+00 -6.356379E-03  0.000000E+00  2.626345E-02
 5.625000E-01  0.000000E+00  2.881291E-03  0.000000E+00  1.199500E-01
 7.500000E-01  0.000000E+00  4.809908E-02  0.000000E+00  8.335572E-01
 r/a           pflux_i_neo   pflux_i_tur   eflux_i_neo   eflux_i_tur
               (GB)          (GB)          (GB)          (GB)
 0.000000E+00  0.000000E+00  0.000000E+00  0.000000E+00  0.000000E+00
 1.875000E-01  0.000000E+00 -1.392137E-03  0.000000E+00  6.880772E-03
 3.750000E-01  0.000000E+00 -5.098504E-03  0.000000E+00  2.420103E-02
 5.625000E-01  0.000000E+00  2.530427E-03  0.000000E+00  1.192150E-01
 7.500000E-01  0.000000E+00  4.811150E-02  0.000000E+00  8.324713E-01
 r/a           pflux_i_neo   pflux_i_tur   eflux_i_neo   eflux_i_tur
               (GB)          (GB)          (GB)          (GB)
 0.000000E+00  0.000000E+00  0.000000E+00  0.000000E+00  0.000000E+00
 1.875000E-01  0.000000E+00 -1.379312E-03  0.000000E+00  7.151122E-03
 3.750000E-01  0.000000E+00 -5.275443E-03  0.000000E+00  2.422470E-02
 5.625000E-01  0.000000E+00  2.507672E-03  0.000000E+00  1.190827E-01
 7.500000E-01  0.000000E+00  4.811062E-02  0.000000E+00  8.324523E-01
 r/a           pflux_i_neo   pflux_i_tur   eflux_i_neo   eflux_i_tur
               (GB)          (GB)          (GB)          (GB)
 0.000000E+00  0.000000E+00  0.000000E+00  0.000000E+00  0.000000E+00
 1.875000E-01  0.000000E+00 -1.383241E-03  0.000000E+00  7.145542E-03
 3.750000E-01  0.000000E+00 -5.253372E-03  0.000000E+00  2.427474E-02
 5.625000E-01  0.000000E+00  2.505120E-03  0.000000E+00  1.190601E-01
 7.500000E-01  0.000000E+00  4.811111E-02  0.000000E+00  8.324430E-01
 r/a           pflux_i_neo   pflux_i_tur   eflux_i_neo   eflux_i_tur
               (GB)          (GB)          (GB)          (GB)
 0.000000E+00  0.000000E+00  0.000000E+00  0.000000E+00  0.000000E+00
 1.875000E-01  0.000000E+00 -1.380862E-03  0.000000E+00  7.146564E-03
 3.750000E-01  0.000000E+00 -5.159539E-03  0.000000E+00  2.417996E-02
 5.625000E-01  0.000000E+00  2.503597E-03  0.000000E+00  1.190585E-01
 7.500000E-01  0.000000E+00  4.811083E-02  0.000000E+00  8.324501E-01
