 r/a           zmag/a        dzmag         zeta          s_zeta        volume        d(vol)/dr
                                                                       m^3           m^2
 0.000000E+00  5.288404E-04 -4.522293E-04  5.076624E-04  0.000000E+00  0.000000E+00  0.000000E+00
 1.875000E-01  5.330434E-04  5.235201E-03 -5.226235E-04 -1.244981E-03  5.449470E-01  9.724549E+00
 3.750000E-01  5.462840E-04  8.599456E-03 -1.783001E-03 -3.839241E-03  2.179069E+00  1.932008E+01
 5.625000E-01  5.663507E-04  1.378016E-02 -4.815941E-03 -1.163334E-02  4.897503E+00  2.918994E+01
 7.500000E-01  6.072245E-04  3.565466E-02 -9.548233E-03 -2.330160E-02  8.804040E+00  4.088246E+01
 r/a           zmag/a        dzmag         zeta          s_zeta        volume        d(vol)/dr
                                                                       m^3           m^2
 0.000000E+00  5.288404E-04 -4.522293E-04  5.076624E-04  0.000000E+00  0.000000E+00  0.000000E+00
 1.875000E-01  5.330434E-04  5.235201E-03 -5.226235E-04 -1.244981E-03  5.449470E-01  9.724549E+00
 3.750000E-01  5.462840E-04  8.599456E-03 -1.783001E-03 -3.839241E-03  2.179069E+00  1.932008E+01
 5.625000E-01  5.663507E-04  1.378016E-02 -4.815941E-03 -1.163334E-02  4.897503E+00  2.918994E+01
 7.500000E-01  6.072245E-04  3.565466E-02 -9.548233E-03 -2.330160E-02  8.804040E+00  4.088246E+01
 r/a           zmag/a        dzmag         zeta          s_zeta        volume        d(vol)/dr
                                                                       m^3           m^2
 0.000000E+00  5.288404E-04 -4.522293E-04  5.076624E-04  0.000000E+00  0.000000E+00  0.000000E+00
 1.875000E-01  5.330434E-04  5.235201E-03 -5.226235E-04 -1.244981E-03  5.449470E-01  9.724549E+00
 3.750000E-01  5.462840E-04  8.599456E-03 -1.783001E-03 -3.839241E-03  2.179069E+00  1.932008E+01
 5.625000E-01  5.663507E-04  1.378016E-02 -4.815941E-03 -1.163334E-02  4.897503E+00  2.918994E+01
 7.500000E-01  6.072245E-04  3.565466E-02 -9.548233E-03 -2.330160E-02  8.804040E+00  4.088246E+01
 r/a           zmag/a        dzmag         zeta          s_zeta        volume        d(vol)/dr
                                                                       m^3           m^2
 0.000000E+00  5.288404E-04 -4.522293E-04  5.076624E-04  0.000000E+00  0.000000E+00  0.000000E+00
 1.875000E-01  5.330434E-04  5.235201E-03 -5.226235E-04 -1.244981E-03  5.449470E-01  9.724549E+00
 3.750000E-01  5.462840E-04  8.599456E-03 -1.783001E-03 -3.839241E-03  2.179069E+00  1.932008E+01
 5.625000E-01  5.663507E-04  1.378016E-02 -4.815941E-03 -1.163334E-02  4.897503E+00  2.918994E+01
 7.500000E-01  6.072245E-04  3.565466E-02 -9.548233E-03 -2.330160E-02  8.804040E+00  4.088246E+01
 r/a           zmag/a        dzmag         zeta          s_zeta        volume        d(vol)/dr
                                                                       m^3           m^2
 0.000000E+00  5.288404E-04 -4.522293E-04  5.076624E-04  0.000000E+00  0.000000E+00  0.000000E+00
 1.875000E-01  5.330434E-04  5.235201E-03 -5.226235E-04 -1.244981E-03  5.449470E-01  9.724549E+00
 3.750000E-01  5.462840E-04  8.599456E-03 -1.783001E-03 -3.839241E-03  2.179069E+00  1.932008E+01
 5.625000E-01  5.663507E-04  1.378016E-02 -4.815941E-03 -1.163334E-02  4.897503E+00  2.918994E+01
 7.500000E-01  6.072245E-04  3.565466E-02 -9.548233E-03 -2.330160E-02  8.804040E+00  4.088246E+01
 r/a           zmag/a        dzmag         zeta          s_zeta        volume        d(vol)/dr
                                                                       m^3           m^2
 0.000000E+00  5.288404E-04 -4.522293E-04  5.076624E-04  0.000000E+00  0.000000E+00  0.000000E+00
 1.875000E-01  5.330434E-04  5.235201E-03 -5.226235E-04 -1.244981E-03  5.449470E-01  9.724549E+00
 3.750000E-01  5.462840E-04  8.599456E-03 -1.783001E-03 -3.839241E-03  2.179069E+00  1.932008E+01
 5.625000E-01  5.663507E-04  1.378016E-02 -4.815941E-03 -1.163334E-02  4.897503E+00  2.918994E+01
 7.500000E-01  6.072245E-04  3.565466E-02 -9.548233E-03 -2.330160E-02  8.804040E+00  4.088246E+01
 r/a           zmag/a        dzmag         zeta          s_zeta        volume        d(vol)/dr
                                                                       m^3           m^2
 0.000000E+00  5.288404E-04 -4.522293E-04  5.076624E-04  0.000000E+00  0.000000E+00  0.000000E+00
 1.875000E-01  5.330434E-04  5.235201E-03 -5.226235E-04 -1.244981E-03  5.449470E-01  9.724549E+00
 3.750000E-01  5.462840E-04  8.599456E-03 -1.783001E-03 -3.839241E-03  2.179069E+00  1.932008E+01
 5.625000E-01  5.663507E-04  1.378016E-02 -4.815941E-03 -1.163334E-02  4.897503E+00  2.918994E+01
 7.500000E-01  6.072245E-04  3.565466E-02 -9.548233E-03 -2.330160E-02  8.804040E+00  4.088246E+01
 r/a           zmag/a        dzmag         zeta          s_zeta        volume        d(vol)/dr
                                                                       m^3           m^2
 0.000000E+00  5.288404E-04 -4.522293E-04  5.076624E-04  0.000000E+00  0.000000E+00  0.000000E+00
 1.875000E-01  5.330434E-04  5.235201E-03 -5.226235E-04 -1.244981E-03  5.449470E-01  9.724549E+00
 3.750000E-01  5.462840E-04  8.599456E-03 -1.783001E-03 -3.839241E-03  2.179069E+00  1.932008E+01
 5.625000E-01  5.663507E-04  1.378016E-02 -4.815941E-03 -1.163334E-02  4.897503E+00  2.918994E+01
 7.500000E-01  6.072245E-04  3.565466E-02 -9.548233E-03 -2.330160E-02  8.804040E+00  4.088246E+01
 r/a           zmag/a        dzmag         zeta          s_zeta        volume        d(vol)/dr
                                                                       m^3           m^2
 0.000000E+00  5.288404E-04 -4.522293E-04  5.076624E-04  0.000000E+00  0.000000E+00  0.000000E+00
 1.875000E-01  5.330434E-04  5.235201E-03 -5.226235E-04 -1.244981E-03  5.449470E-01  9.724549E+00
 3.750000E-01  5.462840E-04  8.599456E-03 -1.783001E-03 -3.839241E-03  2.179069E+00  1.932008E+01
 5.625000E-01  5.663507E-04  1.378016E-02 -4.815941E-03 -1.163334E-02  4.897503E+00  2.918994E+01
 7.500000E-01  6.072245E-04  3.565466E-02 -9.548233E-03 -2.330160E-02  8.804040E+00  4.088246E+01
