 r/a           rho           q             s             kappa         s_kappa       delta         s_delta       shift         rmaj/a        b_unit
                                                                                                                                             (T)
 0.000000E+00  0.000000E+00 -1.392687E+00  0.000000E+00  1.274114E+00  0.000000E+00  1.094449E-03  0.000000E+00 -8.452105E-04  2.854074E+00  2.674950E+00
 1.875000E-01  1.655808E-01 -1.518750E+00  9.779639E-02  1.282464E+00  1.151022E-02  3.833229E-02  3.871575E-02 -6.088190E-02  2.847738E+00  2.701152E+00
 3.750000E-01  3.337004E-01 -1.605592E+00  1.211998E-01  1.292114E+00  1.129313E-02  7.479883E-02  6.982753E-02 -8.022170E-02  2.834032E+00  2.758048E+00
 5.625000E-01  5.053395E-01 -1.821352E+00  6.056608E-01  1.305133E+00  4.843404E-02  1.127461E-01  1.301210E-01 -8.584542E-02  2.818480E+00  2.874717E+00
 7.500000E-01  6.865214E-01 -2.459007E+00  1.626552E+00  1.341624E+00  1.723703E-01  1.694448E-01  3.040223E-01 -9.987161E-02  2.801299E+00  3.185631E+00
 r/a           rho           q             s             kappa         s_kappa       delta         s_delta       shift         rmaj/a        b_unit
                                                                                                                                             (T)
 0.000000E+00  0.000000E+00 -1.392687E+00  0.000000E+00  1.274114E+00  0.000000E+00  1.094449E-03  0.000000E+00 -8.452105E-04  2.854074E+00  2.674950E+00
 1.875000E-01  1.655808E-01 -1.518750E+00  9.779639E-02  1.282464E+00  1.151022E-02  3.833229E-02  3.871575E-02 -6.088190E-02  2.847738E+00  2.701152E+00
 3.750000E-01  3.337004E-01 -1.605592E+00  1.211998E-01  1.292114E+00  1.129313E-02  7.479883E-02  6.982753E-02 -8.022170E-02  2.834032E+00  2.758048E+00
 5.625000E-01  5.053395E-01 -1.821352E+00  6.056608E-01  1.305133E+00  4.843404E-02  1.127461E-01  1.301210E-01 -8.584542E-02  2.818480E+00  2.874717E+00
 7.500000E-01  6.865214E-01 -2.459007E+00  1.626552E+00  1.341624E+00  1.723703E-01  1.694448E-01  3.040223E-01 -9.987161E-02  2.801299E+00  3.185631E+00
 r/a           rho           q             s             kappa         s_kappa       delta         s_delta       shift         rmaj/a        b_unit
                                                                                                                                             (T)
 0.000000E+00  0.000000E+00 -1.392687E+00  0.000000E+00  1.274114E+00  0.000000E+00  1.094449E-03  0.000000E+00 -8.452105E-04  2.854074E+00  2.674950E+00
 1.875000E-01  1.655808E-01 -1.518750E+00  9.779639E-02  1.282464E+00  1.151022E-02  3.833229E-02  3.871575E-02 -6.088190E-02  2.847738E+00  2.701152E+00
 3.750000E-01  3.337004E-01 -1.605592E+00  1.211998E-01  1.292114E+00  1.129313E-02  7.479883E-02  6.982753E-02 -8.022170E-02  2.834032E+00  2.758048E+00
 5.625000E-01  5.053395E-01 -1.821352E+00  6.056608E-01  1.305133E+00  4.843404E-02  1.127461E-01  1.301210E-01 -8.584542E-02  2.818480E+00  2.874717E+00
 7.500000E-01  6.865214E-01 -2.459007E+00  1.626552E+00  1.341624E+00  1.723703E-01  1.694448E-01  3.040223E-01 -9.987161E-02  2.801299E+00  3.185631E+00
 r/a           rho           q             s             kappa         s_kappa       delta         s_delta       shift         rmaj/a        b_unit
                                                                                                                                             (T)
 0.000000E+00  0.000000E+00 -1.392687E+00  0.000000E+00  1.274114E+00  0.000000E+00  1.094449E-03  0.000000E+00 -8.452105E-04  2.854074E+00  2.674950E+00
 1.875000E-01  1.655808E-01 -1.518750E+00  9.779639E-02  1.282464E+00  1.151022E-02  3.833229E-02  3.871575E-02 -6.088190E-02  2.847738E+00  2.701152E+00
 3.750000E-01  3.337004E-01 -1.605592E+00  1.211998E-01  1.292114E+00  1.129313E-02  7.479883E-02  6.982753E-02 -8.022170E-02  2.834032E+00  2.758048E+00
 5.625000E-01  5.053395E-01 -1.821352E+00  6.056608E-01  1.305133E+00  4.843404E-02  1.127461E-01  1.301210E-01 -8.584542E-02  2.818480E+00  2.874717E+00
 7.500000E-01  6.865214E-01 -2.459007E+00  1.626552E+00  1.341624E+00  1.723703E-01  1.694448E-01  3.040223E-01 -9.987161E-02  2.801299E+00  3.185631E+00
 r/a           rho           q             s             kappa         s_kappa       delta         s_delta       shift         rmaj/a        b_unit
                                                                                                                                             (T)
 0.000000E+00  0.000000E+00 -1.392687E+00  0.000000E+00  1.274114E+00  0.000000E+00  1.094449E-03  0.000000E+00 -8.452105E-04  2.854074E+00  2.674950E+00
 1.875000E-01  1.655808E-01 -1.518750E+00  9.779639E-02  1.282464E+00  1.151022E-02  3.833229E-02  3.871575E-02 -6.088190E-02  2.847738E+00  2.701152E+00
 3.750000E-01  3.337004E-01 -1.605592E+00  1.211998E-01  1.292114E+00  1.129313E-02  7.479883E-02  6.982753E-02 -8.022170E-02  2.834032E+00  2.758048E+00
 5.625000E-01  5.053395E-01 -1.821352E+00  6.056608E-01  1.305133E+00  4.843404E-02  1.127461E-01  1.301210E-01 -8.584542E-02  2.818480E+00  2.874717E+00
 7.500000E-01  6.865214E-01 -2.459007E+00  1.626552E+00  1.341624E+00  1.723703E-01  1.694448E-01  3.040223E-01 -9.987161E-02  2.801299E+00  3.185631E+00
 r/a           rho           q             s             kappa         s_kappa       delta         s_delta       shift         rmaj/a        b_unit
                                                                                                                                             (T)
 0.000000E+00  0.000000E+00 -1.392687E+00  0.000000E+00  1.274114E+00  0.000000E+00  1.094449E-03  0.000000E+00 -8.452105E-04  2.854074E+00  2.674950E+00
 1.875000E-01  1.655808E-01 -1.518750E+00  9.779639E-02  1.282464E+00  1.151022E-02  3.833229E-02  3.871575E-02 -6.088190E-02  2.847738E+00  2.701152E+00
 3.750000E-01  3.337004E-01 -1.605592E+00  1.211998E-01  1.292114E+00  1.129313E-02  7.479883E-02  6.982753E-02 -8.022170E-02  2.834032E+00  2.758048E+00
 5.625000E-01  5.053395E-01 -1.821352E+00  6.056608E-01  1.305133E+00  4.843404E-02  1.127461E-01  1.301210E-01 -8.584542E-02  2.818480E+00  2.874717E+00
 7.500000E-01  6.865214E-01 -2.459007E+00  1.626552E+00  1.341624E+00  1.723703E-01  1.694448E-01  3.040223E-01 -9.987161E-02  2.801299E+00  3.185631E+00
 r/a           rho           q             s             kappa         s_kappa       delta         s_delta       shift         rmaj/a        b_unit
                                                                                                                                             (T)
 0.000000E+00  0.000000E+00 -1.392687E+00  0.000000E+00  1.274114E+00  0.000000E+00  1.094449E-03  0.000000E+00 -8.452105E-04  2.854074E+00  2.674950E+00
 1.875000E-01  1.655808E-01 -1.518750E+00  9.779639E-02  1.282464E+00  1.151022E-02  3.833229E-02  3.871575E-02 -6.088190E-02  2.847738E+00  2.701152E+00
 3.750000E-01  3.337004E-01 -1.605592E+00  1.211998E-01  1.292114E+00  1.129313E-02  7.479883E-02  6.982753E-02 -8.022170E-02  2.834032E+00  2.758048E+00
 5.625000E-01  5.053395E-01 -1.821352E+00  6.056608E-01  1.305133E+00  4.843404E-02  1.127461E-01  1.301210E-01 -8.584542E-02  2.818480E+00  2.874717E+00
 7.500000E-01  6.865214E-01 -2.459007E+00  1.626552E+00  1.341624E+00  1.723703E-01  1.694448E-01  3.040223E-01 -9.987161E-02  2.801299E+00  3.185631E+00
 r/a           rho           q             s             kappa         s_kappa       delta         s_delta       shift         rmaj/a        b_unit
                                                                                                                                             (T)
 0.000000E+00  0.000000E+00 -1.392687E+00  0.000000E+00  1.274114E+00  0.000000E+00  1.094449E-03  0.000000E+00 -8.452105E-04  2.854074E+00  2.674950E+00
 1.875000E-01  1.655808E-01 -1.518750E+00  9.779639E-02  1.282464E+00  1.151022E-02  3.833229E-02  3.871575E-02 -6.088190E-02  2.847738E+00  2.701152E+00
 3.750000E-01  3.337004E-01 -1.605592E+00  1.211998E-01  1.292114E+00  1.129313E-02  7.479883E-02  6.982753E-02 -8.022170E-02  2.834032E+00  2.758048E+00
 5.625000E-01  5.053395E-01 -1.821352E+00  6.056608E-01  1.305133E+00  4.843404E-02  1.127461E-01  1.301210E-01 -8.584542E-02  2.818480E+00  2.874717E+00
 7.500000E-01  6.865214E-01 -2.459007E+00  1.626552E+00  1.341624E+00  1.723703E-01  1.694448E-01  3.040223E-01 -9.987161E-02  2.801299E+00  3.185631E+00
 r/a           rho           q             s             kappa         s_kappa       delta         s_delta       shift         rmaj/a        b_unit
                                                                                                                                             (T)
 0.000000E+00  0.000000E+00 -1.392687E+00  0.000000E+00  1.274114E+00  0.000000E+00  1.094449E-03  0.000000E+00 -8.452105E-04  2.854074E+00  2.674950E+00
 1.875000E-01  1.655808E-01 -1.518750E+00  9.779639E-02  1.282464E+00  1.151022E-02  3.833229E-02  3.871575E-02 -6.088190E-02  2.847738E+00  2.701152E+00
 3.750000E-01  3.337004E-01 -1.605592E+00  1.211998E-01  1.292114E+00  1.129313E-02  7.479883E-02  6.982753E-02 -8.022170E-02  2.834032E+00  2.758048E+00
 5.625000E-01  5.053395E-01 -1.821352E+00  6.056608E-01  1.305133E+00  4.843404E-02  1.127461E-01  1.301210E-01 -8.584542E-02  2.818480E+00  2.874717E+00
 7.500000E-01  6.865214E-01 -2.459007E+00  1.626552E+00  1.341624E+00  1.723703E-01  1.694448E-01  3.040223E-01 -9.987161E-02  2.801299E+00  3.185631E+00
