 r/a           a/Lni         a/Lne         a/LTi         a/LTe         a/Lp          a*gamma_e/cs  a*gamma_p/cs
                                                                       
 0.000000E+00  0.000000E+00  0.000000E+00  0.000000E+00  0.000000E+00  0.000000E+00  0.000000E+00  2.624151E-01
 1.875000E-01  7.900859E-01  7.578978E-01  1.418474E+00  1.406151E+00  2.179960E+00  8.344491E-03  1.924797E-01
 3.750000E-01  1.250059E+00  1.196946E+00  2.169760E+00  2.416410E+00  3.529376E+00  2.120172E-02  2.572644E-01
 5.625000E-01  1.109817E+00  1.075510E+00  1.811138E+00  2.629643E+00  3.360143E+00  5.757160E-02  5.254054E-01
 7.500000E-01  9.763971E-01  9.822161E-01  2.126161E+00  4.019677E+00  4.054213E+00  1.130707E-01  1.038504E+00
 r/a           a/Lni         a/Lne         a/LTi         a/LTe         a/Lp          a*gamma_e/cs  a*gamma_p/cs
                                                                       
 0.000000E+00  0.000000E+00  0.000000E+00  0.000000E+00  0.000000E+00  0.000000E+00  0.000000E+00  2.682888E-01
 1.875000E-01  6.992732E-01  6.711814E-01  1.349652E+00  1.634261E+00  2.194731E+00  8.622977E-03  1.989035E-01
 3.750000E-01  1.040841E+00  1.000227E+00  1.850340E+00  1.964212E+00  2.929572E+00  2.168036E-02  2.630724E-01
 5.625000E-01  1.050456E+00  1.021110E+00  1.785345E+00  2.414083E+00  3.164355E+00  5.705712E-02  5.207102E-01
 7.500000E-01  1.459261E+00  1.432576E+00  2.794790E+00  4.426735E+00  5.055575E+00  1.130707E-01  1.038504E+00
 r/a           a/Lni         a/Lne         a/LTi         a/LTe         a/Lp          a*gamma_e/cs  a*gamma_p/cs
                                                                       
 0.000000E+00  0.000000E+00  0.000000E+00  0.000000E+00  0.000000E+00  0.000000E+00  0.000000E+00  2.677505E-01
 1.875000E-01  5.627014E-01  5.402694E-01  1.227950E+00  1.659607E+00  2.030465E+00  8.615908E-03  1.987404E-01
 3.750000E-01  8.027041E-01  7.748493E-01  1.555824E+00  1.918250E+00  2.548066E+00  2.164167E-02  2.626028E-01
 5.625000E-01  9.352808E-01  9.131736E-01  1.700619E+00  2.301090E+00  2.952580E+00  5.653248E-02  5.159223E-01
 7.500000E-01  1.538050E+00  1.506062E+00  3.172157E+00  4.736796E+00  5.474902E+00  1.130707E-01  1.038504E+00
 r/a           a/Lni         a/Lne         a/LTi         a/LTe         a/Lp          a*gamma_e/cs  a*gamma_p/cs
                                                                       
 0.000000E+00  0.000000E+00  0.000000E+00  0.000000E+00  0.000000E+00  0.000000E+00  0.000000E+00  2.639767E-01
 1.875000E-01  4.717655E-01  4.525392E-01  1.188906E+00  1.678622E+00  1.943212E+00  8.502044E-03  1.961139E-01
 3.750000E-01  6.274927E-01  6.086599E-01  1.490897E+00  2.017355E+00  2.411929E+00  2.147423E-02  2.605711E-01
 5.625000E-01  7.831384E-01  7.701326E-01  1.619155E+00  2.259304E+00  2.749100E+00  5.624603E-02  5.133081E-01
 7.500000E-01  1.350038E+00  1.330705E+00  3.195728E+00  4.886952E+00  5.381305E+00  1.130707E-01  1.038504E+00
 r/a           a/Lni         a/Lne         a/LTi         a/LTe         a/Lp          a*gamma_e/cs  a*gamma_p/cs
                                                                       
 0.000000E+00  0.000000E+00  0.000000E+00  0.000000E+00  0.000000E+00  0.000000E+00  0.000000E+00  2.654229E-01
 1.875000E-01  4.849902E-01  4.641289E-01  1.239401E+00  1.756602E+00  2.020226E+00  8.579929E-03  1.979105E-01
 3.750000E-01  4.832833E-01  4.730379E-01  1.485642E+00  1.898854E+00  2.201206E+00  2.162983E-02  2.624592E-01
 5.625000E-01  6.999566E-01  6.922398E-01  1.620083E+00  2.226235E+00  2.651639E+00  5.625249E-02  5.133670E-01
 7.500000E-01  1.325032E+00  1.307382E+00  3.174618E+00  4.917574E+00  5.362086E+00  1.130707E-01  1.038504E+00
 r/a           a/Lni         a/Lne         a/LTi         a/LTe         a/Lp          a*gamma_e/cs  a*gamma_p/cs
                                                                       
 0.000000E+00  0.000000E+00  0.000000E+00  0.000000E+00  0.000000E+00  0.000000E+00  0.000000E+00  2.673244E-01
 1.875000E-01  5.092996E-01  4.866406E-01  1.247429E+00  1.734842E+00  2.033235E+00  8.632587E-03  1.991251E-01
 3.750000E-01  4.149975E-01  4.090325E-01  1.417152E+00  1.847589E+00  2.077113E+00  2.168821E-02  2.631676E-01
 5.625000E-01  6.813707E-01  6.748535E-01  1.630969E+00  2.229609E+00  2.640279E+00  5.627784E-02  5.135984E-01
 7.500000E-01  1.325151E+00  1.307494E+00  3.173062E+00  4.904587E+00  5.354920E+00  1.130707E-01  1.038504E+00
 r/a           a/Lni         a/Lne         a/LTi         a/LTe         a/Lp          a*gamma_e/cs  a*gamma_p/cs
                                                                       
 0.000000E+00  0.000000E+00  0.000000E+00  0.000000E+00  0.000000E+00  0.000000E+00  0.000000E+00  2.674433E-01
 1.875000E-01  5.139412E-01  4.910838E-01  1.250645E+00  1.738671E+00  2.041083E+00  8.637976E-03  1.992494E-01
 3.750000E-01  4.349290E-01  4.276969E-01  1.420606E+00  1.839181E+00  2.092689E+00  2.169709E-02  2.632753E-01
 5.625000E-01  6.799924E-01  6.735642E-01  1.631208E+00  2.229566E+00  2.639033E+00  5.627859E-02  5.136052E-01
 7.500000E-01  1.325041E+00  1.307391E+00  3.173116E+00  4.904346E+00  5.354721E+00  1.130707E-01  1.038504E+00
 r/a           a/Lni         a/Lne         a/LTi         a/LTe         a/Lp          a*gamma_e/cs  a*gamma_p/cs
                                                                       
 0.000000E+00  0.000000E+00  0.000000E+00  0.000000E+00  0.000000E+00  0.000000E+00  0.000000E+00  2.674581E-01
 1.875000E-01  5.135739E-01  4.907275E-01  1.250896E+00  1.738820E+00  2.040905E+00  8.638515E-03  1.992619E-01
 3.750000E-01  4.321903E-01  4.251318E-01  1.420530E+00  1.838421E+00  2.089589E+00  2.169782E-02  2.632842E-01
 5.625000E-01  6.798246E-01  6.734073E-01  1.631187E+00  2.229613E+00  2.638890E+00  5.627861E-02  5.136054E-01
 7.500000E-01  1.325085E+00  1.307432E+00  3.173064E+00  4.904292E+00  5.354711E+00  1.130707E-01  1.038504E+00
 r/a           a/Lni         a/Lne         a/LTi         a/LTe         a/Lp          a*gamma_e/cs  a*gamma_p/cs
                                                                       
 0.000000E+00  0.000000E+00  0.000000E+00  0.000000E+00  0.000000E+00  0.000000E+00  0.000000E+00  2.674736E-01
 1.875000E-01  5.134416E-01  4.906204E-01  1.250864E+00  1.738638E+00  2.040639E+00  8.638941E-03  1.992717E-01
 3.750000E-01  4.367884E-01  4.294381E-01  1.420827E+00  1.838052E+00  2.093896E+00  2.169833E-02  2.632904E-01
 5.625000E-01  6.797465E-01  6.733342E-01  1.631244E+00  2.229577E+00  2.638818E+00  5.627886E-02  5.136077E-01
 7.500000E-01  1.325049E+00  1.307399E+00  3.173119E+00  4.904232E+00  5.354674E+00  1.130707E-01  1.038504E+00
