 r/a           Chi_GB        Q_GB          Gamma_GB      Pi_GB         c_s
               m^2/s         MW/m^2        10^19/m^2/s   J/m^2         m/s
 0.000000E+00  4.630326E+00  1.109717E-01  2.601004E+01  1.862241E-01  3.571286E+05
 1.875000E-01  3.726210E+00  7.290523E-02  1.949571E+01  1.306797E-01  3.343480E+05
 3.750000E-01  2.087890E+00  2.376683E-02  9.094684E+00  5.096108E-02  2.794993E+05
 5.625000E-01  9.452467E-01  5.417950E-03  3.327376E+00  1.471728E-02  2.206254E+05
 7.500000E-01  3.021710E-01  7.656570E-04  8.770592E-01  2.840474E-03  1.615443E+05
 r/a           Chi_GB        Q_GB          Gamma_GB      Pi_GB         c_s
               m^2/s         MW/m^2        10^19/m^2/s   J/m^2         m/s
 0.000000E+00  4.332821E+00  9.726817E-02  2.383015E+01  1.668814E-01  3.493100E+05
 1.875000E-01  3.376722E+00  6.107014E-02  1.743910E+01  1.131190E-01  3.235500E+05
 3.750000E-01  1.952636E+00  2.154721E-02  8.621808E+00  4.724479E-02  2.733288E+05
 5.625000E-01  9.710474E-01  5.880966E-03  3.547470E+00  1.583226E-02  2.226147E+05
 7.500000E-01  3.021710E-01  7.656570E-04  8.770592E-01  2.840474E-03  1.615443E+05
 r/a           Chi_GB        Q_GB          Gamma_GB      Pi_GB         c_s
               m^2/s         MW/m^2        10^19/m^2/s   J/m^2         m/s
 0.000000E+00  4.359004E+00  9.068211E-02  2.212754E+01  1.552697E-01  3.500122E+05
 1.875000E-01  3.385040E+00  5.729675E-02  1.633476E+01  1.060426E-01  3.238155E+05
 3.750000E-01  1.963129E+00  2.100375E-02  8.374376E+00  4.597099E-02  2.738175E+05
 5.625000E-01  9.983341E-01  6.139105E-03  3.635394E+00  1.637523E-02  2.246807E+05
 7.500000E-01  3.021710E-01  7.656570E-04  8.770592E-01  2.840474E-03  1.615443E+05
 r/a           Chi_GB        Q_GB          Gamma_GB      Pi_GB         c_s
               m^2/s         MW/m^2        10^19/m^2/s   J/m^2         m/s
 0.000000E+00  4.548640E+00  8.889581E-02  2.108450E+01  1.500657E-01  3.550160E+05
 1.875000E-01  3.522872E+00  5.638013E-02  1.565141E+01  1.029672E-01  3.281522E+05
 3.750000E-01  2.009407E+00  2.058772E-02  8.081977E+00  4.471180E-02  2.759524E+05
 5.625000E-01  1.013665E+00  6.111845E-03  3.582667E+00  1.621991E-02  2.258249E+05
 7.500000E-01  3.021710E-01  7.656570E-04  8.770592E-01  2.840474E-03  1.615443E+05
 r/a           Chi_GB        Q_GB          Gamma_GB      Pi_GB         c_s
               m^2/s         MW/m^2        10^19/m^2/s   J/m^2         m/s
 0.000000E+00  4.474690E+00  8.310449E-02  1.992748E+01  1.410580E-01  3.530816E+05
 1.875000E-01  3.427803E+00  5.169637E-02  1.461531E+01  9.527814E-02  3.251734E+05
 3.750000E-01  1.966354E+00  1.928043E-02  7.678866E+00  4.217607E-02  2.739674E+05
 5.625000E-01  1.013316E+00  6.050652E-03  3.547610E+00  1.605936E-02  2.257990E+05
 7.500000E-01  3.021710E-01  7.656570E-04  8.770592E-01  2.840474E-03  1.615443E+05
 r/a           Chi_GB        Q_GB          Gamma_GB      Pi_GB         c_s
               m^2/s         MW/m^2        10^19/m^2/s   J/m^2         m/s
 0.000000E+00  4.379881E+00  7.931099E-02  1.929130E+01  1.355834E-01  3.505701E+05
 1.875000E-01  3.365457E+00  4.948427E-02  1.416217E+01  9.176090E-02  3.231898E+05
 3.750000E-01  1.950517E+00  1.884718E-02  7.546888E+00  4.133960E-02  2.732299E+05
 5.625000E-01  1.011947E+00  6.027265E-03  3.537084E+00  1.600450E-02  2.256973E+05
 7.500000E-01  3.021710E-01  7.656570E-04  8.770592E-01  2.840474E-03  1.615443E+05
 r/a           Chi_GB        Q_GB          Gamma_GB      Pi_GB         c_s
               m^2/s         MW/m^2        10^19/m^2/s   J/m^2         m/s
 0.000000E+00  4.374043E+00  7.945852E-02  1.934438E+01  1.358961E-01  3.504143E+05
 1.875000E-01  3.359162E+00  4.951122E-02  1.418758E+01  9.186818E-02  3.229882E+05
 3.750000E-01  1.948123E+00  1.883684E-02  7.548927E+00  4.133385E-02  2.731180E+05
 5.625000E-01  1.011907E+00  6.026078E-03  3.536482E+00  1.600156E-02  2.256943E+05
 7.500000E-01  3.021710E-01  7.656570E-04  8.770592E-01  2.840474E-03  1.615443E+05
 r/a           Chi_GB        Q_GB          Gamma_GB      Pi_GB         c_s
               m^2/s         MW/m^2        10^19/m^2/s   J/m^2         m/s
 0.000000E+00  4.373316E+00  7.939095E-02  1.933008E+01  1.357880E-01  3.503948E+05
 1.875000E-01  3.358534E+00  4.946905E-02  1.417726E+01  9.179567E-02  3.229681E+05
 3.750000E-01  1.947925E+00  1.882865E-02  7.546155E+00  4.131727E-02  2.731088E+05
 5.625000E-01  1.011906E+00  6.026003E-03  3.536440E+00  1.600136E-02  2.256942E+05
 7.500000E-01  3.021710E-01  7.656570E-04  8.770592E-01  2.840474E-03  1.615443E+05
 r/a           Chi_GB        Q_GB          Gamma_GB      Pi_GB         c_s
               m^2/s         MW/m^2        10^19/m^2/s   J/m^2         m/s
 0.000000E+00  4.372556E+00  7.942916E-02  1.934162E+01  1.358612E-01  3.503745E+05
 1.875000E-01  3.358036E+00  4.949547E-02  1.418623E+01  9.184922E-02  3.229521E+05
 3.750000E-01  1.947788E+00  1.883372E-02  7.548543E+00  4.132938E-02  2.731024E+05
 5.625000E-01  1.011892E+00  6.025808E-03  3.536357E+00  1.600092E-02  2.256932E+05
 7.500000E-01  3.021710E-01  7.656570E-04  8.770592E-01  2.840474E-03  1.615443E+05
