 ITERATION:   1
  0  3.432317E+01    3.19511E-01  9.72943E-01  3.30307E+01
  1  1.540078E+01    1.47747E-02  2.53914E-01  1.51321E+01
  2  2.776003E+01    2.60855E-01  7.58548E-01  2.67406E+01
  3  1.705333E+00    5.63483E-02  2.23437E-01  1.42555E+00
  4  3.479834E+00    1.11624E-01  2.72573E-01  3.09564E+00
 ITERATION:   2
  0  1.704018E+00    5.59626E-02  2.22822E-01  1.42523E+00
  1  1.148651E-01    1.33762E-03  4.57892E-02  6.77383E-02
  2  1.411797E+00    4.32731E-02  1.82500E-01  1.18602E+00
  3  2.462259E-01    8.24702E-04  5.06815E-02  1.94720E-01
  4  5.371070E-01    7.28637E-03  8.06802E-02  4.49140E-01
 ITERATION:   3
  0  1.147930E-01    1.31970E-03  4.57783E-02  6.76950E-02
  1  2.544700E-02    1.11120E-02  5.93698E-03  8.39806E-03
  2  9.320973E-02    1.07819E-03  3.70945E-02  5.50371E-02
  3  4.572558E-02    5.57940E-03  1.16862E-02  2.84600E-02
  4  6.353727E-02    3.45511E-03  2.20363E-02  3.80459E-02
 ITERATION:   4
  0  2.547780E-02    1.11302E-02  5.93693E-03  8.41066E-03
  1  2.255611E-04    1.75505E-04  4.65585E-05  3.49784E-06
  2  2.029062E-02    8.48065E-03  5.00517E-03  6.80480E-03
  3  1.152747E-03    3.50529E-04  2.93184E-04  5.09034E-04
  4  5.260075E-03    1.88053E-03  1.30511E-03  2.07444E-03
 ITERATION:   5
  0  2.247321E-04    1.74604E-04  4.65717E-05  3.55666E-06
  1  4.059419E-05    3.14730E-05  7.07691E-06  2.04423E-06
  2  1.799384E-04    1.39618E-04  3.70783E-05  3.24187E-06
  3  3.551446E-06    4.52750E-07  9.89715E-07  2.10898E-06
  4  3.093880E-05    1.87846E-05  9.78736E-06  2.36683E-06
 ITERATION:   6
  0  3.517523E-06    4.52502E-07  9.87301E-07  2.07772E-06
  1  7.182298E-06    4.96527E-06  2.20005E-06  1.69832E-08
  2  2.938118E-06    4.29076E-07  8.50142E-07  1.65890E-06
  3  6.975691E-06    4.84477E-06  2.06083E-06  7.00929E-08
  4  1.202909E-06    3.65685E-07  4.04092E-07  4.33132E-07
 ITERATION:   7
  0  3.321935E-06    1.85769E-07  2.70878E-06  4.27390E-07
  1  2.814956E-06    7.53026E-07  1.97651E-06  8.54158E-08
  2  1.136368E-06    3.95134E-07  4.22381E-07  3.18854E-07
  3  2.229861E-06    8.64588E-07  1.36041E-06  4.86687E-09
  4  1.911318E-06    1.00180E-06  8.73524E-07  3.59925E-08
 ITERATION:   8
  0  1.134461E-06    3.99777E-07  4.21698E-07  3.12987E-07
  1  8.656893E-06    6.00856E-06  2.64793E-06  4.00076E-10
  2  9.768135E-07    3.62895E-07  3.58620E-07  2.55299E-07
  3  8.017810E-06    5.63008E-06  2.37129E-06  1.64371E-08
  4  7.463591E-06    5.26539E-06  2.12366E-06  7.45446E-08
