 r/a           mflux_e_neo   mflux_e_tur   expwd_e_tur
               (GB)          (GB)          (GB)
 0.000000E+00  0.000000E+00  0.000000E+00  0.000000E+00
 1.875000E-01  0.000000E+00  4.314971E-10  0.000000E+00
 3.750000E-01  0.000000E+00  4.066094E-08  0.000000E+00
 5.625000E-01  0.000000E+00  1.836030E-07  0.000000E+00
 7.500000E-01  0.000000E+00  9.959977E-07  0.000000E+00
 r/a           mflux_e_neo   mflux_e_tur   expwd_e_tur
               (GB)          (GB)          (GB)
 0.000000E+00  0.000000E+00  0.000000E+00  0.000000E+00
 1.875000E-01  0.000000E+00  8.450714E-10  0.000000E+00
 3.750000E-01  0.000000E+00  2.397657E-08  0.000000E+00
 5.625000E-01  0.000000E+00  1.725548E-07  0.000000E+00
 7.500000E-01  0.000000E+00  9.444821E-07  0.000000E+00
 r/a           mflux_e_neo   mflux_e_tur   expwd_e_tur
               (GB)          (GB)          (GB)
 0.000000E+00  0.000000E+00  0.000000E+00  0.000000E+00
 1.875000E-01  0.000000E+00  8.075224E-10  0.000000E+00
 3.750000E-01  0.000000E+00  2.290441E-08  0.000000E+00
 5.625000E-01  0.000000E+00  1.600693E-07  0.000000E+00
 7.500000E-01  0.000000E+00  9.837864E-07  0.000000E+00
 r/a           mflux_e_neo   mflux_e_tur   expwd_e_tur
               (GB)          (GB)          (GB)
 0.000000E+00  0.000000E+00  0.000000E+00  0.000000E+00
 1.875000E-01  0.000000E+00  5.860185E-10  0.000000E+00
 3.750000E-01  0.000000E+00  2.729047E-08  0.000000E+00
 5.625000E-01  0.000000E+00  1.466900E-07  0.000000E+00
 7.500000E-01  0.000000E+00  9.708241E-07  0.000000E+00
 r/a           mflux_e_neo   mflux_e_tur   expwd_e_tur
               (GB)          (GB)          (GB)
 0.000000E+00  0.000000E+00  0.000000E+00  0.000000E+00
 1.875000E-01  0.000000E+00  9.442964E-10  0.000000E+00
 3.750000E-01  0.000000E+00  1.850379E-08  0.000000E+00
 5.625000E-01  0.000000E+00  1.426296E-07  0.000000E+00
 7.500000E-01  0.000000E+00  1.034382E-06  0.000000E+00
 r/a           mflux_e_neo   mflux_e_tur   expwd_e_tur
               (GB)          (GB)          (GB)
 0.000000E+00  0.000000E+00  0.000000E+00  0.000000E+00
 1.875000E-01  0.000000E+00  8.812322E-10  0.000000E+00
 3.750000E-01  0.000000E+00  1.591680E-08  0.000000E+00
 5.625000E-01  0.000000E+00  1.424230E-07  0.000000E+00
 7.500000E-01  0.000000E+00  1.021549E-06  0.000000E+00
 r/a           mflux_e_neo   mflux_e_tur   expwd_e_tur
               (GB)          (GB)          (GB)
 0.000000E+00  0.000000E+00  0.000000E+00  0.000000E+00
 1.875000E-01  0.000000E+00  9.162750E-10  0.000000E+00
 3.750000E-01  0.000000E+00  1.579994E-08  0.000000E+00
 5.625000E-01  0.000000E+00  1.423941E-07  0.000000E+00
 7.500000E-01  0.000000E+00  1.021431E-06  0.000000E+00
 r/a           mflux_e_neo   mflux_e_tur   expwd_e_tur
               (GB)          (GB)          (GB)
 0.000000E+00  0.000000E+00  0.000000E+00  0.000000E+00
 1.875000E-01  0.000000E+00  9.162713E-10  0.000000E+00
 3.750000E-01  0.000000E+00  1.559959E-08  0.000000E+00
 5.625000E-01  0.000000E+00  1.423961E-07  0.000000E+00
 7.500000E-01  0.000000E+00  1.021431E-06  0.000000E+00
 r/a           mflux_e_neo   mflux_e_tur   expwd_e_tur
               (GB)          (GB)          (GB)
 0.000000E+00  0.000000E+00  0.000000E+00  0.000000E+00
 1.875000E-01  0.000000E+00  9.162220E-10  0.000000E+00
 3.750000E-01  0.000000E+00  1.573710E-08  0.000000E+00
 5.625000E-01  0.000000E+00  1.423904E-07  0.000000E+00
 7.500000E-01  0.000000E+00  1.021387E-06  0.000000E+00
