 r/a           mflux_tot     mflux_target
               (GB)          (GB)
 0.000000E+00  0.000000E+00  0.000000E+00
 1.875000E-01  1.052245E-06  0.000000E+00
 3.750000E-01 -4.149778E-06  0.000000E+00
 5.625000E-01 -1.778406E-05  0.000000E+00
 7.500000E-01  9.796975E-06  0.000000E+00
 r/a           mflux_tot     mflux_target
               (GB)          (GB)
 0.000000E+00  0.000000E+00  0.000000E+00
 1.875000E-01  2.847136E-07  0.000000E+00
 3.750000E-01 -3.811717E-06  0.000000E+00
 5.625000E-01 -2.071003E-05  0.000000E+00
 7.500000E-01  1.162165E-05  0.000000E+00
 r/a           mflux_tot     mflux_target
               (GB)          (GB)
 0.000000E+00  0.000000E+00  0.000000E+00
 1.875000E-01  1.025644E-07  0.000000E+00
 3.750000E-01 -2.095466E-06  0.000000E+00
 5.625000E-01 -2.269135E-05  0.000000E+00
 7.500000E-01  1.662326E-05  0.000000E+00
 r/a           mflux_tot     mflux_target
               (GB)          (GB)
 0.000000E+00  0.000000E+00  0.000000E+00
 1.875000E-01  1.105542E-08  0.000000E+00
 3.750000E-01 -1.270890E-06  0.000000E+00
 5.625000E-01 -2.043440E-05  0.000000E+00
 7.500000E-01  1.687637E-05  0.000000E+00
 r/a           mflux_tot     mflux_target
               (GB)          (GB)
 0.000000E+00  0.000000E+00  0.000000E+00
 1.875000E-01  6.375470E-08  0.000000E+00
 3.750000E-01 -7.084459E-07  0.000000E+00
 5.625000E-01 -1.827469E-05  0.000000E+00
 7.500000E-01  1.931617E-05  0.000000E+00
 r/a           mflux_tot     mflux_target
               (GB)          (GB)
 0.000000E+00  0.000000E+00  0.000000E+00
 1.875000E-01  6.330401E-08  0.000000E+00
 3.750000E-01 -4.706182E-07  0.000000E+00
 5.625000E-01 -1.790784E-05  0.000000E+00
 7.500000E-01  1.933315E-05  0.000000E+00
 r/a           mflux_tot     mflux_target
               (GB)          (GB)
 0.000000E+00  0.000000E+00  0.000000E+00
 1.875000E-01  6.577863E-08  0.000000E+00
 3.750000E-01 -5.160332E-07  0.000000E+00
 5.625000E-01 -1.787448E-05  0.000000E+00
 7.500000E-01  1.933469E-05  0.000000E+00
 r/a           mflux_tot     mflux_target
               (GB)          (GB)
 0.000000E+00  0.000000E+00  0.000000E+00
 1.875000E-01  6.556717E-08  0.000000E+00
 3.750000E-01 -5.327054E-07  0.000000E+00
 5.625000E-01 -1.787004E-05  0.000000E+00
 7.500000E-01  1.933412E-05  0.000000E+00
 r/a           mflux_tot     mflux_target
               (GB)          (GB)
 0.000000E+00  0.000000E+00  0.000000E+00
 1.875000E-01  6.562973E-08  0.000000E+00
 3.750000E-01 -6.131355E-07  0.000000E+00
 5.625000E-01 -1.786849E-05  0.000000E+00
 7.500000E-01  1.933517E-05  0.000000E+00
