 r/a           mflux_i_neo   mflux_i_tur   expwd_i_tur
               (GB)          (GB)          (GB)
 0.000000E+00  0.000000E+00  0.000000E+00  0.000000E+00
 1.875000E-01  0.000000E+00  5.096341E-08  0.000000E+00
 3.750000E-01  0.000000E+00 -1.730416E-07  0.000000E+00
 5.625000E-01  0.000000E+00 -1.105234E-06  0.000000E+00
 7.500000E-01  0.000000E+00  2.541591E-07  0.000000E+00
 r/a           mflux_i_neo   mflux_i_tur   expwd_i_tur
               (GB)          (GB)          (GB)
 0.000000E+00  0.000000E+00  0.000000E+00  0.000000E+00
 1.875000E-01  0.000000E+00  2.913707E-08  0.000000E+00
 3.750000E-01  0.000000E+00 -1.006240E-07  0.000000E+00
 5.625000E-01  0.000000E+00 -1.114660E-06  0.000000E+00
 7.500000E-01  0.000000E+00  8.702657E-07  0.000000E+00
 r/a           mflux_i_neo   mflux_i_tur   expwd_i_tur
               (GB)          (GB)          (GB)
 0.000000E+00  0.000000E+00  0.000000E+00  0.000000E+00
 1.875000E-01  0.000000E+00  1.325403E-08  0.000000E+00
 3.750000E-01  0.000000E+00 -6.167621E-08  0.000000E+00
 5.625000E-01  0.000000E+00 -1.159810E-06  0.000000E+00
 7.500000E-01  0.000000E+00  9.829132E-07  0.000000E+00
 r/a           mflux_i_neo   mflux_i_tur   expwd_i_tur
               (GB)          (GB)          (GB)
 0.000000E+00  0.000000E+00  0.000000E+00  0.000000E+00
 1.875000E-01  0.000000E+00  1.006473E-08  0.000000E+00
 3.750000E-01  0.000000E+00 -5.818911E-08  0.000000E+00
 5.625000E-01  0.000000E+00 -1.059933E-06  0.000000E+00
 7.500000E-01  0.000000E+00  8.571099E-07  0.000000E+00
 r/a           mflux_i_neo   mflux_i_tur   expwd_i_tur
               (GB)          (GB)          (GB)
 0.000000E+00  0.000000E+00  0.000000E+00  0.000000E+00
 1.875000E-01  0.000000E+00  1.279040E-08  0.000000E+00
 3.750000E-01  0.000000E+00 -1.896228E-08  0.000000E+00
 5.625000E-01  0.000000E+00 -9.130778E-07  0.000000E+00
 7.500000E-01  0.000000E+00  7.740522E-07  0.000000E+00
 r/a           mflux_i_neo   mflux_i_tur   expwd_i_tur
               (GB)          (GB)          (GB)
 0.000000E+00  0.000000E+00  0.000000E+00  0.000000E+00
 1.875000E-01  0.000000E+00  1.236383E-08  0.000000E+00
 3.750000E-01  0.000000E+00 -2.637830E-09  0.000000E+00
 5.625000E-01  0.000000E+00 -8.840402E-07  0.000000E+00
 7.500000E-01  0.000000E+00  7.805192E-07  0.000000E+00
 r/a           mflux_i_neo   mflux_i_tur   expwd_i_tur
               (GB)          (GB)          (GB)
 0.000000E+00  0.000000E+00  0.000000E+00  0.000000E+00
 1.875000E-01  0.000000E+00  1.253170E-08  0.000000E+00
 3.750000E-01  0.000000E+00 -4.588374E-09  0.000000E+00
 5.625000E-01  0.000000E+00 -8.818264E-07  0.000000E+00
 7.500000E-01  0.000000E+00  7.806873E-07  0.000000E+00
 r/a           mflux_i_neo   mflux_i_tur   expwd_i_tur
               (GB)          (GB)          (GB)
 0.000000E+00  0.000000E+00  0.000000E+00  0.000000E+00
 1.875000E-01  0.000000E+00  1.253977E-08  0.000000E+00
 3.750000E-01  0.000000E+00 -3.749037E-09  0.000000E+00
 5.625000E-01  0.000000E+00 -8.815663E-07  0.000000E+00
 7.500000E-01  0.000000E+00  7.806806E-07  0.000000E+00
 r/a           mflux_i_neo   mflux_i_tur   expwd_i_tur
               (GB)          (GB)          (GB)
 0.000000E+00  0.000000E+00  0.000000E+00  0.000000E+00
 1.875000E-01  0.000000E+00  1.254595E-08  0.000000E+00
 3.750000E-01  0.000000E+00 -7.594648E-09  0.000000E+00
 5.625000E-01  0.000000E+00 -8.814294E-07  0.000000E+00
 7.500000E-01  0.000000E+00  7.807452E-07  0.000000E+00
