 r/a           mflux_i_neo   mflux_i_tur   expwd_i_tur
               (GB)          (GB)          (GB)
 0.000000E+00  0.000000E+00  0.000000E+00  0.000000E+00
 1.875000E-01  0.000000E+00  1.000850E-06  0.000000E+00
 3.750000E-01  0.000000E+00 -4.017397E-06  0.000000E+00
 5.625000E-01  0.000000E+00 -1.686243E-05  0.000000E+00
 7.500000E-01  0.000000E+00  8.546818E-06  0.000000E+00
 r/a           mflux_i_neo   mflux_i_tur   expwd_i_tur
               (GB)          (GB)          (GB)
 0.000000E+00  0.000000E+00  0.000000E+00  0.000000E+00
 1.875000E-01  0.000000E+00  2.547315E-07  0.000000E+00
 3.750000E-01  0.000000E+00 -3.735070E-06  0.000000E+00
 5.625000E-01  0.000000E+00 -1.976793E-05  0.000000E+00
 7.500000E-01  0.000000E+00  9.806904E-06  0.000000E+00
 r/a           mflux_i_neo   mflux_i_tur   expwd_i_tur
               (GB)          (GB)          (GB)
 0.000000E+00  0.000000E+00  0.000000E+00  0.000000E+00
 1.875000E-01  0.000000E+00  8.850280E-08  0.000000E+00
 3.750000E-01  0.000000E+00 -2.056694E-06  0.000000E+00
 5.625000E-01  0.000000E+00 -2.169161E-05  0.000000E+00
 7.500000E-01  0.000000E+00  1.465656E-05  0.000000E+00
 r/a           mflux_i_neo   mflux_i_tur   expwd_i_tur
               (GB)          (GB)          (GB)
 0.000000E+00  0.000000E+00  0.000000E+00  0.000000E+00
 1.875000E-01  0.000000E+00  4.046746E-10  0.000000E+00
 3.750000E-01  0.000000E+00 -1.239992E-06  0.000000E+00
 5.625000E-01  0.000000E+00 -1.952115E-05  0.000000E+00
 7.500000E-01  0.000000E+00  1.504844E-05  0.000000E+00
 r/a           mflux_i_neo   mflux_i_tur   expwd_i_tur
               (GB)          (GB)          (GB)
 0.000000E+00  0.000000E+00  0.000000E+00  0.000000E+00
 1.875000E-01  0.000000E+00  5.002000E-08  0.000000E+00
 3.750000E-01  0.000000E+00 -7.079874E-07  0.000000E+00
 5.625000E-01  0.000000E+00 -1.750424E-05  0.000000E+00
 7.500000E-01  0.000000E+00  1.750774E-05  0.000000E+00
 r/a           mflux_i_neo   mflux_i_tur   expwd_i_tur
               (GB)          (GB)          (GB)
 0.000000E+00  0.000000E+00  0.000000E+00  0.000000E+00
 1.875000E-01  0.000000E+00  5.005895E-08  0.000000E+00
 3.750000E-01  0.000000E+00 -4.838972E-07  0.000000E+00
 5.625000E-01  0.000000E+00 -1.716622E-05  0.000000E+00
 7.500000E-01  0.000000E+00  1.753108E-05  0.000000E+00
 r/a           mflux_i_neo   mflux_i_tur   expwd_i_tur
               (GB)          (GB)          (GB)
 0.000000E+00  0.000000E+00  0.000000E+00  0.000000E+00
 1.875000E-01  0.000000E+00  5.233065E-08  0.000000E+00
 3.750000E-01  0.000000E+00 -5.272447E-07  0.000000E+00
 5.625000E-01  0.000000E+00 -1.713505E-05  0.000000E+00
 7.500000E-01  0.000000E+00  1.753257E-05  0.000000E+00
 r/a           mflux_i_neo   mflux_i_tur   expwd_i_tur
               (GB)          (GB)          (GB)
 0.000000E+00  0.000000E+00  0.000000E+00  0.000000E+00
 1.875000E-01  0.000000E+00  5.211113E-08  0.000000E+00
 3.750000E-01  0.000000E+00 -5.445559E-07  0.000000E+00
 5.625000E-01  0.000000E+00 -1.713087E-05  0.000000E+00
 7.500000E-01  0.000000E+00  1.753201E-05  0.000000E+00
 r/a           mflux_i_neo   mflux_i_tur   expwd_i_tur
               (GB)          (GB)          (GB)
 0.000000E+00  0.000000E+00  0.000000E+00  0.000000E+00
 1.875000E-01  0.000000E+00  5.216756E-08  0.000000E+00
 3.750000E-01  0.000000E+00 -6.212780E-07  0.000000E+00
 5.625000E-01  0.000000E+00 -1.712945E-05  0.000000E+00
 7.500000E-01  0.000000E+00  1.753304E-05  0.000000E+00
