 r/a           (a/cs)/t_ii   (a/cs)/t_ee   (a/cs)nu_exch rho_i/a       rho_s/a
 0.000000E+00  6.589904E-04  2.591089E-02  1.061247E-05  3.962941E-03  4.651247E-03
 1.875000E-01  7.932323E-04  3.122888E-02  1.278958E-05  3.672041E-03  4.312312E-03
 3.750000E-01  1.276751E-03  5.236416E-02  2.144289E-05  3.039534E-03  3.530525E-03
 5.625000E-01  2.217105E-03  1.064916E-01  4.361216E-05  2.419760E-03  2.673750E-03
 7.500000E-01  4.185393E-03  2.951563E-01  1.208751E-04  1.815592E-03  1.766674E-03
 r/a           (a/cs)/t_ii   (a/cs)/t_ee   (a/cs)nu_exch rho_i/a       rho_s/a
 0.000000E+00  6.724748E-04  2.766080E-02  1.132842E-05  3.933433E-03  4.549418E-03
 1.875000E-01  8.158962E-04  3.502319E-02  1.434230E-05  3.656476E-03  4.173043E-03
 3.750000E-01  1.266101E-03  5.785095E-02  2.368894E-05  3.082236E-03  3.452581E-03
 5.625000E-01  2.088475E-03  1.066169E-01  4.366306E-05  2.493784E-03  2.697859E-03
 7.500000E-01  4.185393E-03  2.951563E-01  1.208751E-04  1.815592E-03  1.766674E-03
 r/a           (a/cs)/t_ii   (a/cs)/t_ee   (a/cs)nu_exch rho_i/a       rho_s/a
 0.000000E+00  6.756671E-04  2.539456E-02  1.040602E-05  3.819953E-03  4.558563E-03
 1.875000E-01  8.167123E-04  3.268935E-02  1.339322E-05  3.571302E-03  4.176467E-03
 3.750000E-01  1.235456E-03  5.556503E-02  2.276085E-05  3.069749E-03  3.458755E-03
 5.625000E-01  1.981829E-03  1.025500E-01  4.200265E-05  2.528229E-03  2.722896E-03
 7.500000E-01  4.185393E-03  2.951563E-01  1.208751E-04  1.815592E-03  1.766674E-03
 r/a           (a/cs)/t_ii   (a/cs)/t_ee   (a/cs)nu_exch rho_i/a       rho_s/a
 0.000000E+00  6.380574E-04  2.200782E-02  9.015327E-06  3.758269E-03  4.623733E-03
 1.875000E-01  7.741031E-04  2.865638E-02  1.173809E-05  3.520070E-03  4.232400E-03
 3.750000E-01  1.188293E-03  5.093075E-02  2.086055E-05  3.040494E-03  3.485722E-03
 5.625000E-01  1.928555E-03  9.768890E-02  4.001027E-05  2.521377E-03  2.736763E-03
 7.500000E-01  4.185393E-03  2.951563E-01  1.208751E-04  1.815592E-03  1.766674E-03
 r/a           (a/cs)/t_ii   (a/cs)/t_ee   (a/cs)nu_exch rho_i/a       rho_s/a
 0.000000E+00  6.090350E-04  2.162305E-02  8.857244E-06  3.770837E-03  4.598539E-03
 1.875000E-01  7.456550E-04  2.852729E-02  1.168459E-05  3.523492E-03  4.193980E-03
 3.750000E-01  1.163830E-03  5.089979E-02  2.084757E-05  3.037003E-03  3.460647E-03
 5.625000E-01  1.915281E-03  9.683871E-02  3.966201E-05  2.518993E-03  2.736449E-03
 7.500000E-01  4.185393E-03  2.951563E-01  1.208751E-04  1.815592E-03  1.766674E-03
 r/a           (a/cs)/t_ii   (a/cs)/t_ee   (a/cs)nu_exch rho_i/a       rho_s/a
 0.000000E+00  6.145170E-04  2.199357E-02  9.008323E-06  3.753079E-03  4.565829E-03
 1.875000E-01  7.509014E-04  2.884241E-02  1.181306E-05  3.505578E-03  4.168397E-03
 3.750000E-01  1.163308E-03  5.097539E-02  2.087846E-05  3.030138E-03  3.451332E-03
 5.625000E-01  1.910309E-03  9.685587E-02  3.966904E-05  2.520095E-03  2.735216E-03
 7.500000E-01  4.185393E-03  2.951563E-01  1.208751E-04  1.815592E-03  1.766674E-03
 r/a           (a/cs)/t_ii   (a/cs)/t_ee   (a/cs)nu_exch rho_i/a       rho_s/a
 0.000000E+00  6.161608E-04  2.211888E-02  9.059781E-06  3.755520E-03  4.563800E-03
 1.875000E-01  7.530439E-04  2.901516E-02  1.188390E-05  3.507330E-03  4.165797E-03
 3.750000E-01  1.164881E-03  5.113048E-02  2.094197E-05  3.030704E-03  3.449919E-03
 5.625000E-01  1.909994E-03  9.684862E-02  3.966607E-05  2.520129E-03  2.735180E-03
 7.500000E-01  4.185393E-03  2.951563E-01  1.208751E-04  1.815592E-03  1.766674E-03
 r/a           (a/cs)/t_ii   (a/cs)/t_ee   (a/cs)nu_exch rho_i/a       rho_s/a
 0.000000E+00  6.158047E-04  2.211134E-02  9.056706E-06  3.755565E-03  4.563547E-03
 1.875000E-01  7.526645E-04  2.900700E-02  1.188057E-05  3.507331E-03  4.165537E-03
 3.750000E-01  1.164622E-03  5.112399E-02  2.093931E-05  3.030680E-03  3.449803E-03
 5.625000E-01  1.909992E-03  9.684771E-02  3.966570E-05  2.520121E-03  2.735179E-03
 7.500000E-01  4.185393E-03  2.951563E-01  1.208751E-04  1.815592E-03  1.766674E-03
 r/a           (a/cs)/t_ii   (a/cs)/t_ee   (a/cs)nu_exch rho_i/a       rho_s/a
 0.000000E+00  6.162640E-04  2.213283E-02  9.065486E-06  3.755688E-03  4.563283E-03
 1.875000E-01  7.532266E-04  2.903450E-02  1.189182E-05  3.507451E-03  4.165331E-03
 3.750000E-01  1.165036E-03  5.114781E-02  2.094906E-05  3.030747E-03  3.449721E-03
 5.625000E-01  1.909950E-03  9.684847E-02  3.966601E-05  2.520134E-03  2.735166E-03
 7.500000E-01  4.185393E-03  2.951563E-01  1.208751E-04  1.815592E-03  1.766674E-03
