 r/a           p_alpha       p_brem        p_exch        p_i_aux       p_e_aux       p_i           p_e
               (MW)          (MW)          (MW)          (MW)          (MW)          (MW)          (MW)
 0.000000E+00  0.000000E+00  0.000000E+00  0.000000E+00  0.000000E+00  0.000000E+00  0.000000E+00  0.000000E+00
 1.875000E-01  7.566506E-06 -5.453582E-04  1.884993E-02  0.000000E+00  0.000000E+00  2.088146E-01  9.636629E-02
 3.750000E-01  1.671836E-05 -1.737936E-03  6.644816E-02  0.000000E+00  0.000000E+00  6.048146E-01  3.365669E-01
 5.625000E-01  1.845584E-05 -2.905905E-03  1.197485E-01  0.000000E+00  0.000000E+00  9.387341E-01  7.166727E-01
 7.500000E-01  1.861907E-05 -3.793106E-03  1.347294E-01  0.000000E+00  0.000000E+00  1.111509E+00  1.151549E+00
 r/a           p_alpha       p_brem        p_exch        p_i_aux       p_e_aux       p_i           p_e
               (MW)          (MW)          (MW)          (MW)          (MW)          (MW)          (MW)
 0.000000E+00  0.000000E+00  0.000000E+00  0.000000E+00  0.000000E+00  0.000000E+00  0.000000E+00  0.000000E+00
 1.875000E-01  7.039306E-06 -5.142078E-04  1.597460E-02  0.000000E+00  0.000000E+00  2.059393E-01  9.924162E-02
 3.750000E-01  1.599812E-05 -1.678770E-03  5.556882E-02  0.000000E+00  0.000000E+00  5.939353E-01  3.474463E-01
 5.625000E-01  1.816132E-05 -2.895066E-03  1.002686E-01  0.000000E+00  0.000000E+00  9.192542E-01  7.361526E-01
 7.500000E-01  1.841611E-05 -3.827457E-03  1.117776E-01  0.000000E+00  0.000000E+00  1.088558E+00  1.174501E+00
 r/a           p_alpha       p_brem        p_exch        p_i_aux       p_e_aux       p_i           p_e
               (MW)          (MW)          (MW)          (MW)          (MW)          (MW)          (MW)
 0.000000E+00  0.000000E+00  0.000000E+00  0.000000E+00  0.000000E+00  0.000000E+00  0.000000E+00  0.000000E+00
 1.875000E-01  4.753672E-06 -4.492986E-04  1.617191E-02  0.000000E+00  0.000000E+00  2.061366E-01  9.904431E-02
 3.750000E-01  1.121058E-05 -1.506703E-03  5.539258E-02  0.000000E+00  0.000000E+00  5.937590E-01  3.476225E-01
 5.625000E-01  1.320248E-05 -2.682323E-03  9.812464E-02  0.000000E+00  0.000000E+00  9.171102E-01  7.382966E-01
 7.500000E-01  1.350225E-05 -3.616289E-03  1.082368E-01  0.000000E+00  0.000000E+00  1.085017E+00  1.178042E+00
 r/a           p_alpha       p_brem        p_exch        p_i_aux       p_e_aux       p_i           p_e
               (MW)          (MW)          (MW)          (MW)          (MW)          (MW)          (MW)
 0.000000E+00  0.000000E+00  0.000000E+00  0.000000E+00  0.000000E+00  0.000000E+00  0.000000E+00  0.000000E+00
 1.875000E-01  3.414027E-06 -3.859474E-04  1.557507E-02  0.000000E+00  0.000000E+00  2.055398E-01  9.964115E-02
 3.750000E-01  8.171793E-06 -1.316704E-03  5.411578E-02  0.000000E+00  0.000000E+00  5.924822E-01  3.488993E-01
 5.625000E-01  9.777115E-06 -2.398862E-03  9.734611E-02  0.000000E+00  0.000000E+00  9.163317E-01  7.390752E-01
 7.500000E-01  1.004980E-05 -3.302662E-03  1.080396E-01  0.000000E+00  0.000000E+00  1.084820E+00  1.178239E+00
 r/a           p_alpha       p_brem        p_exch        p_i_aux       p_e_aux       p_i           p_e
               (MW)          (MW)          (MW)          (MW)          (MW)          (MW)          (MW)
 0.000000E+00  0.000000E+00  0.000000E+00  0.000000E+00  0.000000E+00  0.000000E+00  0.000000E+00  0.000000E+00
 1.875000E-01  3.160748E-06 -3.522405E-04  1.381550E-02  0.000000E+00  0.000000E+00  2.037802E-01  1.014007E-01
 3.750000E-01  7.566373E-06 -1.214375E-03  4.859009E-02  0.000000E+00  0.000000E+00  5.869565E-01  3.544250E-01
 5.625000E-01  9.064490E-06 -2.251456E-03  8.962643E-02  0.000000E+00  0.000000E+00  9.086120E-01  7.467948E-01
 7.500000E-01  9.328831E-06 -3.145094E-03  1.001325E-01  0.000000E+00  0.000000E+00  1.076912E+00  1.186146E+00
 r/a           p_alpha       p_brem        p_exch        p_i_aux       p_e_aux       p_i           p_e
               (MW)          (MW)          (MW)          (MW)          (MW)          (MW)          (MW)
 0.000000E+00  0.000000E+00  0.000000E+00  0.000000E+00  0.000000E+00  0.000000E+00  0.000000E+00  0.000000E+00
 1.875000E-01  2.908345E-06 -3.410112E-04  1.346793E-02  0.000000E+00  0.000000E+00  2.034326E-01  1.017483E-01
 3.750000E-01  7.005275E-06 -1.181223E-03  4.750540E-02  0.000000E+00  0.000000E+00  5.858718E-01  3.555097E-01
 5.625000E-01  8.447641E-06 -2.205669E-03  8.789856E-02  0.000000E+00  0.000000E+00  9.068841E-01  7.485227E-01
 7.500000E-01  8.712524E-06 -3.097365E-03  9.815100E-02  0.000000E+00  0.000000E+00  1.074931E+00  1.188127E+00
 r/a           p_alpha       p_brem        p_exch        p_i_aux       p_e_aux       p_i           p_e
               (MW)          (MW)          (MW)          (MW)          (MW)          (MW)          (MW)
 0.000000E+00  0.000000E+00  0.000000E+00  0.000000E+00  0.000000E+00  0.000000E+00  0.000000E+00  0.000000E+00
 1.875000E-01  2.947095E-06 -3.433056E-04  1.349922E-02  0.000000E+00  0.000000E+00  2.034639E-01  1.017170E-01
 3.750000E-01  7.089200E-06 -1.187105E-03  4.755331E-02  0.000000E+00  0.000000E+00  5.859198E-01  3.554618E-01
 5.625000E-01  8.537965E-06 -2.212700E-03  8.792091E-02  0.000000E+00  0.000000E+00  9.069065E-01  7.485004E-01
 7.500000E-01  8.802822E-06 -3.104253E-03  9.816247E-02  0.000000E+00  0.000000E+00  1.074942E+00  1.188116E+00
 r/a           p_alpha       p_brem        p_exch        p_i_aux       p_e_aux       p_i           p_e
               (MW)          (MW)          (MW)          (MW)          (MW)          (MW)          (MW)
 0.000000E+00  0.000000E+00  0.000000E+00  0.000000E+00  0.000000E+00  0.000000E+00  0.000000E+00  0.000000E+00
 1.875000E-01  2.943721E-06 -3.429136E-04  1.348151E-02  0.000000E+00  0.000000E+00  2.034462E-01  1.017347E-01
 3.750000E-01  7.081663E-06 -1.186038E-03  4.750414E-02  0.000000E+00  0.000000E+00  5.858706E-01  3.555109E-01
 5.625000E-01  8.529622E-06 -2.211339E-03  8.785827E-02  0.000000E+00  0.000000E+00  9.068438E-01  7.485630E-01
 7.500000E-01  8.794461E-06 -3.102879E-03  9.810010E-02  0.000000E+00  0.000000E+00  1.074880E+00  1.188178E+00
 r/a           p_alpha       p_brem        p_exch        p_i_aux       p_e_aux       p_i           p_e
               (MW)          (MW)          (MW)          (MW)          (MW)          (MW)          (MW)
 0.000000E+00  0.000000E+00  0.000000E+00  0.000000E+00  0.000000E+00  0.000000E+00  0.000000E+00  0.000000E+00
 1.875000E-01  2.949707E-06 -3.434324E-04  1.349731E-02  0.000000E+00  0.000000E+00  2.034620E-01  1.017189E-01
 3.750000E-01  7.094929E-06 -1.187451E-03  4.754550E-02  0.000000E+00  0.000000E+00  5.859119E-01  3.554696E-01
 5.625000E-01  8.544192E-06 -2.213114E-03  8.790690E-02  0.000000E+00  0.000000E+00  9.068925E-01  7.485144E-01
 7.500000E-01  8.809043E-06 -3.104642E-03  9.814625E-02  0.000000E+00  0.000000E+00  1.074926E+00  1.188132E+00
