 r/a           ni            ne            ti            te            ti/te         betae_unit    M=wR/cs
               (1/cm^3)      (1/cm^3)      (keV)         (keV)                                     
 0.000000E+00  3.209114E+13  3.366493E+13  1.933085E+00  2.662898E+00  7.259328E-01  5.044959E-03  3.032057E-01
 1.875000E-01  2.980039E+13  3.135594E+13  1.692379E+00  2.334011E+00  7.250946E-01  4.039070E-03  2.788811E-01
 3.750000E-01  2.461326E+13  2.610527E+13  1.208933E+00  1.631049E+00  7.411998E-01  2.253969E-03  2.864020E-01
 5.625000E-01  1.972862E+13  2.109623E+13  8.323760E-01  1.016287E+00  8.190363E-01  1.044690E-03  2.811937E-01
 7.500000E-01  1.622406E+13  1.739499E+13  5.754558E-01  5.448646E-01  1.056145E+00  3.760784E-04  2.174720E-01
 r/a           ni            ne            ti            te            ti/te         betae_unit    M=wR/cs
               (1/cm^3)      (1/cm^3)      (keV)         (keV)                                     
 0.000000E+00  3.138552E+13  3.296128E+13  1.904404E+00  2.547577E+00  7.475355E-01  4.725599E-03  3.099923E-01
 1.875000E-01  2.939354E+13  3.095116E+13  1.678062E+00  2.185688E+00  7.677499E-01  3.733565E-03  2.881883E-01
 3.750000E-01  2.496981E+13  2.646216E+13  1.243140E+00  1.559825E+00  7.969737E-01  2.185014E-03  2.928677E-01
 5.625000E-01  2.052649E+13  2.189406E+13  8.840823E-01  1.034697E+00  8.544358E-01  1.103839E-03  2.786809E-01
 7.500000E-01  1.622406E+13  1.739499E+13  5.754558E-01  5.448646E-01  1.056145E+00  3.760784E-04  2.174720E-01
 r/a           ni            ne            ti            te            ti/te         betae_unit    M=wR/cs
               (1/cm^3)      (1/cm^3)      (keV)         (keV)                                     
 0.000000E+00  2.886306E+13  3.042244E+13  1.796105E+00  2.557830E+00  7.021987E-01  4.379164E-03  3.093704E-01
 1.875000E-01  2.737654E+13  2.891991E+13  1.600795E+00  2.189276E+00  7.311981E-01  3.494268E-03  2.879521E-01
 3.750000E-01  2.408202E+13  2.556535E+13  1.233088E+00  1.565409E+00  7.877098E-01  2.118519E-03  2.923450E-01
 5.625000E-01  2.045862E+13  2.182347E+13  9.086729E-01  1.053991E+00  8.621259E-01  1.120797E-03  2.761184E-01
 7.500000E-01  1.622406E+13  1.739499E+13  5.754558E-01  5.448646E-01  1.056145E+00  3.760784E-04  2.174720E-01
 r/a           ni            ne            ti            te            ti/te         betae_unit    M=wR/cs
               (1/cm^3)      (1/cm^3)      (keV)         (keV)                                     
 0.000000E+00  2.620982E+13  2.777985E+13  1.738567E+00  2.631487E+00  6.606786E-01  4.113926E-03  3.050099E-01
 1.875000E-01  2.507506E+13  2.662592E+13  1.555196E+00  2.248309E+00  6.917180E-01  3.303842E-03  2.841466E-01
 3.750000E-01  2.261839E+13  2.410448E+13  1.209697E+00  1.589915E+00  7.608565E-01  2.028731E-03  2.900832E-01
 5.625000E-01  1.981595E+13  2.118167E+13  9.037545E-01  1.064754E+00  8.487920E-01  1.098944E-03  2.747193E-01
 7.500000E-01  1.622406E+13  1.739499E+13  5.754558E-01  5.448646E-01  1.056145E+00  3.760784E-04  2.174720E-01
 r/a           ni            ne            ti            te            ti/te         betae_unit    M=wR/cs
               (1/cm^3)      (1/cm^3)      (keV)         (keV)                                     
 0.000000E+00  2.511786E+13  2.668932E+13  1.750215E+00  2.602888E+00  6.724126E-01  3.909474E-03  3.066810E-01
 1.875000E-01  2.400074E+13  2.555291E+13  1.558221E+00  2.207676E+00  7.058196E-01  3.113395E-03  2.867496E-01
 3.750000E-01  2.191728E+13  2.340365E+13  1.206920E+00  1.567123E+00  7.701505E-01  1.941509E-03  2.921851E-01
 5.625000E-01  1.961587E+13  2.098163E+13  9.020461E-01  1.064510E+00  8.473819E-01  1.088316E-03  2.747509E-01
 7.500000E-01  1.622406E+13  1.739499E+13  5.754558E-01  5.448646E-01  1.056145E+00  3.760784E-04  2.174720E-01
 r/a           ni            ne            ti            te            ti/te         betae_unit    M=wR/cs
               (1/cm^3)      (1/cm^3)      (keV)         (keV)                                     
 0.000000E+00  2.482308E+13  2.639656E+13  1.733768E+00  2.565991E+00  6.756721E-01  3.811780E-03  3.088780E-01
 1.875000E-01  2.366589E+13  2.521934E+13  1.542417E+00  2.180825E+00  7.072632E-01  3.035380E-03  2.885095E-01
 3.750000E-01  2.170170E+13  2.318816E+13  1.201471E+00  1.558697E+00  7.708173E-01  1.913290E-03  2.929737E-01
 5.625000E-01  1.958193E+13  2.094767E+13  9.028354E-01  1.063551E+00  8.488881E-01  1.085576E-03  2.748747E-01
 7.500000E-01  1.622406E+13  1.739499E+13  5.754558E-01  5.448646E-01  1.056145E+00  3.760784E-04  2.174720E-01
 r/a           ni            ne            ti            te            ti/te         betae_unit    M=wR/cs
               (1/cm^3)      (1/cm^3)      (keV)         (keV)                                     
 0.000000E+00  2.493145E+13  2.650452E+13  1.736024E+00  2.563710E+00  6.771532E-01  3.823968E-03  3.090154E-01
 1.875000E-01  2.375868E+13  2.531194E+13  1.543959E+00  2.178104E+00  7.088543E-01  3.042725E-03  2.886896E-01
 3.750000E-01  2.173647E+13  2.322293E+13  1.201920E+00  1.557421E+00  7.717371E-01  1.914591E-03  2.930937E-01
 5.625000E-01  1.957919E+13  2.094494E+13  9.028602E-01  1.063522E+00  8.489340E-01  1.085405E-03  2.748783E-01
 7.500000E-01  1.622406E+13  1.739499E+13  5.754558E-01  5.448646E-01  1.056145E+00  3.760784E-04  2.174720E-01
 r/a           ni            ne            ti            te            ti/te         betae_unit    M=wR/cs
               (1/cm^3)      (1/cm^3)      (keV)         (keV)                                     
 0.000000E+00  2.491629E+13  2.648932E+13  1.736066E+00  2.563426E+00  6.772447E-01  3.821352E-03  3.090325E-01
 1.875000E-01  2.374504E+13  2.529827E+13  1.543960E+00  2.177833E+00  7.089432E-01  3.040703E-03  2.887076E-01
 3.750000E-01  2.173029E+13  2.321676E+13  1.201901E+00  1.557316E+00  7.717769E-01  1.913953E-03  2.931036E-01
 5.625000E-01  1.957897E+13  2.094471E+13  9.028541E-01  1.063522E+00  8.489288E-01  1.085393E-03  2.748784E-01
 7.500000E-01  1.622406E+13  1.739499E+13  5.754558E-01  5.448646E-01  1.056145E+00  3.760784E-04  2.174720E-01
 r/a           ni            ne            ti            te            ti/te         betae_unit    M=wR/cs
               (1/cm^3)      (1/cm^3)      (keV)         (keV)                                     
 0.000000E+00  2.493664E+13  2.650974E+13  1.736180E+00  2.563129E+00  6.773675E-01  3.823855E-03  3.090504E-01
 1.875000E-01  2.376476E+13  2.531803E+13  1.544066E+00  2.177618E+00  7.090618E-01  3.042777E-03  2.887219E-01
 3.750000E-01  2.173927E+13  2.322574E+13  1.201953E+00  1.557243E+00  7.718470E-01  1.914603E-03  2.931105E-01
 5.625000E-01  1.957876E+13  2.094450E+13  9.028636E-01  1.063512E+00  8.489454E-01  1.085372E-03  2.748797E-01
 7.500000E-01  1.622406E+13  1.739499E+13  5.754558E-01  5.448646E-01  1.056145E+00  3.760784E-04  2.174720E-01
