 r/a           ni            a/Lni         Ti            a/LTi
               (1/cm^3)                    (keV)         
 0.000000E+00  2.622531E+11  0.000000E+00  1.933085E+00  0.000000E+00
 1.875000E-01  2.587970E+11  1.415043E-01  1.692379E+00  1.418474E+00
 3.750000E-01  2.477951E+11  3.218780E-01  1.208933E+00  2.169760E+00
 5.625000E-01  2.276778E+11  5.812745E-01  8.323760E-01  1.811138E+00
 7.500000E-01  1.951553E+11  1.062842E+00  5.754558E-01  2.126161E+00
 r/a           ni            a/Lni         Ti            a/LTi
               (1/cm^3)                    (keV)         
 0.000000E+00  2.622531E+11  0.000000E+00  1.904404E+00  0.000000E+00
 1.875000E-01  2.587970E+11  1.415043E-01  1.678062E+00  1.349652E+00
 3.750000E-01  2.477951E+11  3.218780E-01  1.243140E+00  1.850340E+00
 5.625000E-01  2.276778E+11  5.812745E-01  8.840823E-01  1.785345E+00
 7.500000E-01  1.951553E+11  1.062842E+00  5.754558E-01  2.794790E+00
 r/a           ni            a/Lni         Ti            a/LTi
               (1/cm^3)                    (keV)         
 0.000000E+00  2.622531E+11  0.000000E+00  1.796105E+00  0.000000E+00
 1.875000E-01  2.587970E+11  1.415043E-01  1.600795E+00  1.227950E+00
 3.750000E-01  2.477951E+11  3.218780E-01  1.233088E+00  1.555824E+00
 5.625000E-01  2.276778E+11  5.812745E-01  9.086729E-01  1.700619E+00
 7.500000E-01  1.951553E+11  1.062842E+00  5.754558E-01  3.172157E+00
 r/a           ni            a/Lni         Ti            a/LTi
               (1/cm^3)                    (keV)         
 0.000000E+00  2.622531E+11  0.000000E+00  1.738567E+00  0.000000E+00
 1.875000E-01  2.587970E+11  1.415043E-01  1.555196E+00  1.188906E+00
 3.750000E-01  2.477951E+11  3.218780E-01  1.209697E+00  1.490897E+00
 5.625000E-01  2.276778E+11  5.812745E-01  9.037545E-01  1.619155E+00
 7.500000E-01  1.951553E+11  1.062842E+00  5.754558E-01  3.195728E+00
 r/a           ni            a/Lni         Ti            a/LTi
               (1/cm^3)                    (keV)         
 0.000000E+00  2.622531E+11  0.000000E+00  1.750215E+00  0.000000E+00
 1.875000E-01  2.587970E+11  1.415043E-01  1.558221E+00  1.239401E+00
 3.750000E-01  2.477951E+11  3.218780E-01  1.206920E+00  1.485642E+00
 5.625000E-01  2.276778E+11  5.812745E-01  9.020461E-01  1.620083E+00
 7.500000E-01  1.951553E+11  1.062842E+00  5.754558E-01  3.174618E+00
 r/a           ni            a/Lni         Ti            a/LTi
               (1/cm^3)                    (keV)         
 0.000000E+00  2.622531E+11  0.000000E+00  1.733768E+00  0.000000E+00
 1.875000E-01  2.587970E+11  1.415043E-01  1.542417E+00  1.247429E+00
 3.750000E-01  2.477951E+11  3.218780E-01  1.201471E+00  1.417152E+00
 5.625000E-01  2.276778E+11  5.812745E-01  9.028354E-01  1.630969E+00
 7.500000E-01  1.951553E+11  1.062842E+00  5.754558E-01  3.173062E+00
 r/a           ni            a/Lni         Ti            a/LTi
               (1/cm^3)                    (keV)         
 0.000000E+00  2.622531E+11  0.000000E+00  1.736024E+00  0.000000E+00
 1.875000E-01  2.587970E+11  1.415043E-01  1.543959E+00  1.250645E+00
 3.750000E-01  2.477951E+11  3.218780E-01  1.201920E+00  1.420606E+00
 5.625000E-01  2.276778E+11  5.812745E-01  9.028602E-01  1.631208E+00
 7.500000E-01  1.951553E+11  1.062842E+00  5.754558E-01  3.173116E+00
 r/a           ni            a/Lni         Ti            a/LTi
               (1/cm^3)                    (keV)         
 0.000000E+00  2.622531E+11  0.000000E+00  1.736066E+00  0.000000E+00
 1.875000E-01  2.587970E+11  1.415043E-01  1.543960E+00  1.250896E+00
 3.750000E-01  2.477951E+11  3.218780E-01  1.201901E+00  1.420530E+00
 5.625000E-01  2.276778E+11  5.812745E-01  9.028541E-01  1.631187E+00
 7.500000E-01  1.951553E+11  1.062842E+00  5.754558E-01  3.173064E+00
 r/a           ni            a/Lni         Ti            a/LTi
               (1/cm^3)                    (keV)         
 0.000000E+00  2.622531E+11  0.000000E+00  1.736180E+00  0.000000E+00
 1.875000E-01  2.587970E+11  1.415043E-01  1.544066E+00  1.250864E+00
 3.750000E-01  2.477951E+11  3.218780E-01  1.201953E+00  1.420827E+00
 5.625000E-01  2.276778E+11  5.812745E-01  9.028636E-01  1.631244E+00
 7.500000E-01  1.951553E+11  1.062842E+00  5.754558E-01  3.173119E+00
