 ITERATION :   0 3.43232E+01  [   4]
 0.187500   7.558E-03  1.000E+00    3.277E-01  1.000E+00    1.407E-02  1.000E+00
 0.375000   5.596E-04  1.000E+00    1.057E-02  1.000E+00    2.440E+01  1.000E+00
 0.562500   1.359E-04  1.000E+00    1.050E-02  1.000E+00    8.570E+00  1.000E+00
 0.750000   3.113E-01  1.000E+00    6.242E-01  1.000E+00    4.820E-02  1.000E+00
 ITERATION :   1 1.70533E+00  [  32]
 0.187500   7.724E-03  7.500E-01    3.013E-03  7.500E-01    1.001E-02  7.500E-01
 0.375000   1.853E-03  7.500E-01    1.831E-03  7.500E-01    1.602E-01  7.500E-01
 0.562500   7.260E-05  7.500E-01    1.131E-01  7.500E-01    8.959E-01  7.500E-01
 0.750000   4.670E-02  7.500E-01    1.055E-01  7.500E-01    3.594E-01  7.500E-01
 ITERATION :   2 1.14865E-01  [  64]
 0.187500   7.762E-04  1.000E+00    2.651E-02  1.000E+00    3.149E-04  1.000E+00
 0.375000   2.070E-04  1.000E+00    8.027E-06  1.000E+00    4.380E-02  1.000E+00
 0.562500   1.353E-06  1.000E+00    6.706E-05  1.000E+00    1.483E-02  1.000E+00
 0.750000   3.531E-04  1.000E+00    1.921E-02  1.000E+00    8.798E-03  1.000E+00
 ITERATION :   3 2.54470E-02  [  96]
 0.187500   6.693E-06  1.000E+00    4.711E-03  1.000E+00    1.758E-05  1.000E+00
 0.375000   3.097E-05  1.000E+00    1.272E-04  1.000E+00    3.445E-04  1.000E+00
 0.562500   4.222E-06  1.000E+00    9.431E-04  1.000E+00    7.992E-03  1.000E+00
 0.750000   1.107E-02  1.000E+00    1.556E-04  1.000E+00    4.436E-05  1.000E+00
 ITERATION :   4 2.25561E-04  [ 128]
 0.187500   7.114E-05  1.000E+00    1.229E-06  1.000E+00    1.746E-07  1.000E+00
 0.375000   2.603E-05  1.000E+00    4.286E-05  1.000E+00    1.506E-08  1.000E+00
 0.562500   2.725E-07  1.000E+00    2.148E-08  1.000E+00    3.226E-06  1.000E+00
 0.750000   7.807E-05  1.000E+00    2.452E-06  1.000E+00    8.191E-08  1.000E+00
 ITERATION :   5 3.55145E-06  [ 160]
 0.187500   2.768E-08  7.500E-01    6.792E-08  7.500E-01    1.065E-08  7.500E-01
 0.375000   3.684E-08  7.500E-01    7.277E-07  7.500E-01    3.850E-07  7.500E-01
 0.562500   3.793E-09  7.500E-01    4.138E-10  7.500E-01    1.692E-06  7.500E-01
 0.750000   3.844E-07  7.500E-01    1.936E-07  7.500E-01    2.157E-08  7.500E-01
 ITERATION :   6 1.20291E-06  [ 192]
 0.187500   3.837E-09  5.000E-01    1.764E-08  5.000E-01    3.097E-09  5.000E-01
 0.375000   6.897E-09  5.000E-01    3.307E-07  5.000E-01    7.864E-08  5.000E-01
 0.562500   9.201E-10  5.000E-01    6.731E-10  5.000E-01    3.469E-07  5.000E-01
 0.750000   3.540E-07  5.000E-01    5.506E-08  5.000E-01    4.502E-09  5.000E-01
 ITERATION :   7 1.13637E-06  [ 224]
 0.187500   1.472E-09  1.000E-01    1.591E-09  1.000E-01    2.494E-09  1.000E-01
 0.375000   4.170E-09  1.000E-01    3.759E-07  1.000E-01    5.556E-08  1.000E-01
 0.562500   6.838E-10  1.000E-01    4.679E-10  1.000E-01    2.577E-07  1.000E-01
 0.750000   3.888E-07  1.000E-01    4.444E-08  1.000E-01    3.054E-09  1.000E-01
 ITERATION :   8 9.76813E-07  [ 256]
 0.187500   1.379E-09  1.000E-01    1.641E-09  1.000E-01    2.054E-09  1.000E-01
 0.375000   3.588E-09  1.000E-01    3.200E-07  1.000E-01    4.462E-08  1.000E-01
 0.562500   5.704E-10  1.000E-01    4.546E-10  1.000E-01    2.061E-07  1.000E-01
 0.750000   3.574E-07  1.000E-01    3.653E-08  1.000E-01    2.490E-09  1.000E-01
