-2.97685124E-18 -3.58227330E-18 -3.81148130E-11  0.00000000E+00
-8.04274724E-17  4.75047184E-01  4.10787127E-12  2.88012905E-01
 2.01135314E-16  8.78256575E-01  5.21476800E-11  5.20712726E-01
 2.35235731E-16  1.17834938E+00  9.68012899E-11  6.83558445E-01
-1.15654443E-16  1.38222573E+00  1.37900881E-10  7.86692096E-01
 1.87045204E-16  1.51253391E+00  1.72334443E-10  8.48675834E-01
-1.01942109E-16  1.59137139E+00  1.98136186E-10  8.84416463E-01
-1.59942408E-16  1.63561074E+00  2.14974538E-10  9.03139379E-01
 5.55201862E-17  1.65734730E+00  2.22910875E-10  9.10628133E-01
 3.89797786E-16  1.66505071E+00  2.22701559E-10  9.10967832E-01
-3.96447559E-16  1.66449674E+00  2.15681987E-10  9.07066486E-01
 1.25135001E-17  1.65955836E+00  2.02988870E-10  9.00975865E-01
-4.16640825E-16  1.65277262E+00  1.85550402E-10  8.94253263E-01
 3.60497222E-16  1.64566897E+00  1.64350523E-10  8.87977266E-01
-5.98380214E-16  1.63905741E+00  1.40164284E-10  8.82699698E-01
-1.70852192E-16  1.63331212E+00  1.13402590E-10  8.78614532E-01
 4.10280172E-17  1.62855723E+00  8.43571973E-11  8.75734717E-01
 2.89382595E-16  1.62476272E+00  5.35412818E-11  8.73961477E-01
 7.10513824E-17  1.62180148E+00  2.18637912E-11  8.73118933E-01
-1.94785955E-16  1.61948638E+00 -9.46380778E-12  8.72983044E-01
 2.03387293E-16  1.61760037E+00 -3.93188242E-11  8.73299321E-01
 5.58996570E-17  1.61593260E+00 -6.71185970E-11  8.73803918E-01
-1.80700362E-20  1.61431878E+00 -9.30095750E-11  8.74262762E-01
 4.44866221E-16  1.61267045E+00 -1.17655673E-10  8.74515756E-01
-2.26525974E-16  1.61097983E+00 -1.41789120E-10  8.74498151E-01
 4.89679911E-16  1.60930113E+00 -1.65796240E-10  8.74229242E-01
-9.05670215E-17  1.60771955E+00 -1.89559621E-10  8.73781117E-01
-1.31549864E-16  1.60632064E+00 -2.12566776E-10  8.73244359E-01
 4.75241952E-17  1.60516819E+00 -2.34160415E-10  8.72701473E-01
-1.57968257E-16  1.60429420E+00 -2.53786874E-10  8.72212473E-01
 1.79525810E-16  1.60369939E+00 -2.71134225E-10  8.71811885E-01
 1.70707632E-16  1.60335989E+00 -2.86153646E-10  8.71512873E-01
-1.32326875E-16  1.60323585E+00 -2.98998469E-10  8.71313625E-01
 1.44352484E-16  1.60327933E+00 -3.09937729E-10  8.71202923E-01
