 1.45098669E-01
 1.45098669E-01
 1.45894471E-01
 1.47783661E-01
 1.50549055E-01
 1.53721827E-01
 1.56875005E-01
 1.59775882E-01
 1.62339908E-01
 1.64577151E-01
 1.66552575E-01
 1.68333460E-01
 1.69950132E-01
 1.71405441E-01
 1.72703533E-01
 1.73857580E-01
 1.74882900E-01
 1.75791949E-01
 1.76592632E-01
 1.77288879E-01
 1.77883379E-01
 1.78380464E-01
 1.78787199E-01
 1.79112929E-01
 1.79368538E-01
 1.79565836E-01
 1.79716600E-01
 1.79831265E-01
 1.79917942E-01
 1.79982211E-01
 1.80027629E-01
 1.80056529E-01
 1.80070750E-01
 1.80072117E-01
