  7.514560129476547E-01
  1.384573119529956E+00
  1.844498210755769E+00
  2.149434111632841E+00
  2.340709991073886E+00
  2.454918270126868E+00
  2.517785374915047E+00
  2.547009083055224E+00
  2.555073845903296E+00
  2.550633179056765E+00
  2.539613487534533E+00
  2.526121953495024E+00
  2.512763523009304E+00
  2.500890176535662E+00
  2.491067283043914E+00
  2.483432846313739E+00
  2.477858088328667E+00
  2.474038986575138E+00
  2.471562429259738E+00
  2.469954446940885E+00
  2.468739297906211E+00
  2.467521107401731E+00
  2.466057468412792E+00
  2.464283529624094E+00
  2.462279392407445E+00
  2.460206392521772E+00
  2.458241763801874E+00
  2.456530581792264E+00
  2.455162296570675E+00
  2.454169169697957E+00
  2.453537758764188E+00
  2.453224170820179E+00
  2.453167546964085E+00
