 gyro_alloc_distrib:

  0.059 MB   omega_d1
  0.059 MB   omega_dr
  0.059 MB   omega_star_v
  0.001 MB   omega_star_t
  0.001 MB   omega_star_n
  0.003 MB   v_theta
  0.003 MB   v_theta
  0.059 MB   v_tor_z
  0.059 MB   v_tor_y
  0.029 MB   v_tor_dr_y
  0.000 MB   mu_root
  0.059 MB   v_para
  0.000 MB   nek_n
  0.000 MB   nek_e
  0.000 MB   nek_k
  0.000 MB   ine_i
  0.000 MB   ine_n
  0.000 MB   ine_e
  0.193 MB   cs_blend
  0.193 MB   c_blend
  0.193 MB   cs_blend_prime
  0.352 MB   o_f
  0.352 MB   o_fv
  1.172 MB   o_advect
  0.026 MB   imp
  0.193 MB   w_gyro
  0.001 MB   z_gyro
  0.193 MB   w_gyro_rot
  0.193 MB   w_gyro_aperp

 gyro_alloc_big:

  0.001 MB   c0_phi
  0.001 MB   c0_a
  0.001 MB   c0_aperp
  0.001 MB   c0_phi_dot
  0.001 MB   c0_a_dot
  0.001 MB   c0_phi_old
  0.001 MB   c0_a_old
  0.000 MB   phi_squared
  0.000 MB   g_squared
  0.000 MB   phi_fluxave
  0.000 MB   a_fluxave
  0.000 MB   aperp_fluxave
  0.117 MB   h_err
  0.117 MB   h
  0.117 MB   h_old
  0.117 MB   h_0
  0.117 MB   RHS
  0.059 MB   RHS_dr
  0.059 MB   RHS_dt
  0.117 MB   f_store
  0.117 MB   p_store
  0.117 MB   h_M
  0.117 MB   gyro_h
  0.117 MB   gyro_h_aperp
  0.059 MB   phi_tau
  0.059 MB   a_tau
  0.059 MB   aperp_tau
  0.352 MB   gyro_uv
  0.352 MB   gyro_uv_old
  0.352 MB   gyro_uv_dot
  0.117 MB   gyro_u
  0.117 MB   gyro_u_M
  0.003 MB   phi
  0.003 MB   phi_old
  0.001 MB   vel_sum_p
  0.001 MB   vel_sum_a
  0.001 MB   vel_sum_aperp
  0.009 MB   phi_plot
  0.013 MB   moments_plot
  0.000 MB   moments_zero_plot
  0.000 MB   kxkyspec
  0.001 MB   nonlinear_flux_passing
  0.001 MB   nonlinear_flux_trapped
  0.001 MB   diff_i
  0.001 MB   diff_i_trapped
  0.000 MB   diff
  0.000 MB   diff_trapped
  0.000 MB   diff_n
  0.001 MB   gbflux_i
  0.001 MB   gbflux_i_trapped
  0.000 MB   gbflux
  0.000 MB   gbflux_trapped
  0.000 MB   gbflux_n
  0.000 MB   diff_neo_i
  0.000 MB   diff_neo
  0.000 MB   neo_flux_current
  0.000 MB   diff_i_ch
  0.000 MB   Tr_p
  0.000 MB   Eng_p
  0.000 MB   time_error
  0.000 MB   entropy
  0.000 MB   w_time
  0.001 MB   h0_eq
  0.001 MB   h0_mod
  0.000 MB   h0_n
  0.000 MB   h0_e
  0.000 MB   source_n
  0.000 MB   source_e

 gyro_alloc_orbit:

  0.007 MB   theta_t
  0.007 MB   tau
  0.001 MB   m_cyc
  0.022 MB   p_cyc
  0.000 MB   m_phys
  0.000 MB   p_phys
  0.000 MB   omega
  0.000 MB   m_map
  0.000 MB   theta_int
  0.000 MB   theta_plot
  0.000 MB   theta_r0_plot
  0.007 MB   b0_t
  0.007 MB   _tg_theta
  0.007 MB   grad_r_t
  0.007 MB   qrat_t
  0.007 MB   cos_t
  0.007 MB   cos_p_t
  0.007 MB   captheta_t
  0.007 MB   sin_t
  0.007 MB   bt_t
  0.007 MB   bp_t
  0.007 MB   bigr_t
  0.001 MB   b0_plot
  0.001 MB   g_theta_plot
  0.000 MB   c_fluxav
  0.007 MB   ff_mm
  0.000 MB   ff_mm_piv
  0.013 MB   ff2_mm
  0.000 MB   ff2_mm_piv
  0.013 MB   blend_plo
  0.013 MB   blend_prime_plot
  0.000 MB   blend_r0_plot
  0.003 MB   coll_vel
  0.003 MB   coll_vel_perp1
  0.003 MB   coll_vel_perp2

 Sparse field arrays (no alloc block):

  0.049 MB   m_ampere
  0.017 MB   indx_ampere
  0.326 MB   m_maxwell
  0.110 MB   indx_maxwell
  0.237 MB   m_poissonaperp
  0.080 MB   indx_poissonaperp
 ---------------------
  7.247 MB
