 1.10121353E-16  1.16166399E-16  9.79510698E-32  6.14284094E-29  1.30014028E-18  1.30233864E-18  1.57650634E-16  1.71665098E-16 -1.24841078E-32  1.40735008E-28  3.00979454E-18  3.14461514E-18 -5.34711913E-11  6.21558252E-24 -2.27999681E-22 -3.00262540E-23  3.83459762E-24 -6.62507649E-25  0.00000000E+00  0.00000000E+00
 0.00000000E+00  0.00000000E+00  0.00000000E+00  0.00000000E+00
 4.93963945E-01  4.93963944E-01 -2.64762961E-03 -2.64762867E-03  1.18115516E-02  1.18115515E-02  1.23389717E+00  1.52951480E+00 -3.81749485E-03  8.80288828E-01  3.14961942E-02  2.50534121E-02 -1.08192330E-04  5.00804077E-08 -1.00255545E-04  8.89681884E-05  1.96516705E-07  2.13562489E-09  1.72610571E+00  3.07564438E+00
 1.72636464E-02 -7.21128954E-01 -3.21520783E-02 -3.30973055E-02
 3.47353846E-01  3.47353847E-01  1.42835004E-04  1.42833909E-04  1.71538068E-02  1.71538067E-02  1.61884312E+00  1.96771579E+00  1.02350507E-02  1.29727779E+00  4.95305598E-02  4.25153827E-02 -8.75390428E-05  7.95454114E-07 -3.06988189E-04 -7.89406091E-05 -6.53130254E-08  3.66991797E-08  1.09440912E-01  2.42146933E+00
 6.15402802E-03 -7.86118539E-01 -4.29890083E-02 -4.15664569E-02
 1.88912038E-01  1.88912041E-01  4.12240233E-03  4.12239940E-03  1.37440362E-02  1.37440360E-02  1.40166849E+00  1.18261287E+00  1.86893079E-02  7.94423340E-01  4.33370973E-02  3.82667580E-02 -8.33385593E-05  5.41507626E-08 -5.36593826E-05 -2.31072171E-04 -1.78610893E-07  4.69493714E-09  1.30018813E+00  3.45688470E+00
-1.43796325E-02 -3.44698751E-01 -3.69322120E-02 -1.96410165E-02
 1.37000614E-01  1.37000617E-01  3.90197197E-04  3.90194767E-04  1.01251744E-02  1.01251743E-02  1.18493458E+00  8.49912056E-01  8.15838001E-04  5.16632261E-01  3.09266927E-02  2.76665830E-02 -3.78082479E-05  2.98582948E-07 -3.94856160E-05 -1.17787737E-04  5.10474148E-07  2.58537808E-09  1.51829399E+00  2.85838698E+00
-1.43817546E-02 -3.12861284E-01 -3.16490089E-02 -1.30808502E-02
 1.46545709E-01  1.46545711E-01 -2.25936077E-03 -2.25936303E-03  9.97127161E-03  9.97127154E-03  1.19839422E+00  9.35507827E-01 -1.05810071E-02  5.66122530E-01  2.87317985E-02  2.65708680E-02 -2.25519783E-05  2.29044507E-07 -3.84170786E-05 -1.06331781E-04  6.26901043E-07 -6.70261413E-10  1.37813156E+00  2.56311606E+00
-9.74956249E-03 -3.80719056E-01 -3.22792771E-02 -1.67032781E-02
 1.61879391E-01  1.61879394E-01 -2.63098351E-03 -2.63098588E-03  9.95208721E-03  9.95208713E-03  1.18755856E+00  9.58659361E-01 -1.27099251E-02  5.71203042E-01  2.79379702E-02  2.68006232E-02 -2.16333415E-05  2.36970560E-07 -4.34794765E-05 -1.14643812E-04  3.45303932E-07  1.70417083E-09  1.41087561E+00  2.68751328E+00
-6.99021053E-03 -3.68531062E-01 -3.19010181E-02 -1.83199911E-02
 1.68027514E-01  1.68027516E-01 -2.47099477E-03 -2.47099710E-03  9.67843560E-03  9.67843552E-03  1.15251027E+00  9.33387110E-01 -1.19697834E-02  5.26751298E-01  2.68555777E-02  2.61821897E-02 -2.71398141E-05  1.64967710E-07 -3.24243774E-05 -1.20772278E-04  1.12014606E-07  2.29825396E-09  1.45215696E+00  2.77206849E+00
-6.13478935E-03 -3.45085261E-01 -3.08261276E-02 -1.82235887E-02
 1.68857909E-01  1.68857911E-01 -2.50069636E-03 -2.50069861E-03  9.64005954E-03  9.64005947E-03  1.14430185E+00  9.36849950E-01 -1.16772915E-02  5.10750364E-01  2.66183969E-02  2.59578755E-02 -3.71278441E-05  1.70235901E-07 -3.68481513E-05 -1.10849442E-04  6.91898488E-08  1.59920163E-09  1.43919694E+00  2.75814660E+00
-5.82020117E-03 -3.46489932E-01 -3.05490001E-02 -1.84146874E-02
 1.68511492E-01  1.68511494E-01 -2.48982858E-03 -2.48983082E-03  9.74401837E-03  9.74401829E-03  1.15151939E+00  9.49105970E-01 -1.13954246E-02  5.13745214E-01  2.69272713E-02  2.61882619E-02 -4.03645943E-05  1.69394175E-07 -3.81507622E-05 -1.10813891E-04  6.69525628E-08  1.67567310E-09  1.42641861E+00  2.74589975E+00
-5.75867140E-03 -3.51406811E-01 -3.07250886E-02 -1.86264052E-02
 1.67934321E-01  1.67934323E-01 -2.42269254E-03 -2.42269478E-03  9.80173220E-03  9.80173212E-03  1.15640017E+00  9.51834769E-01 -1.10515061E-02  5.15174432E-01  2.71507957E-02  2.63649002E-02 -4.35903129E-05  1.77212619E-07 -4.09619107E-05 -1.09963527E-04  7.66331039E-08  2.27046425E-09  1.42907004E+00  2.74813102E+00
-5.89663830E-03 -3.51701036E-01 -3.08501622E-02 -1.85775255E-02
