 i    energy(i)    w_energy(i) 
--- ------------  ------------ 
 1  0.1086724547  0.0642644789
 2  0.3531529368  0.1388201408
 3  0.7008934061  0.1895054690
 4  1.1731964060  0.2074366620
 5  1.8231909594  0.1895054690
 6  2.7751284427  0.1388201408
 7  4.3805639357  0.0642644789
 8  6.0000000000  0.0073831605

 k   tau(k)/2pi     s_lambda(k)   lambda(k)   w_lambda(k)
--- ------------  ------------ ------------  -----------
 1  1.0349643194  0.0432436726  0.0854839311  0.0541629033
 2  1.2523373868  0.2055371279  0.3719493147  0.1015425699
 3  1.7493933453  0.4172847650  0.6626463929  0.1015425699
 4  2.7949752463  0.5795782202  0.8160640028  0.0541629033
lambda-TP:                      0.8421519211
 5  3.1881988712  0.6490100644  0.8562351886  0.0328008080
 6  2.3538183740  0.7472942432  0.9306986229  0.0614937188
 7  2.0192631956  0.8755276497  1.0495655191  0.0614937188
 8  1.8752984379  0.9738118284  1.1508252350  0.0328008080
lambda-MAX:                     1.1790126895

 k   tau(k)/2pi     s_lambda(k)   lambda(k)   w_lambda(k)
--- ------------  ------------ ------------  -----------
 1  1.0349643194  0.0432436726  0.0854839311  0.0541629033
 2  1.2523373868  0.2055371279  0.3719493147  0.1015425699
 3  1.7493933453  0.4172847650  0.6626463929  0.1015425699
 4  2.7949752463  0.5795782202  0.8160640028  0.0541629033
lambda-TP:                      0.8421519211
 5  3.1881988712  0.6490100644  0.8562351886  0.0328008080
 6  2.3538183740  0.7472942432  0.9306986229  0.0614937188
 7  2.0192631956  0.8755276497  1.0495655191  0.0614937188
 8  1.8752984379  0.9738118284  1.1508252350  0.0328008080
lambda-MAX:                     1.1790126895
