Fri Feb 17 23:00:56 EST 2012
****************************************************
*                                                  *
*  A restart.dat file was not found. One has been  *
*  created for you.                                *
*                                                  *
****************************************************
==========================================================
GYRO r3-28-g23aa JAGUAR Linux x86_64
==========================================================
> aprun -n 768 -N 16 -d 1 -S 8 -ss /ccs/home/guttenfe/gacode_2012_02_16/gyro/src/gyro
[t = 0.000E+00] t_err: 0.000E+00 0.000E+00
[t = 1.000E-02] t_err: 3.488E-06 2.080E-04
[t = 2.000E-02] t_err: 3.336E-06 1.825E-04
[t = 3.000E-02] t_err: 3.330E-06 1.542E-04
[t = 4.000E-02] t_err: 3.357E-06 1.302E-04
[t = 5.000E-02] t_err: 3.450E-06 1.126E-04
 [Saving to ./RESTART_1]
[t = 6.000E-02] t_err: 3.479E-06 9.637E-05
[t = 7.000E-02] t_err: 3.483E-06 8.342E-05
[t = 8.000E-02] t_err: 3.492E-06 7.334E-05
[t = 9.000E-02] t_err: 3.507E-06 6.484E-05
[t = 1.000E-01] t_err: 3.518E-06 5.766E-05
 [Saving to ./RESTART_0]
Application 175981 resources: utime ~912325s, stime ~3225s
