 r/a            eflux_i_neo    eflux_e_neo    eflux_i_tur    eflux_e_tur
                (TGB)          (TGB)          (TGB)          (TGB)
 0.000000E+00   0.000000E+00   0.000000E+00   0.000000E+00   0.000000E+00
 1.000000E-01   6.172900E-04   8.095795E-05   1.168138E-02   1.198555E-03
 2.000000E-01   1.158017E-03   4.992617E-05   1.514103E-02   6.917326E-03
 3.000000E-01   7.679627E-04   4.020447E-05   1.776853E-02   1.616403E-02
 4.000000E-01   8.650075E-04   4.780925E-05   1.323145E-01   1.983582E-01
 5.000000E-01   1.130056E-03   6.974283E-05   2.235031E-01   4.507059E-01
 6.000000E-01   1.665238E-03   1.107775E-04   6.154223E-01   9.510711E-01
 7.000000E-01   3.387040E-03   2.293126E-04   1.286739E+00   1.634144E+00
 8.000000E-01   7.468737E-03   5.319655E-04   1.800927E+00   2.317983E+00
 r/a            eflux_i_neo    eflux_e_neo    eflux_i_tur    eflux_e_tur
                (TGB)          (TGB)          (TGB)          (TGB)
 0.000000E+00   0.000000E+00   0.000000E+00   0.000000E+00   0.000000E+00
 1.000000E-01   1.222963E-03   1.621014E-04   1.013544E-02   1.486001E-03
 2.000000E-01   2.283339E-03   9.867206E-05   9.793379E-03   9.368823E-04
 3.000000E-01   1.540799E-03   1.317753E-04   4.805586E-02   5.147129E-02
 4.000000E-01   1.160363E-03   9.197023E-05   6.013863E-02   1.491014E-01
 5.000000E-01   1.295414E-03   7.916546E-05   9.685695E-02   1.044470E-01
 6.000000E-01   1.720000E-03   6.750760E-05   1.061196E-01   1.033368E-01
 7.000000E-01   2.732212E-03   2.174827E-04   5.021249E-01   8.553373E-01
 8.000000E-01   5.326231E-03   4.428905E-04   1.198805E+00   1.629475E+00
 r/a            eflux_i_neo    eflux_e_neo    eflux_i_tur    eflux_e_tur
                (TGB)          (TGB)          (TGB)          (TGB)
 0.000000E+00   0.000000E+00   0.000000E+00   0.000000E+00   0.000000E+00
 1.000000E-01   2.231086E-03   8.111989E-04   1.087717E-02   4.297227E-03
 2.000000E-01   3.228382E-03   1.493055E-04   1.100241E-02   4.210114E-03
 3.000000E-01   2.164915E-03   1.939324E-04   7.970961E-02   7.154651E-02
 4.000000E-01   1.640635E-03   1.561704E-04   8.537124E-02   1.894405E-01
 5.000000E-01   1.275873E-03   7.958249E-05   1.286502E-02   3.215726E-02
 6.000000E-01   1.301567E-03   9.392980E-05   7.749230E-03   1.323978E-01
 7.000000E-01   2.419055E-03   2.397872E-04   2.119754E-01   1.000182E+00
 8.000000E-01   3.210224E-03   2.737354E-04   3.098343E-01   3.797054E-01
 r/a            eflux_i_neo    eflux_e_neo    eflux_i_tur    eflux_e_tur
                (TGB)          (TGB)          (TGB)          (TGB)
 0.000000E+00   0.000000E+00   0.000000E+00   0.000000E+00   0.000000E+00
 1.000000E-01   2.402968E-03   8.984820E-04   1.066065E-02   2.407206E-03
 2.000000E-01   3.114640E-03   3.661199E-04   2.431861E-02   1.763056E-02
 3.000000E-01   2.137360E-03   1.944918E-04   7.836190E-02   7.028612E-02
 4.000000E-01   1.735744E-03   1.587571E-04   1.236253E-01   2.153883E-01
 5.000000E-01   1.269451E-03   1.246186E-04   2.888520E-03   4.838351E-01
 6.000000E-01   1.301567E-03   9.392980E-05   7.749230E-03   1.323978E-01
 7.000000E-01   2.419055E-03   2.397872E-04   2.119754E-01   1.000182E+00
 8.000000E-01   3.210224E-03   2.737354E-04   3.098343E-01   3.797054E-01
 r/a            eflux_i_neo    eflux_e_neo    eflux_i_tur    eflux_e_tur
                (TGB)          (TGB)          (TGB)          (TGB)
 0.000000E+00   0.000000E+00   0.000000E+00   0.000000E+00   0.000000E+00
 1.000000E-01   2.356802E-03   1.184576E-03   3.008016E-02   1.066930E-01
 2.000000E-01   3.854000E-03   4.662652E-04   6.390634E-02   8.116121E-02
 3.000000E-01   2.233346E-03   2.232029E-04   8.861687E-02   1.170561E-01
 4.000000E-01   1.676965E-03   1.622142E-04   8.217858E-02   1.962678E-01
 5.000000E-01   1.488868E-03   1.540050E-04   7.949401E-02   2.297758E-01
 6.000000E-01   1.314396E-03   9.509927E-05   7.912537E-03   1.328888E-01
 7.000000E-01   2.442125E-03   2.426081E-04   2.146326E-01   1.009789E+00
 8.000000E-01   2.986933E-03   2.705837E-04   2.170796E-01   3.585168E-01
 r/a            eflux_i_neo    eflux_e_neo    eflux_i_tur    eflux_e_tur
                (TGB)          (TGB)          (TGB)          (TGB)
 0.000000E+00   0.000000E+00   0.000000E+00   0.000000E+00   0.000000E+00
 1.000000E-01   2.335604E-03   1.164458E-03   2.919349E-02   1.015870E-01
 2.000000E-01   3.121707E-03   3.962084E-04   2.481347E-02   4.497638E-02
 3.000000E-01   1.740221E-03   2.021297E-04   2.991826E-02   1.039192E-01
 4.000000E-01   1.535884E-03   1.452769E-04   7.619427E-02   1.904335E-01
 5.000000E-01   1.676090E-03   1.229112E-04   1.111962E-01   2.081676E-01
 6.000000E-01   1.856898E-03   1.645482E-04   1.138970E-01   3.990783E-01
 7.000000E-01   2.432033E-03   2.413733E-04   2.134701E-01   1.005589E+00
 8.000000E-01   3.084345E-03   2.719587E-04   2.602775E-01   3.988613E-01
 r/a            eflux_i_neo    eflux_e_neo    eflux_i_tur    eflux_e_tur
                (TGB)          (TGB)          (TGB)          (TGB)
 0.000000E+00   0.000000E+00   0.000000E+00   0.000000E+00   0.000000E+00
 1.000000E-01   2.002901E-03   1.133865E-03   1.243909E-02   3.903709E-02
 2.000000E-01   3.392032E-03   3.930832E-04   2.538474E-02   4.015891E-02
 3.000000E-01   1.883427E-03   2.253876E-04   3.020743E-02   1.060425E-01
 4.000000E-01   1.611657E-03   1.448829E-04   6.905059E-02   1.485642E-01
 5.000000E-01   1.747773E-03   1.260724E-04   9.864366E-02   1.896346E-01
 6.000000E-01   1.951452E-03   1.881984E-04   1.801871E-01   3.212763E-01
 7.000000E-01   2.497432E-03   1.994730E-04   2.839992E-01   3.180466E-01
 8.000000E-01   2.775673E-03   2.937025E-04   2.072658E-01   4.641268E-01
 r/a            eflux_i_neo    eflux_e_neo    eflux_i_tur    eflux_e_tur
                (TGB)          (TGB)          (TGB)          (TGB)
 0.000000E+00   0.000000E+00   0.000000E+00   0.000000E+00   0.000000E+00
 1.000000E-01   1.917179E-03   1.198060E-03   3.688912E-02   2.091518E-01
 2.000000E-01   3.518432E-03   4.141288E-04   3.059916E-02   4.826331E-02
 3.000000E-01   2.107246E-03   2.360879E-04   5.461620E-02   1.073528E-01
 4.000000E-01   1.661850E-03   1.528146E-04   6.877018E-02   1.641042E-01
 5.000000E-01   1.809956E-03   1.310086E-04   1.043675E-01   1.752117E-01
 6.000000E-01   2.171306E-03   1.769792E-04   1.633078E-01   3.135203E-01
 7.000000E-01   2.066043E-03   2.465060E-04   1.561522E-01   6.935759E-01
 8.000000E-01   2.775673E-03   2.937025E-04   2.072658E-01   4.641268E-01
 r/a            eflux_i_neo    eflux_e_neo    eflux_i_tur    eflux_e_tur
                (TGB)          (TGB)          (TGB)          (TGB)
 0.000000E+00   0.000000E+00   0.000000E+00   0.000000E+00   0.000000E+00
 1.000000E-01  -1.252640E-03   2.478124E-04   7.130606E-03   3.186280E-03
 2.000000E-01   3.744707E-03   4.361253E-04   3.217718E-02   4.330427E-02
 3.000000E-01   2.072934E-03   2.514285E-04   3.954172E-02   1.200321E-01
 4.000000E-01   1.740028E-03   1.598028E-04   6.964511E-02   1.653460E-01
 5.000000E-01   1.774120E-03   1.450468E-04   9.108536E-02   2.070347E-01
 6.000000E-01   2.021122E-03   1.927247E-04   1.429247E-01   3.570078E-01
 7.000000E-01   2.051331E-03   2.125589E-04   7.647705E-02   4.167894E-01
 8.000000E-01   2.570990E-03   3.126965E-04   2.112715E-01   6.134455E-01
 r/a            eflux_i_neo    eflux_e_neo    eflux_i_tur    eflux_e_tur
                (TGB)          (TGB)          (TGB)          (TGB)
 0.000000E+00   0.000000E+00   0.000000E+00   0.000000E+00   0.000000E+00
 1.000000E-01   4.166602E-03   6.214149E-04   9.089169E-05  -1.156218E-03
 2.000000E-01   3.803805E-03   4.542803E-04   3.503424E-02   5.125616E-02
 3.000000E-01   2.151140E-03   2.554444E-04   4.576153E-02   1.200678E-01
 4.000000E-01   1.769257E-03   1.651696E-04   7.194838E-02   1.763374E-01
 5.000000E-01   1.801940E-03   1.473012E-04   9.164760E-02   2.051506E-01
 6.000000E-01   2.055932E-03   1.900217E-04   1.307559E-01   3.370567E-01
 7.000000E-01   2.072920E-03   2.411339E-04   1.436815E-01   5.639858E-01
 8.000000E-01   2.571304E-03   3.106331E-04   2.116942E-01   5.819721E-01
 r/a            eflux_i_neo    eflux_e_neo    eflux_i_tur    eflux_e_tur
                (TGB)          (TGB)          (TGB)          (TGB)
 0.000000E+00   0.000000E+00   0.000000E+00   0.000000E+00   0.000000E+00
 1.000000E-01   3.981691E-03   9.247882E-04   3.622041E-03   9.875209E-02
 2.000000E-01   3.789269E-03   4.184801E-04   3.541322E-02   4.767295E-02
 3.000000E-01   2.094882E-03   2.421140E-04   4.054467E-02   1.122036E-01
 4.000000E-01   1.730260E-03   1.605096E-04   7.107000E-02   1.736337E-01
 5.000000E-01   1.785255E-03   1.489720E-04   9.860994E-02   2.315407E-01
 6.000000E-01   2.031363E-03   1.883301E-04   1.364594E-01   3.448928E-01
 7.000000E-01   2.177158E-03   2.345367E-04   1.709584E-01   5.204726E-01
 8.000000E-01   2.619937E-03   3.095583E-04   2.166301E-01   5.810246E-01
 r/a            eflux_i_neo    eflux_e_neo    eflux_i_tur    eflux_e_tur
                (TGB)          (TGB)          (TGB)          (TGB)
 0.000000E+00   0.000000E+00   0.000000E+00   0.000000E+00   0.000000E+00
 1.000000E-01   3.875028E-03   8.933578E-04   3.305828E-03   9.824252E-02
 2.000000E-01   3.687328E-03   4.046720E-04   3.304477E-02   4.551980E-02
 3.000000E-01   2.130719E-03   2.292242E-04   4.499756E-02   9.699818E-02
 4.000000E-01   1.704300E-03   1.552493E-04   6.943568E-02   1.582538E-01
 5.000000E-01   1.761742E-03   1.442695E-04   9.446820E-02   2.271666E-01
 6.000000E-01   2.010070E-03   1.845856E-04   1.356983E-01   3.318090E-01
 7.000000E-01   2.210237E-03   2.242423E-04   1.630492E-01   4.372861E-01
 8.000000E-01   2.615055E-03   3.046075E-04   2.023728E-01   5.535904E-01
 r/a            eflux_i_neo    eflux_e_neo    eflux_i_tur    eflux_e_tur
                (TGB)          (TGB)          (TGB)          (TGB)
 0.000000E+00   0.000000E+00   0.000000E+00   0.000000E+00   0.000000E+00
 1.000000E-01   3.694729E-03   8.418443E-04   2.872907E-03   9.479763E-02
 2.000000E-01   4.173891E-03   3.908158E-04   5.544917E-02   5.350844E-02
 3.000000E-01   2.117312E-03   2.252154E-04   4.335118E-02   9.205779E-02
 4.000000E-01   1.713270E-03   1.533925E-04   7.045421E-02   1.580532E-01
 5.000000E-01   1.769832E-03   1.441239E-04   9.707591E-02   2.281826E-01
 6.000000E-01   2.000189E-03   1.834473E-04   1.320693E-01   3.313520E-01
 7.000000E-01   2.202610E-03   2.245187E-04   1.607094E-01   4.711440E-01
 8.000000E-01   2.651339E-03   3.051822E-04   2.120645E-01   5.559984E-01
 r/a            eflux_i_neo    eflux_e_neo    eflux_i_tur    eflux_e_tur
                (TGB)          (TGB)          (TGB)          (TGB)
 0.000000E+00   0.000000E+00   0.000000E+00   0.000000E+00   0.000000E+00
 1.000000E-01   4.913244E-03   8.854290E-04  -1.374768E-03   2.544693E-02
 2.000000E-01   3.450079E-03   4.110397E-04   2.221568E-02   4.140417E-02
 3.000000E-01   2.136114E-03   2.329619E-04   4.810130E-02   9.954058E-02
 4.000000E-01   1.717597E-03   1.560753E-04   7.063157E-02   1.635343E-01
 5.000000E-01   1.759176E-03   1.445777E-04   9.326653E-02   2.270839E-01
 6.000000E-01   1.991811E-03   1.828930E-04   1.291892E-01   3.245895E-01
 7.000000E-01   2.195979E-03   2.240384E-04   1.559095E-01   4.485982E-01
 8.000000E-01   2.639611E-03   3.055450E-04   2.110877E-01   5.566429E-01
