 gyro_alloc_distrib:
 
  0.082 MB   omega_d1
  0.082 MB   omega_dr
  0.082 MB   omega_star
  0.006 MB   v_theta
  0.006 MB   v_theta
  0.082 MB   v_para
  0.000 MB   nek_n
  0.000 MB   nek_e
  0.000 MB   nek_k
  0.000 MB   ine_i
  0.000 MB   ine_n
  0.000 MB   ine_e
  0.352 MB   cs_blend
  0.352 MB   c_blend
  0.352 MB   cs_blend_prime
  0.984 MB   w_gyro
  0.001 MB   z_gyro
  0.984 MB   w_gyro_rot
 
 gyro_alloc_big:
 
  0.001 MB   field_blend
  0.001 MB   field_blend_old
  0.001 MB   field_blend_dot
  0.000 MB   phi_squared
  0.000 MB   g_squared
  0.000 MB   phi_fluxave
  0.000 MB   a_fluxave
  0.000 MB   aperp_fluxave
  0.164 MB   h_err
  0.164 MB   h
  0.164 MB   h_old
  0.164 MB   h_0
  0.164 MB   RHS
  0.164 MB   RHS_dr
  0.164 MB   RHS_dt
  0.164 MB   f_store
  0.164 MB   p_store
  0.164 MB   h_M
  0.164 MB   gyro_h
  0.082 MB   field_tau
  0.164 MB   gyro_uv
  0.164 MB   gyro_uv_old2
  0.164 MB   gyro_uv_old
  0.164 MB   gyro_uv_dot
  0.164 MB   gyro_u
  0.164 MB   gyro_u_M
  0.001 MB   phi
  0.001 MB   vel_sum_p
  0.001 MB   vel_sum_a
  0.001 MB   vel_sum_aperp
  0.000 MB   phi_plot
  0.001 MB   moments_plot
  0.000 MB   moments_zero_plot
  0.000 MB   kxkyspec
  0.000 MB   nonlinear_flux_passing
  0.000 MB   nonlinear_flux_trapped
  0.000 MB   diff_i
  0.000 MB   diff_i_trapped
  0.000 MB   diff
  0.000 MB   diff_trapped
  0.000 MB   diff_n
  0.000 MB   gbflux_i
  0.000 MB   gbflux_i_trapped
  0.000 MB   gbflux
  0.000 MB   gbflux_trapped
  0.000 MB   gbflux_n
  0.000 MB   diff_vec
  0.001 MB   gbflux_vec
  0.000 MB   Tr_p
  0.000 MB   Eng_p
  0.000 MB   time_error
  0.000 MB   entropy
  0.000 MB   w_time
  0.001 MB   h0_eq
  0.001 MB   h0_mod
  0.000 MB   h0_n
  0.000 MB   h0_e
  0.000 MB   source_n
  0.000 MB   source_e
 
 gyro_alloc_orbit:
 
  0.010 MB   theta_t
  0.010 MB   tau
  0.001 MB   m_cyc
  0.031 MB   p_cyc
  0.000 MB   m_phys
  0.000 MB   p_phys
  0.000 MB   omega
  0.000 MB   m_map
  0.000 MB   theta_int
  0.000 MB   theta_plot
  0.000 MB   theta_r0_plot
  0.010 MB   b0_t
  0.010 MB   g_theta_t
  0.010 MB   grad_r_t
  0.010 MB   qrat_t
  0.010 MB   cos_t
  0.010 MB   cos_p_t
  0.010 MB   captheta_t
  0.010 MB   sin_t
  0.010 MB   bt_t
  0.010 MB   bp_t
  0.010 MB   bigr_t
  0.000 MB   b0_plot
  0.000 MB   g_theta_plot
  0.000 MB   c_fluxav
  0.012 MB   ff_mm
  0.000 MB   ff_mm_piv
  0.023 MB   ff2_mm
  0.000 MB   ff2_mm_piv
  0.001 MB   blend_plo
  0.001 MB   blend_prime_plot
  0.000 MB   blend_r0_plot
 
 Sparse field arrays (no alloc block):
 
  0.105 MB   m_poisson
  0.036 MB   indx_poisson
 ---------------------
  6.594 MB
