 i    energy(i)    w_energy(i) 
--- ------------  ------------ 
 1  0.1086724547  0.0642644789
 2  0.3531529368  0.1388201408
 3  0.7008934061  0.1895054690
 4  1.1731964060  0.2074366620
 5  1.8231909594  0.1895054690
 6  2.7751284427  0.1388201408
 7  4.3805639357  0.0642644789
 8  6.0000000000  0.0073831605
 
 k   tau(k)/2pi     s_lambda(k)   lambda(k)   w_lambda(k)
--- ------------  ------------ ------------  -----------
 1  1.0423256571  0.0495682911  0.1253170373  0.0620845176
 2  1.2990628453  0.2355980322  0.5383697771  0.1163937139
 3  1.9325010986  0.4783148939  0.9400561365  0.1163937139
 4  3.4041962166  0.6643446350  1.1368567975  0.0620845176
lambda-TP:                      1.1675276592
 5  4.2832466493  0.7337764793  1.1775717949  0.0248791937
 6  2.9613106994  0.8083243721  1.2335347318  0.0466425748
 7  2.3564582527  0.9055885540  1.3292260739  0.0466425748
 8  2.0576398487  0.9801364469  1.4163880729  0.0248791937
lambda-MAX:                     1.4416403749
 
 k   tau(k)/2pi     s_lambda(k)   lambda(k)   w_lambda(k)
--- ------------  ------------ ------------  -----------
 1  1.0423256571  0.0495682911  0.1253170373  0.0620845176
 2  1.2990628453  0.2355980322  0.5383697771  0.1163937139
 3  1.9325010986  0.4783148939  0.9400561365  0.1163937139
 4  3.4041962166  0.6643446350  1.1368567975  0.0620845176
lambda-TP:                      1.1675276592
 5  4.2832466493  0.7337764793  1.1775717949  0.0248791937
 6  2.9613106994  0.8083243721  1.2335347318  0.0466425748
 7  2.3564582527  0.9055885540  1.3292260739  0.0466425748
 8  2.0576398487  0.9801364469  1.4163880729  0.0248791937
lambda-MAX:                     1.4416403749
