   6
   8
   4
   4
   8
   1
  30
   1
  10
   0
   0
   4
   1
   2
   2
   2
   0
   1
   0
   1
 2.50590231E-01
 2.67060154E-01
 2.83530077E-01
 3.00000000E-01
 3.16469923E-01
 3.32939846E-01
 1.56010430E+00
 1.56565986E+00
 1.57121541E+00
 1.57677097E+00
 1.58232653E+00
 1.58788208E+00
 3.00000000E-01
 3.00000000E-01
 3.00000000E-01
 3.00000000E-01
 3.00000000E-01
 3.00000000E-01
 1.57677097E+00
 1.57677097E+00
 1.57677097E+00
 1.57677097E+00
 1.57677097E+00
 1.57677097E+00
 2.00014299E+00
 2.08294442E+00
 2.00014299E+00
 2.08294442E+00
 2.00014299E+00
 2.08294442E+00
 2.00014299E+00
 2.08294442E+00
 2.00014299E+00
 2.08294442E+00
 2.00014299E+00
 2.08294442E+00
 1.06856570E+00
 1.06856570E+00
 1.06856570E+00
 1.06856570E+00
 1.06856570E+00
 1.06856570E+00
 1.06856570E+00
 1.06856570E+00
 1.06856570E+00
 1.06856570E+00
 1.06856570E+00
 1.06856570E+00
 7.31068592E-01
 1.00000000E+00
 7.31068592E-01
 1.00000000E+00
 7.31068592E-01
 1.00000000E+00
 7.31068592E-01
 1.00000000E+00
 7.31068592E-01
 1.00000000E+00
 7.31068592E-01
 1.00000000E+00
 1.00000000E+00
 1.00000000E+00
 1.00000000E+00
 1.00000000E+00
 1.00000000E+00
 1.00000000E+00
 1.00000000E+00
 1.00000000E+00
 1.00000000E+00
 1.00000000E+00
 1.00000000E+00
 1.00000000E+00
 9.46635010E+00
 9.46635010E+00
 9.46635010E+00
 9.46635010E+00
 9.46635010E+00
 9.46635010E+00
 6.07423974E-02
 6.07423974E-02
 6.07423974E-02
 6.07423974E-02
 6.07423974E-02
 6.07423974E-02
-1.14984748E-03
-1.14984748E-03
-1.14984748E-03
-1.14984748E-03
-1.14984748E-03
-1.14984748E-03
 1.28922929E+00
 1.28922929E+00
 1.28922929E+00
 1.28922929E+00
 1.28922929E+00
 1.28922929E+00
-7.58629921E-02
-7.58629921E-02
-7.58629921E-02
-7.58629921E-02
-7.58629921E-02
-7.58629921E-02
 6.41783520E-02
 6.41783520E-02
 6.41783520E-02
 6.41783520E-02
 6.41783520E-02
 6.41783520E-02
 5.73584837E-02
 5.73584837E-02
 5.73584837E-02
 5.73584837E-02
 5.73584837E-02
 5.73584837E-02
-1.91493068E-03
-1.91493068E-03
-1.91493068E-03
-1.91493068E-03
-1.91493068E-03
-1.91493068E-03
 9.99575200E-03
 9.99575200E-03
 9.99575200E-03
 9.99575200E-03
 9.99575200E-03
 9.99575200E-03
 0.00000000E+00
 0.00000000E+00
 0.00000000E+00
 0.00000000E+00
 0.00000000E+00
 0.00000000E+00
 0.00000000E+00
 0.00000000E+00
 0.00000000E+00
 0.00000000E+00
 0.00000000E+00
 0.00000000E+00
 5.21906907E-03
 5.21906907E-03
 5.21906907E-03
 5.21906907E-03
 5.21906907E-03
 5.21906907E-03
 0.00000000E+00
 0.00000000E+00
 0.00000000E+00
 0.00000000E+00
 0.00000000E+00
 0.00000000E+00
 0.00000000E+00
 0.00000000E+00
 0.00000000E+00
 0.00000000E+00
 0.00000000E+00
 0.00000000E+00
 0.00000000E+00
 0.00000000E+00
 0.00000000E+00
 0.00000000E+00
 0.00000000E+00
 0.00000000E+00
 1.00000000E+00
 1.00000000E+00
 1.00000000E+00
 1.00000000E+00
 1.00000000E+00
 1.00000000E+00
 1.00000000E+00
 1.00000000E+00
 1.00000000E+00
 1.00000000E+00
 1.00000000E+00
 1.00000000E+00
 1.26440244E+00
 1.26440244E+00
 1.26440244E+00
 1.26440244E+00
 1.26440244E+00
 1.26440244E+00
 0.00000000E+00
 0.00000000E+00
 0.00000000E+00
 0.00000000E+00
 0.00000000E+00
 0.00000000E+00
 0.00000000E+00
 0.00000000E+00
 0.00000000E+00
 0.00000000E+00
 0.00000000E+00
 0.00000000E+00
 1.00000000E+00
 1.25317037E-01
 5.38369777E-01
 9.40056137E-01
 1.13685680E+00
 1.17757179E+00
 1.23353473E+00
 1.32922607E+00
 1.41638807E+00
 1.08672455E-01
 3.53152937E-01
 7.00893406E-01
 1.17319641E+00
 1.82319096E+00
 2.77512844E+00
 4.38056394E+00
 6.00000000E+00
 1.16752766E+00
 9.00000000E-01
 5.70786764E-03
 1.00000000E+00
-1.00000000E+00
   1
   2
