----------------------------------------------------------------------------------- 
 => ion # 1
 r           dlntdr_s    dlnndr_s    tem_s       den_s       alpha_s     (null)      
----------------------------------------------------------------------------------- 
 2.5059E-01  2.0001E+00  1.0686E+00  7.3107E-01  1.0000E+00  1.3679E+00  0.0000E+00
 2.6706E-01  2.0001E+00  1.0686E+00  7.3107E-01  1.0000E+00  1.3679E+00  0.0000E+00
 2.8353E-01  2.0001E+00  1.0686E+00  7.3107E-01  1.0000E+00  1.3679E+00  0.0000E+00
 3.0000E-01  2.0001E+00  1.0686E+00  7.3107E-01  1.0000E+00  1.3679E+00  0.0000E+00
 3.1647E-01  2.0001E+00  1.0686E+00  7.3107E-01  1.0000E+00  1.3679E+00  0.0000E+00
 3.3294E-01  2.0001E+00  1.0686E+00  7.3107E-01  1.0000E+00  1.3679E+00  0.0000E+00
----------------------------------------------------------------------------------- 
=> electrons
 r           dlntdr_s    dlnndr_s    tem_s       den_s       alpha_s     (null)      
----------------------------------------------------------------------------------- 
 2.5059E-01  2.0829E+00  1.0686E+00  1.0000E+00  1.0000E+00  1.0000E+00  0.0000E+00
 2.6706E-01  2.0829E+00  1.0686E+00  1.0000E+00  1.0000E+00  1.0000E+00  0.0000E+00
 2.8353E-01  2.0829E+00  1.0686E+00  1.0000E+00  1.0000E+00  1.0000E+00  0.0000E+00
 3.0000E-01  2.0829E+00  1.0686E+00  1.0000E+00  1.0000E+00  1.0000E+00  0.0000E+00
 3.1647E-01  2.0829E+00  1.0686E+00  1.0000E+00  1.0000E+00  1.0000E+00  0.0000E+00
 3.3294E-01  2.0829E+00  1.0686E+00  1.0000E+00  1.0000E+00  1.0000E+00  0.0000E+00
----------------------------------------------------------------------------------- 
 => Geometry
 r           q_s         shat_s      kappa_s     s_kappa_s   delta_s     s_delta_s   
----------------------------------------------------------------------------------- 
 2.5059E-01  1.5768E+00  6.4178E-02  1.2892E+00  9.9958E-03  6.0742E-02  5.7358E-02
 2.6706E-01  1.5768E+00  6.4178E-02  1.2892E+00  9.9958E-03  6.0742E-02  5.7358E-02
 2.8353E-01  1.5768E+00  6.4178E-02  1.2892E+00  9.9958E-03  6.0742E-02  5.7358E-02
 3.0000E-01  1.5768E+00  6.4178E-02  1.2892E+00  9.9958E-03  6.0742E-02  5.7358E-02
 3.1647E-01  1.5768E+00  6.4178E-02  1.2892E+00  9.9958E-03  6.0742E-02  5.7358E-02
 3.3294E-01  1.5768E+00  6.4178E-02  1.2892E+00  9.9958E-03  6.0742E-02  5.7358E-02
----------------------------------------------------------------------------------- 
 => Geometry
 r           R/r         drmaj_s     b_unit_s    beta_unit_s rhosda_s    (null)      
----------------------------------------------------------------------------------- 
 2.5059E-01  9.4664E+00 -7.5863E-02  1.0000E+00  5.2191E-03  5.7079E-03  0.0000E+00
 2.6706E-01  9.4664E+00 -7.5863E-02  1.0000E+00  5.2191E-03  5.7079E-03  0.0000E+00
 2.8353E-01  9.4664E+00 -7.5863E-02  1.0000E+00  5.2191E-03  5.7079E-03  0.0000E+00
 3.0000E-01  9.4664E+00 -7.5863E-02  1.0000E+00  5.2191E-03  5.7079E-03  0.0000E+00
 3.1647E-01  9.4664E+00 -7.5863E-02  1.0000E+00  5.2191E-03  5.7079E-03  0.0000E+00
 3.3294E-01  9.4664E+00 -7.5863E-02  1.0000E+00  5.2191E-03  5.7079E-03  0.0000E+00
----------------------------------------------------------------------------------- 
 => Geometry and Flows
 r           r_s         r_e         dr_eodr     q           (null)      (null)      
----------------------------------------------------------------------------------- 
 2.5059E-01  3.0000E-01  2.5059E-01  1.0000E+00  1.5601E+00  0.0000E+00  0.0000E+00
 2.6706E-01  3.0000E-01  2.6706E-01  1.0000E+00  1.5657E+00  0.0000E+00  0.0000E+00
 2.8353E-01  3.0000E-01  2.8353E-01  1.0000E+00  1.5712E+00  0.0000E+00  0.0000E+00
 3.0000E-01  3.0000E-01  3.0000E-01  1.0000E+00  1.5768E+00  0.0000E+00  0.0000E+00
 3.1647E-01  3.0000E-01  3.1647E-01  1.0000E+00  1.5823E+00  0.0000E+00  0.0000E+00
 3.3294E-01  3.0000E-01  3.3294E-01  1.0000E+00  1.5879E+00  0.0000E+00  0.0000E+00
----------------------------------------------------------------------------------- 
 => Geometry and Flows
 r           gamma_e_s   gamma_p_s   mach_s      z_eff_s     nu_s        (null)      
----------------------------------------------------------------------------------- 
 2.5059E-01  0.0000E+00  0.0000E+00  0.0000E+00  1.2644E+00  0.0000E+00  0.0000E+00
 2.6706E-01  0.0000E+00  0.0000E+00  0.0000E+00  1.2644E+00  0.0000E+00  0.0000E+00
 2.8353E-01  0.0000E+00  0.0000E+00  0.0000E+00  1.2644E+00  0.0000E+00  0.0000E+00
 3.0000E-01  0.0000E+00  0.0000E+00  0.0000E+00  1.2644E+00  0.0000E+00  0.0000E+00
 3.1647E-01  0.0000E+00  0.0000E+00  0.0000E+00  1.2644E+00  0.0000E+00  0.0000E+00
 3.3294E-01  0.0000E+00  0.0000E+00  0.0000E+00  1.2644E+00  0.0000E+00  0.0000E+00
----------------------------------------------------------------------------------- 
 => Geometry and Flows
 r           gamma_t_s   gamma_n_s   gamma_eb_s  gamma_HB    w0_s        w0p_s       
----------------------------------------------------------------------------------- 
 2.5059E-01 -4.2782E-02 -1.6709E-02  0.0000E+00  0.0000E+00  0.0000E+00  0.0000E+00
 2.6706E-01 -4.0443E-02 -1.5796E-02  0.0000E+00  0.0000E+00  0.0000E+00  0.0000E+00
 2.8353E-01 -3.7943E-02 -1.4819E-02  0.0000E+00  0.0000E+00  0.0000E+00  0.0000E+00
 3.0000E-01 -3.5721E-02 -1.3951E-02  0.0000E+00  0.0000E+00  0.0000E+00  0.0000E+00
 3.1647E-01 -3.3732E-02 -1.3175E-02  0.0000E+00  0.0000E+00  0.0000E+00  0.0000E+00
 3.3294E-01 -3.1683E-02 -1.2374E-02  0.0000E+00  0.0000E+00  0.0000E+00  0.0000E+00
----------------------------------------------------------------------------------- 
 => Geometry and Flows
 r           (null)      (null)      (null)      zmag_s      V (volume)  dV/dr       
----------------------------------------------------------------------------------- 
 2.5059E-01  0.0000E+00  0.0000E+00  0.0000E+00  0.0000E+00  6.4872E+00  4.3183E+01
 2.6706E-01  0.0000E+00  0.0000E+00  0.0000E+00  0.0000E+00  6.4872E+00  4.3183E+01
 2.8353E-01  0.0000E+00  0.0000E+00  0.0000E+00  0.0000E+00  6.4872E+00  4.3183E+01
 3.0000E-01  0.0000E+00  0.0000E+00  0.0000E+00  0.0000E+00  6.4872E+00  4.3183E+01
 3.1647E-01  0.0000E+00  0.0000E+00  0.0000E+00  0.0000E+00  6.4872E+00  4.3183E+01
 3.3294E-01  0.0000E+00  0.0000E+00  0.0000E+00  0.0000E+00  6.4872E+00  4.3183E+01
