 i    energy(i)    w_energy(i) 
--- ------------  ------------ 
 1  0.1086724547  0.0642644789
 2  0.3531529368  0.1388201408
 3  0.7008934061  0.1895054690
 4  1.1731964060  0.2074366620
 5  1.8231909594  0.1895054690
 6  2.7751284427  0.1388201408
 7  4.3805639357  0.0642644789
 8  6.0000000000  0.0073831605
 
 k   tau(k)/2pi     s_lambda(k)   lambda(k)   w_lambda(k)
--- ------------  ------------ ------------  -----------
 1  0.9869352512  0.0390103188  0.1084530637  0.0488606077
 2  1.1744328470  0.1854160018  0.4754152158  0.0916020260
 3  1.5926527345  0.3764345329  0.8561494322  0.0916020260
 4  2.4712732681  0.5228402159  1.0631284893  0.0488606077
lambda-TP:                      1.0990343261
 5  2.6735527662  0.5922720601  1.1251070879  0.0381031036
 6  1.8766441215  0.7064440111  1.2670581364  0.0714342627
 7  1.4371126544  0.8554065236  1.5130490065  0.0714342627
 8  1.1914924698  0.9695784746  1.7489220013  0.0381031036
lambda-MAX:                     1.8201572521
 
 k   tau(k)/2pi     s_lambda(k)   lambda(k)   w_lambda(k)
--- ------------  ------------ ------------  -----------
 1  0.9869352512  0.0390103188  0.1084530637  0.0488606077
 2  1.1744328470  0.1854160018  0.4754152158  0.0916020260
 3  1.5926527345  0.3764345329  0.8561494322  0.0916020260
 4  2.4712732681  0.5228402159  1.0631284893  0.0488606077
lambda-TP:                      1.0990343261
 5  2.6735527662  0.5922720601  1.1251070879  0.0381031036
 6  1.8766441215  0.7064440111  1.2670581364  0.0714342627
 7  1.4371126544  0.8554065236  1.5130490065  0.0714342627
 8  1.1914924698  0.9695784746  1.7489220013  0.0381031036
lambda-MAX:                     1.8201572521
