----------------------------------------------------------------------------------- 
 => ion # 1
 r           dlntdr_s    dlnndr_s    tem_s       den_s       alpha_s     (null)      
----------------------------------------------------------------------------------- 
 6.9594E-01  1.8843E+00  9.5693E-01  9.5874E-01  1.0000E+00  1.0430E+00  0.0000E+00
 6.9730E-01  1.8843E+00  9.5693E-01  9.5874E-01  1.0000E+00  1.0430E+00  0.0000E+00
 6.9865E-01  1.8843E+00  9.5693E-01  9.5874E-01  1.0000E+00  1.0430E+00  0.0000E+00
 7.0000E-01  1.8843E+00  9.5693E-01  9.5874E-01  1.0000E+00  1.0430E+00  0.0000E+00
 7.0135E-01  1.8843E+00  9.5693E-01  9.5874E-01  1.0000E+00  1.0430E+00  0.0000E+00
 7.0270E-01  1.8843E+00  9.5693E-01  9.5874E-01  1.0000E+00  1.0430E+00  0.0000E+00
----------------------------------------------------------------------------------- 
=> electrons
 r           dlntdr_s    dlnndr_s    tem_s       den_s       alpha_s     (null)      
----------------------------------------------------------------------------------- 
 6.9594E-01  3.4009E+00  9.5693E-01  1.0000E+00  1.0000E+00  1.0000E+00  0.0000E+00
 6.9730E-01  3.4009E+00  9.5693E-01  1.0000E+00  1.0000E+00  1.0000E+00  0.0000E+00
 6.9865E-01  3.4009E+00  9.5693E-01  1.0000E+00  1.0000E+00  1.0000E+00  0.0000E+00
 7.0000E-01  3.4009E+00  9.5693E-01  1.0000E+00  1.0000E+00  1.0000E+00  0.0000E+00
 7.0135E-01  3.4009E+00  9.5693E-01  1.0000E+00  1.0000E+00  1.0000E+00  0.0000E+00
 7.0270E-01  3.4009E+00  9.5693E-01  1.0000E+00  1.0000E+00  1.0000E+00  0.0000E+00
----------------------------------------------------------------------------------- 
 => Geometry
 r           q_s         shat_s      kappa_s     s_kappa_s   delta_s     s_delta_s   
----------------------------------------------------------------------------------- 
 6.9594E-01  2.2252E+00  1.2924E+00  1.3281E+00  1.2459E-01  1.5091E-01  2.3912E-01
 6.9730E-01  2.2252E+00  1.2924E+00  1.3281E+00  1.2459E-01  1.5091E-01  2.3912E-01
 6.9865E-01  2.2252E+00  1.2924E+00  1.3281E+00  1.2459E-01  1.5091E-01  2.3912E-01
 7.0000E-01  2.2252E+00  1.2924E+00  1.3281E+00  1.2459E-01  1.5091E-01  2.3912E-01
 7.0135E-01  2.2252E+00  1.2924E+00  1.3281E+00  1.2459E-01  1.5091E-01  2.3912E-01
 7.0270E-01  2.2252E+00  1.2924E+00  1.3281E+00  1.2459E-01  1.5091E-01  2.3912E-01
----------------------------------------------------------------------------------- 
 => Geometry
 r           R/r         drmaj_s     b_unit_s    beta_unit_s rhosda_s    (null)      
----------------------------------------------------------------------------------- 
 6.9594E-01  4.0088E+00 -9.4620E-02  1.0000E+00  1.0507E-03  9.4374E-03  0.0000E+00
 6.9730E-01  4.0088E+00 -9.4620E-02  1.0000E+00  1.0507E-03  9.4374E-03  0.0000E+00
 6.9865E-01  4.0088E+00 -9.4620E-02  1.0000E+00  1.0507E-03  9.4374E-03  0.0000E+00
 7.0000E-01  4.0088E+00 -9.4620E-02  1.0000E+00  1.0507E-03  9.4374E-03  0.0000E+00
 7.0135E-01  4.0088E+00 -9.4620E-02  1.0000E+00  1.0507E-03  9.4374E-03  0.0000E+00
 7.0270E-01  4.0088E+00 -9.4620E-02  1.0000E+00  1.0507E-03  9.4374E-03  0.0000E+00
----------------------------------------------------------------------------------- 
 => Geometry and Flows
 r           r_s         r_e         dr_eodr     q           (null)      (null)      
----------------------------------------------------------------------------------- 
 6.9594E-01  7.0000E-01  6.9594E-01  1.0000E+00  2.2085E+00  0.0000E+00  0.0000E+00
 6.9730E-01  7.0000E-01  6.9730E-01  1.0000E+00  2.2141E+00  0.0000E+00  0.0000E+00
 6.9865E-01  7.0000E-01  6.9865E-01  1.0000E+00  2.2196E+00  0.0000E+00  0.0000E+00
 7.0000E-01  7.0000E-01  7.0000E-01  1.0000E+00  2.2252E+00  0.0000E+00  0.0000E+00
 7.0135E-01  7.0000E-01  7.0135E-01  1.0000E+00  2.2307E+00  0.0000E+00  0.0000E+00
 7.0270E-01  7.0000E-01  7.0270E-01  1.0000E+00  2.2363E+00  0.0000E+00  0.0000E+00
----------------------------------------------------------------------------------- 
 => Geometry and Flows
 r           gamma_e_s   gamma_p_s   mach_s      z_eff_s     nu_s        (null)      
----------------------------------------------------------------------------------- 
 6.9594E-01  0.0000E+00  0.0000E+00  0.0000E+00  1.3367E+00  0.0000E+00  0.0000E+00
 6.9730E-01  0.0000E+00  0.0000E+00  0.0000E+00  1.3367E+00  0.0000E+00  0.0000E+00
 6.9865E-01  0.0000E+00  0.0000E+00  0.0000E+00  1.3367E+00  0.0000E+00  0.0000E+00
 7.0000E-01  0.0000E+00  0.0000E+00  0.0000E+00  1.3367E+00  0.0000E+00  0.0000E+00
 7.0135E-01  0.0000E+00  0.0000E+00  0.0000E+00  1.3367E+00  0.0000E+00  0.0000E+00
 7.0270E-01  0.0000E+00  0.0000E+00  0.0000E+00  1.3367E+00  0.0000E+00  0.0000E+00
----------------------------------------------------------------------------------- 
 => Geometry and Flows
 r           gamma_t_s   gamma_n_s   gamma_eb_s  gamma_HB    w0_s        w0p_s       
----------------------------------------------------------------------------------- 
 6.9594E-01  7.5265E-03  3.6646E-03  0.0000E+00  0.0000E+00  0.0000E+00  0.0000E+00
 6.9730E-01  7.4931E-03  3.6484E-03  0.0000E+00  0.0000E+00  0.0000E+00  0.0000E+00
 6.9865E-01  7.4599E-03  3.6322E-03  0.0000E+00  0.0000E+00  0.0000E+00  0.0000E+00
 7.0000E-01  7.4269E-03  3.6161E-03  0.0000E+00  0.0000E+00  0.0000E+00  0.0000E+00
 7.0135E-01  7.3941E-03  3.6002E-03  0.0000E+00  0.0000E+00  0.0000E+00  0.0000E+00
 7.0270E-01  7.3615E-03  3.5843E-03  0.0000E+00  0.0000E+00  0.0000E+00  0.0000E+00
----------------------------------------------------------------------------------- 
 => Geometry and Flows
 r           (null)      (null)      (null)      zmag_s      V (volume)  dV/dr       
----------------------------------------------------------------------------------- 
 6.9594E-01  0.0000E+00  0.0000E+00  0.0000E+00  0.0000E+00  3.5456E+01  1.0420E+02
 6.9730E-01  0.0000E+00  0.0000E+00  0.0000E+00  0.0000E+00  3.5456E+01  1.0420E+02
 6.9865E-01  0.0000E+00  0.0000E+00  0.0000E+00  0.0000E+00  3.5456E+01  1.0420E+02
 7.0000E-01  0.0000E+00  0.0000E+00  0.0000E+00  0.0000E+00  3.5456E+01  1.0420E+02
 7.0135E-01  0.0000E+00  0.0000E+00  0.0000E+00  0.0000E+00  3.5456E+01  1.0420E+02
 7.0270E-01  0.0000E+00  0.0000E+00  0.0000E+00  0.0000E+00  3.5456E+01  1.0420E+02
