   6
   8
   4
   4
   8
   1
  30
   1
  10
   0
   0
   4
   1
   2
   2
   2
   0
   1
   0
   1
 6.95943051E-01
 6.97295368E-01
 6.98647684E-01
 7.00000000E-01
 7.01352316E-01
 7.02704632E-01
 2.20852074E+00
 2.21407630E+00
 2.21963185E+00
 2.22518741E+00
 2.23074297E+00
 2.23629852E+00
 7.00000000E-01
 7.00000000E-01
 7.00000000E-01
 7.00000000E-01
 7.00000000E-01
 7.00000000E-01
 2.22518741E+00
 2.22518741E+00
 2.22518741E+00
 2.22518741E+00
 2.22518741E+00
 2.22518741E+00
 1.88428205E+00
 3.40091275E+00
 1.88428205E+00
 3.40091275E+00
 1.88428205E+00
 3.40091275E+00
 1.88428205E+00
 3.40091275E+00
 1.88428205E+00
 3.40091275E+00
 1.88428205E+00
 3.40091275E+00
 9.56934309E-01
 9.56934309E-01
 9.56934309E-01
 9.56934309E-01
 9.56934309E-01
 9.56934309E-01
 9.56934309E-01
 9.56934309E-01
 9.56934309E-01
 9.56934309E-01
 9.56934309E-01
 9.56934309E-01
 9.58736675E-01
 1.00000000E+00
 9.58736675E-01
 1.00000000E+00
 9.58736675E-01
 1.00000000E+00
 9.58736675E-01
 1.00000000E+00
 9.58736675E-01
 1.00000000E+00
 9.58736675E-01
 1.00000000E+00
 1.00000000E+00
 1.00000000E+00
 1.00000000E+00
 1.00000000E+00
 1.00000000E+00
 1.00000000E+00
 1.00000000E+00
 1.00000000E+00
 1.00000000E+00
 1.00000000E+00
 1.00000000E+00
 1.00000000E+00
 4.00879161E+00
 4.00879161E+00
 4.00879161E+00
 4.00879161E+00
 4.00879161E+00
 4.00879161E+00
 1.50912571E-01
 1.50912571E-01
 1.50912571E-01
 1.50912571E-01
 1.50912571E-01
 1.50912571E-01
-8.11282570E-03
-8.11282570E-03
-8.11282570E-03
-8.11282570E-03
-8.11282570E-03
-8.11282570E-03
 1.32812021E+00
 1.32812021E+00
 1.32812021E+00
 1.32812021E+00
 1.32812021E+00
 1.32812021E+00
-9.46198863E-02
-9.46198863E-02
-9.46198863E-02
-9.46198863E-02
-9.46198863E-02
-9.46198863E-02
 1.29235158E+00
 1.29235158E+00
 1.29235158E+00
 1.29235158E+00
 1.29235158E+00
 1.29235158E+00
 2.39123840E-01
 2.39123840E-01
 2.39123840E-01
 2.39123840E-01
 2.39123840E-01
 2.39123840E-01
-1.80337274E-02
-1.80337274E-02
-1.80337274E-02
-1.80337274E-02
-1.80337274E-02
-1.80337274E-02
 1.24590280E-01
 1.24590280E-01
 1.24590280E-01
 1.24590280E-01
 1.24590280E-01
 1.24590280E-01
 0.00000000E+00
 0.00000000E+00
 0.00000000E+00
 0.00000000E+00
 0.00000000E+00
 0.00000000E+00
 0.00000000E+00
 0.00000000E+00
 0.00000000E+00
 0.00000000E+00
 0.00000000E+00
 0.00000000E+00
 1.05068498E-03
 1.05068498E-03
 1.05068498E-03
 1.05068498E-03
 1.05068498E-03
 1.05068498E-03
 0.00000000E+00
 0.00000000E+00
 0.00000000E+00
 0.00000000E+00
 0.00000000E+00
 0.00000000E+00
 0.00000000E+00
 0.00000000E+00
 0.00000000E+00
 0.00000000E+00
 0.00000000E+00
 0.00000000E+00
 0.00000000E+00
 0.00000000E+00
 0.00000000E+00
 0.00000000E+00
 0.00000000E+00
 0.00000000E+00
 1.00000000E+00
 1.00000000E+00
 1.00000000E+00
 1.00000000E+00
 1.00000000E+00
 1.00000000E+00
 1.00000000E+00
 1.00000000E+00
 1.00000000E+00
 1.00000000E+00
 1.00000000E+00
 1.00000000E+00
 1.33672492E+00
 1.33672492E+00
 1.33672492E+00
 1.33672492E+00
 1.33672492E+00
 1.33672492E+00
 0.00000000E+00
 0.00000000E+00
 0.00000000E+00
 0.00000000E+00
 0.00000000E+00
 0.00000000E+00
 0.00000000E+00
 0.00000000E+00
 0.00000000E+00
 0.00000000E+00
 0.00000000E+00
 0.00000000E+00
 1.00000000E+00
 1.08453064E-01
 4.75415216E-01
 8.56149432E-01
 1.06312849E+00
 1.12510709E+00
 1.26705814E+00
 1.51304901E+00
 1.74892200E+00
 1.08672455E-01
 3.53152937E-01
 7.00893406E-01
 1.17319641E+00
 1.82319096E+00
 2.77512844E+00
 4.38056394E+00
 6.00000000E+00
 1.09903433E+00
 9.00000000E-01
 9.43740734E-03
 1.00000000E+00
-1.00000000E+00
   1
   2
