 0.0000E+00  0.0000E+00
 4.1748E-03  3.7705E-02
 2.9317E-03  3.3929E-02
 2.0753E-03  3.3633E-02
 1.6300E-03  3.3260E-02
 1.3885E-03  3.2637E-02
 1.2512E-03  3.1715E-02
 1.1738E-03  3.0814E-02
 1.1380E-03  3.0432E-02
 1.1254E-03  3.0755E-02
 1.1263E-03  3.1524E-02
 1.1315E-03  3.2327E-02
 1.1349E-03  3.2872E-02
 1.1339E-03  3.3075E-02
 1.1288E-03  3.3002E-02
 1.1219E-03  3.2777E-02
 1.1156E-03  3.2513E-02
 1.1119E-03  3.2292E-02
 1.1112E-03  3.2159E-02
 1.1129E-03  3.2126E-02
 1.1159E-03  3.2169E-02
 1.1190E-03  3.2249E-02
 1.1211E-03  3.2325E-02
 1.1220E-03  3.2372E-02
 1.1217E-03  3.2384E-02
 1.1209E-03  3.2367E-02
 1.1199E-03  3.2336E-02
 1.1193E-03  3.2305E-02
 1.1191E-03  3.2284E-02
 1.1193E-03  3.2276E-02
 1.1198E-03  3.2281E-02
 1.1203E-03  3.2292E-02
 1.1209E-03  3.2306E-02
 1.1212E-03  3.2316E-02
