 0.0000E+00  0.0000E+00  0.0000E+00  0.0000E+00
-2.2530E-01  2.7736E-01  3.5743E-01  3.5618E-01
-2.3765E-01  2.5047E-01  2.6686E-01  1.9180E-01
-2.5161E-01  1.9035E-01  2.2501E-01  1.0227E-01
-2.7828E-01  1.5352E-01  1.7416E-01  8.0126E-02
-3.1214E-01  1.3245E-01  1.1307E-01  9.8149E-02
-3.4579E-01  1.3021E-01  6.6788E-02  1.1647E-01
-3.7211E-01  1.4502E-01  6.7008E-02  9.5135E-02
-3.8257E-01  1.7048E-01  8.7387E-02  6.0034E-02
-3.7482E-01  1.9285E-01  6.7013E-02  6.1419E-02
-3.5854E-01  2.0241E-01  3.0838E-02  6.7061E-02
-3.4361E-01  2.0082E-01  2.4959E-02  5.9012E-02
-3.3389E-01  1.9310E-01  3.1078E-02  3.8944E-02
-3.2989E-01  1.8342E-01  3.6081E-02  1.7498E-02
-3.3070E-01  1.7463E-01  3.1007E-02  1.0388E-02
-3.3476E-01  1.6848E-01  2.0044E-02  1.5568E-02
-3.4025E-01  1.6570E-01  9.0631E-03  1.8726E-02
-3.4534E-01  1.6613E-01  6.1250E-03  1.5647E-02
-3.4871E-01  1.6875E-01  1.0752E-02  8.9954E-03
-3.4982E-01  1.7210E-01  1.1333E-02  4.8336E-03
-3.4906E-01  1.7489E-01  8.2318E-03  5.8089E-03
-3.4731E-01  1.7641E-01  4.9624E-03  7.4903E-03
-3.4551E-01  1.7663E-01  4.4316E-03  6.5630E-03
-3.4427E-01  1.7594E-01  4.5132E-03  4.1320E-03
-3.4382E-01  1.7486E-01  4.8743E-03  2.0435E-03
-3.4409E-01  1.7388E-01  3.8091E-03  2.2506E-03
-3.4479E-01  1.7328E-01  2.0263E-03  3.0240E-03
-3.4560E-01  1.7316E-01  8.4285E-04  2.9623E-03
-3.4625E-01  1.7342E-01  1.2980E-03  2.0950E-03
-3.4660E-01  1.7387E-01  1.7234E-03  1.0071E-03
-3.4665E-01  1.7432E-01  1.5171E-03  6.7850E-04
-3.4648E-01  1.7463E-01  9.4456E-04  9.1752E-04
-3.4622E-01  1.7475E-01  4.3364E-04  1.0616E-03
-3.4599E-01  1.7469E-01  4.0114E-04  8.5349E-04
