 5.49116792E-17  6.09803387E-17  7.73806852E-17  9.07866150E-17  3.51220707E-11  9.11035860E-24  0.00000000E+00  0.00000000E+00
 4.24012536E-01  4.24012536E-01  9.26522322E-01  1.04588275E+00 -1.09426268E-06 -3.56454011E-07  1.23356242E+00  7.34413966E-01
 3.16889439E-01  3.16889439E-01  1.11450711E+00  1.08580291E+00 -1.42365136E-05  4.10406128E-07  8.86425155E-01  6.95742934E-01
 1.96617798E-01  1.96617798E-01  1.21859060E+00  9.76036800E-01 -2.32111469E-05  7.67881452E-07  6.94188664E-01  5.10288839E-01
 9.94153185E-02  9.94153185E-02  1.31795802E+00  8.55003427E-01 -4.14612493E-05  8.94335516E-07  6.26672649E-01  3.41379025E-01
 3.24259882E-02  3.24259882E-02  1.43101450E+00  7.49558697E-01 -7.13693295E-05  9.64243598E-07  6.32428505E-01  2.06463726E-01
 3.98248248E-03  3.98248248E-03  1.55736196E+00  6.69126193E-01 -1.12441264E-04  8.83647944E-07  7.05011995E-01  1.33695222E-01
 1.72917565E-02  1.72917565E-02  1.67433148E+00  6.20525975E-01 -1.59361945E-04  6.95068426E-07  8.09714828E-01  1.37903454E-01
 6.11821539E-02  6.11821539E-02  1.74983478E+00  6.08586781E-01 -2.02679023E-04  4.93306691E-07  9.04396850E-01  2.06953115E-01
 1.11496710E-01  1.11496710E-01  1.76768262E+00  6.28117242E-01 -2.34595583E-04  3.77557699E-07  9.56436388E-01  2.99417443E-01
 1.47010487E-01  1.47010487E-01  1.73969901E+00  6.62952296E-01 -2.53983230E-04  3.77795045E-07  9.61099524E-01  3.72854382E-01
 1.60577084E-01  1.60577084E-01  1.69156876E+00  6.96023603E-01 -2.65138189E-04  4.58726282E-07  9.34035073E-01  4.08052362E-01
 1.56298835E-01  1.56298835E-01  1.64487415E+00  7.17550753E-01 -2.73238369E-04  5.66642546E-07  8.94942679E-01  4.08169257E-01
 1.42122988E-01  1.42122988E-01  1.61110372E+00  7.25445399E-01 -2.81741935E-04  6.60817780E-07  8.58401037E-01  3.86230547E-01
 1.25393813E-01  1.25393813E-01  1.59362051E+00  7.22258946E-01 -2.92085179E-04  7.20147207E-07  8.32557426E-01  3.55987588E-01
 1.11429491E-01  1.11429491E-01  1.59082525E+00  7.12480760E-01 -3.04163217E-04  7.39511570E-07  8.20411831E-01  3.28309424E-01
 1.03263687E-01  1.03263687E-01  1.59831208E+00  7.00882989E-01 -3.16862719E-04  7.25325791E-07  8.21044049E-01  3.10141447E-01
 1.01633158E-01  1.01633158E-01  1.61041737E+00  6.91438320E-01 -3.28599689E-04  6.91459379E-07  8.30628543E-01  3.04121479E-01
 1.05230320E-01  1.05230320E-01  1.62176695E+00  6.86500208E-01 -3.37913276E-04  6.54373413E-07  8.43856869E-01  3.08772674E-01
 1.11461362E-01  1.11461362E-01  1.62874371E+00  6.86418640E-01 -3.44003928E-04  6.27684703E-07  8.55731209E-01  3.19693931E-01
 1.17587722E-01  1.17587722E-01  1.63025914E+00  6.89856393E-01 -3.46963730E-04  6.18113119E-07  8.63099492E-01  3.31650084E-01
 1.21721541E-01  1.21721541E-01  1.62742821E+00  6.94686234E-01 -3.47588292E-04  6.24804446E-07  8.65229124E-01  3.40619783E-01
 1.23223673E-01  1.23223673E-01  1.62247872E+00  6.98968064E-01 -3.46943241E-04  6.41789574E-07  8.63302176E-01  3.44825096E-01
 1.22501401E-01  1.22501401E-01  1.61761033E+00  7.01548782E-01 -3.45961993E-04  6.61574738E-07  8.59375108E-01  3.44580672E-01
 1.20515248E-01  1.20515248E-01  1.61428627E+00  7.02173915E-01 -3.45232754E-04  6.77993208E-07  8.55420271E-01  3.41470107E-01
 1.18294529E-01  1.18294529E-01  1.61302909E+00  7.01266375E-01 -3.44973448E-04  6.87616641E-07  8.52752645E-01  3.37426705E-01
 1.16608497E-01  1.16608497E-01  1.61357009E+00  6.99579497E-01 -3.45121622E-04  6.89899165E-07  8.51855880E-01  3.34043032E-01
 1.15821448E-01  1.15821448E-01  1.61517425E+00  6.97870498E-01 -3.45467745E-04  6.86493211E-07  8.52501530E-01  3.32207141E-01
 1.15906906E-01  1.15906906E-01  1.61699966E+00  6.96673204E-01 -3.45782188E-04  6.80163222E-07  8.54035771E-01  3.32049764E-01
 1.16572158E-01  1.16572158E-01  1.61838671E+00  6.96202042E-01 -3.45904883E-04  6.73676324E-07  8.55710246E-01  3.33129058E-01
 1.17429139E-01  1.17429139E-01  1.61901134E+00  6.96380354E-01 -3.45783100E-04  6.68986395E-07  8.56948600E-01  3.34739044E-01
 1.18146563E-01  1.18146563E-01  1.61888880E+00  6.96951778E-01 -3.45460580E-04  6.66891216E-07  8.57481228E-01  3.36213891E-01
 1.18538644E-01  1.18538644E-01  1.61826704E+00  6.97615778E-01 -3.45036279E-04  6.67149247E-07  8.57340329E-01  3.37129459E-01
 1.18579548E-01  1.18579548E-01  1.61747733E+00  6.98135759E-01 -3.44616443E-04  6.68885106E-07  8.56758449E-01  3.37365062E-01
