 1.61470322E-01
 1.61470322E-01
 3.68585104E-01
 4.89562686E-01
 5.34210391E-01
 5.11551102E-01
 4.37962747E-01
 3.37919730E-01
 2.48784147E-01
 2.05700732E-01
 2.16310259E-01
 2.58476166E-01
 3.03455362E-01
 3.33747596E-01
 3.44618965E-01
 3.39007529E-01
 3.23194168E-01
 3.04291886E-01
 2.88526116E-01
 2.79788188E-01
 2.78841834E-01
 2.83706939E-01
 2.91059582E-01
 2.97800679E-01
 3.02027577E-01
 3.03233783E-01
 3.01989555E-01
 2.99422481E-01
 2.96714905E-01
 2.94737664E-01
 2.93877331E-01
 2.94058056E-01
 2.94902609E-01
 2.95942730E-01
