 i    energy(i)    w_energy(i) 
--- ------------  ------------ 
 1  0.1086724547  0.0642644789
 2  0.3531529368  0.1388201408
 3  0.7008934061  0.1895054690
 4  1.1731964060  0.2074366620
 5  1.8231909594  0.1895054690
 6  2.7751284427  0.1388201408
 7  4.3805639357  0.0642644789
 8  6.0000000000  0.0073831605
 
 k   tau(k)/2pi     s_lambda(k)   lambda(k)   w_lambda(k)
--- ------------  ------------ ------------  -----------
 1  1.0325783811  0.0464638016  0.1182575411  0.0581961299
 2  1.2684244982  0.2208423971  0.5112086949  0.1091039112
 3  1.8298515708  0.4483577673  0.9013886432  0.1091039112
 4  3.0854434500  0.6227363628  1.0994278185  0.0581961299
lambda-TP:                      1.1314269508
 5  3.6789535750  0.6921682070  1.1449494093  0.0287675814
 6  2.5427826896  0.7783672455  1.2202303049  0.0539323775
 7  2.0242441909  0.8908329189  1.3488299897  0.0539323775
 8  1.7597642059  0.9770319574  1.4662211668  0.0287675814
lambda-MAX:                     1.5003533442
 
 k   tau(k)/2pi     s_lambda(k)   lambda(k)   w_lambda(k)
--- ------------  ------------ ------------  -----------
 1  1.0325783811  0.0464638016  0.1182575411  0.0581961299
 2  1.2684244982  0.2208423971  0.5112086949  0.1091039112
 3  1.8298515708  0.4483577673  0.9013886432  0.1091039112
 4  3.0854434500  0.6227363628  1.0994278185  0.0581961299
lambda-TP:                      1.1314269508
 5  3.6789535750  0.6921682070  1.1449494093  0.0287675814
 6  2.5427826896  0.7783672455  1.2202303049  0.0539323775
 7  2.0242441909  0.8908329189  1.3488299897  0.0539323775
 8  1.7597642059  0.9770319574  1.4662211668  0.0287675814
lambda-MAX:                     1.5003533442
