   6
   8
   4
   4
   8
   1
  30
   1
  10
   0
   0
   4
   1
   2
   2
   2
   0
   1
   0
   1
 3.75094267E-01
 3.83396178E-01
 3.91698089E-01
 4.00000000E-01
 4.08301911E-01
 4.16603822E-01
 1.60362574E+00
 1.60918130E+00
 1.61473686E+00
 1.62029241E+00
 1.62584797E+00
 1.63140352E+00
 4.00000000E-01
 4.00000000E-01
 4.00000000E-01
 4.00000000E-01
 4.00000000E-01
 4.00000000E-01
 1.62029241E+00
 1.62029241E+00
 1.62029241E+00
 1.62029241E+00
 1.62029241E+00
 1.62029241E+00
 2.15688665E+00
 2.48790287E+00
 2.15688665E+00
 2.48790287E+00
 2.15688665E+00
 2.48790287E+00
 2.15688665E+00
 2.48790287E+00
 2.15688665E+00
 2.48790287E+00
 2.15688665E+00
 2.48790287E+00
 1.22047607E+00
 1.22047607E+00
 1.22047607E+00
 1.22047607E+00
 1.22047607E+00
 1.22047607E+00
 1.22047607E+00
 1.22047607E+00
 1.22047607E+00
 1.22047607E+00
 1.22047607E+00
 1.22047607E+00
 7.46352621E-01
 1.00000000E+00
 7.46352621E-01
 1.00000000E+00
 7.46352621E-01
 1.00000000E+00
 7.46352621E-01
 1.00000000E+00
 7.46352621E-01
 1.00000000E+00
 7.46352621E-01
 1.00000000E+00
 1.00000000E+00
 1.00000000E+00
 1.00000000E+00
 1.00000000E+00
 1.00000000E+00
 1.00000000E+00
 1.00000000E+00
 1.00000000E+00
 1.00000000E+00
 1.00000000E+00
 1.00000000E+00
 1.00000000E+00
 7.08003287E+00
 7.08003287E+00
 7.08003287E+00
 7.08003287E+00
 7.08003287E+00
 7.08003287E+00
 7.94656131E-02
 7.94656131E-02
 7.94656131E-02
 7.94656131E-02
 7.94656131E-02
 7.94656131E-02
-2.05851371E-03
-2.05851371E-03
-2.05851371E-03
-2.05851371E-03
-2.05851371E-03
-2.05851371E-03
 1.29313583E+00
 1.29313583E+00
 1.29313583E+00
 1.29313583E+00
 1.29313583E+00
 1.29313583E+00
-8.11591834E-02
-8.11591834E-02
-8.11591834E-02
-8.11591834E-02
-8.11591834E-02
-8.11591834E-02
 1.65202272E-01
 1.65202272E-01
 1.65202272E-01
 1.65202272E-01
 1.65202272E-01
 1.65202272E-01
 7.50629999E-02
 7.50629999E-02
 7.50629999E-02
 7.50629999E-02
 7.50629999E-02
 7.50629999E-02
-4.91319551E-03
-4.91319551E-03
-4.91319551E-03
-4.91319551E-03
-4.91319551E-03
-4.91319551E-03
 1.36570821E-02
 1.36570821E-02
 1.36570821E-02
 1.36570821E-02
 1.36570821E-02
 1.36570821E-02
 0.00000000E+00
 0.00000000E+00
 0.00000000E+00
 0.00000000E+00
 0.00000000E+00
 0.00000000E+00
 0.00000000E+00
 0.00000000E+00
 0.00000000E+00
 0.00000000E+00
 0.00000000E+00
 0.00000000E+00
 3.64308334E-03
 3.64308334E-03
 3.64308334E-03
 3.64308334E-03
 3.64308334E-03
 3.64308334E-03
 0.00000000E+00
 0.00000000E+00
 0.00000000E+00
 0.00000000E+00
 0.00000000E+00
 0.00000000E+00
 0.00000000E+00
 0.00000000E+00
 0.00000000E+00
 0.00000000E+00
 0.00000000E+00
 0.00000000E+00
 0.00000000E+00
 0.00000000E+00
 0.00000000E+00
 0.00000000E+00
 0.00000000E+00
 0.00000000E+00
 1.00000000E+00
 1.00000000E+00
 1.00000000E+00
 1.00000000E+00
 1.00000000E+00
 1.00000000E+00
 1.00000000E+00
 1.00000000E+00
 1.00000000E+00
 1.00000000E+00
 1.00000000E+00
 1.00000000E+00
 1.28816778E+00
 1.28816778E+00
 1.28816778E+00
 1.28816778E+00
 1.28816778E+00
 1.28816778E+00
 0.00000000E+00
 0.00000000E+00
 0.00000000E+00
 0.00000000E+00
 0.00000000E+00
 0.00000000E+00
 0.00000000E+00
 0.00000000E+00
 0.00000000E+00
 0.00000000E+00
 0.00000000E+00
 0.00000000E+00
 1.00000000E+00
 1.18257541E-01
 5.11208695E-01
 9.01388643E-01
 1.09942782E+00
 1.14494941E+00
 1.22023030E+00
 1.34882999E+00
 1.46622117E+00
 1.08672455E-01
 3.53152937E-01
 7.00893406E-01
 1.17319641E+00
 1.82319096E+00
 2.77512844E+00
 4.38056394E+00
 6.00000000E+00
 1.13142695E+00
 9.00000000E-01
 7.40607061E-03
 1.00000000E+00
-1.00000000E+00
   1
   2
