----------------------------------------------------------------------------------- 
 => ion # 1
 r           dlntdr_s    dlnndr_s    tem_s       den_s       alpha_s     (null)      
----------------------------------------------------------------------------------- 
 3.7509E-01  2.1569E+00  1.2205E+00  7.4635E-01  1.0000E+00  1.3398E+00  0.0000E+00
 3.8340E-01  2.1569E+00  1.2205E+00  7.4635E-01  1.0000E+00  1.3398E+00  0.0000E+00
 3.9170E-01  2.1569E+00  1.2205E+00  7.4635E-01  1.0000E+00  1.3398E+00  0.0000E+00
 4.0000E-01  2.1569E+00  1.2205E+00  7.4635E-01  1.0000E+00  1.3398E+00  0.0000E+00
 4.0830E-01  2.1569E+00  1.2205E+00  7.4635E-01  1.0000E+00  1.3398E+00  0.0000E+00
 4.1660E-01  2.1569E+00  1.2205E+00  7.4635E-01  1.0000E+00  1.3398E+00  0.0000E+00
----------------------------------------------------------------------------------- 
=> electrons
 r           dlntdr_s    dlnndr_s    tem_s       den_s       alpha_s     (null)      
----------------------------------------------------------------------------------- 
 3.7509E-01  2.4879E+00  1.2205E+00  1.0000E+00  1.0000E+00  1.0000E+00  0.0000E+00
 3.8340E-01  2.4879E+00  1.2205E+00  1.0000E+00  1.0000E+00  1.0000E+00  0.0000E+00
 3.9170E-01  2.4879E+00  1.2205E+00  1.0000E+00  1.0000E+00  1.0000E+00  0.0000E+00
 4.0000E-01  2.4879E+00  1.2205E+00  1.0000E+00  1.0000E+00  1.0000E+00  0.0000E+00
 4.0830E-01  2.4879E+00  1.2205E+00  1.0000E+00  1.0000E+00  1.0000E+00  0.0000E+00
 4.1660E-01  2.4879E+00  1.2205E+00  1.0000E+00  1.0000E+00  1.0000E+00  0.0000E+00
----------------------------------------------------------------------------------- 
 => Geometry
 r           q_s         shat_s      kappa_s     s_kappa_s   delta_s     s_delta_s   
----------------------------------------------------------------------------------- 
 3.7509E-01  1.6203E+00  1.6520E-01  1.2931E+00  1.3657E-02  7.9466E-02  7.5063E-02
 3.8340E-01  1.6203E+00  1.6520E-01  1.2931E+00  1.3657E-02  7.9466E-02  7.5063E-02
 3.9170E-01  1.6203E+00  1.6520E-01  1.2931E+00  1.3657E-02  7.9466E-02  7.5063E-02
 4.0000E-01  1.6203E+00  1.6520E-01  1.2931E+00  1.3657E-02  7.9466E-02  7.5063E-02
 4.0830E-01  1.6203E+00  1.6520E-01  1.2931E+00  1.3657E-02  7.9466E-02  7.5063E-02
 4.1660E-01  1.6203E+00  1.6520E-01  1.2931E+00  1.3657E-02  7.9466E-02  7.5063E-02
----------------------------------------------------------------------------------- 
 => Geometry
 r           R/r         drmaj_s     b_unit_s    beta_unit_s rhosda_s    (null)      
----------------------------------------------------------------------------------- 
 3.7509E-01  7.0800E+00 -8.1159E-02  1.0000E+00  3.6431E-03  7.4061E-03  0.0000E+00
 3.8340E-01  7.0800E+00 -8.1159E-02  1.0000E+00  3.6431E-03  7.4061E-03  0.0000E+00
 3.9170E-01  7.0800E+00 -8.1159E-02  1.0000E+00  3.6431E-03  7.4061E-03  0.0000E+00
 4.0000E-01  7.0800E+00 -8.1159E-02  1.0000E+00  3.6431E-03  7.4061E-03  0.0000E+00
 4.0830E-01  7.0800E+00 -8.1159E-02  1.0000E+00  3.6431E-03  7.4061E-03  0.0000E+00
 4.1660E-01  7.0800E+00 -8.1159E-02  1.0000E+00  3.6431E-03  7.4061E-03  0.0000E+00
----------------------------------------------------------------------------------- 
 => Geometry and Flows
 r           r_s         r_e         dr_eodr     q           (null)      (null)      
----------------------------------------------------------------------------------- 
 3.7509E-01  4.0000E-01  3.7509E-01  1.0000E+00  1.6036E+00  0.0000E+00  0.0000E+00
 3.8340E-01  4.0000E-01  3.8340E-01  1.0000E+00  1.6092E+00  0.0000E+00  0.0000E+00
 3.9170E-01  4.0000E-01  3.9170E-01  1.0000E+00  1.6147E+00  0.0000E+00  0.0000E+00
 4.0000E-01  4.0000E-01  4.0000E-01  1.0000E+00  1.6203E+00  0.0000E+00  0.0000E+00
 4.0830E-01  4.0000E-01  4.0830E-01  1.0000E+00  1.6258E+00  0.0000E+00  0.0000E+00
 4.1660E-01  4.0000E-01  4.1660E-01  1.0000E+00  1.6314E+00  0.0000E+00  0.0000E+00
----------------------------------------------------------------------------------- 
 => Geometry and Flows
 r           gamma_e_s   gamma_p_s   mach_s      z_eff_s     nu_s        (null)      
----------------------------------------------------------------------------------- 
 3.7509E-01  0.0000E+00  0.0000E+00  0.0000E+00  1.2882E+00  0.0000E+00  0.0000E+00
 3.8340E-01  0.0000E+00  0.0000E+00  0.0000E+00  1.2882E+00  0.0000E+00  0.0000E+00
 3.9170E-01  0.0000E+00  0.0000E+00  0.0000E+00  1.2882E+00  0.0000E+00  0.0000E+00
 4.0000E-01  0.0000E+00  0.0000E+00  0.0000E+00  1.2882E+00  0.0000E+00  0.0000E+00
 4.0830E-01  0.0000E+00  0.0000E+00  0.0000E+00  1.2882E+00  0.0000E+00  0.0000E+00
 4.1660E-01  0.0000E+00  0.0000E+00  0.0000E+00  1.2882E+00  0.0000E+00  0.0000E+00
----------------------------------------------------------------------------------- 
 => Geometry and Flows
 r           gamma_t_s   gamma_n_s   gamma_eb_s  gamma_HB    w0_s        w0p_s       
----------------------------------------------------------------------------------- 
 3.7509E-01 -3.5888E-02 -1.5156E-02  0.0000E+00  0.0000E+00  0.0000E+00  0.0000E+00
 3.8340E-01 -3.5038E-02 -1.4797E-02  0.0000E+00  0.0000E+00  0.0000E+00  0.0000E+00
 3.9170E-01 -3.4177E-02 -1.4434E-02  0.0000E+00  0.0000E+00  0.0000E+00  0.0000E+00
 4.0000E-01 -3.3352E-02 -1.4085E-02  0.0000E+00  0.0000E+00  0.0000E+00  0.0000E+00
 4.0830E-01 -3.2562E-02 -1.3752E-02  0.0000E+00  0.0000E+00  0.0000E+00  0.0000E+00
 4.1660E-01 -3.1764E-02 -1.3415E-02  0.0000E+00  0.0000E+00  0.0000E+00  0.0000E+00
----------------------------------------------------------------------------------- 
 => Geometry and Flows
 r           (null)      (null)      (null)      zmag_s      V (volume)  dV/dr       
----------------------------------------------------------------------------------- 
 3.7509E-01  0.0000E+00  0.0000E+00  0.0000E+00  0.0000E+00  1.1513E+01  5.7352E+01
 3.8340E-01  0.0000E+00  0.0000E+00  0.0000E+00  0.0000E+00  1.1513E+01  5.7352E+01
 3.9170E-01  0.0000E+00  0.0000E+00  0.0000E+00  0.0000E+00  1.1513E+01  5.7352E+01
 4.0000E-01  0.0000E+00  0.0000E+00  0.0000E+00  0.0000E+00  1.1513E+01  5.7352E+01
 4.0830E-01  0.0000E+00  0.0000E+00  0.0000E+00  0.0000E+00  1.1513E+01  5.7352E+01
 4.1660E-01  0.0000E+00  0.0000E+00  0.0000E+00  0.0000E+00  1.1513E+01  5.7352E+01
