[GYRO MPI tasks: 1]
[Parsing data in input.gyro]
 -----------------------------------------------
 operational mode     : FIELD EIGENVALUE
 boundary conditions  : PERIODIC
 profiles             : FLAT
 geometry             : MODEL SHAPE
 electron_method      : ALL SPECIES GYROKINETIC
 fluctuations         : ELECTROSTATIC
 gyro_method          : ORIGINAL (INTEGRATED) POLARIZATION
 fluctuation output   : PHI( ) N( ) E( ) V( )                   
 radial grid          : UNIFORM
 integrator_method    : RK2
 field solve          : UMFPACK (SEQUENTIAL)
 source_flag          : SOURCE OFF
 pitch-angle coll.    : OFF
 rotation parameters  : CANDY METHOD
 nonlinear dynamics   : OFF
 linear diffusivity   : RESPONSE FUNCTION
 -----------------------------------------------
----------------------------------------------------------
INFO: Forcing up-down symmetry (UDSYMMETRY_FLAG=1).
----------------------------------------------------------
----------------------------------------------------------
INFO: You are using TOROIDAL_REFERENCE=-1
----------------------------------------------------------
----------------------------------------------------------
INFO: TOROIDAL_REFERENCE reset to lowest nonzero mode.
----------------------------------------------------------
----------------------------------------------------------
INFO: nu_ii rescaled by: 0.000
----------------------------------------------------------
 ----------- SPARSE MATRIX STATS ---------------
 EXPLICIT POISSON:     n>0           
         nonzeros:     2304
           values:     6960
          indices:     9313
       iterations:        1
 
 ----------- UTILITY PARAMETERS ----------------
 Ion parallel motion     : ON
 Ion curvature drift     : ON
 Electron curvature drift: ON
 ----------- GRID DIMENSIONS -------------------
 n_n                  :    1
 n_x                  :    6
 n_stack              :   28
 n_blend              :    8
 n_pass               :    4
 n_trap               :    4
 n_energy             :    8
 n_field              :    1
 --
 n_spec               :    2
 n_ion                :    2
 n_kinetic            :    2
 n_gk                 :    2
 indx_e               :    2
 --
 FIELD POINTS:        :        48
 DIST. POINTS:        :     21504
 --
 energy_max           :   6.000000
 dt                   :   0.200000
 --------------- LOCAL PARAMETERS ---------------
  NOTE: use abs(SAFETY_FACTOR) as input
 # RADIUS [INPUT]     :   0.400000
 .RADIUS              :   0.400000
 .ASPECT_RATIO        :   2.832013
 .SHIFT               :  -0.081159
 .ZMAG                :   0.000000
 .DZMAG               :   0.000000
 .KAPPA               :   1.293136
 .S_KAPPA             :   0.013657
 .DELTA               :   0.079466
 .S_DELTA             :   0.075063
 .ZETA                :  -0.002059
 .S_ZETA              :  -0.004913
 .SAFETY_FACTOR       :   1.620292
 .SHEAR               :   0.165202
 .RHO_STAR            :   0.001646
 .Z_EFF               :   1.288168
 .MACH                :   0.000000
 .PGAMMA              :   0.000000
 .GAMMA_E             :   0.000000
 .LAMBDA_DEBYE        :   0.000000
 .NU_EI               :   0.000000
 .NU_I_KROOK          :   0.000000
 .IPCCW               :   1.000000
 .BTCCW               :  -1.000000
 # Ion  1
 .NI_OVER_NE          :   1.000000
 .TI_OVER_TE          :   0.746353
 .DLNNDR              :   1.220476
 .DLNTDR              :   2.156887
 .Z                   :   1.000000
 (NU_II)              :   0.000000
 .MU                  :   1.000000
 # Electrons
 .DLNNDR_ELECTRON     :   1.220476
 .DLNTDR_ELECTRON     :   2.487903
 (Z_ELECTRON)         :  -1.000000
 .BETAE_UNIT          :   0.002086
 .MU_ELECTRON         :  60.599098
 --------------- TGLF PARAMETERS ---------------
 Q_PRIME              :   2.710709
 P_PRIME              :   0.002094
 -------- LOCAL PARAMETERS (diagnostic) ----------
 n_i*z_i - n_e:       :   0.000000
 r/R0                 :   0.141242
 b_unit               :   1.000000
 beta_unit_norm       :   0.003643
 betai_unit           :   0.001557
 betae_unit_norm      :   0.002086
 beta_*               :   0.012995
 alpha_MHD            :   0.096615
 omega_00 (c_s/a)     :   0.000000
 * Note that f = f_sim exp(i n omega0[r0] t)
 -------- ALFVEN WAVE PARAMETERS (diagnostic) ----------
 (v_A/c_s)            :  30.959026
 Omega_TAE            :   3.373406
 Omega_A              :   6.746812
 ----------- UPWIND PARAMETERS -----------------
 radial_upwind        :   2.000000
 orbit_upwind         :   1.000000
 orbit_upwind (elec)  :   0.000000
 ----------- SOURCE PARAMETERS -----------------
 nu_source            :   0.100000
 n_source             :    1
 ----------- RADIAL DOMAIN PARAMETERS ----------
 s_grid               :   0.165202
 box_multiplier       :   1.000000
 L/a                  :   0.049811
 --
 explicit_damp(i)     :   0 (  1.0000)
 explicit_damp(e)     :   0 (  1.0000)
 --
 offset               :   0 (  0.0000)
 LEFT : r_a           :   0.375094
 LEFT : r_a_physical  :   0.375094
 NORM : r(ir_norm)    :   0.400000
 RIGHT: r_b_physical  :   0.416604
 RIGHT: r_b           :   0.416604
 ----------- PARALLELIZATION PARAMETERS --------
 (nek) per subgroup:  :        32
 (ine) per subgroup:  :        24
 ----------- TIME STEPPING PARAMETERS ----------
 plot_filter          :   1.000000
 time_skip            :     5
 restart_data_skip    :    10
 ----------- STABILITY PARAMETERS ----------------
 d/dtau Courant       :  19.743459
   d/dr Courant       :   0.161578
 ----------- SETUP TIMING ----------------------
 Grid Setup           :   0.097696
 Build radial ops     :   0.008935
 Build advection ops  :   0.000000
 Build field matrices :   0.037254
 
 TOTAL SETUP          :   0.155627
 -------- CENTRAL WAVENUMBERS SIMULATED -----------
     (k_y = nq/r, rho = rho_sD_unit)
 n =    30   k_y rho =  0.200 [ 0.200][ 0.200]
  
 min resolved k_x*rho_sD :  0.207599
 max resolved k_x*rho_sD :  0.311399
 --------------- CENTRAL BOX SIZE -----------------
 abs(Lx/rho_sD)       :    30.265927
 abs(Ly/rho_sD)       :    31.415927
 => abs(dx/rho_sD)    :     5.044321
 --------------------------------------------------
 ------------ GYRO-OPERATOR BANDWIDTH -------------
 => EXACT BESSEL.
 --------------------------------------------------
 PLEASE SEE: 
  - units.out for normalizing parameters
  - alloc.out for memory usage
  - efficiency.out for parallelization efficiency
  - phase_space.out for velocity-space nodes and weights
 -----------------------------------------------
 operational mode     : FIELD EIGENVALUE
 boundary conditions  : PERIODIC
 profiles             : FLAT
 geometry             : MODEL SHAPE
 electron_method      : ALL SPECIES GYROKINETIC
 fluctuations         : ELECTROSTATIC
 gyro_method          : ORIGINAL (INTEGRATED) POLARIZATION
 fluctuation output   : PHI( ) N( ) E( ) V( )                   
 radial grid          : UNIFORM
 integrator_method    : RK2
 field solve          : UMFPACK (SEQUENTIAL)
 source_flag          : SOURCE OFF
 pitch-angle coll.    : OFF
 rotation parameters  : CANDY METHOD
 nonlinear dynamics   : OFF
 linear diffusivity   : RESPONSE FUNCTION
 -----------------------------------------------
----------------------------------------------------------
INFO: Forcing up-down symmetry (UDSYMMETRY_FLAG=1).
----------------------------------------------------------
----------------------------------------------------------
INFO: You are using TOROIDAL_REFERENCE=-1
----------------------------------------------------------
----------------------------------------------------------
INFO: TOROIDAL_REFERENCE reset to lowest nonzero mode.
----------------------------------------------------------
----------------------------------------------------------
INFO: nu_ii rescaled by: 0.000
----------------------------------------------------------
 ----------- SPARSE MATRIX STATS ---------------
 EXPLICIT POISSON:     n>0           
         nonzeros:     2304
           values:     6960
          indices:     9313
       iterations:        1
 
 ----------- UTILITY PARAMETERS ----------------
 Ion parallel motion     : ON
 Ion curvature drift     : ON
 Electron curvature drift: ON
 ----------- GRID DIMENSIONS -------------------
 n_n                  :    1
 n_x                  :    6
 n_stack              :   28
 n_blend              :    8
 n_pass               :    4
 n_trap               :    4
 n_energy             :    8
 n_field              :    1
 --
 n_spec               :    2
 n_ion                :    2
 n_kinetic            :    2
 n_gk                 :    2
 indx_e               :    2
 --
 FIELD POINTS:        :        48
 DIST. POINTS:        :     21504
 --
 energy_max           :   6.000000
 dt                   :   0.200000
 --------------- LOCAL PARAMETERS ---------------
  NOTE: use abs(SAFETY_FACTOR) as input
 # RADIUS [INPUT]     :   0.400000
 .RADIUS              :   0.400000
 .ASPECT_RATIO        :   2.832013
 .SHIFT               :  -0.081159
 .ZMAG                :   0.000000
 .DZMAG               :   0.000000
 .KAPPA               :   1.293136
 .S_KAPPA             :   0.013657
 .DELTA               :   0.079466
 .S_DELTA             :   0.075063
 .ZETA                :  -0.002059
 .S_ZETA              :  -0.004913
 .SAFETY_FACTOR       :   1.620292
 .SHEAR               :   0.165202
 .RHO_STAR            :   0.002469
 .Z_EFF               :   1.288168
 .MACH                :   0.000000
 .PGAMMA              :   0.000000
 .GAMMA_E             :   0.000000
 .LAMBDA_DEBYE        :   0.000000
 .NU_EI               :   0.000000
 .NU_I_KROOK          :   0.000000
 .IPCCW               :   1.000000
 .BTCCW               :  -1.000000
 # Ion  1
 .NI_OVER_NE          :   1.000000
 .TI_OVER_TE          :   0.746353
 .DLNNDR              :   1.220476
 .DLNTDR              :   2.156887
 .Z                   :   1.000000
 (NU_II)              :   0.000000
 .MU                  :   1.000000
 # Electrons
 .DLNNDR_ELECTRON     :   1.220476
 .DLNTDR_ELECTRON     :   2.487903
 (Z_ELECTRON)         :  -1.000000
 .BETAE_UNIT          :   0.002086
 .MU_ELECTRON         :  60.599098
 --------------- TGLF PARAMETERS ---------------
 Q_PRIME              :   2.710709
 P_PRIME              :   0.002094
 -------- LOCAL PARAMETERS (diagnostic) ----------
 n_i*z_i - n_e:       :   0.000000
 r/R0                 :   0.141242
 b_unit               :   1.000000
 beta_unit_norm       :   0.003643
 betai_unit           :   0.001557
 betae_unit_norm      :   0.002086
 beta_*               :   0.012995
 alpha_MHD            :   0.096615
 omega_00 (c_s/a)     :   0.000000
 * Note that f = f_sim exp(i n omega0[r0] t)
 -------- ALFVEN WAVE PARAMETERS (diagnostic) ----------
 (v_A/c_s)            :  30.959026
 Omega_TAE            :   3.373406
 Omega_A              :   6.746812
 ----------- UPWIND PARAMETERS -----------------
 radial_upwind        :   2.000000
 orbit_upwind         :   1.000000
 orbit_upwind (elec)  :   0.000000
 ----------- SOURCE PARAMETERS -----------------
 nu_source            :   0.100000
 n_source             :    1
 ----------- RADIAL DOMAIN PARAMETERS ----------
 s_grid               :   0.165202
 box_multiplier       :   1.000000
 L/a                  :   0.049811
 --
 explicit_damp(i)     :   0 (  1.0000)
 explicit_damp(e)     :   0 (  1.0000)
 --
 offset               :   0 (  0.0000)
 LEFT : r_a           :   0.375094
 LEFT : r_a_physical  :   0.375094
 NORM : r(ir_norm)    :   0.400000
 RIGHT: r_b_physical  :   0.416604
 RIGHT: r_b           :   0.416604
 ----------- PARALLELIZATION PARAMETERS --------
 (nek) per subgroup:  :        32
 (ine) per subgroup:  :        24
 ----------- TIME STEPPING PARAMETERS ----------
 plot_filter          :   1.000000
 time_skip            :     5
 restart_data_skip    :    10
 ----------- STABILITY PARAMETERS ----------------
 d/dtau Courant       :  19.743459
   d/dr Courant       :   0.242367
 ----------- SETUP TIMING ----------------------
 Grid Setup           :   0.055886
 Build radial ops     :   0.008140
 Build advection ops  :   0.000000
 Build field matrices :   0.035075
 
 TOTAL SETUP          :   0.109344
 -------- CENTRAL WAVENUMBERS SIMULATED -----------
     (k_y = nq/r, rho = rho_sD_unit)
 n =    30   k_y rho =  0.300 [ 0.300][ 0.300]
  
 min resolved k_x*rho_sD :  0.311399
 max resolved k_x*rho_sD :  0.467098
 --------------- CENTRAL BOX SIZE -----------------
 abs(Lx/rho_sD)       :    20.177285
 abs(Ly/rho_sD)       :    20.943951
 => abs(dx/rho_sD)    :     3.362881
 --------------------------------------------------
 ------------ GYRO-OPERATOR BANDWIDTH -------------
 => EXACT BESSEL.
 --------------------------------------------------
 PLEASE SEE: 
  - units.out for normalizing parameters
  - alloc.out for memory usage
  - efficiency.out for parallelization efficiency
  - phase_space.out for velocity-space nodes and weights
 -----------------------------------------------
 operational mode     : FIELD EIGENVALUE
 boundary conditions  : PERIODIC
 profiles             : FLAT
 geometry             : MODEL SHAPE
 electron_method      : ALL SPECIES GYROKINETIC
 fluctuations         : ELECTROSTATIC
 gyro_method          : ORIGINAL (INTEGRATED) POLARIZATION
 fluctuation output   : PHI( ) N( ) E( ) V( )                   
 radial grid          : UNIFORM
 integrator_method    : RK2
 field solve          : UMFPACK (SEQUENTIAL)
 source_flag          : SOURCE OFF
 pitch-angle coll.    : OFF
 rotation parameters  : CANDY METHOD
 nonlinear dynamics   : OFF
 linear diffusivity   : RESPONSE FUNCTION
 -----------------------------------------------
----------------------------------------------------------
INFO: Forcing up-down symmetry (UDSYMMETRY_FLAG=1).
----------------------------------------------------------
----------------------------------------------------------
INFO: You are using TOROIDAL_REFERENCE=-1
----------------------------------------------------------
----------------------------------------------------------
INFO: TOROIDAL_REFERENCE reset to lowest nonzero mode.
----------------------------------------------------------
----------------------------------------------------------
INFO: nu_ii rescaled by: 0.000
----------------------------------------------------------
 ----------- SPARSE MATRIX STATS ---------------
 EXPLICIT POISSON:     n>0           
         nonzeros:     2304
           values:     6960
          indices:     9313
       iterations:        1
 
 ----------- UTILITY PARAMETERS ----------------
 Ion parallel motion     : ON
 Ion curvature drift     : ON
 Electron curvature drift: ON
 ----------- GRID DIMENSIONS -------------------
 n_n                  :    1
 n_x                  :    6
 n_stack              :   28
 n_blend              :    8
 n_pass               :    4
 n_trap               :    4
 n_energy             :    8
 n_field              :    1
 --
 n_spec               :    2
 n_ion                :    2
 n_kinetic            :    2
 n_gk                 :    2
 indx_e               :    2
 --
 FIELD POINTS:        :        48
 DIST. POINTS:        :     21504
 --
 energy_max           :   6.000000
 dt                   :   0.200000
 --------------- LOCAL PARAMETERS ---------------
  NOTE: use abs(SAFETY_FACTOR) as input
 # RADIUS [INPUT]     :   0.400000
 .RADIUS              :   0.400000
 .ASPECT_RATIO        :   2.832013
 .SHIFT               :  -0.081159
 .ZMAG                :   0.000000
 .DZMAG               :   0.000000
 .KAPPA               :   1.293136
 .S_KAPPA             :   0.013657
 .DELTA               :   0.079466
 .S_DELTA             :   0.075063
 .ZETA                :  -0.002059
 .S_ZETA              :  -0.004913
 .SAFETY_FACTOR       :   1.620292
 .SHEAR               :   0.165202
 .RHO_STAR            :   0.003292
 .Z_EFF               :   1.288168
 .MACH                :   0.000000
 .PGAMMA              :   0.000000
 .GAMMA_E             :   0.000000
 .LAMBDA_DEBYE        :   0.000000
 .NU_EI               :   0.000000
 .NU_I_KROOK          :   0.000000
 .IPCCW               :   1.000000
 .BTCCW               :  -1.000000
 # Ion  1
 .NI_OVER_NE          :   1.000000
 .TI_OVER_TE          :   0.746353
 .DLNNDR              :   1.220476
 .DLNTDR              :   2.156887
 .Z                   :   1.000000
 (NU_II)              :   0.000000
 .MU                  :   1.000000
 # Electrons
 .DLNNDR_ELECTRON     :   1.220476
 .DLNTDR_ELECTRON     :   2.487903
 (Z_ELECTRON)         :  -1.000000
 .BETAE_UNIT          :   0.002086
 .MU_ELECTRON         :  60.599098
 --------------- TGLF PARAMETERS ---------------
 Q_PRIME              :   2.710709
 P_PRIME              :   0.002094
 -------- LOCAL PARAMETERS (diagnostic) ----------
 n_i*z_i - n_e:       :   0.000000
 r/R0                 :   0.141242
 b_unit               :   1.000000
 beta_unit_norm       :   0.003643
 betai_unit           :   0.001557
 betae_unit_norm      :   0.002086
 beta_*               :   0.012995
 alpha_MHD            :   0.096615
 omega_00 (c_s/a)     :   0.000000
 * Note that f = f_sim exp(i n omega0[r0] t)
 -------- ALFVEN WAVE PARAMETERS (diagnostic) ----------
 (v_A/c_s)            :  30.959026
 Omega_TAE            :   3.373406
 Omega_A              :   6.746812
 ----------- UPWIND PARAMETERS -----------------
 radial_upwind        :   2.000000
 orbit_upwind         :   1.000000
 orbit_upwind (elec)  :   0.000000
 ----------- SOURCE PARAMETERS -----------------
 nu_source            :   0.100000
 n_source             :    1
 ----------- RADIAL DOMAIN PARAMETERS ----------
 s_grid               :   0.165202
 box_multiplier       :   1.000000
 L/a                  :   0.049811
 --
 explicit_damp(i)     :   0 (  1.0000)
 explicit_damp(e)     :   0 (  1.0000)
 --
 offset               :   0 (  0.0000)
 LEFT : r_a           :   0.375094
 LEFT : r_a_physical  :   0.375094
 NORM : r(ir_norm)    :   0.400000
 RIGHT: r_b_physical  :   0.416604
 RIGHT: r_b           :   0.416604
 ----------- PARALLELIZATION PARAMETERS --------
 (nek) per subgroup:  :        32
 (ine) per subgroup:  :        24
 ----------- TIME STEPPING PARAMETERS ----------
 plot_filter          :   1.000000
 time_skip            :     5
 restart_data_skip    :    10
 ----------- STABILITY PARAMETERS ----------------
 d/dtau Courant       :  19.743459
   d/dr Courant       :   0.323156
 ----------- SETUP TIMING ----------------------
 Grid Setup           :   0.052570
 Build radial ops     :   0.008308
 Build advection ops  :   0.000000
 Build field matrices :   0.034709
 
 TOTAL SETUP          :   0.105549
 -------- CENTRAL WAVENUMBERS SIMULATED -----------
     (k_y = nq/r, rho = rho_sD_unit)
 n =    30   k_y rho =  0.400 [ 0.400][ 0.400]
  
 min resolved k_x*rho_sD :  0.415199
 max resolved k_x*rho_sD :  0.622798
 --------------- CENTRAL BOX SIZE -----------------
 abs(Lx/rho_sD)       :    15.132964
 abs(Ly/rho_sD)       :    15.707963
 => abs(dx/rho_sD)    :     2.522161
 --------------------------------------------------
 ------------ GYRO-OPERATOR BANDWIDTH -------------
 => EXACT BESSEL.
 --------------------------------------------------
 PLEASE SEE: 
  - units.out for normalizing parameters
  - alloc.out for memory usage
  - efficiency.out for parallelization efficiency
  - phase_space.out for velocity-space nodes and weights
 -----------------------------------------------
 operational mode     : FIELD EIGENVALUE
 boundary conditions  : PERIODIC
 profiles             : FLAT
 geometry             : MODEL SHAPE
 electron_method      : ALL SPECIES GYROKINETIC
 fluctuations         : ELECTROSTATIC
 gyro_method          : ORIGINAL (INTEGRATED) POLARIZATION
 fluctuation output   : PHI( ) N( ) E( ) V( )                   
 radial grid          : UNIFORM
 integrator_method    : RK2
 field solve          : UMFPACK (SEQUENTIAL)
 source_flag          : SOURCE OFF
 pitch-angle coll.    : OFF
 rotation parameters  : CANDY METHOD
 nonlinear dynamics   : OFF
 linear diffusivity   : RESPONSE FUNCTION
 -----------------------------------------------
----------------------------------------------------------
INFO: Forcing up-down symmetry (UDSYMMETRY_FLAG=1).
----------------------------------------------------------
----------------------------------------------------------
INFO: You are using TOROIDAL_REFERENCE=-1
----------------------------------------------------------
----------------------------------------------------------
INFO: TOROIDAL_REFERENCE reset to lowest nonzero mode.
----------------------------------------------------------
----------------------------------------------------------
INFO: nu_ii rescaled by: 0.000
----------------------------------------------------------
 ----------- SPARSE MATRIX STATS ---------------
 EXPLICIT POISSON:     n>0           
         nonzeros:     2304
           values:     6960
          indices:     9313
       iterations:        1
 
 ----------- UTILITY PARAMETERS ----------------
 Ion parallel motion     : ON
 Ion curvature drift     : ON
 Electron curvature drift: ON
 ----------- GRID DIMENSIONS -------------------
 n_n                  :    1
 n_x                  :    6
 n_stack              :   28
 n_blend              :    8
 n_pass               :    4
 n_trap               :    4
 n_energy             :    8
 n_field              :    1
 --
 n_spec               :    2
 n_ion                :    2
 n_kinetic            :    2
 n_gk                 :    2
 indx_e               :    2
 --
 FIELD POINTS:        :        48
 DIST. POINTS:        :     21504
 --
 energy_max           :   6.000000
 dt                   :   0.200000
 --------------- LOCAL PARAMETERS ---------------
  NOTE: use abs(SAFETY_FACTOR) as input
 # RADIUS [INPUT]     :   0.400000
 .RADIUS              :   0.400000
 .ASPECT_RATIO        :   2.832013
 .SHIFT               :  -0.081159
 .ZMAG                :   0.000000
 .DZMAG               :   0.000000
 .KAPPA               :   1.293136
 .S_KAPPA             :   0.013657
 .DELTA               :   0.079466
 .S_DELTA             :   0.075063
 .ZETA                :  -0.002059
 .S_ZETA              :  -0.004913
 .SAFETY_FACTOR       :   1.620292
 .SHEAR               :   0.165202
 .RHO_STAR            :   0.004114
 .Z_EFF               :   1.288168
 .MACH                :   0.000000
 .PGAMMA              :   0.000000
 .GAMMA_E             :   0.000000
 .LAMBDA_DEBYE        :   0.000000
 .NU_EI               :   0.000000
 .NU_I_KROOK          :   0.000000
 .IPCCW               :   1.000000
 .BTCCW               :  -1.000000
 # Ion  1
 .NI_OVER_NE          :   1.000000
 .TI_OVER_TE          :   0.746353
 .DLNNDR              :   1.220476
 .DLNTDR              :   2.156887
 .Z                   :   1.000000
 (NU_II)              :   0.000000
 .MU                  :   1.000000
 # Electrons
 .DLNNDR_ELECTRON     :   1.220476
 .DLNTDR_ELECTRON     :   2.487903
 (Z_ELECTRON)         :  -1.000000
 .BETAE_UNIT          :   0.002086
 .MU_ELECTRON         :  60.599098
 --------------- TGLF PARAMETERS ---------------
 Q_PRIME              :   2.710709
 P_PRIME              :   0.002094
 -------- LOCAL PARAMETERS (diagnostic) ----------
 n_i*z_i - n_e:       :   0.000000
 r/R0                 :   0.141242
 b_unit               :   1.000000
 beta_unit_norm       :   0.003643
 betai_unit           :   0.001557
 betae_unit_norm      :   0.002086
 beta_*               :   0.012995
 alpha_MHD            :   0.096615
 omega_00 (c_s/a)     :   0.000000
 * Note that f = f_sim exp(i n omega0[r0] t)
 -------- ALFVEN WAVE PARAMETERS (diagnostic) ----------
 (v_A/c_s)            :  30.959026
 Omega_TAE            :   3.373406
 Omega_A              :   6.746812
 ----------- UPWIND PARAMETERS -----------------
 radial_upwind        :   2.000000
 orbit_upwind         :   1.000000
 orbit_upwind (elec)  :   0.000000
 ----------- SOURCE PARAMETERS -----------------
 nu_source            :   0.100000
 n_source             :    1
 ----------- RADIAL DOMAIN PARAMETERS ----------
 s_grid               :   0.165202
 box_multiplier       :   1.000000
 L/a                  :   0.049811
 --
 explicit_damp(i)     :   0 (  1.0000)
 explicit_damp(e)     :   0 (  1.0000)
 --
 offset               :   0 (  0.0000)
 LEFT : r_a           :   0.375094
 LEFT : r_a_physical  :   0.375094
 NORM : r(ir_norm)    :   0.400000
 RIGHT: r_b_physical  :   0.416604
 RIGHT: r_b           :   0.416604
 ----------- PARALLELIZATION PARAMETERS --------
 (nek) per subgroup:  :        32
 (ine) per subgroup:  :        24
 ----------- TIME STEPPING PARAMETERS ----------
 plot_filter          :   1.000000
 time_skip            :     5
 restart_data_skip    :    10
 ----------- STABILITY PARAMETERS ----------------
 d/dtau Courant       :  19.743459
   d/dr Courant       :   0.403945
 ----------- SETUP TIMING ----------------------
 Grid Setup           :   0.055336
 Build radial ops     :   0.008672
 Build advection ops  :   0.000000
 Build field matrices :   0.034762
 
 TOTAL SETUP          :   0.108743
 -------- CENTRAL WAVENUMBERS SIMULATED -----------
     (k_y = nq/r, rho = rho_sD_unit)
 n =    30   k_y rho =  0.500 [ 0.500][ 0.500]
  
 min resolved k_x*rho_sD :  0.518998
 max resolved k_x*rho_sD :  0.778497
 --------------- CENTRAL BOX SIZE -----------------
 abs(Lx/rho_sD)       :    12.106371
 abs(Ly/rho_sD)       :    12.566371
 => abs(dx/rho_sD)    :     2.017728
 --------------------------------------------------
 ------------ GYRO-OPERATOR BANDWIDTH -------------
 => EXACT BESSEL.
 --------------------------------------------------
 PLEASE SEE: 
  - units.out for normalizing parameters
  - alloc.out for memory usage
  - efficiency.out for parallelization efficiency
  - phase_space.out for velocity-space nodes and weights
 -----------------------------------------------
 operational mode     : FIELD EIGENVALUE
 boundary conditions  : PERIODIC
 profiles             : FLAT
 geometry             : MODEL SHAPE
 electron_method      : ALL SPECIES GYROKINETIC
 fluctuations         : ELECTROSTATIC
 gyro_method          : ORIGINAL (INTEGRATED) POLARIZATION
 fluctuation output   : PHI( ) N( ) E( ) V( )                   
 radial grid          : UNIFORM
 integrator_method    : RK2
 field solve          : UMFPACK (SEQUENTIAL)
 source_flag          : SOURCE OFF
 pitch-angle coll.    : OFF
 rotation parameters  : CANDY METHOD
 nonlinear dynamics   : OFF
 linear diffusivity   : RESPONSE FUNCTION
 -----------------------------------------------
----------------------------------------------------------
INFO: Forcing up-down symmetry (UDSYMMETRY_FLAG=1).
----------------------------------------------------------
----------------------------------------------------------
INFO: You are using TOROIDAL_REFERENCE=-1
----------------------------------------------------------
----------------------------------------------------------
INFO: TOROIDAL_REFERENCE reset to lowest nonzero mode.
----------------------------------------------------------
----------------------------------------------------------
INFO: nu_ii rescaled by: 0.000
----------------------------------------------------------
 ----------- SPARSE MATRIX STATS ---------------
 EXPLICIT POISSON:     n>0           
         nonzeros:     2304
           values:     6960
          indices:     9313
       iterations:        1
 
 ----------- UTILITY PARAMETERS ----------------
 Ion parallel motion     : ON
 Ion curvature drift     : ON
 Electron curvature drift: ON
 ----------- GRID DIMENSIONS -------------------
 n_n                  :    1
 n_x                  :    6
 n_stack              :   28
 n_blend              :    8
 n_pass               :    4
 n_trap               :    4
 n_energy             :    8
 n_field              :    1
 --
 n_spec               :    2
 n_ion                :    2
 n_kinetic            :    2
 n_gk                 :    2
 indx_e               :    2
 --
 FIELD POINTS:        :        48
 DIST. POINTS:        :     21504
 --
 energy_max           :   6.000000
 dt                   :   0.200000
 --------------- LOCAL PARAMETERS ---------------
  NOTE: use abs(SAFETY_FACTOR) as input
 # RADIUS [INPUT]     :   0.400000
 .RADIUS              :   0.400000
 .ASPECT_RATIO        :   2.832013
 .SHIFT               :  -0.081159
 .ZMAG                :   0.000000
 .DZMAG               :   0.000000
 .KAPPA               :   1.293136
 .S_KAPPA             :   0.013657
 .DELTA               :   0.079466
 .S_DELTA             :   0.075063
 .ZETA                :  -0.002059
 .S_ZETA              :  -0.004913
 .SAFETY_FACTOR       :   1.620292
 .SHEAR               :   0.165202
 .RHO_STAR            :   0.004937
 .Z_EFF               :   1.288168
 .MACH                :   0.000000
 .PGAMMA              :   0.000000
 .GAMMA_E             :   0.000000
 .LAMBDA_DEBYE        :   0.000000
 .NU_EI               :   0.000000
 .NU_I_KROOK          :   0.000000
 .IPCCW               :   1.000000
 .BTCCW               :  -1.000000
 # Ion  1
 .NI_OVER_NE          :   1.000000
 .TI_OVER_TE          :   0.746353
 .DLNNDR              :   1.220476
 .DLNTDR              :   2.156887
 .Z                   :   1.000000
 (NU_II)              :   0.000000
 .MU                  :   1.000000
 # Electrons
 .DLNNDR_ELECTRON     :   1.220476
 .DLNTDR_ELECTRON     :   2.487903
 (Z_ELECTRON)         :  -1.000000
 .BETAE_UNIT          :   0.002086
 .MU_ELECTRON         :  60.599098
 --------------- TGLF PARAMETERS ---------------
 Q_PRIME              :   2.710709
 P_PRIME              :   0.002094
 -------- LOCAL PARAMETERS (diagnostic) ----------
 n_i*z_i - n_e:       :   0.000000
 r/R0                 :   0.141242
 b_unit               :   1.000000
 beta_unit_norm       :   0.003643
 betai_unit           :   0.001557
 betae_unit_norm      :   0.002086
 beta_*               :   0.012995
 alpha_MHD            :   0.096615
 omega_00 (c_s/a)     :   0.000000
 * Note that f = f_sim exp(i n omega0[r0] t)
 -------- ALFVEN WAVE PARAMETERS (diagnostic) ----------
 (v_A/c_s)            :  30.959026
 Omega_TAE            :   3.373406
 Omega_A              :   6.746812
 ----------- UPWIND PARAMETERS -----------------
 radial_upwind        :   2.000000
 orbit_upwind         :   1.000000
 orbit_upwind (elec)  :   0.000000
 ----------- SOURCE PARAMETERS -----------------
 nu_source            :   0.100000
 n_source             :    1
 ----------- RADIAL DOMAIN PARAMETERS ----------
 s_grid               :   0.165202
 box_multiplier       :   1.000000
 L/a                  :   0.049811
 --
 explicit_damp(i)     :   0 (  1.0000)
 explicit_damp(e)     :   0 (  1.0000)
 --
 offset               :   0 (  0.0000)
 LEFT : r_a           :   0.375094
 LEFT : r_a_physical  :   0.375094
 NORM : r(ir_norm)    :   0.400000
 RIGHT: r_b_physical  :   0.416604
 RIGHT: r_b           :   0.416604
 ----------- PARALLELIZATION PARAMETERS --------
 (nek) per subgroup:  :        32
 (ine) per subgroup:  :        24
 ----------- TIME STEPPING PARAMETERS ----------
 plot_filter          :   1.000000
 time_skip            :     5
 restart_data_skip    :    10
 ----------- STABILITY PARAMETERS ----------------
 d/dtau Courant       :  19.743459
   d/dr Courant       :   0.484734
 ----------- SETUP TIMING ----------------------
 Grid Setup           :   0.055456
 Build radial ops     :   0.008794
 Build advection ops  :   0.000000
 Build field matrices :   0.035347
 
 TOTAL SETUP          :   0.109552
 -------- CENTRAL WAVENUMBERS SIMULATED -----------
     (k_y = nq/r, rho = rho_sD_unit)
 n =    30   k_y rho =  0.600 [ 0.600][ 0.600]
  
 min resolved k_x*rho_sD :  0.622798
 max resolved k_x*rho_sD :  0.934197
 --------------- CENTRAL BOX SIZE -----------------
 abs(Lx/rho_sD)       :    10.088642
 abs(Ly/rho_sD)       :    10.471976
 => abs(dx/rho_sD)    :     1.681440
 --------------------------------------------------
 ------------ GYRO-OPERATOR BANDWIDTH -------------
 => EXACT BESSEL.
 --------------------------------------------------
 PLEASE SEE: 
  - units.out for normalizing parameters
  - alloc.out for memory usage
  - efficiency.out for parallelization efficiency
  - phase_space.out for velocity-space nodes and weights
 -----------------------------------------------
 operational mode     : FIELD EIGENVALUE
 boundary conditions  : PERIODIC
 profiles             : FLAT
 geometry             : MODEL SHAPE
 electron_method      : ALL SPECIES GYROKINETIC
 fluctuations         : ELECTROSTATIC
 gyro_method          : ORIGINAL (INTEGRATED) POLARIZATION
 fluctuation output   : PHI( ) N( ) E( ) V( )                   
 radial grid          : UNIFORM
 integrator_method    : RK2
 field solve          : UMFPACK (SEQUENTIAL)
 source_flag          : SOURCE OFF
 pitch-angle coll.    : OFF
 rotation parameters  : CANDY METHOD
 nonlinear dynamics   : OFF
 linear diffusivity   : RESPONSE FUNCTION
 -----------------------------------------------
----------------------------------------------------------
INFO: Forcing up-down symmetry (UDSYMMETRY_FLAG=1).
----------------------------------------------------------
----------------------------------------------------------
INFO: You are using TOROIDAL_REFERENCE=-1
----------------------------------------------------------
----------------------------------------------------------
INFO: TOROIDAL_REFERENCE reset to lowest nonzero mode.
----------------------------------------------------------
----------------------------------------------------------
INFO: nu_ii rescaled by: 0.000
----------------------------------------------------------
 ----------- SPARSE MATRIX STATS ---------------
 EXPLICIT POISSON:     n>0           
         nonzeros:     2304
           values:     6960
          indices:     9313
       iterations:        1
 
 ----------- UTILITY PARAMETERS ----------------
 Ion parallel motion     : ON
 Ion curvature drift     : ON
 Electron curvature drift: ON
 ----------- GRID DIMENSIONS -------------------
 n_n                  :    1
 n_x                  :    6
 n_stack              :   28
 n_blend              :    8
 n_pass               :    4
 n_trap               :    4
 n_energy             :    8
 n_field              :    1
 --
 n_spec               :    2
 n_ion                :    2
 n_kinetic            :    2
 n_gk                 :    2
 indx_e               :    2
 --
 FIELD POINTS:        :        48
 DIST. POINTS:        :     21504
 --
 energy_max           :   6.000000
 dt                   :   0.200000
 --------------- LOCAL PARAMETERS ---------------
  NOTE: use abs(SAFETY_FACTOR) as input
 # RADIUS [INPUT]     :   0.400000
 .RADIUS              :   0.400000
 .ASPECT_RATIO        :   2.832013
 .SHIFT               :  -0.081159
 .ZMAG                :   0.000000
 .DZMAG               :   0.000000
 .KAPPA               :   1.293136
 .S_KAPPA             :   0.013657
 .DELTA               :   0.079466
 .S_DELTA             :   0.075063
 .ZETA                :  -0.002059
 .S_ZETA              :  -0.004913
 .SAFETY_FACTOR       :   1.620292
 .SHEAR               :   0.165202
 .RHO_STAR            :   0.005760
 .Z_EFF               :   1.288168
 .MACH                :   0.000000
 .PGAMMA              :   0.000000
 .GAMMA_E             :   0.000000
 .LAMBDA_DEBYE        :   0.000000
 .NU_EI               :   0.000000
 .NU_I_KROOK          :   0.000000
 .IPCCW               :   1.000000
 .BTCCW               :  -1.000000
 # Ion  1
 .NI_OVER_NE          :   1.000000
 .TI_OVER_TE          :   0.746353
 .DLNNDR              :   1.220476
 .DLNTDR              :   2.156887
 .Z                   :   1.000000
 (NU_II)              :   0.000000
 .MU                  :   1.000000
 # Electrons
 .DLNNDR_ELECTRON     :   1.220476
 .DLNTDR_ELECTRON     :   2.487903
 (Z_ELECTRON)         :  -1.000000
 .BETAE_UNIT          :   0.002086
 .MU_ELECTRON         :  60.599098
 --------------- TGLF PARAMETERS ---------------
 Q_PRIME              :   2.710709
 P_PRIME              :   0.002094
 -------- LOCAL PARAMETERS (diagnostic) ----------
 n_i*z_i - n_e:       :   0.000000
 r/R0                 :   0.141242
 b_unit               :   1.000000
 beta_unit_norm       :   0.003643
 betai_unit           :   0.001557
 betae_unit_norm      :   0.002086
 beta_*               :   0.012995
 alpha_MHD            :   0.096615
 omega_00 (c_s/a)     :   0.000000
 * Note that f = f_sim exp(i n omega0[r0] t)
 -------- ALFVEN WAVE PARAMETERS (diagnostic) ----------
 (v_A/c_s)            :  30.959026
 Omega_TAE            :   3.373406
 Omega_A              :   6.746812
 ----------- UPWIND PARAMETERS -----------------
 radial_upwind        :   2.000000
 orbit_upwind         :   1.000000
 orbit_upwind (elec)  :   0.000000
 ----------- SOURCE PARAMETERS -----------------
 nu_source            :   0.100000
 n_source             :    1
 ----------- RADIAL DOMAIN PARAMETERS ----------
 s_grid               :   0.165202
 box_multiplier       :   1.000000
 L/a                  :   0.049811
 --
 explicit_damp(i)     :   0 (  1.0000)
 explicit_damp(e)     :   0 (  1.0000)
 --
 offset               :   0 (  0.0000)
 LEFT : r_a           :   0.375094
 LEFT : r_a_physical  :   0.375094
 NORM : r(ir_norm)    :   0.400000
 RIGHT: r_b_physical  :   0.416604
 RIGHT: r_b           :   0.416604
 ----------- PARALLELIZATION PARAMETERS --------
 (nek) per subgroup:  :        32
 (ine) per subgroup:  :        24
 ----------- TIME STEPPING PARAMETERS ----------
 plot_filter          :   1.000000
 time_skip            :     5
 restart_data_skip    :    10
 ----------- STABILITY PARAMETERS ----------------
 d/dtau Courant       :  19.743459
   d/dr Courant       :   0.565523
 ----------- SETUP TIMING ----------------------
 Grid Setup           :   0.054487
 Build radial ops     :   0.008848
 Build advection ops  :   0.000000
 Build field matrices :   0.035417
 
 TOTAL SETUP          :   0.108561
 -------- CENTRAL WAVENUMBERS SIMULATED -----------
     (k_y = nq/r, rho = rho_sD_unit)
 n =    30   k_y rho =  0.700 [ 0.700][ 0.700]
  
 min resolved k_x*rho_sD :  0.726598
 max resolved k_x*rho_sD :  1.089896
 --------------- CENTRAL BOX SIZE -----------------
 abs(Lx/rho_sD)       :     8.647408
 abs(Ly/rho_sD)       :     8.975979
 => abs(dx/rho_sD)    :     1.441235
 --------------------------------------------------
 ------------ GYRO-OPERATOR BANDWIDTH -------------
 => EXACT BESSEL.
 --------------------------------------------------
 PLEASE SEE: 
  - units.out for normalizing parameters
  - alloc.out for memory usage
  - efficiency.out for parallelization efficiency
  - phase_space.out for velocity-space nodes and weights
 -----------------------------------------------
 operational mode     : FIELD EIGENVALUE
 boundary conditions  : PERIODIC
 profiles             : FLAT
 geometry             : MODEL SHAPE
 electron_method      : ALL SPECIES GYROKINETIC
 fluctuations         : ELECTROSTATIC
 gyro_method          : ORIGINAL (INTEGRATED) POLARIZATION
 fluctuation output   : PHI( ) N( ) E( ) V( )                   
 radial grid          : UNIFORM
 integrator_method    : RK2
 field solve          : UMFPACK (SEQUENTIAL)
 source_flag          : SOURCE OFF
 pitch-angle coll.    : OFF
 rotation parameters  : CANDY METHOD
 nonlinear dynamics   : OFF
 linear diffusivity   : RESPONSE FUNCTION
 -----------------------------------------------
----------------------------------------------------------
INFO: Forcing up-down symmetry (UDSYMMETRY_FLAG=1).
----------------------------------------------------------
----------------------------------------------------------
INFO: You are using TOROIDAL_REFERENCE=-1
----------------------------------------------------------
----------------------------------------------------------
INFO: TOROIDAL_REFERENCE reset to lowest nonzero mode.
----------------------------------------------------------
----------------------------------------------------------
INFO: nu_ii rescaled by: 0.000
----------------------------------------------------------
 ----------- SPARSE MATRIX STATS ---------------
 EXPLICIT POISSON:     n>0           
         nonzeros:     2304
           values:     6960
          indices:     9313
       iterations:        1
 
 ----------- UTILITY PARAMETERS ----------------
 Ion parallel motion     : ON
 Ion curvature drift     : ON
 Electron curvature drift: ON
 ----------- GRID DIMENSIONS -------------------
 n_n                  :    1
 n_x                  :    6
 n_stack              :   28
 n_blend              :    8
 n_pass               :    4
 n_trap               :    4
 n_energy             :    8
 n_field              :    1
 --
 n_spec               :    2
 n_ion                :    2
 n_kinetic            :    2
 n_gk                 :    2
 indx_e               :    2
 --
 FIELD POINTS:        :        48
 DIST. POINTS:        :     21504
 --
 energy_max           :   6.000000
 dt                   :   0.200000
 --------------- LOCAL PARAMETERS ---------------
  NOTE: use abs(SAFETY_FACTOR) as input
 # RADIUS [INPUT]     :   0.400000
 .RADIUS              :   0.400000
 .ASPECT_RATIO        :   2.832013
 .SHIFT               :  -0.081159
 .ZMAG                :   0.000000
 .DZMAG               :   0.000000
 .KAPPA               :   1.293136
 .S_KAPPA             :   0.013657
 .DELTA               :   0.079466
 .S_DELTA             :   0.075063
 .ZETA                :  -0.002059
 .S_ZETA              :  -0.004913
 .SAFETY_FACTOR       :   1.620292
 .SHEAR               :   0.165202
 .RHO_STAR            :   0.006583
 .Z_EFF               :   1.288168
 .MACH                :   0.000000
 .PGAMMA              :   0.000000
 .GAMMA_E             :   0.000000
 .LAMBDA_DEBYE        :   0.000000
 .NU_EI               :   0.000000
 .NU_I_KROOK          :   0.000000
 .IPCCW               :   1.000000
 .BTCCW               :  -1.000000
 # Ion  1
 .NI_OVER_NE          :   1.000000
 .TI_OVER_TE          :   0.746353
 .DLNNDR              :   1.220476
 .DLNTDR              :   2.156887
 .Z                   :   1.000000
 (NU_II)              :   0.000000
 .MU                  :   1.000000
 # Electrons
 .DLNNDR_ELECTRON     :   1.220476
 .DLNTDR_ELECTRON     :   2.487903
 (Z_ELECTRON)         :  -1.000000
 .BETAE_UNIT          :   0.002086
 .MU_ELECTRON         :  60.599098
 --------------- TGLF PARAMETERS ---------------
 Q_PRIME              :   2.710709
 P_PRIME              :   0.002094
 -------- LOCAL PARAMETERS (diagnostic) ----------
 n_i*z_i - n_e:       :   0.000000
 r/R0                 :   0.141242
 b_unit               :   1.000000
 beta_unit_norm       :   0.003643
 betai_unit           :   0.001557
 betae_unit_norm      :   0.002086
 beta_*               :   0.012995
 alpha_MHD            :   0.096615
 omega_00 (c_s/a)     :   0.000000
 * Note that f = f_sim exp(i n omega0[r0] t)
 -------- ALFVEN WAVE PARAMETERS (diagnostic) ----------
 (v_A/c_s)            :  30.959026
 Omega_TAE            :   3.373406
 Omega_A              :   6.746812
 ----------- UPWIND PARAMETERS -----------------
 radial_upwind        :   2.000000
 orbit_upwind         :   1.000000
 orbit_upwind (elec)  :   0.000000
 ----------- SOURCE PARAMETERS -----------------
 nu_source            :   0.100000
 n_source             :    1
 ----------- RADIAL DOMAIN PARAMETERS ----------
 s_grid               :   0.165202
 box_multiplier       :   1.000000
 L/a                  :   0.049811
 --
 explicit_damp(i)     :   0 (  1.0000)
 explicit_damp(e)     :   0 (  1.0000)
 --
 offset               :   0 (  0.0000)
 LEFT : r_a           :   0.375094
 LEFT : r_a_physical  :   0.375094
 NORM : r(ir_norm)    :   0.400000
 RIGHT: r_b_physical  :   0.416604
 RIGHT: r_b           :   0.416604
 ----------- PARALLELIZATION PARAMETERS --------
 (nek) per subgroup:  :        32
 (ine) per subgroup:  :        24
 ----------- TIME STEPPING PARAMETERS ----------
 plot_filter          :   1.000000
 time_skip            :     5
 restart_data_skip    :    10
 ----------- STABILITY PARAMETERS ----------------
 d/dtau Courant       :  19.743459
   d/dr Courant       :   0.646312
 ----------- SETUP TIMING ----------------------
 Grid Setup           :   0.055798
 Build radial ops     :   0.009019
 Build advection ops  :   0.000001
 Build field matrices :   0.035869
 
 TOTAL SETUP          :   0.111425
 -------- CENTRAL WAVENUMBERS SIMULATED -----------
     (k_y = nq/r, rho = rho_sD_unit)
 n =    30   k_y rho =  0.800 [ 0.800][ 0.800]
  
 min resolved k_x*rho_sD :  0.830397
 max resolved k_x*rho_sD :  1.245596
 --------------- CENTRAL BOX SIZE -----------------
 abs(Lx/rho_sD)       :     7.566482
 abs(Ly/rho_sD)       :     7.853982
 => abs(dx/rho_sD)    :     1.261080
 --------------------------------------------------
 ------------ GYRO-OPERATOR BANDWIDTH -------------
 => EXACT BESSEL.
 --------------------------------------------------
 PLEASE SEE: 
  - units.out for normalizing parameters
  - alloc.out for memory usage
  - efficiency.out for parallelization efficiency
  - phase_space.out for velocity-space nodes and weights
 -----------------------------------------------
 operational mode     : FIELD EIGENVALUE
 boundary conditions  : PERIODIC
 profiles             : FLAT
 geometry             : MODEL SHAPE
 electron_method      : ALL SPECIES GYROKINETIC
 fluctuations         : ELECTROSTATIC
 gyro_method          : ORIGINAL (INTEGRATED) POLARIZATION
 fluctuation output   : PHI( ) N( ) E( ) V( )                   
 radial grid          : UNIFORM
 integrator_method    : RK2
 field solve          : UMFPACK (SEQUENTIAL)
 source_flag          : SOURCE OFF
 pitch-angle coll.    : OFF
 rotation parameters  : CANDY METHOD
 nonlinear dynamics   : OFF
 linear diffusivity   : RESPONSE FUNCTION
 -----------------------------------------------
----------------------------------------------------------
INFO: Forcing up-down symmetry (UDSYMMETRY_FLAG=1).
----------------------------------------------------------
----------------------------------------------------------
INFO: You are using TOROIDAL_REFERENCE=-1
----------------------------------------------------------
----------------------------------------------------------
INFO: TOROIDAL_REFERENCE reset to lowest nonzero mode.
----------------------------------------------------------
----------------------------------------------------------
INFO: nu_ii rescaled by: 0.000
----------------------------------------------------------
 ----------- SPARSE MATRIX STATS ---------------
 EXPLICIT POISSON:     n>0           
         nonzeros:     2304
           values:     6960
          indices:     9313
       iterations:        1
 
 ----------- UTILITY PARAMETERS ----------------
 Ion parallel motion     : ON
 Ion curvature drift     : ON
 Electron curvature drift: ON
 ----------- GRID DIMENSIONS -------------------
 n_n                  :    1
 n_x                  :    6
 n_stack              :   28
 n_blend              :    8
 n_pass               :    4
 n_trap               :    4
 n_energy             :    8
 n_field              :    1
 --
 n_spec               :    2
 n_ion                :    2
 n_kinetic            :    2
 n_gk                 :    2
 indx_e               :    2
 --
 FIELD POINTS:        :        48
 DIST. POINTS:        :     21504
 --
 energy_max           :   6.000000
 dt                   :   0.200000
 --------------- LOCAL PARAMETERS ---------------
  NOTE: use abs(SAFETY_FACTOR) as input
 # RADIUS [INPUT]     :   0.400000
 .RADIUS              :   0.400000
 .ASPECT_RATIO        :   2.832013
 .SHIFT               :  -0.081159
 .ZMAG                :   0.000000
 .DZMAG               :   0.000000
 .KAPPA               :   1.293136
 .S_KAPPA             :   0.013657
 .DELTA               :   0.079466
 .S_DELTA             :   0.075063
 .ZETA                :  -0.002059
 .S_ZETA              :  -0.004913
 .SAFETY_FACTOR       :   1.620292
 .SHEAR               :   0.165202
 .RHO_STAR            :   0.007406
 .Z_EFF               :   1.288168
 .MACH                :   0.000000
 .PGAMMA              :   0.000000
 .GAMMA_E             :   0.000000
 .LAMBDA_DEBYE        :   0.000000
 .NU_EI               :   0.000000
 .NU_I_KROOK          :   0.000000
 .IPCCW               :   1.000000
 .BTCCW               :  -1.000000
 # Ion  1
 .NI_OVER_NE          :   1.000000
 .TI_OVER_TE          :   0.746353
 .DLNNDR              :   1.220476
 .DLNTDR              :   2.156887
 .Z                   :   1.000000
 (NU_II)              :   0.000000
 .MU                  :   1.000000
 # Electrons
 .DLNNDR_ELECTRON     :   1.220476
 .DLNTDR_ELECTRON     :   2.487903
 (Z_ELECTRON)         :  -1.000000
 .BETAE_UNIT          :   0.002086
 .MU_ELECTRON         :  60.599098
 --------------- TGLF PARAMETERS ---------------
 Q_PRIME              :   2.710709
 P_PRIME              :   0.002094
 -------- LOCAL PARAMETERS (diagnostic) ----------
 n_i*z_i - n_e:       :   0.000000
 r/R0                 :   0.141242
 b_unit               :   1.000000
 beta_unit_norm       :   0.003643
 betai_unit           :   0.001557
 betae_unit_norm      :   0.002086
 beta_*               :   0.012995
 alpha_MHD            :   0.096615
 omega_00 (c_s/a)     :   0.000000
 * Note that f = f_sim exp(i n omega0[r0] t)
 -------- ALFVEN WAVE PARAMETERS (diagnostic) ----------
 (v_A/c_s)            :  30.959026
 Omega_TAE            :   3.373406
 Omega_A              :   6.746812
 ----------- UPWIND PARAMETERS -----------------
 radial_upwind        :   2.000000
 orbit_upwind         :   1.000000
 orbit_upwind (elec)  :   0.000000
 ----------- SOURCE PARAMETERS -----------------
 nu_source            :   0.100000
 n_source             :    1
 ----------- RADIAL DOMAIN PARAMETERS ----------
 s_grid               :   0.165202
 box_multiplier       :   1.000000
 L/a                  :   0.049811
 --
 explicit_damp(i)     :   0 (  1.0000)
 explicit_damp(e)     :   0 (  1.0000)
 --
 offset               :   0 (  0.0000)
 LEFT : r_a           :   0.375094
 LEFT : r_a_physical  :   0.375094
 NORM : r(ir_norm)    :   0.400000
 RIGHT: r_b_physical  :   0.416604
 RIGHT: r_b           :   0.416604
 ----------- PARALLELIZATION PARAMETERS --------
 (nek) per subgroup:  :        32
 (ine) per subgroup:  :        24
 ----------- TIME STEPPING PARAMETERS ----------
 plot_filter          :   1.000000
 time_skip            :     5
 restart_data_skip    :    10
 ----------- STABILITY PARAMETERS ----------------
 d/dtau Courant       :  19.743459
   d/dr Courant       :   0.727101
 ----------- SETUP TIMING ----------------------
 Grid Setup           :   0.054275
 Build radial ops     :   0.009122
 Build advection ops  :   0.000000
 Build field matrices :   0.035949
 
 TOTAL SETUP          :   0.109771
 -------- CENTRAL WAVENUMBERS SIMULATED -----------
     (k_y = nq/r, rho = rho_sD_unit)
 n =    30   k_y rho =  0.900 [ 0.900][ 0.900]
  
 min resolved k_x*rho_sD :  0.934197
 max resolved k_x*rho_sD :  1.401295
 --------------- CENTRAL BOX SIZE -----------------
 abs(Lx/rho_sD)       :     6.725762
 abs(Ly/rho_sD)       :     6.981317
 => abs(dx/rho_sD)    :     1.120960
 --------------------------------------------------
 ------------ GYRO-OPERATOR BANDWIDTH -------------
 => EXACT BESSEL.
 --------------------------------------------------
 PLEASE SEE: 
  - units.out for normalizing parameters
  - alloc.out for memory usage
  - efficiency.out for parallelization efficiency
  - phase_space.out for velocity-space nodes and weights
