 -----------------------------------------------------------------
 TGYRO simdir : 
 Passing control to TGYRO executable ...
 -----------------------------------------------------------------
 CPU Partition list

 ----------   ----------------  --------
  Instance     Directory Name     CPUs  
 ----------   ----------------  --------
   1              TGLF/            1
   2              TGLF/            1
   3              TGLF/            1
   4              TGLF/            1
   5              TGLF/            1
   6              TGLF/            1
   7              TGLF/            1
   8              TGLF/            1
 ----------   ----------------  --------
                     Total:        8

 INFO: TGYRO passing input.profiles.geo information to components

 Job control

 TGYRO_STAB_NSEARCH             :    7
 TGYRO_STAB_NKY                 :    8
 TGYRO_STAB_KYMIN               :   0.2000

 Physics parameters

 LOC_RMIN                       :   0.2000
 LOC_RMAX                       :   0.9000
 LOC_NU_SCALE                   :   0.0000
 LOC_BETAE_SCALE                :   1.0000
 LOC_ZEFF_FLAG                  : Z_eff from data
 LOC_CIRC_FLAG                  : Use standard Miller expressions
 TGYRO_ROTATION_THEORY_METHOD   : Candy method
 Fluctuations                   : Electromagnetic
 LOC_QUASINEUTRAL_FLAG          : Forced quasineutrality
 LOC_LOCK_PROFILE_FLAG          : Initial profiles from gradients
 ion  mass                      :   2.0000
 ion  charge                    :   1.0000
 -----------------------------------------------------------------
 INFO: clean exit from TGYRO                                                     
