 0.0000E+00  0.0000E+00
 4.7437E-03  5.1364E-02
 3.3549E-03  2.6978E-02
 2.2939E-03  2.2494E-02
 1.7168E-03  2.0872E-02
 1.4412E-03  2.0167E-02
 1.2608E-03  1.9701E-02
 1.1675E-03  1.9567E-02
 1.1268E-03  1.9857E-02
 1.1290E-03  2.0662E-02
 1.1520E-03  2.1796E-02
 1.1899E-03  2.2948E-02
 1.2285E-03  2.3718E-02
 1.2595E-03  2.3944E-02
 1.2747E-03  2.3709E-02
 1.2734E-03  2.3224E-02
 1.2605E-03  2.2682E-02
 1.2431E-03  2.2229E-02
 1.2265E-03  2.1934E-02
 1.2141E-03  2.1817E-02
 1.2079E-03  2.1858E-02
 1.2074E-03  2.2012E-02
 1.2111E-03  2.2217E-02
 1.2173E-03  2.2420E-02
 1.2240E-03  2.2574E-02
 1.2296E-03  2.2650E-02
 1.2330E-03  2.2648E-02
 1.2340E-03  2.2588E-02
 1.2330E-03  2.2501E-02
 1.2308E-03  2.2414E-02
 1.2282E-03  2.2348E-02
 1.2259E-03  2.2313E-02
 1.2244E-03  2.2308E-02
 1.2238E-03  2.2327E-02
 1.2240E-03  2.2359E-02
 1.2248E-03  2.2394E-02
 1.2259E-03  2.2424E-02
 1.2268E-03  2.2441E-02
 1.2275E-03  2.2447E-02
 1.2279E-03  2.2441E-02
 1.2279E-03  2.2429E-02
 1.2276E-03  2.2415E-02
