 5.07763387E-17  5.63793829E-17  7.05235804E-17  8.39327031E-17  3.51220653E-11  7.51947039E-24  0.00000000E+00  0.00000000E+00
 5.20368479E-01  5.20368479E-01  1.06552020E+00  1.19995495E+00 -6.42374381E-06  5.40843873E-07  1.55396917E+00  1.20262572E+00
 3.60238203E-01  3.60238203E-01  1.13243355E+00  1.06716513E+00 -4.76315696E-06  6.23365335E-07  1.53235470E+00  1.20133129E+00
 1.77093710E-01  1.77093710E-01  1.09658611E+00  8.06601361E-01 -2.38785330E-06  7.07449660E-07  1.29238125E+00  9.43304446E-01
 3.52725939E-02  3.52725939E-02  1.08767031E+00  6.09066709E-01 -1.88751325E-06  7.57001357E-07  1.07482031E+00  6.67112285E-01
-7.31897516E-02 -7.31897516E-02  1.10385784E+00  4.48482829E-01 -8.30724519E-07  7.17674357E-07  1.04653461E+00  4.82128437E-01
-1.56334773E-01 -1.56334773E-01  1.14427165E+00  3.15668348E-01 -5.72108659E-07  6.22939463E-07  1.00441612E+00  2.81048754E-01
-2.08083640E-01 -2.08083640E-01  1.20942771E+00  2.02655082E-01 -9.27638764E-07  4.95700790E-07  1.06586135E+00  1.45327661E-01
-2.23504214E-01 -2.23504214E-01  1.29552871E+00  1.23982128E-01 -1.79835397E-06  3.26453946E-07  1.12883527E+00  4.37101087E-02
-1.95787688E-01 -1.95787688E-01  1.38892030E+00  9.66892917E-02 -2.65829356E-06  1.97913675E-07  1.22736689E+00  2.10638464E-02
-1.30995778E-01 -1.30995778E-01  1.46154746E+00  1.33161713E-01 -3.00709219E-06  1.10981703E-07  1.33870458E+00  9.01235014E-02
-5.48140806E-02 -5.48140806E-02  1.49057429E+00  2.17564528E-01 -3.84604524E-06  1.30436050E-07  1.40261791E+00  2.12072273E-01
 3.67632062E-03  3.67632062E-03  1.47293090E+00  3.10732830E-01 -4.29246962E-06  2.15731165E-07  1.42301420E+00  3.37838594E-01
 3.03362450E-02  3.03362450E-02  1.42862759E+00  3.79658218E-01 -3.95247271E-06  3.20558816E-07  1.39588642E+00  4.21776351E-01
 2.90847250E-02  2.90847250E-02  1.37982774E+00  4.12955975E-01 -3.72079706E-06  4.08284355E-07  1.35318731E+00  4.56210591E-01
 1.06880065E-02  1.06880065E-02  1.34011916E+00  4.15201217E-01 -3.40500156E-06  4.54145601E-07  1.30550533E+00  4.49621847E-01
-1.48937347E-02 -1.48937347E-02  1.31460057E+00  3.96697359E-01 -3.19050096E-06  4.68496398E-07  1.26870629E+00  4.18897047E-01
-4.04052124E-02 -4.04052124E-02  1.30364122E+00  3.67593467E-01 -3.03810731E-06  4.53626488E-07  1.24510660E+00  3.77233242E-01
-6.09885197E-02 -6.09885197E-02  1.30536186E+00  3.36292564E-01 -3.04298357E-06  4.22262314E-07  1.23546972E+00  3.35409589E-01
-7.38316928E-02 -7.38316928E-02  1.31633587E+00  3.09481328E-01 -3.09399638E-06  3.84140997E-07  1.23874184E+00  3.01876049E-01
-7.79514702E-02 -7.79514702E-02  1.33216281E+00  2.91781757E-01 -3.23052443E-06  3.49232160E-07  1.25181482E+00  2.81769496E-01
-7.42444366E-02 -7.42444366E-02  1.34825864E+00  2.85247340E-01 -3.38790930E-06  3.24885396E-07  1.26958591E+00  2.76747000E-01
-6.52348027E-02 -6.52348027E-02  1.36074203E+00  2.89056795E-01 -3.50494651E-06  3.15747906E-07  1.28679270E+00  2.84687205E-01
-5.42821645E-02 -5.42821645E-02  1.36741986E+00  2.99973385E-01 -3.59358136E-06  3.21177495E-07  1.29949920E+00  3.00775804E-01
-4.45625768E-02 -4.45625768E-02  1.36801563E+00  3.13621407E-01 -3.62094815E-06  3.36242616E-07  1.30537876E+00  3.18974510E-01
-3.81362411E-02 -3.81362411E-02  1.36395180E+00  3.25964566E-01 -3.60193230E-06  3.54960417E-07  1.30528220E+00  3.34424252E-01
-3.56627103E-02 -3.56627103E-02  1.35746546E+00  3.34376235E-01 -3.55178894E-06  3.71426658E-07  1.30059834E+00  3.44059466E-01
-3.66388363E-02 -3.66388363E-02  1.35072352E+00  3.37913111E-01 -3.49342056E-06  3.82413581E-07  1.29371914E+00  3.47232004E-01
-3.98901816E-02 -3.98901816E-02  1.34533954E+00  3.37056319E-01 -3.44637074E-06  3.86622672E-07  1.28692031E+00  3.45011191E-01
-4.40676951E-02 -4.40676951E-02  1.34217419E+00  3.33167475E-01 -3.41344296E-06  3.84917503E-07  1.28159573E+00  3.39314914E-01
-4.79885977E-02 -4.79885977E-02  1.34134712E+00  3.27920327E-01 -3.40358144E-06  3.79192504E-07  1.27857288E+00  3.32350196E-01
-5.08368580E-02 -5.08368580E-02  1.34243666E+00  3.22854463E-01 -3.40997941E-06  3.71754935E-07  1.27797574E+00  3.26023334E-01
-5.22403892E-02 -5.22403892E-02  1.34470797E+00  3.19080501E-01 -3.42892698E-06  3.64745323E-07  1.27933210E+00  3.21606738E-01
-5.22419637E-02 -5.22419637E-02  1.34734094E+00  3.17143811E-01 -3.45297117E-06  3.59670998E-07  1.28180997E+00  3.19621123E-01
-5.11922863E-02 -5.11922863E-02  1.34963379E+00  3.17030639E-01 -3.47462964E-06  3.57256543E-07  1.28459922E+00  3.19925459E-01
-4.96014788E-02 -4.96014788E-02  1.35113715E+00  3.18307034E-01 -3.49017564E-06  3.57411610E-07  1.28692973E+00  3.21857287E-01
-4.79798644E-02 -4.79798644E-02  1.35169994E+00  3.20319715E-01 -3.49667384E-06  3.59449459E-07  1.28839516E+00  3.24554464E-01
-4.67149757E-02 -4.67149757E-02  1.35143392E+00  3.22407597E-01 -3.49582378E-06  3.62410313E-07  1.28886010E+00  3.27181647E-01
-4.60097439E-02 -4.60097439E-02  1.35061807E+00  3.24062720E-01 -3.48931259E-06  3.65351924E-07  1.28848281E+00  3.29143419E-01
-4.58816656E-02 -4.58816656E-02  1.34958653E+00  3.25011731E-01 -3.48008322E-06  3.67589078E-07  1.28757037E+00  3.30157389E-01
-4.62088646E-02 -4.62088646E-02  1.34863669E+00  3.25218451E-01 -3.47136103E-06  3.68771042E-07  1.28647959E+00  3.30238008E-01
-4.67964265E-02 -4.67964265E-02  1.34796735E+00  3.24828410E-01 -3.46496041E-06  3.68896007E-07  1.28550001E+00  3.29608917E-01
