 1.61470322E-01
 1.61470322E-01
 3.83373006E-01
 3.93746522E-01
 3.53385630E-01
 3.14895324E-01
 2.75030439E-01
 2.36537302E-01
 2.01471999E-01
 1.78138461E-01
 1.71329131E-01
 1.84636917E-01
 2.10292904E-01
 2.35143090E-01
 2.49926815E-01
 2.53354173E-01
 2.48061974E-01
 2.37931020E-01
 2.26423075E-01
 2.16112141E-01
 2.08801516E-01
 2.05392398E-01
 2.05865269E-01
 2.09286099E-01
 2.14113977E-01
 2.18741511E-01
 2.22012269E-01
 2.23451869E-01
 2.23193008E-01
 2.21746433E-01
 2.19758615E-01
 2.17821545E-01
 2.16361350E-01
 2.15593958E-01
 2.15524513E-01
 2.15996410E-01
 2.16762583E-01
 2.17565697E-01
 2.18204340E-01
 2.18568520E-01
 2.18642264E-01
 2.18483401E-01
