  6.126568570690336E+00
  5.619778176688673E+00
  4.453907135653066E+00
  3.486524059411419E+00
  3.219146456091449E+00
  3.042161138593258E+00
  3.023746009007422E+00
  3.021493422479429E+00
  3.105811557932799E+00
  3.267394747246486E+00
  3.416910348325060E+00
  3.539858352475121E+00
  3.676563911149425E+00
  3.651404551527660E+00
  3.522252681448102E+00
  3.418170534394808E+00
  3.362845958586384E+00
  3.321890153524687E+00
  3.300763333861593E+00
  3.299692450696793E+00
  3.314542515329447E+00
  3.338222717933668E+00
  3.363191599893686E+00
  3.382503089664721E+00
  3.393620254382839E+00
  3.395757274173886E+00
  3.390820906551313E+00
  3.381958990266947E+00
  3.372083844678535E+00
  3.363693635884021E+00
  3.358337396458840E+00
  3.356488604896520E+00
  3.357645673804776E+00
  3.360841000496388E+00
  3.364757608026776E+00
  3.368322712023957E+00
  3.370770095888039E+00
  3.371827856507525E+00
  3.371608541145515E+00
  3.370506141120132E+00
  3.368993437627498E+00
