           8
           4
          20
           6
           1
   4
 -0.948874368499507     
 -0.950930240144822     
 -0.955852726183099     
 -0.961497683213444     
 -0.966076703543456     
 -0.967936331744116     
 -0.966076703543456     
 -0.961497683213444     
 -0.955852726183099     
 -0.950930240144822     
  0.948874368499507     
  0.950930240144822     
  0.955852726183099     
  0.961497683213444     
  0.966076703543456     
  0.967936331744116     
  0.966076703543456     
  0.961497683213444     
  0.955852726183099     
  0.950930240144822     
 -0.751179049629168     
 -0.761432618734495     
 -0.786595767138808     
 -0.816198961480157     
 -0.840766309016828     
 -0.850915450390145     
 -0.840766309016829     
 -0.816198961480158     
 -0.786595767138809     
 -0.761432618734495     
  0.751179049629168     
  0.761432618734495     
  0.786595767138808     
  0.816198961480157     
  0.840766309016828     
  0.850915450390145     
  0.840766309016829     
  0.816198961480158     
  0.786595767138809     
  0.761432618734495     
 -0.466990051242048     
 -0.488948335665047     
 -0.546052371857154     
 -0.618498942199676     
 -0.682608864354817     
 -0.710505971243707     
 -0.682608864354818     
 -0.618498942199678     
 -0.546052371857156     
 -0.488948335665048     
  0.466990051242048     
  0.488948335665047     
  0.546052371857154     
  0.618498942199676     
  0.682608864354817     
  0.710505971243707     
  0.682608864354818     
  0.618498942199678     
  0.546052371857156     
  0.488948335665048     
 -0.178652178499465     
 -0.205635105078173     
 -0.286849448269927     
 -0.414834935836009     
 -0.552516388933411     
 -0.622031950921339     
 -0.552516388933414     
 -0.414834935836013     
 -0.286849448269929     
 -0.205635105078174     
  0.178652178499465     
  0.205635105078173     
  0.286849448269927     
  0.414834935836009     
  0.552516388933411     
  0.622031950921339     
  0.552516388933414     
  0.414834935836013     
  0.286849448269929     
  0.205635105078174     
  0.000000000000000E+000
 -8.779863264007877E-002
 -0.201161099609648     
 -0.350940493115027     
 -0.511338476539221     
 -0.594403392900090     
 -0.511338494088097     
 -0.350940514147354     
 -0.201161117428179     
 -8.779864721990259E-002
  0.000000000000000E+000
  8.779864721990259E-002
  0.201161117428179     
  0.350940514147354     
  0.511338494088097     
  0.594403392900090     
  0.511338476539221     
  0.350940493115027     
  0.201161099609648     
  8.779863264007877E-002
 -2.107342425544702E-008
 -0.125311686082722     
 -0.253861202983718     
 -0.380323899284892     
 -0.484684179337339     
 -0.529077772985124     
 -0.484684172678696     
 -0.380323888961785     
 -0.253861191718547     
 -0.125311674771997     
 -1.053671212772351E-008
  0.125311674771997     
  0.253861191718547     
  0.380323888961785     
  0.484684172678696     
  0.529077772985124     
  0.484684179337339     
  0.380323899284892     
  0.253861202983718     
  0.125311686082722     
 -2.580956827951785E-008
 -0.108268369873630     
 -0.211472883855141     
 -0.302116047160576     
 -0.367596875569091     
 -0.392283986342169     
 -0.367596871681243     
 -0.302116040296347     
 -0.211472875030865     
 -0.108268360279127     
  0.000000000000000E+000
  0.108268360279127     
  0.211472875030865     
  0.302116040296347     
  0.367596871681243     
  0.392283986342169     
  0.367596875569091     
  0.302116047160576     
  0.211472883855141     
  0.108268369873630     
 -1.490116119384766E-008
 -5.581678306982988E-002
 -0.107813121970500     
 -0.150095648737359     
 -0.178106469830534     
 -0.188032513924594     
 -0.178106465649816     
 -0.150095639733379     
 -0.107813109954659     
 -5.581676967909860E-002
  0.000000000000000E+000
  5.581676967909860E-002
  0.107813109954659     
  0.150095639733379     
  0.178106465649816     
  0.188032513924594     
  0.178106469830534     
  0.150095648737359     
  0.107813121970500     
  5.581678306982988E-002
  -1.00000000000000     
 -0.811801815554899     
 -0.625949308046070     
 -0.434883008431787     
 -0.226266641232509     
 -8.658176632872907E-016
  0.226266641232507     
  0.434883008431786     
  0.625949308046069     
  0.811801815554898     
  -1.00000000000000     
 -0.811801815554899     
 -0.625949308046070     
 -0.434883008431787     
 -0.226266641232509     
 -8.658176632872907E-016
  0.226266641232507     
  0.434883008431786     
  0.625949308046069     
  0.811801815554898     
  -1.00000000000000     
 -0.820968544797387     
 -0.640534122909955     
 -0.450226786602314     
 -0.236803581509694     
 -1.091106953224290E-015
  0.236803581509693     
  0.450226786602313     
  0.640534122909954     
  0.820968544797386     
  -1.00000000000000     
 -0.820968544797387     
 -0.640534122909955     
 -0.450226786602314     
 -0.236803581509694     
 -1.091106953224290E-015
  0.236803581509693     
  0.450226786602313     
  0.640534122909954     
  0.820968544797386     
  -1.00000000000000     
 -0.845654058003053     
 -0.680626474809958     
 -0.493097242544401     
 -0.267026099956252     
 -1.895080497705346E-015
  0.267026099956249     
  0.493097242544399     
  0.680626474809957     
  0.845654058003052     
  -1.00000000000000     
 -0.845654058003053     
 -0.680626474809958     
 -0.493097242544401     
 -0.267026099956252     
 -1.895080497705346E-015
  0.267026099956249     
  0.493097242544399     
  0.680626474809957     
  0.845654058003052     
  -1.00000000000000     
 -0.903726432439410     
 -0.780990430295936     
 -0.606333673078491     
 -0.352443640749829     
 -4.187730330593630E-015
  0.352443640749823     
  0.606333673078488     
  0.780990430295936     
  0.903726432439410     
  -1.00000000000000     
 -0.903726432439410     
 -0.780990430295936     
 -0.606333673078491     
 -0.352443640749829     
 -4.187730330593630E-015
  0.352443640749823     
  0.606333673078488     
  0.780990430295936     
  0.903726432439410     
 -0.865038402144590     
 -0.841306827869970     
 -0.762737450492993     
 -0.612292539888937     
 -0.364730955939331     
 -2.371849824235670E-008
  0.364730918407608     
  0.612292515063062     
  0.762737435136303     
  0.841306820186699     
  0.865038402144592     
  0.841306820186699     
  0.762737435136303     
  0.612292515063062     
  0.364730918407608     
 -2.371849824235670E-008
 -0.364730955939331     
 -0.612292539888937     
 -0.762737450492993     
 -0.841306827869970     
 -0.648387876524116     
 -0.624330122752041     
 -0.550849264863299     
 -0.423923721195155     
 -0.237368247983748     
  1.028163446537322E-008
  0.237368266072415     
  0.423923734452162     
  0.550849273502863     
  0.624330127073346     
  0.648387876524118     
  0.624330127073346     
  0.550849273502863     
  0.423923734452162     
  0.237368266072415     
  1.028163446537322E-008
 -0.237368247983748     
 -0.423923721195155     
 -0.550849264863299     
 -0.624330122752041     
 -0.416533281178029     
 -0.399115993952298     
 -0.346570695505076     
 -0.259110371687027     
 -0.139840431172547     
  6.268587301124357E-009
  0.139840442747818     
  0.259110380874297     
  0.346570701733340     
  0.399115997145154     
  0.416533281178031     
  0.399115997145154     
  0.346570701733340     
  0.259110380874297     
  0.139840442747818     
  6.268587301124357E-009
 -0.139840431172547     
 -0.259110371687027     
 -0.346570695505076     
 -0.399115993952298     
 -0.180544885706743     
 -0.172014527104439     
 -0.147132281309276     
 -0.107594065493702     
 -5.686332539253061E-002
  7.143785702328390E-009
  5.686333887625340E-002
  0.107594076768462     
  0.147132289342268     
  0.172014531225735     
  0.180544885706747     
  0.172014531225735     
  0.147132289342268     
  0.107594076768462     
  5.686333887625340E-002
  7.143785702328390E-009
 -5.686332539253061E-002
 -0.107594065493702     
 -0.147132281309276     
 -0.172014527104439     
