 5.9813E-15
-3.4694E-17
 8.9407E-01
-2.3354E-02
-3.9274E-15
 9.8474E-01
 5.8244E-01
 8.4261E-01
 1.0986E+00
 5.3015E-01
-7.9797E-16
 5.9952E-15
-3.4486E-15
 8.9349E-01
-2.3399E-02
-3.9274E-15
 9.8472E-01
 5.8186E-01
 8.4235E-01
 1.0986E+00
 5.2962E-01
-7.9277E-16
 6.0091E-15
-6.0021E-15
 8.9292E-01
-2.3445E-02
-3.9344E-15
 9.8470E-01
 5.8128E-01
 8.4210E-01
 1.0986E+00
 5.2909E-01
-7.8583E-16
 6.0091E-15
-5.1487E-15
 8.9235E-01
-2.3490E-02
-3.9344E-15
 9.8468E-01
 5.8070E-01
 8.4184E-01
 1.0986E+00
 5.2856E-01
-7.8063E-16
 6.0230E-15
-1.7625E-15
 8.9177E-01
-2.3536E-02
-3.9413E-15
 9.8466E-01
 5.8012E-01
 8.4159E-01
 1.0986E+00
 5.2803E-01
-7.7369E-16
 6.0368E-15
-9.2287E-16
 8.9120E-01
-2.3582E-02
-3.9413E-15
 9.8464E-01
 5.7954E-01
 8.4133E-01
 1.0986E+00
 5.2750E-01
-7.6675E-16
