 i    energy(i)    w_energy(i) 
--- ------------  ------------ 
 1  0.1078183154  0.0635404654
 2  0.3500828453  0.1372561717
 3  0.6938122689  0.1873704710
 4  1.1584709317  0.2050996484
 5  1.7916103850  0.1873704710
 6  2.6947340750  0.1372561717
 7  4.0614273853  0.0635404654
 8  5.0000000000  0.0185661355
 
 k   tau(k)/2pi     s_lambda(k)   lambda(k)   w_lambda(k)
--- ------------  ------------ ------------  -----------
 1  0.9998329400  0.0403468438  0.1086612468  0.0505346115
 2  1.1961783012  0.1917685035  0.4751925816  0.0947403852
 3  1.6383367526  0.3893314835  0.8527360796  0.0947403852
 4  2.5758913624  0.5407531432  1.0557593285  0.0505346115
lambda-TP:                      1.0905665044
 5  2.8263801365  0.6101849874  1.1136352180  0.0364290998
 6  1.9781085883  0.7193409617  1.2400214513  0.0682959035
 7  1.5426028322  0.8617590253  1.4570650535  0.0682959035
 8  1.2983012692  0.9709149996  1.6611826983  0.0364290998
lambda-MAX:                     1.7220685437
 
 k   tau(k)/2pi     s_lambda(k)   lambda(k)   w_lambda(k)
--- ------------  ------------ ------------  -----------
 1  0.9998329400  0.0403468438  0.1086612468  0.0505346115
 2  1.1961783012  0.1917685035  0.4751925816  0.0947403852
 3  1.6383367526  0.3893314835  0.8527360796  0.0947403852
 4  2.5758913624  0.5407531432  1.0557593285  0.0505346115
lambda-TP:                      1.0905665044
 5  2.8263801365  0.6101849874  1.1136352180  0.0364290998
 6  1.9781085883  0.7193409617  1.2400214513  0.0682959035
 7  1.5426028322  0.8617590253  1.4570650535  0.0682959035
 8  1.2983012692  0.9709149996  1.6611826983  0.0364290998
lambda-MAX:                     1.7220685437
