----------------------------------------------------------------------------------- 
 => ion # 1
 r           dlntdr_s    dlnndr_s    tem_s       den_s       alpha_s     (null)      
----------------------------------------------------------------------------------- 
 6.3193E-01  2.7638E+00  9.8592E-01  9.6538E-01  1.0000E+00  1.0359E+00  0.0000E+00
 6.3379E-01  2.7638E+00  9.8592E-01  9.6538E-01  1.0000E+00  1.0359E+00  0.0000E+00
 6.3564E-01  2.7638E+00  9.8592E-01  9.6538E-01  1.0000E+00  1.0359E+00  0.0000E+00
 6.3750E-01  2.7638E+00  9.8592E-01  9.6538E-01  1.0000E+00  1.0359E+00  0.0000E+00
 6.3936E-01  2.7638E+00  9.8592E-01  9.6538E-01  1.0000E+00  1.0359E+00  0.0000E+00
 6.4121E-01  2.7638E+00  9.8592E-01  9.6538E-01  1.0000E+00  1.0359E+00  0.0000E+00
----------------------------------------------------------------------------------- 
=> electrons
 r           dlntdr_s    dlnndr_s    tem_s       den_s       alpha_s     (null)      
----------------------------------------------------------------------------------- 
 6.3193E-01  1.8950E+00  9.8592E-01  1.0000E+00  1.0000E+00  1.0000E+00  0.0000E+00
 6.3379E-01  1.8950E+00  9.8592E-01  1.0000E+00  1.0000E+00  1.0000E+00  0.0000E+00
 6.3564E-01  1.8950E+00  9.8592E-01  1.0000E+00  1.0000E+00  1.0000E+00  0.0000E+00
 6.3750E-01  1.8950E+00  9.8592E-01  1.0000E+00  1.0000E+00  1.0000E+00  0.0000E+00
 6.3936E-01  1.8950E+00  9.8592E-01  1.0000E+00  1.0000E+00  1.0000E+00  0.0000E+00
 6.4121E-01  1.8950E+00  9.8592E-01  1.0000E+00  1.0000E+00  1.0000E+00  0.0000E+00
----------------------------------------------------------------------------------- 
 => Geometry
 r           q_s         shat_s      kappa_s     s_kappa_s   delta_s     s_delta_s   
----------------------------------------------------------------------------------- 
 6.3193E-01  2.0054E+00  9.5196E-01  1.3156E+00  8.2288E-02  1.3167E-01  1.7790E-01
 6.3379E-01  2.0054E+00  9.5196E-01  1.3156E+00  8.2288E-02  1.3167E-01  1.7790E-01
 6.3564E-01  2.0054E+00  9.5196E-01  1.3156E+00  8.2288E-02  1.3167E-01  1.7790E-01
 6.3750E-01  2.0054E+00  9.5196E-01  1.3156E+00  8.2288E-02  1.3167E-01  1.7790E-01
 6.3936E-01  2.0054E+00  9.5196E-01  1.3156E+00  8.2288E-02  1.3167E-01  1.7790E-01
 6.4121E-01  2.0054E+00  9.5196E-01  1.3156E+00  8.2288E-02  1.3167E-01  1.7790E-01
----------------------------------------------------------------------------------- 
 => Geometry
 r           R/r         drmaj_s     b_unit_s    beta_unit_s rhosda_s    (null)      
----------------------------------------------------------------------------------- 
 6.3193E-01  4.4108E+00 -8.9783E-02  1.0000E+00  1.5504E-03  2.5000E-03  0.0000E+00
 6.3379E-01  4.4108E+00 -8.9783E-02  1.0000E+00  1.5504E-03  2.5000E-03  0.0000E+00
 6.3564E-01  4.4108E+00 -8.9783E-02  1.0000E+00  1.5504E-03  2.5000E-03  0.0000E+00
 6.3750E-01  4.4108E+00 -8.9783E-02  1.0000E+00  1.5504E-03  2.5000E-03  0.0000E+00
 6.3936E-01  4.4108E+00 -8.9783E-02  1.0000E+00  1.5504E-03  2.5000E-03  0.0000E+00
 6.4121E-01  4.4108E+00 -8.9783E-02  1.0000E+00  1.5504E-03  2.5000E-03  0.0000E+00
----------------------------------------------------------------------------------- 
 => Geometry and Flows
 r           r_s         r_e         dr_eodr     q           (null)      (null)      
----------------------------------------------------------------------------------- 
 6.3193E-01  6.3750E-01  6.3193E-01  1.0000E+00  1.9887E+00  0.0000E+00  0.0000E+00
 6.3379E-01  6.3750E-01  6.3379E-01  1.0000E+00  1.9943E+00  0.0000E+00  0.0000E+00
 6.3564E-01  6.3750E-01  6.3564E-01  1.0000E+00  1.9998E+00  0.0000E+00  0.0000E+00
 6.3750E-01  6.3750E-01  6.3750E-01  1.0000E+00  2.0054E+00  0.0000E+00  0.0000E+00
 6.3936E-01  6.3750E-01  6.3936E-01  1.0000E+00  2.0109E+00  0.0000E+00  0.0000E+00
 6.4121E-01  6.3750E-01  6.4121E-01  1.0000E+00  2.0165E+00  0.0000E+00  0.0000E+00
----------------------------------------------------------------------------------- 
 => Geometry and Flows
 r           gamma_e_s   gamma_p_s   mach_s      z_eff_s     nu_s        (null)      
----------------------------------------------------------------------------------- 
 6.3193E-01  7.3995E-02 -6.5452E-01 -2.5510E-01  1.3335E+00  1.3578E-01  0.0000E+00
 6.3379E-01  7.3995E-02 -6.5452E-01 -2.5510E-01  1.3335E+00  1.3578E-01  0.0000E+00
 6.3564E-01  7.3995E-02 -6.5452E-01 -2.5510E-01  1.3335E+00  1.3578E-01  0.0000E+00
 6.3750E-01  7.3995E-02 -6.5452E-01 -2.5510E-01  1.3335E+00  1.3578E-01  0.0000E+00
 6.3936E-01  7.3995E-02 -6.5452E-01 -2.5510E-01  1.3335E+00  1.3578E-01  0.0000E+00
 6.4121E-01  7.3995E-02 -6.5452E-01 -2.5510E-01  1.3335E+00  1.3578E-01  0.0000E+00
----------------------------------------------------------------------------------- 
 => Geometry and Flows
 r           gamma_t_s   gamma_n_s   gamma_eb_s  gamma_HB    w0_s        w0p_s       
----------------------------------------------------------------------------------- 
 6.3193E-01 -5.2967E-04 -1.8240E-04  7.3995E-02  1.5380E-01  0.0000E+00  0.0000E+00
 6.3379E-01 -5.2666E-04 -1.8137E-04  7.3995E-02  1.5380E-01  0.0000E+00  0.0000E+00
 6.3564E-01 -5.2367E-04 -1.8034E-04  7.3995E-02  1.5380E-01  0.0000E+00  0.0000E+00
 6.3750E-01 -5.2070E-04 -1.7931E-04  7.3995E-02  1.5380E-01  0.0000E+00  0.0000E+00
 6.3936E-01 -5.1775E-04 -1.7830E-04  7.3995E-02  1.5380E-01  0.0000E+00  0.0000E+00
 6.4121E-01 -5.1482E-04 -1.7729E-04  7.3995E-02  1.5380E-01  0.0000E+00  0.0000E+00
----------------------------------------------------------------------------------- 
 => Geometry and Flows
 r           (null)      (null)      (null)      zmag_s      V (volume)  dV/dr       
----------------------------------------------------------------------------------- 
 6.3193E-01  0.0000E+00  0.0000E+00  0.0000E+00  0.0000E+00  2.9291E+01  9.3264E+01
 6.3379E-01  0.0000E+00  0.0000E+00  0.0000E+00  0.0000E+00  2.9291E+01  9.3264E+01
 6.3564E-01  0.0000E+00  0.0000E+00  0.0000E+00  0.0000E+00  2.9291E+01  9.3264E+01
 6.3750E-01  0.0000E+00  0.0000E+00  0.0000E+00  0.0000E+00  2.9291E+01  9.3264E+01
 6.3936E-01  0.0000E+00  0.0000E+00  0.0000E+00  0.0000E+00  2.9291E+01  9.3264E+01
 6.4121E-01  0.0000E+00  0.0000E+00  0.0000E+00  0.0000E+00  2.9291E+01  9.3264E+01
