   6
   6
   4
   4
   8
   1
  30
   1
  10
   0
   0
   2
   1
   1
   2
   2
   0
   1
   0
   1
 6.31934394E-01
 6.33789596E-01
 6.35644798E-01
 6.37500000E-01
 6.39355202E-01
 6.41210404E-01
 1.98872007E+00
 1.99427563E+00
 1.99983119E+00
 2.00538674E+00
 2.01094230E+00
 2.01649785E+00
 6.37500000E-01
 6.37500000E-01
 6.37500000E-01
 6.37500000E-01
 6.37500000E-01
 6.37500000E-01
 2.00538674E+00
 2.00538674E+00
 2.00538674E+00
 2.00538674E+00
 2.00538674E+00
 2.00538674E+00
 2.76382777E+00
 1.89501883E+00
 2.76382777E+00
 1.89501883E+00
 2.76382777E+00
 1.89501883E+00
 2.76382777E+00
 1.89501883E+00
 2.76382777E+00
 1.89501883E+00
 2.76382777E+00
 1.89501883E+00
 9.85915172E-01
 9.85915172E-01
 9.85915172E-01
 9.85915172E-01
 9.85915172E-01
 9.85915172E-01
 9.85915172E-01
 9.85915172E-01
 9.85915172E-01
 9.85915172E-01
 9.85915172E-01
 9.85915172E-01
 9.65379451E-01
 1.00000000E+00
 9.65379451E-01
 1.00000000E+00
 9.65379451E-01
 1.00000000E+00
 9.65379451E-01
 1.00000000E+00
 9.65379451E-01
 1.00000000E+00
 9.65379451E-01
 1.00000000E+00
 1.00000000E+00
 1.00000000E+00
 1.00000000E+00
 1.00000000E+00
 1.00000000E+00
 1.00000000E+00
 1.00000000E+00
 1.00000000E+00
 1.00000000E+00
 1.00000000E+00
 1.00000000E+00
 1.00000000E+00
 4.41083119E+00
 4.41083119E+00
 4.41083119E+00
 4.41083119E+00
 4.41083119E+00
 4.41083119E+00
 1.31669368E-01
 1.31669368E-01
 1.31669368E-01
 1.31669368E-01
 1.31669368E-01
 1.31669368E-01
-6.53723430E-03
-6.53723430E-03
-6.53723430E-03
-6.53723430E-03
-6.53723430E-03
-6.53723430E-03
 1.31555508E+00
 1.31555508E+00
 1.31555508E+00
 1.31555508E+00
 1.31555508E+00
 1.31555508E+00
-8.97828589E-02
-8.97828589E-02
-8.97828589E-02
-8.97828589E-02
-8.97828589E-02
-8.97828589E-02
 9.51959183E-01
 9.51959183E-01
 9.51959183E-01
 9.51959183E-01
 9.51959183E-01
 9.51959183E-01
 1.77901042E-01
 1.77901042E-01
 1.77901042E-01
 1.77901042E-01
 1.77901042E-01
 1.77901042E-01
-1.56501046E-02
-1.56501046E-02
-1.56501046E-02
-1.56501046E-02
-1.56501046E-02
-1.56501046E-02
 8.22882001E-02
 8.22882001E-02
 8.22882001E-02
 8.22882001E-02
 8.22882001E-02
 8.22882001E-02
 0.00000000E+00
 0.00000000E+00
 0.00000000E+00
 0.00000000E+00
 0.00000000E+00
 0.00000000E+00
 0.00000000E+00
 0.00000000E+00
 0.00000000E+00
 0.00000000E+00
 0.00000000E+00
 0.00000000E+00
 1.55038012E-03
 1.55038012E-03
 1.55038012E-03
 1.55038012E-03
 1.55038012E-03
 1.55038012E-03
 7.39951831E-02
 7.39951831E-02
 7.39951831E-02
 7.39951831E-02
 7.39951831E-02
 7.39951831E-02
-6.54518649E-01
-6.54518649E-01
-6.54518649E-01
-6.54518649E-01
-6.54518649E-01
-6.54518649E-01
-2.55099981E-01
-2.55099981E-01
-2.55099981E-01
-2.55099981E-01
-2.55099981E-01
-2.55099981E-01
 1.00000000E+00
 1.00000000E+00
 1.00000000E+00
 1.00000000E+00
 1.00000000E+00
 1.00000000E+00
 1.00000000E+00
 1.00000000E+00
 1.00000000E+00
 1.00000000E+00
 1.00000000E+00
 1.00000000E+00
 1.33346846E+00
 1.33346846E+00
 1.33346846E+00
 1.33346846E+00
 1.33346846E+00
 1.33346846E+00
 1.35778252E-01
 1.35778252E-01
 1.35778252E-01
 1.35778252E-01
 1.35778252E-01
 1.35778252E-01
 0.00000000E+00
 0.00000000E+00
 0.00000000E+00
 0.00000000E+00
 0.00000000E+00
 0.00000000E+00
 1.00000000E+00
 1.08661247E-01
 4.75192582E-01
 8.52736080E-01
 1.05575933E+00
 1.11363522E+00
 1.24002145E+00
 1.45706505E+00
 1.66118270E+00
 1.07818315E-01
 3.50082845E-01
 6.93812269E-01
 1.15847093E+00
 1.79161038E+00
 2.69473408E+00
 4.06142739E+00
 5.00000000E+00
 1.09056650E+00
 2.35927852E-01
 2.50000000E-03
 1.00000000E+00
-1.00000000E+00
   1
   2
