[GYRO MPI tasks: 1]
[Parsing data in input.gyro]
 -----------------------------------------------
 operational mode     : INITIAL VALUE
 boundary conditions  : PERIODIC
 profiles             : FLAT
 geometry             : MODEL SHAPE
 electron_method      : IMPLICIT DRIFT-KINETIC ELECTRONS
 fluctuations         : ELECTROSTATIC
 gyro_method          : ORIGINAL (INTEGRATED) POLARIZATION
 fluctuation output   : PHI( ) N( ) E( ) V( )                   
 radial grid          : UNIFORM
 integrator_method    : IMEX2
 field solve          : UMFPACK (SEQUENTIAL)
 source_flag          : SOURCE OFF
 pitch-angle coll.    : RBF r^3
 rotation parameters  : CANDY METHOD
 nonlinear dynamics   : OFF
 linear diffusivity   : RESPONSE FUNCTION
 -----------------------------------------------
----------------------------------------------------------
INFO: Forcing up-down symmetry (UDSYMMETRY_FLAG=1).
----------------------------------------------------------
----------------------------------------------------------
INFO: You are using TOROIDAL_REFERENCE=-1
----------------------------------------------------------
----------------------------------------------------------
INFO: TOROIDAL_REFERENCE reset to lowest nonzero mode.
----------------------------------------------------------
----------------------------------------------------------
INFO: nu_ii rescaled by: 0.000
----------------------------------------------------------
 ----------- SPARSE MATRIX STATS ---------------
 EXPLICIT POISSON:     n>0           
         nonzeros:     1296
           values:     3924
          indices:     5257
       iterations:        1
 
      TOTAL FIELD:     n>0           
         nonzeros:     1296
           values:     3924
          indices:     5257
       iterations:        1
 
----------------------------------------------------------
INFO: Restart data not available.  Reseting restart_method.
----------------------------------------------------------
 ----------- UTILITY PARAMETERS ----------------
 Ion parallel motion     : ON
 Ion curvature drift     : ON
 Electron curvature drift: ON
 ----------- GRID DIMENSIONS -------------------
 n_n                  :    1
 n_x                  :    6
 n_stack              :   20
 n_blend              :    6
 n_pass               :    4
 n_trap               :    4
 n_energy             :    8
 n_field              :    1
 --
 n_spec               :    2
 n_ion                :    1
 n_kinetic            :    2
 n_gk                 :    1
 indx_e               :    2
 --
 FIELD POINTS:        :        36
 DIST. POINTS:        :     15360
 --
 energy_max           :   5.000000
 dt                   :   0.050000
 --------------- LOCAL PARAMETERS ---------------
  NOTE: use abs(SAFETY_FACTOR) as input
 # RADIUS [INPUT]     :   0.637500
 .RADIUS              :   0.637500
 .ASPECT_RATIO        :   2.811905
 .SHIFT               :  -0.089783
 .ZMAG                :   0.000000
 .DZMAG               :   0.000000
 .KAPPA               :   1.315555
 .S_KAPPA             :   0.082288
 .DELTA               :   0.131669
 .S_DELTA             :   0.177901
 .ZETA                :  -0.006537
 .S_ZETA              :  -0.015650
 .SAFETY_FACTOR       :   2.005387
 .SHEAR               :   0.951959
 .RHO_STAR            :   0.002500
 .Z_EFF               :   1.333468
 .MACH                :  -0.255100
 .PGAMMA              :  -0.654519
 .GAMMA_E             :   0.073995
 .LAMBDA_DEBYE        :   0.000000
 .NU_EI               :   0.135778
 .NU_I_KROOK          :   0.000000
 .IPCCW               :   1.000000
 .BTCCW               :  -1.000000
 # Ion  1
 .NI_OVER_NE          :   1.000000
 .TI_OVER_TE          :   0.868069
 .DLNNDR              :   0.985915
 .DLNTDR              :   1.763828
 .Z                   :   1.000000
 (NU_II)              :   0.000000
 .MU                  :   1.000000
 # Electrons
 .DLNNDR_ELECTRON     :   0.985915
 .DLNTDR_ELECTRON     :   2.895019
 (Z_ELECTRON)         :  -1.000000
 .BETAE_UNIT          :   0.000789
 .MU_ELECTRON         :  60.599098
 --------------- TGLF PARAMETERS ---------------
 Q_PRIME              :   9.420072
 P_PRIME              :   0.000619
 -------- LOCAL PARAMETERS (diagnostic) ----------
 n_i*z_i - n_e:       :   0.000000
 r/R0                 :   0.226715
 b_unit               :   1.000000
 beta_unit_norm       :   0.001474
 betai_unit           :   0.000685
 betae_unit_norm      :   0.000789
 beta_*               :   0.004944
 alpha_MHD            :   0.055913
 omega_00 (c_s/a)     :   0.000000
 * Note that f = f_sim exp(i n omega0[r0] t)
 -------- ALFVEN WAVE PARAMETERS (diagnostic) ----------
 (v_A/c_s)            :  50.352276
 Omega_TAE            :   4.464680
 Omega_A              :   8.929360
 ----------- UPWIND PARAMETERS -----------------
 radial_upwind        :   1.000000
 orbit_upwind         :   1.000000
 orbit_upwind (elec)  :   0.000000
 ----------- SOURCE PARAMETERS -----------------
 nu_source            :   0.100000
 n_source             :    1
 ----------- RADIAL DOMAIN PARAMETERS ----------
 s_grid               :   0.951959
 box_multiplier       :   1.000000
 L/a                  :   0.011131
 --
 explicit_damp(i)     :   0 (  1.0000)
 explicit_damp(e)     :   0 (  1.0000)
 --
 offset               :   0 (  0.0000)
 LEFT : r_a           :   0.631934
 LEFT : r_a_physical  :   0.631934
 NORM : r(ir_norm)    :   0.637500
 RIGHT: r_b_physical  :   0.641210
 RIGHT: r_b           :   0.641210
 ----------- PARALLELIZATION PARAMETERS --------
 (nek) per subgroup:  :        64
 (ine) per subgroup:  :        48
 ----------- TIME STEPPING PARAMETERS ----------
 plot_filter          :   1.000000
 time_skip            :    20
 restart_data_skip    :    10
 ----------- STABILITY PARAMETERS ----------------
 d/dtau Courant       :   2.704768
   d/dr Courant       :   0.239455
 Log(RBF Cond. num.)  :   7.599194
 ----------- SETUP TIMING ----------------------
 Grid Setup           :   0.082989
 Build radial ops     :   0.009615
 Build advection ops  :   0.065670
 Build field matrices :   0.135222
 
 TOTAL SETUP          :   1.356729
 -------- CENTRAL WAVENUMBERS SIMULATED -----------
     (k_y = nq/r, rho = rho_sD_unit)
 n =    30   k_y rho =  0.236 [ 0.236][ 0.236]
 min(k_x*rho_sD)      :     1.411164
 max(k_x*rho_sD)      :     2.116746
 --------------- CENTRAL BOX SIZE -----------------
 abs(Lx/rho_sD)       :     4.452485
 abs(Ly/rho_sD)       :    26.631808
 => abs(dx/rho_sD)    :     0.742081
 --------------------------------------------------
 ------------ GYRO-OPERATOR BANDWIDTH -------------
 => EXACT BESSEL.
 --------------------------------------------------
 PLEASE SEE: 
  - units.out for normalizing parameters
  - alloc.out for memory usage
  - efficiency.out for parallelization efficiency
  - phase_space.out for velocity-space nodes and weights
 -----------------------------------------------
 operational mode     : INITIAL VALUE
 boundary conditions  : PERIODIC
 profiles             : FLAT
 geometry             : MODEL SHAPE
 electron_method      : IMPLICIT DRIFT-KINETIC ELECTRONS
 fluctuations         : ELECTROSTATIC
 gyro_method          : ORIGINAL (INTEGRATED) POLARIZATION
 fluctuation output   : PHI( ) N( ) E( ) V( )                   
 radial grid          : UNIFORM
 integrator_method    : IMEX2
 field solve          : UMFPACK (SEQUENTIAL)
 source_flag          : SOURCE OFF
 pitch-angle coll.    : RBF r^3
 rotation parameters  : CANDY METHOD
 nonlinear dynamics   : OFF
 linear diffusivity   : RESPONSE FUNCTION
 -----------------------------------------------
----------------------------------------------------------
INFO: Forcing up-down symmetry (UDSYMMETRY_FLAG=1).
----------------------------------------------------------
----------------------------------------------------------
INFO: You are using TOROIDAL_REFERENCE=-1
----------------------------------------------------------
----------------------------------------------------------
INFO: TOROIDAL_REFERENCE reset to lowest nonzero mode.
----------------------------------------------------------
----------------------------------------------------------
INFO: nu_ii rescaled by: 0.000
----------------------------------------------------------
 ----------- SPARSE MATRIX STATS ---------------
 EXPLICIT POISSON:     n>0           
         nonzeros:     1296
           values:     3924
          indices:     5257
       iterations:        1
 
      TOTAL FIELD:     n>0           
         nonzeros:     1296
           values:     3924
          indices:     5257
       iterations:        1
 
 ----------- UTILITY PARAMETERS ----------------
 Ion parallel motion     : ON
 Ion curvature drift     : ON
 Electron curvature drift: ON
 ----------- GRID DIMENSIONS -------------------
 n_n                  :    1
 n_x                  :    6
 n_stack              :   20
 n_blend              :    6
 n_pass               :    4
 n_trap               :    4
 n_energy             :    8
 n_field              :    1
 --
 n_spec               :    2
 n_ion                :    1
 n_kinetic            :    2
 n_gk                 :    1
 indx_e               :    2
 --
 FIELD POINTS:        :        36
 DIST. POINTS:        :     15360
 --
 energy_max           :   5.000000
 dt                   :   0.050000
 --------------- LOCAL PARAMETERS ---------------
  NOTE: use abs(SAFETY_FACTOR) as input
 # RADIUS [INPUT]     :   0.637500
 .RADIUS              :   0.637500
 .ASPECT_RATIO        :   2.811905
 .SHIFT               :  -0.089783
 .ZMAG                :   0.000000
 .DZMAG               :   0.000000
 .KAPPA               :   1.315555
 .S_KAPPA             :   0.082288
 .DELTA               :   0.131669
 .S_DELTA             :   0.177901
 .ZETA                :  -0.006537
 .S_ZETA              :  -0.015650
 .SAFETY_FACTOR       :   2.005387
 .SHEAR               :   0.951959
 .RHO_STAR            :   0.002500
 .Z_EFF               :   1.333468
 .MACH                :  -0.255100
 .PGAMMA              :  -0.654519
 .GAMMA_E             :   0.073995
 .LAMBDA_DEBYE        :   0.000000
 .NU_EI               :   0.135778
 .NU_I_KROOK          :   0.000000
 .IPCCW               :   1.000000
 .BTCCW               :  -1.000000
 # Ion  1
 .NI_OVER_NE          :   1.000000
 .TI_OVER_TE          :   0.868069
 .DLNNDR              :   0.985915
 .DLNTDR              :   1.963828
 .Z                   :   1.000000
 (NU_II)              :   0.000000
 .MU                  :   1.000000
 # Electrons
 .DLNNDR_ELECTRON     :   0.985915
 .DLNTDR_ELECTRON     :   2.895019
 (Z_ELECTRON)         :  -1.000000
 .BETAE_UNIT          :   0.000789
 .MU_ELECTRON         :  60.599098
 --------------- TGLF PARAMETERS ---------------
 Q_PRIME              :   9.420072
 P_PRIME              :   0.000636
 -------- LOCAL PARAMETERS (diagnostic) ----------
 n_i*z_i - n_e:       :   0.000000
 r/R0                 :   0.226715
 b_unit               :   1.000000
 beta_unit_norm       :   0.001474
 betai_unit           :   0.000685
 betae_unit_norm      :   0.000789
 beta_*               :   0.005081
 alpha_MHD            :   0.057461
 omega_00 (c_s/a)     :   0.000000
 * Note that f = f_sim exp(i n omega0[r0] t)
 -------- ALFVEN WAVE PARAMETERS (diagnostic) ----------
 (v_A/c_s)            :  50.352276
 Omega_TAE            :   4.464680
 Omega_A              :   8.929360
 ----------- UPWIND PARAMETERS -----------------
 radial_upwind        :   1.000000
 orbit_upwind         :   1.000000
 orbit_upwind (elec)  :   0.000000
 ----------- SOURCE PARAMETERS -----------------
 nu_source            :   0.100000
 n_source             :    1
 ----------- RADIAL DOMAIN PARAMETERS ----------
 s_grid               :   0.951959
 box_multiplier       :   1.000000
 L/a                  :   0.011131
 --
 explicit_damp(i)     :   0 (  1.0000)
 explicit_damp(e)     :   0 (  1.0000)
 --
 offset               :   0 (  0.0000)
 LEFT : r_a           :   0.631934
 LEFT : r_a_physical  :   0.631934
 NORM : r(ir_norm)    :   0.637500
 RIGHT: r_b_physical  :   0.641210
 RIGHT: r_b           :   0.641210
 ----------- PARALLELIZATION PARAMETERS --------
 (nek) per subgroup:  :        64
 (ine) per subgroup:  :        48
 ----------- TIME STEPPING PARAMETERS ----------
 plot_filter          :   1.000000
 time_skip            :    20
 restart_data_skip    :    10
 ----------- STABILITY PARAMETERS ----------------
 d/dtau Courant       :   2.704768
   d/dr Courant       :   0.239455
 Log(RBF Cond. num.)  :   7.599194
 ----------- SETUP TIMING ----------------------
 Grid Setup           :   0.075506
 Build radial ops     :   0.017676
 Build advection ops  :   0.057225
 Build field matrices :   0.139286
 
 TOTAL SETUP          :   1.363512
 -------- CENTRAL WAVENUMBERS SIMULATED -----------
     (k_y = nq/r, rho = rho_sD_unit)
 n =    30   k_y rho =  0.236 [ 0.236][ 0.236]
 min(k_x*rho_sD)      :     1.411164
 max(k_x*rho_sD)      :     2.116746
 --------------- CENTRAL BOX SIZE -----------------
 abs(Lx/rho_sD)       :     4.452485
 abs(Ly/rho_sD)       :    26.631808
 => abs(dx/rho_sD)    :     0.742081
 --------------------------------------------------
 ------------ GYRO-OPERATOR BANDWIDTH -------------
 => EXACT BESSEL.
 --------------------------------------------------
 PLEASE SEE: 
  - units.out for normalizing parameters
  - alloc.out for memory usage
  - efficiency.out for parallelization efficiency
  - phase_space.out for velocity-space nodes and weights
 -----------------------------------------------
 operational mode     : INITIAL VALUE
 boundary conditions  : PERIODIC
 profiles             : FLAT
 geometry             : MODEL SHAPE
 electron_method      : IMPLICIT DRIFT-KINETIC ELECTRONS
 fluctuations         : ELECTROSTATIC
 gyro_method          : ORIGINAL (INTEGRATED) POLARIZATION
 fluctuation output   : PHI( ) N( ) E( ) V( )                   
 radial grid          : UNIFORM
 integrator_method    : IMEX2
 field solve          : UMFPACK (SEQUENTIAL)
 source_flag          : SOURCE OFF
 pitch-angle coll.    : RBF r^3
 rotation parameters  : CANDY METHOD
 nonlinear dynamics   : OFF
 linear diffusivity   : RESPONSE FUNCTION
 -----------------------------------------------
----------------------------------------------------------
INFO: Forcing up-down symmetry (UDSYMMETRY_FLAG=1).
----------------------------------------------------------
----------------------------------------------------------
INFO: You are using TOROIDAL_REFERENCE=-1
----------------------------------------------------------
----------------------------------------------------------
INFO: TOROIDAL_REFERENCE reset to lowest nonzero mode.
----------------------------------------------------------
----------------------------------------------------------
INFO: nu_ii rescaled by: 0.000
----------------------------------------------------------
 ----------- SPARSE MATRIX STATS ---------------
 EXPLICIT POISSON:     n>0           
         nonzeros:     1296
           values:     3924
          indices:     5257
       iterations:        1
 
      TOTAL FIELD:     n>0           
         nonzeros:     1296
           values:     3924
          indices:     5257
       iterations:        1
 
 ----------- UTILITY PARAMETERS ----------------
 Ion parallel motion     : ON
 Ion curvature drift     : ON
 Electron curvature drift: ON
 ----------- GRID DIMENSIONS -------------------
 n_n                  :    1
 n_x                  :    6
 n_stack              :   20
 n_blend              :    6
 n_pass               :    4
 n_trap               :    4
 n_energy             :    8
 n_field              :    1
 --
 n_spec               :    2
 n_ion                :    1
 n_kinetic            :    2
 n_gk                 :    1
 indx_e               :    2
 --
 FIELD POINTS:        :        36
 DIST. POINTS:        :     15360
 --
 energy_max           :   5.000000
 dt                   :   0.050000
 --------------- LOCAL PARAMETERS ---------------
  NOTE: use abs(SAFETY_FACTOR) as input
 # RADIUS [INPUT]     :   0.637500
 .RADIUS              :   0.637500
 .ASPECT_RATIO        :   2.811905
 .SHIFT               :  -0.089783
 .ZMAG                :   0.000000
 .DZMAG               :   0.000000
 .KAPPA               :   1.315555
 .S_KAPPA             :   0.082288
 .DELTA               :   0.131669
 .S_DELTA             :   0.177901
 .ZETA                :  -0.006537
 .S_ZETA              :  -0.015650
 .SAFETY_FACTOR       :   2.005387
 .SHEAR               :   0.951959
 .RHO_STAR            :   0.002500
 .Z_EFF               :   1.333468
 .MACH                :  -0.255100
 .PGAMMA              :  -0.654519
 .GAMMA_E             :   0.073995
 .LAMBDA_DEBYE        :   0.000000
 .NU_EI               :   0.135778
 .NU_I_KROOK          :   0.000000
 .IPCCW               :   1.000000
 .BTCCW               :  -1.000000
 # Ion  1
 .NI_OVER_NE          :   1.000000
 .TI_OVER_TE          :   0.868069
 .DLNNDR              :   0.985915
 .DLNTDR              :   1.763828
 .Z                   :   1.000000
 (NU_II)              :   0.000000
 .MU                  :   1.000000
 # Electrons
 .DLNNDR_ELECTRON     :   0.985915
 .DLNTDR_ELECTRON     :   3.095019
 (Z_ELECTRON)         :  -1.000000
 .BETAE_UNIT          :   0.000789
 .MU_ELECTRON         :  60.599098
 --------------- TGLF PARAMETERS ---------------
 Q_PRIME              :   9.420072
 P_PRIME              :   0.000639
 -------- LOCAL PARAMETERS (diagnostic) ----------
 n_i*z_i - n_e:       :   0.000000
 r/R0                 :   0.226715
 b_unit               :   1.000000
 beta_unit_norm       :   0.001474
 betai_unit           :   0.000685
 betae_unit_norm      :   0.000789
 beta_*               :   0.005102
 alpha_MHD            :   0.057697
 omega_00 (c_s/a)     :   0.000000
 * Note that f = f_sim exp(i n omega0[r0] t)
 -------- ALFVEN WAVE PARAMETERS (diagnostic) ----------
 (v_A/c_s)            :  50.352276
 Omega_TAE            :   4.464680
 Omega_A              :   8.929360
 ----------- UPWIND PARAMETERS -----------------
 radial_upwind        :   1.000000
 orbit_upwind         :   1.000000
 orbit_upwind (elec)  :   0.000000
 ----------- SOURCE PARAMETERS -----------------
 nu_source            :   0.100000
 n_source             :    1
 ----------- RADIAL DOMAIN PARAMETERS ----------
 s_grid               :   0.951959
 box_multiplier       :   1.000000
 L/a                  :   0.011131
 --
 explicit_damp(i)     :   0 (  1.0000)
 explicit_damp(e)     :   0 (  1.0000)
 --
 offset               :   0 (  0.0000)
 LEFT : r_a           :   0.631934
 LEFT : r_a_physical  :   0.631934
 NORM : r(ir_norm)    :   0.637500
 RIGHT: r_b_physical  :   0.641210
 RIGHT: r_b           :   0.641210
 ----------- PARALLELIZATION PARAMETERS --------
 (nek) per subgroup:  :        64
 (ine) per subgroup:  :        48
 ----------- TIME STEPPING PARAMETERS ----------
 plot_filter          :   1.000000
 time_skip            :    20
 restart_data_skip    :    10
 ----------- STABILITY PARAMETERS ----------------
 d/dtau Courant       :   2.704768
   d/dr Courant       :   0.239455
 Log(RBF Cond. num.)  :   7.599194
 ----------- SETUP TIMING ----------------------
 Grid Setup           :   0.078260
 Build radial ops     :   0.016221
 Build advection ops  :   0.055535
 Build field matrices :   0.144577
 
 TOTAL SETUP          :   1.377970
 -------- CENTRAL WAVENUMBERS SIMULATED -----------
     (k_y = nq/r, rho = rho_sD_unit)
 n =    30   k_y rho =  0.236 [ 0.236][ 0.236]
 min(k_x*rho_sD)      :     1.411164
 max(k_x*rho_sD)      :     2.116746
 --------------- CENTRAL BOX SIZE -----------------
 abs(Lx/rho_sD)       :     4.452485
 abs(Ly/rho_sD)       :    26.631808
 => abs(dx/rho_sD)    :     0.742081
 --------------------------------------------------
 ------------ GYRO-OPERATOR BANDWIDTH -------------
 => EXACT BESSEL.
 --------------------------------------------------
 PLEASE SEE: 
  - units.out for normalizing parameters
  - alloc.out for memory usage
  - efficiency.out for parallelization efficiency
  - phase_space.out for velocity-space nodes and weights
 -----------------------------------------------
 operational mode     : INITIAL VALUE
 boundary conditions  : PERIODIC
 profiles             : FLAT
 geometry             : MODEL SHAPE
 electron_method      : IMPLICIT DRIFT-KINETIC ELECTRONS
 fluctuations         : ELECTROSTATIC
 gyro_method          : ORIGINAL (INTEGRATED) POLARIZATION
 fluctuation output   : PHI( ) N( ) E( ) V( )                   
 radial grid          : UNIFORM
 integrator_method    : IMEX2
 field solve          : UMFPACK (SEQUENTIAL)
 source_flag          : SOURCE OFF
 pitch-angle coll.    : RBF r^3
 rotation parameters  : CANDY METHOD
 nonlinear dynamics   : OFF
 linear diffusivity   : RESPONSE FUNCTION
 -----------------------------------------------
----------------------------------------------------------
INFO: Forcing up-down symmetry (UDSYMMETRY_FLAG=1).
----------------------------------------------------------
----------------------------------------------------------
INFO: You are using TOROIDAL_REFERENCE=-1
----------------------------------------------------------
----------------------------------------------------------
INFO: TOROIDAL_REFERENCE reset to lowest nonzero mode.
----------------------------------------------------------
----------------------------------------------------------
INFO: nu_ii rescaled by: 0.000
----------------------------------------------------------
 ----------- SPARSE MATRIX STATS ---------------
 EXPLICIT POISSON:     n>0           
         nonzeros:     1296
           values:     3924
          indices:     5257
       iterations:        1
 
      TOTAL FIELD:     n>0           
         nonzeros:     1296
           values:     3924
          indices:     5257
       iterations:        1
 
 ----------- UTILITY PARAMETERS ----------------
 Ion parallel motion     : ON
 Ion curvature drift     : ON
 Electron curvature drift: ON
 ----------- GRID DIMENSIONS -------------------
 n_n                  :    1
 n_x                  :    6
 n_stack              :   20
 n_blend              :    6
 n_pass               :    4
 n_trap               :    4
 n_energy             :    8
 n_field              :    1
 --
 n_spec               :    2
 n_ion                :    1
 n_kinetic            :    2
 n_gk                 :    1
 indx_e               :    2
 --
 FIELD POINTS:        :        36
 DIST. POINTS:        :     15360
 --
 energy_max           :   5.000000
 dt                   :   0.050000
 --------------- LOCAL PARAMETERS ---------------
  NOTE: use abs(SAFETY_FACTOR) as input
 # RADIUS [INPUT]     :   0.637500
 .RADIUS              :   0.637500
 .ASPECT_RATIO        :   2.811905
 .SHIFT               :  -0.089783
 .ZMAG                :   0.000000
 .DZMAG               :   0.000000
 .KAPPA               :   1.315555
 .S_KAPPA             :   0.082288
 .DELTA               :   0.131669
 .S_DELTA             :   0.177901
 .ZETA                :  -0.006537
 .S_ZETA              :  -0.015650
 .SAFETY_FACTOR       :   2.005387
 .SHEAR               :   0.951959
 .RHO_STAR            :   0.002500
 .Z_EFF               :   1.333468
 .MACH                :  -0.255100
 .PGAMMA              :  -0.654519
 .GAMMA_E             :   0.073995
 .LAMBDA_DEBYE        :   0.000000
 .NU_EI               :   0.135778
 .NU_I_KROOK          :   0.000000
 .IPCCW               :   1.000000
 .BTCCW               :  -1.000000
 # Ion  1
 .NI_OVER_NE          :   1.000000
 .TI_OVER_TE          :   0.868069
 .DLNNDR              :   1.185915
 .DLNTDR              :   1.763828
 .Z                   :   1.000000
 (NU_II)              :   0.000000
 .MU                  :   1.000000
 # Electrons
 .DLNNDR_ELECTRON     :   1.185915
 .DLNTDR_ELECTRON     :   2.895019
 (Z_ELECTRON)         :  -1.000000
 .BETAE_UNIT          :   0.000789
 .MU_ELECTRON         :  60.599098
 --------------- TGLF PARAMETERS ---------------
 Q_PRIME              :   9.420072
 P_PRIME              :   0.000656
 -------- LOCAL PARAMETERS (diagnostic) ----------
 n_i*z_i - n_e:       :   0.000000
 r/R0                 :   0.226715
 b_unit               :   1.000000
 beta_unit_norm       :   0.001474
 betai_unit           :   0.000685
 betae_unit_norm      :   0.000789
 beta_*               :   0.005239
 alpha_MHD            :   0.059246
 omega_00 (c_s/a)     :   0.000000
 * Note that f = f_sim exp(i n omega0[r0] t)
 -------- ALFVEN WAVE PARAMETERS (diagnostic) ----------
 (v_A/c_s)            :  50.352276
 Omega_TAE            :   4.464680
 Omega_A              :   8.929360
 ----------- UPWIND PARAMETERS -----------------
 radial_upwind        :   1.000000
 orbit_upwind         :   1.000000
 orbit_upwind (elec)  :   0.000000
 ----------- SOURCE PARAMETERS -----------------
 nu_source            :   0.100000
 n_source             :    1
 ----------- RADIAL DOMAIN PARAMETERS ----------
 s_grid               :   0.951959
 box_multiplier       :   1.000000
 L/a                  :   0.011131
 --
 explicit_damp(i)     :   0 (  1.0000)
 explicit_damp(e)     :   0 (  1.0000)
 --
 offset               :   0 (  0.0000)
 LEFT : r_a           :   0.631934
 LEFT : r_a_physical  :   0.631934
 NORM : r(ir_norm)    :   0.637500
 RIGHT: r_b_physical  :   0.641210
 RIGHT: r_b           :   0.641210
 ----------- PARALLELIZATION PARAMETERS --------
 (nek) per subgroup:  :        64
 (ine) per subgroup:  :        48
 ----------- TIME STEPPING PARAMETERS ----------
 plot_filter          :   1.000000
 time_skip            :    20
 restart_data_skip    :    10
 ----------- STABILITY PARAMETERS ----------------
 d/dtau Courant       :   2.704768
   d/dr Courant       :   0.239455
 Log(RBF Cond. num.)  :   7.599194
 ----------- SETUP TIMING ----------------------
 Grid Setup           :   0.076695
 Build radial ops     :   0.019886
 Build advection ops  :   0.055172
 Build field matrices :   0.143499
 
 TOTAL SETUP          :   1.390358
 -------- CENTRAL WAVENUMBERS SIMULATED -----------
     (k_y = nq/r, rho = rho_sD_unit)
 n =    30   k_y rho =  0.236 [ 0.236][ 0.236]
 min(k_x*rho_sD)      :     1.411164
 max(k_x*rho_sD)      :     2.116746
 --------------- CENTRAL BOX SIZE -----------------
 abs(Lx/rho_sD)       :     4.452485
 abs(Ly/rho_sD)       :    26.631808
 => abs(dx/rho_sD)    :     0.742081
 --------------------------------------------------
 ------------ GYRO-OPERATOR BANDWIDTH -------------
 => EXACT BESSEL.
 --------------------------------------------------
 PLEASE SEE: 
  - units.out for normalizing parameters
  - alloc.out for memory usage
  - efficiency.out for parallelization efficiency
  - phase_space.out for velocity-space nodes and weights
 -----------------------------------------------
 operational mode     : INITIAL VALUE
 boundary conditions  : PERIODIC
 profiles             : FLAT
 geometry             : MODEL SHAPE
 electron_method      : IMPLICIT DRIFT-KINETIC ELECTRONS
 fluctuations         : ELECTROSTATIC
 gyro_method          : ORIGINAL (INTEGRATED) POLARIZATION
 fluctuation output   : PHI( ) N( ) E( ) V( )                   
 radial grid          : UNIFORM
 integrator_method    : IMEX2
 field solve          : UMFPACK (SEQUENTIAL)
 source_flag          : SOURCE OFF
 pitch-angle coll.    : RBF r^3
 rotation parameters  : CANDY METHOD
 nonlinear dynamics   : OFF
 linear diffusivity   : RESPONSE FUNCTION
 -----------------------------------------------
----------------------------------------------------------
INFO: Forcing up-down symmetry (UDSYMMETRY_FLAG=1).
----------------------------------------------------------
----------------------------------------------------------
INFO: You are using TOROIDAL_REFERENCE=-1
----------------------------------------------------------
----------------------------------------------------------
INFO: TOROIDAL_REFERENCE reset to lowest nonzero mode.
----------------------------------------------------------
----------------------------------------------------------
INFO: nu_ii rescaled by: 0.000
----------------------------------------------------------
 ----------- SPARSE MATRIX STATS ---------------
 EXPLICIT POISSON:     n>0           
         nonzeros:     1296
           values:     3924
          indices:     5257
       iterations:        1
 
      TOTAL FIELD:     n>0           
         nonzeros:     1296
           values:     3924
          indices:     5257
       iterations:        1
 
 ----------- UTILITY PARAMETERS ----------------
 Ion parallel motion     : ON
 Ion curvature drift     : ON
 Electron curvature drift: ON
 ----------- GRID DIMENSIONS -------------------
 n_n                  :    1
 n_x                  :    6
 n_stack              :   20
 n_blend              :    6
 n_pass               :    4
 n_trap               :    4
 n_energy             :    8
 n_field              :    1
 --
 n_spec               :    2
 n_ion                :    1
 n_kinetic            :    2
 n_gk                 :    1
 indx_e               :    2
 --
 FIELD POINTS:        :        36
 DIST. POINTS:        :     15360
 --
 energy_max           :   5.000000
 dt                   :   0.050000
 --------------- LOCAL PARAMETERS ---------------
  NOTE: use abs(SAFETY_FACTOR) as input
 # RADIUS [INPUT]     :   0.637500
 .RADIUS              :   0.637500
 .ASPECT_RATIO        :   2.811905
 .SHIFT               :  -0.089783
 .ZMAG                :   0.000000
 .DZMAG               :   0.000000
 .KAPPA               :   1.315555
 .S_KAPPA             :   0.082288
 .DELTA               :   0.131669
 .S_DELTA             :   0.177901
 .ZETA                :  -0.006537
 .S_ZETA              :  -0.015650
 .SAFETY_FACTOR       :   2.005387
 .SHEAR               :   0.951959
 .RHO_STAR            :   0.002500
 .Z_EFF               :   1.333468
 .MACH                :  -0.255100
 .PGAMMA              :  -0.654519
 .GAMMA_E             :   0.073995
 .LAMBDA_DEBYE        :   0.000000
 .NU_EI               :   0.166772
 .NU_I_KROOK          :   0.000000
 .IPCCW               :   1.000000
 .BTCCW               :  -1.000000
 # Ion  1
 .NI_OVER_NE          :   1.000000
 .TI_OVER_TE          :   0.868069
 .DLNNDR              :   1.985915
 .DLNTDR              :   2.763828
 .Z                   :   1.000000
 (NU_II)              :   0.000000
 .MU                  :   1.000000
 # Electrons
 .DLNNDR_ELECTRON     :   1.985915
 .DLNTDR_ELECTRON     :   1.895019
 (Z_ELECTRON)         :  -1.000000
 .BETAE_UNIT          :   0.000976
 .MU_ELECTRON         :  60.599098
 --------------- TGLF PARAMETERS ---------------
 Q_PRIME              :   9.420072
 P_PRIME              :   0.000977
 -------- LOCAL PARAMETERS (diagnostic) ----------
 n_i*z_i - n_e:       :   0.000000
 r/R0                 :   0.226715
 b_unit               :   1.000000
 beta_unit_norm       :   0.001823
 betai_unit           :   0.000847
 betae_unit_norm      :   0.000976
 beta_*               :   0.007809
 alpha_MHD            :   0.088305
 omega_00 (c_s/a)     :   0.000000
 * Note that f = f_sim exp(i n omega0[r0] t)
 -------- ALFVEN WAVE PARAMETERS (diagnostic) ----------
 (v_A/c_s)            :  45.276758
 Omega_TAE            :   4.014640
 Omega_A              :   8.029279
 ----------- UPWIND PARAMETERS -----------------
 radial_upwind        :   1.000000
 orbit_upwind         :   1.000000
 orbit_upwind (elec)  :   0.000000
 ----------- SOURCE PARAMETERS -----------------
 nu_source            :   0.100000
 n_source             :    1
 ----------- RADIAL DOMAIN PARAMETERS ----------
 s_grid               :   0.951959
 box_multiplier       :   1.000000
 L/a                  :   0.011131
 --
 explicit_damp(i)     :   0 (  1.0000)
 explicit_damp(e)     :   0 (  1.0000)
 --
 offset               :   0 (  0.0000)
 LEFT : r_a           :   0.631934
 LEFT : r_a_physical  :   0.631934
 NORM : r(ir_norm)    :   0.637500
 RIGHT: r_b_physical  :   0.641210
 RIGHT: r_b           :   0.641210
 ----------- PARALLELIZATION PARAMETERS --------
 (nek) per subgroup:  :        64
 (ine) per subgroup:  :        48
 ----------- TIME STEPPING PARAMETERS ----------
 plot_filter          :   1.000000
 time_skip            :    20
 restart_data_skip    :    10
 ----------- STABILITY PARAMETERS ----------------
 d/dtau Courant       :   2.704768
   d/dr Courant       :   0.239455
 Log(RBF Cond. num.)  :   7.599194
 ----------- SETUP TIMING ----------------------
 Grid Setup           :   0.078126
 Build radial ops     :   0.021740
 Build advection ops  :   0.060896
 Build field matrices :   0.140167
 
 TOTAL SETUP          :   1.377837
 -------- CENTRAL WAVENUMBERS SIMULATED -----------
     (k_y = nq/r, rho = rho_sD_unit)
 n =    30   k_y rho =  0.236 [ 0.236][ 0.236]
 min(k_x*rho_sD)      :     1.411164
 max(k_x*rho_sD)      :     2.116746
 --------------- CENTRAL BOX SIZE -----------------
 abs(Lx/rho_sD)       :     4.452485
 abs(Ly/rho_sD)       :    26.631808
 => abs(dx/rho_sD)    :     0.742081
 --------------------------------------------------
 ------------ GYRO-OPERATOR BANDWIDTH -------------
 => EXACT BESSEL.
 --------------------------------------------------
 PLEASE SEE: 
  - units.out for normalizing parameters
  - alloc.out for memory usage
  - efficiency.out for parallelization efficiency
  - phase_space.out for velocity-space nodes and weights
 -----------------------------------------------
 operational mode     : INITIAL VALUE
 boundary conditions  : PERIODIC
 profiles             : FLAT
 geometry             : MODEL SHAPE
 electron_method      : IMPLICIT DRIFT-KINETIC ELECTRONS
 fluctuations         : ELECTROSTATIC
 gyro_method          : ORIGINAL (INTEGRATED) POLARIZATION
 fluctuation output   : PHI( ) N( ) E( ) V( )                   
 radial grid          : UNIFORM
 integrator_method    : IMEX2
 field solve          : UMFPACK (SEQUENTIAL)
 source_flag          : SOURCE OFF
 pitch-angle coll.    : RBF r^3
 rotation parameters  : CANDY METHOD
 nonlinear dynamics   : OFF
 linear diffusivity   : RESPONSE FUNCTION
 -----------------------------------------------
----------------------------------------------------------
INFO: Forcing up-down symmetry (UDSYMMETRY_FLAG=1).
----------------------------------------------------------
----------------------------------------------------------
INFO: You are using TOROIDAL_REFERENCE=-1
----------------------------------------------------------
----------------------------------------------------------
INFO: TOROIDAL_REFERENCE reset to lowest nonzero mode.
----------------------------------------------------------
----------------------------------------------------------
INFO: nu_ii rescaled by: 0.000
----------------------------------------------------------
 ----------- SPARSE MATRIX STATS ---------------
 EXPLICIT POISSON:     n>0           
         nonzeros:     1296
           values:     3924
          indices:     5257
       iterations:        1
 
      TOTAL FIELD:     n>0           
         nonzeros:     1296
           values:     3924
          indices:     5257
       iterations:        1
 
 ----------- UTILITY PARAMETERS ----------------
 Ion parallel motion     : ON
 Ion curvature drift     : ON
 Electron curvature drift: ON
 ----------- GRID DIMENSIONS -------------------
 n_n                  :    1
 n_x                  :    6
 n_stack              :   20
 n_blend              :    6
 n_pass               :    4
 n_trap               :    4
 n_energy             :    8
 n_field              :    1
 --
 n_spec               :    2
 n_ion                :    1
 n_kinetic            :    2
 n_gk                 :    1
 indx_e               :    2
 --
 FIELD POINTS:        :        36
 DIST. POINTS:        :     15360
 --
 energy_max           :   5.000000
 dt                   :   0.050000
 --------------- LOCAL PARAMETERS ---------------
  NOTE: use abs(SAFETY_FACTOR) as input
 # RADIUS [INPUT]     :   0.637500
 .RADIUS              :   0.637500
 .ASPECT_RATIO        :   2.811905
 .SHIFT               :  -0.089783
 .ZMAG                :   0.000000
 .DZMAG               :   0.000000
 .KAPPA               :   1.315555
 .S_KAPPA             :   0.082288
 .DELTA               :   0.131669
 .S_DELTA             :   0.177901
 .ZETA                :  -0.006537
 .S_ZETA              :  -0.015650
 .SAFETY_FACTOR       :   2.005387
 .SHEAR               :   0.951959
 .RHO_STAR            :   0.002500
 .Z_EFF               :   1.333468
 .MACH                :  -0.255100
 .PGAMMA              :  -0.654519
 .GAMMA_E             :   0.073995
 .LAMBDA_DEBYE        :   0.000000
 .NU_EI               :   0.135778
 .NU_I_KROOK          :   0.000000
 .IPCCW               :   1.000000
 .BTCCW               :  -1.000000
 # Ion  1
 .NI_OVER_NE          :   1.000000
 .TI_OVER_TE          :   0.965379
 .DLNNDR              :   0.985915
 .DLNTDR              :   2.763828
 .Z                   :   1.000000
 (NU_II)              :   0.000000
 .MU                  :   1.000000
 # Electrons
 .DLNNDR_ELECTRON     :   0.985915
 .DLNTDR_ELECTRON     :   1.895019
 (Z_ELECTRON)         :  -1.000000
 .BETAE_UNIT          :   0.000789
 .MU_ELECTRON         :  60.599098
 --------------- TGLF PARAMETERS ---------------
 Q_PRIME              :   9.420072
 P_PRIME              :   0.000642
 -------- LOCAL PARAMETERS (diagnostic) ----------
 n_i*z_i - n_e:       :   0.000000
 r/R0                 :   0.226715
 b_unit               :   1.000000
 beta_unit_norm       :   0.001550
 betai_unit           :   0.000762
 betae_unit_norm      :   0.000789
 beta_*               :   0.005128
 alpha_MHD            :   0.057991
 omega_00 (c_s/a)     :   0.000000
 * Note that f = f_sim exp(i n omega0[r0] t)
 -------- ALFVEN WAVE PARAMETERS (diagnostic) ----------
 (v_A/c_s)            :  50.352276
 Omega_TAE            :   4.464680
 Omega_A              :   8.929360
 ----------- UPWIND PARAMETERS -----------------
 radial_upwind        :   1.000000
 orbit_upwind         :   1.000000
 orbit_upwind (elec)  :   0.000000
 ----------- SOURCE PARAMETERS -----------------
 nu_source            :   0.100000
 n_source             :    1
 ----------- RADIAL DOMAIN PARAMETERS ----------
 s_grid               :   0.951959
 box_multiplier       :   1.000000
 L/a                  :   0.011131
 --
 explicit_damp(i)     :   0 (  1.0000)
 explicit_damp(e)     :   0 (  1.0000)
 --
 offset               :   0 (  0.0000)
 LEFT : r_a           :   0.631934
 LEFT : r_a_physical  :   0.631934
 NORM : r(ir_norm)    :   0.637500
 RIGHT: r_b_physical  :   0.641210
 RIGHT: r_b           :   0.641210
 ----------- PARALLELIZATION PARAMETERS --------
 (nek) per subgroup:  :        64
 (ine) per subgroup:  :        48
 ----------- TIME STEPPING PARAMETERS ----------
 plot_filter          :   1.000000
 time_skip            :    20
 restart_data_skip    :    10
 ----------- STABILITY PARAMETERS ----------------
 d/dtau Courant       :   2.704768
   d/dr Courant       :   0.264161
 Log(RBF Cond. num.)  :   7.599194
 ----------- SETUP TIMING ----------------------
 Grid Setup           :   0.081951
 Build radial ops     :   0.022581
 Build advection ops  :   0.087500
 Build field matrices :   0.136178
 
 TOTAL SETUP          :   1.495210
 -------- CENTRAL WAVENUMBERS SIMULATED -----------
     (k_y = nq/r, rho = rho_sD_unit)
 n =    30   k_y rho =  0.236 [ 0.236][ 0.236]
 min(k_x*rho_sD)      :     1.411164
 max(k_x*rho_sD)      :     2.116746
 --------------- CENTRAL BOX SIZE -----------------
 abs(Lx/rho_sD)       :     4.452485
 abs(Ly/rho_sD)       :    26.631808
 => abs(dx/rho_sD)    :     0.742081
 --------------------------------------------------
 ------------ GYRO-OPERATOR BANDWIDTH -------------
 => EXACT BESSEL.
 --------------------------------------------------
 PLEASE SEE: 
  - units.out for normalizing parameters
  - alloc.out for memory usage
  - efficiency.out for parallelization efficiency
  - phase_space.out for velocity-space nodes and weights
