           8
           4
          20
           6
           1
   4
 -0.948751537446273     
 -0.951008132992798     
 -0.955802835498052     
 -0.960767458936896     
 -0.964619832238318     
 -0.966298767668824     
 -0.964836675558567     
 -0.961010704175870     
 -0.955932611673343     
 -0.951014231636712     
  0.948751537446273     
  0.951008132992798     
  0.955802835498052     
  0.960767458936896     
  0.964619832238318     
  0.966298767668824     
  0.964836675558567     
  0.961010704175870     
  0.955932611673343     
  0.951014231636712     
 -0.750814135616489     
 -0.762160931742134     
 -0.786928221904973     
 -0.813152104024375     
 -0.833803193726878     
 -0.842921482672192     
 -0.834961572149868     
 -0.814402984322348     
 -0.787569453712078     
 -0.762180113230326     
  0.750814135616489     
  0.762160931742134     
  0.786928221904973     
  0.813152104024375     
  0.833803193726878     
  0.842921482672192     
  0.834961572149868     
  0.814402984322348     
  0.787569453712078     
  0.762180113230326     
 -0.467014189522898     
 -0.491645609953906     
 -0.549503516681765     
 -0.614980836692459     
 -0.669012883309036     
 -0.693672125088756     
 -0.671985298682040     
 -0.617915045204204     
 -0.550773056943674     
 -0.491545555224917     
  0.467014189522898     
  0.491645609953906     
  0.549503516681765     
  0.614980836692459     
  0.669012883309036     
  0.693672125088756     
  0.671985298682040     
  0.617915045204204     
  0.550773056943674     
  0.491545555224917     
 -0.179543996195005     
 -0.210354966879542     
 -0.298051471309757     
 -0.421231852014793     
 -0.539139919428164     
 -0.598196254840267     
 -0.544610684199392     
 -0.424943668012543     
 -0.298509191454423     
 -0.209674976123727     
  0.179543996195005     
  0.210354966879542     
  0.298051471309757     
  0.421231852014793     
  0.539139919428164     
  0.598196254840267     
  0.544610684199392     
  0.424943668012543     
  0.298509191454423     
  0.209674976123727     
 -2.107342425544702E-008
 -9.217764799362806E-002
 -0.208530197752950     
 -0.353468805425231     
 -0.494591132533452     
 -0.568301924534863     
 -0.504000270690732     
 -0.361422918578713     
 -0.212128270027698     
 -9.311732699841296E-002
 -1.490116119384766E-008
  9.311732699841296E-002
  0.212128270027698     
  0.361422918578713     
  0.504000270690732     
  0.568301924534863     
  0.494591132533452     
  0.353468805425231     
  0.208530197752950     
  9.217764799362806E-002
 -2.107342425544702E-008
 -0.122510882696027     
 -0.245861799098789     
 -0.363445066721354     
 -0.458541745883148     
 -0.502946062581285     
 -0.466212082115638     
 -0.372448796389666     
 -0.252496047308686     
 -0.125740178751598     
 -1.490116119384766E-008
  0.125740178751598     
  0.252496047308686     
  0.372448796389666     
  0.466212082115638     
  0.502946062581285     
  0.458541745883148     
  0.363445066721354     
  0.245861799098789     
  0.122510882696027     
 -1.825012074994428E-008
 -0.101859437801099     
 -0.198323869414258     
 -0.282633519726930     
 -0.345224584603711     
 -0.371392300042352     
 -0.349250500772291     
 -0.288097316488761     
 -0.202989644832341     
 -0.104536753341095     
  0.000000000000000E+000
  0.104536753341095     
  0.202989644832341     
  0.288097316488761     
  0.349250500772291     
  0.371392300042352     
  0.345224584603711     
  0.282633519726930     
  0.198323869414258     
  0.101859437801099     
 -1.490116119384766E-008
 -5.212638455591209E-002
 -0.100989240601471     
 -0.141444542235464     
 -0.168697558056028     
 -0.178864292295486     
 -0.169801389213043     
 -0.142747127778142     
 -0.102454473048741     
 -5.273721715931227E-002
 -1.053671212772351E-008
  5.273721715931227E-002
  0.102454473048741     
  0.142747127778142     
  0.169801389213043     
  0.178864292295486     
  0.168697558056028     
  0.141444542235464     
  0.100989240601471     
  5.212638455591209E-002
  -1.00000000000000     
 -0.808550010946224     
 -0.627777784632738     
 -0.446362942375507     
 -0.244535254563985     
 -1.292961926806987E-002
  0.224182465743418     
  0.434799381339766     
  0.622360905784336     
  0.806994652796509     
  -1.00000000000000     
 -0.808550010946224     
 -0.627777784632738     
 -0.446362942375507     
 -0.244535254563985     
 -1.292961926806987E-002
  0.224182465743418     
  0.434799381339766     
  0.622360905784336     
  0.806994652796509     
  -1.00000000000000     
 -0.817240596258451     
 -0.640730987596381     
 -0.459691507285385     
 -0.254136302535803     
 -1.333246024470418E-002
  0.233590121419996     
  0.448410385178563     
  0.635610762905528     
  0.815826134854813     
  -1.00000000000000     
 -0.817240596258451     
 -0.640730987596381     
 -0.459691507285385     
 -0.254136302535803     
 -1.333246024470418E-002
  0.233590121419996     
  0.448410385178563     
  0.635610762905528     
  0.815826134854813     
  -1.00000000000000     
 -0.841274736471127     
 -0.677272339222011     
 -0.497526295223419     
 -0.281789859541494     
 -1.437820792707356E-002
  0.260995340111515     
  0.487167281709301     
  0.673016628079864     
  0.840234953059180     
  -1.00000000000000     
 -0.841274736471127     
 -0.677272339222011     
 -0.497526295223419     
 -0.281789859541494     
 -1.437820792707356E-002
  0.260995340111515     
  0.487167281709301     
  0.673016628079864     
  0.840234953059180     
  -1.00000000000000     
 -0.900062332958555     
 -0.773089242112369     
 -0.599698330315416     
 -0.358941955716760     
 -1.597889850526503E-002
  0.340212956930089     
  0.592880157917222     
  0.771313220660787     
  0.899840171369443     
  -1.00000000000000     
 -0.900062332958555     
 -0.773089242112369     
 -0.599698330315416     
 -0.358941955716760     
 -1.597889850526503E-002
  0.340212956930089     
  0.592880157917222     
  0.771313220660787     
  0.899840171369443     
 -0.873103529115900     
 -0.847352020780986     
 -0.764675975118598     
 -0.613737354238809     
 -0.377966347211749     
 -2.166401877617040E-002
  0.352039109952645     
  0.602753081090666     
  0.760317608155178     
  0.845475608329108     
  0.871720232525321     
  0.845475608329108     
  0.760317608155178     
  0.602753081090666     
  0.352039109952645     
 -2.166401877617040E-002
 -0.377966347211749     
 -0.613737354238809     
 -0.764675975118598     
 -0.847352020780986     
 -0.669021456108102     
 -0.644749839669264     
 -0.571705542968002     
 -0.447784342706050     
 -0.264614178419238     
 -1.800974440170200E-002
  0.237798478495040     
  0.433611678060346     
  0.565378301069587     
  0.642507774957663     
  0.668043862197914     
  0.642507774957663     
  0.565378301069587     
  0.433611678060346     
  0.237798478495040     
 -1.800974440170200E-002
 -0.264614178419238     
 -0.447784342706050     
 -0.571705542968002     
 -0.644749839669264     
 -0.445110397475553     
 -0.427679721056236     
 -0.375328270657488     
 -0.287158336042143     
 -0.162959426614033     
 -1.037305560171106E-002
  0.145512271149844     
  0.276076490587768     
  0.369618775605868     
  0.425218388527975     
  0.443723064543906     
  0.425218388527975     
  0.369618775605868     
  0.276076490587768     
  0.145512271149844     
 -1.037305560171106E-002
 -0.162959426614033     
 -0.287158336042143     
 -0.375328270657488     
 -0.427679721056236     
 -0.200623354543376     
 -0.191681808343645     
 -0.165402808593209     
 -0.123028002713466     
 -6.759884264693612E-002
 -4.380204851273696E-003
  5.935727026940805E-002
  0.116040438935939     
  0.159799928086962     
  0.187091940525263     
  0.196214544693097     
  0.187091940525263     
  0.159799928086962     
  0.116040438935939     
  5.935727026940805E-002
 -4.380204851273696E-003
 -6.759884264693612E-002
 -0.123028002713466     
 -0.165402808593209     
 -0.191681808343645     
