 4.1404E+00
-2.2975E-03
-1.1006E+00
-5.2283E-02
-8.8358E-17
-9.7899E-01
 8.8136E-01
 9.9370E-01
 9.0709E-01
 9.7164E-01
-3.8714E+00
 3.7213E+00
-2.4404E-01
-1.0756E+00
-5.1772E-02
-1.7647E-01
-9.6455E-01
 8.7369E-01
 1.0074E+00
 8.8268E-01
 9.8983E-01
-3.4323E+00
 3.2985E+00
-4.7645E-01
-9.9392E-01
-5.0740E-02
-3.5955E-01
-9.1659E-01
 8.5238E-01
 1.0366E+00
 8.2341E-01
 1.0353E+00
-2.7985E+00
 2.8733E+00
-6.9395E-01
-8.4052E-01
-4.9570E-02
-5.5501E-01
-8.1940E-01
 8.2064E-01
 1.0702E+00
 7.4564E-01
 1.1007E+00
-2.1032E+00
 2.4520E+00
-8.8247E-01
-5.9297E-01
-4.9141E-02
-7.5821E-01
-6.4349E-01
 7.8260E-01
 1.0939E+00
 6.7222E-01
 1.1643E+00
-1.4594E+00
 2.0447E+00
-9.9650E-01
-2.4317E-01
-5.1238E-02
-9.3068E-01
-3.6066E-01
 7.4237E-01
 1.0956E+00
 6.3066E-01
 1.1771E+00
-9.3387E-01
 1.6622E+00
-9.7448E-01
 1.4898E-01
-5.8423E-02
-1.0000E+00
-2.7478E-15
 7.0352E-01
 1.0706E+00
 6.4584E-01
 1.0893E+00
-5.5092E-01
 1.3129E+00
-8.2753E-01
 4.6999E-01
-7.2323E-02
-9.3945E-01
 3.3689E-01
 6.6880E-01
 1.0237E+00
 7.2240E-01
 9.2599E-01
-3.0528E-01
 9.9899E-01
-6.4120E-01
 6.7841E-01
-9.1432E-02
-8.0179E-01
 5.8616E-01
 6.3975E-01
 9.6615E-01
 8.3564E-01
 7.6584E-01
-1.7159E-01
 7.1779E-01
-4.6915E-01
 8.0874E-01
-1.1180E-01
-6.3245E-01
 7.5628E-01
 6.1698E-01
 9.0983E-01
 9.5037E-01
 6.4935E-01
-1.1328E-01
 4.6296E-01
-3.1422E-01
 8.9912E-01
-1.2904E-01
-4.4251E-01
 8.7191E-01
 6.0052E-01
 8.6334E-01
 1.0393E+00
 5.7785E-01
-8.5266E-02
 2.2651E-01
-1.5879E-01
 9.6134E-01
-1.4030E-01
-2.2998E-01
 9.4372E-01
 5.9050E-01
 8.3173E-01
 1.0927E+00
 5.4043E-01
-5.0928E-02
 3.8095E-15
 5.4942E-03
 9.8615E-01
-1.4465E-01
-3.5597E-15
 9.6880E-01
 5.8723E-01
 8.1756E-01
 1.1141E+00
 5.2709E-01
-9.3328E-16
-2.2507E-01
 1.6798E-01
 9.6485E-01
-1.4184E-01
 2.2998E-01
 9.4302E-01
 5.9094E-01
 8.2209E-01
 1.1063E+00
 5.3416E-01
 5.3231E-02
-4.5733E-01
 3.1863E-01
 9.0510E-01
-1.3169E-01
 4.4251E-01
 8.7081E-01
 6.0128E-01
 8.4492E-01
 1.0633E+00
 5.6552E-01
 9.3290E-02
-7.0543E-01
 4.6789E-01
 8.1628E-01
-1.1487E-01
 6.3245E-01
 7.5523E-01
 6.1784E-01
 8.8423E-01
 9.7923E-01
 6.3108E-01
 1.2783E-01
-9.7778E-01
 6.3617E-01
 6.8716E-01
-9.4308E-02
 8.0179E-01
 5.8544E-01
 6.4054E-01
 9.3554E-01
 8.6404E-01
 7.4157E-01
 1.9119E-01
-1.2812E+00
 8.2200E-01
 4.7963E-01
-7.4675E-02
 9.3945E-01
 3.3657E-01
 6.6942E-01
 9.9050E-01
 7.4729E-01
 8.9599E-01
 3.2778E-01
-1.6192E+00
 9.7085E-01
 1.5866E-01
-6.0249E-02
 1.0000E+00
 9.2981E-15
 7.0403E-01
 1.0374E+00
 6.6698E-01
 1.0555E+00
 5.7523E-01
-1.9900E+00
 9.9506E-01
-2.3448E-01
-5.2692E-02
 9.3068E-01
-3.6043E-01
 7.4283E-01
 1.0647E+00
 6.4936E-01
 1.1439E+00
 9.5996E-01
-2.3864E+00
 8.8199E-01
-5.8580E-01
-5.0340E-02
 7.5821E-01
-6.4310E-01
 7.8307E-01
 1.0672E+00
 6.8946E-01
 1.1358E+00
 1.4854E+00
-2.7981E+00
 6.9299E-01
-8.3483E-01
-5.0536E-02
 5.5501E-01
-8.1891E-01
 8.2113E-01
 1.0491E+00
 7.6108E-01
 1.0790E+00
 2.1215E+00
-3.2158E+00
 4.7407E-01
-9.8976E-01
-5.1435E-02
 3.5955E-01
-9.1613E-01
 8.5282E-01
 1.0220E+00
 8.3553E-01
 1.0207E+00
 2.7937E+00
-3.6339E+00
 2.4012E-01
-1.0734E+00
-5.2139E-02
 1.7647E-01
-9.6426E-01
 8.7396E-01
 9.9997E-01
 8.8947E-01
 9.8257E-01
 3.3849E+00
 4.1580E+00
-2.2854E-03
-1.1022E+00
-5.2258E-02
-8.8293E-17
-9.7900E-01
 8.8154E-01
 9.9331E-01
 9.0709E-01
 9.7183E-01
-3.8705E+00
 3.7369E+00
-2.4385E-01
-1.0772E+00
-5.1750E-02
-1.7627E-01
-9.6460E-01
 8.7385E-01
 1.0070E+00
 8.8268E-01
 9.9001E-01
-3.4312E+00
 3.3121E+00
-4.7615E-01
-9.9551E-01
-5.0724E-02
-3.5917E-01
-9.1675E-01
 8.5247E-01
 1.0362E+00
 8.2339E-01
 1.0354E+00
-2.7973E+00
 2.8850E+00
-6.9367E-01
-8.4206E-01
-4.9561E-02
-5.5454E-01
-8.1972E-01
 8.2063E-01
 1.0698E+00
 7.4556E-01
 1.1008E+00
-2.1019E+00
 2.4618E+00
-8.8239E-01
-5.9437E-01
-4.9139E-02
-7.5782E-01
-6.4394E-01
 7.8247E-01
 1.0936E+00
 6.7203E-01
 1.1644E+00
-1.4577E+00
 2.0527E+00
-9.9670E-01
-2.4419E-01
-5.1244E-02
-9.3054E-01
-3.6100E-01
 7.4212E-01
 1.0952E+00
 6.3036E-01
 1.1773E+00
-9.3160E-01
 1.6686E+00
-9.7472E-01
 1.4841E-01
-5.8453E-02
-1.0000E+00
-2.7478E-15
 7.0316E-01
 1.0704E+00
 6.4554E-01
 1.0893E+00
-5.4808E-01
 1.3178E+00
-8.2763E-01
 4.6950E-01
-7.2401E-02
-9.3938E-01
 3.3709E-01
 6.6833E-01
 1.0235E+00
 7.2221E-01
 9.2559E-01
-3.0204E-01
 1.0026E+00
-6.4128E-01
 6.7766E-01
-9.1577E-02
-8.0170E-01
 5.8629E-01
 6.3919E-01
 9.6611E-01
 8.3555E-01
 7.6525E-01
-1.6834E-01
 7.2033E-01
-4.6928E-01
 8.0771E-01
-1.1201E-01
-6.3245E-01
 7.5630E-01
 6.1635E-01
 9.0978E-01
 9.5033E-01
 6.4871E-01
-1.1052E-01
 4.6455E-01
-3.1435E-01
 8.9795E-01
-1.2932E-01
-4.4262E-01
 8.7187E-01
 5.9984E-01
 8.6320E-01
 1.0393E+00
 5.7721E-01
-8.3398E-02
 2.2727E-01
-1.5888E-01
 9.6016E-01
-1.4063E-01
-2.3009E-01
 9.4372E-01
 5.8979E-01
 8.3146E-01
 1.0927E+00
 5.3978E-01
-5.0034E-02
 3.8164E-15
 5.4748E-03
 9.8500E-01
-1.4500E-01
-3.5597E-15
 9.6881E-01
 5.8651E-01
 8.1724E-01
 1.1141E+00
 5.2644E-01
-9.1940E-16
-2.2583E-01
 1.6803E-01
 9.6366E-01
-1.4218E-01
 2.3009E-01
 9.4301E-01
 5.9023E-01
 8.2182E-01
 1.1063E+00
 5.3352E-01
 5.2333E-02
-4.5889E-01
 3.1874E-01
 9.0389E-01
-1.3198E-01
 4.4262E-01
 8.7078E-01
 6.0060E-01
 8.4478E-01
 1.0633E+00
 5.6489E-01
 9.1409E-02
-7.0793E-01
 4.6801E-01
 8.1519E-01
-1.1509E-01
 6.3245E-01
 7.5524E-01
 6.1721E-01
 8.8419E-01
 9.7919E-01
 6.3046E-01
 1.2506E-01
-9.8136E-01
 6.3626E-01
 6.8636E-01
-9.4456E-02
 8.0170E-01
 5.8557E-01
 6.3998E-01
 9.3551E-01
 8.6394E-01
 7.4101E-01
 1.8792E-01
-1.2860E+00
 8.2213E-01
 4.7908E-01
-7.4754E-02
 9.3938E-01
 3.3677E-01
 6.6895E-01
 9.9039E-01
 7.4708E-01
 8.9562E-01
 3.2453E-01
-1.6254E+00
 9.7110E-01
 1.5805E-01
-6.0279E-02
 1.0000E+00
 9.3120E-15
 7.0366E-01
 1.0372E+00
 6.6666E-01
 1.0555E+00
 5.7239E-01
-1.9978E+00
 9.9526E-01
-2.3554E-01
-5.2698E-02
 9.3054E-01
-3.6078E-01
 7.4258E-01
 1.0644E+00
 6.4904E-01
 1.1441E+00
 9.5771E-01
-2.3959E+00
 8.8191E-01
-5.8722E-01
-5.0337E-02
 7.5782E-01
-6.4356E-01
 7.8294E-01
 1.0669E+00
 6.8924E-01
 1.1360E+00
 1.4838E+00
-2.8095E+00
 6.9272E-01
-8.3639E-01
-5.0527E-02
 5.5454E-01
-8.1923E-01
 8.2112E-01
 1.0488E+00
 7.6098E-01
 1.0791E+00
 2.1203E+00
-3.2292E+00
 4.7379E-01
-9.9136E-01
-5.1418E-02
 3.5917E-01
-9.1628E-01
 8.5291E-01
 1.0217E+00
 8.3550E-01
 1.0209E+00
 2.7926E+00
-3.6492E+00
 2.3996E-01
-1.0750E+00
-5.2117E-02
 1.7627E-01
-9.6431E-01
 8.7411E-01
 9.9959E-01
 8.8946E-01
 9.8275E-01
 3.3840E+00
 4.1757E+00
-2.2733E-03
-1.1038E+00
-5.2233E-02
-8.8228E-17
-9.7901E-01
 8.8172E-01
 9.9292E-01
 9.0709E-01
 9.7203E-01
-3.8696E+00
 3.7525E+00
-2.4367E-01
-1.0789E+00
-5.1728E-02
-1.7606E-01
-9.6465E-01
 8.7401E-01
 1.0066E+00
 8.8268E-01
 9.9019E-01
-3.4301E+00
 3.3258E+00
-4.7586E-01
-9.9708E-01
-5.0709E-02
-3.5878E-01
-9.1691E-01
 8.5256E-01
 1.0358E+00
 8.2337E-01
 1.0355E+00
-2.7962E+00
 2.8967E+00
-6.9340E-01
-8.4359E-01
-4.9553E-02
-5.5406E-01
-8.2004E-01
 8.2063E-01
 1.0695E+00
 7.4547E-01
 1.1009E+00
-2.1006E+00
 2.4715E+00
-8.8231E-01
-5.9575E-01
-4.9137E-02
-7.5743E-01
-6.4440E-01
 7.8235E-01
 1.0932E+00
 6.7183E-01
 1.1646E+00
-1.4560E+00
 2.0607E+00
-9.9689E-01
-2.4520E-01
-5.1251E-02
-9.3040E-01
-3.6135E-01
 7.4187E-01
 1.0949E+00
 6.3006E-01
 1.1775E+00
-9.2934E-01
 1.6750E+00
-9.7496E-01
 1.4784E-01
-5.8483E-02
-1.0000E+00
-2.7478E-15
 7.0279E-01
 1.0701E+00
 6.4524E-01
 1.0892E+00
-5.4524E-01
 1.3228E+00
-8.2774E-01
 4.6901E-01
-7.2479E-02
-9.3932E-01
 3.3728E-01
 6.6785E-01
 1.0234E+00
 7.2201E-01
 9.2519E-01
-2.9879E-01
 1.0063E+00
-6.4135E-01
 6.7691E-01
-9.1721E-02
-8.0160E-01
 5.8642E-01
 6.3864E-01
 9.6607E-01
 8.3547E-01
 7.6466E-01
-1.6508E-01
 7.2287E-01
-4.6940E-01
 8.0668E-01
-1.1223E-01
-6.3245E-01
 7.5631E-01
 6.1572E-01
 9.0974E-01
 9.5029E-01
 6.4807E-01
-1.0776E-01
 4.6614E-01
-3.1449E-01
 8.9678E-01
-1.2961E-01
-4.4272E-01
 8.7184E-01
 5.9916E-01
 8.6306E-01
 1.0393E+00
 5.7657E-01
-8.1524E-02
 2.2802E-01
-1.5897E-01
 9.5900E-01
-1.4096E-01
-2.3019E-01
 9.4371E-01
 5.8908E-01
 8.3119E-01
 1.0927E+00
 5.3913E-01
-4.9136E-02
 3.8303E-15
 5.4556E-03
 9.8386E-01
-1.4535E-01
-3.5666E-15
 9.6883E-01
 5.8579E-01
 8.1691E-01
 1.1141E+00
 5.2579E-01
-9.0379E-16
-2.2658E-01
 1.6809E-01
 9.6247E-01
-1.4251E-01
 2.3019E-01
 9.4301E-01
 5.8952E-01
 8.2155E-01
 1.1063E+00
 5.3287E-01
 5.1432E-02
-4.6046E-01
 3.1884E-01
 9.0269E-01
-1.3227E-01
 4.4272E-01
 8.7075E-01
 5.9991E-01
 8.4463E-01
 1.0633E+00
 5.6425E-01
 8.9522E-02
-7.1042E-01
 4.6813E-01
 8.1412E-01
-1.1532E-01
 6.3245E-01
 7.5525E-01
 6.1658E-01
 8.8415E-01
 9.7915E-01
 6.2984E-01
 1.2228E-01
-9.8493E-01
 6.3635E-01
 6.8556E-01
-9.4605E-02
 8.0160E-01
 5.8570E-01
 6.3942E-01
 9.3547E-01
 8.6384E-01
 7.4044E-01
 1.8464E-01
-1.2909E+00
 8.2225E-01
 4.7855E-01
-7.4834E-02
 9.3932E-01
 3.3696E-01
 6.6848E-01
 9.9028E-01
 7.4687E-01
 8.9524E-01
 3.2128E-01
-1.6316E+00
 9.7135E-01
 1.5744E-01
-6.0309E-02
 1.0000E+00
 9.3120E-15
 7.0329E-01
 1.0370E+00
 6.6634E-01
 1.0555E+00
 5.6955E-01
-2.0056E+00
 9.9546E-01
-2.3659E-01
-5.2704E-02
 9.3040E-01
-3.6113E-01
 7.4233E-01
 1.0641E+00
 6.4872E-01
 1.1443E+00
 9.5546E-01
-2.4054E+00
 8.8183E-01
-5.8864E-01
-5.0334E-02
 7.5743E-01
-6.4401E-01
 7.8282E-01
 1.0665E+00
 6.8903E-01
 1.1362E+00
 1.4821E+00
-2.8209E+00
 6.9245E-01
-8.3795E-01
-5.0518E-02
 5.5406E-01
-8.1956E-01
 8.2112E-01
 1.0484E+00
 7.6088E-01
 1.0793E+00
 2.1190E+00
-3.2425E+00
 4.7351E-01
-9.9296E-01
-5.1402E-02
 3.5878E-01
-9.1644E-01
 8.5300E-01
 1.0213E+00
 8.3547E-01
 1.0210E+00
 2.7916E+00
-3.6645E+00
 2.3980E-01
-1.0766E+00
-5.2094E-02
 1.7606E-01
-9.6436E-01
 8.7427E-01
 9.9921E-01
 8.8946E-01
 9.8294E-01
 3.3830E+00
 4.1933E+00
-2.2613E-03
-1.1054E+00
-5.2208E-02
-8.8164E-17
-9.7902E-01
 8.8190E-01
 9.9252E-01
 9.0709E-01
 9.7223E-01
-3.8687E+00
 3.7682E+00
-2.4349E-01
-1.0805E+00
-5.1706E-02
-1.7585E-01
-9.6470E-01
 8.7416E-01
 1.0062E+00
 8.8268E-01
 9.9037E-01
-3.4290E+00
 3.3394E+00
-4.7557E-01
-9.9866E-01
-5.0693E-02
-3.5839E-01
-9.1706E-01
 8.5265E-01
 1.0354E+00
 8.2335E-01
 1.0357E+00
-2.7950E+00
 2.9083E+00
-6.9313E-01
-8.4511E-01
-4.9545E-02
-5.5359E-01
-8.2036E-01
 8.2062E-01
 1.0691E+00
 7.4539E-01
 1.1010E+00
-2.0993E+00
 2.4813E+00
-8.8223E-01
-5.9714E-01
-4.9135E-02
-7.5704E-01
-6.4485E-01
 7.8222E-01
 1.0928E+00
 6.7164E-01
 1.1647E+00
-1.4543E+00
 2.0687E+00
-9.9708E-01
-2.4622E-01
-5.1257E-02
-9.3027E-01
-3.6170E-01
 7.4162E-01
 1.0946E+00
 6.2976E-01
 1.1776E+00
-9.2707E-01
 1.6813E+00
-9.7521E-01
 1.4728E-01
-5.8512E-02
-1.0000E+00
-2.7478E-15
 7.0242E-01
 1.0699E+00
 6.4494E-01
 1.0891E+00
-5.4240E-01
 1.3277E+00
-8.2785E-01
 4.6853E-01
-7.2556E-02
-9.3925E-01
 3.3747E-01
 6.6738E-01
 1.0233E+00
 7.2182E-01
 9.2478E-01
-2.9554E-01
 1.0099E+00
-6.4142E-01
 6.7617E-01
-9.1866E-02
-8.0151E-01
 5.8655E-01
 6.3808E-01
 9.6603E-01
 8.3538E-01
 7.6407E-01
-1.6181E-01
 7.2541E-01
-4.6952E-01
 8.0566E-01
-1.1245E-01
-6.3245E-01
 7.5632E-01
 6.1509E-01
 9.0969E-01
 9.5025E-01
 6.4744E-01
-1.0499E-01
 4.6772E-01
-3.1462E-01
 8.9562E-01
-1.2989E-01
-4.4282E-01
 8.7180E-01
 5.9848E-01
 8.6291E-01
 1.0393E+00
 5.7592E-01
-7.9644E-02
 2.2878E-01
-1.5906E-01
 9.5784E-01
-1.4129E-01
-2.3030E-01
 9.4370E-01
 5.8837E-01
 8.3092E-01
 1.0926E+00
 5.3849E-01
-4.8236E-02
 3.8441E-15
 5.4365E-03
 9.8272E-01
-1.4569E-01
-3.5666E-15
 9.6884E-01
 5.8507E-01
 8.1658E-01
 1.1141E+00
 5.2514E-01
-8.8991E-16
-2.2732E-01
 1.6814E-01
 9.6130E-01
-1.4284E-01
 2.3030E-01
 9.4300E-01
 5.8881E-01
 8.2127E-01
 1.1063E+00
 5.3223E-01
 5.0527E-02
-4.6202E-01
 3.1895E-01
 9.0150E-01
-1.3255E-01
 4.4282E-01
 8.7071E-01
 5.9923E-01
 8.4449E-01
 1.0633E+00
 5.6362E-01
 8.7629E-02
-7.1291E-01
 4.6824E-01
 8.1305E-01
-1.1554E-01
 6.3245E-01
 7.5526E-01
 6.1595E-01
 8.8411E-01
 9.7911E-01
 6.2922E-01
 1.1949E-01
-9.8849E-01
 6.3643E-01
 6.8477E-01
-9.4754E-02
 8.0151E-01
 5.8583E-01
 6.3886E-01
 9.3544E-01
 8.6375E-01
 7.3988E-01
 1.8135E-01
-1.2957E+00
 8.2237E-01
 4.7802E-01
-7.4913E-02
 9.3925E-01
 3.3716E-01
 6.6801E-01
 9.9016E-01
 7.4666E-01
 8.9486E-01
 3.1802E-01
-1.6378E+00
 9.7161E-01
 1.5684E-01
-6.0339E-02
 1.0000E+00
 9.3259E-15
 7.0292E-01
 1.0367E+00
 6.6602E-01
 1.0554E+00
 5.6671E-01
-2.0134E+00
 9.9566E-01
-2.3764E-01
-5.2710E-02
 9.3027E-01
-3.6148E-01
 7.4208E-01
 1.0638E+00
 6.4840E-01
 1.1445E+00
 9.5320E-01
-2.4150E+00
 8.8176E-01
-5.9005E-01
-5.0331E-02
 7.5704E-01
-6.4446E-01
 7.8269E-01
 1.0662E+00
 6.8882E-01
 1.1363E+00
 1.4804E+00
-2.8323E+00
 6.9218E-01
-8.3950E-01
-5.0509E-02
 5.5359E-01
-8.1988E-01
 8.2111E-01
 1.0481E+00
 7.6078E-01
 1.0794E+00
 2.1178E+00
-3.2559E+00
 4.7324E-01
-9.9455E-01
-5.1385E-02
 3.5839E-01
-9.1660E-01
 8.5309E-01
 1.0209E+00
 8.3543E-01
 1.0212E+00
 2.7905E+00
-3.6799E+00
 2.3964E-01
-1.0782E+00
-5.2071E-02
 1.7585E-01
-9.6440E-01
 8.7443E-01
 9.9883E-01
 8.8945E-01
 9.8312E-01
 3.3821E+00
 4.2109E+00
-2.2495E-03
-1.1070E+00
-5.2183E-02
-8.8099E-17
-9.7903E-01
 8.8208E-01
 9.9213E-01
 9.0709E-01
 9.7243E-01
-3.8678E+00
 3.7838E+00
-2.4331E-01
-1.0821E+00
-5.1684E-02
-1.7564E-01
-9.6474E-01
 8.7432E-01
 1.0058E+00
 8.8268E-01
 9.9055E-01
-3.4279E+00
 3.3530E+00
-4.7529E-01
-1.0002E+00
-5.0677E-02
-3.5801E-01
-9.1722E-01
 8.5275E-01
 1.0350E+00
 8.2333E-01
 1.0358E+00
-2.7938E+00
 2.9200E+00
-6.9285E-01
-8.4664E-01
-4.9537E-02
-5.5311E-01
-8.2068E-01
 8.2062E-01
 1.0687E+00
 7.4531E-01
 1.1011E+00
-2.0979E+00
 2.4911E+00
-8.8215E-01
-5.9852E-01
-4.9133E-02
-7.5666E-01
-6.4530E-01
 7.8210E-01
 1.0924E+00
 6.7144E-01
 1.1649E+00
-1.4526E+00
 2.0766E+00
-9.9728E-01
-2.4722E-01
-5.1264E-02
-9.3013E-01
-3.6205E-01
 7.4137E-01
 1.0942E+00
 6.2946E-01
 1.1778E+00
-9.2480E-01
 1.6877E+00
-9.7545E-01
 1.4672E-01
-5.8542E-02
-1.0000E+00
-2.7478E-15
 7.0206E-01
 1.0696E+00
 6.4464E-01
 1.0891E+00
-5.3955E-01
 1.3326E+00
-8.2795E-01
 4.6805E-01
-7.2634E-02
-9.3917E-01
 3.3767E-01
 6.6691E-01
 1.0232E+00
 7.2163E-01
 9.2438E-01
-2.9228E-01
 1.0136E+00
-6.4149E-01
 6.7544E-01
-9.2011E-02
-8.0142E-01
 5.8668E-01
 6.3752E-01
 9.6599E-01
 8.3529E-01
 7.6349E-01
-1.5853E-01
 7.2795E-01
-4.6963E-01
 8.0464E-01
-1.1267E-01
-6.3245E-01
 7.5633E-01
 6.1446E-01
 9.0965E-01
 9.5022E-01
 6.4680E-01
-1.0222E-01
 4.6930E-01
-3.1474E-01
 8.9447E-01
-1.3017E-01
-4.4292E-01
 8.7177E-01
 5.9780E-01
 8.6277E-01
 1.0392E+00
 5.7528E-01
-7.7758E-02
 2.2953E-01
-1.5915E-01
 9.5669E-01
-1.4162E-01
-2.3040E-01
 9.4369E-01
 5.8766E-01
 8.3065E-01
 1.0926E+00
 5.3784E-01
-4.7332E-02
 3.8580E-15
 5.4177E-03
 9.8159E-01
-1.4604E-01
-3.5666E-15
 9.6886E-01
 5.8435E-01
 8.1625E-01
 1.1141E+00
 5.2450E-01
-8.7430E-16
-2.2807E-01
 1.6819E-01
 9.6013E-01
-1.4318E-01
 2.3040E-01
 9.4299E-01
 5.8810E-01
 8.2100E-01
 1.1063E+00
 5.3159E-01
 4.9619E-02
-4.6358E-01
 3.1905E-01
 9.0031E-01
-1.3285E-01
 4.4292E-01
 8.7068E-01
 5.9855E-01
 8.4434E-01
 1.0632E+00
 5.6299E-01
 8.5729E-02
-7.1540E-01
 4.6835E-01
 8.1199E-01
-1.1576E-01
 6.3245E-01
 7.5527E-01
 6.1532E-01
 8.8406E-01
 9.7907E-01
 6.2860E-01
 1.1669E-01
-9.9205E-01
 6.3651E-01
 6.8399E-01
-9.4903E-02
 8.0142E-01
 5.8596E-01
 6.3830E-01
 9.3541E-01
 8.6365E-01
 7.3931E-01
 1.7806E-01
-1.3005E+00
 8.2249E-01
 4.7750E-01
-7.4993E-02
 9.3917E-01
 3.3735E-01
 6.6754E-01
 9.9005E-01
 7.4645E-01
 8.9448E-01
 3.1476E-01
-1.6440E+00
 9.7186E-01
 1.5625E-01
-6.0369E-02
 1.0000E+00
 9.3398E-15
 7.0256E-01
 1.0365E+00
 6.6570E-01
 1.0554E+00
 5.6386E-01
-2.0212E+00
 9.9586E-01
-2.3868E-01
-5.2716E-02
 9.3013E-01
-3.6182E-01
 7.4183E-01
 1.0635E+00
 6.4808E-01
 1.1446E+00
 9.5095E-01
-2.4245E+00
 8.8168E-01
-5.9146E-01
-5.0329E-02
 7.5666E-01
-6.4491E-01
 7.8257E-01
 1.0659E+00
 6.8860E-01
 1.1365E+00
 1.4788E+00
-2.8437E+00
 6.9192E-01
-8.4104E-01
-5.0499E-02
 5.5311E-01
-8.2020E-01
 8.2110E-01
 1.0477E+00
 7.6068E-01
 1.0795E+00
 2.1165E+00
-3.2692E+00
 4.7296E-01
-9.9614E-01
-5.1368E-02
 3.5801E-01
-9.1675E-01
 8.5318E-01
 1.0206E+00
 8.3540E-01
 1.0213E+00
 2.7894E+00
-3.6952E+00
 2.3948E-01
-1.0798E+00
-5.2048E-02
 1.7564E-01
-9.6445E-01
 8.7458E-01
 9.9845E-01
 8.8944E-01
 9.8331E-01
 3.3812E+00
 4.2285E+00
-2.2378E-03
-1.1087E+00
-5.2158E-02
-8.8034E-17
-9.7904E-01
 8.8226E-01
 9.9174E-01
 9.0709E-01
 9.7263E-01
-3.8669E+00
 3.7994E+00
-2.4313E-01
-1.0836E+00
-5.1662E-02
-1.7544E-01
-9.6479E-01
 8.7448E-01
 1.0054E+00
 8.8268E-01
 9.9073E-01
-3.4268E+00
 3.3667E+00
-4.7500E-01
-1.0018E+00
-5.0662E-02
-3.5762E-01
-9.1737E-01
 8.5284E-01
 1.0346E+00
 8.2331E-01
 1.0359E+00
-2.7927E+00
 2.9317E+00
-6.9258E-01
-8.4815E-01
-4.9529E-02
-5.5263E-01
-8.2101E-01
 8.2061E-01
 1.0683E+00
 7.4523E-01
 1.1013E+00
-2.0966E+00
 2.5009E+00
-8.8208E-01
-5.9989E-01
-4.9131E-02
-7.5627E-01
-6.4575E-01
 7.8197E-01
 1.0921E+00
 6.7125E-01
 1.1650E+00
-1.4509E+00
 2.0846E+00
-9.9747E-01
-2.4823E-01
-5.1270E-02
-9.2999E-01
-3.6239E-01
 7.4113E-01
 1.0939E+00
 6.2916E-01
 1.1780E+00
-9.2254E-01
 1.6941E+00
-9.7569E-01
 1.4618E-01
-5.8571E-02
-1.0000E+00
-2.7617E-15
 7.0169E-01
 1.0694E+00
 6.4434E-01
 1.0890E+00
-5.3670E-01
 1.3375E+00
-8.2805E-01
 4.6759E-01
-7.2712E-02
-9.3910E-01
 3.3786E-01
 6.6645E-01
 1.0230E+00
 7.2143E-01
 9.2398E-01
-2.8902E-01
 1.0172E+00
-6.4156E-01
 6.7471E-01
-9.2157E-02
-8.0133E-01
 5.8681E-01
 6.3696E-01
 9.6595E-01
 8.3521E-01
 7.6290E-01
-1.5525E-01
 7.3048E-01
-4.6974E-01
 8.0364E-01
-1.1288E-01
-6.3246E-01
 7.5634E-01
 6.1383E-01
 9.0960E-01
 9.5018E-01
 6.4617E-01
-9.9434E-02
 4.7088E-01
-3.1487E-01
 8.9332E-01
-1.3046E-01
-4.4302E-01
 8.7173E-01
 5.9712E-01
 8.6262E-01
 1.0392E+00
 5.7464E-01
-7.5866E-02
 2.3028E-01
-1.5924E-01
 9.5554E-01
-1.4195E-01
-2.3051E-01
 9.4368E-01
 5.8695E-01
 8.3038E-01
 1.0926E+00
 5.3720E-01
-4.6424E-02
 3.8719E-15
 5.3991E-03
 9.8047E-01
-1.4639E-01
-3.5666E-15
 9.6887E-01
 5.8363E-01
 8.1593E-01
 1.1141E+00
 5.2385E-01
-8.6042E-16
-2.2882E-01
 1.6825E-01
 9.5897E-01
-1.4351E-01
 2.3051E-01
 9.4298E-01
 5.8739E-01
 8.2073E-01
 1.1063E+00
 5.3095E-01
 4.8708E-02
-4.6513E-01
 3.1915E-01
 8.9914E-01
-1.3314E-01
 4.4302E-01
 8.7064E-01
 5.9787E-01
 8.4420E-01
 1.0632E+00
 5.6236E-01
 8.3823E-02
-7.1788E-01
 4.6846E-01
 8.1095E-01
-1.1599E-01
 6.3246E-01
 7.5528E-01
 6.1469E-01
 8.8402E-01
 9.7903E-01
 6.2799E-01
 1.1389E-01
-9.9561E-01
 6.3659E-01
 6.8321E-01
-9.5052E-02
 8.0133E-01
 5.8609E-01
 6.3774E-01
 9.3537E-01
 8.6356E-01
 7.3875E-01
 1.7476E-01
-1.3052E+00
 8.2260E-01
 4.7698E-01
-7.5073E-02
 9.3910E-01
 3.3755E-01
 6.6707E-01
 9.8994E-01
 7.4624E-01
 8.9410E-01
 3.1149E-01
-1.6502E+00
 9.7211E-01
 1.5566E-01
-6.0398E-02
 1.0000E+00
 9.3398E-15
 7.0219E-01
 1.0363E+00
 6.6537E-01
 1.0553E+00
 5.6102E-01
-2.0290E+00
 9.9606E-01
-2.3972E-01
-5.2721E-02
 9.2999E-01
-3.6217E-01
 7.4158E-01
 1.0632E+00
 6.4776E-01
 1.1448E+00
 9.4870E-01
-2.4340E+00
 8.8161E-01
-5.9287E-01
-5.0326E-02
 7.5627E-01
-6.4537E-01
 7.8244E-01
 1.0655E+00
 6.8839E-01
 1.1367E+00
 1.4771E+00
-2.8551E+00
 6.9165E-01
-8.4259E-01
-5.0490E-02
 5.5263E-01
-8.2052E-01
 8.2110E-01
 1.0474E+00
 7.6059E-01
 1.0797E+00
 2.1152E+00
-3.2825E+00
 4.7268E-01
-9.9772E-01
-5.1352E-02
 3.5762E-01
-9.1691E-01
 8.5327E-01
 1.0202E+00
 8.3537E-01
 1.0215E+00
 2.7884E+00
-3.7105E+00
 2.3932E-01
-1.0814E+00
-5.2026E-02
 1.7544E-01
-9.6450E-01
 8.7474E-01
 9.9807E-01
 8.8943E-01
 9.8349E-01
 3.3802E+00
