 5.8639E-15
 7.7508E-15
 1.7901E-12
 1.0407E-06
 6.0252E-12
 7.9585E-15
 1.1626E-10
 5.4590E-10
 5.3181E-10
 1.2956E-07
 3.5639E-10
 2.0018E-10
 5.6549E-11
 4.5890E-11
 1.1603E-10
 1.0290E-07
 2.8355E-10
 6.2561E-11
 9.8027E-11
 6.6996E-11
 2.6963E-10
 1.1724E-07
 6.8749E-10
 1.9386E-10
 1.9266E-10
 1.3108E-10
 4.6577E-10
 1.4493E-07
 1.5347E-09
 3.8317E-10
 2.3688E-10
 1.2419E-10
 5.5312E-10
 1.5344E-07
 2.2239E-09
 5.6141E-10
 1.5651E-10
 2.6637E-11
 6.9575E-10
 1.3594E-07
 1.9475E-09
 5.3673E-10
 5.9740E-11
 8.0079E-11
 1.4121E-09
 1.1425E-07
 1.0309E-09
 2.6167E-10
 2.4110E-10
 5.7183E-10
 2.6554E-09
 1.0141E-07
 9.9793E-10
 1.2533E-10
 8.7089E-10
 1.3441E-09
 3.3138E-09
 8.8248E-08
 2.9306E-09
 7.6212E-10
 1.6502E-09
 1.7139E-09
 2.3785E-09
 7.2465E-08
 5.6530E-09
 2.2607E-09
 2.0763E-09
 1.3438E-09
 8.5671E-10
 8.7580E-08
 6.8405E-09
 3.7470E-09
 2.3629E-09
 1.2278E-09
 1.4269E-09
 1.7377E-07
 7.1881E-09
 4.5023E-09
 3.8037E-09
 3.0096E-09
 4.8318E-09
 3.0231E-07
 1.1839E-08
 5.7543E-09
 7.4750E-09
 6.6871E-09
 7.6427E-09
 3.6952E-07
 2.4112E-08
 1.0258E-08
 1.2642E-08
 1.0060E-08
 7.0053E-09
 3.3719E-07
 3.8460E-08
 1.8932E-08
