 i    energy(i)    w_energy(i) 
--- ------------  ------------ 
 1  0.1086724547  0.0642644789
 2  0.3531529368  0.1388201408
 3  0.7008934061  0.1895054690
 4  1.1731964060  0.2074366620
 5  1.8231909594  0.1895054690
 6  2.7751284427  0.1388201408
 7  4.3805639357  0.0642644789
 8  6.0000000000  0.0073831605
 
 k   tau(k)/2pi     s_lambda(k)   lambda(k)   w_lambda(k)
--- ------------  ------------ ------------  -----------
 1  1.0212053911  0.0411043211  0.1132445838  0.0514833271
 2  1.2246018429  0.1953687925  0.4947019038  0.0965190016
 3  1.6814952584  0.3966408478  0.8866048790  0.0965190016
 4  2.6267491838  0.5509053192  1.0973612471  0.0514833271
lambda-TP:                      1.1339142027
 5  2.9315924053  0.6203371634  1.1568026740  0.0354803842
 6  2.1723865407  0.7266503260  1.2765604444  0.0665172871
 7  1.7583056678  0.8653593143  1.4732541774  0.0665172871
 8  1.4799999268  0.9716724769  1.6544275051  0.0354803842
lambda-MAX:                     1.7092001094
 
 k   tau(k)/2pi     s_lambda(k)   lambda(k)   w_lambda(k)
--- ------------  ------------ ------------  -----------
 1  1.0212055737  0.0411043211  0.1132446156  0.0514833554
 2  1.2246022752  0.1953687925  0.4947020200  0.0965190546
 3  1.6814965445  0.3966408478  0.8866050175  0.0965190546
 4  2.6267515028  0.5509053192  1.0973613235  0.0514833554
lambda-TP:                      1.1339142027
 5  2.9315933915  0.6203371634  1.1568026691  0.0354803558
 6  2.1723934358  0.7266503260  1.2765603218  0.0665172341
 7  1.7583120772  0.8653593143  1.4732537003  0.0665172341
 8  1.4796076036  0.9716724769  1.6544273269  0.0354803558
lambda-MAX:                     1.7092001094
