 i    energy(i)    w_energy(i) 
--- ------------  ------------ 
 1  0.1086724547  0.0642644789
 2  0.3531529368  0.1388201408
 3  0.7008934061  0.1895054690
 4  1.1731964060  0.2074366620
 5  1.8231909594  0.1895054690
 6  2.7751284427  0.1388201408
 7  4.3805639357  0.0642644789
 8  6.0000000000  0.0073831605
 
 k   tau(k)/2pi     s_lambda(k)   lambda(k)   w_lambda(k)
--- ------------  ------------ ------------  -----------
 1  0.9257078647  0.0154514819  0.0549919082  0.0196001648
 2  0.9933665863  0.0775178348  0.2666076219  0.0412724776
 3  1.1252490413  0.1742096440  0.5661246012  0.0535311098
 4  1.3414380823  0.2834053650  0.8580898267  0.0535311098
 5  1.6864338357  0.3800971742  1.0706486831  0.0412724776
 6  2.3302809623  0.4421635271  1.1766325043  0.0196001648
lambda-TP:                      1.1954152551
 7  2.2542707755  0.4759287700  1.2181297982  0.0232309583
 8  1.6904245694  0.5494924809  1.3454975863  0.0489179156
 9  1.4011224145  0.6640957720  1.5914136934  0.0634473738
10  1.2745228623  0.7935192370  1.9107145378  0.0634473738
11  1.3433361820  0.9081225281  2.2034951245  0.0489179156
12  1.6347043822  0.9816862390  2.3688104508  0.0232309583
lambda-MAX:                     2.4115054466
 
 k   tau(k)/2pi     s_lambda(k)   lambda(k)   w_lambda(k)
--- ------------  ------------ ------------  -----------
 1  0.9257078647  0.0154514819  0.0549919082  0.0196001648
 2  0.9933665863  0.0775178348  0.2666076219  0.0412724776
 3  1.1252490413  0.1742096440  0.5661246012  0.0535311098
 4  1.3414380823  0.2834053650  0.8580898267  0.0535311098
 5  1.6864338357  0.3800971742  1.0706486831  0.0412724776
 6  2.3302809623  0.4421635271  1.1766325043  0.0196001648
lambda-TP:                      1.1954152551
 7  2.2542707755  0.4759287700  1.2181297982  0.0232309583
 8  1.6904245694  0.5494924809  1.3454975863  0.0489179156
 9  1.4011224145  0.6640957720  1.5914136934  0.0634473738
10  1.2745228623  0.7935192370  1.9107145378  0.0634473738
11  1.3433361820  0.9081225281  2.2034951245  0.0489179156
12  1.6347043822  0.9816862390  2.3688104508  0.0232309583
lambda-MAX:                     2.4115054466
