 6.2308E+00
-2.9948E-15
-1.1466E+00
-2.3471E-01
-1.2246E-16
-9.9645E-01
 1.1857E+00
 9.8976E-01
 1.0000E+00
 1.1857E+00
-2.6495E+00
 5.6188E+00
-3.0675E-01
-1.0980E+00
-2.3792E-01
-2.5874E-01
-9.6223E-01
 1.1777E+00
 9.8976E-01
 1.0000E+00
 1.1777E+00
-1.7289E+00
 5.0148E+00
-5.8107E-01
-9.6018E-01
-2.4737E-01
-4.9978E-01
-8.6257E-01
 1.1550E+00
 9.8976E-01
 1.0000E+00
 1.1550E+00
-8.6552E-01
 4.4257E+00
-7.9730E-01
-7.5179E-01
-2.6276E-01
-7.0676E-01
-7.0425E-01
 1.1207E+00
 9.8976E-01
 1.0000E+00
 1.1207E+00
-8.2209E-02
 3.8564E+00
-9.4018E-01
-4.9816E-01
-2.8352E-01
-8.6565E-01
-4.9800E-01
 1.0789E+00
 9.8976E-01
 1.0000E+00
 1.0789E+00
 5.9466E-01
 3.3097E+00
-1.0052E+00
-2.2559E-01
-3.0867E-01
-9.6566E-01
-2.5783E-01
 1.0340E+00
 9.8976E-01
 1.0000E+00
 1.0340E+00
 1.1356E+00
 2.7862E+00
-9.9645E-01
 4.2891E-02
-3.3686E-01
-1.0000E+00
-1.9290E-15
 9.8976E-01
 9.8976E-01
 1.0000E+00
 9.8976E-01
 1.5113E+00
 2.2849E+00
-9.2281E-01
 2.8919E-01
-3.6630E-01
-9.6566E-01
 2.5783E-01
 9.4918E-01
 9.8976E-01
 1.0000E+00
 9.4918E-01
 1.6961E+00
 1.8031E+00
-7.9683E-01
 5.0118E-01
-3.9482E-01
-8.6565E-01
 4.9800E-01
 9.1426E-01
 9.8976E-01
 1.0000E+00
 9.1426E-01
 1.6801E+00
 1.3377E+00
-6.3066E-01
 6.7118E-01
-4.2016E-01
-7.0676E-01
 7.0425E-01
 8.8625E-01
 9.8976E-01
 1.0000E+00
 8.8625E-01
 1.4685E+00
 8.8470E-01
-4.3572E-01
 7.9480E-01
-4.4015E-01
-4.9978E-01
 8.6257E-01
 8.6588E-01
 9.8976E-01
 1.0000E+00
 8.6588E-01
 1.0862E+00
 4.4021E-01
-2.2236E-01
 8.6974E-01
-4.5297E-01
-2.5874E-01
 9.6223E-01
 8.5354E-01
 9.8976E-01
 1.0000E+00
 8.5354E-01
 5.7708E-01
 7.4662E-15
-7.9797E-15
 8.9497E-01
-4.5742E-01
-3.9968E-15
 9.9645E-01
 8.4938E-01
 9.8976E-01
 1.0000E+00
 8.4938E-01
 9.9920E-15
-4.4021E-01
 2.2236E-01
 8.6974E-01
-4.5297E-01
 2.5874E-01
 9.6223E-01
 8.5354E-01
 9.8976E-01
 1.0000E+00
 8.5354E-01
-5.7708E-01
-8.8470E-01
 4.3572E-01
 7.9480E-01
-4.4015E-01
 4.9978E-01
 8.6257E-01
 8.6588E-01
 9.8976E-01
 1.0000E+00
 8.6588E-01
-1.0862E+00
-1.3377E+00
 6.3066E-01
 6.7118E-01
-4.2016E-01
 7.0676E-01
 7.0425E-01
 8.8625E-01
 9.8976E-01
 1.0000E+00
 8.8625E-01
-1.4685E+00
-1.8031E+00
 7.9683E-01
 5.0118E-01
-3.9482E-01
 8.6565E-01
 4.9800E-01
 9.1426E-01
 9.8976E-01
 1.0000E+00
 9.1426E-01
-1.6801E+00
-2.2849E+00
 9.2281E-01
 2.8919E-01
-3.6630E-01
 9.6566E-01
 2.5783E-01
 9.4918E-01
 9.8976E-01
 1.0000E+00
 9.4918E-01
-1.6961E+00
-2.7862E+00
 9.9645E-01
 4.2891E-02
-3.3686E-01
 1.0000E+00
 6.6891E-15
 9.8976E-01
 9.8976E-01
 1.0000E+00
 9.8976E-01
-1.5113E+00
-3.3097E+00
 1.0052E+00
-2.2559E-01
-3.0867E-01
 9.6566E-01
-2.5783E-01
 1.0340E+00
 9.8976E-01
 1.0000E+00
 1.0340E+00
-1.1356E+00
-3.8564E+00
 9.4018E-01
-4.9816E-01
-2.8352E-01
 8.6565E-01
-4.9800E-01
 1.0789E+00
 9.8976E-01
 1.0000E+00
 1.0789E+00
-5.9466E-01
-4.4257E+00
 7.9730E-01
-7.5179E-01
-2.6276E-01
 7.0676E-01
-7.0425E-01
 1.1207E+00
 9.8976E-01
 1.0000E+00
 1.1207E+00
 8.2209E-02
-5.0148E+00
 5.8107E-01
-9.6018E-01
-2.4737E-01
 4.9978E-01
-8.6257E-01
 1.1550E+00
 9.8976E-01
 1.0000E+00
 1.1550E+00
 8.6552E-01
-5.6188E+00
 3.0675E-01
-1.0980E+00
-2.3792E-01
 2.5874E-01
-9.6223E-01
 1.1777E+00
 9.8976E-01
 1.0000E+00
 1.1777E+00
 1.7289E+00
 6.2570E+00
-2.9801E-15
-1.1478E+00
-2.3438E-01
-1.2246E-16
-9.9645E-01
 1.1866E+00
 9.8965E-01
 1.0000E+00
 1.1866E+00
-2.6476E+00
 5.6420E+00
-3.0700E-01
-1.0991E+00
-2.3759E-01
-2.5874E-01
-9.6223E-01
 1.1785E+00
 9.8965E-01
 1.0000E+00
 1.1785E+00
-1.7220E+00
 5.0350E+00
-5.8147E-01
-9.6105E-01
-2.4708E-01
-4.9978E-01
-8.6257E-01
 1.1557E+00
 9.8965E-01
 1.0000E+00
 1.1557E+00
-8.5400E-01
 4.4432E+00
-7.9774E-01
-7.5240E-01
-2.6253E-01
-7.0676E-01
-7.0425E-01
 1.1212E+00
 9.8965E-01
 1.0000E+00
 1.1212E+00
-6.6376E-02
 3.8713E+00
-9.4054E-01
-4.9854E-01
-2.8337E-01
-8.6565E-01
-4.9800E-01
 1.0792E+00
 9.8965E-01
 1.0000E+00
 1.0792E+00
 6.1421E-01
 3.3222E+00
-1.0054E+00
-2.2581E-01
-3.0863E-01
-9.6566E-01
-2.5783E-01
 1.0341E+00
 9.8965E-01
 1.0000E+00
 1.0341E+00
 1.1579E+00
 2.7965E+00
-9.9645E-01
 4.2721E-02
-3.3694E-01
-1.0000E+00
-1.9290E-15
 9.8965E-01
 9.8965E-01
 1.0000E+00
 9.8965E-01
 1.5352E+00
 2.2932E+00
-9.2265E-01
 2.8898E-01
-3.6651E-01
-9.6566E-01
 2.5783E-01
 9.4891E-01
 9.8965E-01
 1.0000E+00
 9.4891E-01
 1.7200E+00
 1.8096E+00
-7.9657E-01
 5.0086E-01
-3.9516E-01
-8.6565E-01
 4.9800E-01
 9.1386E-01
 9.8965E-01
 1.0000E+00
 9.1386E-01
 1.7022E+00
 1.3424E+00
-6.3038E-01
 6.7074E-01
-4.2063E-01
-7.0676E-01
 7.0425E-01
 8.8576E-01
 9.8965E-01
 1.0000E+00
 8.8576E-01
 1.4871E+00
 8.8781E-01
-4.3549E-01
 7.9423E-01
-4.4072E-01
-4.9978E-01
 8.6257E-01
 8.6533E-01
 9.8965E-01
 1.0000E+00
 8.6533E-01
 1.0997E+00
 4.4175E-01
-2.2223E-01
 8.6909E-01
-4.5360E-01
-2.5874E-01
 9.6223E-01
 8.5294E-01
 9.8965E-01
 1.0000E+00
 8.5294E-01
 5.8413E-01
 7.4801E-15
-5.8772E-15
 8.9429E-01
-4.5807E-01
-3.9968E-15
 9.9645E-01
 8.4877E-01
 9.8965E-01
 1.0000E+00
 8.4877E-01
 1.0103E-14
-4.4175E-01
 2.2223E-01
 8.6909E-01
-4.5360E-01
 2.5874E-01
 9.6223E-01
 8.5294E-01
 9.8965E-01
 1.0000E+00
 8.5294E-01
-5.8413E-01
-8.8781E-01
 4.3549E-01
 7.9423E-01
-4.4072E-01
 4.9978E-01
 8.6257E-01
 8.6533E-01
 9.8965E-01
 1.0000E+00
 8.6533E-01
-1.0997E+00
-1.3424E+00
 6.3038E-01
 6.7074E-01
-4.2063E-01
 7.0676E-01
 7.0425E-01
 8.8576E-01
 9.8965E-01
 1.0000E+00
 8.8576E-01
-1.4871E+00
-1.8096E+00
 7.9657E-01
 5.0086E-01
-3.9516E-01
 8.6565E-01
 4.9800E-01
 9.1386E-01
 9.8965E-01
 1.0000E+00
 9.1386E-01
-1.7022E+00
-2.2932E+00
 9.2265E-01
 2.8898E-01
-3.6651E-01
 9.6566E-01
 2.5783E-01
 9.4891E-01
 9.8965E-01
 1.0000E+00
 9.4891E-01
-1.7200E+00
-2.7965E+00
 9.9645E-01
 4.2721E-02
-3.3694E-01
 1.0000E+00
 6.6891E-15
 9.8965E-01
 9.8965E-01
 1.0000E+00
 9.8965E-01
-1.5352E+00
-3.3222E+00
 1.0054E+00
-2.2581E-01
-3.0863E-01
 9.6566E-01
-2.5783E-01
 1.0341E+00
 9.8965E-01
 1.0000E+00
 1.0341E+00
-1.1579E+00
-3.8713E+00
 9.4054E-01
-4.9854E-01
-2.8337E-01
 8.6565E-01
-4.9800E-01
 1.0792E+00
 9.8965E-01
 1.0000E+00
 1.0792E+00
-6.1421E-01
-4.4432E+00
 7.9774E-01
-7.5240E-01
-2.6253E-01
 7.0676E-01
-7.0425E-01
 1.1212E+00
 9.8965E-01
 1.0000E+00
 1.1212E+00
 6.6376E-02
-5.0350E+00
 5.8147E-01
-9.6105E-01
-2.4708E-01
 4.9978E-01
-8.6257E-01
 1.1557E+00
 9.8965E-01
 1.0000E+00
 1.1557E+00
 8.5400E-01
-5.6420E+00
 3.0700E-01
-1.0991E+00
-2.3759E-01
 2.5874E-01
-9.6223E-01
 1.1785E+00
 9.8965E-01
 1.0000E+00
 1.1785E+00
 1.7220E+00
 6.2832E+00
 2.9656E-15
-1.1489E+00
-2.3404E-01
-1.2246E-16
-9.9645E-01
 1.1874E+00
 9.8953E-01
 1.0000E+00
 1.1874E+00
-2.6457E+00
 5.6651E+00
-3.0724E-01
-1.1002E+00
-2.3727E-01
-2.5874E-01
-9.6223E-01
 1.1793E+00
 9.8953E-01
 1.0000E+00
 1.1793E+00
-1.7152E+00
 5.0553E+00
-5.8188E-01
-9.6193E-01
-2.4679E-01
-4.9978E-01
-8.6257E-01
 1.1564E+00
 9.8953E-01
 1.0000E+00
 1.1564E+00
-8.4245E-01
 4.4606E+00
-7.9819E-01
-7.5301E-01
-2.6230E-01
-7.0676E-01
-7.0425E-01
 1.1217E+00
 9.8953E-01
 1.0000E+00
 1.1217E+00
-5.0495E-02
 3.8862E+00
-9.4089E-01
-4.9891E-01
-2.8322E-01
-8.6565E-01
-4.9800E-01
 1.0795E+00
 9.8953E-01
 1.0000E+00
 1.0795E+00
 6.3382E-01
 3.3347E+00
-1.0056E+00
-2.2603E-01
-3.0859E-01
-9.6566E-01
-2.5783E-01
 1.0341E+00
 9.8953E-01
 1.0000E+00
 1.0341E+00
 1.1804E+00
 2.8068E+00
-9.9645E-01
 4.2553E-02
-3.3702E-01
-1.0000E+00
-1.9290E-15
 9.8953E-01
 9.8953E-01
 1.0000E+00
 9.8953E-01
 1.5592E+00
 2.3015E+00
-9.2249E-01
 2.8877E-01
-3.6672E-01
-9.6566E-01
 2.5783E-01
 9.4863E-01
 9.8953E-01
 1.0000E+00
 9.4863E-01
 1.7440E+00
 1.8160E+00
-7.9631E-01
 5.0055E-01
-3.9551E-01
-8.6565E-01
 4.9800E-01
 9.1346E-01
 9.8953E-01
 1.0000E+00
 9.1346E-01
 1.7245E+00
 1.3471E+00
-6.3011E-01
 6.7029E-01
-4.2110E-01
-7.0676E-01
 7.0425E-01
 8.8526E-01
 9.8953E-01
 1.0000E+00
 8.8526E-01
 1.5058E+00
 8.9091E-01
-4.3526E-01
 7.9367E-01
-4.4129E-01
-4.9978E-01
 8.6257E-01
 8.6477E-01
 9.8953E-01
 1.0000E+00
 8.6477E-01
 1.1131E+00
 4.4328E-01
-2.2210E-01
 8.6844E-01
-4.5423E-01
-2.5874E-01
 9.6223E-01
 8.5235E-01
 9.8953E-01
 1.0000E+00
 8.5235E-01
 5.9121E-01
 7.5079E-15
-1.7208E-15
 8.9362E-01
-4.5872E-01
-3.9968E-15
 9.9645E-01
 8.4817E-01
 9.8953E-01
 1.0000E+00
 8.4817E-01
 1.0242E-14
-4.4328E-01
 2.2210E-01
 8.6844E-01
-4.5423E-01
 2.5874E-01
 9.6223E-01
 8.5235E-01
 9.8953E-01
 1.0000E+00
 8.5235E-01
-5.9121E-01
-8.9091E-01
 4.3526E-01
 7.9367E-01
-4.4129E-01
 4.9978E-01
 8.6257E-01
 8.6477E-01
 9.8953E-01
 1.0000E+00
 8.6477E-01
-1.1131E+00
-1.3471E+00
 6.3011E-01
 6.7029E-01
-4.2110E-01
 7.0676E-01
 7.0425E-01
 8.8526E-01
 9.8953E-01
 1.0000E+00
 8.8526E-01
-1.5058E+00
-1.8160E+00
 7.9631E-01
 5.0055E-01
-3.9551E-01
 8.6565E-01
 4.9800E-01
 9.1346E-01
 9.8953E-01
 1.0000E+00
 9.1346E-01
-1.7245E+00
-2.3015E+00
 9.2249E-01
 2.8877E-01
-3.6672E-01
 9.6566E-01
 2.5783E-01
 9.4863E-01
 9.8953E-01
 1.0000E+00
 9.4863E-01
-1.7440E+00
-2.8068E+00
 9.9645E-01
 4.2553E-02
-3.3702E-01
 1.0000E+00
 6.6891E-15
 9.8953E-01
 9.8953E-01
 1.0000E+00
 9.8953E-01
-1.5592E+00
-3.3347E+00
 1.0056E+00
-2.2603E-01
-3.0859E-01
 9.6566E-01
-2.5783E-01
 1.0341E+00
 9.8953E-01
 1.0000E+00
 1.0341E+00
-1.1804E+00
-3.8862E+00
 9.4089E-01
-4.9891E-01
-2.8322E-01
 8.6565E-01
-4.9800E-01
 1.0795E+00
 9.8953E-01
 1.0000E+00
 1.0795E+00
-6.3382E-01
-4.4606E+00
 7.9819E-01
-7.5301E-01
-2.6230E-01
 7.0676E-01
-7.0425E-01
 1.1217E+00
 9.8953E-01
 1.0000E+00
 1.1217E+00
 5.0495E-02
-5.0553E+00
 5.8188E-01
-9.6193E-01
-2.4679E-01
 4.9978E-01
-8.6257E-01
 1.1564E+00
 9.8953E-01
 1.0000E+00
 1.1564E+00
 8.4245E-01
-5.6651E+00
 3.0724E-01
-1.1002E+00
-2.3727E-01
 2.5874E-01
-9.6223E-01
 1.1793E+00
 9.8953E-01
 1.0000E+00
 1.1793E+00
 1.7152E+00
 6.3094E+00
-1.4756E-15
-1.1501E+00
-2.3371E-01
-1.2246E-16
-9.9645E-01
 1.1883E+00
 9.8941E-01
 1.0000E+00
 1.1883E+00
-2.6438E+00
 5.6883E+00
-3.0749E-01
-1.1013E+00
-2.3695E-01
-2.5874E-01
-9.6223E-01
 1.1801E+00
 9.8941E-01
 1.0000E+00
 1.1801E+00
-1.7083E+00
 5.0755E+00
-5.8229E-01
-9.6280E-01
-2.4650E-01
-4.9978E-01
-8.6257E-01
 1.1570E+00
 9.8941E-01
 1.0000E+00
 1.1570E+00
-8.3087E-01
 4.4781E+00
-7.9863E-01
-7.5362E-01
-2.6207E-01
-7.0676E-01
-7.0425E-01
 1.1222E+00
 9.8941E-01
 1.0000E+00
 1.1222E+00
-3.4566E-02
 3.9010E+00
-9.4125E-01
-4.9928E-01
-2.8307E-01
-8.6565E-01
-4.9800E-01
 1.0797E+00
 9.8941E-01
 1.0000E+00
 1.0797E+00
 6.5350E-01
 3.3472E+00
-1.0058E+00
-2.2625E-01
-3.0854E-01
-9.6566E-01
-2.5783E-01
 1.0342E+00
 9.8941E-01
 1.0000E+00
 1.0342E+00
 1.2029E+00
 2.8171E+00
-9.9645E-01
 4.2387E-02
-3.3710E-01
-1.0000E+00
-1.9290E-15
 9.8941E-01
 9.8941E-01
 1.0000E+00
 9.8941E-01
 1.5833E+00
 2.3098E+00
-9.2233E-01
 2.8856E-01
-3.6693E-01
-9.6566E-01
 2.5783E-01
 9.4836E-01
 9.8941E-01
 1.0000E+00
 9.4836E-01
 1.7682E+00
 1.8225E+00
-7.9606E-01
 5.0023E-01
-3.9586E-01
-8.6565E-01
 4.9800E-01
 9.1306E-01
 9.8941E-01
 1.0000E+00
 9.1306E-01
 1.7468E+00
 1.3518E+00
-6.2983E-01
 6.6985E-01
-4.2157E-01
-7.0676E-01
 7.0425E-01
 8.8477E-01
 9.8941E-01
 1.0000E+00
 8.8477E-01
 1.5245E+00
 8.9400E-01
-4.3504E-01
 7.9310E-01
-4.4185E-01
-4.9978E-01
 8.6257E-01
 8.6421E-01
 9.8941E-01
 1.0000E+00
 8.6421E-01
 1.1267E+00
 4.4481E-01
-2.2197E-01
 8.6780E-01
-4.5487E-01
-2.5874E-01
 9.6223E-01
 8.5176E-01
 9.8941E-01
 1.0000E+00
 8.5176E-01
 5.9832E-01
 7.5356E-15
-5.8564E-15
 8.9294E-01
-4.5938E-01
-3.9968E-15
 9.9645E-01
 8.4756E-01
 9.8941E-01
 1.0000E+00
 8.4756E-01
 1.0353E-14
-4.4481E-01
 2.2197E-01
 8.6780E-01
-4.5487E-01
 2.5874E-01
 9.6223E-01
 8.5176E-01
 9.8941E-01
 1.0000E+00
 8.5176E-01
-5.9832E-01
-8.9400E-01
 4.3504E-01
 7.9310E-01
-4.4185E-01
 4.9978E-01
 8.6257E-01
 8.6421E-01
 9.8941E-01
 1.0000E+00
 8.6421E-01
-1.1267E+00
-1.3518E+00
 6.2983E-01
 6.6985E-01
-4.2157E-01
 7.0676E-01
 7.0425E-01
 8.8477E-01
 9.8941E-01
 1.0000E+00
 8.8477E-01
-1.5245E+00
-1.8225E+00
 7.9606E-01
 5.0023E-01
-3.9586E-01
 8.6565E-01
 4.9800E-01
 9.1306E-01
 9.8941E-01
 1.0000E+00
 9.1306E-01
-1.7468E+00
-2.3098E+00
 9.2233E-01
 2.8856E-01
-3.6693E-01
 9.6566E-01
 2.5783E-01
 9.4836E-01
 9.8941E-01
 1.0000E+00
 9.4836E-01
-1.7682E+00
-2.8171E+00
 9.9645E-01
 4.2387E-02
-3.3710E-01
 1.0000E+00
 6.6891E-15
 9.8941E-01
 9.8941E-01
 1.0000E+00
 9.8941E-01
-1.5833E+00
-3.3472E+00
 1.0058E+00
-2.2625E-01
-3.0854E-01
 9.6566E-01
-2.5783E-01
 1.0342E+00
 9.8941E-01
 1.0000E+00
 1.0342E+00
-1.2029E+00
-3.9010E+00
 9.4125E-01
-4.9928E-01
-2.8307E-01
 8.6565E-01
-4.9800E-01
 1.0797E+00
 9.8941E-01
 1.0000E+00
 1.0797E+00
-6.5350E-01
-4.4781E+00
 7.9863E-01
-7.5362E-01
-2.6207E-01
 7.0676E-01
-7.0425E-01
 1.1222E+00
 9.8941E-01
 1.0000E+00
 1.1222E+00
 3.4566E-02
-5.0755E+00
 5.8229E-01
-9.6280E-01
-2.4650E-01
 4.9978E-01
-8.6257E-01
 1.1570E+00
 9.8941E-01
 1.0000E+00
 1.1570E+00
 8.3087E-01
-5.6883E+00
 3.0749E-01
-1.1013E+00
-2.3695E-01
 2.5874E-01
-9.6223E-01
 1.1801E+00
 9.8941E-01
 1.0000E+00
 1.1801E+00
 1.7083E+00
