 Opened ./phase_space.out
 Opened ./geometry_arrays.out
 Opened ./profile_sim.out
 Opened ./coll.out
 Opened ./r_operators.out
 Opened ./units.out
 Opened ./profile_vugyro.out
 Opened ./t.out
 Opened ./u.out
 Opened ./kxkyspec.out
 Opened ./k_perp_squared.out
 Opened ./freq.out
 Opened ./balloon_phi.out
 Opened ./balloon_a.out
 Opened ./balloon_aperp.out
 Opened ./balloon_epar.out
 Opened ./diff.out
 Opened ./diff_i.out
 Opened ./gbflux.out
 Opened ./gbflux_mom.out
 Opened ./gbflux_i.out
 Opened ./error.out
 Opened ./timing.out
