           8
           4
          20
           6
           1
   4
 -0.943162479223595     
 -0.943910001165209     
 -0.945873971161306     
 -0.948349967023815     
 -0.950419815834746     
 -0.951237014343547     
 -0.950419815834746     
 -0.948349967023815     
 -0.945873971161307     
 -0.943910001165209     
  0.943162479223595     
  0.943910001165209     
  0.945873971161306     
  0.948349967023815     
  0.950419815834746     
  0.951237014343547     
  0.950419815834746     
  0.948349967023815     
  0.945873971161307     
  0.943910001165209     
 -0.727036649589404     
 -0.730982026330663     
 -0.741444579555384     
 -0.754796105195120     
 -0.766124993792202     
 -0.770631496401343     
 -0.766124993792202     
 -0.754796105195121     
 -0.741444579555385     
 -0.730982026330663     
  0.727036649589404     
  0.730982026330663     
  0.741444579555384     
  0.754796105195120     
  0.766124993792202     
  0.770631496401343     
  0.766124993792202     
  0.754796105195121     
  0.741444579555385     
  0.730982026330663     
 -0.430580949405903     
 -0.440244720570041     
 -0.466559968774121     
 -0.501759554180298     
 -0.533150648990958     
 -0.546095946329576     
 -0.533150648990959     
 -0.501759554180299     
 -0.466559968774122     
 -0.440244720570041     
  0.430580949405903     
  0.440244720570041     
  0.466559968774121     
  0.501759554180298     
  0.533150648990958     
  0.546095946329576     
  0.533150648990959     
  0.501759554180299     
  0.466559968774122     
  0.440244720570041     
 -0.155118408683080     
 -0.169922993165175     
 -0.214298487961603     
 -0.284860590324015     
 -0.361932831718379     
 -0.399033384011626     
 -0.361932831718381     
 -0.284860590324016     
 -0.214298487961604     
 -0.169922993165175     
  0.155118408683080     
  0.169922993165175     
  0.214298487961603     
  0.284860590324015     
  0.361932831718379     
  0.399033384011626     
  0.361932831718381     
  0.284860590324016     
  0.214298487961604     
  0.169922993165175     
 -1.053671212772351E-008
 -4.706451683028635E-002
 -0.108415765933327     
 -0.197122023812656     
 -0.305552663249681     
 -0.365228146029999     
 -0.305552681521825     
 -0.197122042281021     
 -0.108415779278536     
 -4.706452587817116E-002
 -2.107342425544702E-008
  4.706452587817116E-002
  0.108415779278536     
  0.197122042281021     
  0.305552681521825     
  0.365228146029999     
  0.305552663249681     
  0.197122023812656     
  0.108415765933327     
  4.706451683028635E-002
 -2.107342425544702E-008
 -7.119825048141401E-002
 -0.147198907943488     
 -0.226525955863996     
 -0.295073818652988     
 -0.324063780753749     
 -0.295073812550553     
 -0.226525946985473     
 -0.147198899250364     
 -7.119824269507226E-002
 -1.053671212772351E-008
  7.119824269507226E-002
  0.147198899250364     
  0.226525946985473     
  0.295073812550553     
  0.324063780753749     
  0.295073818652988     
  0.226525955863996     
  0.147198907943488     
  7.119825048141401E-002
 -1.490116119384766E-008
 -6.506566677081084E-002
 -0.127714213605999     
 -0.183125541682647     
 -0.223107950062340     
 -0.237991852849445     
 -0.223107949988138     
 -0.183125541533823     
 -0.127714213392841     
 -6.506566653349531E-002
 -1.490116119384766E-008
  6.506566653349531E-002
  0.127714213392841     
  0.183125541533823     
  0.223107949988138     
  0.237991852849445     
  0.223107950062340     
  0.183125541682647     
  0.127714213605999     
  6.506566677081084E-002
 -1.490116119384766E-008
 -3.447583225964600E-002
 -6.517677458512082E-002
 -9.028081991823007E-002
 -0.106900308034552     
 -0.112675971330299     
 -0.106900309761011     
 -9.028082366724252E-002
 -6.517677959084836E-002
 -3.447583843992668E-002
 -2.107342425544702E-008
  3.447583843992668E-002
  6.517677959084836E-002
  9.028082366724252E-002
  0.106900309761011     
  0.112675971330299     
  0.106900308034552     
  9.028081991823007E-002
  6.517677458512082E-002
  3.447583225964600E-002
  -1.00000000000000     
 -0.811468244183921     
 -0.619803629426891     
 -0.421650580240168     
 -0.214535250246193     
 -3.600211201934398E-016
  0.214535250246192     
  0.421650580240167     
  0.619803629426891     
  0.811468244183921     
  -1.00000000000000     
 -0.811468244183921     
 -0.619803629426891     
 -0.421650580240168     
 -0.214535250246193     
 -3.600211201934398E-016
  0.214535250246192     
  0.421650580240167     
  0.619803629426891     
  0.811468244183921     
  -1.00000000000000     
 -0.815815919363683     
 -0.627056941419689     
 -0.429272460989790     
 -0.219507710742782     
 -9.320792191511140E-016
  0.219507710742781     
  0.429272460989789     
  0.627056941419688     
  0.815815919363683     
  -1.00000000000000     
 -0.815815919363683     
 -0.627056941419689     
 -0.429272460989790     
 -0.219507710742782     
 -9.320792191511140E-016
  0.219507710742781     
  0.429272460989789     
  0.627056941419688     
  0.815815919363683     
  -1.00000000000000     
 -0.831114315185947     
 -0.652869538468642     
 -0.456829723448819     
 -0.237779690285517     
 -1.192708005548819E-015
  0.237779690285515     
  0.456829723448817     
  0.652869538468641     
  0.831114315185946     
  -1.00000000000000     
 -0.831114315185947     
 -0.652869538468642     
 -0.456829723448819     
 -0.237779690285517     
 -1.192708005548819E-015
  0.237779690285515     
  0.456829723448817     
  0.652869538468641     
  0.831114315185946     
  -1.00000000000000     
 -0.884336934991853     
 -0.746438963042371     
 -0.562950194245054     
 -0.313078675358045     
 -2.566530930458755E-015
  0.313078675358041     
  0.562950194245052     
  0.746438963042370     
  0.884336934991852     
  -1.00000000000000     
 -0.884336934991853     
 -0.746438963042371     
 -0.562950194245054     
 -0.313078675358045     
 -2.566530930458755E-015
  0.313078675358041     
  0.562950194245052     
  0.746438963042370     
  0.884336934991852     
 -0.873399476730671     
 -0.851065210417471     
 -0.777043600420920     
 -0.628804060480293     
 -0.372327882713508     
 -3.632608058038687E-008
  0.372327825096940     
  0.628804025367992     
  0.777043581641558     
  0.851065202464712     
  0.873399476730679     
  0.851065202464712     
  0.777043581641558     
  0.628804025367992     
  0.372327825096940     
 -3.632608058038687E-008
 -0.372327882713508     
 -0.628804060480293     
 -0.777043600420920     
 -0.851065210417471     
 -0.663999330621836     
 -0.639629978004692     
 -0.563990436902241     
 -0.431454055832338     
 -0.238716191258749     
  1.453513000860289E-008
  0.238716216950732     
  0.431454074452035     
  0.563990448315999     
  0.639629983182035     
  0.663999330621837     
  0.639629983182035     
  0.563990448315999     
  0.431454074452035     
  0.238716216950732     
  1.453513000860289E-008
 -0.238716191258749     
 -0.431454055832338     
 -0.563990436902241     
 -0.639629978004692     
 -0.431603053103972     
 -0.412861080857514     
 -0.356839031884437     
 -0.264895090858514     
 -0.141972709613684     
  1.627481304851361E-010
  0.141972709943695     
  0.264895091181481     
  0.356839032151515     
  0.412861080996050     
  0.431603053103971     
  0.412861080996050     
  0.356839032151515     
  0.264895091181481     
  0.141972709943695     
  1.627481304851361E-010
 -0.141972709613684     
 -0.264895090858514     
 -0.356839031884437     
 -0.412861080857514     
 -0.189644474533001     
 -0.180546738959257     
 -0.154021572333642     
 -0.112353714884966     
 -5.926881655671821E-002
 -5.420221651699210E-009
  5.926880628073120E-002
  0.112353706212358     
  0.154021566119574     
  0.180546735697464     
  0.189644474533008     
  0.180546735697464     
  0.154021566119574     
  0.112353706212358     
  5.926880628073120E-002
 -5.420221651699210E-009
 -5.926881655671821E-002
 -0.112353714884966     
 -0.154021572333642     
 -0.180546738959257     
