 5.8425E-15
-3.4278E-15
 9.7078E-01
-3.6204E-02
-3.3584E-15
 9.9821E-01
 7.2533E-01
 9.2544E-01
 1.0701E+00
 6.7782E-01
 1.9082E-15
 5.8564E-15
-1.0353E-14
 9.6938E-01
-3.6448E-02
-3.3654E-15
 9.9805E-01
 7.2282E-01
 9.2517E-01
 1.0701E+00
 6.7547E-01
 1.9255E-15
 5.8564E-15
-3.4209E-15
 9.6797E-01
-3.6694E-02
-3.3792E-15
 9.9789E-01
 7.2032E-01
 9.2489E-01
 1.0701E+00
 6.7314E-01
 1.9464E-15
 5.8564E-15
 8.5348E-16
 9.6656E-01
-3.6942E-02
-3.3931E-15
 9.9773E-01
 7.1783E-01
 9.2460E-01
 1.0701E+00
 6.7081E-01
 1.9672E-15
 5.8564E-15
-7.5356E-15
 9.6515E-01
-3.7192E-02
-3.4001E-15
 9.9756E-01
 7.1535E-01
 9.2431E-01
 1.0701E+00
 6.6849E-01
 1.9880E-15
 5.8564E-15
-3.4139E-15
 9.6373E-01
-3.7443E-02
-3.4070E-15
 9.9738E-01
 7.1288E-01
 9.2402E-01
 1.0701E+00
 6.6618E-01
 2.0053E-15
