 i    energy(i)    w_energy(i) 
--- ------------  ------------ 
 1  0.1078183154  0.0635404654
 2  0.3500828453  0.1372561717
 3  0.6938122689  0.1873704710
 4  1.1584709317  0.2050996484
 5  1.7916103850  0.1873704710
 6  2.6947340750  0.1372561717
 7  4.0614273853  0.0635404654
 8  5.0000000000  0.0185661355
 
 k   tau(k)/2pi     s_lambda(k)   lambda(k)   w_lambda(k)
--- ------------  ------------ ------------  -----------
 1  1.0502636595  0.0526910490  0.1325494914  0.0659957865
 2  1.3291088752  0.2504404971  0.5657697428  0.1237264136
 3  2.0467900009  0.5084483034  0.9776384056  0.1237264136
 4  3.8022732354  0.7061977515  1.1712677259  0.0659957865
lambda-TP:                      1.2001452866
 5  5.1011033500  0.7756295957  1.2072595406  0.0209679247
 6  3.5440831647  0.8384577816  1.2467873156  0.0393098751
 7  2.8269124323  0.9204310188  1.3141809050  0.0393098751
 8  2.4781274644  0.9832592048  1.3753989961  0.0209679247
lambda-MAX:                     1.3930854340
 
 k   tau(k)/2pi     s_lambda(k)   lambda(k)   w_lambda(k)
--- ------------  ------------ ------------  -----------
 1  1.0502636595  0.0526910490  0.1325494914  0.0659957865
 2  1.3291088752  0.2504404971  0.5657697428  0.1237264136
 3  2.0467900009  0.5084483034  0.9776384056  0.1237264136
 4  3.8022732354  0.7061977515  1.1712677259  0.0659957865
lambda-TP:                      1.2001452866
 5  5.1011033500  0.7756295957  1.2072595406  0.0209679247
 6  3.5440831647  0.8384577816  1.2467873156  0.0393098751
 7  2.8269124323  0.9204310188  1.3141809050  0.0393098751
 8  2.4781274644  0.9832592048  1.3753989961  0.0209679247
lambda-MAX:                     1.3930854340
