----------------------------------------------------------------------------------- 
 => ion # 1
 r           dlntdr_s    dlnndr_s    tem_s       den_s       alpha_s     (null)      
----------------------------------------------------------------------------------- 
 1.8708E-01  5.6838E-01  8.3656E-01  7.0468E-01  1.0000E+00  1.4191E+00  0.0000E+00
 1.9555E-01  5.6838E-01  8.3656E-01  7.0468E-01  1.0000E+00  1.4191E+00  0.0000E+00
 2.0403E-01  5.6838E-01  8.3656E-01  7.0468E-01  1.0000E+00  1.4191E+00  0.0000E+00
 2.1250E-01  5.6838E-01  8.3656E-01  7.0468E-01  1.0000E+00  1.4191E+00  0.0000E+00
 2.2097E-01  5.6838E-01  8.3656E-01  7.0468E-01  1.0000E+00  1.4191E+00  0.0000E+00
 2.2945E-01  5.6838E-01  8.3656E-01  7.0468E-01  1.0000E+00  1.4191E+00  0.0000E+00
----------------------------------------------------------------------------------- 
=> electrons
 r           dlntdr_s    dlnndr_s    tem_s       den_s       alpha_s     (null)      
----------------------------------------------------------------------------------- 
 1.8708E-01  1.5679E+00  8.3656E-01  1.0000E+00  1.0000E+00  1.0000E+00  0.0000E+00
 1.9555E-01  1.5679E+00  8.3656E-01  1.0000E+00  1.0000E+00  1.0000E+00  0.0000E+00
 2.0403E-01  1.5679E+00  8.3656E-01  1.0000E+00  1.0000E+00  1.0000E+00  0.0000E+00
 2.1250E-01  1.5679E+00  8.3656E-01  1.0000E+00  1.0000E+00  1.0000E+00  0.0000E+00
 2.2097E-01  1.5679E+00  8.3656E-01  1.0000E+00  1.0000E+00  1.0000E+00  0.0000E+00
 2.2945E-01  1.5679E+00  8.3656E-01  1.0000E+00  1.0000E+00  1.0000E+00  0.0000E+00
----------------------------------------------------------------------------------- 
 => Geometry
 r           q_s         shat_s      kappa_s     s_kappa_s   delta_s     s_delta_s   
----------------------------------------------------------------------------------- 
 1.8708E-01  1.5369E+00  9.0662E-02  1.2843E+00  1.1678E-02  4.3468E-02  4.3329E-02
 1.9555E-01  1.5369E+00  9.0662E-02  1.2843E+00  1.1678E-02  4.3468E-02  4.3329E-02
 2.0403E-01  1.5369E+00  9.0662E-02  1.2843E+00  1.1678E-02  4.3468E-02  4.3329E-02
 2.1250E-01  1.5369E+00  9.0662E-02  1.2843E+00  1.1678E-02  4.3468E-02  4.3329E-02
 2.2097E-01  1.5369E+00  9.0662E-02  1.2843E+00  1.1678E-02  4.3468E-02  4.3329E-02
 2.2945E-01  1.5369E+00  9.0662E-02  1.2843E+00  1.1678E-02  4.3468E-02  4.3329E-02
----------------------------------------------------------------------------------- 
 => Geometry
 r           R/r         drmaj_s     b_unit_s    beta_unit_s rhosda_s    (null)      
----------------------------------------------------------------------------------- 
 1.8708E-01  1.3394E+01 -6.5503E-02  1.0000E+00  6.2775E-03  2.5000E-03  0.0000E+00
 1.9555E-01  1.3394E+01 -6.5503E-02  1.0000E+00  6.2775E-03  2.5000E-03  0.0000E+00
 2.0403E-01  1.3394E+01 -6.5503E-02  1.0000E+00  6.2775E-03  2.5000E-03  0.0000E+00
 2.1250E-01  1.3394E+01 -6.5503E-02  1.0000E+00  6.2775E-03  2.5000E-03  0.0000E+00
 2.2097E-01  1.3394E+01 -6.5503E-02  1.0000E+00  6.2775E-03  2.5000E-03  0.0000E+00
 2.2945E-01  1.3394E+01 -6.5503E-02  1.0000E+00  6.2775E-03  2.5000E-03  0.0000E+00
----------------------------------------------------------------------------------- 
 => Geometry and Flows
 r           r_s         r_e         dr_eodr     q           (null)      (null)      
----------------------------------------------------------------------------------- 
 1.8708E-01  2.1250E-01  1.8708E-01  1.0000E+00  1.5202E+00  0.0000E+00  0.0000E+00
 1.9555E-01  2.1250E-01  1.9555E-01  1.0000E+00  1.5257E+00  0.0000E+00  0.0000E+00
 2.0403E-01  2.1250E-01  2.0403E-01  1.0000E+00  1.5313E+00  0.0000E+00  0.0000E+00
 2.1250E-01  2.1250E-01  2.1250E-01  1.0000E+00  1.5369E+00  0.0000E+00  0.0000E+00
 2.2097E-01  2.1250E-01  2.2097E-01  1.0000E+00  1.5424E+00  0.0000E+00  0.0000E+00
 2.2945E-01  2.1250E-01  2.2945E-01  1.0000E+00  1.5480E+00  0.0000E+00  0.0000E+00
----------------------------------------------------------------------------------- 
 => Geometry and Flows
 r           gamma_e_s   gamma_p_s   mach_s      z_eff_s     nu_s        (null)      
----------------------------------------------------------------------------------- 
 1.8708E-01  7.8554E-03 -1.6170E-01 -2.5661E-01  1.2474E+00  1.9738E-02  0.0000E+00
 1.9555E-01  7.8554E-03 -1.6170E-01 -2.5661E-01  1.2474E+00  1.9738E-02  0.0000E+00
 2.0403E-01  7.8554E-03 -1.6170E-01 -2.5661E-01  1.2474E+00  1.9738E-02  0.0000E+00
 2.1250E-01  7.8554E-03 -1.6170E-01 -2.5661E-01  1.2474E+00  1.9738E-02  0.0000E+00
 2.2097E-01  7.8554E-03 -1.6170E-01 -2.5661E-01  1.2474E+00  1.9738E-02  0.0000E+00
 2.2945E-01  7.8554E-03 -1.6170E-01 -2.5661E-01  1.2474E+00  1.9738E-02  0.0000E+00
----------------------------------------------------------------------------------- 
 => Geometry and Flows
 r           gamma_t_s   gamma_n_s   gamma_eb_s  gamma_HB    w0_s        w0p_s       
----------------------------------------------------------------------------------- 
 1.8708E-01 -6.9574E-03 -7.2160E-03  7.8554E-03  1.2531E-02  0.0000E+00  0.0000E+00
 1.9555E-01 -6.6681E-03 -6.9160E-03  7.8554E-03  1.2531E-02  0.0000E+00  0.0000E+00
 2.0403E-01 -6.3671E-03 -6.6038E-03  7.8554E-03  1.2531E-02  0.0000E+00  0.0000E+00
 2.1250E-01 -6.0903E-03 -6.3167E-03  7.8554E-03  1.2531E-02  0.0000E+00  0.0000E+00
 2.2097E-01 -5.8350E-03 -6.0519E-03  7.8554E-03  1.2531E-02  0.0000E+00  0.0000E+00
 2.2945E-01 -5.5740E-03 -5.7812E-03  7.8554E-03  1.2531E-02  0.0000E+00  0.0000E+00
----------------------------------------------------------------------------------- 
 => Geometry and Flows
 r           (null)      (null)      (null)      zmag_s      V (volume)  dV/dr       
----------------------------------------------------------------------------------- 
 1.8708E-01  0.0000E+00  0.0000E+00  0.0000E+00  0.0000E+00  3.2537E+00  3.0686E+01
 1.9555E-01  0.0000E+00  0.0000E+00  0.0000E+00  0.0000E+00  3.2537E+00  3.0686E+01
 2.0403E-01  0.0000E+00  0.0000E+00  0.0000E+00  0.0000E+00  3.2537E+00  3.0686E+01
 2.1250E-01  0.0000E+00  0.0000E+00  0.0000E+00  0.0000E+00  3.2537E+00  3.0686E+01
 2.2097E-01  0.0000E+00  0.0000E+00  0.0000E+00  0.0000E+00  3.2537E+00  3.0686E+01
 2.2945E-01  0.0000E+00  0.0000E+00  0.0000E+00  0.0000E+00  3.2537E+00  3.0686E+01
