   6
   6
   4
   4
   8
   1
  30
   1
  10
   0
   0
   2
   1
   1
   2
   2
   0
   1
   0
   1
 1.87081667E-01
 1.95554445E-01
 2.04027222E-01
 2.12500000E-01
 2.20972778E-01
 2.29445555E-01
 1.52019185E+00
 1.52574741E+00
 1.53130296E+00
 1.53685852E+00
 1.54241407E+00
 1.54796963E+00
 2.12500000E-01
 2.12500000E-01
 2.12500000E-01
 2.12500000E-01
 2.12500000E-01
 2.12500000E-01
 1.53685852E+00
 1.53685852E+00
 1.53685852E+00
 1.53685852E+00
 1.53685852E+00
 1.53685852E+00
 5.68381995E-01
 1.56790067E+00
 5.68381995E-01
 1.56790067E+00
 5.68381995E-01
 1.56790067E+00
 5.68381995E-01
 1.56790067E+00
 5.68381995E-01
 1.56790067E+00
 5.68381995E-01
 1.56790067E+00
 8.36562125E-01
 8.36562125E-01
 8.36562125E-01
 8.36562125E-01
 8.36562125E-01
 8.36562125E-01
 8.36562125E-01
 8.36562125E-01
 8.36562125E-01
 8.36562125E-01
 8.36562125E-01
 8.36562125E-01
 7.04684611E-01
 1.00000000E+00
 7.04684611E-01
 1.00000000E+00
 7.04684611E-01
 1.00000000E+00
 7.04684611E-01
 1.00000000E+00
 7.04684611E-01
 1.00000000E+00
 7.04684611E-01
 1.00000000E+00
 1.00000000E+00
 1.00000000E+00
 1.00000000E+00
 1.00000000E+00
 1.00000000E+00
 1.00000000E+00
 1.00000000E+00
 1.00000000E+00
 1.00000000E+00
 1.00000000E+00
 1.00000000E+00
 1.00000000E+00
 1.33936646E+01
 1.33936646E+01
 1.33936646E+01
 1.33936646E+01
 1.33936646E+01
 1.33936646E+01
 4.34678195E-02
 4.34678195E-02
 4.34678195E-02
 4.34678195E-02
 4.34678195E-02
 4.34678195E-02
-6.86547810E-04
-6.86547810E-04
-6.86547810E-04
-6.86547810E-04
-6.86547810E-04
-6.86547810E-04
 1.28434223E+00
 1.28434223E+00
 1.28434223E+00
 1.28434223E+00
 1.28434223E+00
 1.28434223E+00
-6.55034615E-02
-6.55034615E-02
-6.55034615E-02
-6.55034615E-02
-6.55034615E-02
-6.55034615E-02
 9.06622992E-02
 9.06622992E-02
 9.06622992E-02
 9.06622992E-02
 9.06622992E-02
 9.06622992E-02
 4.33288448E-02
 4.33288448E-02
 4.33288448E-02
 4.33288448E-02
 4.33288448E-02
 4.33288448E-02
-1.22895292E-03
-1.22895292E-03
-1.22895292E-03
-1.22895292E-03
-1.22895292E-03
-1.22895292E-03
 1.16783115E-02
 1.16783115E-02
 1.16783115E-02
 1.16783115E-02
 1.16783115E-02
 1.16783115E-02
 0.00000000E+00
 0.00000000E+00
 0.00000000E+00
 0.00000000E+00
 0.00000000E+00
 0.00000000E+00
 0.00000000E+00
 0.00000000E+00
 0.00000000E+00
 0.00000000E+00
 0.00000000E+00
 0.00000000E+00
 6.27745659E-03
 6.27745659E-03
 6.27745659E-03
 6.27745659E-03
 6.27745659E-03
 6.27745659E-03
 7.85537580E-03
 7.85537580E-03
 7.85537580E-03
 7.85537580E-03
 7.85537580E-03
 7.85537580E-03
-1.61696371E-01
-1.61696371E-01
-1.61696371E-01
-1.61696371E-01
-1.61696371E-01
-1.61696371E-01
-2.56605730E-01
-2.56605730E-01
-2.56605730E-01
-2.56605730E-01
-2.56605730E-01
-2.56605730E-01
 1.00000000E+00
 1.00000000E+00
 1.00000000E+00
 1.00000000E+00
 1.00000000E+00
 1.00000000E+00
 1.00000000E+00
 1.00000000E+00
 1.00000000E+00
 1.00000000E+00
 1.00000000E+00
 1.00000000E+00
 1.24735216E+00
 1.24735216E+00
 1.24735216E+00
 1.24735216E+00
 1.24735216E+00
 1.24735216E+00
 1.97382305E-02
 1.97382305E-02
 1.97382305E-02
 1.97382305E-02
 1.97382305E-02
 1.97382305E-02
 0.00000000E+00
 0.00000000E+00
 0.00000000E+00
 0.00000000E+00
 0.00000000E+00
 0.00000000E+00
 1.00000000E+00
 1.32549491E-01
 5.65769743E-01
 9.77638406E-01
 1.17126773E+00
 1.20725954E+00
 1.24678732E+00
 1.31418091E+00
 1.37539900E+00
 1.07818315E-01
 3.50082845E-01
 6.93812269E-01
 1.15847093E+00
 1.79161038E+00
 2.69473408E+00
 4.06142739E+00
 5.00000000E+00
 1.20014529E+00
 5.42420653E-01
 2.50000000E-03
 1.00000000E+00
-1.00000000E+00
   1
   2
