[GYRO MPI tasks: 1]
[Parsing data in input.gyro]
 -----------------------------------------------
 operational mode     : INITIAL VALUE
 boundary conditions  : PERIODIC
 profiles             : FLAT
 geometry             : MODEL SHAPE
 electron_method      : IMPLICIT DRIFT-KINETIC ELECTRONS
 fluctuations         : ELECTROSTATIC
 gyro_method          : ORIGINAL (INTEGRATED) POLARIZATION
 fluctuation output   : PHI( ) N( ) E( ) V( )                   
 radial grid          : UNIFORM
 integrator_method    : IMEX2
 field solve          : UMFPACK (SEQUENTIAL)
 source_flag          : SOURCE OFF
 pitch-angle coll.    : RBF r^3
 rotation parameters  : CANDY METHOD
 nonlinear dynamics   : OFF
 linear diffusivity   : RESPONSE FUNCTION
 -----------------------------------------------
----------------------------------------------------------
INFO: Forcing up-down symmetry (UDSYMMETRY_FLAG=1).
----------------------------------------------------------
----------------------------------------------------------
INFO: You are using TOROIDAL_REFERENCE=-1
----------------------------------------------------------
----------------------------------------------------------
INFO: TOROIDAL_REFERENCE reset to lowest nonzero mode.
----------------------------------------------------------
----------------------------------------------------------
INFO: nu_ii rescaled by: 0.000
----------------------------------------------------------
 ----------- SPARSE MATRIX STATS ---------------
 EXPLICIT POISSON:     n>0           
         nonzeros:     1296
           values:     3924
          indices:     5257
       iterations:        1
 
      TOTAL FIELD:     n>0           
         nonzeros:     1296
           values:     3924
          indices:     5257
       iterations:        1
 
----------------------------------------------------------
INFO: Restart data not available.  Reseting restart_method.
----------------------------------------------------------
 ----------- UTILITY PARAMETERS ----------------
 Ion parallel motion     : ON
 Ion curvature drift     : ON
 Electron curvature drift: ON
 ----------- GRID DIMENSIONS -------------------
 n_n                  :    1
 n_x                  :    6
 n_stack              :   20
 n_blend              :    6
 n_pass               :    4
 n_trap               :    4
 n_energy             :    8
 n_field              :    1
 --
 n_spec               :    2
 n_ion                :    1
 n_kinetic            :    2
 n_gk                 :    1
 indx_e               :    2
 --
 FIELD POINTS:        :        36
 DIST. POINTS:        :     15360
 --
 energy_max           :   5.000000
 dt                   :   0.050000
 --------------- LOCAL PARAMETERS ---------------
  NOTE: use abs(SAFETY_FACTOR) as input
 # RADIUS [INPUT]     :   0.212500
 .RADIUS              :   0.212500
 .ASPECT_RATIO        :   2.846154
 .SHIFT               :  -0.065503
 .ZMAG                :   0.000000
 .DZMAG               :   0.000000
 .KAPPA               :   1.284342
 .S_KAPPA             :   0.011678
 .DELTA               :   0.043468
 .S_DELTA             :   0.043329
 .ZETA                :  -0.000687
 .S_ZETA              :  -0.001229
 .SAFETY_FACTOR       :   1.536859
 .SHEAR               :   0.090662
 .RHO_STAR            :   0.002500
 .Z_EFF               :   1.247352
 .MACH                :  -0.270607
 .PGAMMA              :  -0.170519
 .GAMMA_E             :   0.008284
 .LAMBDA_DEBYE        :   0.000000
 .NU_EI               :   0.029801
 .NU_I_KROOK          :   0.000000
 .IPCCW               :   1.000000
 .BTCCW               :  -1.000000
 # Ion  1
 .NI_OVER_NE          :   1.000000
 .TI_OVER_TE          :   0.704685
 .DLNNDR              :   0.836562
 .DLNTDR              :   1.568382
 .Z                   :   1.000000
 (NU_II)              :   0.000000
 .MU                  :   1.000000
 # Electrons
 .DLNNDR_ELECTRON     :   0.836562
 .DLNTDR_ELECTRON     :   1.567901
 (Z_ELECTRON)         :  -1.000000
 .BETAE_UNIT          :   0.004095
 .MU_ELECTRON         :  60.599098
 --------------- TGLF PARAMETERS ---------------
 Q_PRIME              :   4.742165
 P_PRIME              :   0.004831
 -------- LOCAL PARAMETERS (diagnostic) ----------
 n_i*z_i - n_e:       :   0.000000
 r/R0                 :   0.074662
 b_unit               :   1.000000
 beta_unit_norm       :   0.006981
 betai_unit           :   0.002886
 betae_unit_norm      :   0.004095
 beta_*               :   0.016787
 alpha_MHD            :   0.112852
 omega_00 (c_s/a)     :   0.000000
 * Note that f = f_sim exp(i n omega0[r0] t)
 -------- ALFVEN WAVE PARAMETERS (diagnostic) ----------
 (v_A/c_s)            :  22.099033
 Omega_TAE            :   2.526103
 Omega_A              :   5.052206
 ----------- UPWIND PARAMETERS -----------------
 radial_upwind        :   1.000000
 orbit_upwind         :   1.000000
 orbit_upwind (elec)  :   0.000000
 ----------- SOURCE PARAMETERS -----------------
 nu_source            :   0.100000
 n_source             :    1
 ----------- RADIAL DOMAIN PARAMETERS ----------
 s_grid               :   0.090662
 box_multiplier       :   1.000000
 L/a                  :   0.050837
 --
 explicit_damp(i)     :   0 (  1.0000)
 explicit_damp(e)     :   0 (  1.0000)
 --
 offset               :   0 (  0.0000)
 LEFT : r_a           :   0.187082
 LEFT : r_a_physical  :   0.187082
 NORM : r(ir_norm)    :   0.212500
 RIGHT: r_b_physical  :   0.229446
 RIGHT: r_b           :   0.229446
 ----------- PARALLELIZATION PARAMETERS --------
 (nek) per subgroup:  :        64
 (ine) per subgroup:  :        48
 ----------- TIME STEPPING PARAMETERS ----------
 plot_filter          :   1.000000
 time_skip            :    20
 restart_data_skip    :    10
 ----------- STABILITY PARAMETERS ----------------
 d/dtau Courant       :   3.319447
   d/dr Courant       :   0.049075
 Log(RBF Cond. num.)  :   7.653934
 ----------- SETUP TIMING ----------------------
 Grid Setup           :   0.089580
 Build radial ops     :   0.008582
 Build advection ops  :   0.062567
 Build field matrices :   0.139220
 
 TOTAL SETUP          :   1.363908
 -------- CENTRAL WAVENUMBERS SIMULATED -----------
     (k_y = nq/r, rho = rho_sD_unit)
 n =    30   k_y rho =  0.542 [ 0.542][ 0.542]
 min(k_x*rho_sD)      :     0.308989
 max(k_x*rho_sD)      :     0.463483
 --------------- CENTRAL BOX SIZE -----------------
 abs(Lx/rho_sD)       :    20.334666
 abs(Ly/rho_sD)       :    11.583603
 => abs(dx/rho_sD)    :     3.389111
 --------------------------------------------------
 ------------ GYRO-OPERATOR BANDWIDTH -------------
 => EXACT BESSEL.
 --------------------------------------------------
 PLEASE SEE: 
  - units.out for normalizing parameters
  - alloc.out for memory usage
  - efficiency.out for parallelization efficiency
  - phase_space.out for velocity-space nodes and weights
 -----------------------------------------------
 operational mode     : INITIAL VALUE
 boundary conditions  : PERIODIC
 profiles             : FLAT
 geometry             : MODEL SHAPE
 electron_method      : IMPLICIT DRIFT-KINETIC ELECTRONS
 fluctuations         : ELECTROSTATIC
 gyro_method          : ORIGINAL (INTEGRATED) POLARIZATION
 fluctuation output   : PHI( ) N( ) E( ) V( )                   
 radial grid          : UNIFORM
 integrator_method    : IMEX2
 field solve          : UMFPACK (SEQUENTIAL)
 source_flag          : SOURCE OFF
 pitch-angle coll.    : RBF r^3
 rotation parameters  : CANDY METHOD
 nonlinear dynamics   : OFF
 linear diffusivity   : RESPONSE FUNCTION
 -----------------------------------------------
----------------------------------------------------------
INFO: Forcing up-down symmetry (UDSYMMETRY_FLAG=1).
----------------------------------------------------------
----------------------------------------------------------
INFO: You are using TOROIDAL_REFERENCE=-1
----------------------------------------------------------
----------------------------------------------------------
INFO: TOROIDAL_REFERENCE reset to lowest nonzero mode.
----------------------------------------------------------
----------------------------------------------------------
INFO: nu_ii rescaled by: 0.000
----------------------------------------------------------
 ----------- SPARSE MATRIX STATS ---------------
 EXPLICIT POISSON:     n>0           
         nonzeros:     1296
           values:     3924
          indices:     5257
       iterations:        1
 
      TOTAL FIELD:     n>0           
         nonzeros:     1296
           values:     3924
          indices:     5257
       iterations:        1
 
 ----------- UTILITY PARAMETERS ----------------
 Ion parallel motion     : ON
 Ion curvature drift     : ON
 Electron curvature drift: ON
 ----------- GRID DIMENSIONS -------------------
 n_n                  :    1
 n_x                  :    6
 n_stack              :   20
 n_blend              :    6
 n_pass               :    4
 n_trap               :    4
 n_energy             :    8
 n_field              :    1
 --
 n_spec               :    2
 n_ion                :    1
 n_kinetic            :    2
 n_gk                 :    1
 indx_e               :    2
 --
 FIELD POINTS:        :        36
 DIST. POINTS:        :     15360
 --
 energy_max           :   5.000000
 dt                   :   0.050000
 --------------- LOCAL PARAMETERS ---------------
  NOTE: use abs(SAFETY_FACTOR) as input
 # RADIUS [INPUT]     :   0.212500
 .RADIUS              :   0.212500
 .ASPECT_RATIO        :   2.846154
 .SHIFT               :  -0.065503
 .ZMAG                :   0.000000
 .DZMAG               :   0.000000
 .KAPPA               :   1.284342
 .S_KAPPA             :   0.011678
 .DELTA               :   0.043468
 .S_DELTA             :   0.043329
 .ZETA                :  -0.000687
 .S_ZETA              :  -0.001229
 .SAFETY_FACTOR       :   1.536859
 .SHEAR               :   0.090662
 .RHO_STAR            :   0.002500
 .Z_EFF               :   1.247352
 .MACH                :  -0.270607
 .PGAMMA              :  -0.170519
 .GAMMA_E             :   0.008284
 .LAMBDA_DEBYE        :   0.000000
 .NU_EI               :   0.029801
 .NU_I_KROOK          :   0.000000
 .IPCCW               :   1.000000
 .BTCCW               :  -1.000000
 # Ion  1
 .NI_OVER_NE          :   1.000000
 .TI_OVER_TE          :   0.704685
 .DLNNDR              :   0.836562
 .DLNTDR              :   1.768382
 .Z                   :   1.000000
 (NU_II)              :   0.000000
 .MU                  :   1.000000
 # Electrons
 .DLNNDR_ELECTRON     :   0.836562
 .DLNTDR_ELECTRON     :   1.567901
 (Z_ELECTRON)         :  -1.000000
 .BETAE_UNIT          :   0.004095
 .MU_ELECTRON         :  60.599098
 --------------- TGLF PARAMETERS ---------------
 Q_PRIME              :   4.742165
 P_PRIME              :   0.004997
 -------- LOCAL PARAMETERS (diagnostic) ----------
 n_i*z_i - n_e:       :   0.000000
 r/R0                 :   0.074662
 b_unit               :   1.000000
 beta_unit_norm       :   0.006981
 betai_unit           :   0.002886
 betae_unit_norm      :   0.004095
 beta_*               :   0.017365
 alpha_MHD            :   0.116732
 omega_00 (c_s/a)     :   0.000000
 * Note that f = f_sim exp(i n omega0[r0] t)
 -------- ALFVEN WAVE PARAMETERS (diagnostic) ----------
 (v_A/c_s)            :  22.099033
 Omega_TAE            :   2.526103
 Omega_A              :   5.052206
 ----------- UPWIND PARAMETERS -----------------
 radial_upwind        :   1.000000
 orbit_upwind         :   1.000000
 orbit_upwind (elec)  :   0.000000
 ----------- SOURCE PARAMETERS -----------------
 nu_source            :   0.100000
 n_source             :    1
 ----------- RADIAL DOMAIN PARAMETERS ----------
 s_grid               :   0.090662
 box_multiplier       :   1.000000
 L/a                  :   0.050837
 --
 explicit_damp(i)     :   0 (  1.0000)
 explicit_damp(e)     :   0 (  1.0000)
 --
 offset               :   0 (  0.0000)
 LEFT : r_a           :   0.187082
 LEFT : r_a_physical  :   0.187082
 NORM : r(ir_norm)    :   0.212500
 RIGHT: r_b_physical  :   0.229446
 RIGHT: r_b           :   0.229446
 ----------- PARALLELIZATION PARAMETERS --------
 (nek) per subgroup:  :        64
 (ine) per subgroup:  :        48
 ----------- TIME STEPPING PARAMETERS ----------
 plot_filter          :   1.000000
 time_skip            :    20
 restart_data_skip    :    10
 ----------- STABILITY PARAMETERS ----------------
 d/dtau Courant       :   3.319447
   d/dr Courant       :   0.049075
 Log(RBF Cond. num.)  :   7.653934
 ----------- SETUP TIMING ----------------------
 Grid Setup           :   0.084384
 Build radial ops     :   0.017703
 Build advection ops  :   0.070954
 Build field matrices :   0.142893
 
 TOTAL SETUP          :   1.410367
 -------- CENTRAL WAVENUMBERS SIMULATED -----------
     (k_y = nq/r, rho = rho_sD_unit)
 n =    30   k_y rho =  0.542 [ 0.542][ 0.542]
 min(k_x*rho_sD)      :     0.308989
 max(k_x*rho_sD)      :     0.463483
 --------------- CENTRAL BOX SIZE -----------------
 abs(Lx/rho_sD)       :    20.334666
 abs(Ly/rho_sD)       :    11.583603
 => abs(dx/rho_sD)    :     3.389111
 --------------------------------------------------
 ------------ GYRO-OPERATOR BANDWIDTH -------------
 => EXACT BESSEL.
 --------------------------------------------------
 PLEASE SEE: 
  - units.out for normalizing parameters
  - alloc.out for memory usage
  - efficiency.out for parallelization efficiency
  - phase_space.out for velocity-space nodes and weights
 -----------------------------------------------
 operational mode     : INITIAL VALUE
 boundary conditions  : PERIODIC
 profiles             : FLAT
 geometry             : MODEL SHAPE
 electron_method      : IMPLICIT DRIFT-KINETIC ELECTRONS
 fluctuations         : ELECTROSTATIC
 gyro_method          : ORIGINAL (INTEGRATED) POLARIZATION
 fluctuation output   : PHI( ) N( ) E( ) V( )                   
 radial grid          : UNIFORM
 integrator_method    : IMEX2
 field solve          : UMFPACK (SEQUENTIAL)
 source_flag          : SOURCE OFF
 pitch-angle coll.    : RBF r^3
 rotation parameters  : CANDY METHOD
 nonlinear dynamics   : OFF
 linear diffusivity   : RESPONSE FUNCTION
 -----------------------------------------------
----------------------------------------------------------
INFO: Forcing up-down symmetry (UDSYMMETRY_FLAG=1).
----------------------------------------------------------
----------------------------------------------------------
INFO: You are using TOROIDAL_REFERENCE=-1
----------------------------------------------------------
----------------------------------------------------------
INFO: TOROIDAL_REFERENCE reset to lowest nonzero mode.
----------------------------------------------------------
----------------------------------------------------------
INFO: nu_ii rescaled by: 0.000
----------------------------------------------------------
 ----------- SPARSE MATRIX STATS ---------------
 EXPLICIT POISSON:     n>0           
         nonzeros:     1296
           values:     3924
          indices:     5257
       iterations:        1
 
      TOTAL FIELD:     n>0           
         nonzeros:     1296
           values:     3924
          indices:     5257
       iterations:        1
 
 ----------- UTILITY PARAMETERS ----------------
 Ion parallel motion     : ON
 Ion curvature drift     : ON
 Electron curvature drift: ON
 ----------- GRID DIMENSIONS -------------------
 n_n                  :    1
 n_x                  :    6
 n_stack              :   20
 n_blend              :    6
 n_pass               :    4
 n_trap               :    4
 n_energy             :    8
 n_field              :    1
 --
 n_spec               :    2
 n_ion                :    1
 n_kinetic            :    2
 n_gk                 :    1
 indx_e               :    2
 --
 FIELD POINTS:        :        36
 DIST. POINTS:        :     15360
 --
 energy_max           :   5.000000
 dt                   :   0.050000
 --------------- LOCAL PARAMETERS ---------------
  NOTE: use abs(SAFETY_FACTOR) as input
 # RADIUS [INPUT]     :   0.212500
 .RADIUS              :   0.212500
 .ASPECT_RATIO        :   2.846154
 .SHIFT               :  -0.065503
 .ZMAG                :   0.000000
 .DZMAG               :   0.000000
 .KAPPA               :   1.284342
 .S_KAPPA             :   0.011678
 .DELTA               :   0.043468
 .S_DELTA             :   0.043329
 .ZETA                :  -0.000687
 .S_ZETA              :  -0.001229
 .SAFETY_FACTOR       :   1.536859
 .SHEAR               :   0.090662
 .RHO_STAR            :   0.002500
 .Z_EFF               :   1.247352
 .MACH                :  -0.270607
 .PGAMMA              :  -0.170519
 .GAMMA_E             :   0.008284
 .LAMBDA_DEBYE        :   0.000000
 .NU_EI               :   0.029801
 .NU_I_KROOK          :   0.000000
 .IPCCW               :   1.000000
 .BTCCW               :  -1.000000
 # Ion  1
 .NI_OVER_NE          :   1.000000
 .TI_OVER_TE          :   0.704685
 .DLNNDR              :   0.836562
 .DLNTDR              :   1.568382
 .Z                   :   1.000000
 (NU_II)              :   0.000000
 .MU                  :   1.000000
 # Electrons
 .DLNNDR_ELECTRON     :   0.836562
 .DLNTDR_ELECTRON     :   1.767901
 (Z_ELECTRON)         :  -1.000000
 .BETAE_UNIT          :   0.004095
 .MU_ELECTRON         :  60.599098
 --------------- TGLF PARAMETERS ---------------
 Q_PRIME              :   4.742165
 P_PRIME              :   0.005066
 -------- LOCAL PARAMETERS (diagnostic) ----------
 n_i*z_i - n_e:       :   0.000000
 r/R0                 :   0.074662
 b_unit               :   1.000000
 beta_unit_norm       :   0.006981
 betai_unit           :   0.002886
 betae_unit_norm      :   0.004095
 beta_*               :   0.017606
 alpha_MHD            :   0.118358
 omega_00 (c_s/a)     :   0.000000
 * Note that f = f_sim exp(i n omega0[r0] t)
 -------- ALFVEN WAVE PARAMETERS (diagnostic) ----------
 (v_A/c_s)            :  22.099033
 Omega_TAE            :   2.526103
 Omega_A              :   5.052206
 ----------- UPWIND PARAMETERS -----------------
 radial_upwind        :   1.000000
 orbit_upwind         :   1.000000
 orbit_upwind (elec)  :   0.000000
 ----------- SOURCE PARAMETERS -----------------
 nu_source            :   0.100000
 n_source             :    1
 ----------- RADIAL DOMAIN PARAMETERS ----------
 s_grid               :   0.090662
 box_multiplier       :   1.000000
 L/a                  :   0.050837
 --
 explicit_damp(i)     :   0 (  1.0000)
 explicit_damp(e)     :   0 (  1.0000)
 --
 offset               :   0 (  0.0000)
 LEFT : r_a           :   0.187082
 LEFT : r_a_physical  :   0.187082
 NORM : r(ir_norm)    :   0.212500
 RIGHT: r_b_physical  :   0.229446
 RIGHT: r_b           :   0.229446
 ----------- PARALLELIZATION PARAMETERS --------
 (nek) per subgroup:  :        64
 (ine) per subgroup:  :        48
 ----------- TIME STEPPING PARAMETERS ----------
 plot_filter          :   1.000000
 time_skip            :    20
 restart_data_skip    :    10
 ----------- STABILITY PARAMETERS ----------------
 d/dtau Courant       :   3.319447
   d/dr Courant       :   0.049075
 Log(RBF Cond. num.)  :   7.653934
 ----------- SETUP TIMING ----------------------
 Grid Setup           :   0.085612
 Build radial ops     :   0.016444
 Build advection ops  :   0.058487
 Build field matrices :   0.138382
 
 TOTAL SETUP          :   1.472272
 -------- CENTRAL WAVENUMBERS SIMULATED -----------
     (k_y = nq/r, rho = rho_sD_unit)
 n =    30   k_y rho =  0.542 [ 0.542][ 0.542]
 min(k_x*rho_sD)      :     0.308989
 max(k_x*rho_sD)      :     0.463483
 --------------- CENTRAL BOX SIZE -----------------
 abs(Lx/rho_sD)       :    20.334666
 abs(Ly/rho_sD)       :    11.583603
 => abs(dx/rho_sD)    :     3.389111
 --------------------------------------------------
 ------------ GYRO-OPERATOR BANDWIDTH -------------
 => EXACT BESSEL.
 --------------------------------------------------
 PLEASE SEE: 
  - units.out for normalizing parameters
  - alloc.out for memory usage
  - efficiency.out for parallelization efficiency
  - phase_space.out for velocity-space nodes and weights
 -----------------------------------------------
 operational mode     : INITIAL VALUE
 boundary conditions  : PERIODIC
 profiles             : FLAT
 geometry             : MODEL SHAPE
 electron_method      : IMPLICIT DRIFT-KINETIC ELECTRONS
 fluctuations         : ELECTROSTATIC
 gyro_method          : ORIGINAL (INTEGRATED) POLARIZATION
 fluctuation output   : PHI( ) N( ) E( ) V( )                   
 radial grid          : UNIFORM
 integrator_method    : IMEX2
 field solve          : UMFPACK (SEQUENTIAL)
 source_flag          : SOURCE OFF
 pitch-angle coll.    : RBF r^3
 rotation parameters  : CANDY METHOD
 nonlinear dynamics   : OFF
 linear diffusivity   : RESPONSE FUNCTION
 -----------------------------------------------
----------------------------------------------------------
INFO: Forcing up-down symmetry (UDSYMMETRY_FLAG=1).
----------------------------------------------------------
----------------------------------------------------------
INFO: You are using TOROIDAL_REFERENCE=-1
----------------------------------------------------------
----------------------------------------------------------
INFO: TOROIDAL_REFERENCE reset to lowest nonzero mode.
----------------------------------------------------------
----------------------------------------------------------
INFO: nu_ii rescaled by: 0.000
----------------------------------------------------------
 ----------- SPARSE MATRIX STATS ---------------
 EXPLICIT POISSON:     n>0           
         nonzeros:     1296
           values:     3924
          indices:     5257
       iterations:        1
 
      TOTAL FIELD:     n>0           
         nonzeros:     1296
           values:     3924
          indices:     5257
       iterations:        1
 
 ----------- UTILITY PARAMETERS ----------------
 Ion parallel motion     : ON
 Ion curvature drift     : ON
 Electron curvature drift: ON
 ----------- GRID DIMENSIONS -------------------
 n_n                  :    1
 n_x                  :    6
 n_stack              :   20
 n_blend              :    6
 n_pass               :    4
 n_trap               :    4
 n_energy             :    8
 n_field              :    1
 --
 n_spec               :    2
 n_ion                :    1
 n_kinetic            :    2
 n_gk                 :    1
 indx_e               :    2
 --
 FIELD POINTS:        :        36
 DIST. POINTS:        :     15360
 --
 energy_max           :   5.000000
 dt                   :   0.050000
 --------------- LOCAL PARAMETERS ---------------
  NOTE: use abs(SAFETY_FACTOR) as input
 # RADIUS [INPUT]     :   0.212500
 .RADIUS              :   0.212500
 .ASPECT_RATIO        :   2.846154
 .SHIFT               :  -0.065503
 .ZMAG                :   0.000000
 .DZMAG               :   0.000000
 .KAPPA               :   1.284342
 .S_KAPPA             :   0.011678
 .DELTA               :   0.043468
 .S_DELTA             :   0.043329
 .ZETA                :  -0.000687
 .S_ZETA              :  -0.001229
 .SAFETY_FACTOR       :   1.536859
 .SHEAR               :   0.090662
 .RHO_STAR            :   0.002500
 .Z_EFF               :   1.247352
 .MACH                :  -0.270607
 .PGAMMA              :  -0.170519
 .GAMMA_E             :   0.008284
 .LAMBDA_DEBYE        :   0.000000
 .NU_EI               :   0.029801
 .NU_I_KROOK          :   0.000000
 .IPCCW               :   1.000000
 .BTCCW               :  -1.000000
 # Ion  1
 .NI_OVER_NE          :   1.000000
 .TI_OVER_TE          :   0.704685
 .DLNNDR              :   1.036562
 .DLNTDR              :   1.568382
 .Z                   :   1.000000
 (NU_II)              :   0.000000
 .MU                  :   1.000000
 # Electrons
 .DLNNDR_ELECTRON     :   1.036562
 .DLNTDR_ELECTRON     :   1.567901
 (Z_ELECTRON)         :  -1.000000
 .BETAE_UNIT          :   0.004095
 .MU_ELECTRON         :  60.599098
 --------------- TGLF PARAMETERS ---------------
 Q_PRIME              :   4.742165
 P_PRIME              :   0.005233
 -------- LOCAL PARAMETERS (diagnostic) ----------
 n_i*z_i - n_e:       :   0.000000
 r/R0                 :   0.074662
 b_unit               :   1.000000
 beta_unit_norm       :   0.006981
 betai_unit           :   0.002886
 betae_unit_norm      :   0.004095
 beta_*               :   0.018184
 alpha_MHD            :   0.122238
 omega_00 (c_s/a)     :   0.000000
 * Note that f = f_sim exp(i n omega0[r0] t)
 -------- ALFVEN WAVE PARAMETERS (diagnostic) ----------
 (v_A/c_s)            :  22.099033
 Omega_TAE            :   2.526103
 Omega_A              :   5.052206
 ----------- UPWIND PARAMETERS -----------------
 radial_upwind        :   1.000000
 orbit_upwind         :   1.000000
 orbit_upwind (elec)  :   0.000000
 ----------- SOURCE PARAMETERS -----------------
 nu_source            :   0.100000
 n_source             :    1
 ----------- RADIAL DOMAIN PARAMETERS ----------
 s_grid               :   0.090662
 box_multiplier       :   1.000000
 L/a                  :   0.050837
 --
 explicit_damp(i)     :   0 (  1.0000)
 explicit_damp(e)     :   0 (  1.0000)
 --
 offset               :   0 (  0.0000)
 LEFT : r_a           :   0.187082
 LEFT : r_a_physical  :   0.187082
 NORM : r(ir_norm)    :   0.212500
 RIGHT: r_b_physical  :   0.229446
 RIGHT: r_b           :   0.229446
 ----------- PARALLELIZATION PARAMETERS --------
 (nek) per subgroup:  :        64
 (ine) per subgroup:  :        48
 ----------- TIME STEPPING PARAMETERS ----------
 plot_filter          :   1.000000
 time_skip            :    20
 restart_data_skip    :    10
 ----------- STABILITY PARAMETERS ----------------
 d/dtau Courant       :   3.319447
   d/dr Courant       :   0.049075
 Log(RBF Cond. num.)  :   7.653934
 ----------- SETUP TIMING ----------------------
 Grid Setup           :   0.089404
 Build radial ops     :   0.016369
 Build advection ops  :   0.054113
 Build field matrices :   0.137874
 
 TOTAL SETUP          :   1.386337
 -------- CENTRAL WAVENUMBERS SIMULATED -----------
     (k_y = nq/r, rho = rho_sD_unit)
 n =    30   k_y rho =  0.542 [ 0.542][ 0.542]
 min(k_x*rho_sD)      :     0.308989
 max(k_x*rho_sD)      :     0.463483
 --------------- CENTRAL BOX SIZE -----------------
 abs(Lx/rho_sD)       :    20.334666
 abs(Ly/rho_sD)       :    11.583603
 => abs(dx/rho_sD)    :     3.389111
 --------------------------------------------------
 ------------ GYRO-OPERATOR BANDWIDTH -------------
 => EXACT BESSEL.
 --------------------------------------------------
 PLEASE SEE: 
  - units.out for normalizing parameters
  - alloc.out for memory usage
  - efficiency.out for parallelization efficiency
  - phase_space.out for velocity-space nodes and weights
 -----------------------------------------------
 operational mode     : INITIAL VALUE
 boundary conditions  : PERIODIC
 profiles             : FLAT
 geometry             : MODEL SHAPE
 electron_method      : IMPLICIT DRIFT-KINETIC ELECTRONS
 fluctuations         : ELECTROSTATIC
 gyro_method          : ORIGINAL (INTEGRATED) POLARIZATION
 fluctuation output   : PHI( ) N( ) E( ) V( )                   
 radial grid          : UNIFORM
 integrator_method    : IMEX2
 field solve          : UMFPACK (SEQUENTIAL)
 source_flag          : SOURCE OFF
 pitch-angle coll.    : RBF r^3
 rotation parameters  : CANDY METHOD
 nonlinear dynamics   : OFF
 linear diffusivity   : RESPONSE FUNCTION
 -----------------------------------------------
----------------------------------------------------------
INFO: Forcing up-down symmetry (UDSYMMETRY_FLAG=1).
----------------------------------------------------------
----------------------------------------------------------
INFO: You are using TOROIDAL_REFERENCE=-1
----------------------------------------------------------
----------------------------------------------------------
INFO: TOROIDAL_REFERENCE reset to lowest nonzero mode.
----------------------------------------------------------
----------------------------------------------------------
INFO: nu_ii rescaled by: 0.000
----------------------------------------------------------
 ----------- SPARSE MATRIX STATS ---------------
 EXPLICIT POISSON:     n>0           
         nonzeros:     1296
           values:     3924
          indices:     5257
       iterations:        1
 
      TOTAL FIELD:     n>0           
         nonzeros:     1296
           values:     3924
          indices:     5257
       iterations:        1
 
 ----------- UTILITY PARAMETERS ----------------
 Ion parallel motion     : ON
 Ion curvature drift     : ON
 Electron curvature drift: ON
 ----------- GRID DIMENSIONS -------------------
 n_n                  :    1
 n_x                  :    6
 n_stack              :   20
 n_blend              :    6
 n_pass               :    4
 n_trap               :    4
 n_energy             :    8
 n_field              :    1
 --
 n_spec               :    2
 n_ion                :    1
 n_kinetic            :    2
 n_gk                 :    1
 indx_e               :    2
 --
 FIELD POINTS:        :        36
 DIST. POINTS:        :     15360
 --
 energy_max           :   5.000000
 dt                   :   0.050000
 --------------- LOCAL PARAMETERS ---------------
  NOTE: use abs(SAFETY_FACTOR) as input
 # RADIUS [INPUT]     :   0.212500
 .RADIUS              :   0.212500
 .ASPECT_RATIO        :   2.846154
 .SHIFT               :  -0.065503
 .ZMAG                :   0.000000
 .DZMAG               :   0.000000
 .KAPPA               :   1.284342
 .S_KAPPA             :   0.011678
 .DELTA               :   0.043468
 .S_DELTA             :   0.043329
 .ZETA                :  -0.000687
 .S_ZETA              :  -0.001229
 .SAFETY_FACTOR       :   1.536859
 .SHEAR               :   0.090662
 .RHO_STAR            :   0.002500
 .Z_EFF               :   1.247352
 .MACH                :  -0.243329
 .PGAMMA              :  -0.153330
 .GAMMA_E             :   0.007449
 .LAMBDA_DEBYE        :   0.000000
 .NU_EI               :   0.024254
 .NU_I_KROOK          :   0.000000
 .IPCCW               :   1.000000
 .BTCCW               :  -1.000000
 # Ion  1
 .NI_OVER_NE          :   1.000000
 .TI_OVER_TE          :   0.704685
 .DLNNDR              :   1.836562
 .DLNTDR              :   0.568382
 .Z                   :   1.000000
 (NU_II)              :   0.000000
 .MU                  :   1.000000
 # Electrons
 .DLNNDR_ELECTRON     :   1.836562
 .DLNTDR_ELECTRON     :   2.567901
 (Z_ELECTRON)         :  -1.000000
 .BETAE_UNIT          :   0.006264
 .MU_ELECTRON         :  60.599098
 --------------- TGLF PARAMETERS ---------------
 Q_PRIME              :   4.742165
 P_PRIME              :   0.010994
 -------- LOCAL PARAMETERS (diagnostic) ----------
 n_i*z_i - n_e:       :   0.000000
 r/R0                 :   0.074662
 b_unit               :   1.000000
 beta_unit_norm       :   0.010678
 betai_unit           :   0.004414
 betae_unit_norm      :   0.006264
 beta_*               :   0.038206
 alpha_MHD            :   0.256837
 omega_00 (c_s/a)     :   0.000000
 * Note that f = f_sim exp(i n omega0[r0] t)
 -------- ALFVEN WAVE PARAMETERS (diagnostic) ----------
 (v_A/c_s)            :  17.868401
 Omega_TAE            :   2.042507
 Omega_A              :   4.085013
 ----------- UPWIND PARAMETERS -----------------
 radial_upwind        :   1.000000
 orbit_upwind         :   1.000000
 orbit_upwind (elec)  :   0.000000
 ----------- SOURCE PARAMETERS -----------------
 nu_source            :   0.100000
 n_source             :    1
 ----------- RADIAL DOMAIN PARAMETERS ----------
 s_grid               :   0.090662
 box_multiplier       :   1.000000
 L/a                  :   0.050837
 --
 explicit_damp(i)     :   0 (  1.0000)
 explicit_damp(e)     :   0 (  1.0000)
 --
 offset               :   0 (  0.0000)
 LEFT : r_a           :   0.187082
 LEFT : r_a_physical  :   0.187082
 NORM : r(ir_norm)    :   0.212500
 RIGHT: r_b_physical  :   0.229446
 RIGHT: r_b           :   0.229446
 ----------- PARALLELIZATION PARAMETERS --------
 (nek) per subgroup:  :        64
 (ine) per subgroup:  :        48
 ----------- TIME STEPPING PARAMETERS ----------
 plot_filter          :   1.000000
 time_skip            :    20
 restart_data_skip    :    10
 ----------- STABILITY PARAMETERS ----------------
 d/dtau Courant       :   3.319447
   d/dr Courant       :   0.049061
 Log(RBF Cond. num.)  :   7.653934
 ----------- SETUP TIMING ----------------------
 Grid Setup           :   0.076609
 Build radial ops     :   0.020387
 Build advection ops  :   0.070518
 Build field matrices :   0.169318
 
 TOTAL SETUP          :   1.445788
 -------- CENTRAL WAVENUMBERS SIMULATED -----------
     (k_y = nq/r, rho = rho_sD_unit)
 n =    30   k_y rho =  0.542 [ 0.542][ 0.542]
 min(k_x*rho_sD)      :     0.308989
 max(k_x*rho_sD)      :     0.463483
 --------------- CENTRAL BOX SIZE -----------------
 abs(Lx/rho_sD)       :    20.334666
 abs(Ly/rho_sD)       :    11.583603
 => abs(dx/rho_sD)    :     3.389111
 --------------------------------------------------
 ------------ GYRO-OPERATOR BANDWIDTH -------------
 => EXACT BESSEL.
 --------------------------------------------------
 PLEASE SEE: 
  - units.out for normalizing parameters
  - alloc.out for memory usage
  - efficiency.out for parallelization efficiency
  - phase_space.out for velocity-space nodes and weights
 -----------------------------------------------
 operational mode     : INITIAL VALUE
 boundary conditions  : PERIODIC
 profiles             : FLAT
 geometry             : MODEL SHAPE
 electron_method      : IMPLICIT DRIFT-KINETIC ELECTRONS
 fluctuations         : ELECTROSTATIC
 gyro_method          : ORIGINAL (INTEGRATED) POLARIZATION
 fluctuation output   : PHI( ) N( ) E( ) V( )                   
 radial grid          : UNIFORM
 integrator_method    : IMEX2
 field solve          : UMFPACK (SEQUENTIAL)
 source_flag          : SOURCE OFF
 pitch-angle coll.    : RBF r^3
 rotation parameters  : CANDY METHOD
 nonlinear dynamics   : OFF
 linear diffusivity   : RESPONSE FUNCTION
 -----------------------------------------------
----------------------------------------------------------
INFO: Forcing up-down symmetry (UDSYMMETRY_FLAG=1).
----------------------------------------------------------
----------------------------------------------------------
INFO: You are using TOROIDAL_REFERENCE=-1
----------------------------------------------------------
----------------------------------------------------------
INFO: TOROIDAL_REFERENCE reset to lowest nonzero mode.
----------------------------------------------------------
----------------------------------------------------------
INFO: nu_ii rescaled by: 0.000
----------------------------------------------------------
 ----------- SPARSE MATRIX STATS ---------------
 EXPLICIT POISSON:     n>0           
         nonzeros:     1296
           values:     3924
          indices:     5257
       iterations:        1
 
      TOTAL FIELD:     n>0           
         nonzeros:     1296
           values:     3924
          indices:     5257
       iterations:        1
 
 ----------- UTILITY PARAMETERS ----------------
 Ion parallel motion     : ON
 Ion curvature drift     : ON
 Electron curvature drift: ON
 ----------- GRID DIMENSIONS -------------------
 n_n                  :    1
 n_x                  :    6
 n_stack              :   20
 n_blend              :    6
 n_pass               :    4
 n_trap               :    4
 n_energy             :    8
 n_field              :    1
 --
 n_spec               :    2
 n_ion                :    1
 n_kinetic            :    2
 n_gk                 :    1
 indx_e               :    2
 --
 FIELD POINTS:        :        36
 DIST. POINTS:        :     15360
 --
 energy_max           :   5.000000
 dt                   :   0.050000
 --------------- LOCAL PARAMETERS ---------------
  NOTE: use abs(SAFETY_FACTOR) as input
 # RADIUS [INPUT]     :   0.212500
 .RADIUS              :   0.212500
 .ASPECT_RATIO        :   2.846154
 .SHIFT               :  -0.065503
 .ZMAG                :   0.000000
 .DZMAG               :   0.000000
 .KAPPA               :   1.284342
 .S_KAPPA             :   0.011678
 .DELTA               :   0.043468
 .S_DELTA             :   0.043329
 .ZETA                :  -0.000687
 .S_ZETA              :  -0.001229
 .SAFETY_FACTOR       :   1.536859
 .SHEAR               :   0.090662
 .RHO_STAR            :   0.002500
 .Z_EFF               :   1.247352
 .MACH                :  -0.256606
 .PGAMMA              :  -0.161696
 .GAMMA_E             :   0.007855
 .LAMBDA_DEBYE        :   0.000000
 .NU_EI               :   0.019738
 .NU_I_KROOK          :   0.000000
 .IPCCW               :   1.000000
 .BTCCW               :  -1.000000
 # Ion  1
 .NI_OVER_NE          :   1.000000
 .TI_OVER_TE          :   0.704685
 .DLNNDR              :   0.836562
 .DLNTDR              :   0.568382
 .Z                   :   1.000000
 (NU_II)              :   0.000000
 .MU                  :   1.000000
 # Electrons
 .DLNNDR_ELECTRON     :   0.836562
 .DLNTDR_ELECTRON     :   1.567901
 (Z_ELECTRON)         :  -1.000000
 .BETAE_UNIT          :   0.003682
 .MU_ELECTRON         :  60.599098
 --------------- TGLF PARAMETERS ---------------
 Q_PRIME              :   4.742165
 P_PRIME              :   0.003597
 -------- LOCAL PARAMETERS (diagnostic) ----------
 n_i*z_i - n_e:       :   0.000000
 r/R0                 :   0.074662
 b_unit               :   1.000000
 beta_unit_norm       :   0.006277
 betai_unit           :   0.002595
 betae_unit_norm      :   0.003682
 beta_*               :   0.012500
 alpha_MHD            :   0.084032
 omega_00 (c_s/a)     :   0.000000
 * Note that f = f_sim exp(i n omega0[r0] t)
 -------- ALFVEN WAVE PARAMETERS (diagnostic) ----------
 (v_A/c_s)            :  23.304788
 Omega_TAE            :   2.663931
 Omega_A              :   5.327861
 ----------- UPWIND PARAMETERS -----------------
 radial_upwind        :   1.000000
 orbit_upwind         :   1.000000
 orbit_upwind (elec)  :   0.000000
 ----------- SOURCE PARAMETERS -----------------
 nu_source            :   0.100000
 n_source             :    1
 ----------- RADIAL DOMAIN PARAMETERS ----------
 s_grid               :   0.090662
 box_multiplier       :   1.000000
 L/a                  :   0.050837
 --
 explicit_damp(i)     :   0 (  1.0000)
 explicit_damp(e)     :   0 (  1.0000)
 --
 offset               :   0 (  0.0000)
 LEFT : r_a           :   0.187082
 LEFT : r_a_physical  :   0.187082
 NORM : r(ir_norm)    :   0.212500
 RIGHT: r_b_physical  :   0.229446
 RIGHT: r_b           :   0.229446
 ----------- PARALLELIZATION PARAMETERS --------
 (nek) per subgroup:  :        64
 (ine) per subgroup:  :        48
 ----------- TIME STEPPING PARAMETERS ----------
 plot_filter          :   1.000000
 time_skip            :    20
 restart_data_skip    :    10
 ----------- STABILITY PARAMETERS ----------------
 d/dtau Courant       :   3.319447
   d/dr Courant       :   0.049068
 Log(RBF Cond. num.)  :   7.653934
 ----------- SETUP TIMING ----------------------
 Grid Setup           :   0.078403
 Build radial ops     :   0.016712
 Build advection ops  :   0.054305
 Build field matrices :   0.136043
 
 TOTAL SETUP          :   1.438164
 -------- CENTRAL WAVENUMBERS SIMULATED -----------
     (k_y = nq/r, rho = rho_sD_unit)
 n =    30   k_y rho =  0.542 [ 0.542][ 0.542]
 min(k_x*rho_sD)      :     0.308989
 max(k_x*rho_sD)      :     0.463483
 --------------- CENTRAL BOX SIZE -----------------
 abs(Lx/rho_sD)       :    20.334666
 abs(Ly/rho_sD)       :    11.583603
 => abs(dx/rho_sD)    :     3.389111
 --------------------------------------------------
 ------------ GYRO-OPERATOR BANDWIDTH -------------
 => EXACT BESSEL.
 --------------------------------------------------
 PLEASE SEE: 
  - units.out for normalizing parameters
  - alloc.out for memory usage
  - efficiency.out for parallelization efficiency
  - phase_space.out for velocity-space nodes and weights
