 0.0000E+00
 1.6940E-03
 1.2474E-03
 9.4892E-04
 7.5007E-04
 6.1793E-04
 5.2436E-04
 4.6195E-04
 4.1759E-04
 3.8641E-04
 3.6555E-04
 3.5081E-04
 3.4008E-04
 3.3218E-04
 3.2638E-04
 3.2221E-04
 3.1938E-04
 3.1754E-04
 3.1628E-04
 3.1536E-04
 3.1474E-04
 3.1436E-04
 3.1418E-04
 3.1421E-04
 3.1442E-04
 3.1477E-04
 3.1521E-04
 3.1572E-04
 3.1625E-04
 3.1677E-04
 3.1727E-04
 3.1773E-04
 3.1815E-04
 3.1853E-04
 3.1888E-04
 3.1918E-04
 3.1946E-04
 3.1970E-04
 3.1992E-04
 3.2011E-04
 3.2028E-04
 3.2043E-04
 3.2057E-04
 3.2069E-04
 3.2079E-04
 3.2088E-04
 3.2096E-04
 3.2103E-04
 3.2108E-04
 3.2112E-04
 3.2115E-04
 3.2117E-04
 3.2119E-04
 3.2119E-04
 3.2119E-04
 3.2118E-04
 3.2117E-04
 3.2116E-04
 3.2115E-04
 3.2114E-04
 3.2113E-04
