 1.10730923E-17  2.34455332E-17  1.13573192E-04  0.00000000E+00
-1.74793963E-02  4.33435527E-01 -5.85705180E-05  1.00482918E-01
-2.99786574E-02  8.50131953E-01 -5.80361739E-04  2.42981239E-01
-4.01028084E-02  1.19832996E+00 -1.37939523E-03  3.75511091E-01
-4.82537263E-02  1.46199465E+00 -2.26642701E-03  4.74000876E-01
-5.43054874E-02  1.64876017E+00 -3.11627976E-03  5.44194179E-01
-5.84281491E-02  1.77273963E+00 -3.93770203E-03  5.94241922E-01
-6.10340228E-02  1.84884004E+00 -4.72600077E-03  6.29105062E-01
-6.23979592E-02  1.89106756E+00 -5.44121389E-03  6.49015317E-01
-6.27486545E-02  1.91133157E+00 -6.06680469E-03  6.55190706E-01
-6.24791653E-02  1.91773838E+00 -6.63183015E-03  6.51834587E-01
-6.19959199E-02  1.91527521E+00 -7.17439995E-03  6.43361833E-01
-6.15163878E-02  1.90739363E+00 -7.71016376E-03  6.32462796E-01
-6.10905450E-02  1.89669499E+00 -8.23784505E-03  6.20669428E-01
-6.07198951E-02  1.88490865E+00 -8.75258460E-03  6.08891836E-01
-6.03949001E-02  1.87309618E+00 -9.24966455E-03  5.97689759E-01
-6.01231528E-02  1.86182677E+00 -9.72311829E-03  5.87495748E-01
-5.99307614E-02  1.85133355E+00 -1.01664649E-02  5.78576764E-01
-5.98388940E-02  1.84168522E+00 -1.05742265E-02  5.70985838E-01
-5.98521415E-02  1.83290065E+00 -1.09418307E-02  5.64634301E-01
-5.99642837E-02  1.82498486E+00 -1.12649601E-02  5.59393795E-01
-6.01641566E-02  1.81792936E+00 -1.15394521E-02  5.55143792E-01
-6.04358389E-02  1.81171440E+00 -1.17616128E-02  5.51776346E-01
-6.07591174E-02  1.80631380E+00 -1.19285793E-02  5.49191844E-01
-6.11128093E-02  1.80169432E+00 -1.20386016E-02  5.47296392E-01
-6.14783259E-02  1.79781181E+00 -1.20911919E-02  5.46000695E-01
-6.18412845E-02  1.79461027E+00 -1.20871013E-02  5.45219755E-01
-6.21912639E-02  1.79202575E+00 -1.20281721E-02  5.44872053E-01
-6.25208016E-02  1.78999226E+00 -1.19171779E-02  5.44878732E-01
-6.28245566E-02  1.78844611E+00 -1.17577269E-02  5.45164792E-01
-6.30989275E-02  1.78732696E+00 -1.15542087E-02  5.45661917E-01
-6.33419008E-02  1.78657719E+00 -1.13117178E-02  5.46310438E-01
-6.35528272E-02  1.78614149E+00 -1.10359187E-02  5.47059174E-01
-6.37320759E-02  1.78596754E+00 -1.07328684E-02  5.47864203E-01
-6.38807102E-02  1.78600711E+00 -1.04088337E-02  5.48688100E-01
-6.40003108E-02  1.78621682E+00 -1.00701255E-02  5.49500056E-01
-6.40929277E-02  1.78655809E+00 -9.72294994E-03  5.50276216E-01
-6.41610569E-02  1.78699659E+00 -9.37327116E-03  5.50999510E-01
-6.42075522E-02  1.78750172E+00 -9.02668235E-03  5.51658804E-01
-6.42354640E-02  1.78804627E+00 -8.68828828E-03  5.52247638E-01
-6.42478469E-02  1.78860637E+00 -8.36260651E-03  5.52762977E-01
-6.42475949E-02  1.78916150E+00 -8.05349390E-03  5.53204250E-01
-6.42373351E-02  1.78969454E+00 -7.76410291E-03  5.53572718E-01
-6.42193853E-02  1.79019164E+00 -7.49686816E-03  5.53871103E-01
-6.41957572E-02  1.79064206E+00 -7.25352036E-03  5.54103347E-01
-6.41681842E-02  1.79103786E+00 -7.03512180E-03  5.54274376E-01
-6.41381520E-02  1.79137367E+00 -6.84211730E-03  5.54389841E-01
-6.41069224E-02  1.79164636E+00 -6.67439562E-03  5.54455812E-01
-6.40755491E-02  1.79185482E+00 -6.53135734E-03  5.54478471E-01
-6.40448885E-02  1.79199972E+00 -6.41198727E-03  5.54463845E-01
-6.40156129E-02  1.79208335E+00 -6.31492929E-03  5.54417625E-01
-6.39882282E-02  1.79210938E+00 -6.23856223E-03  5.54345058E-01
-6.39630975E-02  1.79208259E+00 -6.18107459E-03  5.54250932E-01
-6.39404679E-02  1.79200868E+00 -6.14053580E-03  5.54139608E-01
-6.39204964E-02  1.79189393E+00 -6.11496196E-03  5.54015067E-01
-6.39032731E-02  1.79174494E+00 -6.10237394E-03  5.53880969E-01
-6.38888385E-02  1.79156839E+00 -6.10084675E-03  5.53740680E-01
-6.38771961E-02  1.79137081E+00 -6.10854963E-03  5.53597292E-01
-6.38683184E-02  1.79115839E+00 -6.12377687E-03  5.53453605E-01
-6.38621504E-02  1.79093685E+00 -6.14496995E-03  5.53312112E-01
-6.38586092E-02  1.79071133E+00 -6.17073172E-03  5.53174973E-01
