 2.54982214E-01
 2.54982214E-01
 2.52958224E-01
 2.52185581E-01
 2.53197192E-01
 2.55498946E-01
 2.58224320E-01
 2.60768663E-01
 2.62796121E-01
 2.64544567E-01
 2.66410883E-01
 2.68528300E-01
 2.70813833E-01
 2.73154453E-01
 2.75482971E-01
 2.77768372E-01
 2.79992461E-01
 2.82140424E-01
 2.84198678E-01
 2.86155012E-01
 2.87997826E-01
 2.89716041E-01
 2.91299788E-01
 2.92740806E-01
 2.94032820E-01
 2.95172124E-01
 2.96157811E-01
 2.96991404E-01
 2.97676448E-01
 2.98218507E-01
 2.98625356E-01
 2.98907023E-01
 2.99075539E-01
 2.99144450E-01
 2.99128169E-01
 2.99041274E-01
 2.98897853E-01
 2.98711033E-01
 2.98492740E-01
 2.98253651E-01
 2.98003262E-01
 2.97749962E-01
 2.97501074E-01
 2.97262841E-01
 2.97040392E-01
 2.96837703E-01
 2.96657610E-01
 2.96501855E-01
 2.96371194E-01
 2.96265531E-01
 2.96184071E-01
 2.96125473E-01
 2.96087983E-01
 2.96069557E-01
 2.96067960E-01
 2.96080849E-01
 2.96105849E-01
 2.96140615E-01
 2.96182881E-01
 2.96230514E-01
 2.96281549E-01
