 i    energy(i)    w_energy(i) 
--- ------------  ------------ 
 1  0.1086724547  0.0642644789
 2  0.3531529368  0.1388201408
 3  0.7008934061  0.1895054690
 4  1.1731964060  0.2074366620
 5  1.8231909594  0.1895054690
 6  2.7751284427  0.1388201408
 7  4.3805639357  0.0642644789
 8  6.0000000000  0.0073831605
 
 k   tau(k)/2pi     s_lambda(k)   lambda(k)   w_lambda(k)
--- ------------  ------------ ------------  -----------
 1  1.0065002990  0.0412062165  0.1093595417  0.0516109799
 2  1.2084185825  0.1958531011  0.4774981064  0.0967583201
 3  1.6661796301  0.3976240989  0.8548767162  0.0967583201
 4  2.6429602877  0.5522709835  1.0563323657  0.0516109799
lambda-TP:                      1.0906058383
 5  2.9288952383  0.6217028277  1.1119980805  0.0353527314
 6  2.0455195441  0.7276335771  1.2296051103  0.0662779686
 7  1.6074603008  0.8658436229  1.4309152201  0.0662779686
 8  1.3627689163  0.9717743723  1.6185903437  0.0353527314
lambda-MAX:                     1.6742330255
 
 k   tau(k)/2pi     s_lambda(k)   lambda(k)   w_lambda(k)
--- ------------  ------------ ------------  -----------
 1  1.0065002990  0.0412062165  0.1093595417  0.0516109799
 2  1.2084185825  0.1958531011  0.4774981064  0.0967583201
 3  1.6661796301  0.3976240989  0.8548767162  0.0967583201
 4  2.6429602877  0.5522709835  1.0563323657  0.0516109799
lambda-TP:                      1.0906058383
 5  2.9288952383  0.6217028277  1.1119980805  0.0353527314
 6  2.0455195441  0.7276335771  1.2296051103  0.0662779686
 7  1.6074603008  0.8658436229  1.4309152201  0.0662779686
 8  1.3627689163  0.9717743723  1.6185903437  0.0353527314
lambda-MAX:                     1.6742330255
