   6
   8
   4
   4
   8
   1
  30
   1
  10
   0
   0
   4
   1
   2
   2
   2
   0
   1
   0
   1
 5.93189577E-01
 5.95459718E-01
 5.97729859E-01
 6.00000000E-01
 6.02270141E-01
 6.04540282E-01
 1.88697715E+00
 1.89253270E+00
 1.89808826E+00
 1.90364381E+00
 1.90919937E+00
 1.91475492E+00
 6.00000000E-01
 6.00000000E-01
 6.00000000E-01
 6.00000000E-01
 6.00000000E-01
 6.00000000E-01
 1.90364381E+00
 1.90364381E+00
 1.90364381E+00
 1.90364381E+00
 1.90364381E+00
 1.90364381E+00
 1.76764758E+00
 2.72801934E+00
 1.76764758E+00
 2.72801934E+00
 1.76764758E+00
 2.72801934E+00
 1.76764758E+00
 2.72801934E+00
 1.76764758E+00
 2.72801934E+00
 1.76764758E+00
 2.72801934E+00
 1.02441312E+00
 1.02441312E+00
 1.02441312E+00
 1.02441312E+00
 1.02441312E+00
 1.02441312E+00
 1.02441312E+00
 1.02441312E+00
 1.02441312E+00
 1.02441312E+00
 1.02441312E+00
 1.02441312E+00
 8.47055595E-01
 1.00000000E+00
 8.47055595E-01
 1.00000000E+00
 8.47055595E-01
 1.00000000E+00
 8.47055595E-01
 1.00000000E+00
 8.47055595E-01
 1.00000000E+00
 8.47055595E-01
 1.00000000E+00
 1.00000000E+00
 1.00000000E+00
 1.00000000E+00
 1.00000000E+00
 1.00000000E+00
 1.00000000E+00
 1.00000000E+00
 1.00000000E+00
 1.00000000E+00
 1.00000000E+00
 1.00000000E+00
 1.00000000E+00
 4.69204880E+00
 4.69204880E+00
 4.69204880E+00
 4.69204880E+00
 4.69204880E+00
 4.69204880E+00
 1.21753872E-01
 1.21753872E-01
 1.21753872E-01
 1.21753872E-01
 1.21753872E-01
 1.21753872E-01
-5.64266223E-03
-5.64266223E-03
-5.64266223E-03
-5.64266223E-03
-5.64266223E-03
-5.64266223E-03
 1.30980477E+00
 1.30980477E+00
 1.30980477E+00
 1.30980477E+00
 1.30980477E+00
 1.30980477E+00
-8.76221984E-02
-8.76221984E-02
-8.76221984E-02
-8.76221984E-02
-8.76221984E-02
-8.76221984E-02
 7.71330025E-01
 7.71330025E-01
 7.71330025E-01
 7.71330025E-01
 7.71330025E-01
 7.71330025E-01
 1.50925641E-01
 1.50925641E-01
 1.50925641E-01
 1.50925641E-01
 1.50925641E-01
 1.50925641E-01
-1.37381327E-02
-1.37381327E-02
-1.37381327E-02
-1.37381327E-02
-1.37381327E-02
-1.37381327E-02
 6.33613974E-02
 6.33613974E-02
 6.33613974E-02
 6.33613974E-02
 6.33613974E-02
 6.33613974E-02
 0.00000000E+00
 0.00000000E+00
 0.00000000E+00
 0.00000000E+00
 0.00000000E+00
 0.00000000E+00
 0.00000000E+00
 0.00000000E+00
 0.00000000E+00
 0.00000000E+00
 0.00000000E+00
 0.00000000E+00
 1.65042314E-03
 1.65042314E-03
 1.65042314E-03
 1.65042314E-03
 1.65042314E-03
 1.65042314E-03
 0.00000000E+00
 0.00000000E+00
 0.00000000E+00
 0.00000000E+00
 0.00000000E+00
 0.00000000E+00
 0.00000000E+00
 0.00000000E+00
 0.00000000E+00
 0.00000000E+00
 0.00000000E+00
 0.00000000E+00
 0.00000000E+00
 0.00000000E+00
 0.00000000E+00
 0.00000000E+00
 0.00000000E+00
 0.00000000E+00
 1.00000000E+00
 1.00000000E+00
 1.00000000E+00
 1.00000000E+00
 1.00000000E+00
 1.00000000E+00
 1.00000000E+00
 1.00000000E+00
 1.00000000E+00
 1.00000000E+00
 1.00000000E+00
 1.00000000E+00
 1.32956259E+00
 1.32956259E+00
 1.32956259E+00
 1.32956259E+00
 1.32956259E+00
 1.32956259E+00
 0.00000000E+00
 0.00000000E+00
 0.00000000E+00
 0.00000000E+00
 0.00000000E+00
 0.00000000E+00
 0.00000000E+00
 0.00000000E+00
 0.00000000E+00
 0.00000000E+00
 0.00000000E+00
 0.00000000E+00
 1.00000000E+00
 1.09359542E-01
 4.77498106E-01
 8.54876716E-01
 1.05633237E+00
 1.11199808E+00
 1.22960511E+00
 1.43091522E+00
 1.61859034E+00
 1.08672455E-01
 3.53152937E-01
 7.00893406E-01
 1.17319641E+00
 1.82319096E+00
 2.77512844E+00
 4.38056394E+00
 6.00000000E+00
 1.09060584E+00
 9.00000000E-01
 9.45555040E-03
 1.00000000E+00
-1.00000000E+00
   1
   2
