[GYRO MPI tasks: 1]
[Parsing data in input.gyro]
 -----------------------------------------------
 operational mode     : FIELD EIGENVALUE
 boundary conditions  : PERIODIC
 profiles             : FLAT
 geometry             : MODEL SHAPE
 electron_method      : ALL SPECIES GYROKINETIC
 fluctuations         : ELECTROSTATIC
 gyro_method          : ORIGINAL (INTEGRATED) POLARIZATION
 fluctuation output   : PHI( ) N( ) E( ) V( )                   
 radial grid          : UNIFORM
 integrator_method    : RK2
 field solve          : UMFPACK (SEQUENTIAL)
 source_flag          : SOURCE OFF
 pitch-angle coll.    : OFF
 rotation parameters  : CANDY METHOD
 nonlinear dynamics   : OFF
 linear diffusivity   : RESPONSE FUNCTION
 -----------------------------------------------
----------------------------------------------------------
INFO: Forcing up-down symmetry (UDSYMMETRY_FLAG=1).
----------------------------------------------------------
----------------------------------------------------------
INFO: You are using TOROIDAL_REFERENCE=-1
----------------------------------------------------------
----------------------------------------------------------
INFO: TOROIDAL_REFERENCE reset to lowest nonzero mode.
----------------------------------------------------------
----------------------------------------------------------
INFO: nu_ii rescaled by: 0.000
----------------------------------------------------------
 ----------- SPARSE MATRIX STATS ---------------
 EXPLICIT POISSON:     n>0           
         nonzeros:     2304
           values:     6960
          indices:     9313
       iterations:        1
 
 ----------- UTILITY PARAMETERS ----------------
 Ion parallel motion     : ON
 Ion curvature drift     : ON
 Electron curvature drift: ON
 ----------- GRID DIMENSIONS -------------------
 n_n                  :    1
 n_x                  :    6
 n_stack              :   28
 n_blend              :    8
 n_pass               :    4
 n_trap               :    4
 n_energy             :    8
 n_field              :    1
 --
 n_spec               :    2
 n_ion                :    2
 n_kinetic            :    2
 n_gk                 :    2
 indx_e               :    2
 --
 FIELD POINTS:        :        48
 DIST. POINTS:        :     21504
 --
 energy_max           :   6.000000
 dt                   :   0.200000
 --------------- LOCAL PARAMETERS ---------------
  NOTE: use abs(SAFETY_FACTOR) as input
 # RADIUS [INPUT]     :   0.600000
 .RADIUS              :   0.600000
 .ASPECT_RATIO        :   2.815229
 .SHIFT               :  -0.087622
 .ZMAG                :   0.000000
 .DZMAG               :   0.000000
 .KAPPA               :   1.309805
 .S_KAPPA             :   0.063361
 .DELTA               :   0.121754
 .S_DELTA             :   0.150926
 .ZETA                :  -0.005643
 .S_ZETA              :  -0.013738
 .SAFETY_FACTOR       :   1.903644
 .SHEAR               :   0.771330
 .RHO_STAR            :   0.002101
 .Z_EFF               :   1.329563
 .MACH                :   0.000000
 .PGAMMA              :   0.000000
 .GAMMA_E             :   0.000000
 .LAMBDA_DEBYE        :   0.000000
 .NU_EI               :   0.000000
 .NU_I_KROOK          :   0.000000
 .IPCCW               :   1.000000
 .BTCCW               :  -1.000000
 # Ion  1
 .NI_OVER_NE          :   1.000000
 .TI_OVER_TE          :   0.847056
 .DLNNDR              :   1.024413
 .DLNTDR              :   1.767648
 .Z                   :   1.000000
 (NU_II)              :   0.000000
 .MU                  :   1.000000
 # Electrons
 .DLNNDR_ELECTRON     :   1.024413
 .DLNTDR_ELECTRON     :   2.728019
 (Z_ELECTRON)         :  -1.000000
 .BETAE_UNIT          :   0.000894
 .MU_ELECTRON         :  60.599098
 --------------- TGLF PARAMETERS ---------------
 Q_PRIME              :   7.764422
 P_PRIME              :   0.000690
 -------- LOCAL PARAMETERS (diagnostic) ----------
 n_i*z_i - n_e:       :   0.000000
 r/R0                 :   0.213127
 b_unit               :   1.000000
 beta_unit_norm       :   0.001650
 betai_unit           :   0.000757
 betae_unit_norm      :   0.000894
 beta_*               :   0.005466
 alpha_MHD            :   0.055766
 omega_00 (c_s/a)     :   0.000000
 * Note that f = f_sim exp(i n omega0[r0] t)
 -------- ALFVEN WAVE PARAMETERS (diagnostic) ----------
 (v_A/c_s)            :  47.304037
 Omega_TAE            :   4.413354
 Omega_A              :   8.826708
 ----------- UPWIND PARAMETERS -----------------
 radial_upwind        :   2.000000
 orbit_upwind         :   1.000000
 orbit_upwind (elec)  :   0.000000
 ----------- SOURCE PARAMETERS -----------------
 nu_source            :   0.100000
 n_source             :    1
 ----------- RADIAL DOMAIN PARAMETERS ----------
 s_grid               :   0.771330
 box_multiplier       :   1.000000
 L/a                  :   0.013621
 --
 explicit_damp(i)     :   0 (  1.0000)
 explicit_damp(e)     :   0 (  1.0000)
 --
 offset               :   0 (  0.0000)
 LEFT : r_a           :   0.593190
 LEFT : r_a_physical  :   0.593190
 NORM : r(ir_norm)    :   0.600000
 RIGHT: r_b_physical  :   0.604540
 RIGHT: r_b           :   0.604540
 ----------- PARALLELIZATION PARAMETERS --------
 (nek) per subgroup:  :        32
 (ine) per subgroup:  :        24
 ----------- TIME STEPPING PARAMETERS ----------
 plot_filter          :   1.000000
 time_skip            :     5
 restart_data_skip    :    10
 ----------- STABILITY PARAMETERS ----------------
 d/dtau Courant       :  17.342894
   d/dr Courant       :   0.757349
 ----------- SETUP TIMING ----------------------
 Grid Setup           :   0.104240
 Build radial ops     :   0.010396
 Build advection ops  :   0.000000
 Build field matrices :   0.037479
 
 TOTAL SETUP          :   0.167494
 -------- CENTRAL WAVENUMBERS SIMULATED -----------
     (k_y = nq/r, rho = rho_sD_unit)
 n =    30   k_y rho =  0.200 [ 0.200][ 0.200]
  
 min resolved k_x*rho_sD :  0.969282
 max resolved k_x*rho_sD :  1.453923
 --------------- CENTRAL BOX SIZE -----------------
 abs(Lx/rho_sD)       :     6.482310
 abs(Ly/rho_sD)       :    31.415927
 => abs(dx/rho_sD)    :     1.080385
 --------------------------------------------------
 ------------ GYRO-OPERATOR BANDWIDTH -------------
 => EXACT BESSEL.
 --------------------------------------------------
 PLEASE SEE: 
  - units.out for normalizing parameters
  - alloc.out for memory usage
  - efficiency.out for parallelization efficiency
  - phase_space.out for velocity-space nodes and weights
 -----------------------------------------------
 operational mode     : FIELD EIGENVALUE
 boundary conditions  : PERIODIC
 profiles             : FLAT
 geometry             : MODEL SHAPE
 electron_method      : ALL SPECIES GYROKINETIC
 fluctuations         : ELECTROSTATIC
 gyro_method          : ORIGINAL (INTEGRATED) POLARIZATION
 fluctuation output   : PHI( ) N( ) E( ) V( )                   
 radial grid          : UNIFORM
 integrator_method    : RK2
 field solve          : UMFPACK (SEQUENTIAL)
 source_flag          : SOURCE OFF
 pitch-angle coll.    : OFF
 rotation parameters  : CANDY METHOD
 nonlinear dynamics   : OFF
 linear diffusivity   : RESPONSE FUNCTION
 -----------------------------------------------
----------------------------------------------------------
INFO: Forcing up-down symmetry (UDSYMMETRY_FLAG=1).
----------------------------------------------------------
----------------------------------------------------------
INFO: You are using TOROIDAL_REFERENCE=-1
----------------------------------------------------------
----------------------------------------------------------
INFO: TOROIDAL_REFERENCE reset to lowest nonzero mode.
----------------------------------------------------------
----------------------------------------------------------
INFO: nu_ii rescaled by: 0.000
----------------------------------------------------------
 ----------- SPARSE MATRIX STATS ---------------
 EXPLICIT POISSON:     n>0           
         nonzeros:     2304
           values:     6960
          indices:     9313
       iterations:        1
 
 ----------- UTILITY PARAMETERS ----------------
 Ion parallel motion     : ON
 Ion curvature drift     : ON
 Electron curvature drift: ON
 ----------- GRID DIMENSIONS -------------------
 n_n                  :    1
 n_x                  :    6
 n_stack              :   28
 n_blend              :    8
 n_pass               :    4
 n_trap               :    4
 n_energy             :    8
 n_field              :    1
 --
 n_spec               :    2
 n_ion                :    2
 n_kinetic            :    2
 n_gk                 :    2
 indx_e               :    2
 --
 FIELD POINTS:        :        48
 DIST. POINTS:        :     21504
 --
 energy_max           :   6.000000
 dt                   :   0.200000
 --------------- LOCAL PARAMETERS ---------------
  NOTE: use abs(SAFETY_FACTOR) as input
 # RADIUS [INPUT]     :   0.600000
 .RADIUS              :   0.600000
 .ASPECT_RATIO        :   2.815229
 .SHIFT               :  -0.087622
 .ZMAG                :   0.000000
 .DZMAG               :   0.000000
 .KAPPA               :   1.309805
 .S_KAPPA             :   0.063361
 .DELTA               :   0.121754
 .S_DELTA             :   0.150926
 .ZETA                :  -0.005643
 .S_ZETA              :  -0.013738
 .SAFETY_FACTOR       :   1.903644
 .SHEAR               :   0.771330
 .RHO_STAR            :   0.003152
 .Z_EFF               :   1.329563
 .MACH                :   0.000000
 .PGAMMA              :   0.000000
 .GAMMA_E             :   0.000000
 .LAMBDA_DEBYE        :   0.000000
 .NU_EI               :   0.000000
 .NU_I_KROOK          :   0.000000
 .IPCCW               :   1.000000
 .BTCCW               :  -1.000000
 # Ion  1
 .NI_OVER_NE          :   1.000000
 .TI_OVER_TE          :   0.847056
 .DLNNDR              :   1.024413
 .DLNTDR              :   1.767648
 .Z                   :   1.000000
 (NU_II)              :   0.000000
 .MU                  :   1.000000
 # Electrons
 .DLNNDR_ELECTRON     :   1.024413
 .DLNTDR_ELECTRON     :   2.728019
 (Z_ELECTRON)         :  -1.000000
 .BETAE_UNIT          :   0.000894
 .MU_ELECTRON         :  60.599098
 --------------- TGLF PARAMETERS ---------------
 Q_PRIME              :   7.764422
 P_PRIME              :   0.000690
 -------- LOCAL PARAMETERS (diagnostic) ----------
 n_i*z_i - n_e:       :   0.000000
 r/R0                 :   0.213127
 b_unit               :   1.000000
 beta_unit_norm       :   0.001650
 betai_unit           :   0.000757
 betae_unit_norm      :   0.000894
 beta_*               :   0.005466
 alpha_MHD            :   0.055766
 omega_00 (c_s/a)     :   0.000000
 * Note that f = f_sim exp(i n omega0[r0] t)
 -------- ALFVEN WAVE PARAMETERS (diagnostic) ----------
 (v_A/c_s)            :  47.304037
 Omega_TAE            :   4.413354
 Omega_A              :   8.826708
 ----------- UPWIND PARAMETERS -----------------
 radial_upwind        :   2.000000
 orbit_upwind         :   1.000000
 orbit_upwind (elec)  :   0.000000
 ----------- SOURCE PARAMETERS -----------------
 nu_source            :   0.100000
 n_source             :    1
 ----------- RADIAL DOMAIN PARAMETERS ----------
 s_grid               :   0.771330
 box_multiplier       :   1.000000
 L/a                  :   0.013621
 --
 explicit_damp(i)     :   0 (  1.0000)
 explicit_damp(e)     :   0 (  1.0000)
 --
 offset               :   0 (  0.0000)
 LEFT : r_a           :   0.593190
 LEFT : r_a_physical  :   0.593190
 NORM : r(ir_norm)    :   0.600000
 RIGHT: r_b_physical  :   0.604540
 RIGHT: r_b           :   0.604540
 ----------- PARALLELIZATION PARAMETERS --------
 (nek) per subgroup:  :        32
 (ine) per subgroup:  :        24
 ----------- TIME STEPPING PARAMETERS ----------
 plot_filter          :   1.000000
 time_skip            :     5
 restart_data_skip    :    10
 ----------- STABILITY PARAMETERS ----------------
 d/dtau Courant       :  17.342894
   d/dr Courant       :   1.136024
 ----------- SETUP TIMING ----------------------
 Grid Setup           :   0.054400
 Build radial ops     :   0.009404
 Build advection ops  :   0.000000
 Build field matrices :   0.035030
 
 TOTAL SETUP          :   0.108787
 -------- CENTRAL WAVENUMBERS SIMULATED -----------
     (k_y = nq/r, rho = rho_sD_unit)
 n =    30   k_y rho =  0.300 [ 0.300][ 0.300]
  
 min resolved k_x*rho_sD :  1.453923
 max resolved k_x*rho_sD :  2.180884
 --------------- CENTRAL BOX SIZE -----------------
 abs(Lx/rho_sD)       :     4.321540
 abs(Ly/rho_sD)       :    20.943951
 => abs(dx/rho_sD)    :     0.720257
 --------------------------------------------------
 ------------ GYRO-OPERATOR BANDWIDTH -------------
 => EXACT BESSEL.
 --------------------------------------------------
 PLEASE SEE: 
  - units.out for normalizing parameters
  - alloc.out for memory usage
  - efficiency.out for parallelization efficiency
  - phase_space.out for velocity-space nodes and weights
 -----------------------------------------------
 operational mode     : FIELD EIGENVALUE
 boundary conditions  : PERIODIC
 profiles             : FLAT
 geometry             : MODEL SHAPE
 electron_method      : ALL SPECIES GYROKINETIC
 fluctuations         : ELECTROSTATIC
 gyro_method          : ORIGINAL (INTEGRATED) POLARIZATION
 fluctuation output   : PHI( ) N( ) E( ) V( )                   
 radial grid          : UNIFORM
 integrator_method    : RK2
 field solve          : UMFPACK (SEQUENTIAL)
 source_flag          : SOURCE OFF
 pitch-angle coll.    : OFF
 rotation parameters  : CANDY METHOD
 nonlinear dynamics   : OFF
 linear diffusivity   : RESPONSE FUNCTION
 -----------------------------------------------
----------------------------------------------------------
INFO: Forcing up-down symmetry (UDSYMMETRY_FLAG=1).
----------------------------------------------------------
----------------------------------------------------------
INFO: You are using TOROIDAL_REFERENCE=-1
----------------------------------------------------------
----------------------------------------------------------
INFO: TOROIDAL_REFERENCE reset to lowest nonzero mode.
----------------------------------------------------------
----------------------------------------------------------
INFO: nu_ii rescaled by: 0.000
----------------------------------------------------------
 ----------- SPARSE MATRIX STATS ---------------
 EXPLICIT POISSON:     n>0           
         nonzeros:     2304
           values:     6960
          indices:     9313
       iterations:        1
 
 ----------- UTILITY PARAMETERS ----------------
 Ion parallel motion     : ON
 Ion curvature drift     : ON
 Electron curvature drift: ON
 ----------- GRID DIMENSIONS -------------------
 n_n                  :    1
 n_x                  :    6
 n_stack              :   28
 n_blend              :    8
 n_pass               :    4
 n_trap               :    4
 n_energy             :    8
 n_field              :    1
 --
 n_spec               :    2
 n_ion                :    2
 n_kinetic            :    2
 n_gk                 :    2
 indx_e               :    2
 --
 FIELD POINTS:        :        48
 DIST. POINTS:        :     21504
 --
 energy_max           :   6.000000
 dt                   :   0.200000
 --------------- LOCAL PARAMETERS ---------------
  NOTE: use abs(SAFETY_FACTOR) as input
 # RADIUS [INPUT]     :   0.600000
 .RADIUS              :   0.600000
 .ASPECT_RATIO        :   2.815229
 .SHIFT               :  -0.087622
 .ZMAG                :   0.000000
 .DZMAG               :   0.000000
 .KAPPA               :   1.309805
 .S_KAPPA             :   0.063361
 .DELTA               :   0.121754
 .S_DELTA             :   0.150926
 .ZETA                :  -0.005643
 .S_ZETA              :  -0.013738
 .SAFETY_FACTOR       :   1.903644
 .SHEAR               :   0.771330
 .RHO_STAR            :   0.004202
 .Z_EFF               :   1.329563
 .MACH                :   0.000000
 .PGAMMA              :   0.000000
 .GAMMA_E             :   0.000000
 .LAMBDA_DEBYE        :   0.000000
 .NU_EI               :   0.000000
 .NU_I_KROOK          :   0.000000
 .IPCCW               :   1.000000
 .BTCCW               :  -1.000000
 # Ion  1
 .NI_OVER_NE          :   1.000000
 .TI_OVER_TE          :   0.847056
 .DLNNDR              :   1.024413
 .DLNTDR              :   1.767648
 .Z                   :   1.000000
 (NU_II)              :   0.000000
 .MU                  :   1.000000
 # Electrons
 .DLNNDR_ELECTRON     :   1.024413
 .DLNTDR_ELECTRON     :   2.728019
 (Z_ELECTRON)         :  -1.000000
 .BETAE_UNIT          :   0.000894
 .MU_ELECTRON         :  60.599098
 --------------- TGLF PARAMETERS ---------------
 Q_PRIME              :   7.764422
 P_PRIME              :   0.000690
 -------- LOCAL PARAMETERS (diagnostic) ----------
 n_i*z_i - n_e:       :   0.000000
 r/R0                 :   0.213127
 b_unit               :   1.000000
 beta_unit_norm       :   0.001650
 betai_unit           :   0.000757
 betae_unit_norm      :   0.000894
 beta_*               :   0.005466
 alpha_MHD            :   0.055766
 omega_00 (c_s/a)     :   0.000000
 * Note that f = f_sim exp(i n omega0[r0] t)
 -------- ALFVEN WAVE PARAMETERS (diagnostic) ----------
 (v_A/c_s)            :  47.304037
 Omega_TAE            :   4.413354
 Omega_A              :   8.826708
 ----------- UPWIND PARAMETERS -----------------
 radial_upwind        :   2.000000
 orbit_upwind         :   1.000000
 orbit_upwind (elec)  :   0.000000
 ----------- SOURCE PARAMETERS -----------------
 nu_source            :   0.100000
 n_source             :    1
 ----------- RADIAL DOMAIN PARAMETERS ----------
 s_grid               :   0.771330
 box_multiplier       :   1.000000
 L/a                  :   0.013621
 --
 explicit_damp(i)     :   0 (  1.0000)
 explicit_damp(e)     :   0 (  1.0000)
 --
 offset               :   0 (  0.0000)
 LEFT : r_a           :   0.593190
 LEFT : r_a_physical  :   0.593190
 NORM : r(ir_norm)    :   0.600000
 RIGHT: r_b_physical  :   0.604540
 RIGHT: r_b           :   0.604540
 ----------- PARALLELIZATION PARAMETERS --------
 (nek) per subgroup:  :        32
 (ine) per subgroup:  :        24
 ----------- TIME STEPPING PARAMETERS ----------
 plot_filter          :   1.000000
 time_skip            :     5
 restart_data_skip    :    10
 ----------- STABILITY PARAMETERS ----------------
 d/dtau Courant       :  17.342894
   d/dr Courant       :   1.514698
 ----------- SETUP TIMING ----------------------
 Grid Setup           :   0.052784
 Build radial ops     :   0.009684
 Build advection ops  :   0.000000
 Build field matrices :   0.034983
 
 TOTAL SETUP          :   0.107382
 -------- CENTRAL WAVENUMBERS SIMULATED -----------
     (k_y = nq/r, rho = rho_sD_unit)
 n =    30   k_y rho =  0.400 [ 0.400][ 0.400]
  
 min resolved k_x*rho_sD :  1.938564
 max resolved k_x*rho_sD :  2.907846
 --------------- CENTRAL BOX SIZE -----------------
 abs(Lx/rho_sD)       :     3.241155
 abs(Ly/rho_sD)       :    15.707963
 => abs(dx/rho_sD)    :     0.540192
 --------------------------------------------------
 ------------ GYRO-OPERATOR BANDWIDTH -------------
 => EXACT BESSEL.
 --------------------------------------------------
 PLEASE SEE: 
  - units.out for normalizing parameters
  - alloc.out for memory usage
  - efficiency.out for parallelization efficiency
  - phase_space.out for velocity-space nodes and weights
 -----------------------------------------------
 operational mode     : FIELD EIGENVALUE
 boundary conditions  : PERIODIC
 profiles             : FLAT
 geometry             : MODEL SHAPE
 electron_method      : ALL SPECIES GYROKINETIC
 fluctuations         : ELECTROSTATIC
 gyro_method          : ORIGINAL (INTEGRATED) POLARIZATION
 fluctuation output   : PHI( ) N( ) E( ) V( )                   
 radial grid          : UNIFORM
 integrator_method    : RK2
 field solve          : UMFPACK (SEQUENTIAL)
 source_flag          : SOURCE OFF
 pitch-angle coll.    : OFF
 rotation parameters  : CANDY METHOD
 nonlinear dynamics   : OFF
 linear diffusivity   : RESPONSE FUNCTION
 -----------------------------------------------
----------------------------------------------------------
INFO: Forcing up-down symmetry (UDSYMMETRY_FLAG=1).
----------------------------------------------------------
----------------------------------------------------------
INFO: You are using TOROIDAL_REFERENCE=-1
----------------------------------------------------------
----------------------------------------------------------
INFO: TOROIDAL_REFERENCE reset to lowest nonzero mode.
----------------------------------------------------------
----------------------------------------------------------
INFO: nu_ii rescaled by: 0.000
----------------------------------------------------------
 ----------- SPARSE MATRIX STATS ---------------
 EXPLICIT POISSON:     n>0           
         nonzeros:     2304
           values:     6960
          indices:     9313
       iterations:        1
 
 ----------- UTILITY PARAMETERS ----------------
 Ion parallel motion     : ON
 Ion curvature drift     : ON
 Electron curvature drift: ON
 ----------- GRID DIMENSIONS -------------------
 n_n                  :    1
 n_x                  :    6
 n_stack              :   28
 n_blend              :    8
 n_pass               :    4
 n_trap               :    4
 n_energy             :    8
 n_field              :    1
 --
 n_spec               :    2
 n_ion                :    2
 n_kinetic            :    2
 n_gk                 :    2
 indx_e               :    2
 --
 FIELD POINTS:        :        48
 DIST. POINTS:        :     21504
 --
 energy_max           :   6.000000
 dt                   :   0.200000
 --------------- LOCAL PARAMETERS ---------------
  NOTE: use abs(SAFETY_FACTOR) as input
 # RADIUS [INPUT]     :   0.600000
 .RADIUS              :   0.600000
 .ASPECT_RATIO        :   2.815229
 .SHIFT               :  -0.087622
 .ZMAG                :   0.000000
 .DZMAG               :   0.000000
 .KAPPA               :   1.309805
 .S_KAPPA             :   0.063361
 .DELTA               :   0.121754
 .S_DELTA             :   0.150926
 .ZETA                :  -0.005643
 .S_ZETA              :  -0.013738
 .SAFETY_FACTOR       :   1.903644
 .SHEAR               :   0.771330
 .RHO_STAR            :   0.005253
 .Z_EFF               :   1.329563
 .MACH                :   0.000000
 .PGAMMA              :   0.000000
 .GAMMA_E             :   0.000000
 .LAMBDA_DEBYE        :   0.000000
 .NU_EI               :   0.000000
 .NU_I_KROOK          :   0.000000
 .IPCCW               :   1.000000
 .BTCCW               :  -1.000000
 # Ion  1
 .NI_OVER_NE          :   1.000000
 .TI_OVER_TE          :   0.847056
 .DLNNDR              :   1.024413
 .DLNTDR              :   1.767648
 .Z                   :   1.000000
 (NU_II)              :   0.000000
 .MU                  :   1.000000
 # Electrons
 .DLNNDR_ELECTRON     :   1.024413
 .DLNTDR_ELECTRON     :   2.728019
 (Z_ELECTRON)         :  -1.000000
 .BETAE_UNIT          :   0.000894
 .MU_ELECTRON         :  60.599098
 --------------- TGLF PARAMETERS ---------------
 Q_PRIME              :   7.764422
 P_PRIME              :   0.000690
 -------- LOCAL PARAMETERS (diagnostic) ----------
 n_i*z_i - n_e:       :   0.000000
 r/R0                 :   0.213127
 b_unit               :   1.000000
 beta_unit_norm       :   0.001650
 betai_unit           :   0.000757
 betae_unit_norm      :   0.000894
 beta_*               :   0.005466
 alpha_MHD            :   0.055766
 omega_00 (c_s/a)     :   0.000000
 * Note that f = f_sim exp(i n omega0[r0] t)
 -------- ALFVEN WAVE PARAMETERS (diagnostic) ----------
 (v_A/c_s)            :  47.304037
 Omega_TAE            :   4.413354
 Omega_A              :   8.826708
 ----------- UPWIND PARAMETERS -----------------
 radial_upwind        :   2.000000
 orbit_upwind         :   1.000000
 orbit_upwind (elec)  :   0.000000
 ----------- SOURCE PARAMETERS -----------------
 nu_source            :   0.100000
 n_source             :    1
 ----------- RADIAL DOMAIN PARAMETERS ----------
 s_grid               :   0.771330
 box_multiplier       :   1.000000
 L/a                  :   0.013621
 --
 explicit_damp(i)     :   0 (  1.0000)
 explicit_damp(e)     :   0 (  1.0000)
 --
 offset               :   0 (  0.0000)
 LEFT : r_a           :   0.593190
 LEFT : r_a_physical  :   0.593190
 NORM : r(ir_norm)    :   0.600000
 RIGHT: r_b_physical  :   0.604540
 RIGHT: r_b           :   0.604540
 ----------- PARALLELIZATION PARAMETERS --------
 (nek) per subgroup:  :        32
 (ine) per subgroup:  :        24
 ----------- TIME STEPPING PARAMETERS ----------
 plot_filter          :   1.000000
 time_skip            :     5
 restart_data_skip    :    10
 ----------- STABILITY PARAMETERS ----------------
 d/dtau Courant       :  17.342894
   d/dr Courant       :   1.893373
 ----------- SETUP TIMING ----------------------
 Grid Setup           :   0.054751
 Build radial ops     :   0.009962
 Build advection ops  :   0.000000
 Build field matrices :   0.035043
 
 TOTAL SETUP          :   0.109737
 -------- CENTRAL WAVENUMBERS SIMULATED -----------
     (k_y = nq/r, rho = rho_sD_unit)
 n =    30   k_y rho =  0.500 [ 0.500][ 0.500]
  
 min resolved k_x*rho_sD :  2.423205
 max resolved k_x*rho_sD :  3.634807
 --------------- CENTRAL BOX SIZE -----------------
 abs(Lx/rho_sD)       :     2.592924
 abs(Ly/rho_sD)       :    12.566371
 => abs(dx/rho_sD)    :     0.432154
 --------------------------------------------------
 ------------ GYRO-OPERATOR BANDWIDTH -------------
 => EXACT BESSEL.
 --------------------------------------------------
 PLEASE SEE: 
  - units.out for normalizing parameters
  - alloc.out for memory usage
  - efficiency.out for parallelization efficiency
  - phase_space.out for velocity-space nodes and weights
 -----------------------------------------------
 operational mode     : FIELD EIGENVALUE
 boundary conditions  : PERIODIC
 profiles             : FLAT
 geometry             : MODEL SHAPE
 electron_method      : ALL SPECIES GYROKINETIC
 fluctuations         : ELECTROSTATIC
 gyro_method          : ORIGINAL (INTEGRATED) POLARIZATION
 fluctuation output   : PHI( ) N( ) E( ) V( )                   
 radial grid          : UNIFORM
 integrator_method    : RK2
 field solve          : UMFPACK (SEQUENTIAL)
 source_flag          : SOURCE OFF
 pitch-angle coll.    : OFF
 rotation parameters  : CANDY METHOD
 nonlinear dynamics   : OFF
 linear diffusivity   : RESPONSE FUNCTION
 -----------------------------------------------
----------------------------------------------------------
INFO: Forcing up-down symmetry (UDSYMMETRY_FLAG=1).
----------------------------------------------------------
----------------------------------------------------------
INFO: You are using TOROIDAL_REFERENCE=-1
----------------------------------------------------------
----------------------------------------------------------
INFO: TOROIDAL_REFERENCE reset to lowest nonzero mode.
----------------------------------------------------------
----------------------------------------------------------
INFO: nu_ii rescaled by: 0.000
----------------------------------------------------------
 ----------- SPARSE MATRIX STATS ---------------
 EXPLICIT POISSON:     n>0           
         nonzeros:     2304
           values:     6960
          indices:     9313
       iterations:        1
 
 ----------- UTILITY PARAMETERS ----------------
 Ion parallel motion     : ON
 Ion curvature drift     : ON
 Electron curvature drift: ON
 ----------- GRID DIMENSIONS -------------------
 n_n                  :    1
 n_x                  :    6
 n_stack              :   28
 n_blend              :    8
 n_pass               :    4
 n_trap               :    4
 n_energy             :    8
 n_field              :    1
 --
 n_spec               :    2
 n_ion                :    2
 n_kinetic            :    2
 n_gk                 :    2
 indx_e               :    2
 --
 FIELD POINTS:        :        48
 DIST. POINTS:        :     21504
 --
 energy_max           :   6.000000
 dt                   :   0.200000
 --------------- LOCAL PARAMETERS ---------------
  NOTE: use abs(SAFETY_FACTOR) as input
 # RADIUS [INPUT]     :   0.600000
 .RADIUS              :   0.600000
 .ASPECT_RATIO        :   2.815229
 .SHIFT               :  -0.087622
 .ZMAG                :   0.000000
 .DZMAG               :   0.000000
 .KAPPA               :   1.309805
 .S_KAPPA             :   0.063361
 .DELTA               :   0.121754
 .S_DELTA             :   0.150926
 .ZETA                :  -0.005643
 .S_ZETA              :  -0.013738
 .SAFETY_FACTOR       :   1.903644
 .SHEAR               :   0.771330
 .RHO_STAR            :   0.006304
 .Z_EFF               :   1.329563
 .MACH                :   0.000000
 .PGAMMA              :   0.000000
 .GAMMA_E             :   0.000000
 .LAMBDA_DEBYE        :   0.000000
 .NU_EI               :   0.000000
 .NU_I_KROOK          :   0.000000
 .IPCCW               :   1.000000
 .BTCCW               :  -1.000000
 # Ion  1
 .NI_OVER_NE          :   1.000000
 .TI_OVER_TE          :   0.847056
 .DLNNDR              :   1.024413
 .DLNTDR              :   1.767648
 .Z                   :   1.000000
 (NU_II)              :   0.000000
 .MU                  :   1.000000
 # Electrons
 .DLNNDR_ELECTRON     :   1.024413
 .DLNTDR_ELECTRON     :   2.728019
 (Z_ELECTRON)         :  -1.000000
 .BETAE_UNIT          :   0.000894
 .MU_ELECTRON         :  60.599098
 --------------- TGLF PARAMETERS ---------------
 Q_PRIME              :   7.764422
 P_PRIME              :   0.000690
 -------- LOCAL PARAMETERS (diagnostic) ----------
 n_i*z_i - n_e:       :   0.000000
 r/R0                 :   0.213127
 b_unit               :   1.000000
 beta_unit_norm       :   0.001650
 betai_unit           :   0.000757
 betae_unit_norm      :   0.000894
 beta_*               :   0.005466
 alpha_MHD            :   0.055766
 omega_00 (c_s/a)     :   0.000000
 * Note that f = f_sim exp(i n omega0[r0] t)
 -------- ALFVEN WAVE PARAMETERS (diagnostic) ----------
 (v_A/c_s)            :  47.304037
 Omega_TAE            :   4.413354
 Omega_A              :   8.826708
 ----------- UPWIND PARAMETERS -----------------
 radial_upwind        :   2.000000
 orbit_upwind         :   1.000000
 orbit_upwind (elec)  :   0.000000
 ----------- SOURCE PARAMETERS -----------------
 nu_source            :   0.100000
 n_source             :    1
 ----------- RADIAL DOMAIN PARAMETERS ----------
 s_grid               :   0.771330
 box_multiplier       :   1.000000
 L/a                  :   0.013621
 --
 explicit_damp(i)     :   0 (  1.0000)
 explicit_damp(e)     :   0 (  1.0000)
 --
 offset               :   0 (  0.0000)
 LEFT : r_a           :   0.593190
 LEFT : r_a_physical  :   0.593190
 NORM : r(ir_norm)    :   0.600000
 RIGHT: r_b_physical  :   0.604540
 RIGHT: r_b           :   0.604540
 ----------- PARALLELIZATION PARAMETERS --------
 (nek) per subgroup:  :        32
 (ine) per subgroup:  :        24
 ----------- TIME STEPPING PARAMETERS ----------
 plot_filter          :   1.000000
 time_skip            :     5
 restart_data_skip    :    10
 ----------- STABILITY PARAMETERS ----------------
 d/dtau Courant       :  17.342894
   d/dr Courant       :   2.272047
 ----------- SETUP TIMING ----------------------
 Grid Setup           :   0.053982
 Build radial ops     :   0.010234
 Build advection ops  :   0.000000
 Build field matrices :   0.035501
 
 TOTAL SETUP          :   0.109826
 -------- CENTRAL WAVENUMBERS SIMULATED -----------
     (k_y = nq/r, rho = rho_sD_unit)
 n =    30   k_y rho =  0.600 [ 0.600][ 0.600]
  
 min resolved k_x*rho_sD :  2.907846
 max resolved k_x*rho_sD :  4.361769
 --------------- CENTRAL BOX SIZE -----------------
 abs(Lx/rho_sD)       :     2.160770
 abs(Ly/rho_sD)       :    10.471976
 => abs(dx/rho_sD)    :     0.360128
 --------------------------------------------------
 ------------ GYRO-OPERATOR BANDWIDTH -------------
 => EXACT BESSEL.
 --------------------------------------------------
 PLEASE SEE: 
  - units.out for normalizing parameters
  - alloc.out for memory usage
  - efficiency.out for parallelization efficiency
  - phase_space.out for velocity-space nodes and weights
 -----------------------------------------------
 operational mode     : FIELD EIGENVALUE
 boundary conditions  : PERIODIC
 profiles             : FLAT
 geometry             : MODEL SHAPE
 electron_method      : ALL SPECIES GYROKINETIC
 fluctuations         : ELECTROSTATIC
 gyro_method          : ORIGINAL (INTEGRATED) POLARIZATION
 fluctuation output   : PHI( ) N( ) E( ) V( )                   
 radial grid          : UNIFORM
 integrator_method    : RK2
 field solve          : UMFPACK (SEQUENTIAL)
 source_flag          : SOURCE OFF
 pitch-angle coll.    : OFF
 rotation parameters  : CANDY METHOD
 nonlinear dynamics   : OFF
 linear diffusivity   : RESPONSE FUNCTION
 -----------------------------------------------
----------------------------------------------------------
INFO: Forcing up-down symmetry (UDSYMMETRY_FLAG=1).
----------------------------------------------------------
----------------------------------------------------------
INFO: You are using TOROIDAL_REFERENCE=-1
----------------------------------------------------------
----------------------------------------------------------
INFO: TOROIDAL_REFERENCE reset to lowest nonzero mode.
----------------------------------------------------------
----------------------------------------------------------
INFO: nu_ii rescaled by: 0.000
----------------------------------------------------------
 ----------- SPARSE MATRIX STATS ---------------
 EXPLICIT POISSON:     n>0           
         nonzeros:     2304
           values:     6960
          indices:     9313
       iterations:        1
 
 ----------- UTILITY PARAMETERS ----------------
 Ion parallel motion     : ON
 Ion curvature drift     : ON
 Electron curvature drift: ON
 ----------- GRID DIMENSIONS -------------------
 n_n                  :    1
 n_x                  :    6
 n_stack              :   28
 n_blend              :    8
 n_pass               :    4
 n_trap               :    4
 n_energy             :    8
 n_field              :    1
 --
 n_spec               :    2
 n_ion                :    2
 n_kinetic            :    2
 n_gk                 :    2
 indx_e               :    2
 --
 FIELD POINTS:        :        48
 DIST. POINTS:        :     21504
 --
 energy_max           :   6.000000
 dt                   :   0.200000
 --------------- LOCAL PARAMETERS ---------------
  NOTE: use abs(SAFETY_FACTOR) as input
 # RADIUS [INPUT]     :   0.600000
 .RADIUS              :   0.600000
 .ASPECT_RATIO        :   2.815229
 .SHIFT               :  -0.087622
 .ZMAG                :   0.000000
 .DZMAG               :   0.000000
 .KAPPA               :   1.309805
 .S_KAPPA             :   0.063361
 .DELTA               :   0.121754
 .S_DELTA             :   0.150926
 .ZETA                :  -0.005643
 .S_ZETA              :  -0.013738
 .SAFETY_FACTOR       :   1.903644
 .SHEAR               :   0.771330
 .RHO_STAR            :   0.007354
 .Z_EFF               :   1.329563
 .MACH                :   0.000000
 .PGAMMA              :   0.000000
 .GAMMA_E             :   0.000000
 .LAMBDA_DEBYE        :   0.000000
 .NU_EI               :   0.000000
 .NU_I_KROOK          :   0.000000
 .IPCCW               :   1.000000
 .BTCCW               :  -1.000000
 # Ion  1
 .NI_OVER_NE          :   1.000000
 .TI_OVER_TE          :   0.847056
 .DLNNDR              :   1.024413
 .DLNTDR              :   1.767648
 .Z                   :   1.000000
 (NU_II)              :   0.000000
 .MU                  :   1.000000
 # Electrons
 .DLNNDR_ELECTRON     :   1.024413
 .DLNTDR_ELECTRON     :   2.728019
 (Z_ELECTRON)         :  -1.000000
 .BETAE_UNIT          :   0.000894
 .MU_ELECTRON         :  60.599098
 --------------- TGLF PARAMETERS ---------------
 Q_PRIME              :   7.764422
 P_PRIME              :   0.000690
 -------- LOCAL PARAMETERS (diagnostic) ----------
 n_i*z_i - n_e:       :   0.000000
 r/R0                 :   0.213127
 b_unit               :   1.000000
 beta_unit_norm       :   0.001650
 betai_unit           :   0.000757
 betae_unit_norm      :   0.000894
 beta_*               :   0.005466
 alpha_MHD            :   0.055766
 omega_00 (c_s/a)     :   0.000000
 * Note that f = f_sim exp(i n omega0[r0] t)
 -------- ALFVEN WAVE PARAMETERS (diagnostic) ----------
 (v_A/c_s)            :  47.304037
 Omega_TAE            :   4.413354
 Omega_A              :   8.826708
 ----------- UPWIND PARAMETERS -----------------
 radial_upwind        :   2.000000
 orbit_upwind         :   1.000000
 orbit_upwind (elec)  :   0.000000
 ----------- SOURCE PARAMETERS -----------------
 nu_source            :   0.100000
 n_source             :    1
 ----------- RADIAL DOMAIN PARAMETERS ----------
 s_grid               :   0.771330
 box_multiplier       :   1.000000
 L/a                  :   0.013621
 --
 explicit_damp(i)     :   0 (  1.0000)
 explicit_damp(e)     :   0 (  1.0000)
 --
 offset               :   0 (  0.0000)
 LEFT : r_a           :   0.593190
 LEFT : r_a_physical  :   0.593190
 NORM : r(ir_norm)    :   0.600000
 RIGHT: r_b_physical  :   0.604540
 RIGHT: r_b           :   0.604540
 ----------- PARALLELIZATION PARAMETERS --------
 (nek) per subgroup:  :        32
 (ine) per subgroup:  :        24
 ----------- TIME STEPPING PARAMETERS ----------
 plot_filter          :   1.000000
 time_skip            :     5
 restart_data_skip    :    10
 ----------- STABILITY PARAMETERS ----------------
 d/dtau Courant       :  17.342894
   d/dr Courant       :   2.650722
 ----------- SETUP TIMING ----------------------
 Grid Setup           :   0.053718
 Build radial ops     :   0.010495
 Build advection ops  :   0.000000
 Build field matrices :   0.035379
 
 TOTAL SETUP          :   0.109467
 -------- CENTRAL WAVENUMBERS SIMULATED -----------
     (k_y = nq/r, rho = rho_sD_unit)
 n =    30   k_y rho =  0.700 [ 0.700][ 0.700]
  
 min resolved k_x*rho_sD :  3.392487
 max resolved k_x*rho_sD :  5.088730
 --------------- CENTRAL BOX SIZE -----------------
 abs(Lx/rho_sD)       :     1.852088
 abs(Ly/rho_sD)       :     8.975979
 => abs(dx/rho_sD)    :     0.308681
 --------------------------------------------------
 ------------ GYRO-OPERATOR BANDWIDTH -------------
 => EXACT BESSEL.
 --------------------------------------------------
 PLEASE SEE: 
  - units.out for normalizing parameters
  - alloc.out for memory usage
  - efficiency.out for parallelization efficiency
  - phase_space.out for velocity-space nodes and weights
 -----------------------------------------------
 operational mode     : FIELD EIGENVALUE
 boundary conditions  : PERIODIC
 profiles             : FLAT
 geometry             : MODEL SHAPE
 electron_method      : ALL SPECIES GYROKINETIC
 fluctuations         : ELECTROSTATIC
 gyro_method          : ORIGINAL (INTEGRATED) POLARIZATION
 fluctuation output   : PHI( ) N( ) E( ) V( )                   
 radial grid          : UNIFORM
 integrator_method    : RK2
 field solve          : UMFPACK (SEQUENTIAL)
 source_flag          : SOURCE OFF
 pitch-angle coll.    : OFF
 rotation parameters  : CANDY METHOD
 nonlinear dynamics   : OFF
 linear diffusivity   : RESPONSE FUNCTION
 -----------------------------------------------
----------------------------------------------------------
INFO: Forcing up-down symmetry (UDSYMMETRY_FLAG=1).
----------------------------------------------------------
----------------------------------------------------------
INFO: You are using TOROIDAL_REFERENCE=-1
----------------------------------------------------------
----------------------------------------------------------
INFO: TOROIDAL_REFERENCE reset to lowest nonzero mode.
----------------------------------------------------------
----------------------------------------------------------
INFO: nu_ii rescaled by: 0.000
----------------------------------------------------------
 ----------- SPARSE MATRIX STATS ---------------
 EXPLICIT POISSON:     n>0           
         nonzeros:     2304
           values:     6960
          indices:     9313
       iterations:        1
 
 ----------- UTILITY PARAMETERS ----------------
 Ion parallel motion     : ON
 Ion curvature drift     : ON
 Electron curvature drift: ON
 ----------- GRID DIMENSIONS -------------------
 n_n                  :    1
 n_x                  :    6
 n_stack              :   28
 n_blend              :    8
 n_pass               :    4
 n_trap               :    4
 n_energy             :    8
 n_field              :    1
 --
 n_spec               :    2
 n_ion                :    2
 n_kinetic            :    2
 n_gk                 :    2
 indx_e               :    2
 --
 FIELD POINTS:        :        48
 DIST. POINTS:        :     21504
 --
 energy_max           :   6.000000
 dt                   :   0.200000
 --------------- LOCAL PARAMETERS ---------------
  NOTE: use abs(SAFETY_FACTOR) as input
 # RADIUS [INPUT]     :   0.600000
 .RADIUS              :   0.600000
 .ASPECT_RATIO        :   2.815229
 .SHIFT               :  -0.087622
 .ZMAG                :   0.000000
 .DZMAG               :   0.000000
 .KAPPA               :   1.309805
 .S_KAPPA             :   0.063361
 .DELTA               :   0.121754
 .S_DELTA             :   0.150926
 .ZETA                :  -0.005643
 .S_ZETA              :  -0.013738
 .SAFETY_FACTOR       :   1.903644
 .SHEAR               :   0.771330
 .RHO_STAR            :   0.008405
 .Z_EFF               :   1.329563
 .MACH                :   0.000000
 .PGAMMA              :   0.000000
 .GAMMA_E             :   0.000000
 .LAMBDA_DEBYE        :   0.000000
 .NU_EI               :   0.000000
 .NU_I_KROOK          :   0.000000
 .IPCCW               :   1.000000
 .BTCCW               :  -1.000000
 # Ion  1
 .NI_OVER_NE          :   1.000000
 .TI_OVER_TE          :   0.847056
 .DLNNDR              :   1.024413
 .DLNTDR              :   1.767648
 .Z                   :   1.000000
 (NU_II)              :   0.000000
 .MU                  :   1.000000
 # Electrons
 .DLNNDR_ELECTRON     :   1.024413
 .DLNTDR_ELECTRON     :   2.728019
 (Z_ELECTRON)         :  -1.000000
 .BETAE_UNIT          :   0.000894
 .MU_ELECTRON         :  60.599098
 --------------- TGLF PARAMETERS ---------------
 Q_PRIME              :   7.764422
 P_PRIME              :   0.000690
 -------- LOCAL PARAMETERS (diagnostic) ----------
 n_i*z_i - n_e:       :   0.000000
 r/R0                 :   0.213127
 b_unit               :   1.000000
 beta_unit_norm       :   0.001650
 betai_unit           :   0.000757
 betae_unit_norm      :   0.000894
 beta_*               :   0.005466
 alpha_MHD            :   0.055766
 omega_00 (c_s/a)     :   0.000000
 * Note that f = f_sim exp(i n omega0[r0] t)
 -------- ALFVEN WAVE PARAMETERS (diagnostic) ----------
 (v_A/c_s)            :  47.304037
 Omega_TAE            :   4.413354
 Omega_A              :   8.826708
 ----------- UPWIND PARAMETERS -----------------
 radial_upwind        :   2.000000
 orbit_upwind         :   1.000000
 orbit_upwind (elec)  :   0.000000
 ----------- SOURCE PARAMETERS -----------------
 nu_source            :   0.100000
 n_source             :    1
 ----------- RADIAL DOMAIN PARAMETERS ----------
 s_grid               :   0.771330
 box_multiplier       :   1.000000
 L/a                  :   0.013621
 --
 explicit_damp(i)     :   0 (  1.0000)
 explicit_damp(e)     :   0 (  1.0000)
 --
 offset               :   0 (  0.0000)
 LEFT : r_a           :   0.593190
 LEFT : r_a_physical  :   0.593190
 NORM : r(ir_norm)    :   0.600000
 RIGHT: r_b_physical  :   0.604540
 RIGHT: r_b           :   0.604540
 ----------- PARALLELIZATION PARAMETERS --------
 (nek) per subgroup:  :        32
 (ine) per subgroup:  :        24
 ----------- TIME STEPPING PARAMETERS ----------
 plot_filter          :   1.000000
 time_skip            :     5
 restart_data_skip    :    10
 ----------- STABILITY PARAMETERS ----------------
 d/dtau Courant       :  17.342894
   d/dr Courant       :   3.029396
 ----------- SETUP TIMING ----------------------
 Grid Setup           :   0.054814
 Build radial ops     :   0.010695
 Build advection ops  :   0.000000
 Build field matrices :   0.035703
 
 TOTAL SETUP          :   0.111420
 -------- CENTRAL WAVENUMBERS SIMULATED -----------
     (k_y = nq/r, rho = rho_sD_unit)
 n =    30   k_y rho =  0.800 [ 0.800][ 0.800]
  
 min resolved k_x*rho_sD :  3.877128
 max resolved k_x*rho_sD :  5.815691
 --------------- CENTRAL BOX SIZE -----------------
 abs(Lx/rho_sD)       :     1.620577
 abs(Ly/rho_sD)       :     7.853982
 => abs(dx/rho_sD)    :     0.270096
 --------------------------------------------------
 ------------ GYRO-OPERATOR BANDWIDTH -------------
 => EXACT BESSEL.
 --------------------------------------------------
 PLEASE SEE: 
  - units.out for normalizing parameters
  - alloc.out for memory usage
  - efficiency.out for parallelization efficiency
  - phase_space.out for velocity-space nodes and weights
 -----------------------------------------------
 operational mode     : FIELD EIGENVALUE
 boundary conditions  : PERIODIC
 profiles             : FLAT
 geometry             : MODEL SHAPE
 electron_method      : ALL SPECIES GYROKINETIC
 fluctuations         : ELECTROSTATIC
 gyro_method          : ORIGINAL (INTEGRATED) POLARIZATION
 fluctuation output   : PHI( ) N( ) E( ) V( )                   
 radial grid          : UNIFORM
 integrator_method    : RK2
 field solve          : UMFPACK (SEQUENTIAL)
 source_flag          : SOURCE OFF
 pitch-angle coll.    : OFF
 rotation parameters  : CANDY METHOD
 nonlinear dynamics   : OFF
 linear diffusivity   : RESPONSE FUNCTION
 -----------------------------------------------
----------------------------------------------------------
INFO: Forcing up-down symmetry (UDSYMMETRY_FLAG=1).
----------------------------------------------------------
----------------------------------------------------------
INFO: You are using TOROIDAL_REFERENCE=-1
----------------------------------------------------------
----------------------------------------------------------
INFO: TOROIDAL_REFERENCE reset to lowest nonzero mode.
----------------------------------------------------------
----------------------------------------------------------
INFO: nu_ii rescaled by: 0.000
----------------------------------------------------------
 ----------- SPARSE MATRIX STATS ---------------
 EXPLICIT POISSON:     n>0           
         nonzeros:     2304
           values:     6960
          indices:     9313
       iterations:        1
 
 ----------- UTILITY PARAMETERS ----------------
 Ion parallel motion     : ON
 Ion curvature drift     : ON
 Electron curvature drift: ON
 ----------- GRID DIMENSIONS -------------------
 n_n                  :    1
 n_x                  :    6
 n_stack              :   28
 n_blend              :    8
 n_pass               :    4
 n_trap               :    4
 n_energy             :    8
 n_field              :    1
 --
 n_spec               :    2
 n_ion                :    2
 n_kinetic            :    2
 n_gk                 :    2
 indx_e               :    2
 --
 FIELD POINTS:        :        48
 DIST. POINTS:        :     21504
 --
 energy_max           :   6.000000
 dt                   :   0.200000
 --------------- LOCAL PARAMETERS ---------------
  NOTE: use abs(SAFETY_FACTOR) as input
 # RADIUS [INPUT]     :   0.600000
 .RADIUS              :   0.600000
 .ASPECT_RATIO        :   2.815229
 .SHIFT               :  -0.087622
 .ZMAG                :   0.000000
 .DZMAG               :   0.000000
 .KAPPA               :   1.309805
 .S_KAPPA             :   0.063361
 .DELTA               :   0.121754
 .S_DELTA             :   0.150926
 .ZETA                :  -0.005643
 .S_ZETA              :  -0.013738
 .SAFETY_FACTOR       :   1.903644
 .SHEAR               :   0.771330
 .RHO_STAR            :   0.009456
 .Z_EFF               :   1.329563
 .MACH                :   0.000000
 .PGAMMA              :   0.000000
 .GAMMA_E             :   0.000000
 .LAMBDA_DEBYE        :   0.000000
 .NU_EI               :   0.000000
 .NU_I_KROOK          :   0.000000
 .IPCCW               :   1.000000
 .BTCCW               :  -1.000000
 # Ion  1
 .NI_OVER_NE          :   1.000000
 .TI_OVER_TE          :   0.847056
 .DLNNDR              :   1.024413
 .DLNTDR              :   1.767648
 .Z                   :   1.000000
 (NU_II)              :   0.000000
 .MU                  :   1.000000
 # Electrons
 .DLNNDR_ELECTRON     :   1.024413
 .DLNTDR_ELECTRON     :   2.728019
 (Z_ELECTRON)         :  -1.000000
 .BETAE_UNIT          :   0.000894
 .MU_ELECTRON         :  60.599098
 --------------- TGLF PARAMETERS ---------------
 Q_PRIME              :   7.764422
 P_PRIME              :   0.000690
 -------- LOCAL PARAMETERS (diagnostic) ----------
 n_i*z_i - n_e:       :   0.000000
 r/R0                 :   0.213127
 b_unit               :   1.000000
 beta_unit_norm       :   0.001650
 betai_unit           :   0.000757
 betae_unit_norm      :   0.000894
 beta_*               :   0.005466
 alpha_MHD            :   0.055766
 omega_00 (c_s/a)     :   0.000000
 * Note that f = f_sim exp(i n omega0[r0] t)
 -------- ALFVEN WAVE PARAMETERS (diagnostic) ----------
 (v_A/c_s)            :  47.304037
 Omega_TAE            :   4.413354
 Omega_A              :   8.826708
 ----------- UPWIND PARAMETERS -----------------
 radial_upwind        :   2.000000
 orbit_upwind         :   1.000000
 orbit_upwind (elec)  :   0.000000
 ----------- SOURCE PARAMETERS -----------------
 nu_source            :   0.100000
 n_source             :    1
 ----------- RADIAL DOMAIN PARAMETERS ----------
 s_grid               :   0.771330
 box_multiplier       :   1.000000
 L/a                  :   0.013621
 --
 explicit_damp(i)     :   0 (  1.0000)
 explicit_damp(e)     :   0 (  1.0000)
 --
 offset               :   0 (  0.0000)
 LEFT : r_a           :   0.593190
 LEFT : r_a_physical  :   0.593190
 NORM : r(ir_norm)    :   0.600000
 RIGHT: r_b_physical  :   0.604540
 RIGHT: r_b           :   0.604540
 ----------- PARALLELIZATION PARAMETERS --------
 (nek) per subgroup:  :        32
 (ine) per subgroup:  :        24
 ----------- TIME STEPPING PARAMETERS ----------
 plot_filter          :   1.000000
 time_skip            :     5
 restart_data_skip    :    10
 ----------- STABILITY PARAMETERS ----------------
 d/dtau Courant       :  17.342894
   d/dr Courant       :   3.408071
 ----------- SETUP TIMING ----------------------
 Grid Setup           :   0.052672
 Build radial ops     :   0.010919
 Build advection ops  :   0.000000
 Build field matrices :   0.035819
 
 TOTAL SETUP          :   0.109420
 -------- CENTRAL WAVENUMBERS SIMULATED -----------
     (k_y = nq/r, rho = rho_sD_unit)
 n =    30   k_y rho =  0.900 [ 0.900][ 0.900]
  
 min resolved k_x*rho_sD :  4.361769
 max resolved k_x*rho_sD :  6.542653
 --------------- CENTRAL BOX SIZE -----------------
 abs(Lx/rho_sD)       :     1.440513
 abs(Ly/rho_sD)       :     6.981317
 => abs(dx/rho_sD)    :     0.240086
 --------------------------------------------------
 ------------ GYRO-OPERATOR BANDWIDTH -------------
 => EXACT BESSEL.
 --------------------------------------------------
 PLEASE SEE: 
  - units.out for normalizing parameters
  - alloc.out for memory usage
  - efficiency.out for parallelization efficiency
  - phase_space.out for velocity-space nodes and weights
