   6
   6
   4
   4
   8
  24
  30
   1
  10
   0
   0
   2
   2
   1
   2
   2
   0
   1
   0
   1
 4.95833333E-01
 4.97222222E-01
 4.98611111E-01
 5.00000000E-01
 5.01388889E-01
 5.02777778E-01
 1.98333333E+00
 1.98888889E+00
 1.99444444E+00
 2.00000000E+00
 2.00555556E+00
 2.01111111E+00
 5.00000000E-01
 5.00000000E-01
 5.00000000E-01
 5.00000000E-01
 5.00000000E-01
 5.00000000E-01
 2.00000000E+00
 2.00000000E+00
 2.00000000E+00
 2.00000000E+00
 2.00000000E+00
 2.00000000E+00
 3.00000000E+00
 3.00000000E+00
 3.00000000E+00
 3.00000000E+00
 3.00000000E+00
 3.00000000E+00
 3.00000000E+00
 3.00000000E+00
 3.00000000E+00
 3.00000000E+00
 3.00000000E+00
 3.00000000E+00
 1.00000000E+00
 1.00000000E+00
 1.00000000E+00
 1.00000000E+00
 1.00000000E+00
 1.00000000E+00
 1.00000000E+00
 1.00000000E+00
 1.00000000E+00
 1.00000000E+00
 1.00000000E+00
 1.00000000E+00
 1.00000000E+00
 1.00000000E+00
 1.00000000E+00
 1.00000000E+00
 1.00000000E+00
 1.00000000E+00
 1.00000000E+00
 1.00000000E+00
 1.00000000E+00
 1.00000000E+00
 1.00000000E+00
 1.00000000E+00
 1.00000000E+00
 1.00000000E+00
 1.00000000E+00
 1.00000000E+00
 1.00000000E+00
 1.00000000E+00
 1.00000000E+00
 1.00000000E+00
 1.00000000E+00
 1.00000000E+00
 1.00000000E+00
 1.00000000E+00
 0.00000000E+00
 0.00000000E+00
 0.00000000E+00
 0.00000000E+00
 0.00000000E+00
 0.00000000E+00
 6.00000000E+00
 6.00000000E+00
 6.00000000E+00
 6.00000000E+00
 6.00000000E+00
 6.00000000E+00
 0.00000000E+00
 0.00000000E+00
 0.00000000E+00
 0.00000000E+00
 0.00000000E+00
 0.00000000E+00
 0.00000000E+00
 0.00000000E+00
 0.00000000E+00
 0.00000000E+00
 0.00000000E+00
 0.00000000E+00
 1.00000000E+00
 1.00000000E+00
 1.00000000E+00
 1.00000000E+00
 1.00000000E+00
 1.00000000E+00
 0.00000000E+00
 0.00000000E+00
 0.00000000E+00
 0.00000000E+00
 0.00000000E+00
 0.00000000E+00
 1.00000000E+00
 1.00000000E+00
 1.00000000E+00
 1.00000000E+00
 1.00000000E+00
 1.00000000E+00
 0.00000000E+00
 0.00000000E+00
 0.00000000E+00
 0.00000000E+00
 0.00000000E+00
 0.00000000E+00
 0.00000000E+00
 0.00000000E+00
 0.00000000E+00
 0.00000000E+00
 0.00000000E+00
 0.00000000E+00
 0.00000000E+00
 0.00000000E+00
 0.00000000E+00
 0.00000000E+00
 0.00000000E+00
 0.00000000E+00
 0.00000000E+00
 0.00000000E+00
 0.00000000E+00
 0.00000000E+00
 0.00000000E+00
 0.00000000E+00
 0.00000000E+00
 0.00000000E+00
 0.00000000E+00
 0.00000000E+00
 0.00000000E+00
 0.00000000E+00
 2.00000000E-02
 2.00000000E-02
 2.00000000E-02
 2.00000000E-02
 2.00000000E-02
 2.00000000E-02
 0.00000000E+00
 0.00000000E+00
 0.00000000E+00
 0.00000000E+00
 0.00000000E+00
 0.00000000E+00
 0.00000000E+00
 0.00000000E+00
 0.00000000E+00
 0.00000000E+00
 0.00000000E+00
 0.00000000E+00
 1.00000000E+00
 1.00000000E+00
 1.00000000E+00
 1.00000000E+00
 1.00000000E+00
 1.00000000E+00
 1.00000000E+00
 1.00000000E+00
 1.00000000E+00
 1.00000000E+00
 1.00000000E+00
 1.00000000E+00
 1.00000000E+00
 1.00000000E+00
 1.00000000E+00
 1.00000000E+00
 1.00000000E+00
 1.00000000E+00
 0.00000000E+00
 0.00000000E+00
 0.00000000E+00
 0.00000000E+00
 0.00000000E+00
 0.00000000E+00
 0.00000000E+00
 0.00000000E+00
 0.00000000E+00
 0.00000000E+00
 0.00000000E+00
 0.00000000E+00
 0.00000000E+00
 0.00000000E+00
 0.00000000E+00
 0.00000000E+00
 0.00000000E+00
 0.00000000E+00
 1.00000000E+00
 0.00000000E+00
 0.00000000E+00
 0.00000000E+00
 0.00000000E+00
 0.00000000E+00
 0.00000000E+00
 0.00000000E+00
 0.00000000E+00
 0.00000000E+00
 0.00000000E+00
 0.00000000E+00
 0.00000000E+00
 1.50000000E+00
 1.50000000E+00
 1.50000000E+00
 1.50000000E+00
 1.50000000E+00
 1.50000000E+00
 1.50000000E+00
 1.50000000E+00
 1.50000000E+00
 1.50000000E+00
 1.50000000E+00
 1.50000000E+00
-0.00000000E+00
-0.00000000E+00
-0.00000000E+00
-0.00000000E+00
-0.00000000E+00
-0.00000000E+00
-1.00000000E+00
-1.00000000E+00
-1.00000000E+00
-1.00000000E+00
-1.00000000E+00
-1.00000000E+00
 0.00000000E+00
 0.00000000E+00
 0.00000000E+00
 0.00000000E+00
 0.00000000E+00
 0.00000000E+00
 0.00000000E+00
 0.00000000E+00
 0.00000000E+00
 0.00000000E+00
 0.00000000E+00
 0.00000000E+00
 5.00000000E-01
 5.00000000E-01
 5.00000000E-01
 5.00000000E-01
 5.00000000E-01
 5.00000000E-01
 1.00000000E+00
 1.00000000E+00
 1.00000000E+00
 1.00000000E+00
 1.00000000E+00
 1.00000000E+00
 5.00000000E-01
 5.00000000E-01
 5.00000000E-01
 5.00000000E-01
 5.00000000E-01
 5.00000000E-01
 8.54839311E-02
 3.71949315E-01
 6.62646393E-01
 8.16064003E-01
 8.56235189E-01
 9.30698623E-01
 1.04956552E+00
 1.15082524E+00
 1.08672455E-01
 3.53152937E-01
 7.00893406E-01
 1.17319641E+00
 1.82319096E+00
 2.77512844E+00
 4.38056394E+00
 6.00000000E+00
 8.42151921E-01
 3.00000000E-01
 2.50000000E-03
 1.00000000E+00
-1.00000000E+00
  24
   2
