           8
           4
          20
           6
           1
   4
 -0.946625225855255     
 -0.948008059134636     
 -0.951568835503095     
 -0.955884999390203     
 -0.959382456574620     
 -0.960752346695679     
 -0.959382456574620     
 -0.955884999390203     
 -0.951568835503095     
 -0.948008059134636     
  0.946625225855255     
  0.948008059134636     
  0.951568835503095     
  0.955884999390203     
  0.959382456574620     
  0.960752346695679     
  0.959382456574620     
  0.955884999390203     
  0.951568835503095     
  0.948008059134636     
 -0.741767323554478     
 -0.748820816158302     
 -0.767285652380562     
 -0.790172565244374     
 -0.809090627210855     
 -0.816618442488572     
 -0.809090627210855     
 -0.790172565244375     
 -0.767285652380562     
 -0.748820816158302     
  0.741767323554478     
  0.748820816158302     
  0.767285652380562     
  0.790172565244374     
  0.809090627210855     
  0.816618442488572     
  0.809090627210855     
  0.790172565244375     
  0.767285652380562     
  0.748820816158302     
 -0.452975683110723     
 -0.468809100593870     
 -0.512067785514715     
 -0.569494740984266     
 -0.620226607777976     
 -0.641338392123867     
 -0.620226607777976     
 -0.569494740984267     
 -0.512067785514716     
 -0.468809100593870     
  0.452975683110723     
  0.468809100593870     
  0.512067785514715     
  0.569494740984266     
  0.620226607777976     
  0.641338392123867     
  0.620226607777976     
  0.569494740984267     
  0.512067785514716     
  0.468809100593870     
 -0.169506129456488     
 -0.190372491934796     
 -0.254381392586203     
 -0.358630324955334     
 -0.473719797697606     
 -0.529737948639690     
 -0.473719797697609     
 -0.358630324955338     
 -0.254381392586205     
 -0.190372491934797     
  0.169506129456488     
  0.190372491934796     
  0.254381392586203     
  0.358630324955334     
  0.473719797697606     
  0.529737948639690     
  0.473719797697609     
  0.358630324955338     
  0.254381392586205     
  0.190372491934797     
 -1.053671212772351E-008
 -6.824503732288033E-002
 -0.157149958062740     
 -0.281918341285117     
 -0.425343213499984     
 -0.499828252344398     
 -0.425343217711268     
 -0.281918346377889     
 -0.157149962527948     
 -6.824504111266255E-002
  0.000000000000000E+000
  6.824504111266255E-002
  0.157149962527948     
  0.281918346377889     
  0.425343217711268     
  0.499828252344398     
  0.425343213499984     
  0.281918341285117     
  0.157149958062740     
  6.824503732288033E-002
 -2.107342425544702E-008
 -0.102652900430887     
 -0.209676133921678     
 -0.317551055282447     
 -0.406796540654526     
 -0.443762014067175     
 -0.406796534990485     
 -0.317551046607633     
 -0.209676124777323     
 -0.102652891633623     
 -1.490116119384766E-008
  0.102652891633623     
  0.209676124777323     
  0.317551046607633     
  0.406796534990485     
  0.443762014067175     
  0.406796540654526     
  0.317551055282447     
  0.209676133921678     
  0.102652900430887     
 -1.490116119384766E-008
 -9.091257579095215E-002
 -0.177404409324260     
 -0.252920709717373     
 -0.306603698286887     
 -0.326492164067899     
 -0.306603700955740     
 -0.252920714538236     
 -0.177404415622333     
 -9.091258294132074E-002
 -2.107342425544702E-008
  9.091258294132074E-002
  0.177404415622333     
  0.252920714538236     
  0.306603700955740     
  0.326492164067899     
  0.306603698286887     
  0.252920709717373     
  0.177404409324260     
  9.091257579095215E-002
 -2.107342425544702E-008
 -4.733704629732153E-002
 -8.978852663443361E-002
 -0.124308248279867     
 -0.147067628564402     
 -0.155051691169236     
 -0.147067626700585     
 -0.124308244220496     
 -8.978852112867243E-002
 -4.733703995679687E-002
 -1.490116119384766E-008
  4.733703995679687E-002
  8.978852112867243E-002
  0.124308244220496     
  0.147067626700585     
  0.155051691169236     
  0.147067628564402     
  0.124308248279867     
  8.978852663443361E-002
  4.733704629732153E-002
  -1.00000000000000     
 -0.814278257212863     
 -0.624595143913516     
 -0.427186890892835     
 -0.218577160577345     
  1.369405487852348E-016
  0.218577160577345     
  0.427186890892836     
  0.624595143913517     
  0.814278257212863     
  -1.00000000000000     
 -0.814278257212863     
 -0.624595143913516     
 -0.427186890892835     
 -0.218577160577345     
  1.369405487852348E-016
  0.218577160577345     
  0.427186890892836     
  0.624595143913517     
  0.814278257212863     
  -1.00000000000000     
 -0.821365300630918     
 -0.636394302144316     
 -0.439571481096707     
 -0.226713372386482     
  9.718361526694079E-017
  0.226713372386482     
  0.439571481096707     
  0.636394302144316     
  0.821365300630918     
  -1.00000000000000     
 -0.821365300630918     
 -0.636394302144316     
 -0.439571481096707     
 -0.226713372386482     
  9.718361526694079E-017
  0.226713372386482     
  0.439571481096707     
  0.636394302144316     
  0.821365300630918     
  -1.00000000000000     
 -0.842436952427157     
 -0.672094134918677     
 -0.477901114959414     
 -0.252486502900910     
 -8.790699744600554E-016
  0.252486502900908     
  0.477901114959413     
  0.672094134918676     
  0.842436952427156     
  -1.00000000000000     
 -0.842436952427157     
 -0.672094134918677     
 -0.477901114959414     
 -0.252486502900910     
 -8.790699744600554E-016
  0.252486502900908     
  0.477901114959413     
  0.672094134918676     
  0.842436952427156     
  -1.00000000000000     
 -0.898724765947878     
 -0.772399924412278     
 -0.593593479842239     
 -0.336461787732203     
 -3.131962873830046E-015
  0.336461787732198     
  0.593593479842237     
  0.772399924412278     
  0.898724765947878     
  -1.00000000000000     
 -0.898724765947878     
 -0.772399924412278     
 -0.593593479842239     
 -0.336461787732203     
 -3.131962873830046E-015
  0.336461787732198     
  0.593593479842237     
  0.772399924412278     
  0.898724765947878     
 -0.869956245843810     
 -0.847453843411272     
 -0.772326889711460     
 -0.622498940086708     
 -0.366938697384285     
 -6.138386661347175E-009
  0.366938687139778     
  0.622498932969762     
  0.772326885190979     
  0.847453841045840     
  0.869956245843813     
  0.847453841045840     
  0.772326885190979     
  0.622498932969762     
  0.366938687139778     
 -6.138386661347175E-009
 -0.366938697384285     
 -0.622498940086708     
 -0.772326889711460     
 -0.847453843411272     
 -0.656520818529947     
 -0.631813828236620     
 -0.555865308517036     
 -0.424098359424213     
 -0.234298012149310     
  1.012772413334660E-008
  0.234298030170404     
  0.424098372848314     
  0.555865317144865     
  0.631813832418194     
  0.656520818529949     
  0.631813832418194     
  0.555865317144865     
  0.424098372848314     
  0.234298030170404     
  1.012772413334660E-008
 -0.234298012149310     
 -0.424098359424213     
 -0.555865308517036     
 -0.631813828236620     
 -0.423449171136794     
 -0.404950369559096     
 -0.349879242681721     
 -0.259703018995359     
 -0.139226148200193     
 -5.243317834223799E-009
  0.139226138421385     
  0.259703011025215     
  0.349879237103364     
  0.404950366634524     
  0.423449171136798     
  0.404950366634524     
  0.349879237103364     
  0.259703011025215     
  0.139226138421385     
 -5.243317834223799E-009
 -0.139226148200193     
 -0.259703018995359     
 -0.349879242681721     
 -0.404950369559096     
 -0.184721865305848     
 -0.175735270386539     
 -0.149935807388113     
 -0.109383274435791     
 -5.770849349925049E-002
  4.042341701795059E-009
  5.770850116791779E-002
  0.109383280924200     
  0.149935812104777     
  0.175735272931485     
  0.184721865305848     
  0.175735272931485     
  0.149935812104777     
  0.109383280924200     
  5.770850116791779E-002
  4.042341701795059E-009
 -5.770849349925049E-002
 -0.109383274435791     
 -0.149935807388113     
 -0.175735270386539     
