 5.6066E-15
 1.9429E-16
 9.3956E-01
-3.7366E-02
-3.6152E-15
 9.9197E-01
 6.6433E-01
 8.9790E-01
 1.0891E+00
 6.0996E-01
 1.6723E-15
 5.6205E-15
-5.7385E-15
 9.3841E-01
-3.7557E-02
-3.6290E-15
 9.9175E-01
 6.6258E-01
 8.9745E-01
 1.0891E+00
 6.0835E-01
 1.6896E-15
 5.6205E-15
-1.7313E-14
 9.3727E-01
-3.7749E-02
-3.6360E-15
 9.9152E-01
 6.6083E-01
 8.9700E-01
 1.0891E+00
 6.0674E-01
 1.7035E-15
 5.6205E-15
-6.8209E-15
 9.3613E-01
-3.7942E-02
-3.6429E-15
 9.9130E-01
 6.5908E-01
 8.9654E-01
 1.0891E+00
 6.0513E-01
 1.7208E-15
 5.6205E-15
-1.1172E-15
 9.3498E-01
-3.8137E-02
-3.6429E-15
 9.9107E-01
 6.5733E-01
 8.9608E-01
 1.0891E+00
 6.0353E-01
 1.7382E-15
 5.6205E-15
-2.2621E-15
 9.3384E-01
-3.8333E-02
-3.6568E-15
 9.9084E-01
 6.5559E-01
 8.9561E-01
 1.0891E+00
 6.0193E-01
 1.7555E-15
