 i    energy(i)    w_energy(i) 
--- ------------  ------------ 
 1  0.1078183154  0.0635404654
 2  0.3500828453  0.1372561717
 3  0.6938122689  0.1873704710
 4  1.1584709317  0.2050996484
 5  1.7916103850  0.1873704710
 6  2.6947340750  0.1372561717
 7  4.0614273853  0.0635404654
 8  5.0000000000  0.0185661355
 
 k   tau(k)/2pi     s_lambda(k)   lambda(k)   w_lambda(k)
--- ------------  ------------ ------------  -----------
 1  1.0299149492  0.0457424948  0.1167619007  0.0572926898
 2  1.2610398999  0.2174140268  0.5054568588  0.1074101757
 3  1.8070648164  0.4413974351  0.8931979905  0.1074101757
 4  3.0188719334  0.6130689670  1.0914948544  0.0572926898
lambda-TP:                      1.1237837784
 5  3.5592379491  0.6825008112  1.1382178842  0.0296710215
 6  2.4628626034  0.7714069133  1.2184872050  0.0556261130
 7  1.9598920227  0.8874045485  1.3555391335  0.0556261130
 8  1.7004611275  0.9763106506  1.4807995696  0.0296710215
lambda-MAX:                     1.5172764538
 
 k   tau(k)/2pi     s_lambda(k)   lambda(k)   w_lambda(k)
--- ------------  ------------ ------------  -----------
 1  1.0299149492  0.0457424948  0.1167619007  0.0572926898
 2  1.2610398999  0.2174140268  0.5054568588  0.1074101757
 3  1.8070648164  0.4413974351  0.8931979905  0.1074101757
 4  3.0188719334  0.6130689670  1.0914948544  0.0572926898
lambda-TP:                      1.1237837784
 5  3.5592379491  0.6825008112  1.1382178842  0.0296710215
 6  2.4628626034  0.7714069133  1.2184872050  0.0556261130
 7  1.9598920227  0.8874045485  1.3555391335  0.0556261130
 8  1.7004611275  0.9763106506  1.4807995696  0.0296710215
lambda-MAX:                     1.5172764538
