----------------------------------------------------------------------------------- 
 => ion # 1
 r           dlntdr_s    dlnndr_s    tem_s       den_s       alpha_s     (null)      
----------------------------------------------------------------------------------- 
 4.0504E-01  2.1087E+00  2.3216E-01  9.1086E-01  1.0000E+00  1.0979E+00  0.0000E+00
 4.1169E-01  2.1087E+00  2.3216E-01  9.1086E-01  1.0000E+00  1.0979E+00  0.0000E+00
 4.1835E-01  2.1087E+00  2.3216E-01  9.1086E-01  1.0000E+00  1.0979E+00  0.0000E+00
 4.2500E-01  2.1087E+00  2.3216E-01  9.1086E-01  1.0000E+00  1.0979E+00  0.0000E+00
 4.3165E-01  2.1087E+00  2.3216E-01  9.1086E-01  1.0000E+00  1.0979E+00  0.0000E+00
 4.3831E-01  2.1087E+00  2.3216E-01  9.1086E-01  1.0000E+00  1.0979E+00  0.0000E+00
----------------------------------------------------------------------------------- 
=> electrons
 r           dlntdr_s    dlnndr_s    tem_s       den_s       alpha_s     (null)      
----------------------------------------------------------------------------------- 
 4.0504E-01  3.5246E+00  2.3216E-01  1.0000E+00  1.0000E+00  1.0000E+00  0.0000E+00
 4.1169E-01  3.5246E+00  2.3216E-01  1.0000E+00  1.0000E+00  1.0000E+00  0.0000E+00
 4.1835E-01  3.5246E+00  2.3216E-01  1.0000E+00  1.0000E+00  1.0000E+00  0.0000E+00
 4.2500E-01  3.5246E+00  2.3216E-01  1.0000E+00  1.0000E+00  1.0000E+00  0.0000E+00
 4.3165E-01  3.5246E+00  2.3216E-01  1.0000E+00  1.0000E+00  1.0000E+00  0.0000E+00
 4.3831E-01  3.5246E+00  2.3216E-01  1.0000E+00  1.0000E+00  1.0000E+00  0.0000E+00
----------------------------------------------------------------------------------- 
 => Geometry
 r           q_s         shat_s      kappa_s     s_kappa_s   delta_s     s_delta_s   
----------------------------------------------------------------------------------- 
 4.0504E-01  1.6391E+00  2.1652E-01  1.2943E+00  1.6934E-02  8.4185E-02  8.1045E-02
 4.1169E-01  1.6391E+00  2.1652E-01  1.2943E+00  1.6934E-02  8.4185E-02  8.1045E-02
 4.1835E-01  1.6391E+00  2.1652E-01  1.2943E+00  1.6934E-02  8.4185E-02  8.1045E-02
 4.2500E-01  1.6391E+00  2.1652E-01  1.2943E+00  1.6934E-02  8.4185E-02  8.1045E-02
 4.3165E-01  1.6391E+00  2.1652E-01  1.2943E+00  1.6934E-02  8.4185E-02  8.1045E-02
 4.3831E-01  1.6391E+00  2.1652E-01  1.2943E+00  1.6934E-02  8.4185E-02  8.1045E-02
----------------------------------------------------------------------------------- 
 => Geometry
 r           R/r         drmaj_s     b_unit_s    beta_unit_s rhosda_s    (null)      
----------------------------------------------------------------------------------- 
 4.0504E-01  6.6588E+00 -8.1846E-02  1.0000E+00  3.4701E-03  2.5000E-03  0.0000E+00
 4.1169E-01  6.6588E+00 -8.1846E-02  1.0000E+00  3.4701E-03  2.5000E-03  0.0000E+00
 4.1835E-01  6.6588E+00 -8.1846E-02  1.0000E+00  3.4701E-03  2.5000E-03  0.0000E+00
 4.2500E-01  6.6588E+00 -8.1846E-02  1.0000E+00  3.4701E-03  2.5000E-03  0.0000E+00
 4.3165E-01  6.6588E+00 -8.1846E-02  1.0000E+00  3.4701E-03  2.5000E-03  0.0000E+00
 4.3831E-01  6.6588E+00 -8.1846E-02  1.0000E+00  3.4701E-03  2.5000E-03  0.0000E+00
----------------------------------------------------------------------------------- 
 => Geometry and Flows
 r           r_s         r_e         dr_eodr     q           (null)      (null)      
----------------------------------------------------------------------------------- 
 4.0504E-01  4.2500E-01  4.0504E-01  1.0000E+00  1.6224E+00  0.0000E+00  0.0000E+00
 4.1169E-01  4.2500E-01  4.1169E-01  1.0000E+00  1.6280E+00  0.0000E+00  0.0000E+00
 4.1835E-01  4.2500E-01  4.1835E-01  1.0000E+00  1.6335E+00  0.0000E+00  0.0000E+00
 4.2500E-01  4.2500E-01  4.2500E-01  1.0000E+00  1.6391E+00  0.0000E+00  0.0000E+00
 4.3165E-01  4.2500E-01  4.3165E-01  1.0000E+00  1.6446E+00  0.0000E+00  0.0000E+00
 4.3831E-01  4.2500E-01  4.3831E-01  1.0000E+00  1.6502E+00  0.0000E+00  0.0000E+00
----------------------------------------------------------------------------------- 
 => Geometry and Flows
 r           gamma_e_s   gamma_p_s   mach_s      z_eff_s     nu_s        (null)      
----------------------------------------------------------------------------------- 
 4.0504E-01  2.8904E-02 -3.1547E-01 -2.7851E-01  1.2944E+00  5.0466E-02  0.0000E+00
 4.1169E-01  2.8904E-02 -3.1547E-01 -2.7851E-01  1.2944E+00  5.0466E-02  0.0000E+00
 4.1835E-01  2.8904E-02 -3.1547E-01 -2.7851E-01  1.2944E+00  5.0466E-02  0.0000E+00
 4.2500E-01  2.8904E-02 -3.1547E-01 -2.7851E-01  1.2944E+00  5.0466E-02  0.0000E+00
 4.3165E-01  2.8904E-02 -3.1547E-01 -2.7851E-01  1.2944E+00  5.0466E-02  0.0000E+00
 4.3831E-01  2.8904E-02 -3.1547E-01 -2.7851E-01  1.2944E+00  5.0466E-02  0.0000E+00
----------------------------------------------------------------------------------- 
 => Geometry and Flows
 r           gamma_t_s   gamma_n_s   gamma_eb_s  gamma_HB    w0_s        w0p_s       
----------------------------------------------------------------------------------- 
 4.0504E-01 -1.0297E-02 -1.0326E-03  2.8904E-02  5.2023E-02  0.0000E+00  0.0000E+00
 4.1169E-01 -1.0104E-02 -1.0132E-03  2.8904E-02  5.2023E-02  0.0000E+00  0.0000E+00
 4.1835E-01 -9.9092E-03 -9.9372E-04  2.8904E-02  5.2023E-02  0.0000E+00  0.0000E+00
 4.2500E-01 -9.7209E-03 -9.7484E-04  2.8904E-02  5.2023E-02  0.0000E+00  0.0000E+00
 4.3165E-01 -9.5387E-03 -9.5656E-04  2.8904E-02  5.2023E-02  0.0000E+00  0.0000E+00
 4.3831E-01 -9.3555E-03 -9.3820E-04  2.8904E-02  5.2023E-02  0.0000E+00  0.0000E+00
----------------------------------------------------------------------------------- 
 => Geometry and Flows
 r           (null)      (null)      (null)      zmag_s      V (volume)  dV/dr       
----------------------------------------------------------------------------------- 
 4.0504E-01  0.0000E+00  0.0000E+00  0.0000E+00  0.0000E+00  1.2991E+01  6.0936E+01
 4.1169E-01  0.0000E+00  0.0000E+00  0.0000E+00  0.0000E+00  1.2991E+01  6.0936E+01
 4.1835E-01  0.0000E+00  0.0000E+00  0.0000E+00  0.0000E+00  1.2991E+01  6.0936E+01
 4.2500E-01  0.0000E+00  0.0000E+00  0.0000E+00  0.0000E+00  1.2991E+01  6.0936E+01
 4.3165E-01  0.0000E+00  0.0000E+00  0.0000E+00  0.0000E+00  1.2991E+01  6.0936E+01
 4.3831E-01  0.0000E+00  0.0000E+00  0.0000E+00  0.0000E+00  1.2991E+01  6.0936E+01
