   6
   6
   4
   4
   8
   1
  30
   1
  10
   0
   0
   2
   1
   1
   2
   2
   0
   1
   0
   1
 4.05040485E-01
 4.11693657E-01
 4.18346828E-01
 4.25000000E-01
 4.31653172E-01
 4.38306343E-01
 1.62240944E+00
 1.62796499E+00
 1.63352055E+00
 1.63907611E+00
 1.64463166E+00
 1.65018722E+00
 4.25000000E-01
 4.25000000E-01
 4.25000000E-01
 4.25000000E-01
 4.25000000E-01
 4.25000000E-01
 1.63907611E+00
 1.63907611E+00
 1.63907611E+00
 1.63907611E+00
 1.63907611E+00
 1.63907611E+00
 2.10872574E+00
 3.52464567E+00
 2.10872574E+00
 3.52464567E+00
 2.10872574E+00
 3.52464567E+00
 2.10872574E+00
 3.52464567E+00
 2.10872574E+00
 3.52464567E+00
 2.10872574E+00
 3.52464567E+00
 2.32162613E-01
 2.32162613E-01
 2.32162613E-01
 2.32162613E-01
 2.32162613E-01
 2.32162613E-01
 2.32162613E-01
 2.32162613E-01
 2.32162613E-01
 2.32162613E-01
 2.32162613E-01
 2.32162613E-01
 9.10861354E-01
 1.00000000E+00
 9.10861354E-01
 1.00000000E+00
 9.10861354E-01
 1.00000000E+00
 9.10861354E-01
 1.00000000E+00
 9.10861354E-01
 1.00000000E+00
 9.10861354E-01
 1.00000000E+00
 1.00000000E+00
 1.00000000E+00
 1.00000000E+00
 1.00000000E+00
 1.00000000E+00
 1.00000000E+00
 1.00000000E+00
 1.00000000E+00
 1.00000000E+00
 1.00000000E+00
 1.00000000E+00
 1.00000000E+00
 6.65876319E+00
 6.65876319E+00
 6.65876319E+00
 6.65876319E+00
 6.65876319E+00
 6.65876319E+00
 8.41850674E-02
 8.41850674E-02
 8.41850674E-02
 8.41850674E-02
 8.41850674E-02
 8.41850674E-02
-2.39733965E-03
-2.39733965E-03
-2.39733965E-03
-2.39733965E-03
-2.39733965E-03
-2.39733965E-03
 1.29432519E+00
 1.29432519E+00
 1.29432519E+00
 1.29432519E+00
 1.29432519E+00
 1.29432519E+00
-8.18461301E-02
-8.18461301E-02
-8.18461301E-02
-8.18461301E-02
-8.18461301E-02
-8.18461301E-02
 2.16515292E-01
 2.16515292E-01
 2.16515292E-01
 2.16515292E-01
 2.16515292E-01
 2.16515292E-01
 8.10450473E-02
 8.10450473E-02
 8.10450473E-02
 8.10450473E-02
 8.10450473E-02
 8.10450473E-02
-6.19794772E-03
-6.19794772E-03
-6.19794772E-03
-6.19794772E-03
-6.19794772E-03
-6.19794772E-03
 1.69341980E-02
 1.69341980E-02
 1.69341980E-02
 1.69341980E-02
 1.69341980E-02
 1.69341980E-02
 0.00000000E+00
 0.00000000E+00
 0.00000000E+00
 0.00000000E+00
 0.00000000E+00
 0.00000000E+00
 0.00000000E+00
 0.00000000E+00
 0.00000000E+00
 0.00000000E+00
 0.00000000E+00
 0.00000000E+00
 3.47011682E-03
 3.47011682E-03
 3.47011682E-03
 3.47011682E-03
 3.47011682E-03
 3.47011682E-03
 2.89041284E-02
 2.89041284E-02
 2.89041284E-02
 2.89041284E-02
 2.89041284E-02
 2.89041284E-02
-3.15466006E-01
-3.15466006E-01
-3.15466006E-01
-3.15466006E-01
-3.15466006E-01
-3.15466006E-01
-2.78506616E-01
-2.78506616E-01
-2.78506616E-01
-2.78506616E-01
-2.78506616E-01
-2.78506616E-01
 1.00000000E+00
 1.00000000E+00
 1.00000000E+00
 1.00000000E+00
 1.00000000E+00
 1.00000000E+00
 1.00000000E+00
 1.00000000E+00
 1.00000000E+00
 1.00000000E+00
 1.00000000E+00
 1.00000000E+00
 1.29442316E+00
 1.29442316E+00
 1.29442316E+00
 1.29442316E+00
 1.29442316E+00
 1.29442316E+00
 5.04657648E-02
 5.04657648E-02
 5.04657648E-02
 5.04657648E-02
 5.04657648E-02
 5.04657648E-02
 0.00000000E+00
 0.00000000E+00
 0.00000000E+00
 0.00000000E+00
 0.00000000E+00
 0.00000000E+00
 1.00000000E+00
 1.16761901E-01
 5.05456859E-01
 8.93197991E-01
 1.09149485E+00
 1.13821788E+00
 1.21848721E+00
 1.35553913E+00
 1.48079957E+00
 1.07818315E-01
 3.50082845E-01
 6.93812269E-01
 1.15847093E+00
 1.79161038E+00
 2.69473408E+00
 4.06142739E+00
 5.00000000E+00
 1.12378378E+00
 2.89248725E-01
 2.50000000E-03
 1.00000000E+00
-1.00000000E+00
   1
   2
