[GYRO MPI tasks: 1]
[Parsing data in input.gyro]
 -----------------------------------------------
 operational mode     : INITIAL VALUE
 boundary conditions  : PERIODIC
 profiles             : FLAT
 geometry             : MODEL SHAPE
 electron_method      : IMPLICIT DRIFT-KINETIC ELECTRONS
 fluctuations         : ELECTROSTATIC
 gyro_method          : ORIGINAL (INTEGRATED) POLARIZATION
 fluctuation output   : PHI( ) N( ) E( ) V( )                   
 radial grid          : UNIFORM
 integrator_method    : IMEX2
 field solve          : UMFPACK (SEQUENTIAL)
 source_flag          : SOURCE OFF
 pitch-angle coll.    : RBF r^3
 rotation parameters  : CANDY METHOD
 nonlinear dynamics   : OFF
 linear diffusivity   : RESPONSE FUNCTION
 -----------------------------------------------
----------------------------------------------------------
INFO: Forcing up-down symmetry (UDSYMMETRY_FLAG=1).
----------------------------------------------------------
----------------------------------------------------------
INFO: You are using TOROIDAL_REFERENCE=-1
----------------------------------------------------------
----------------------------------------------------------
INFO: TOROIDAL_REFERENCE reset to lowest nonzero mode.
----------------------------------------------------------
----------------------------------------------------------
INFO: nu_ii rescaled by: 0.000
----------------------------------------------------------
 ----------- SPARSE MATRIX STATS ---------------
 EXPLICIT POISSON:     n>0           
         nonzeros:     1296
           values:     3924
          indices:     5257
       iterations:        1
 
      TOTAL FIELD:     n>0           
         nonzeros:     1296
           values:     3924
          indices:     5257
       iterations:        1
 
----------------------------------------------------------
INFO: Restart data not available.  Reseting restart_method.
----------------------------------------------------------
 ----------- UTILITY PARAMETERS ----------------
 Ion parallel motion     : ON
 Ion curvature drift     : ON
 Electron curvature drift: ON
 ----------- GRID DIMENSIONS -------------------
 n_n                  :    1
 n_x                  :    6
 n_stack              :   20
 n_blend              :    6
 n_pass               :    4
 n_trap               :    4
 n_energy             :    8
 n_field              :    1
 --
 n_spec               :    2
 n_ion                :    1
 n_kinetic            :    2
 n_gk                 :    1
 indx_e               :    2
 --
 FIELD POINTS:        :        36
 DIST. POINTS:        :     15360
 --
 energy_max           :   5.000000
 dt                   :   0.050000
 --------------- LOCAL PARAMETERS ---------------
  NOTE: use abs(SAFETY_FACTOR) as input
 # RADIUS [INPUT]     :   0.425000
 .RADIUS              :   0.425000
 .ASPECT_RATIO        :   2.829974
 .SHIFT               :  -0.081846
 .ZMAG                :   0.000000
 .DZMAG               :   0.000000
 .KAPPA               :   1.294325
 .S_KAPPA             :   0.016934
 .DELTA               :   0.084185
 .S_DELTA             :   0.081045
 .ZETA                :  -0.002397
 .S_ZETA              :  -0.006198
 .SAFETY_FACTOR       :   1.639076
 .SHEAR               :   0.216515
 .RHO_STAR            :   0.002500
 .Z_EFF               :   1.294423
 .MACH                :  -0.278507
 .PGAMMA              :  -0.315466
 .GAMMA_E             :   0.028904
 .LAMBDA_DEBYE        :   0.000000
 .NU_EI               :   0.055936
 .NU_I_KROOK          :   0.000000
 .IPCCW               :   1.000000
 .BTCCW               :  -1.000000
 # Ion  1
 .NI_OVER_NE          :   1.000000
 .TI_OVER_TE          :   0.736486
 .DLNNDR              :   1.232163
 .DLNTDR              :   2.108726
 .Z                   :   1.000000
 (NU_II)              :   0.000000
 .MU                  :   1.000000
 # Electrons
 .DLNNDR_ELECTRON     :   1.232163
 .DLNTDR_ELECTRON     :   2.524646
 (Z_ELECTRON)         :  -1.000000
 .BETAE_UNIT          :   0.002020
 .MU_ELECTRON         :  60.599098
 --------------- TGLF PARAMETERS ---------------
 Q_PRIME              :   3.220394
 P_PRIME              :   0.001927
 -------- LOCAL PARAMETERS (diagnostic) ----------
 n_i*z_i - n_e:       :   0.000000
 r/R0                 :   0.150178
 b_unit               :   1.000000
 beta_unit_norm       :   0.003507
 betai_unit           :   0.001487
 betae_unit_norm      :   0.002020
 beta_*               :   0.012556
 alpha_MHD            :   0.095465
 omega_00 (c_s/a)     :   0.000000
 * Note that f = f_sim exp(i n omega0[r0] t)
 -------- ALFVEN WAVE PARAMETERS (diagnostic) ----------
 (v_A/c_s)            :  31.469196
 Omega_TAE            :   3.392142
 Omega_A              :   6.784284
 ----------- UPWIND PARAMETERS -----------------
 radial_upwind        :   1.000000
 orbit_upwind         :   1.000000
 orbit_upwind (elec)  :   0.000000
 ----------- SOURCE PARAMETERS -----------------
 nu_source            :   0.100000
 n_source             :    1
 ----------- RADIAL DOMAIN PARAMETERS ----------
 s_grid               :   0.216515
 box_multiplier       :   1.000000
 L/a                  :   0.039919
 --
 explicit_damp(i)     :   0 (  1.0000)
 explicit_damp(e)     :   0 (  1.0000)
 --
 offset               :   0 (  0.0000)
 LEFT : r_a           :   0.405040
 LEFT : r_a_physical  :   0.405040
 NORM : r(ir_norm)    :   0.425000
 RIGHT: r_b_physical  :   0.438306
 RIGHT: r_b           :   0.438306
 ----------- PARALLELIZATION PARAMETERS --------
 (nek) per subgroup:  :        64
 (ine) per subgroup:  :        48
 ----------- TIME STEPPING PARAMETERS ----------
 plot_filter          :   1.000000
 time_skip            :    20
 restart_data_skip    :    10
 ----------- STABILITY PARAMETERS ----------------
 d/dtau Courant       :   3.192077
   d/dr Courant       :   0.064168
 Log(RBF Cond. num.)  :   7.579294
 ----------- SETUP TIMING ----------------------
 Grid Setup           :   0.083705
 Build radial ops     :   0.020140
 Build advection ops  :   0.050664
 Build field matrices :   0.150081
 
 TOTAL SETUP          :   1.359271
 -------- CENTRAL WAVENUMBERS SIMULATED -----------
     (k_y = nq/r, rho = rho_sD_unit)
 n =    30   k_y rho =  0.289 [ 0.289][ 0.289]
 min(k_x*rho_sD)      :     0.393496
 max(k_x*rho_sD)      :     0.590243
 --------------- CENTRAL BOX SIZE -----------------
 abs(Lx/rho_sD)       :    15.967612
 abs(Ly/rho_sD)       :    21.722430
 => abs(dx/rho_sD)    :     2.661269
 --------------------------------------------------
 ------------ GYRO-OPERATOR BANDWIDTH -------------
 => EXACT BESSEL.
 --------------------------------------------------
 PLEASE SEE: 
  - units.out for normalizing parameters
  - alloc.out for memory usage
  - efficiency.out for parallelization efficiency
  - phase_space.out for velocity-space nodes and weights
 -----------------------------------------------
 operational mode     : INITIAL VALUE
 boundary conditions  : PERIODIC
 profiles             : FLAT
 geometry             : MODEL SHAPE
 electron_method      : IMPLICIT DRIFT-KINETIC ELECTRONS
 fluctuations         : ELECTROSTATIC
 gyro_method          : ORIGINAL (INTEGRATED) POLARIZATION
 fluctuation output   : PHI( ) N( ) E( ) V( )                   
 radial grid          : UNIFORM
 integrator_method    : IMEX2
 field solve          : UMFPACK (SEQUENTIAL)
 source_flag          : SOURCE OFF
 pitch-angle coll.    : RBF r^3
 rotation parameters  : CANDY METHOD
 nonlinear dynamics   : OFF
 linear diffusivity   : RESPONSE FUNCTION
 -----------------------------------------------
----------------------------------------------------------
INFO: Forcing up-down symmetry (UDSYMMETRY_FLAG=1).
----------------------------------------------------------
----------------------------------------------------------
INFO: You are using TOROIDAL_REFERENCE=-1
----------------------------------------------------------
----------------------------------------------------------
INFO: TOROIDAL_REFERENCE reset to lowest nonzero mode.
----------------------------------------------------------
----------------------------------------------------------
INFO: nu_ii rescaled by: 0.000
----------------------------------------------------------
 ----------- SPARSE MATRIX STATS ---------------
 EXPLICIT POISSON:     n>0           
         nonzeros:     1296
           values:     3924
          indices:     5257
       iterations:        1
 
      TOTAL FIELD:     n>0           
         nonzeros:     1296
           values:     3924
          indices:     5257
       iterations:        1
 
 ----------- UTILITY PARAMETERS ----------------
 Ion parallel motion     : ON
 Ion curvature drift     : ON
 Electron curvature drift: ON
 ----------- GRID DIMENSIONS -------------------
 n_n                  :    1
 n_x                  :    6
 n_stack              :   20
 n_blend              :    6
 n_pass               :    4
 n_trap               :    4
 n_energy             :    8
 n_field              :    1
 --
 n_spec               :    2
 n_ion                :    1
 n_kinetic            :    2
 n_gk                 :    1
 indx_e               :    2
 --
 FIELD POINTS:        :        36
 DIST. POINTS:        :     15360
 --
 energy_max           :   5.000000
 dt                   :   0.050000
 --------------- LOCAL PARAMETERS ---------------
  NOTE: use abs(SAFETY_FACTOR) as input
 # RADIUS [INPUT]     :   0.425000
 .RADIUS              :   0.425000
 .ASPECT_RATIO        :   2.829974
 .SHIFT               :  -0.081846
 .ZMAG                :   0.000000
 .DZMAG               :   0.000000
 .KAPPA               :   1.294325
 .S_KAPPA             :   0.016934
 .DELTA               :   0.084185
 .S_DELTA             :   0.081045
 .ZETA                :  -0.002397
 .S_ZETA              :  -0.006198
 .SAFETY_FACTOR       :   1.639076
 .SHEAR               :   0.216515
 .RHO_STAR            :   0.002500
 .Z_EFF               :   1.294423
 .MACH                :  -0.278507
 .PGAMMA              :  -0.315466
 .GAMMA_E             :   0.028904
 .LAMBDA_DEBYE        :   0.000000
 .NU_EI               :   0.055936
 .NU_I_KROOK          :   0.000000
 .IPCCW               :   1.000000
 .BTCCW               :  -1.000000
 # Ion  1
 .NI_OVER_NE          :   1.000000
 .TI_OVER_TE          :   0.736486
 .DLNNDR              :   1.232163
 .DLNTDR              :   2.308726
 .Z                   :   1.000000
 (NU_II)              :   0.000000
 .MU                  :   1.000000
 # Electrons
 .DLNNDR_ELECTRON     :   1.232163
 .DLNTDR_ELECTRON     :   2.524646
 (Z_ELECTRON)         :  -1.000000
 .BETAE_UNIT          :   0.002020
 .MU_ELECTRON         :  60.599098
 --------------- TGLF PARAMETERS ---------------
 Q_PRIME              :   3.220394
 P_PRIME              :   0.001972
 -------- LOCAL PARAMETERS (diagnostic) ----------
 n_i*z_i - n_e:       :   0.000000
 r/R0                 :   0.150178
 b_unit               :   1.000000
 beta_unit_norm       :   0.003507
 betai_unit           :   0.001487
 betae_unit_norm      :   0.002020
 beta_*               :   0.012854
 alpha_MHD            :   0.097726
 omega_00 (c_s/a)     :   0.000000
 * Note that f = f_sim exp(i n omega0[r0] t)
 -------- ALFVEN WAVE PARAMETERS (diagnostic) ----------
 (v_A/c_s)            :  31.469196
 Omega_TAE            :   3.392142
 Omega_A              :   6.784284
 ----------- UPWIND PARAMETERS -----------------
 radial_upwind        :   1.000000
 orbit_upwind         :   1.000000
 orbit_upwind (elec)  :   0.000000
 ----------- SOURCE PARAMETERS -----------------
 nu_source            :   0.100000
 n_source             :    1
 ----------- RADIAL DOMAIN PARAMETERS ----------
 s_grid               :   0.216515
 box_multiplier       :   1.000000
 L/a                  :   0.039919
 --
 explicit_damp(i)     :   0 (  1.0000)
 explicit_damp(e)     :   0 (  1.0000)
 --
 offset               :   0 (  0.0000)
 LEFT : r_a           :   0.405040
 LEFT : r_a_physical  :   0.405040
 NORM : r(ir_norm)    :   0.425000
 RIGHT: r_b_physical  :   0.438306
 RIGHT: r_b           :   0.438306
 ----------- PARALLELIZATION PARAMETERS --------
 (nek) per subgroup:  :        64
 (ine) per subgroup:  :        48
 ----------- TIME STEPPING PARAMETERS ----------
 plot_filter          :   1.000000
 time_skip            :    20
 restart_data_skip    :    10
 ----------- STABILITY PARAMETERS ----------------
 d/dtau Courant       :   3.192077
   d/dr Courant       :   0.064168
 Log(RBF Cond. num.)  :   7.579294
 ----------- SETUP TIMING ----------------------
 Grid Setup           :   0.081168
 Build radial ops     :   0.008185
 Build advection ops  :   0.067445
 Build field matrices :   0.167390
 
 TOTAL SETUP          :   1.381077
 -------- CENTRAL WAVENUMBERS SIMULATED -----------
     (k_y = nq/r, rho = rho_sD_unit)
 n =    30   k_y rho =  0.289 [ 0.289][ 0.289]
 min(k_x*rho_sD)      :     0.393496
 max(k_x*rho_sD)      :     0.590243
 --------------- CENTRAL BOX SIZE -----------------
 abs(Lx/rho_sD)       :    15.967612
 abs(Ly/rho_sD)       :    21.722430
 => abs(dx/rho_sD)    :     2.661269
 --------------------------------------------------
 ------------ GYRO-OPERATOR BANDWIDTH -------------
 => EXACT BESSEL.
 --------------------------------------------------
 PLEASE SEE: 
  - units.out for normalizing parameters
  - alloc.out for memory usage
  - efficiency.out for parallelization efficiency
  - phase_space.out for velocity-space nodes and weights
 -----------------------------------------------
 operational mode     : INITIAL VALUE
 boundary conditions  : PERIODIC
 profiles             : FLAT
 geometry             : MODEL SHAPE
 electron_method      : IMPLICIT DRIFT-KINETIC ELECTRONS
 fluctuations         : ELECTROSTATIC
 gyro_method          : ORIGINAL (INTEGRATED) POLARIZATION
 fluctuation output   : PHI( ) N( ) E( ) V( )                   
 radial grid          : UNIFORM
 integrator_method    : IMEX2
 field solve          : UMFPACK (SEQUENTIAL)
 source_flag          : SOURCE OFF
 pitch-angle coll.    : RBF r^3
 rotation parameters  : CANDY METHOD
 nonlinear dynamics   : OFF
 linear diffusivity   : RESPONSE FUNCTION
 -----------------------------------------------
----------------------------------------------------------
INFO: Forcing up-down symmetry (UDSYMMETRY_FLAG=1).
----------------------------------------------------------
----------------------------------------------------------
INFO: You are using TOROIDAL_REFERENCE=-1
----------------------------------------------------------
----------------------------------------------------------
INFO: TOROIDAL_REFERENCE reset to lowest nonzero mode.
----------------------------------------------------------
----------------------------------------------------------
INFO: nu_ii rescaled by: 0.000
----------------------------------------------------------
 ----------- SPARSE MATRIX STATS ---------------
 EXPLICIT POISSON:     n>0           
         nonzeros:     1296
           values:     3924
          indices:     5257
       iterations:        1
 
      TOTAL FIELD:     n>0           
         nonzeros:     1296
           values:     3924
          indices:     5257
       iterations:        1
 
 ----------- UTILITY PARAMETERS ----------------
 Ion parallel motion     : ON
 Ion curvature drift     : ON
 Electron curvature drift: ON
 ----------- GRID DIMENSIONS -------------------
 n_n                  :    1
 n_x                  :    6
 n_stack              :   20
 n_blend              :    6
 n_pass               :    4
 n_trap               :    4
 n_energy             :    8
 n_field              :    1
 --
 n_spec               :    2
 n_ion                :    1
 n_kinetic            :    2
 n_gk                 :    1
 indx_e               :    2
 --
 FIELD POINTS:        :        36
 DIST. POINTS:        :     15360
 --
 energy_max           :   5.000000
 dt                   :   0.050000
 --------------- LOCAL PARAMETERS ---------------
  NOTE: use abs(SAFETY_FACTOR) as input
 # RADIUS [INPUT]     :   0.425000
 .RADIUS              :   0.425000
 .ASPECT_RATIO        :   2.829974
 .SHIFT               :  -0.081846
 .ZMAG                :   0.000000
 .DZMAG               :   0.000000
 .KAPPA               :   1.294325
 .S_KAPPA             :   0.016934
 .DELTA               :   0.084185
 .S_DELTA             :   0.081045
 .ZETA                :  -0.002397
 .S_ZETA              :  -0.006198
 .SAFETY_FACTOR       :   1.639076
 .SHEAR               :   0.216515
 .RHO_STAR            :   0.002500
 .Z_EFF               :   1.294423
 .MACH                :  -0.278507
 .PGAMMA              :  -0.315466
 .GAMMA_E             :   0.028904
 .LAMBDA_DEBYE        :   0.000000
 .NU_EI               :   0.055936
 .NU_I_KROOK          :   0.000000
 .IPCCW               :   1.000000
 .BTCCW               :  -1.000000
 # Ion  1
 .NI_OVER_NE          :   1.000000
 .TI_OVER_TE          :   0.736486
 .DLNNDR              :   1.232163
 .DLNTDR              :   2.108726
 .Z                   :   1.000000
 (NU_II)              :   0.000000
 .MU                  :   1.000000
 # Electrons
 .DLNNDR_ELECTRON     :   1.232163
 .DLNTDR_ELECTRON     :   2.724646
 (Z_ELECTRON)         :  -1.000000
 .BETAE_UNIT          :   0.002020
 .MU_ELECTRON         :  60.599098
 --------------- TGLF PARAMETERS ---------------
 Q_PRIME              :   3.220394
 P_PRIME              :   0.001989
 -------- LOCAL PARAMETERS (diagnostic) ----------
 n_i*z_i - n_e:       :   0.000000
 r/R0                 :   0.150178
 b_unit               :   1.000000
 beta_unit_norm       :   0.003507
 betai_unit           :   0.001487
 betae_unit_norm      :   0.002020
 beta_*               :   0.012960
 alpha_MHD            :   0.098536
 omega_00 (c_s/a)     :   0.000000
 * Note that f = f_sim exp(i n omega0[r0] t)
 -------- ALFVEN WAVE PARAMETERS (diagnostic) ----------
 (v_A/c_s)            :  31.469196
 Omega_TAE            :   3.392142
 Omega_A              :   6.784284
 ----------- UPWIND PARAMETERS -----------------
 radial_upwind        :   1.000000
 orbit_upwind         :   1.000000
 orbit_upwind (elec)  :   0.000000
 ----------- SOURCE PARAMETERS -----------------
 nu_source            :   0.100000
 n_source             :    1
 ----------- RADIAL DOMAIN PARAMETERS ----------
 s_grid               :   0.216515
 box_multiplier       :   1.000000
 L/a                  :   0.039919
 --
 explicit_damp(i)     :   0 (  1.0000)
 explicit_damp(e)     :   0 (  1.0000)
 --
 offset               :   0 (  0.0000)
 LEFT : r_a           :   0.405040
 LEFT : r_a_physical  :   0.405040
 NORM : r(ir_norm)    :   0.425000
 RIGHT: r_b_physical  :   0.438306
 RIGHT: r_b           :   0.438306
 ----------- PARALLELIZATION PARAMETERS --------
 (nek) per subgroup:  :        64
 (ine) per subgroup:  :        48
 ----------- TIME STEPPING PARAMETERS ----------
 plot_filter          :   1.000000
 time_skip            :    20
 restart_data_skip    :    10
 ----------- STABILITY PARAMETERS ----------------
 d/dtau Courant       :   3.192077
   d/dr Courant       :   0.064168
 Log(RBF Cond. num.)  :   7.579294
 ----------- SETUP TIMING ----------------------
 Grid Setup           :   0.087388
 Build radial ops     :   0.017982
 Build advection ops  :   0.056170
 Build field matrices :   0.163224
 
 TOTAL SETUP          :   1.406356
 -------- CENTRAL WAVENUMBERS SIMULATED -----------
     (k_y = nq/r, rho = rho_sD_unit)
 n =    30   k_y rho =  0.289 [ 0.289][ 0.289]
 min(k_x*rho_sD)      :     0.393496
 max(k_x*rho_sD)      :     0.590243
 --------------- CENTRAL BOX SIZE -----------------
 abs(Lx/rho_sD)       :    15.967612
 abs(Ly/rho_sD)       :    21.722430
 => abs(dx/rho_sD)    :     2.661269
 --------------------------------------------------
 ------------ GYRO-OPERATOR BANDWIDTH -------------
 => EXACT BESSEL.
 --------------------------------------------------
 PLEASE SEE: 
  - units.out for normalizing parameters
  - alloc.out for memory usage
  - efficiency.out for parallelization efficiency
  - phase_space.out for velocity-space nodes and weights
 -----------------------------------------------
 operational mode     : INITIAL VALUE
 boundary conditions  : PERIODIC
 profiles             : FLAT
 geometry             : MODEL SHAPE
 electron_method      : IMPLICIT DRIFT-KINETIC ELECTRONS
 fluctuations         : ELECTROSTATIC
 gyro_method          : ORIGINAL (INTEGRATED) POLARIZATION
 fluctuation output   : PHI( ) N( ) E( ) V( )                   
 radial grid          : UNIFORM
 integrator_method    : IMEX2
 field solve          : UMFPACK (SEQUENTIAL)
 source_flag          : SOURCE OFF
 pitch-angle coll.    : RBF r^3
 rotation parameters  : CANDY METHOD
 nonlinear dynamics   : OFF
 linear diffusivity   : RESPONSE FUNCTION
 -----------------------------------------------
----------------------------------------------------------
INFO: Forcing up-down symmetry (UDSYMMETRY_FLAG=1).
----------------------------------------------------------
----------------------------------------------------------
INFO: You are using TOROIDAL_REFERENCE=-1
----------------------------------------------------------
----------------------------------------------------------
INFO: TOROIDAL_REFERENCE reset to lowest nonzero mode.
----------------------------------------------------------
----------------------------------------------------------
INFO: nu_ii rescaled by: 0.000
----------------------------------------------------------
 ----------- SPARSE MATRIX STATS ---------------
 EXPLICIT POISSON:     n>0           
         nonzeros:     1296
           values:     3924
          indices:     5257
       iterations:        1
 
      TOTAL FIELD:     n>0           
         nonzeros:     1296
           values:     3924
          indices:     5257
       iterations:        1
 
 ----------- UTILITY PARAMETERS ----------------
 Ion parallel motion     : ON
 Ion curvature drift     : ON
 Electron curvature drift: ON
 ----------- GRID DIMENSIONS -------------------
 n_n                  :    1
 n_x                  :    6
 n_stack              :   20
 n_blend              :    6
 n_pass               :    4
 n_trap               :    4
 n_energy             :    8
 n_field              :    1
 --
 n_spec               :    2
 n_ion                :    1
 n_kinetic            :    2
 n_gk                 :    1
 indx_e               :    2
 --
 FIELD POINTS:        :        36
 DIST. POINTS:        :     15360
 --
 energy_max           :   5.000000
 dt                   :   0.050000
 --------------- LOCAL PARAMETERS ---------------
  NOTE: use abs(SAFETY_FACTOR) as input
 # RADIUS [INPUT]     :   0.425000
 .RADIUS              :   0.425000
 .ASPECT_RATIO        :   2.829974
 .SHIFT               :  -0.081846
 .ZMAG                :   0.000000
 .DZMAG               :   0.000000
 .KAPPA               :   1.294325
 .S_KAPPA             :   0.016934
 .DELTA               :   0.084185
 .S_DELTA             :   0.081045
 .ZETA                :  -0.002397
 .S_ZETA              :  -0.006198
 .SAFETY_FACTOR       :   1.639076
 .SHEAR               :   0.216515
 .RHO_STAR            :   0.002500
 .Z_EFF               :   1.294423
 .MACH                :  -0.278507
 .PGAMMA              :  -0.315466
 .GAMMA_E             :   0.028904
 .LAMBDA_DEBYE        :   0.000000
 .NU_EI               :   0.055936
 .NU_I_KROOK          :   0.000000
 .IPCCW               :   1.000000
 .BTCCW               :  -1.000000
 # Ion  1
 .NI_OVER_NE          :   1.000000
 .TI_OVER_TE          :   0.736486
 .DLNNDR              :   1.432163
 .DLNTDR              :   2.108726
 .Z                   :   1.000000
 (NU_II)              :   0.000000
 .MU                  :   1.000000
 # Electrons
 .DLNNDR_ELECTRON     :   1.432163
 .DLNTDR_ELECTRON     :   2.524646
 (Z_ELECTRON)         :  -1.000000
 .BETAE_UNIT          :   0.002020
 .MU_ELECTRON         :  60.599098
 --------------- TGLF PARAMETERS ---------------
 Q_PRIME              :   3.220394
 P_PRIME              :   0.002034
 -------- LOCAL PARAMETERS (diagnostic) ----------
 n_i*z_i - n_e:       :   0.000000
 r/R0                 :   0.150178
 b_unit               :   1.000000
 beta_unit_norm       :   0.003507
 betai_unit           :   0.001487
 betae_unit_norm      :   0.002020
 beta_*               :   0.013258
 alpha_MHD            :   0.100797
 omega_00 (c_s/a)     :   0.000000
 * Note that f = f_sim exp(i n omega0[r0] t)
 -------- ALFVEN WAVE PARAMETERS (diagnostic) ----------
 (v_A/c_s)            :  31.469196
 Omega_TAE            :   3.392142
 Omega_A              :   6.784284
 ----------- UPWIND PARAMETERS -----------------
 radial_upwind        :   1.000000
 orbit_upwind         :   1.000000
 orbit_upwind (elec)  :   0.000000
 ----------- SOURCE PARAMETERS -----------------
 nu_source            :   0.100000
 n_source             :    1
 ----------- RADIAL DOMAIN PARAMETERS ----------
 s_grid               :   0.216515
 box_multiplier       :   1.000000
 L/a                  :   0.039919
 --
 explicit_damp(i)     :   0 (  1.0000)
 explicit_damp(e)     :   0 (  1.0000)
 --
 offset               :   0 (  0.0000)
 LEFT : r_a           :   0.405040
 LEFT : r_a_physical  :   0.405040
 NORM : r(ir_norm)    :   0.425000
 RIGHT: r_b_physical  :   0.438306
 RIGHT: r_b           :   0.438306
 ----------- PARALLELIZATION PARAMETERS --------
 (nek) per subgroup:  :        64
 (ine) per subgroup:  :        48
 ----------- TIME STEPPING PARAMETERS ----------
 plot_filter          :   1.000000
 time_skip            :    20
 restart_data_skip    :    10
 ----------- STABILITY PARAMETERS ----------------
 d/dtau Courant       :   3.192077
   d/dr Courant       :   0.064168
 Log(RBF Cond. num.)  :   7.579294
 ----------- SETUP TIMING ----------------------
 Grid Setup           :   0.077839
 Build radial ops     :   0.017444
 Build advection ops  :   0.070342
 Build field matrices :   0.162427
 
 TOTAL SETUP          :   1.418619
 -------- CENTRAL WAVENUMBERS SIMULATED -----------
     (k_y = nq/r, rho = rho_sD_unit)
 n =    30   k_y rho =  0.289 [ 0.289][ 0.289]
 min(k_x*rho_sD)      :     0.393496
 max(k_x*rho_sD)      :     0.590243
 --------------- CENTRAL BOX SIZE -----------------
 abs(Lx/rho_sD)       :    15.967612
 abs(Ly/rho_sD)       :    21.722430
 => abs(dx/rho_sD)    :     2.661269
 --------------------------------------------------
 ------------ GYRO-OPERATOR BANDWIDTH -------------
 => EXACT BESSEL.
 --------------------------------------------------
 PLEASE SEE: 
  - units.out for normalizing parameters
  - alloc.out for memory usage
  - efficiency.out for parallelization efficiency
  - phase_space.out for velocity-space nodes and weights
 -----------------------------------------------
 operational mode     : INITIAL VALUE
 boundary conditions  : PERIODIC
 profiles             : FLAT
 geometry             : MODEL SHAPE
 electron_method      : IMPLICIT DRIFT-KINETIC ELECTRONS
 fluctuations         : ELECTROSTATIC
 gyro_method          : ORIGINAL (INTEGRATED) POLARIZATION
 fluctuation output   : PHI( ) N( ) E( ) V( )                   
 radial grid          : UNIFORM
 integrator_method    : IMEX2
 field solve          : UMFPACK (SEQUENTIAL)
 source_flag          : SOURCE OFF
 pitch-angle coll.    : RBF r^3
 rotation parameters  : CANDY METHOD
 nonlinear dynamics   : OFF
 linear diffusivity   : RESPONSE FUNCTION
 -----------------------------------------------
----------------------------------------------------------
INFO: Forcing up-down symmetry (UDSYMMETRY_FLAG=1).
----------------------------------------------------------
----------------------------------------------------------
INFO: You are using TOROIDAL_REFERENCE=-1
----------------------------------------------------------
----------------------------------------------------------
INFO: TOROIDAL_REFERENCE reset to lowest nonzero mode.
----------------------------------------------------------
----------------------------------------------------------
INFO: nu_ii rescaled by: 0.000
----------------------------------------------------------
 ----------- SPARSE MATRIX STATS ---------------
 EXPLICIT POISSON:     n>0           
         nonzeros:     1296
           values:     3924
          indices:     5257
       iterations:        1
 
      TOTAL FIELD:     n>0           
         nonzeros:     1296
           values:     3924
          indices:     5257
       iterations:        1
 
 ----------- UTILITY PARAMETERS ----------------
 Ion parallel motion     : ON
 Ion curvature drift     : ON
 Electron curvature drift: ON
 ----------- GRID DIMENSIONS -------------------
 n_n                  :    1
 n_x                  :    6
 n_stack              :   20
 n_blend              :    6
 n_pass               :    4
 n_trap               :    4
 n_energy             :    8
 n_field              :    1
 --
 n_spec               :    2
 n_ion                :    1
 n_kinetic            :    2
 n_gk                 :    1
 indx_e               :    2
 --
 FIELD POINTS:        :        36
 DIST. POINTS:        :     15360
 --
 energy_max           :   5.000000
 dt                   :   0.050000
 --------------- LOCAL PARAMETERS ---------------
  NOTE: use abs(SAFETY_FACTOR) as input
 # RADIUS [INPUT]     :   0.425000
 .RADIUS              :   0.425000
 .ASPECT_RATIO        :   2.829974
 .SHIFT               :  -0.081846
 .ZMAG                :   0.000000
 .DZMAG               :   0.000000
 .KAPPA               :   1.294325
 .S_KAPPA             :   0.016934
 .DELTA               :   0.084185
 .S_DELTA             :   0.081045
 .ZETA                :  -0.002397
 .S_ZETA              :  -0.006198
 .SAFETY_FACTOR       :   1.639076
 .SHEAR               :   0.216515
 .RHO_STAR            :   0.002500
 .Z_EFF               :   1.294423
 .MACH                :  -0.278507
 .PGAMMA              :  -0.315466
 .GAMMA_E             :   0.028904
 .LAMBDA_DEBYE        :   0.000000
 .NU_EI               :   0.068718
 .NU_I_KROOK          :   0.000000
 .IPCCW               :   1.000000
 .BTCCW               :  -1.000000
 # Ion  1
 .NI_OVER_NE          :   1.000000
 .TI_OVER_TE          :   0.910861
 .DLNNDR              :   0.232163
 .DLNTDR              :   3.108726
 .Z                   :   1.000000
 (NU_II)              :   0.000000
 .MU                  :   1.000000
 # Electrons
 .DLNNDR_ELECTRON     :   0.232163
 .DLNTDR_ELECTRON     :   3.524646
 (Z_ELECTRON)         :  -1.000000
 .BETAE_UNIT          :   0.002498
 .MU_ELECTRON         :  60.599098
 --------------- TGLF PARAMETERS ---------------
 Q_PRIME              :   3.220394
 P_PRIME              :   0.002606
 -------- LOCAL PARAMETERS (diagnostic) ----------
 n_i*z_i - n_e:       :   0.000000
 r/R0                 :   0.150178
 b_unit               :   1.000000
 beta_unit_norm       :   0.004773
 betai_unit           :   0.002275
 betae_unit_norm      :   0.002498
 beta_*               :   0.016984
 alpha_MHD            :   0.129131
 omega_00 (c_s/a)     :   0.000000
 * Note that f = f_sim exp(i n omega0[r0] t)
 -------- ALFVEN WAVE PARAMETERS (diagnostic) ----------
 (v_A/c_s)            :  28.297095
 Omega_TAE            :   3.050214
 Omega_A              :   6.100427
 ----------- UPWIND PARAMETERS -----------------
 radial_upwind        :   1.000000
 orbit_upwind         :   1.000000
 orbit_upwind (elec)  :   0.000000
 ----------- SOURCE PARAMETERS -----------------
 nu_source            :   0.100000
 n_source             :    1
 ----------- RADIAL DOMAIN PARAMETERS ----------
 s_grid               :   0.216515
 box_multiplier       :   1.000000
 L/a                  :   0.039919
 --
 explicit_damp(i)     :   0 (  1.0000)
 explicit_damp(e)     :   0 (  1.0000)
 --
 offset               :   0 (  0.0000)
 LEFT : r_a           :   0.405040
 LEFT : r_a_physical  :   0.405040
 NORM : r(ir_norm)    :   0.425000
 RIGHT: r_b_physical  :   0.438306
 RIGHT: r_b           :   0.438306
 ----------- PARALLELIZATION PARAMETERS --------
 (nek) per subgroup:  :        64
 (ine) per subgroup:  :        48
 ----------- TIME STEPPING PARAMETERS ----------
 plot_filter          :   1.000000
 time_skip            :    20
 restart_data_skip    :    10
 ----------- STABILITY PARAMETERS ----------------
 d/dtau Courant       :   3.192077
   d/dr Courant       :   0.069574
 Log(RBF Cond. num.)  :   7.579294
 ----------- SETUP TIMING ----------------------
 Grid Setup           :   0.085974
 Build radial ops     :   0.008338
 Build advection ops  :   0.061307
 Build field matrices :   0.154942
 
 TOTAL SETUP          :   1.401948
 -------- CENTRAL WAVENUMBERS SIMULATED -----------
     (k_y = nq/r, rho = rho_sD_unit)
 n =    30   k_y rho =  0.289 [ 0.289][ 0.289]
 min(k_x*rho_sD)      :     0.393496
 max(k_x*rho_sD)      :     0.590243
 --------------- CENTRAL BOX SIZE -----------------
 abs(Lx/rho_sD)       :    15.967612
 abs(Ly/rho_sD)       :    21.722430
 => abs(dx/rho_sD)    :     2.661269
 --------------------------------------------------
 ------------ GYRO-OPERATOR BANDWIDTH -------------
 => EXACT BESSEL.
 --------------------------------------------------
 PLEASE SEE: 
  - units.out for normalizing parameters
  - alloc.out for memory usage
  - efficiency.out for parallelization efficiency
  - phase_space.out for velocity-space nodes and weights
 -----------------------------------------------
 operational mode     : INITIAL VALUE
 boundary conditions  : PERIODIC
 profiles             : FLAT
 geometry             : MODEL SHAPE
 electron_method      : IMPLICIT DRIFT-KINETIC ELECTRONS
 fluctuations         : ELECTROSTATIC
 gyro_method          : ORIGINAL (INTEGRATED) POLARIZATION
 fluctuation output   : PHI( ) N( ) E( ) V( )                   
 radial grid          : UNIFORM
 integrator_method    : IMEX2
 field solve          : UMFPACK (SEQUENTIAL)
 source_flag          : SOURCE OFF
 pitch-angle coll.    : RBF r^3
 rotation parameters  : CANDY METHOD
 nonlinear dynamics   : OFF
 linear diffusivity   : RESPONSE FUNCTION
 -----------------------------------------------
----------------------------------------------------------
INFO: Forcing up-down symmetry (UDSYMMETRY_FLAG=1).
----------------------------------------------------------
----------------------------------------------------------
INFO: You are using TOROIDAL_REFERENCE=-1
----------------------------------------------------------
----------------------------------------------------------
INFO: TOROIDAL_REFERENCE reset to lowest nonzero mode.
----------------------------------------------------------
----------------------------------------------------------
INFO: nu_ii rescaled by: 0.000
----------------------------------------------------------
 ----------- SPARSE MATRIX STATS ---------------
 EXPLICIT POISSON:     n>0           
         nonzeros:     1296
           values:     3924
          indices:     5257
       iterations:        1
 
      TOTAL FIELD:     n>0           
         nonzeros:     1296
           values:     3924
          indices:     5257
       iterations:        1
 
 ----------- UTILITY PARAMETERS ----------------
 Ion parallel motion     : ON
 Ion curvature drift     : ON
 Electron curvature drift: ON
 ----------- GRID DIMENSIONS -------------------
 n_n                  :    1
 n_x                  :    6
 n_stack              :   20
 n_blend              :    6
 n_pass               :    4
 n_trap               :    4
 n_energy             :    8
 n_field              :    1
 --
 n_spec               :    2
 n_ion                :    1
 n_kinetic            :    2
 n_gk                 :    1
 indx_e               :    2
 --
 FIELD POINTS:        :        36
 DIST. POINTS:        :     15360
 --
 energy_max           :   5.000000
 dt                   :   0.050000
 --------------- LOCAL PARAMETERS ---------------
  NOTE: use abs(SAFETY_FACTOR) as input
 # RADIUS [INPUT]     :   0.425000
 .RADIUS              :   0.425000
 .ASPECT_RATIO        :   2.829974
 .SHIFT               :  -0.081846
 .ZMAG                :   0.000000
 .DZMAG               :   0.000000
 .KAPPA               :   1.294325
 .S_KAPPA             :   0.016934
 .DELTA               :   0.084185
 .S_DELTA             :   0.081045
 .ZETA                :  -0.002397
 .S_ZETA              :  -0.006198
 .SAFETY_FACTOR       :   1.639076
 .SHEAR               :   0.216515
 .RHO_STAR            :   0.002500
 .Z_EFF               :   1.294423
 .MACH                :  -0.278507
 .PGAMMA              :  -0.315466
 .GAMMA_E             :   0.028904
 .LAMBDA_DEBYE        :   0.000000
 .NU_EI               :   0.050466
 .NU_I_KROOK          :   0.000000
 .IPCCW               :   1.000000
 .BTCCW               :  -1.000000
 # Ion  1
 .NI_OVER_NE          :   1.000000
 .TI_OVER_TE          :   0.910861
 .DLNNDR              :   0.232163
 .DLNTDR              :   2.108726
 .Z                   :   1.000000
 (NU_II)              :   0.000000
 .MU                  :   1.000000
 # Electrons
 .DLNNDR_ELECTRON     :   0.232163
 .DLNTDR_ELECTRON     :   3.524646
 (Z_ELECTRON)         :  -1.000000
 .BETAE_UNIT          :   0.001816
 .MU_ELECTRON         :  60.599098
 --------------- TGLF PARAMETERS ---------------
 Q_PRIME              :   3.220394
 P_PRIME              :   0.001641
 -------- LOCAL PARAMETERS (diagnostic) ----------
 n_i*z_i - n_e:       :   0.000000
 r/R0                 :   0.150178
 b_unit               :   1.000000
 beta_unit_norm       :   0.003470
 betai_unit           :   0.001654
 betae_unit_norm      :   0.001816
 beta_*               :   0.010694
 alpha_MHD            :   0.081309
 omega_00 (c_s/a)     :   0.000000
 * Note that f = f_sim exp(i n omega0[r0] t)
 -------- ALFVEN WAVE PARAMETERS (diagnostic) ----------
 (v_A/c_s)            :  33.186201
 Omega_TAE            :   3.577222
 Omega_A              :   7.154444
 ----------- UPWIND PARAMETERS -----------------
 radial_upwind        :   1.000000
 orbit_upwind         :   1.000000
 orbit_upwind (elec)  :   0.000000
 ----------- SOURCE PARAMETERS -----------------
 nu_source            :   0.100000
 n_source             :    1
 ----------- RADIAL DOMAIN PARAMETERS ----------
 s_grid               :   0.216515
 box_multiplier       :   1.000000
 L/a                  :   0.039919
 --
 explicit_damp(i)     :   0 (  1.0000)
 explicit_damp(e)     :   0 (  1.0000)
 --
 offset               :   0 (  0.0000)
 LEFT : r_a           :   0.405040
 LEFT : r_a_physical  :   0.405040
 NORM : r(ir_norm)    :   0.425000
 RIGHT: r_b_physical  :   0.438306
 RIGHT: r_b           :   0.438306
 ----------- PARALLELIZATION PARAMETERS --------
 (nek) per subgroup:  :        64
 (ine) per subgroup:  :        48
 ----------- TIME STEPPING PARAMETERS ----------
 plot_filter          :   1.000000
 time_skip            :    20
 restart_data_skip    :    10
 ----------- STABILITY PARAMETERS ----------------
 d/dtau Courant       :   3.192077
   d/dr Courant       :   0.069574
 Log(RBF Cond. num.)  :   7.579294
 ----------- SETUP TIMING ----------------------
 Grid Setup           :   0.085473
 Build radial ops     :   0.019076
 Build advection ops  :   0.063245
 Build field matrices :   0.166778
 
 TOTAL SETUP          :   1.505462
 -------- CENTRAL WAVENUMBERS SIMULATED -----------
     (k_y = nq/r, rho = rho_sD_unit)
 n =    30   k_y rho =  0.289 [ 0.289][ 0.289]
 min(k_x*rho_sD)      :     0.393496
 max(k_x*rho_sD)      :     0.590243
 --------------- CENTRAL BOX SIZE -----------------
 abs(Lx/rho_sD)       :    15.967612
 abs(Ly/rho_sD)       :    21.722430
 => abs(dx/rho_sD)    :     2.661269
 --------------------------------------------------
 ------------ GYRO-OPERATOR BANDWIDTH -------------
 => EXACT BESSEL.
 --------------------------------------------------
 PLEASE SEE: 
  - units.out for normalizing parameters
  - alloc.out for memory usage
  - efficiency.out for parallelization efficiency
  - phase_space.out for velocity-space nodes and weights
