 0.0000E+00  0.0000E+00
 2.4302E-06  1.0499E-05
 2.1119E-06  5.7247E-06
 1.8580E-06  3.9964E-06
 1.6354E-06  2.9793E-06
 1.5133E-06  2.6398E-06
 1.3157E-06  2.4464E-06
 1.2044E-06  2.4494E-06
 1.0560E-06  2.4390E-06
 9.0610E-07  2.4144E-06
 7.5897E-07  2.3984E-06
 6.4224E-07  2.3853E-06
 5.3782E-07  2.3826E-06
 4.5902E-07  2.3783E-06
 3.9589E-07  2.3773E-06
 3.5040E-07  2.3750E-06
 3.0467E-07  2.3774E-06
 2.7661E-07  2.3783E-06
 2.4153E-07  2.3801E-06
 2.1619E-07  2.3820E-06
 1.9267E-07  2.3811E-06
 1.8262E-07  2.3806E-06
 1.6881E-07  2.3813E-06
 1.5804E-07  2.3816E-06
 1.4830E-07  2.3820E-06
