 0.0000E+00  0.0000E+00  0.0000E+00  0.0000E+00
 7.5200E+00  4.4798E+00  4.0614E-01  8.4067E-01
 1.1008E+00 -2.2416E+00  5.0784E-01  4.7393E-01
 2.2399E+00  2.6287E+00  2.0186E-01  1.6416E-01
 3.3240E+00 -2.4217E-01  3.0259E-01  2.6224E-01
 2.0055E+00  1.0387E+00  4.7484E-02  1.1799E-01
 3.0249E+00  8.2080E-01  7.4854E-02  1.9661E-02
 2.5676E+00  7.5010E-01  4.3612E-02  5.8599E-02
 2.7623E+00  8.4872E-01  1.0751E-02  2.5273E-02
 2.6748E+00  7.3066E-01  2.2885E-02  3.9379E-02
 2.6795E+00  8.0918E-01  1.2059E-02  8.4951E-03
 2.7276E+00  7.4705E-01  1.2731E-02  7.1903E-03
 2.6654E+00  7.6446E-01  5.0304E-03  6.0231E-03
 2.7164E+00  7.7882E-01  1.2007E-02  6.8252E-03
 2.6979E+00  7.4995E-01  2.3015E-03  2.9726E-03
 2.7120E+00  7.7489E-01  3.6080E-03  4.1956E-03
 2.7109E+00  7.5499E-01  1.1681E-03  8.9699E-04
 2.7056E+00  7.6749E-01  8.9985E-04  2.6977E-03
 2.7154E+00  7.6200E-01  9.2940E-04  2.5087E-03
 2.7089E+00  7.6259E-01  1.1892E-03  1.4378E-03
 2.7162E+00  7.6760E-01  1.7058E-03  2.6038E-03
 2.7132E+00  7.6019E-01  9.5236E-04  1.8554E-03
 2.7113E+00  7.6563E-01  1.1996E-03  1.7263E-03
 2.7152E+00  7.6252E-01  4.2307E-04  9.4129E-04
 2.7111E+00  7.6442E-01  5.6553E-04  2.6068E-04
