 8.13238780E-22 -7.57341951E-23  1.82554739E-11  6.68970680E-13  0.00000000E+00  0.00000000E+00
-6.20981932E-07  1.61953989E-05 -1.31214605E-07  2.95867152E-08  0.00000000E+00  0.00000000E+00
 4.00257760E-06  1.40179076E-06 -2.79091865E-07 -8.69248822E-07  0.00000000E+00  0.00000000E+00
-1.33918018E-05 -1.25633524E-05  1.98076128E-06  2.25889535E-07  0.00000000E+00  0.00000000E+00
 1.52487579E-06  1.75189132E-05 -1.32159953E-07 -1.66622191E-07  0.00000000E+00  0.00000000E+00
 6.60411005E-06  7.54194599E-06 -2.71366709E-07 -4.52853883E-07  0.00000000E+00  0.00000000E+00
 4.31488156E-06  1.70075846E-05 -3.65874592E-07 -4.49648051E-07  0.00000000E+00  0.00000000E+00
 4.02440479E-06  1.84435789E-05 -1.87591731E-07 -4.52462400E-07  0.00000000E+00  0.00000000E+00
 5.80679219E-06  1.81408492E-05  1.71259274E-07 -4.78639687E-07  0.00000000E+00  0.00000000E+00
 5.88509354E-06  1.68493785E-05 -1.45113705E-07 -4.47514359E-07  0.00000000E+00  0.00000000E+00
 5.76471900E-06  1.51243894E-05 -1.18619954E-07 -4.37895128E-07  0.00000000E+00  0.00000000E+00
 4.81561327E-06  1.47694258E-05  9.41225120E-08 -4.18530010E-07  0.00000000E+00  0.00000000E+00
 3.44129486E-06  1.47550131E-05  2.43039307E-08 -4.09105981E-07  0.00000000E+00  0.00000000E+00
 3.89483127E-06  1.52188691E-05  1.17160194E-07 -4.15993015E-07  0.00000000E+00  0.00000000E+00
 3.26682709E-06  1.53506508E-05  7.83389733E-08 -4.20584549E-07  0.00000000E+00  0.00000000E+00
 4.05373394E-06  1.50363729E-05  2.53365987E-08 -4.17608653E-07  0.00000000E+00  0.00000000E+00
 3.84332359E-06  1.52329880E-05  3.41813701E-08 -4.10169947E-07  0.00000000E+00  0.00000000E+00
 4.03401881E-06  1.50643617E-05 -8.13979324E-09 -4.09617656E-07  0.00000000E+00  0.00000000E+00
 3.89105527E-06  1.51330881E-05  1.14661846E-08 -4.09049302E-07  0.00000000E+00  0.00000000E+00
 3.20743273E-06  1.51292381E-05  1.60372635E-08 -4.09262239E-07  0.00000000E+00  0.00000000E+00
 3.37226193E-06  1.50745186E-05  1.28503792E-08 -4.09540430E-07  0.00000000E+00  0.00000000E+00
 3.45020601E-06  1.51496166E-05 -1.92935987E-09 -4.09334124E-07  0.00000000E+00  0.00000000E+00
 3.51727468E-06  1.50524105E-05 -3.65767152E-09 -4.10103144E-07  0.00000000E+00  0.00000000E+00
 3.75151115E-06  1.51135859E-05 -9.79233316E-09 -4.10498422E-07  0.00000000E+00  0.00000000E+00
 3.81537620E-06  1.50860773E-05 -3.10068509E-08 -4.10837310E-07  0.00000000E+00  0.00000000E+00
