 3.63787649E-19 -6.25364491E-17  1.63604133E-34 -8.44958693E-31 -2.12632219E-23  1.60429216E-18  3.47148238E-19 -7.13612445E-17  3.43586715E-33 -2.74838179E-30 -1.67989558E-22  3.44278777E-18  1.82554742E-11  6.68970652E-13 -2.88898207E-24  1.37205815E-22  1.80994072E-25 -7.96316950E-25  0.00000000E+00  0.00000000E+00
 0.00000000E+00  0.00000000E+00  0.00000000E+00  0.00000000E+00
-3.44993800E-02 -3.44993805E-02  1.50303409E-05  1.50308560E-05  2.66945604E-05  2.66944980E-05  2.70899202E-02  9.64843557E-01  3.76802842E-05 -1.47816113E+00  1.50524380E-04 -1.69627718E-01 -9.55764990E-08  1.53486664E-05 -6.42786114E-07  3.39794727E-06 -1.38339245E-08 -2.52162814E-06 -1.04149020E-01  2.77692174E+00
-2.30497776E-05  1.76156029E+00  7.67776039E-05  4.63356788E-01
-6.05999152E-02 -6.05999153E-02  1.98416934E-05  1.98417815E-05 -1.27387450E-04 -1.27387478E-04  1.02930891E-01  6.30378720E+00  3.83280441E-05 -5.53184020E-01 -3.04976301E-04 -8.48737207E-02  3.59388715E-06  9.08122625E-07  1.12689223E-07 -4.49508293E-07  1.69093619E-08  7.39276040E-08 -3.02670213E-03 -7.40263483E-01
 1.30985760E-05 -3.15281403E-01  6.91047350E-06 -1.58804728E-01
-1.01745664E-02 -1.01745666E-02  1.81157911E-06  1.81176945E-06 -2.85268390E-05 -2.85268582E-05  6.78921397E-02  3.66450671E+00  5.86308326E-06 -3.78240927E-01  4.39662525E-05 -3.68271807E-02 -1.34638273E-05 -1.60508409E-05  2.04340500E-06  3.58055538E-06  9.38175126E-09  1.32822668E-07 -3.83163575E-02  8.82513919E-01
 7.60718644E-06  1.28926591E-01 -4.09846822E-05 -2.38366386E-02
-2.54632526E-02 -2.54632528E-02 -2.26939599E-05 -2.26937359E-05 -6.93385756E-05 -6.93386139E-05  8.07134514E-02  6.26360183E+00 -1.91775132E-05 -6.78822893E-01  5.19390246E-05 -7.02582094E-02 -1.75437235E-06 -1.09984259E-05  3.14061366E-06  2.86161570E-05  6.47452530E-09 -2.65440167E-07 -8.41216982E-03 -4.54864243E-02
-9.97211737E-06 -1.34331651E-01 -2.10749588E-07 -7.07718244E-02
 1.43340420E-03  1.43340405E-03  1.64953376E-05  1.64955148E-05 -1.78262626E-04 -1.78262650E-04  6.88196937E-02  4.80621256E+00  7.46183345E-05 -4.61255176E-01 -4.88328492E-04 -6.85698999E-02  4.28644062E-06 -1.39410413E-05  2.03532686E-06  2.17381255E-05  1.09758599E-08 -7.07992099E-07 -1.26723227E-02  3.78899201E-01
 1.22468554E-05 -6.20925946E-02 -8.78930100E-05 -8.50045919E-02
-1.86239452E-03 -1.86239472E-03  1.58116239E-06  1.58139297E-06  1.49776034E-05  1.49775707E-05  6.41059247E-02  5.39752529E+00 -2.21032306E-06 -6.48244195E-01 -2.09725978E-05 -7.91918061E-02  1.87128772E-06 -1.62137008E-05  2.06847371E-06  3.46467117E-05  9.24555099E-09 -1.87507431E-06 -9.22438713E-03  2.99584920E-01
-5.88561809E-07 -5.01565102E-02 -5.05292107E-06 -5.04415522E-02
-6.27802257E-03 -6.27802275E-03  3.08189196E-06  3.08209827E-06  3.62845520E-05  3.62845229E-05  5.99513091E-02  5.20471449E+00  3.90303020E-06 -5.88602123E-01  5.45775365E-05 -8.15665852E-02  2.40323090E-06 -1.44465352E-05  1.42561452E-06  3.43718220E-05  7.96764130E-09 -1.93417035E-06 -9.46296766E-03  2.39452374E-01
 2.62332363E-06 -6.84411458E-02  3.04763053E-05 -7.21483964E-02
-9.24074041E-03 -9.24074059E-03  7.03650420E-06  7.03672199E-06 -3.22726191E-05 -3.22726495E-05  6.96667783E-02  5.09931080E+00  3.50963147E-05 -6.04353409E-01 -4.45864686E-05 -8.06568861E-02  4.48283593E-06 -1.58733379E-05  1.50797639E-06  3.54781500E-05 -1.27608565E-08 -1.94260257E-06 -1.09687641E-02  2.89399281E-01
 2.00350455E-06 -5.04512796E-02 -2.52646172E-06 -5.55237413E-02
-2.31840293E-02 -2.31840294E-02  2.32089513E-06  2.32110751E-06 -3.60837207E-05 -3.60837508E-05  5.48144502E-02  5.11346983E+00  8.41092455E-06 -5.94524393E-01 -9.86735619E-05 -8.47252711E-02  4.91942389E-06 -1.34715556E-05  8.44221793E-07  3.15688610E-05 -2.36658460E-08 -1.69544126E-06 -1.67268613E-02  2.52759076E-01
 3.10396317E-06 -5.98622228E-02 -3.56466695E-06 -6.18832753E-02
-2.21035927E-02 -2.21035929E-02  1.81829967E-05  1.81832083E-05 -3.96930942E-05 -3.96931238E-05  6.00653213E-02  5.00129904E+00  4.04773111E-05 -5.85386014E-01 -8.69955534E-05 -8.24532760E-02  4.67175733E-06 -1.40398825E-05  9.80129587E-07  3.04639105E-05 -5.78787137E-09 -1.73753376E-06 -1.81580674E-02  2.90909551E-01
 1.01783282E-05 -5.73359609E-02 -4.80942720E-06 -5.88134300E-02
-2.21776611E-02 -2.21776613E-02  6.13496584E-06  6.13518178E-06 -5.74639583E-05 -5.74639884E-05  5.68604119E-02  5.00432314E+00  1.05341996E-05 -5.94972079E-01 -9.34386020E-05 -8.39867765E-02  4.00890572E-06 -1.49589083E-05  9.01401853E-07  3.11507147E-05 -5.71791202E-10 -1.84091064E-06 -1.79599680E-02  2.65928337E-01
 2.63327264E-06 -5.78968582E-02 -1.26872936E-05 -5.71847763E-02
-1.99120118E-02 -1.99120120E-02  7.58888380E-07  7.59102088E-07 -2.92431272E-05 -2.92431566E-05  6.02442967E-02  4.95722476E+00  3.92692123E-06 -5.85396052E-01 -4.32277186E-05 -8.35664565E-02  2.56615843E-06 -1.51898837E-05  8.94845013E-07  3.13280308E-05  4.59534123E-09 -1.79224001E-06 -1.73400259E-02  2.71811607E-01
 9.47879275E-07 -5.82534018E-02 -3.40318705E-06 -5.90848797E-02
-1.88488808E-02 -1.88488809E-02 -1.39703316E-06 -1.39681722E-06  3.05220242E-05  3.05219946E-05  5.80706080E-02  4.93078584E+00  4.56466197E-06 -5.86672625E-01  5.23668427E-05 -8.24086023E-02  3.14531268E-06 -1.53331515E-05  8.59602292E-07  3.19651370E-05  7.07648791E-09 -1.82910942E-06 -1.72492558E-02  2.75503252E-01
-1.38975593E-06 -5.45824350E-02  2.21771271E-05 -5.61443033E-02
-1.57238888E-02 -1.57238890E-02 -7.46593989E-06 -7.46572542E-06  1.85542871E-05  1.85542577E-05  6.41520115E-02  4.92927956E+00 -7.17691434E-06 -5.82169898E-01  1.40893706E-05 -8.27480970E-02  2.28950890E-06 -1.51145179E-05  1.04808290E-06  3.17794947E-05  7.57426760E-09 -1.73491062E-06 -1.50821034E-02  2.64510416E-01
-3.24478628E-06 -5.89288852E-02  2.44622798E-05 -5.83914137E-02
-1.59776382E-02 -1.59776384E-02  2.96413442E-06  2.96434901E-06 -9.79848622E-06 -9.79851549E-06  6.21615887E-02  4.90765025E+00  1.84547803E-05 -5.80244314E-01 -3.69655416E-05 -8.22642614E-02  3.08357695E-06 -1.50482494E-05  9.85640173E-07  3.13915552E-05  9.85341486E-09 -1.72454162E-06 -1.53135418E-02  2.73436689E-01
 2.17539587E-06 -5.56780320E-02  9.75054560E-06 -5.71870650E-02
-1.60837465E-02 -1.60837467E-02  4.08869600E-06  4.08891039E-06  4.73011761E-07  4.72982426E-07  6.27959717E-02  4.92767719E+00  1.49540608E-05 -5.82059728E-01 -1.50479731E-05 -8.25955806E-02  2.83197857E-06 -1.48541308E-05  1.03881962E-06  3.14042455E-05  6.70677076E-09 -1.72729669E-06 -1.49594301E-02  2.66236474E-01
 2.52073048E-06 -5.80436689E-02  1.33520122E-05 -5.81435172E-02
-1.67959817E-02 -1.67959819E-02  7.49523121E-06  7.49544526E-06  6.42683537E-06  6.42680613E-06  6.37794670E-02  4.91993261E+00  2.24575278E-05 -5.80879404E-01 -1.78521993E-05 -8.22091728E-02  2.98314465E-06 -1.48744260E-05  1.03826672E-06  3.12491181E-05  4.46765903E-09 -1.71994803E-06 -1.53250773E-02  2.71005086E-01
 4.67620883E-06 -5.68373871E-02  1.66340393E-05 -5.80390522E-02
-1.83978559E-02 -1.83978561E-02  6.45478304E-06  6.45499744E-06  7.01555400E-06  7.01552467E-06  6.03975620E-02  4.92950442E+00  2.02297074E-05 -5.82546962E-01 -6.62572337E-06 -8.21209010E-02  2.88842006E-06 -1.49096153E-05  1.00976910E-06  3.13633278E-05  4.33229430E-09 -1.72967363E-06 -1.61105278E-02  2.69204866E-01
 3.87841167E-06 -5.67816536E-02  1.72523711E-05 -5.78679828E-02
-1.82329303E-02 -1.82329305E-02  3.00398534E-06  3.00419930E-06 -5.04254536E-06 -5.04257462E-06  6.01301945E-02  4.92729362E+00  1.30902260E-05 -5.81330357E-01 -2.60698374E-05 -8.20358818E-02  2.21170825E-06 -1.49395637E-05  1.00621847E-06  3.13780469E-05  5.54327361E-09 -1.71850745E-06 -1.60698185E-02  2.69361235E-01
 2.40777604E-06 -5.75304654E-02  1.27241516E-05 -5.83166695E-02
-1.68872354E-02 -1.68872356E-02  5.62791668E-06  5.62813096E-06 -6.45998146E-06 -6.46001074E-06  6.19218740E-02  4.92263709E+00  2.20861289E-05 -5.81556293E-01 -2.90084733E-05 -8.18552766E-02  2.33265521E-06 -1.50303263E-05  1.04651588E-06  3.14134630E-05  5.94122298E-09 -1.71815854E-06 -1.55322463E-02  2.71255599E-01
 3.37449858E-06 -5.70136874E-02  1.03107340E-05 -5.78304810E-02
-1.70809449E-02 -1.70809451E-02  4.39594220E-06  4.39615669E-06 -1.66297103E-06 -1.66300036E-06  6.18191766E-02  4.93097180E+00  1.88626750E-05 -5.82514625E-01 -2.21952758E-05 -8.19552443E-02  2.41653830E-06 -1.50068276E-05  1.02641129E-06  3.14661452E-05  5.32706226E-09 -1.71903518E-06 -1.54493934E-02  2.68298401E-01
 2.38759896E-06 -5.74171148E-02  1.30898068E-05 -5.80750234E-02
-1.70718408E-02 -1.70718410E-02  2.43312069E-06  2.43333475E-06 -7.55664479E-06 -7.55667404E-06  6.28477428E-02  4.92414988E+00  1.46370549E-05 -5.81144643E-01 -3.84686018E-05 -8.18680039E-02  2.45750391E-06 -1.50401804E-05  1.04938180E-06  3.14022014E-05  6.73130749E-09 -1.71971369E-06 -1.54874326E-02  2.70207742E-01
 1.70820395E-06 -5.71260525E-02  1.09158209E-05 -5.81323258E-02
-1.74297485E-02 -1.74297487E-02  3.08132338E-06  3.08153782E-06 -9.04701975E-06 -9.04704908E-06  6.21315643E-02  4.93024432E+00  1.66918326E-05 -5.82682283E-01 -4.46734493E-05 -8.19716700E-02  2.70697449E-06 -1.50225658E-05  1.02778766E-06  3.14504700E-05  6.95666644E-09 -1.72481664E-06 -1.56544205E-02  2.69142718E-01
 2.06552124E-06 -5.70521030E-02  9.32075911E-06 -5.79526721E-02
-1.72425692E-02 -1.72425694E-02  3.95632409E-06  3.95653821E-06 -6.14884026E-06 -6.14886954E-06  6.24499252E-02  4.92766338E+00  1.77586512E-05 -5.81817854E-01 -4.07065760E-05 -8.19700242E-02  2.73553612E-06 -1.50219350E-05  1.04190028E-06  3.14194465E-05  6.93295350E-09 -1.72227155E-06 -1.55959559E-02  2.69692718E-01
 2.67050032E-06 -5.72771777E-02  1.08737557E-05 -5.81601097E-02
