 4.4872E-15
 2.5123E-11
 1.1825E-05
 1.0000E-10
 5.0632E-13
 2.1660E-08
 1.4080E-06
 4.9335E-08
 1.8722E-12
 5.5644E-08
 4.8338E-06
 1.2402E-07
 1.2730E-11
 8.4017E-08
 5.6422E-06
 1.4352E-07
 2.5833E-11
 1.4222E-07
 7.1049E-06
 2.2404E-07
 4.0977E-11
 1.8713E-07
 1.3383E-05
 2.8190E-07
 6.6430E-11
 2.6344E-07
 1.7688E-05
 3.7522E-07
 8.5286E-11
 4.1513E-07
 2.8362E-05
 6.0954E-07
 1.2114E-10
 6.7582E-07
 4.0496E-05
 1.0129E-06
 1.8214E-10
 1.0592E-06
 5.9634E-05
 1.5911E-06
 2.7689E-10
 1.6065E-06
 8.7559E-05
 2.3875E-06
 4.1489E-10
 2.3710E-06
 1.2791E-04
 3.5044E-06
 6.0844E-10
 3.5015E-06
 1.8869E-04
 5.1678E-06
 8.8679E-10
 5.1754E-06
 2.7450E-04
 7.6435E-06
 1.3020E-09
 7.6771E-06
 4.0377E-04
 1.1370E-05
 1.9172E-09
 1.1286E-05
 5.9059E-04
 1.6687E-05
 2.8322E-09
 1.6545E-05
 8.6538E-04
 2.4478E-05
 4.1680E-09
 2.4193E-05
 1.2684E-03
 3.5791E-05
 6.1215E-09
 3.5361E-05
 1.8550E-03
 5.2282E-05
 8.9692E-09
 5.1750E-05
 2.7218E-03
 7.6512E-05
 1.3144E-08
 7.5674E-05
 3.9857E-03
 1.1190E-04
 1.9262E-08
 1.1067E-04
 5.8392E-03
 1.6362E-04
 2.8221E-08
 1.6193E-04
 8.5646E-03
 2.3944E-04
 4.1365E-08
 2.3721E-04
 1.2533E-02
 3.5063E-04
 6.0625E-08
 3.4764E-04
 1.8375E-02
 5.1411E-04
