  7.815102433749018E+00
  8.384014910937935E+00
  5.241603972741642E+00
  7.403635102809350E+00
  5.947488170294601E+00
  6.602317999808982E+00
  6.337120336313327E+00
  6.279034547625422E+00
  6.285376523636249E+00
  6.198937957793704E+00
  6.183767025127626E+00
  6.132908784910201E+00
  6.099312161315931E+00
  6.086863151780325E+00
  6.066036138969324E+00
  6.084785912638145E+00
  6.081740555955960E+00
  6.091457424114474E+00
  6.088655751589013E+00
  6.083517520520748E+00
  6.090782962824947E+00
  6.085244888238625E+00
  6.091840198783943E+00
  6.089256451547468E+00
