----------------------------------------------------------------------------------- 
 => ion # 1
 r           dlntdr_s    dlnndr_s    tem_s       den_s       alpha_s     pgamma_s    
----------------------------------------------------------------------------------- 
 4.9583E-01  3.0000E+00  1.0000E+00  1.0000E+00  1.0000E+00  1.0000E+00  0.0000E+00
 4.9792E-01  3.0000E+00  1.0000E+00  1.0000E+00  1.0000E+00  1.0000E+00  0.0000E+00
 5.0000E-01  3.0000E+00  1.0000E+00  1.0000E+00  1.0000E+00  1.0000E+00  0.0000E+00
 5.0208E-01  3.0000E+00  1.0000E+00  1.0000E+00  1.0000E+00  1.0000E+00  0.0000E+00
----------------------------------------------------------------------------------- 
=> electrons
 r           dlntdr_s    dlnndr_s    tem_s       den_s       alpha_s     pgamma_s    
----------------------------------------------------------------------------------- 
 4.9583E-01  6.0000E+00  1.0000E+00  1.0000E+00  1.0000E+00  1.0000E+00  0.0000E+00
 4.9792E-01  6.0000E+00  1.0000E+00  1.0000E+00  1.0000E+00  1.0000E+00  0.0000E+00
 5.0000E-01  6.0000E+00  1.0000E+00  1.0000E+00  1.0000E+00  1.0000E+00  0.0000E+00
 5.0208E-01  6.0000E+00  1.0000E+00  1.0000E+00  1.0000E+00  1.0000E+00  0.0000E+00
----------------------------------------------------------------------------------- 
 => ion # 1
 r           pgamma_s    phi_gamma_s mach_s      (null)      (null)      (null)      
----------------------------------------------------------------------------------- 
 4.9583E-01  0.0000E+00  0.0000E+00  0.0000E+00  0.0000E+00  0.0000E+00  0.0000E+00
 4.9792E-01  0.0000E+00  0.0000E+00  0.0000E+00  0.0000E+00  0.0000E+00  0.0000E+00
 5.0000E-01  0.0000E+00  0.0000E+00  0.0000E+00  0.0000E+00  0.0000E+00  0.0000E+00
 5.0208E-01  0.0000E+00  0.0000E+00  0.0000E+00  0.0000E+00  0.0000E+00  0.0000E+00
----------------------------------------------------------------------------------- 
=> electrons
 r           pgamma_s    phi_gamma_s mach_s      (null)      (null)      (null)      
----------------------------------------------------------------------------------- 
 4.9583E-01  0.0000E+00  0.0000E+00  0.0000E+00  0.0000E+00  0.0000E+00  0.0000E+00
 4.9792E-01  0.0000E+00  0.0000E+00  0.0000E+00  0.0000E+00  0.0000E+00  0.0000E+00
 5.0000E-01  0.0000E+00  0.0000E+00  0.0000E+00  0.0000E+00  0.0000E+00  0.0000E+00
 5.0208E-01  0.0000E+00  0.0000E+00  0.0000E+00  0.0000E+00  0.0000E+00  0.0000E+00
----------------------------------------------------------------------------------- 
 => Geometry
 r           q_s         shat_s      kappa_s     s_kappa_s   delta_s     s_delta_s   
----------------------------------------------------------------------------------- 
 4.9583E-01  2.0000E+00  1.0000E+00  1.0000E+00  0.0000E+00  0.0000E+00  0.0000E+00
 4.9792E-01  2.0000E+00  1.0000E+00  1.0000E+00  0.0000E+00  0.0000E+00  0.0000E+00
 5.0000E-01  2.0000E+00  1.0000E+00  1.0000E+00  0.0000E+00  0.0000E+00  0.0000E+00
 5.0208E-01  2.0000E+00  1.0000E+00  1.0000E+00  0.0000E+00  0.0000E+00  0.0000E+00
----------------------------------------------------------------------------------- 
 => Geometry
 r           R/r         drmaj_s     b_unit_s    beta_unit_s rhosda_s    (null)      
----------------------------------------------------------------------------------- 
 4.9583E-01  6.0000E+00  0.0000E+00  1.0000E+00  4.0000E-02  5.0000E-02  0.0000E+00
 4.9792E-01  6.0000E+00  0.0000E+00  1.0000E+00  4.0000E-02  5.0000E-02  0.0000E+00
 5.0000E-01  6.0000E+00  0.0000E+00  1.0000E+00  4.0000E-02  5.0000E-02  0.0000E+00
 5.0208E-01  6.0000E+00  0.0000E+00  1.0000E+00  4.0000E-02  5.0000E-02  0.0000E+00
----------------------------------------------------------------------------------- 
 => Geometry and Flows
 r           r_s         r_e         dr_eodr     q           (null)      (null)      
----------------------------------------------------------------------------------- 
 4.9583E-01  5.0000E-01  4.9583E-01  1.0000E+00  1.9833E+00  0.0000E+00  0.0000E+00
 4.9792E-01  5.0000E-01  4.9792E-01  1.0000E+00  1.9917E+00  0.0000E+00  0.0000E+00
 5.0000E-01  5.0000E-01  5.0000E-01  1.0000E+00  2.0000E+00  0.0000E+00  0.0000E+00
 5.0208E-01  5.0000E-01  5.0208E-01  1.0000E+00  2.0083E+00  0.0000E+00  0.0000E+00
----------------------------------------------------------------------------------- 
 => Geometry and Flows
 r           pow_e_s     pow_i_s     pow_ei_s    z_eff_s     nu_s        (null)      
----------------------------------------------------------------------------------- 
 4.9583E-01  0.0000E+00  0.0000E+00  0.0000E+00  1.0000E+00  2.5000E-01  0.0000E+00
 4.9792E-01  0.0000E+00  0.0000E+00  0.0000E+00  1.0000E+00  2.5000E-01  0.0000E+00
 5.0000E-01  0.0000E+00  0.0000E+00  0.0000E+00  1.0000E+00  2.5000E-01  0.0000E+00
 5.0208E-01  0.0000E+00  0.0000E+00  0.0000E+00  1.0000E+00  2.5000E-01  0.0000E+00
----------------------------------------------------------------------------------- 
 => Geometry and Flows
 r           gamma_t_s   gamma_n_s   gamma_eb_s  gamma_HB    w0_s        w0p_s       
----------------------------------------------------------------------------------- 
 4.9583E-01 -2.2737E-14 -5.6843E-15  0.0000E+00  0.0000E+00  0.0000E+00  0.0000E+00
 4.9792E-01  0.0000E+00  0.0000E+00  0.0000E+00  0.0000E+00  0.0000E+00  0.0000E+00
 5.0000E-01  0.0000E+00  0.0000E+00  0.0000E+00  0.0000E+00  0.0000E+00  0.0000E+00
 5.0208E-01  1.1369E-14  2.8422E-15  0.0000E+00  0.0000E+00  0.0000E+00  0.0000E+00
----------------------------------------------------------------------------------- 
 => Geometry and Flows
 r           phi0_neo_s  phi0_er_s   egamma_neo_szmag_s      V (volume)  dV/dr       
----------------------------------------------------------------------------------- 
 4.9583E-01  0.0000E+00  0.0000E+00  0.0000E+00  0.0000E+00  1.4804E+01  5.9218E+01
 4.9792E-01  0.0000E+00  0.0000E+00  0.0000E+00  0.0000E+00  1.4804E+01  5.9218E+01
 5.0000E-01  0.0000E+00  0.0000E+00  0.0000E+00  0.0000E+00  1.4804E+01  5.9218E+01
 5.0208E-01  0.0000E+00  0.0000E+00  0.0000E+00  0.0000E+00  1.4804E+01  5.9218E+01
