     0  0.00000E+00
     1  2.50000E-01
     2  5.00000E-01
     3  7.50000E-01
     4  1.00000E+00
     5  1.25000E+00
     6  1.50000E+00
     7  1.75000E+00
     8  2.00000E+00
     9  2.25000E+00
    10  2.50000E+00
    11  2.75000E+00
    12  3.00000E+00
    13  3.25000E+00
    14  3.50000E+00
    15  3.75000E+00
    16  4.00000E+00
    17  4.25000E+00
    18  4.50000E+00
    19  4.75000E+00
    20  5.00000E+00
    21  5.25000E+00
    22  5.50000E+00
    23  5.75000E+00
    24  6.00000E+00
