-1.17308192E-11  5.00207172E-11  4.56074107E-10  0.00000000E+00  9.39470717E-12 -5.37884134E-11  4.71873020E-10  0.00000000E+00 -9.76533358E-12  5.26319691E-11  4.52099160E-10  0.00000000E+00  9.73220991E-12 -5.25016500E-11  4.68338841E-10  0.00000000E+00 -8.65160375E-12  5.47120495E-11  4.59875216E-10  0.00000000E+00
 1.10207842E-11 -5.10747652E-11  4.66713073E-10  0.00000000E+00
 2.61561983E-02  2.10826254E-01 -2.53311111E-01 -3.49743516E-01  1.78260603E-02  2.03968344E-01 -2.58782257E-01 -3.47529402E-01  6.85969762E-03  1.96166569E-01 -2.60162464E-01 -3.44756719E-01 -6.49910377E-03  1.85484424E-01 -2.59530576E-01 -3.41116164E-01 -1.77870498E-02  1.77429714E-01 -2.58516863E-01 -3.38307013E-01
-2.65558027E-02  1.70503352E-01 -2.51536758E-01 -3.37138998E-01
 3.92259367E-02  4.33040579E-01 -4.36792637E-01 -3.43892564E-01  2.51148192E-02  4.20656873E-01 -4.55349420E-01 -3.43716872E-01  9.98895588E-03  4.11509309E-01 -4.58048976E-01 -3.43198164E-01 -9.99767668E-03  3.99064357E-01 -4.53779801E-01 -3.37909096E-01 -2.52603651E-02  3.91991495E-01 -4.47994849E-01 -3.31126596E-01
-3.90716699E-02  3.82708293E-01 -4.28731383E-01 -3.27030731E-01
 4.94273475E-02  6.03112240E-01 -5.33549134E-01 -2.36622192E-01  2.74864127E-02  5.82347184E-01 -5.66060430E-01 -2.39173691E-01  7.97807567E-03  5.68455859E-01 -5.66332544E-01 -2.41396476E-01 -1.46643562E-02  5.56199227E-01 -5.50609557E-01 -2.33918291E-01 -2.78421479E-02  5.55781799E-01 -5.35450624E-01 -2.21341322E-01
-4.23853317E-02  5.49533243E-01 -5.09519987E-01 -2.12137767E-01
 6.06729247E-02  7.03776561E-01 -5.92978468E-01 -1.56286853E-01  2.85957050E-02  6.72868603E-01 -6.35473441E-01 -1.56871017E-01  2.27927236E-03  6.50782556E-01 -6.33352023E-01 -1.57126218E-01 -2.16027443E-02  6.38580712E-01 -6.06098165E-01 -1.47151370E-01 -2.89854988E-02  6.47579275E-01 -5.81574167E-01 -1.33232111E-01
-4.09596590E-02  6.47919312E-01 -5.54126909E-01 -1.23210385E-01
 7.12425300E-02  7.56761516E-01 -6.36424535E-01 -9.55127814E-02  3.13423444E-02  7.20108157E-01 -6.78594844E-01 -8.92858008E-02 -1.66377221E-03  6.91478407E-01 -6.77868622E-01 -8.28477739E-02 -2.79385932E-02  6.77594860E-01 -6.50941465E-01 -7.09245752E-02 -3.15618570E-02  6.92023859E-01 -6.25071964E-01 -6.13565493E-02
-4.14206521E-02  6.97379950E-01 -5.96247348E-01 -5.58577505E-02
 7.87666798E-02  7.77055796E-01 -6.61906688E-01 -4.56022609E-02  3.66417510E-02  7.41570745E-01 -6.94467116E-01 -3.24821706E-02 -5.59521043E-04  7.11527440E-01 -6.98078399E-01 -1.93982744E-02 -3.14660006E-02  6.94768391E-01 -6.83331628E-01 -6.31331650E-03 -3.65538366E-02  7.07965083E-01 -6.64815351E-01 -2.01624864E-03
-4.68290726E-02  7.13668338E-01 -6.33419048E-01 -1.52111624E-03
 8.37977329E-02  7.76857250E-01 -6.69312108E-01 -6.73460162E-03  4.37196189E-02  7.46585190E-01 -6.89571774E-01  9.79324394E-03  4.18256964E-03  7.18693599E-01 -6.97748555E-01  2.64646916E-02 -3.30550806E-02  6.98872760E-01 -6.98540850E-01  4.05429271E-02 -4.32356146E-02  7.06995916E-01 -6.90363005E-01  4.24385089E-02
-5.54092263E-02  7.10038337E-01 -6.56738607E-01  4.06336625E-02
 8.79972104E-02  7.67579820E-01 -6.62654716E-01  2.16980124E-02  5.06209785E-02  7.41949473E-01 -6.73577785E-01  3.83482852E-02  9.04451116E-03  7.16861687E-01 -6.84914788E-01  5.58063471E-02 -3.43870561E-02  6.95271593E-01 -6.97235558E-01  7.09290108E-02 -4.96740760E-02  6.98986806E-01 -6.96799858E-01  7.32474193E-02
-6.36015679E-02  6.99127579E-01 -6.62655193E-01  7.16414201E-02
 9.25213211E-02  7.57035572E-01 -6.45969632E-01  4.21160359E-02  5.64024494E-02  7.33408738E-01 -6.52521459E-01  5.76485739E-02  1.20634139E-02  7.09934139E-01 -6.66423586E-01  7.49427102E-02 -3.65097487E-02  6.87975525E-01 -6.84728241E-01  9.10553390E-02 -5.49215802E-02  6.89924330E-01 -6.87136260E-01  9.46275079E-02
-6.95558555E-02  6.88542928E-01 -6.53346755E-01  9.39629031E-02
 9.76848920E-02  7.48839163E-01 -6.22541337E-01  5.68762455E-02  6.13028964E-02  7.25047989E-01 -6.28814104E-01  7.16453121E-02  1.32100784E-02  7.01557081E-01 -6.46200094E-01  8.90702025E-02 -3.97118472E-02  6.79696339E-01 -6.67167427E-01  1.05830612E-01 -5.92034763E-02  6.82035787E-01 -6.68115834E-01  1.09926679E-01
-7.32825433E-02  6.80799870E-01 -6.33898423E-01  1.09800866E-01
 1.03241840E-01  7.43909379E-01 -5.95375259E-01  6.75683216E-02  6.56146864E-02  7.18862829E-01 -6.03758760E-01  8.24854321E-02  1.30129212E-02  6.94199538E-01 -6.26507700E-01  1.00554163E-01 -4.37907426E-02  6.72310178E-01 -6.49538953E-01  1.17391250E-01 -6.28190005E-02  6.76135194E-01 -6.46367703E-01  1.20846858E-01
-7.52597043E-02  6.76195709E-01 -6.09732340E-01  1.20667289E-01
 1.08843659E-01  7.42229097E-01 -5.67081586E-01  7.54959389E-02  6.93780544E-02  7.15531646E-01 -5.79155039E-01  9.13292267E-02  1.18525882E-02  6.89172827E-01 -6.09570690E-01  1.10327724E-01 -4.84296853E-02  6.67085737E-01 -6.35438341E-01  1.26709498E-01 -6.58369143E-02  6.72799246E-01 -6.26403753E-01  1.28672620E-01
-7.58077020E-02  6.74681002E-01 -5.84721335E-01  1.28080615E-01
 1.14253335E-01  7.43492240E-01 -5.39795626E-01  8.14874102E-02  7.26142008E-02  7.15105267E-01 -5.56917328E-01  9.86097509E-02  1.00050708E-02  6.86909062E-01 -5.97068138E-01  1.18613739E-01 -5.33741637E-02  6.64495892E-01 -6.26639608E-01  1.34295098E-01 -6.83147597E-02  6.72129297E-01 -6.10380202E-01  1.34457925E-01
-7.51836829E-02  6.75983020E-01 -5.61133711E-01  1.33338885E-01
 1.19318816E-01  7.46963617E-01 -5.14921889E-01  8.54771625E-02  7.53678745E-02  7.16988032E-01 -5.38219266E-01  1.03937312E-01  7.70635962E-03  6.86969002E-01 -5.89424971E-01  1.24950014E-01 -5.84084210E-02  6.64129741E-01 -6.23093844E-01  1.39987743E-01 -7.03267283E-02  6.73552492E-01 -5.98621177E-01  1.38451488E-01
-7.36579009E-02  6.79368761E-01 -5.40007340E-01  1.36819671E-01
 1.23926744E-01  7.51488434E-01 -4.92971025E-01  8.68482380E-02  7.76852960E-02  7.20061575E-01 -5.23132414E-01  1.06533670E-01  5.15856932E-03  6.88294003E-01 -5.85817762E-01  1.28571637E-01 -6.33324181E-02  6.64969857E-01 -6.23493529E-01  1.43190982E-01 -7.19280345E-02  6.76003015E-01 -5.90342432E-01  1.40220532E-01
-7.15101569E-02  6.83703933E-01 -5.21493207E-01  1.38114006E-01
