 4.0959E+00
 4.9526E-15
-1.1006E+00
-5.2283E-02
-8.8358E-17
-9.7899E-01
 8.8136E-01
 9.9370E-01
 9.0709E-01
 9.7164E-01
-3.8195E+00
 3.6776E+00
-2.4210E-01
-1.0745E+00
-5.1955E-02
-1.7647E-01
-9.6441E-01
 8.7382E-01
 1.0037E+00
 8.8606E-01
 9.8620E-01
-3.4089E+00
 3.2571E+00
-4.7529E-01
-9.9186E-01
-5.1085E-02
-3.5955E-01
-9.1636E-01
 8.5260E-01
 1.0293E+00
 8.2943E-01
 1.0280E+00
-2.7963E+00
 2.8357E+00
-6.9350E-01
-8.3772E-01
-5.0048E-02
-5.5501E-01
-8.1916E-01
 8.2088E-01
 1.0597E+00
 7.5328E-01
 1.0898E+00
-2.1125E+00
 2.4192E+00
-8.8225E-01
-5.8945E-01
-4.9733E-02
-7.5821E-01
-6.4330E-01
 7.8283E-01
 1.0806E+00
 6.8073E-01
 1.1500E+00
-1.4724E+00
 2.0173E+00
-9.9581E-01
-2.3892E-01
-5.1955E-02
-9.3068E-01
-3.6055E-01
 7.4259E-01
 1.0801E+00
 6.3987E-01
 1.1605E+00
-9.4683E-01
 1.6407E+00
-9.7272E-01
 1.5371E-01
-5.9323E-02
-1.0000E+00
-2.7339E-15
 7.0377E-01
 1.0540E+00
 6.5624E-01
 1.0724E+00
-5.6295E-01
 1.2971E+00
-8.2483E-01
 4.7469E-01
-7.3481E-02
-9.3945E-01
 3.3674E-01
 6.6910E-01
 1.0071E+00
 7.3464E-01
 9.1099E-01
-3.1638E-01
 9.8838E-01
-6.3873E-01
 6.8268E-01
-9.2849E-02
-8.0179E-01
 5.8581E-01
 6.4014E-01
 9.5084E-01
 8.4960E-01
 7.5370E-01
-1.8122E-01
 7.1161E-01
-4.6849E-01
 8.1243E-01
-1.1331E-01
-6.3245E-01
 7.5577E-01
 6.1740E-01
 8.9703E-01
 9.6458E-01
 6.4021E-01
-1.2041E-01
 4.6014E-01
-3.1633E-01
 9.0206E-01
-1.3035E-01
-4.4251E-01
 8.7137E-01
 6.0089E-01
 8.5413E-01
 1.0512E+00
 5.7168E-01
-8.9185E-02
 2.2579E-01
-1.6330E-01
 9.6308E-01
-1.4107E-01
-2.2998E-01
 9.4338E-01
 5.9072E-01
 8.2691E-01
 1.0994E+00
 5.3729E-01
-5.2041E-02
 3.8025E-15
 8.6736E-16
 9.8615E-01
-1.4465E-01
-3.5597E-15
 9.6880E-01
 5.8723E-01
 8.1756E-01
 1.1141E+00
 5.2709E-01
-9.3849E-16
-2.2579E-01
 1.6330E-01
 9.6308E-01
-1.4107E-01
 2.2998E-01
 9.4338E-01
 5.9072E-01
 8.2691E-01
 1.0994E+00
 5.3729E-01
 5.2041E-02
-4.6014E-01
 3.1633E-01
 9.0206E-01
-1.3035E-01
 4.4251E-01
 8.7137E-01
 6.0089E-01
 8.5413E-01
 1.0512E+00
 5.7168E-01
 8.9185E-02
-7.1161E-01
 4.6849E-01
 8.1243E-01
-1.1331E-01
 6.3245E-01
 7.5577E-01
 6.1740E-01
 8.9703E-01
 9.6458E-01
 6.4021E-01
 1.2041E-01
-9.8838E-01
 6.3873E-01
 6.8268E-01
-9.2849E-02
 8.0179E-01
 5.8581E-01
 6.4014E-01
 9.5084E-01
 8.4960E-01
 7.5370E-01
 1.8122E-01
-1.2971E+00
 8.2483E-01
 4.7469E-01
-7.3481E-02
 9.3945E-01
 3.3674E-01
 6.6910E-01
 1.0071E+00
 7.3464E-01
 9.1099E-01
 3.1638E-01
-1.6407E+00
 9.7272E-01
 1.5371E-01
-5.9323E-02
 1.0000E+00
 9.3120E-15
 7.0377E-01
 1.0540E+00
 6.5624E-01
 1.0724E+00
 5.6295E-01
-2.0173E+00
 9.9581E-01
-2.3892E-01
-5.1955E-02
 9.3068E-01
-3.6055E-01
 7.4259E-01
 1.0801E+00
 6.3987E-01
 1.1605E+00
 9.4683E-01
-2.4192E+00
 8.8225E-01
-5.8945E-01
-4.9733E-02
 7.5821E-01
-6.4330E-01
 7.8283E-01
 1.0806E+00
 6.8073E-01
 1.1500E+00
 1.4724E+00
-2.8357E+00
 6.9350E-01
-8.3772E-01
-5.0048E-02
 5.5501E-01
-8.1916E-01
 8.2088E-01
 1.0597E+00
 7.5328E-01
 1.0898E+00
 2.1125E+00
-3.2571E+00
 4.7529E-01
-9.9186E-01
-5.1085E-02
 3.5955E-01
-9.1636E-01
 8.5260E-01
 1.0293E+00
 8.2943E-01
 1.0280E+00
 2.7963E+00
-3.6776E+00
 2.4210E-01
-1.0745E+00
-5.1955E-02
 1.7647E-01
-9.6441E-01
 8.7382E-01
 1.0037E+00
 8.8606E-01
 9.8620E-01
 3.4089E+00
 4.1134E+00
 6.1674E-16
-1.1022E+00
-5.2258E-02
-8.8293E-17
-9.7900E-01
 8.8154E-01
 9.9331E-01
 9.0709E-01
 9.7183E-01
-3.8188E+00
 3.6931E+00
-2.4193E-01
-1.0761E+00
-5.1933E-02
-1.7627E-01
-9.6446E-01
 8.7398E-01
 1.0033E+00
 8.8606E-01
 9.8638E-01
-3.4079E+00
 3.2706E+00
-4.7500E-01
-9.9346E-01
-5.1069E-02
-3.5917E-01
-9.1652E-01
 8.5269E-01
 1.0289E+00
 8.2940E-01
 1.0281E+00
-2.7952E+00
 2.8472E+00
-6.9322E-01
-8.3927E-01
-5.0040E-02
-5.5454E-01
-8.1948E-01
 8.2088E-01
 1.0593E+00
 7.5319E-01
 1.0900E+00
-2.1112E+00
 2.4288E+00
-8.8217E-01
-5.9086E-01
-4.9731E-02
-7.5782E-01
-6.4375E-01
 7.8270E-01
 1.0802E+00
 6.8053E-01
 1.1502E+00
-1.4707E+00
 2.0252E+00
-9.9601E-01
-2.3996E-01
-5.1961E-02
-9.3054E-01
-3.6089E-01
 7.4234E-01
 1.0798E+00
 6.3956E-01
 1.1607E+00
-9.4458E-01
 1.6470E+00
-9.7297E-01
 1.5311E-01
-5.9352E-02
-1.0000E+00
-2.7478E-15
 7.0340E-01
 1.0538E+00
 6.5593E-01
 1.0724E+00
-5.6011E-01
 1.3019E+00
-8.2495E-01
 4.7417E-01
-7.3559E-02
-9.3938E-01
 3.3693E-01
 6.6863E-01
 1.0070E+00
 7.3443E-01
 9.1060E-01
-3.1313E-01
 9.9200E-01
-6.3881E-01
 6.8190E-01
-9.2995E-02
-8.0170E-01
 5.8594E-01
 6.3958E-01
 9.5080E-01
 8.4951E-01
 7.5313E-01
-1.7796E-01
 7.1413E-01
-4.6862E-01
 8.1137E-01
-1.1353E-01
-6.3245E-01
 7.5578E-01
 6.1677E-01
 8.9698E-01
 9.6454E-01
 6.3958E-01
-1.1764E-01
 4.6172E-01
-3.1645E-01
 9.0087E-01
-1.3064E-01
-4.4262E-01
 8.7134E-01
 6.0021E-01
 8.5399E-01
 1.0512E+00
 5.7105E-01
-8.7311E-02
 2.2655E-01
-1.6337E-01
 9.6190E-01
-1.4140E-01
-2.3009E-01
 9.4337E-01
 5.9001E-01
 8.2664E-01
 1.0994E+00
 5.3665E-01
-5.1145E-02
 3.8164E-15
-6.4809E-15
 9.8500E-01
-1.4500E-01
-3.5597E-15
 9.6881E-01
 5.8651E-01
 8.1724E-01
 1.1141E+00
 5.2644E-01
-9.2287E-16
-2.2655E-01
 1.6337E-01
 9.6190E-01
-1.4140E-01
 2.3009E-01
 9.4337E-01
 5.9001E-01
 8.2664E-01
 1.0994E+00
 5.3665E-01
 5.1145E-02
-4.6172E-01
 3.1645E-01
 9.0087E-01
-1.3064E-01
 4.4262E-01
 8.7134E-01
 6.0021E-01
 8.5399E-01
 1.0512E+00
 5.7105E-01
 8.7311E-02
-7.1413E-01
 4.6862E-01
 8.1137E-01
-1.1353E-01
 6.3245E-01
 7.5578E-01
 6.1677E-01
 8.9698E-01
 9.6454E-01
 6.3958E-01
 1.1764E-01
-9.9200E-01
 6.3881E-01
 6.8190E-01
-9.2995E-02
 8.0170E-01
 5.8594E-01
 6.3958E-01
 9.5080E-01
 8.4951E-01
 7.5313E-01
 1.7796E-01
-1.3019E+00
 8.2495E-01
 4.7417E-01
-7.3559E-02
 9.3938E-01
 3.3693E-01
 6.6863E-01
 1.0070E+00
 7.3443E-01
 9.1060E-01
 3.1313E-01
-1.6470E+00
 9.7297E-01
 1.5311E-01
-5.9352E-02
 1.0000E+00
 9.3120E-15
 7.0340E-01
 1.0538E+00
 6.5593E-01
 1.0724E+00
 5.6011E-01
-2.0252E+00
 9.9601E-01
-2.3996E-01
-5.1961E-02
 9.3054E-01
-3.6089E-01
 7.4234E-01
 1.0798E+00
 6.3956E-01
 1.1607E+00
 9.4458E-01
-2.4288E+00
 8.8217E-01
-5.9086E-01
-4.9731E-02
 7.5782E-01
-6.4375E-01
 7.8270E-01
 1.0802E+00
 6.8053E-01
 1.1502E+00
 1.4707E+00
-2.8472E+00
 6.9322E-01
-8.3927E-01
-5.0040E-02
 5.5454E-01
-8.1948E-01
 8.2088E-01
 1.0593E+00
 7.5319E-01
 1.0900E+00
 2.1112E+00
-3.2706E+00
 4.7500E-01
-9.9346E-01
-5.1069E-02
 3.5917E-01
-9.1652E-01
 8.5269E-01
 1.0289E+00
 8.2940E-01
 1.0281E+00
 2.7952E+00
-3.6931E+00
 2.4193E-01
-1.0761E+00
-5.1933E-02
 1.7627E-01
-9.6446E-01
 8.7398E-01
 1.0033E+00
 8.8606E-01
 9.8638E-01
 3.4079E+00
 4.1308E+00
-2.4577E-15
-1.1038E+00
-5.2233E-02
-8.8228E-17
-9.7901E-01
 8.8172E-01
 9.9292E-01
 9.0709E-01
 9.7203E-01
-3.8180E+00
 3.7085E+00
-2.4176E-01
-1.0777E+00
-5.1910E-02
-1.7606E-01
-9.6450E-01
 8.7414E-01
 1.0029E+00
 8.8605E-01
 9.8656E-01
-3.4068E+00
 3.2841E+00
-4.7472E-01
-9.9504E-01
-5.1053E-02
-3.5878E-01
-9.1668E-01
 8.5278E-01
 1.0286E+00
 8.2937E-01
 1.0283E+00
-2.7941E+00
 2.8588E+00
-6.9295E-01
-8.4081E-01
-5.0031E-02
-5.5406E-01
-8.1980E-01
 8.2087E-01
 1.0589E+00
 7.5310E-01
 1.0901E+00
-2.1099E+00
 2.4385E+00
-8.8209E-01
-5.9226E-01
-4.9729E-02
-7.5743E-01
-6.4421E-01
 7.8258E-01
 1.0799E+00
 6.8032E-01
 1.1504E+00
-1.4690E+00
 2.0331E+00
-9.9620E-01
-2.4099E-01
-5.1967E-02
-9.3040E-01
-3.6124E-01
 7.4209E-01
 1.0795E+00
 6.3925E-01
 1.1609E+00
-9.4232E-01
 1.6533E+00
-9.7321E-01
 1.5253E-01
-5.9382E-02
-1.0000E+00
-2.7478E-15
 7.0303E-01
 1.0535E+00
 6.5562E-01
 1.0723E+00
-5.5727E-01
 1.3068E+00
-8.2507E-01
 4.7366E-01
-7.3638E-02
-9.3932E-01
 3.3713E-01
 6.6816E-01
 1.0068E+00
 7.3423E-01
 9.1021E-01
-3.0988E-01
 9.9561E-01
-6.3889E-01
 6.8113E-01
-9.3142E-02
-8.0160E-01
 5.8607E-01
 6.3902E-01
 9.5077E-01
 8.4942E-01
 7.5255E-01
-1.7469E-01
 7.1665E-01
-4.6874E-01
 8.1032E-01
-1.1375E-01
-6.3245E-01
 7.5579E-01
 6.1614E-01
 8.9694E-01
 9.6451E-01
 6.3895E-01
-1.1487E-01
 4.6330E-01
-3.1657E-01
 8.9969E-01
-1.3092E-01
-4.4272E-01
 8.7130E-01
 5.9953E-01
 8.5384E-01
 1.0511E+00
 5.7041E-01
-8.5430E-02
 2.2730E-01
-1.6345E-01
 9.6072E-01
-1.4173E-01
-2.3019E-01
 9.4336E-01
 5.8930E-01
 8.2637E-01
 1.0994E+00
 5.3600E-01
-5.0246E-02
 3.8303E-15
-2.8172E-15
 9.8386E-01
-1.4535E-01
-3.5666E-15
 9.6883E-01
 5.8579E-01
 8.1691E-01
 1.1141E+00
 5.2579E-01
-9.0900E-16
-2.2730E-01
 1.6345E-01
 9.6072E-01
-1.4173E-01
 2.3019E-01
 9.4336E-01
 5.8930E-01
 8.2637E-01
 1.0994E+00
 5.3600E-01
 5.0246E-02
-4.6330E-01
 3.1657E-01
 8.9969E-01
-1.3092E-01
 4.4272E-01
 8.7130E-01
 5.9953E-01
 8.5384E-01
 1.0511E+00
 5.7041E-01
 8.5430E-02
-7.1665E-01
 4.6874E-01
 8.1032E-01
-1.1375E-01
 6.3245E-01
 7.5579E-01
 6.1614E-01
 8.9694E-01
 9.6451E-01
 6.3895E-01
 1.1487E-01
-9.9561E-01
 6.3889E-01
 6.8113E-01
-9.3142E-02
 8.0160E-01
 5.8607E-01
 6.3902E-01
 9.5077E-01
 8.4942E-01
 7.5255E-01
 1.7469E-01
-1.3068E+00
 8.2507E-01
 4.7366E-01
-7.3638E-02
 9.3932E-01
 3.3713E-01
 6.6816E-01
 1.0068E+00
 7.3423E-01
 9.1021E-01
 3.0988E-01
-1.6533E+00
 9.7321E-01
 1.5253E-01
-5.9382E-02
 1.0000E+00
 9.3259E-15
 7.0303E-01
 1.0535E+00
 6.5562E-01
 1.0723E+00
 5.5727E-01
-2.0331E+00
 9.9620E-01
-2.4099E-01
-5.1967E-02
 9.3040E-01
-3.6124E-01
 7.4209E-01
 1.0795E+00
 6.3925E-01
 1.1609E+00
 9.4232E-01
-2.4385E+00
 8.8209E-01
-5.9226E-01
-4.9729E-02
 7.5743E-01
-6.4421E-01
 7.8258E-01
 1.0799E+00
 6.8032E-01
 1.1504E+00
 1.4690E+00
-2.8588E+00
 6.9295E-01
-8.4081E-01
-5.0031E-02
 5.5406E-01
-8.1980E-01
 8.2087E-01
 1.0589E+00
 7.5310E-01
 1.0901E+00
 2.1099E+00
-3.2841E+00
 4.7472E-01
-9.9504E-01
-5.1053E-02
 3.5878E-01
-9.1668E-01
 8.5278E-01
 1.0286E+00
 8.2937E-01
 1.0283E+00
 2.7941E+00
-3.7085E+00
 2.4176E-01
-1.0777E+00
-5.1910E-02
 1.7606E-01
-9.6450E-01
 8.7414E-01
 1.0029E+00
 8.8605E-01
 9.8656E-01
 3.4068E+00
 4.1483E+00
-1.8363E-15
-1.1054E+00
-5.2208E-02
-8.8164E-17
-9.7902E-01
 8.8190E-01
 9.9252E-01
 9.0709E-01
 9.7223E-01
-3.8172E+00
 3.7240E+00
-2.4159E-01
-1.0793E+00
-5.1888E-02
-1.7585E-01
-9.6455E-01
 8.7429E-01
 1.0025E+00
 8.8605E-01
 9.8674E-01
-3.4058E+00
 3.2976E+00
-4.7443E-01
-9.9663E-01
-5.1037E-02
-3.5839E-01
-9.1683E-01
 8.5287E-01
 1.0282E+00
 8.2935E-01
 1.0284E+00
-2.7930E+00
 2.8703E+00
-6.9268E-01
-8.4235E-01
-5.0022E-02
-5.5359E-01
-8.2012E-01
 8.2086E-01
 1.0586E+00
 7.5301E-01
 1.0902E+00
-2.1086E+00
 2.4481E+00
-8.8201E-01
-5.9366E-01
-4.9726E-02
-7.5704E-01
-6.4466E-01
 7.8245E-01
 1.0795E+00
 6.8012E-01
 1.1505E+00
-1.4673E+00
 2.0410E+00
-9.9640E-01
-2.4202E-01
-5.1974E-02
-9.3027E-01
-3.6159E-01
 7.4184E-01
 1.0792E+00
 6.3894E-01
 1.1610E+00
-9.4006E-01
 1.6596E+00
-9.7346E-01
 1.5195E-01
-5.9412E-02
-1.0000E+00
-2.7478E-15
 7.0267E-01
 1.0533E+00
 6.5531E-01
 1.0723E+00
-5.5443E-01
 1.3117E+00
-8.2518E-01
 4.7316E-01
-7.3717E-02
-9.3925E-01
 3.3732E-01
 6.6769E-01
 1.0067E+00
 7.3403E-01
 9.0982E-01
-3.0663E-01
 9.9922E-01
-6.3897E-01
 6.8037E-01
-9.3289E-02
-8.0151E-01
 5.8620E-01
 6.3846E-01
 9.5073E-01
 8.4933E-01
 7.5197E-01
-1.7141E-01
 7.1916E-01
-4.6885E-01
 8.0928E-01
-1.1397E-01
-6.3245E-01
 7.5580E-01
 6.1551E-01
 8.9690E-01
 9.6447E-01
 6.3833E-01
-1.1210E-01
 4.6487E-01
-3.1669E-01
 8.9851E-01
-1.3121E-01
-4.4282E-01
 8.7127E-01
 5.9885E-01
 8.5370E-01
 1.0511E+00
 5.6977E-01
-8.3543E-02
 2.2805E-01
-1.6352E-01
 9.5955E-01
-1.4206E-01
-2.3030E-01
 9.4335E-01
 5.8858E-01
 8.2610E-01
 1.0994E+00
 5.3536E-01
-4.9343E-02
 3.8441E-15
-6.4670E-15
 9.8272E-01
-1.4569E-01
-3.5666E-15
 9.6884E-01
 5.8507E-01
 8.1658E-01
 1.1141E+00
 5.2514E-01
-8.9338E-16
-2.2805E-01
 1.6352E-01
 9.5955E-01
-1.4206E-01
 2.3030E-01
 9.4335E-01
 5.8858E-01
 8.2610E-01
 1.0994E+00
 5.3536E-01
 4.9343E-02
-4.6487E-01
 3.1669E-01
 8.9851E-01
-1.3121E-01
 4.4282E-01
 8.7127E-01
 5.9885E-01
 8.5370E-01
 1.0511E+00
 5.6977E-01
 8.3543E-02
-7.1916E-01
 4.6885E-01
 8.0928E-01
-1.1397E-01
 6.3245E-01
 7.5580E-01
 6.1551E-01
 8.9690E-01
 9.6447E-01
 6.3833E-01
 1.1210E-01
-9.9922E-01
 6.3897E-01
 6.8037E-01
-9.3289E-02
 8.0151E-01
 5.8620E-01
 6.3846E-01
 9.5073E-01
 8.4933E-01
 7.5197E-01
 1.7141E-01
-1.3117E+00
 8.2518E-01
 4.7316E-01
-7.3717E-02
 9.3925E-01
 3.3732E-01
 6.6769E-01
 1.0067E+00
 7.3403E-01
 9.0982E-01
 3.0663E-01
-1.6596E+00
 9.7346E-01
 1.5195E-01
-5.9412E-02
 1.0000E+00
 9.3259E-15
 7.0267E-01
 1.0533E+00
 6.5531E-01
 1.0723E+00
 5.5443E-01
-2.0410E+00
 9.9640E-01
-2.4202E-01
-5.1974E-02
 9.3027E-01
-3.6159E-01
 7.4184E-01
 1.0792E+00
 6.3894E-01
 1.1610E+00
 9.4006E-01
-2.4481E+00
 8.8201E-01
-5.9366E-01
-4.9726E-02
 7.5704E-01
-6.4466E-01
 7.8245E-01
 1.0795E+00
 6.8012E-01
 1.1505E+00
 1.4673E+00
-2.8703E+00
 6.9268E-01
-8.4235E-01
-5.0022E-02
 5.5359E-01
-8.2012E-01
 8.2086E-01
 1.0586E+00
 7.5301E-01
 1.0902E+00
 2.1086E+00
-3.2976E+00
 4.7443E-01
-9.9663E-01
-5.1037E-02
 3.5839E-01
-9.1683E-01
 8.5287E-01
 1.0282E+00
 8.2935E-01
 1.0284E+00
 2.7930E+00
-3.7240E+00
 2.4159E-01
-1.0793E+00
-5.1888E-02
 1.7585E-01
-9.6455E-01
 8.7429E-01
 1.0025E+00
 8.8605E-01
 9.8674E-01
 3.4058E+00
 4.1657E+00
-1.2196E-15
-1.1070E+00
-5.2183E-02
-8.8099E-17
-9.7903E-01
 8.8208E-01
 9.9213E-01
 9.0709E-01
 9.7243E-01
-3.8164E+00
 3.7395E+00
-2.4142E-01
-1.0809E+00
-5.1865E-02
-1.7564E-01
-9.6460E-01
 8.7445E-01
 1.0021E+00
 8.8605E-01
 9.8693E-01
-3.4048E+00
 3.3111E+00
-4.7415E-01
-9.9820E-01
-5.1021E-02
-3.5801E-01
-9.1699E-01
 8.5296E-01
 1.0278E+00
 8.2932E-01
 1.0286E+00
-2.7919E+00
 2.8818E+00
-6.9241E-01
-8.4388E-01
-5.0014E-02
-5.5311E-01
-8.2045E-01
 8.2086E-01
 1.0582E+00
 7.5292E-01
 1.0903E+00
-2.1073E+00
 2.4578E+00
-8.8194E-01
-5.9505E-01
-4.9724E-02
-7.5666E-01
-6.4511E-01
 7.8233E-01
 1.0792E+00
 6.7992E-01
 1.1507E+00
-1.4657E+00
 2.0489E+00
-9.9660E-01
-2.4304E-01
-5.1980E-02
-9.3013E-01
-3.6194E-01
 7.4160E-01
 1.0789E+00
 6.3863E-01
 1.1612E+00
-9.3780E-01
 1.6659E+00
-9.7371E-01
 1.5137E-01
-5.9441E-02
-1.0000E+00
-2.7478E-15
 7.0230E-01
 1.0531E+00
 6.5500E-01
 1.0722E+00
-5.5158E-01
 1.3165E+00
-8.2529E-01
 4.7266E-01
-7.3795E-02
-9.3917E-01
 3.3751E-01
 6.6722E-01
 1.0066E+00
 7.3383E-01
 9.0943E-01
-3.0337E-01
 1.0028E+00
-6.3905E-01
 6.7961E-01
-9.3436E-02
-8.0142E-01
 5.8633E-01
 6.3790E-01
 9.5069E-01
 8.4924E-01
 7.5139E-01
-1.6813E-01
 7.2167E-01
-4.6897E-01
 8.0824E-01
-1.1419E-01
-6.3245E-01
 7.5581E-01
 6.1488E-01
 8.9685E-01
 9.6443E-01
 6.3770E-01
-1.0931E-01
 4.6644E-01
-3.1681E-01
 8.9734E-01
-1.3150E-01
-4.4292E-01
 8.7123E-01
 5.9817E-01
 8.5355E-01
 1.0511E+00
 5.6913E-01
-8.1650E-02
 2.2880E-01
-1.6359E-01
 9.5839E-01
-1.4240E-01
-2.3040E-01
 9.4334E-01
 5.8788E-01
 8.2583E-01
 1.0994E+00
 5.3472E-01
-4.8437E-02
 3.8511E-15
-8.3267E-17
 9.8159E-01
-1.4604E-01
-3.5666E-15
 9.6886E-01
 5.8435E-01
 8.1625E-01
 1.1141E+00
 5.2450E-01
-8.7950E-16
-2.2880E-01
 1.6359E-01
 9.5839E-01
-1.4240E-01
 2.3040E-01
 9.4334E-01
 5.8788E-01
 8.2583E-01
 1.0994E+00
 5.3472E-01
 4.8437E-02
-4.6644E-01
 3.1681E-01
 8.9734E-01
-1.3150E-01
 4.4292E-01
 8.7123E-01
 5.9817E-01
 8.5355E-01
 1.0511E+00
 5.6913E-01
 8.1650E-02
-7.2167E-01
 4.6897E-01
 8.0824E-01
-1.1419E-01
 6.3245E-01
 7.5581E-01
 6.1488E-01
 8.9685E-01
 9.6443E-01
 6.3770E-01
 1.0931E-01
-1.0028E+00
 6.3905E-01
 6.7961E-01
-9.3436E-02
 8.0142E-01
 5.8633E-01
 6.3790E-01
 9.5069E-01
 8.4924E-01
 7.5139E-01
 1.6813E-01
-1.3165E+00
 8.2529E-01
 4.7266E-01
-7.3795E-02
 9.3917E-01
 3.3751E-01
 6.6722E-01
 1.0066E+00
 7.3383E-01
 9.0943E-01
 3.0337E-01
-1.6659E+00
 9.7371E-01
 1.5137E-01
-5.9441E-02
 1.0000E+00
 9.3398E-15
 7.0230E-01
 1.0531E+00
 6.5500E-01
 1.0722E+00
 5.5158E-01
-2.0489E+00
 9.9660E-01
-2.4304E-01
-5.1980E-02
 9.3013E-01
-3.6194E-01
 7.4160E-01
 1.0789E+00
 6.3863E-01
 1.1612E+00
 9.3780E-01
-2.4578E+00
 8.8194E-01
-5.9505E-01
-4.9724E-02
 7.5666E-01
-6.4511E-01
 7.8233E-01
 1.0792E+00
 6.7992E-01
 1.1507E+00
 1.4657E+00
-2.8818E+00
 6.9241E-01
-8.4388E-01
-5.0014E-02
 5.5311E-01
-8.2045E-01
 8.2086E-01
 1.0582E+00
 7.5292E-01
 1.0903E+00
 2.1073E+00
-3.3111E+00
 4.7415E-01
-9.9820E-01
-5.1021E-02
 3.5801E-01
-9.1699E-01
 8.5296E-01
 1.0278E+00
 8.2932E-01
 1.0286E+00
 2.7919E+00
-3.7395E+00
 2.4142E-01
-1.0809E+00
-5.1865E-02
 1.7564E-01
-9.6460E-01
 8.7445E-01
 1.0021E+00
 8.8605E-01
 9.8693E-01
 3.4048E+00
 4.1832E+00
 1.8226E-15
-1.1087E+00
-5.2158E-02
-8.8034E-17
-9.7904E-01
 8.8226E-01
 9.9174E-01
 9.0709E-01
 9.7263E-01
-3.8156E+00
 3.7549E+00
-2.4125E-01
-1.0825E+00
-5.1843E-02
-1.7544E-01
-9.6464E-01
 8.7461E-01
 1.0017E+00
 8.8604E-01
 9.8711E-01
-3.4038E+00
 3.3246E+00
-4.7387E-01
-9.9978E-01
-5.1004E-02
-3.5762E-01
-9.1714E-01
 8.5305E-01
 1.0274E+00
 8.2929E-01
 1.0287E+00
-2.7907E+00
 2.8934E+00
-6.9214E-01
-8.4541E-01
-5.0005E-02
-5.5263E-01
-8.2077E-01
 8.2085E-01
 1.0578E+00
 7.5283E-01
 1.0905E+00
-2.1060E+00
 2.4674E+00
-8.8186E-01
-5.9644E-01
-4.9721E-02
-7.5627E-01
-6.4556E-01
 7.8220E-01
 1.0788E+00
 6.7971E-01
 1.1508E+00
-1.4640E+00
 2.0568E+00
-9.9679E-01
-2.4406E-01
-5.1986E-02
-9.2999E-01
-3.6228E-01
 7.4135E-01
 1.0785E+00
 6.3833E-01
 1.1614E+00
-9.3554E-01
 1.6721E+00
-9.7395E-01
 1.5080E-01
-5.9471E-02
-1.0000E+00
-2.7617E-15
 7.0193E-01
 1.0528E+00
 6.5469E-01
 1.0722E+00
-5.4874E-01
 1.3214E+00
-8.2540E-01
 4.7217E-01
-7.3874E-02
-9.3910E-01
 3.3771E-01
 6.6675E-01
 1.0065E+00
 7.3363E-01
 9.0903E-01
-3.0010E-01
 1.0064E+00
-6.3912E-01
 6.7886E-01
-9.3583E-02
-8.0133E-01
 5.8646E-01
 6.3734E-01
 9.5065E-01
 8.4915E-01
 7.5082E-01
-1.6484E-01
 7.2418E-01
-4.6908E-01
 8.0722E-01
-1.1442E-01
-6.3246E-01
 7.5582E-01
 6.1425E-01
 8.9681E-01
 9.6439E-01
 6.3707E-01
-1.0651E-01
 4.6800E-01
-3.1692E-01
 8.9618E-01
-1.3178E-01
-4.4302E-01
 8.7120E-01
 5.9749E-01
 8.5341E-01
 1.0511E+00
 5.6850E-01
-7.9751E-02
 2.2955E-01
-1.6366E-01
 9.5724E-01
-1.4273E-01
-2.3051E-01
 9.4333E-01
 5.8717E-01
 8.2556E-01
 1.0994E+00
 5.3408E-01
-4.7528E-02
 3.8650E-15
-9.9920E-16
 9.8047E-01
-1.4639E-01
-3.5666E-15
 9.6887E-01
 5.8363E-01
 8.1593E-01
 1.1141E+00
 5.2385E-01
-8.6389E-16
-2.2955E-01
 1.6366E-01
 9.5724E-01
-1.4273E-01
 2.3051E-01
 9.4333E-01
 5.8717E-01
 8.2556E-01
 1.0994E+00
 5.3408E-01
 4.7528E-02
-4.6800E-01
 3.1692E-01
 8.9618E-01
-1.3178E-01
 4.4302E-01
 8.7120E-01
 5.9749E-01
 8.5341E-01
 1.0511E+00
 5.6850E-01
 7.9751E-02
-7.2418E-01
 4.6908E-01
 8.0722E-01
-1.1442E-01
 6.3246E-01
 7.5582E-01
 6.1425E-01
 8.9681E-01
 9.6439E-01
 6.3707E-01
 1.0651E-01
-1.0064E+00
 6.3912E-01
 6.7886E-01
-9.3583E-02
 8.0133E-01
 5.8646E-01
 6.3734E-01
 9.5065E-01
 8.4915E-01
 7.5082E-01
 1.6484E-01
-1.3214E+00
 8.2540E-01
 4.7217E-01
-7.3874E-02
 9.3910E-01
 3.3771E-01
 6.6675E-01
 1.0065E+00
 7.3363E-01
 9.0903E-01
 3.0010E-01
-1.6721E+00
 9.7395E-01
 1.5080E-01
-5.9471E-02
 1.0000E+00
 9.3398E-15
 7.0193E-01
 1.0528E+00
 6.5469E-01
 1.0722E+00
 5.4874E-01
-2.0568E+00
 9.9679E-01
-2.4406E-01
-5.1986E-02
 9.2999E-01
-3.6228E-01
 7.4135E-01
 1.0785E+00
 6.3833E-01
 1.1614E+00
 9.3554E-01
-2.4674E+00
 8.8186E-01
-5.9644E-01
-4.9721E-02
 7.5627E-01
-6.4556E-01
 7.8220E-01
 1.0788E+00
 6.7971E-01
 1.1508E+00
 1.4640E+00
-2.8934E+00
 6.9214E-01
-8.4541E-01
-5.0005E-02
 5.5263E-01
-8.2077E-01
 8.2085E-01
 1.0578E+00
 7.5283E-01
 1.0905E+00
 2.1060E+00
-3.3246E+00
 4.7387E-01
-9.9978E-01
-5.1004E-02
 3.5762E-01
-9.1714E-01
 8.5305E-01
 1.0274E+00
 8.2929E-01
 1.0287E+00
 2.7907E+00
-3.7549E+00
 2.4125E-01
-1.0825E+00
-5.1843E-02
 1.7544E-01
-9.6464E-01
 8.7461E-01
 1.0017E+00
 8.8604E-01
 9.8711E-01
 3.4038E+00
