 6.3352E-21
 2.6163E-17
 3.9979E-13
 4.7473E-08
 1.5131E-12
 6.9369E-17
 5.5738E-17
 7.9572E-17
 6.4800E-13
 4.2243E-08
 6.9729E-13
 6.3494E-17
 2.0367E-16
 4.2764E-16
 5.7807E-12
 3.4435E-08
 2.2951E-11
 3.5279E-16
 3.8351E-16
 1.6249E-15
 2.5826E-11
 2.9346E-08
 9.6775E-11
 1.3056E-15
 5.6320E-16
 4.1276E-15
 6.0717E-11
 2.6420E-08
 1.9325E-10
 3.3041E-15
 8.0111E-16
 8.1542E-15
 9.7688E-11
 2.4821E-08
 2.6457E-10
 7.6074E-15
 1.2156E-15
 1.3868E-14
 1.2484E-10
 2.4185E-08
 2.9645E-10
 1.5632E-14
 1.8835E-15
 2.1365E-14
 1.3859E-10
 2.4269E-08
 3.0420E-10
 2.8698E-14
 2.8185E-15
 3.1168E-14
 1.4163E-10
 2.4870E-08
 3.0611E-10
 4.8160E-14
 4.0502E-15
 4.3909E-14
 1.3877E-10
 2.5852E-08
 3.1242E-10
 7.5203E-14
 5.6341E-15
 6.0013E-14
 1.3384E-10
 2.7140E-08
 3.2524E-10
 1.1006E-13
 7.6041E-15
 7.9789E-14
 1.2888E-10
 2.8699E-08
 3.4298E-10
 1.5175E-13
 9.9601E-15
 1.0322E-13
 1.2462E-10
 3.0511E-08
 3.6377E-10
 1.9805E-13
 1.2678E-14
 1.2977E-13
 1.2126E-10
 3.2573E-08
 3.8676E-10
 2.4552E-13
 1.5718E-14
 1.5838E-13
 1.1907E-10
 3.4886E-08
 4.1213E-10
 2.9033E-13
 1.9035E-14
 1.8764E-13
 1.1841E-10
 3.7436E-08
 4.4055E-10
 3.2985E-13
