 i    energy(i)    w_energy(i) 
--- ------------  ------------ 
 1  0.1086724547  0.0642644789
 2  0.3531529368  0.1388201408
 3  0.7008934061  0.1895054690
 4  1.1731964060  0.2074366620
 5  1.8231909594  0.1895054690
 6  2.7751284427  0.1388201408
 7  4.3805639357  0.0642644789
 8  6.0000000000  0.0073831605
 
 k   tau(k)/2pi     s_lambda(k)   lambda(k)   w_lambda(k)
--- ------------  ------------ ------------  -----------
 1  1.0212113126  0.0411041094  0.1132443163  0.0514830903
 2  1.2245909877  0.1953677863  0.4947009328  0.0965185575
 3  1.6814875890  0.3966388049  0.8866037185  0.0965185575
 4  2.6267188124  0.5509024818  1.0973606080  0.0514830903
lambda-TP:                      1.1339142027
 5  2.9315769787  0.6203343260  1.1568029263  0.0354806210
 6  2.1723982495  0.7266482831  1.2765615929  0.0665177312
 7  1.7582590855  0.8653583080  1.4732583575  0.0665177312
 8  1.4835566027  0.9716722652  1.6544285223  0.0354806210
lambda-MAX:                     1.7092001094
 
 k   tau(k)/2pi     s_lambda(k)   lambda(k)   w_lambda(k)
--- ------------  ------------ ------------  -----------
 1  1.0212113126  0.0411041094  0.1132443163  0.0514830903
 2  1.2245909877  0.1953677863  0.4947009328  0.0965185575
 3  1.6814875890  0.3966388049  0.8866037185  0.0965185575
 4  2.6267188124  0.5509024818  1.0973606080  0.0514830903
lambda-TP:                      1.1339142027
 5  2.9315769787  0.6203343260  1.1568029263  0.0354806210
 6  2.1723982495  0.7266482831  1.2765615929  0.0665177312
 7  1.7582590855  0.8653583080  1.4732583575  0.0665177312
 8  1.4835566027  0.9716722652  1.6544285223  0.0354806210
lambda-MAX:                     1.7092001094
