   6
   6
   4
   4
   8
  24
  30
   1
  10
   0
   0
   1
   1
   1
   1
   2
   0
   1
  51
   1
 5.94184788E-01
 5.96123192E-01
 5.98061596E-01
 6.00000000E-01
 6.01938404E-01
 6.03876808E-01
 1.30377614E+00
 1.30933169E+00
 1.31488725E+00
 1.32044280E+00
 1.32599836E+00
 1.33155392E+00
 6.00000000E-01
 6.00000000E-01
 6.00000000E-01
 6.00000000E-01
 6.00000000E-01
 6.00000000E-01
 1.32044280E+00
 1.32044280E+00
 1.32044280E+00
 1.32044280E+00
 1.32044280E+00
 1.32044280E+00
 1.28086157E+00
 2.06396624E+00
 1.28086157E+00
 2.06396624E+00
 1.28086157E+00
 2.06396624E+00
 1.28086157E+00
 2.06396624E+00
 1.28086157E+00
 2.06396624E+00
 1.28086157E+00
 2.06396624E+00
 8.38111137E-01
 6.89227854E-01
 8.38111137E-01
 6.89227854E-01
 8.38111137E-01
 6.89227854E-01
 8.38111137E-01
 6.89227854E-01
 8.38111137E-01
 6.89227854E-01
 8.38111137E-01
 6.89227854E-01
 6.98110496E-01
 1.00000000E+00
 6.98110496E-01
 1.00000000E+00
 6.98110496E-01
 1.00000000E+00
 6.98110496E-01
 1.00000000E+00
 6.98110496E-01
 1.00000000E+00
 6.98110496E-01
 1.00000000E+00
 7.91654328E-01
 1.00000000E+00
 7.91654328E-01
 1.00000000E+00
 7.91654328E-01
 1.00000000E+00
 7.91654328E-01
 1.00000000E+00
 7.91654328E-01
 1.00000000E+00
 7.91654328E-01
 1.00000000E+00
 4.82280741E+00
 4.82280741E+00
 4.82280741E+00
 4.82280741E+00
 4.82280741E+00
 4.82280741E+00
 7.27476153E-02
 7.27476153E-02
 7.27476153E-02
 7.27476153E-02
 7.27476153E-02
 7.27476153E-02
-1.60627783E-02
-1.60627783E-02
-1.60627783E-02
-1.60627783E-02
-1.60627783E-02
-1.60627783E-02
 1.33066990E+00
 1.33066990E+00
 1.33066990E+00
 1.33066990E+00
 1.33066990E+00
 1.33066990E+00
-1.02426058E-01
-1.02426058E-01
-1.02426058E-01
-1.02426058E-01
-1.02426058E-01
-1.02426058E-01
 1.30231139E+00
 1.30231139E+00
 1.30231139E+00
 1.30231139E+00
 1.30231139E+00
 1.30231139E+00
 1.35279664E-01
 1.35279664E-01
 1.35279664E-01
 1.35279664E-01
 1.35279664E-01
 1.35279664E-01
-3.17307634E-02
-3.17307634E-02
-3.17307634E-02
-3.17307634E-02
-3.17307634E-02
-3.17307634E-02
 1.46792462E-01
 1.46792462E-01
 1.46792462E-01
 1.46792462E-01
 1.46792462E-01
 1.46792462E-01
 0.00000000E+00
 0.00000000E+00
 0.00000000E+00
 0.00000000E+00
 0.00000000E+00
 0.00000000E+00
 0.00000000E+00
 0.00000000E+00
 0.00000000E+00
 0.00000000E+00
 0.00000000E+00
 0.00000000E+00
 1.22411716E-02
 1.22411716E-02
 1.22411716E-02
 1.22411716E-02
 1.22411716E-02
 1.22411716E-02
-5.59400797E-02
-5.59400797E-02
-5.59400797E-02
-5.59400797E-02
-5.59400797E-02
-5.59400797E-02
-3.56239826E-01
-3.56239826E-01
-3.56239826E-01
-3.56239826E-01
-3.56239826E-01
-3.56239826E-01
-1.75337154E-01
-1.75337154E-01
-1.75337154E-01
-1.75337154E-01
-1.75337154E-01
-1.75337154E-01
 1.00000000E+00
 1.00000000E+00
 1.00000000E+00
 1.00000000E+00
 1.00000000E+00
 1.00000000E+00
 1.00000000E+00
 1.00000000E+00
 1.00000000E+00
 1.00000000E+00
 1.00000000E+00
 1.00000000E+00
 1.97422524E+00
 1.97422524E+00
 1.97422524E+00
 1.97422524E+00
 1.97422524E+00
 1.97422524E+00
 0.00000000E+00
 0.00000000E+00
 0.00000000E+00
 0.00000000E+00
 0.00000000E+00
 0.00000000E+00
-6.12043774E-02
-6.10011776E-02
-6.07974023E-02
-6.05930264E-02
-6.03880245E-02
-6.01823714E-02
 1.00000000E+00
 0.00000000E+00
 0.00000000E+00
 0.00000000E+00
 0.00000000E+00
 0.00000000E+00
 0.00000000E+00
 0.00000000E+00
 0.00000000E+00
 0.00000000E+00
 0.00000000E+00
 0.00000000E+00
 0.00000000E+00
 0.00000000E+00
 0.00000000E+00
 0.00000000E+00
 0.00000000E+00
 0.00000000E+00
 0.00000000E+00
 0.00000000E+00
 0.00000000E+00
 0.00000000E+00
 0.00000000E+00
 0.00000000E+00
 0.00000000E+00
 0.00000000E+00
 0.00000000E+00
 0.00000000E+00
 0.00000000E+00
 0.00000000E+00
 0.00000000E+00
 0.00000000E+00
 0.00000000E+00
 0.00000000E+00
 0.00000000E+00
 0.00000000E+00
 0.00000000E+00
 0.00000000E+00
 0.00000000E+00
 0.00000000E+00
 0.00000000E+00
 0.00000000E+00
 0.00000000E+00
 0.00000000E+00
 0.00000000E+00
 0.00000000E+00
 0.00000000E+00
 0.00000000E+00
 0.00000000E+00
 0.00000000E+00
 0.00000000E+00
 0.00000000E+00
 0.00000000E+00
 0.00000000E+00
 0.00000000E+00
 0.00000000E+00
 0.00000000E+00
 0.00000000E+00
 0.00000000E+00
 0.00000000E+00
 0.00000000E+00
 0.00000000E+00
 0.00000000E+00
 0.00000000E+00
 0.00000000E+00
 0.00000000E+00
 0.00000000E+00
 1.13244316E-01
 4.94700933E-01
 8.86603719E-01
 1.09736061E+00
 1.15680293E+00
 1.27656159E+00
 1.47325836E+00
 1.65442852E+00
 1.08672455E-01
 3.53152937E-01
 7.00893406E-01
 1.17319641E+00
 1.82319096E+00
 2.77512844E+00
 4.38056394E+00
 6.00000000E+00
 1.13391420E+00
 3.00000000E-01
 4.54393025E-03
 1.00000000E+00
-1.00000000E+00
  24
   2
