 0.0000E+00  0.0000E+00
 7.4416E-06  7.9441E-06
 7.4325E-06  5.7345E-06
 7.3225E-06  4.4688E-06
 7.1625E-06  3.6430E-06
 7.1014E-06  3.0381E-06
 7.0516E-06  2.5905E-06
 6.8950E-06  2.2706E-06
 6.6470E-06  2.0370E-06
 6.3772E-06  1.8437E-06
 6.1406E-06  1.6839E-06
 5.9023E-06  1.5602E-06
 5.7125E-06  1.4711E-06
 5.6408E-06  1.3932E-06
 5.4311E-06  1.3330E-06
 4.9645E-06  1.2880E-06
 4.5469E-06  1.2501E-06
 4.1575E-06  1.2206E-06
 3.7201E-06  1.2072E-06
 3.3666E-06  1.2011E-06
 3.1166E-06  1.1918E-06
 2.8332E-06  1.1763E-06
 2.5412E-06  1.1609E-06
 2.2781E-06  1.1465E-06
 2.0737E-06  1.1366E-06
 1.9210E-06  1.1372E-06
 1.8301E-06  1.1384E-06
 1.7370E-06  1.1387E-06
 1.5717E-06  1.1369E-06
 1.4736E-06  1.1363E-06
 1.4674E-06  1.1378E-06
 1.3906E-06  1.1389E-06
 1.3074E-06  1.1386E-06
