 0.0000E+00  0.0000E+00  0.0000E+00  0.0000E+00
 1.8665E+01  4.7069E+00  3.7123E-01  1.3049E-01
 1.8512E+01  6.6652E+00  2.6040E-01  1.2287E-01
 1.8408E+01  7.7285E+00  1.7765E-01  1.1941E-01
 1.8215E+01  8.1149E+00  1.1383E-01  1.0475E-01
 1.8054E+01  8.2334E+00  7.0350E-02  8.1970E-02
 1.7936E+01  8.3492E+00  5.2288E-02  5.9192E-02
 1.7774E+01  8.4321E+00  4.0762E-02  4.4011E-02
 1.7550E+01  8.4697E+00  2.6603E-02  4.2054E-02
 1.7324E+01  8.4289E+00  2.0139E-02  3.9358E-02
 1.7152E+01  8.2540E+00  1.3372E-02  3.6185E-02
 1.7094E+01  8.0308E+00  8.1540E-03  3.1932E-02
 1.7132E+01  7.8767E+00  6.4604E-03  2.6870E-02
 1.7153E+01  7.8274E+00  5.2137E-03  2.2400E-02
 1.7137E+01  7.8288E+00  5.2232E-03  1.8215E-02
 1.7139E+01  7.8123E+00  6.0277E-03  1.3757E-02
 1.7154E+01  7.7787E+00  6.4741E-03  9.2235E-03
 1.7153E+01  7.7508E+00  7.1808E-03  6.9218E-03
 1.7164E+01  7.7293E+00  6.6787E-03  5.6126E-03
 1.7202E+01  7.7153E+00  5.2586E-03  4.1915E-03
 1.7236E+01  7.7196E+00  4.5617E-03  3.5231E-03
 1.7258E+01  7.7264E+00  4.1443E-03  3.2809E-03
 1.7283E+01  7.7170E+00  3.5628E-03  2.4353E-03
 1.7312E+01  7.7016E+00  3.0381E-03  1.7496E-03
 1.7329E+01  7.6919E+00  2.4056E-03  1.3517E-03
 1.7334E+01  7.6866E+00  1.7067E-03  8.0095E-04
 1.7333E+01  7.6827E+00  1.3144E-03  1.0009E-03
 1.7330E+01  7.6773E+00  1.2819E-03  1.2577E-03
 1.7329E+01  7.6705E+00  1.0664E-03  1.3737E-03
 1.7328E+01  7.6674E+00  7.6512E-04  1.3627E-03
 1.7327E+01  7.6690E+00  6.1727E-04  1.2153E-03
 1.7325E+01  7.6717E+00  5.9113E-04  1.0116E-03
 1.7325E+01  7.6742E+00  5.1005E-04  8.0367E-04
