-9.23330921E-21  1.43653228E-18  8.28353487E-20  1.51566907E-18 -3.74922677E-11  9.92553995E-13  0.00000000E+00  0.00000000E+00
-1.08881776E-02 -1.08881776E-02  6.56511602E-04  5.55219095E-01 -2.19108891E-11  2.61303110E-12 -5.91551069E-03  3.51837271E-01
-1.98798738E-02 -1.98798738E-02 -5.13332229E-03  9.98418487E-01  2.37773820E-11  5.36935871E-12 -1.33450535E-02  5.99044156E-01
-2.36873620E-02 -2.36873620E-02 -1.00275593E-02  1.30179083E+00  6.27581407E-11  7.17844349E-12 -1.93214454E-02  7.50658067E-01
-2.18458793E-02 -2.18458793E-02 -1.02185501E-02  1.49099129E+00  6.36678413E-11  8.15257740E-12 -2.07324292E-02  8.39718478E-01
-1.68264410E-02 -1.68264410E-02 -7.92390527E-03  1.59910637E+00  2.88822984E-11  9.24663150E-12 -1.83595244E-02  8.88698862E-01
-1.06903320E-02 -1.06903320E-02 -2.88501548E-03  1.65348138E+00 -7.29693835E-12  9.87181096E-12 -1.36733816E-02  9.13878423E-01
-5.16115781E-03 -5.16115781E-03  3.35920713E-03  1.67376086E+00 -1.62683506E-11  8.71526279E-12 -8.12227778E-03  9.24305077E-01
-1.77015858E-03 -1.77015858E-03  7.16601044E-03  1.67395228E+00 -1.99969057E-12  5.85577161E-12 -3.52470873E-03  9.23551074E-01
-1.03152403E-03 -1.03152403E-03  6.84904475E-03  1.66392494E+00  1.22933815E-11  2.90842213E-12 -1.13950239E-03  9.14361532E-01
-2.49890549E-03 -2.49890549E-03  2.53096908E-03  1.65029675E+00  1.26095250E-11  1.21941645E-12 -1.28318050E-03  9.00830646E-01
-4.80570278E-03 -4.80570278E-03 -3.04816099E-03  1.63720868E+00  4.47420209E-12  9.13703215E-13 -3.16360934E-03  8.87784149E-01
-6.19457835E-03 -6.19457835E-03 -5.57339307E-03  1.62730128E+00  1.54849067E-12  1.17867869E-12 -4.97356772E-03  8.79670327E-01
-5.98993926E-03 -5.98993926E-03 -3.83146030E-03  1.62117343E+00  9.44256837E-12  1.31370207E-12 -5.35518678E-03  8.78790730E-01
-5.05487055E-03 -5.05487055E-03 -8.64841827E-04  1.61694566E+00  2.12125408E-11  1.22061983E-12 -4.61092246E-03  8.81541244E-01
-4.42397223E-03 -4.42397223E-03  6.07146914E-04  1.61298027E+00  2.66717045E-11  1.09557062E-12 -3.80626792E-03  8.83161900E-01
-4.28057103E-03 -4.28057103E-03  1.07082802E-03  1.60925437E+00  2.28764427E-11  1.11076619E-12 -3.37828075E-03  8.83579014E-01
-4.54194096E-03 -4.54194096E-03  1.09430820E-03  1.60610506E+00  1.50945567E-11  1.23690714E-12 -3.34385026E-03  8.83796343E-01
-5.18494993E-03 -5.18494993E-03  1.01101323E-04  1.60374335E+00  9.79252257E-12  1.17450309E-12 -3.80341664E-03  8.83414848E-01
-5.80956928E-03 -5.80956928E-03 -9.26670827E-04  1.60228432E+00  8.46591360E-12  6.12538754E-13 -4.48634108E-03  8.83851633E-01
-6.03013171E-03 -6.03013171E-03 -6.86230583E-04  1.60101149E+00  8.42015619E-12 -4.08595256E-13 -4.87986687E-03  8.86062050E-01
-6.04429699E-03 -6.04429699E-03 -1.92946529E-04  1.59905088E+00  7.73579455E-12 -1.53564942E-12 -5.00198215E-03  8.87733707E-01
-6.10777061E-03 -6.10777061E-03 -6.20683409E-04  1.59668264E+00  7.50169423E-12 -2.37991908E-12 -5.15799245E-03  8.87240458E-01
-6.06214972E-03 -6.06214972E-03 -1.17950774E-03  1.59479495E+00  9.28974834E-12 -2.73650478E-12 -5.26797312E-03  8.85938626E-01
-5.76568175E-03 -5.76568175E-03 -9.49332849E-04  1.59370318E+00  1.24475331E-11 -2.67378894E-12 -5.10184323E-03  8.85253057E-01
-5.40307520E-03 -5.40307520E-03 -3.15130893E-04  1.59319202E+00  1.48268562E-11 -2.45719719E-12 -4.74698409E-03  8.84962114E-01
-5.20011945E-03 -5.20011945E-03  4.74389268E-05  1.59304941E+00  1.51527722E-11 -2.34216547E-12 -4.45666786E-03  8.84440337E-01
-5.19668903E-03 -5.19668903E-03 -2.59069079E-05  1.59322688E+00  1.39042493E-11 -2.43125679E-12 -4.35291911E-03  8.83647633E-01
-5.30019203E-03 -5.30019203E-03 -3.23458950E-04  1.59376679E+00  1.23742891E-11 -2.66642257E-12 -4.39857185E-03  8.83029137E-01
-5.39605879E-03 -5.39605879E-03 -5.26819390E-04  1.59461333E+00  1.14573313E-11 -2.91878640E-12 -4.48400560E-03  8.82944265E-01
-5.44020937E-03 -5.44020937E-03 -5.54986857E-04  1.59553493E+00  1.12351796E-11 -3.10223546E-12 -4.53647333E-03  8.83313325E-01
-5.45361599E-03 -5.45361599E-03 -5.39166926E-04  1.59626080E+00  1.13098705E-11 -3.20115215E-12 -4.55863232E-03  8.83696419E-01
-5.44881210E-03 -5.44881210E-03 -4.94795815E-04  1.59668739E+00  1.13622866E-11 -3.24582467E-12 -4.56107898E-03  8.83838237E-01
