 5.21737397E+02
 5.21737397E+02
 5.24203091E+02
 5.31810240E+02
 5.44600902E+02
 5.60887290E+02
 5.77494325E+02
 5.91896481E+02
 6.03132267E+02
 6.11661473E+02
 6.19077423E+02
 6.26676841E+02
 6.34246945E+02
 6.40793336E+02
 6.46133595E+02
 6.50649940E+02
 6.54234428E+02
 6.56685365E+02
 6.58276757E+02
 6.59420759E+02
 6.60265948E+02
 6.60867159E+02
 6.61293885E+02
 6.61530887E+02
 6.61596910E+02
 6.61566346E+02
 6.61434118E+02
 6.61170982E+02
 6.60842421E+02
 6.60517848E+02
 6.60216033E+02
 6.59952060E+02
 6.59732785E+02
