  9.227577424439763E-01
  1.638338231621591E+00
  2.107873811142123E+00
  2.381856911886714E+00
  2.523273808375826E+00
  2.580544158285881E+00
  2.595107899973615E+00
  2.587021335071176E+00
  2.563617998141552E+00
  2.535198593320728E+00
  2.515988151254906E+00
  2.505081149192582E+00
  2.496465940335656E+00
  2.489468182017544E+00
  2.484709022813854E+00
  2.481078889977093E+00
  2.478609449648781E+00
  2.476571248599271E+00
  2.478325253729148E+00
  2.479846539801168E+00
  2.479085987758228E+00
  2.476775238437279E+00
  2.474075206967801E+00
  2.471289198530247E+00
  2.468780133725938E+00
  2.467160914188102E+00
  2.466430932420982E+00
  2.466937011687769E+00
  2.468220443988223E+00
  2.469707649717737E+00
  2.470848093725832E+00
  2.471349752080280E+00
