     0  0.0000E+00
     1  2.0000E-02
     2  4.0000E-02
     3  6.0000E-02
     4  8.0000E-02
     5  1.0000E-01
     6  1.2000E-01
     7  1.4000E-01
     8  1.6000E-01
     9  1.8000E-01
    10  2.0000E-01
    11  2.2000E-01
    12  2.4000E-01
    13  2.6000E-01
    14  2.8000E-01
    15  3.0000E-01
    16  3.2000E-01
    17  3.4000E-01
    18  3.6000E-01
    19  3.8000E-01
    20  4.0000E-01
    21  4.2000E-01
    22  4.4000E-01
    23  4.6000E-01
    24  4.8000E-01
    25  5.0000E-01
    26  5.2000E-01
    27  5.4000E-01
    28  5.6000E-01
    29  5.8000E-01
    30  6.0000E-01
    31  6.2000E-01
    32  6.4000E-01
