==========================================================
GYRO r3-26-g3432 HOPPER2 Linux x86_64
==========================================================
WARNING: Using partial node
> aprun -n 1600 -N 24 -d 1 -S 6 -sn 4 -ss /global/homes/c/candy/gacode_H/gyro/src/gyro
[t = 0.000E+00] t_err: 0.000E+00 0.000E+00 0.000E+00
[t = 2.000E-02] t_err: 5.819E-06 5.098E-06 1.563E-04
[t = 4.000E-02] t_err: 6.920E-06 7.045E-06 1.629E-04
[t = 6.000E-02] t_err: 7.370E-06 7.776E-06 1.615E-04
[t = 8.000E-02] t_err: 7.407E-06 7.893E-06 1.592E-04
[t = 1.000E-01] t_err: 7.076E-06 7.310E-06 1.537E-04
[t = 1.200E-01] t_err: 6.664E-06 6.629E-06 1.487E-04
[t = 1.400E-01] t_err: 6.225E-06 5.839E-06 1.434E-04
[t = 1.600E-01] t_err: 5.872E-06 5.223E-06 1.394E-04
[t = 1.800E-01] t_err: 5.527E-06 4.568E-06 1.343E-04
[t = 2.000E-01] t_err: 5.341E-06 4.153E-06 1.306E-04
 [Saving to ./RESTART_1]
Application 5861844 resources: utime ~623807s, stime ~8681s

 + --------------------------------------------------------------------------
 +        Job name: 1600-1
 +          Job Id: 1291149.sdb
 +          System: hopper
 +     Queued Time: Wed Feb 15 13:39:41 2012
 +      Start Time: Wed Feb 15 16:32:57 2012
 + Completion Time: Wed Feb 15 16:40:12 2012
 +            User: candy
 +        MOM Host: nid03840
 +           Queue: reg_1hour
 +  Req. Resources: other=QSUBPID:6106:hopper08,walltime=01:00:00
 +  Used Resources: cput=00:00:01,mem=10360kb,vmem=85772kb,walltime=00:07:10
 +     Acct String: gc3
 +   PBS_O_WORKDIR: /global/homes/c/candy/nl03_scaling
 +     Submit Args: /global/homes/c/candy/nl03_scaling/1600-1/batch.src
 + --------------------------------------------------------------------------

