 r/a           Di_neo        Di_tur        chii_neo      chii_tur
               (GB)          (GB)          (GB)          (GB)
 0.000000E+00  0.000000E+00  0.000000E+00  0.000000E+00  0.000000E+00
 1.050000E-01  5.029708E-03  0.000000E+00  8.780017E-02  0.000000E+00
 2.100000E-01  2.538255E-03  1.111490E-02  4.818915E-02  6.390024E-02
 3.150000E-01  1.872308E-03  6.031662E-02  3.693826E-02  4.394067E-01
 4.200000E-01  1.699999E-03  3.155003E-01  3.421694E-02  1.621476E+00
 5.250000E-01  1.967021E-03  6.591354E-01  3.895972E-02  3.548000E+00
 6.300000E-01  3.162671E-03 -1.204765E-01  5.548721E-02  4.589714E+00
 7.350000E-01  7.629454E-03 -9.110780E-01  1.038483E-01  5.941216E+00
 8.400000E-01  2.803347E-02 -8.909266E-01  2.832954E-01  7.371002E+00
 r/a           Di_neo        Di_tur        chii_neo      chii_tur
               (GB)          (GB)          (GB)          (GB)
 0.000000E+00  0.000000E+00  0.000000E+00  0.000000E+00  0.000000E+00
 1.050000E-01  3.608828E-03  2.626808E-08  7.396683E-02  2.002748E-08
 2.100000E-01  1.604986E-03  3.129767E-02  3.325407E-02  1.368429E-01
 3.150000E-01  1.004819E-03  8.061766E-02  2.250569E-02  5.888601E-01
 4.200000E-01  9.114592E-04  5.043978E-01  2.083775E-02  2.399353E+00
 5.250000E-01  1.045614E-03  9.410337E-01  2.378371E-02  4.635920E+00
 6.300000E-01  1.707259E-03 -1.913230E+00  3.408357E-02  4.020052E+00
 7.350000E-01  1.789620E-01 -3.620250E+02  6.712865E-02  3.373304E+00
 8.400000E-01  3.858586E-02 -4.887900E+00  2.794926E-01  1.411959E+01
 r/a           Di_neo        Di_tur        chii_neo      chii_tur
               (GB)          (GB)          (GB)          (GB)
 0.000000E+00  0.000000E+00  0.000000E+00  0.000000E+00  0.000000E+00
 1.050000E-01  4.045840E-03  2.135053E-04  6.094481E-01  3.769164E-02
 2.100000E-01  2.218922E-03  2.210831E-02  4.165673E-02  8.701799E-02
 3.150000E-01  1.462480E-03  6.699333E-02  2.820097E-02  4.673566E-01
 4.200000E-01  1.339395E-03  1.932250E-01  2.615884E-02  1.251383E+00
 5.250000E-01  1.506361E-03  4.106606E-01  2.904715E-02  2.459152E+00
 6.300000E-01  2.059655E-03  4.268740E-01  3.719051E-02  5.034910E+00
 7.350000E-01  2.140110E-01 -3.985026E+02  6.751486E-02  7.337846E+00
 8.400000E-01  3.212694E-02 -1.538272E+00  2.811567E-01  1.496368E+01
 r/a           Di_neo        Di_tur        chii_neo      chii_tur
               (GB)          (GB)          (GB)          (GB)
 0.000000E+00  0.000000E+00  0.000000E+00  0.000000E+00  0.000000E+00
 1.050000E-01  3.761689E-03  1.969217E-08  7.728040E-02  1.728456E-08
 2.100000E-01  1.960169E-03  1.541699E-02  3.874635E-02  9.312919E-02
 3.150000E-01  1.404259E-03  5.351298E-02  2.900408E-02  4.671557E-01
 4.200000E-01  1.291755E-03  9.790152E-02  2.711906E-02  1.111716E+00
 5.250000E-01  1.502377E-03  1.023403E-01  3.083337E-02  2.272264E+00
 6.300000E-01  2.245402E-03 -7.602965E-02  4.192840E-02  4.915162E+00
 7.350000E-01  5.013671E-03 -1.454404E+00  7.534194E-02  6.354267E+00
 8.400000E-01  3.195671E-02 -1.811596E+00  2.816016E-01  1.432476E+01
 r/a           Di_neo        Di_tur        chii_neo      chii_tur
               (GB)          (GB)          (GB)          (GB)
 0.000000E+00  0.000000E+00  0.000000E+00  0.000000E+00  0.000000E+00
 1.050000E-01  4.370987E-03  1.166819E-02  7.612927E-02  5.969757E-02
 2.100000E-01  1.986206E-03  1.524171E-02  3.892378E-02  8.961152E-02
 3.150000E-01  1.562915E-03 -1.513315E-02  3.068271E-02  4.453172E-01
 4.200000E-01  1.560167E-03  1.014824E-01  3.050069E-02  1.144165E+00
 5.250000E-01  1.840874E-03  7.487488E-02  3.506858E-02  2.248749E+00
 6.300000E-01  2.691022E-03  1.374697E-01  4.761182E-02  4.290376E+00
 7.350000E-01  5.003958E-03  4.924964E-01  8.064871E-02  7.765552E+00
 8.400000E-01  3.021479E-02 -5.653124E-01  2.820351E-01  1.516016E+01
 r/a           Di_neo        Di_tur        chii_neo      chii_tur
               (GB)          (GB)          (GB)          (GB)
 0.000000E+00  0.000000E+00  0.000000E+00  0.000000E+00  0.000000E+00
 1.050000E-01  3.457926E-03  1.242266E-02  6.271215E-02  6.823892E-02
 2.100000E-01  1.805884E-03 -1.321862E-02  3.491982E-02  1.571567E-01
 3.150000E-01  1.531531E-03  1.431941E-02  3.030444E-02  5.305523E-01
 4.200000E-01  1.503864E-03  7.873665E-02  2.996375E-02  1.057443E+00
 5.250000E-01  1.789570E-03  2.095254E-02  3.441535E-02  2.224714E+00
 6.300000E-01  2.625172E-03  5.503554E-02  4.726021E-02  4.185206E+00
 7.350000E-01  5.193326E-03 -1.900362E-02  8.119220E-02  7.227753E+00
 8.400000E-01  2.896319E-02  1.315482E-01  2.824506E-01  1.533287E+01
 r/a           Di_neo        Di_tur        chii_neo      chii_tur
               (GB)          (GB)          (GB)          (GB)
 0.000000E+00  0.000000E+00  0.000000E+00  0.000000E+00  0.000000E+00
 1.050000E-01  3.188219E-03  7.839205E-04  5.472388E-02  3.561967E-02
 2.100000E-01  1.767227E-03 -2.330186E-02  3.413319E-02  2.058100E-01
 3.150000E-01  1.466108E-03  1.082051E-02  2.946698E-02  4.886235E-01
 4.200000E-01  1.469223E-03  7.578566E-03  2.943150E-02  1.000327E+00
 5.250000E-01  1.788374E-03  9.985624E-03  3.444015E-02  2.209222E+00
 6.300000E-01  2.622922E-03  4.869709E-02  4.723594E-02  4.163916E+00
 7.350000E-01  5.105231E-03  8.230563E-02  8.076736E-02  7.267518E+00
 8.400000E-01  2.896768E-02  1.584681E-01  2.826673E-01  1.531755E+01
 r/a           Di_neo        Di_tur        chii_neo      chii_tur
               (GB)          (GB)          (GB)          (GB)
 0.000000E+00  0.000000E+00  0.000000E+00  0.000000E+00  0.000000E+00
 1.050000E-01  3.330361E-03  9.338006E-04  5.628467E-02  3.447092E-02
 2.100000E-01  1.823872E-03 -1.807944E-02  3.466429E-02  1.794259E-01
 3.150000E-01  1.476984E-03  1.231607E-02  2.961966E-02  4.865592E-01
 4.200000E-01  1.474103E-03  1.549487E-02  2.955338E-02  1.009610E+00
 5.250000E-01  1.790069E-03  3.263842E-02  3.447604E-02  2.234874E+00
 6.300000E-01  2.620325E-03  5.331443E-02  4.720321E-02  4.177464E+00
 7.350000E-01  5.102729E-03  8.067435E-02  8.071713E-02  7.284582E+00
 8.400000E-01  2.897814E-02  1.509601E-01  2.826694E-01  1.531050E+01
 r/a           Di_neo        Di_tur        chii_neo      chii_tur
               (GB)          (GB)          (GB)          (GB)
 0.000000E+00  0.000000E+00  0.000000E+00  0.000000E+00  0.000000E+00
 1.050000E-01  3.402974E-03 -1.258459E-02  5.548321E-02  5.426091E-02
 2.100000E-01  1.798415E-03  1.125883E-02  3.507612E-02  2.112341E-01
 3.150000E-01  1.482113E-03  1.201055E-02  2.967266E-02  4.842583E-01
 4.200000E-01  1.477585E-03  1.838682E-02  2.960049E-02  1.011816E+00
 5.250000E-01  1.791323E-03  3.484503E-02  3.449042E-02  2.226573E+00
 6.300000E-01  2.620958E-03  5.383041E-02  4.719471E-02  4.189173E+00
 7.350000E-01  5.102050E-03  8.129055E-02  8.071654E-02  7.282638E+00
 8.400000E-01  2.897945E-02  1.505360E-01  2.826691E-01  1.531096E+01
 r/a           Di_neo        Di_tur        chii_neo      chii_tur
               (GB)          (GB)          (GB)          (GB)
 0.000000E+00  0.000000E+00  0.000000E+00  0.000000E+00  0.000000E+00
 1.050000E-01  3.273044E-03 -9.458726E-03  5.552045E-02  5.409202E-02
 2.100000E-01  1.801513E-03  7.881265E-03  3.503566E-02  2.033156E-01
 3.150000E-01  1.484069E-03  1.135766E-02  2.968788E-02  4.840478E-01
 4.200000E-01  1.480148E-03  1.861121E-02  2.963301E-02  1.013709E+00
 5.250000E-01  1.792187E-03  3.402077E-02  3.451493E-02  2.196647E+00
 6.300000E-01  2.620590E-03  5.357538E-02  4.719306E-02  4.188187E+00
 7.350000E-01  5.101444E-03  8.089969E-02  8.071303E-02  7.281638E+00
 8.400000E-01  2.897230E-02  1.553960E-01  2.826754E-01  1.531223E+01
 r/a           Di_neo        Di_tur        chii_neo      chii_tur
               (GB)          (GB)          (GB)          (GB)
 0.000000E+00  0.000000E+00  0.000000E+00  0.000000E+00  0.000000E+00
 1.050000E-01  3.071650E-03 -2.340047E-03  5.629168E-02  5.874169E-02
 2.100000E-01  1.804403E-03  5.434546E-03  3.498907E-02  2.007651E-01
 3.150000E-01  1.483947E-03  1.130483E-02  2.968435E-02  4.839805E-01
 4.200000E-01  1.479954E-03  1.872064E-02  2.962889E-02  1.013588E+00
 5.250000E-01  1.792142E-03  3.422184E-02  3.451025E-02  2.203244E+00
 6.300000E-01  2.620492E-03  5.365339E-02  4.719324E-02  4.188397E+00
 7.350000E-01  5.101205E-03  8.101216E-02  8.071273E-02  7.281934E+00
 8.400000E-01  2.897497E-02  1.526731E-01  2.826765E-01  1.530843E+01
