 r/a           De_neo        De_tur        chie_neo      chie_tur
               (GB)          (GB)          (GB)          (GB)
 0.000000E+00  0.000000E+00  0.000000E+00  0.000000E+00  0.000000E+00
 1.050000E-01  5.029708E-03  0.000000E+00  6.872473E-03  0.000000E+00
 2.100000E-01  2.538255E-03  1.111490E-02  3.602830E-03  3.139589E-02
 3.150000E-01  1.872308E-03  6.031662E-02  2.843088E-03  1.873007E-01
 4.200000E-01  1.699999E-03  3.155003E-01  2.574217E-03  9.178566E-01
 5.250000E-01  1.967021E-03  6.591354E-01  2.630577E-03  2.433044E+00
 6.300000E-01  3.162671E-03 -1.204765E-01  3.378673E-03  3.747985E+00
 7.350000E-01  7.629454E-03 -9.110780E-01  6.234856E-03  5.430595E+00
 8.400000E-01  2.803347E-02 -8.909266E-01  1.820320E-02  7.938022E+00
 r/a           De_neo        De_tur        chie_neo      chie_tur
               (GB)          (GB)          (GB)          (GB)
 0.000000E+00  0.000000E+00  0.000000E+00  0.000000E+00  0.000000E+00
 1.050000E-01  3.608828E-03  2.626808E-08  4.718424E-01  8.568441E-04
 2.100000E-01  1.604986E-03  3.129767E-02  3.330509E-01  5.017223E+00
 3.150000E-01  1.004819E-03  8.061766E-02  1.566050E-03  2.693390E-01
 4.200000E-01  9.114592E-04  5.043978E-01  1.420496E-03  1.444287E+00
 5.250000E-01  1.045614E-03  9.410337E-01  1.463457E-03  3.398022E+00
 6.300000E-01  1.707259E-03 -1.913230E+00  1.644784E-03  3.302225E+00
 7.350000E-01  1.789620E-01 -3.620250E+02  2.515272E-03  4.222403E+00
 8.400000E-01  3.858586E-02 -4.887900E+00  1.612065E-02  1.202710E+01
 r/a           De_neo        De_tur        chie_neo      chie_tur
               (GB)          (GB)          (GB)          (GB)
 0.000000E+00  0.000000E+00  0.000000E+00  0.000000E+00  0.000000E+00
 1.050000E-01  4.045840E-03  2.135053E-04  5.522545E-01  2.747437E-02
 2.100000E-01  2.218922E-03  2.210831E-02  4.769894E-01  3.648106E+00
 3.150000E-01  1.462480E-03  6.699333E-02  2.202515E-03  2.119968E-01
 4.200000E-01  1.339395E-03  1.932250E-01  1.915445E-03  7.391584E-01
 5.250000E-01  1.506361E-03  4.106606E-01  2.094512E-03  1.722831E+00
 6.300000E-01  2.059655E-03  4.268740E-01  2.514661E-03  2.598598E+00
 7.350000E-01  2.140110E-01 -3.985026E+02  2.637171E-03  3.721843E+00
 8.400000E-01  3.212694E-02 -1.538272E+00  1.716322E-02  1.309273E+01
 r/a           De_neo        De_tur        chie_neo      chie_tur
               (GB)          (GB)          (GB)          (GB)
 0.000000E+00  0.000000E+00  0.000000E+00  0.000000E+00  0.000000E+00
 1.050000E-01  3.761689E-03  1.969217E-08  4.954607E-01  6.354685E-04
 2.100000E-01  1.960169E-03  1.541699E-02  3.136885E-03  3.330636E-02
 3.150000E-01  1.404259E-03  5.351298E-02  2.063206E-03  1.823896E-01
 4.200000E-01  1.291755E-03  9.790152E-02  1.797534E-03  5.661946E-01
 5.250000E-01  1.502377E-03  1.023403E-01  1.900477E-03  1.429176E+00
 6.300000E-01  2.245402E-03 -7.602965E-02  2.510876E-03  2.857547E+00
 7.350000E-01  5.013671E-03 -1.454404E+00  4.205970E-03  5.250134E+00
 8.400000E-01  3.195671E-02 -1.811596E+00  1.710912E-02  1.318493E+01
 r/a           De_neo        De_tur        chie_neo      chie_tur
               (GB)          (GB)          (GB)          (GB)
 0.000000E+00  0.000000E+00  0.000000E+00  0.000000E+00  0.000000E+00
 1.050000E-01  4.370987E-03  1.166819E-02  5.760877E-01  1.072544E+00
 2.100000E-01  1.986206E-03  1.524171E-02  3.173172E-03  3.283123E-02
 3.150000E-01  1.562915E-03 -1.513315E-02  1.850293E-03  3.066525E-01
 4.200000E-01  1.560167E-03  1.014824E-01  2.058271E-03  5.283770E-01
 5.250000E-01  1.840874E-03  7.487488E-02  2.181105E-03  1.272351E+00
 6.300000E-01  2.691022E-03  1.374697E-01  3.048779E-03  2.517335E+00
 7.350000E-01  5.003958E-03  4.924964E-01  5.400473E-03  5.638310E+00
 8.400000E-01  3.021479E-02 -5.653124E-01  1.758596E-02  1.370659E+01
 r/a           De_neo        De_tur        chie_neo      chie_tur
               (GB)          (GB)          (GB)          (GB)
 0.000000E+00  0.000000E+00  0.000000E+00  0.000000E+00  0.000000E+00
 1.050000E-01  3.457926E-03  1.242266E-02  4.405293E-01  1.129249E+00
 2.100000E-01  1.805884E-03 -1.321862E-02  1.953519E-03  1.301069E-01
 3.150000E-01  1.531531E-03  1.431941E-02  1.857649E-03  2.664970E-01
 4.200000E-01  1.503864E-03  7.873665E-02  1.983267E-03  5.010930E-01
 5.250000E-01  1.789570E-03  2.095254E-02  2.077470E-03  1.225483E+00
 6.300000E-01  2.625172E-03  5.503554E-02  3.001716E-03  2.726802E+00
 7.350000E-01  5.193326E-03 -1.900362E-02  5.178207E-03  5.332006E+00
 8.400000E-01  2.896319E-02  1.315482E-01  1.798325E-02  1.385505E+01
 r/a           De_neo        De_tur        chie_neo      chie_tur
               (GB)          (GB)          (GB)          (GB)
 0.000000E+00  0.000000E+00  0.000000E+00  0.000000E+00  0.000000E+00
 1.050000E-01  3.188219E-03  7.839205E-04  3.075083E-03  6.446963E-03
 2.100000E-01  1.767227E-03 -2.330186E-02  1.931068E-03  1.113544E-01
 3.150000E-01  1.466108E-03  1.082051E-02  1.781569E-03  2.428259E-01
 4.200000E-01  1.469223E-03  7.578566E-03  1.813337E-03  5.307809E-01
 5.250000E-01  1.788374E-03  9.985624E-03  2.076892E-03  1.251822E+00
 6.300000E-01  2.622922E-03  4.869709E-02  2.991258E-03  2.679141E+00
 7.350000E-01  5.105231E-03  8.230563E-02  5.201067E-03  5.339748E+00
 8.400000E-01  2.896768E-02  1.584681E-01  1.792910E-02  1.398754E+01
 r/a           De_neo        De_tur        chie_neo      chie_tur
               (GB)          (GB)          (GB)          (GB)
 0.000000E+00  0.000000E+00  0.000000E+00  0.000000E+00  0.000000E+00
 1.050000E-01  3.330361E-03  9.338006E-04  3.192443E-03  6.426899E-03
 2.100000E-01  1.823872E-03 -1.807944E-02  2.002726E-03  9.000432E-02
 3.150000E-01  1.476984E-03  1.231607E-02  1.797374E-03  2.401918E-01
 4.200000E-01  1.474103E-03  1.549487E-02  1.841830E-03  5.409144E-01
 5.250000E-01  1.790069E-03  3.263842E-02  2.091731E-03  1.225019E+00
 6.300000E-01  2.620325E-03  5.331443E-02  2.991477E-03  2.683606E+00
 7.350000E-01  5.102729E-03  8.067435E-02  5.195412E-03  5.346851E+00
 8.400000E-01  2.897814E-02  1.509601E-01  1.792414E-02  1.398565E+01
 r/a           De_neo        De_tur        chie_neo      chie_tur
               (GB)          (GB)          (GB)          (GB)
 0.000000E+00  0.000000E+00  0.000000E+00  0.000000E+00  0.000000E+00
 1.050000E-01  3.402974E-03 -1.258459E-02  2.983486E-03  1.956605E-02
 2.100000E-01  1.798415E-03  1.125883E-02  2.138090E-03  9.715196E-02
 3.150000E-01  1.482113E-03  1.201055E-02  1.799122E-03  2.392637E-01
 4.200000E-01  1.477585E-03  1.838682E-02  1.850335E-03  5.403116E-01
 5.250000E-01  1.791323E-03  3.484503E-02  2.096129E-03  1.219628E+00
 6.300000E-01  2.620958E-03  5.383041E-02  2.990028E-03  2.683811E+00
 7.350000E-01  5.102050E-03  8.129055E-02  5.195795E-03  5.346711E+00
 8.400000E-01  2.897945E-02  1.505360E-01  1.792365E-02  1.398619E+01
 r/a           De_neo        De_tur        chie_neo      chie_tur
               (GB)          (GB)          (GB)          (GB)
 0.000000E+00  0.000000E+00  0.000000E+00  0.000000E+00  0.000000E+00
 1.050000E-01  3.273044E-03 -9.458726E-03  3.035325E-03  2.427064E-02
 2.100000E-01  1.801513E-03  7.881265E-03  2.111287E-03  9.558757E-02
 3.150000E-01  1.484069E-03  1.135766E-02  1.796318E-03  2.395220E-01
 4.200000E-01  1.480148E-03  1.861121E-02  1.851818E-03  5.396852E-01
 5.250000E-01  1.792187E-03  3.402077E-02  2.100641E-03  1.207982E+00
 6.300000E-01  2.620590E-03  5.357538E-02  2.989761E-03  2.683638E+00
 7.350000E-01  5.101444E-03  8.089969E-02  5.195258E-03  5.346582E+00
 8.400000E-01  2.897230E-02  1.553960E-01  1.792522E-02  1.398960E+01
 r/a           De_neo        De_tur        chie_neo      chie_tur
               (GB)          (GB)          (GB)          (GB)
 0.000000E+00  0.000000E+00  0.000000E+00  0.000000E+00  0.000000E+00
 1.050000E-01  3.071650E-03 -2.340047E-03  3.291982E-03  2.947528E-02
 2.100000E-01  1.804403E-03  5.434546E-03  2.094000E-03  9.459783E-02
 3.150000E-01  1.483947E-03  1.130483E-02  1.795843E-03  2.395405E-01
 4.200000E-01  1.479954E-03  1.872064E-02  1.851679E-03  5.393626E-01
 5.250000E-01  1.792142E-03  3.422184E-02  2.099591E-03  1.209639E+00
 6.300000E-01  2.620492E-03  5.365339E-02  2.989794E-03  2.683744E+00
 7.350000E-01  5.101205E-03  8.101216E-02  5.195219E-03  5.346814E+00
 8.400000E-01  2.897497E-02  1.526731E-01  1.792381E-02  1.398782E+01
