 r/a           pflux_i_neo   pflux_i_tur   eflux_i_neo   eflux_i_tur
               (GB)          (GB)          (GB)          (GB)
 0.000000E+00  0.000000E+00  0.000000E+00  0.000000E+00  0.000000E+00
 1.050000E-01  2.256841E-03  0.000000E+00  5.242522E-02  0.000000E+00
 2.100000E-01  2.063626E-03  9.036519E-03  5.361869E-02  7.109997E-02
 3.150000E-01  2.041449E-03  6.576553E-02  5.658403E-02  6.731069E-01
 4.200000E-01  2.127733E-03  3.948828E-01  5.951190E-02  2.820157E+00
 5.250000E-01  2.371867E-03  7.947967E-01  6.303236E-02  5.740258E+00
 6.300000E-01  3.345924E-03 -1.274572E-01  9.375464E-02  7.755067E+00
 7.350000E-01  7.744508E-03 -9.248173E-01  2.467205E-01  1.411501E+01
 8.400000E-01  3.421889E-02 -1.087505E+00  1.161782E+00  3.022816E+01
 r/a           pflux_i_neo   pflux_i_tur   eflux_i_neo   eflux_i_tur
               (GB)          (GB)          (GB)          (GB)
 0.000000E+00  0.000000E+00  0.000000E+00  0.000000E+00  0.000000E+00
 1.050000E-01  1.619289E-03  1.178654E-08  4.871344E-02  1.318980E-08
 2.100000E-01  1.304869E-03  2.544531E-02  3.601325E-02  1.481971E-01
 3.150000E-01  1.095592E-03  8.790053E-02  3.100182E-02  8.111611E-01
 4.200000E-01  1.140790E-03  6.313085E-01  3.272569E-02  3.768184E+00
 5.250000E-01  1.260819E-03  1.134715E+00  3.490356E-02  6.803402E+00
 6.300000E-01  1.190992E-03 -1.334678E+00  5.216491E-02  6.152689E+00
 7.350000E-01  1.072529E-03 -2.169635E+00  1.446050E-01  7.266595E+00
 8.400000E-01  4.709962E-02 -5.966387E+00  1.977173E+00  9.988409E+01
 r/a           pflux_i_neo   pflux_i_tur   eflux_i_neo   eflux_i_tur
               (GB)          (GB)          (GB)          (GB)
 0.000000E+00  0.000000E+00  0.000000E+00  0.000000E+00  0.000000E+00
 1.050000E-01  1.815377E-03  9.580029E-05  3.780267E-03  2.337926E-04
 2.100000E-01  1.804005E-03  1.797427E-02  5.489034E-02  1.146621E-01
 3.150000E-01  1.594599E-03  7.304540E-02  4.726637E-02  7.833151E-01
 4.200000E-01  1.541110E-03  2.223250E-01  4.561665E-02  2.182203E+00
 5.250000E-01  1.623518E-03  4.425996E-01  4.450516E-02  3.767839E+00
 6.300000E-01  1.825192E-03  3.782805E-01  6.633108E-02  8.980007E+00
 7.350000E-01  1.282580E-03 -2.388248E+00  2.174854E-01  2.363738E+01
 8.400000E-01  5.231931E-02 -2.505104E+00  1.988945E+00  1.058553E+02
 r/a           pflux_i_neo   pflux_i_tur   eflux_i_neo   eflux_i_tur
               (GB)          (GB)          (GB)          (GB)
 0.000000E+00  0.000000E+00  0.000000E+00  0.000000E+00  0.000000E+00
 1.050000E-01  1.687878E-03  8.835919E-09  5.422705E-02  1.212844E-08
 2.100000E-01  1.572054E-03  1.236442E-02  4.431550E-02  1.065150E-01
 3.150000E-01  1.416860E-03  5.399318E-02  4.261026E-02  6.863042E-01
 4.200000E-01  1.367429E-03  1.036368E-01  4.194490E-02  1.719486E+00
 5.250000E-01  1.440920E-03  9.815399E-02  4.308512E-02  3.175156E+00
 6.300000E-01  1.988489E-03 -6.733055E-02  6.889444E-02  8.076325E+00
 7.350000E-01  4.525077E-03 -1.312668E+00  1.624189E-01  1.369825E+01
 8.400000E-01  5.204208E-02 -2.950217E+00  1.930059E+00  9.817994E+01
 r/a           pflux_i_neo   pflux_i_tur   eflux_i_neo   eflux_i_tur
               (GB)          (GB)          (GB)          (GB)
 0.000000E+00  0.000000E+00  0.000000E+00  0.000000E+00  0.000000E+00
 1.050000E-01  1.961271E-03  5.235540E-03  1.014869E-01  7.958201E-02
 2.100000E-01  1.592936E-03  1.222384E-02  4.520516E-02  1.040727E-01
 3.150000E-01  1.489627E-03 -1.442353E-02  5.027596E-02  7.296862E-01
 4.200000E-01  1.554652E-03  1.011237E-01  5.235734E-02  1.964068E+00
 5.250000E-01  1.669489E-03  6.790403E-02  5.382126E-02  3.451253E+00
 6.300000E-01  2.383123E-03  1.217408E-01  7.899121E-02  7.118022E+00
 7.350000E-01  5.973664E-03  5.879362E-01  1.801033E-01  1.734190E+01
 8.400000E-01  5.448535E-02 -1.019409E+00  1.973822E+00  1.060983E+02
 r/a           pflux_i_neo   pflux_i_tur   eflux_i_neo   eflux_i_tur
               (GB)          (GB)          (GB)          (GB)
 0.000000E+00  0.000000E+00  0.000000E+00  0.000000E+00  0.000000E+00
 1.050000E-01  1.551579E-03  5.574074E-03  7.585236E-02  8.253717E-02
 2.100000E-01  1.448318E-03 -1.060133E-02  4.776043E-02  2.149458E-01
 3.150000E-01  1.459715E-03  1.364795E-02  5.074826E-02  8.884706E-01
 4.200000E-01  1.482433E-03  7.761462E-02  4.871115E-02  1.719052E+00
 5.250000E-01  1.547463E-03  1.811792E-02  5.171089E-02  3.342750E+00
 6.300000E-01  2.437856E-03  5.110854E-02  7.590985E-02  6.722322E+00
 7.350000E-01  5.723506E-03 -2.094367E-02  1.818280E-01  1.618638E+01
 8.400000E-01  5.509204E-02  2.502231E-01  1.952529E+00  1.059933E+02
 r/a           pflux_i_neo   pflux_i_tur   eflux_i_neo   eflux_i_tur
               (GB)          (GB)          (GB)          (GB)
 0.000000E+00  0.000000E+00  0.000000E+00  0.000000E+00  0.000000E+00
 1.050000E-01  1.833704E-03  4.508719E-04  4.784536E-02  3.114245E-02
 2.100000E-01  1.417315E-03 -1.868807E-02  5.037257E-02  3.037272E-01
 3.150000E-01  1.339238E-03  9.884156E-03  4.711193E-02  7.812132E-01
 4.200000E-01  1.382925E-03  7.133426E-03  4.757992E-02  1.617161E+00
 5.250000E-01  1.546428E-03  8.634690E-03  5.161700E-02  3.311059E+00
 6.300000E-01  2.407866E-03  4.470437E-02  7.561708E-02  6.665754E+00
 7.350000E-01  5.711357E-03  9.207749E-02  1.785884E-01  1.606955E+01
 8.400000E-01  5.571766E-02  3.048043E-01  1.952681E+00  1.058144E+02
 r/a           pflux_i_neo   pflux_i_tur   eflux_i_neo   eflux_i_tur
               (GB)          (GB)          (GB)          (GB)
 0.000000E+00  0.000000E+00  0.000000E+00  0.000000E+00  0.000000E+00
 1.050000E-01  1.915457E-03  5.370754E-04  5.017743E-02  3.073061E-02
 2.100000E-01  1.395858E-03 -1.383668E-02  5.172040E-02  2.677101E-01
 3.150000E-01  1.349173E-03  1.125030E-02  4.741052E-02  7.788078E-01
 4.200000E-01  1.421283E-03  1.493966E-02  4.782629E-02  1.633853E+00
 5.250000E-01  1.557274E-03  2.839387E-02  5.171627E-02  3.352454E+00
 6.300000E-01  2.408459E-03  4.900372E-02  7.563030E-02  6.693248E+00
 7.350000E-01  5.708002E-03  9.024376E-02  1.786940E-01  1.612683E+01
 8.400000E-01  5.571150E-02  2.902262E-01  1.952251E+00  1.057417E+02
 r/a           pflux_i_neo   pflux_i_tur   eflux_i_neo   eflux_i_tur
               (GB)          (GB)          (GB)          (GB)
 0.000000E+00  0.000000E+00  0.000000E+00  0.000000E+00  0.000000E+00
 1.050000E-01  1.957220E-03 -7.238024E-03  5.325692E-02  5.208367E-02
 2.100000E-01  1.580795E-03  9.896437E-03  5.155820E-02  3.104918E-01
 3.150000E-01  1.348734E-03  1.092970E-02  4.755709E-02  7.761323E-01
 4.200000E-01  1.428020E-03  1.777004E-02  4.795668E-02  1.639274E+00
 5.250000E-01  1.558365E-03  3.031351E-02  5.172518E-02  3.339186E+00
 6.300000E-01  2.406499E-03  4.942575E-02  7.574628E-02  6.723513E+00
 7.350000E-01  5.708218E-03  9.094857E-02  1.786402E-01  1.611778E+01
 8.400000E-01  5.571402E-02  2.894108E-01  1.952366E+00  1.057512E+02
 r/a           pflux_i_neo   pflux_i_tur   eflux_i_neo   eflux_i_tur
               (GB)          (GB)          (GB)          (GB)
 0.000000E+00  0.000000E+00  0.000000E+00  0.000000E+00  0.000000E+00
 1.050000E-01  2.088942E-03 -6.036806E-03  5.233754E-02  5.099100E-02
 2.100000E-01  1.543229E-03  6.751325E-03  5.100897E-02  2.960104E-01
 3.150000E-01  1.345773E-03  1.029927E-02  4.763656E-02  7.766930E-01
 4.200000E-01  1.428228E-03  1.795838E-02  4.806442E-02  1.644225E+00
 5.250000E-01  1.559117E-03  2.959644E-02  5.161506E-02  3.284957E+00
 6.300000E-01  2.406240E-03  4.919321E-02  7.572330E-02  6.720127E+00
 7.350000E-01  5.707540E-03  9.051127E-02  1.785959E-01  1.611228E+01
 8.400000E-01  5.572908E-02  2.989089E-01  1.952269E+00  1.057524E+02
 r/a           pflux_i_neo   pflux_i_tur   eflux_i_neo   eflux_i_tur
               (GB)          (GB)          (GB)          (GB)
 0.000000E+00  0.000000E+00  0.000000E+00  0.000000E+00  0.000000E+00
 1.050000E-01  2.433763E-03 -1.854092E-03  5.229885E-02  5.457508E-02
 2.100000E-01  1.519422E-03  4.576233E-03  5.094324E-02  2.923091E-01
 3.150000E-01  1.345331E-03  1.024885E-02  4.763457E-02  7.766449E-01
 4.200000E-01  1.427711E-03  1.805980E-02  4.805554E-02  1.643954E+00
 5.250000E-01  1.558205E-03  2.975470E-02  5.164152E-02  3.296959E+00
 6.300000E-01  2.406293E-03  4.926776E-02  7.571964E-02  6.720113E+00
 7.350000E-01  5.707553E-03  9.064157E-02  1.785858E-01  1.611208E+01
 8.400000E-01  5.572195E-02  2.936067E-01  1.951904E+00  1.057059E+02
