 r/a           pflux_e_neo   pflux_e_tur   eflux_e_neo   eflux_e_tur
               (GB)          (GB)          (GB)          (GB)
 0.000000E+00  0.000000E+00  0.000000E+00  0.000000E+00  0.000000E+00
 1.050000E-01  2.256841E-03  0.000000E+00  5.996562E-03  0.000000E+00
 2.100000E-01  2.063626E-03  9.036519E-03  5.373203E-03  4.682333E-02
 3.150000E-01  2.041449E-03  6.576553E-02  5.135714E-03  3.383372E-01
 4.200000E-01  2.127733E-03  3.948828E-01  5.388816E-03  1.921424E+00
 5.250000E-01  2.371867E-03  7.947967E-01  6.523994E-03  6.034101E+00
 6.300000E-01  3.345924E-03 -1.274572E-01  1.031349E-02  1.144082E+01
 7.350000E-01  7.744508E-03 -9.248173E-01  2.486209E-02  2.165503E+01
 8.400000E-01  3.421889E-02 -1.087505E+00  1.056683E-01  4.607968E+01
 r/a           pflux_e_neo   pflux_e_tur   eflux_e_neo   eflux_e_tur
               (GB)          (GB)          (GB)          (GB)
 0.000000E+00  0.000000E+00  0.000000E+00  0.000000E+00  0.000000E+00
 1.050000E-01  1.619289E-03  1.178654E-08  2.827777E-03  5.135113E-06
 2.100000E-01  1.304869E-03  2.544531E-02  1.995992E-03  3.006848E-02
 3.150000E-01  1.095592E-03  8.790053E-02  2.828891E-03  4.865302E-01
 4.200000E-01  1.140790E-03  6.313085E-01  2.973639E-03  3.023442E+00
 5.250000E-01  1.260819E-03  1.134715E+00  3.629464E-03  8.427306E+00
 6.300000E-01  1.190992E-03 -1.334678E+00  5.020745E-03  1.008013E+01
 7.350000E-01  1.072529E-03 -2.169635E+00  1.002989E-02  1.683724E+01
 8.400000E-01  4.709962E-02 -5.966387E+00  1.580619E-01  1.179249E+02
 r/a           pflux_e_neo   pflux_e_tur   eflux_e_neo   eflux_e_tur
               (GB)          (GB)          (GB)          (GB)
 0.000000E+00  0.000000E+00  0.000000E+00  0.000000E+00  0.000000E+00
 1.050000E-01  1.815377E-03  9.580029E-05  3.309691E-03  1.646554E-04
 2.100000E-01  1.804005E-03  1.797427E-02  2.858623E-03  2.186329E-02
 3.150000E-01  1.594599E-03  7.304540E-02  3.978592E-03  3.829480E-01
 4.200000E-01  1.541110E-03  2.223250E-01  4.009756E-03  1.547340E+00
 5.250000E-01  1.623518E-03  4.425996E-01  4.289308E-03  3.528149E+00
 6.300000E-01  1.825192E-03  3.782805E-01  5.198643E-03  5.372169E+00
 7.350000E-01  1.282580E-03 -2.388248E+00  1.051598E-02  1.484121E+01
 8.400000E-01  5.231931E-02 -2.505104E+00  1.678472E-01  1.280400E+02
 r/a           pflux_e_neo   pflux_e_tur   eflux_e_neo   eflux_e_tur
               (GB)          (GB)          (GB)          (GB)
 0.000000E+00  0.000000E+00  0.000000E+00  0.000000E+00  0.000000E+00
 1.050000E-01  1.687878E-03  8.835919E-09  2.969323E-03  3.808397E-06
 2.100000E-01  1.572054E-03  1.236442E-02  3.847072E-03  4.084689E-02
 3.150000E-01  1.416860E-03  5.399318E-02  3.698381E-03  3.269408E-01
 4.200000E-01  1.367429E-03  1.036368E-01  3.762924E-03  1.185261E+00
 5.250000E-01  1.440920E-03  9.815399E-02  4.276411E-03  3.215901E+00
 6.300000E-01  1.988489E-03 -6.733055E-02  6.220337E-03  7.079167E+00
 7.350000E-01  4.525077E-03 -1.312668E+00  1.561464E-02  1.949109E+01
 8.400000E-01  5.204208E-02 -2.950217E+00  1.673181E-01  1.289417E+02
 r/a           pflux_e_neo   pflux_e_tur   eflux_e_neo   eflux_e_tur
               (GB)          (GB)          (GB)          (GB)
 0.000000E+00  0.000000E+00  0.000000E+00  0.000000E+00  0.000000E+00
 1.050000E-01  1.961271E-03  5.235540E-03  3.452525E-03  6.427816E-03
 2.100000E-01  1.592936E-03  1.222384E-02  3.891574E-03  4.026418E-02
 3.150000E-01  1.489627E-03 -1.442353E-02  4.566752E-03  7.568564E-01
 4.200000E-01  1.554652E-03  1.011237E-01  4.308745E-03  1.106094E+00
 5.250000E-01  1.669489E-03  6.790403E-02  5.017234E-03  2.926811E+00
 6.300000E-01  2.383123E-03  1.217408E-01  7.074107E-03  5.840994E+00
 7.350000E-01  5.973664E-03  5.879362E-01  1.730753E-02  1.806976E+01
 8.400000E-01  5.448535E-02 -1.019409E+00  1.719814E-01  1.340432E+02
 r/a           pflux_e_neo   pflux_e_tur   eflux_e_neo   eflux_e_tur
               (GB)          (GB)          (GB)          (GB)
 0.000000E+00  0.000000E+00  0.000000E+00  0.000000E+00  0.000000E+00
 1.050000E-01  1.551579E-03  5.574074E-03  2.640116E-03  6.767650E-03
 2.100000E-01  1.448318E-03 -1.060133E-02  4.757118E-03  3.168303E-01
 3.150000E-01  1.459715E-03  1.364795E-02  4.388696E-03  6.295993E-01
 4.200000E-01  1.482433E-03  7.761462E-02  4.151733E-03  1.048979E+00
 5.250000E-01  1.547463E-03  1.811792E-02  4.778842E-03  2.819001E+00
 6.300000E-01  2.437856E-03  5.110854E-02  7.252817E-03  6.588565E+00
 7.350000E-01  5.723506E-03 -2.094367E-02  1.730637E-02  1.782039E+01
 8.400000E-01  5.509204E-02  2.502231E-01  1.714204E-01  1.320695E+02
 r/a           pflux_e_neo   pflux_e_tur   eflux_e_neo   eflux_e_tur
               (GB)          (GB)          (GB)          (GB)
 0.000000E+00  0.000000E+00  0.000000E+00  0.000000E+00  0.000000E+00
 1.050000E-01  1.833704E-03  4.508719E-04  5.952923E-03  1.248040E-02
 2.100000E-01  1.417315E-03 -1.868807E-02  4.602140E-03  2.653809E-01
 3.150000E-01  1.339238E-03  9.884156E-03  4.063520E-03  5.538533E-01
 4.200000E-01  1.382925E-03  7.133426E-03  4.135944E-03  1.210630E+00
 5.250000E-01  1.546428E-03  8.634690E-03  4.777511E-03  2.879589E+00
 6.300000E-01  2.407866E-03  4.470437E-02  7.181235E-03  6.431920E+00
 7.350000E-01  5.711357E-03  9.207749E-02  1.709877E-02  1.755469E+01
 8.400000E-01  5.571766E-02  3.048043E-01  1.736977E-01  1.355117E+02
 r/a           pflux_e_neo   pflux_e_tur   eflux_e_neo   eflux_e_tur
               (GB)          (GB)          (GB)          (GB)
 0.000000E+00  0.000000E+00  0.000000E+00  0.000000E+00  0.000000E+00
 1.050000E-01  1.915457E-03  5.370754E-04  6.180114E-03  1.244156E-02
 2.100000E-01  1.395858E-03 -1.383668E-02  4.448522E-03  1.999206E-01
 3.150000E-01  1.349173E-03  1.125030E-02  4.080682E-03  5.453213E-01
 4.200000E-01  1.421283E-03  1.493966E-02  4.200933E-03  1.233743E+00
 5.250000E-01  1.557274E-03  2.839387E-02  4.780677E-03  2.799796E+00
 6.300000E-01  2.408459E-03  4.900372E-02  7.177727E-03  6.439023E+00
 7.350000E-01  5.708002E-03  9.024376E-02  1.709566E-02  1.759397E+01
 8.400000E-01  5.571150E-02  2.902262E-01  1.737089E-01  1.355396E+02
 r/a           pflux_e_neo   pflux_e_tur   eflux_e_neo   eflux_e_tur
               (GB)          (GB)          (GB)          (GB)
 0.000000E+00  0.000000E+00  0.000000E+00  0.000000E+00  0.000000E+00
 1.050000E-01  1.957220E-03 -7.238024E-03  6.665378E-03  4.371233E-02
 2.100000E-01  1.580795E-03  9.896437E-03  4.749197E-03  2.157972E-01
 3.150000E-01  1.348734E-03  1.092970E-02  4.084837E-03  5.432390E-01
 4.200000E-01  1.428020E-03  1.777004E-02  4.209384E-03  1.229171E+00
 5.250000E-01  1.558365E-03  3.031351E-02  4.776238E-03  2.779043E+00
 6.300000E-01  2.406499E-03  4.942575E-02  7.174787E-03  6.439999E+00
 7.350000E-01  5.708218E-03  9.094857E-02  1.709477E-02  1.759130E+01
 8.400000E-01  5.571402E-02  2.894108E-01  1.737198E-01  1.355571E+02
 r/a           pflux_e_neo   pflux_e_tur   eflux_e_neo   eflux_e_tur
               (GB)          (GB)          (GB)          (GB)
 0.000000E+00  0.000000E+00  0.000000E+00  0.000000E+00  0.000000E+00
 1.050000E-01  2.088942E-03 -6.036806E-03  6.958970E-03  5.564433E-02
 2.100000E-01  1.543229E-03  6.751325E-03  4.689661E-03  2.123223E-01
 3.150000E-01  1.345773E-03  1.029927E-02  4.085419E-03  5.447519E-01
 4.200000E-01  1.428228E-03  1.795838E-02  4.211924E-03  1.227504E+00
 5.250000E-01  1.559117E-03  2.959644E-02  4.770952E-03  2.743555E+00
 6.300000E-01  2.406240E-03  4.919321E-02  7.174124E-03  6.439562E+00
 7.350000E-01  5.707540E-03  9.051127E-02  1.709323E-02  1.759111E+01
 8.400000E-01  5.572908E-02  2.989089E-01  1.737571E-01  1.356074E+02
 r/a           pflux_e_neo   pflux_e_tur   eflux_e_neo   eflux_e_tur
               (GB)          (GB)          (GB)          (GB)
 0.000000E+00  0.000000E+00  0.000000E+00  0.000000E+00  0.000000E+00
 1.050000E-01  2.433763E-03 -1.854092E-03  7.547397E-03  6.757681E-02
 2.100000E-01  1.519422E-03  4.576233E-03  4.651262E-03  2.101238E-01
 3.150000E-01  1.345331E-03  1.024885E-02  4.084768E-03  5.448514E-01
 4.200000E-01  1.427711E-03  1.805980E-02  4.210180E-03  1.226354E+00
 5.250000E-01  1.558205E-03  2.975470E-02  4.770138E-03  2.748223E+00
 6.300000E-01  2.406293E-03  4.926776E-02  7.174136E-03  6.439756E+00
 7.350000E-01  5.707553E-03  9.064157E-02  1.709313E-02  1.759190E+01
 8.400000E-01  5.572195E-02  2.936067E-01  1.737435E-01  1.355902E+02
