 r/a            eflux_i_tot    eflux_i_target eflux_e_tot    eflux_e_target pflux_e_tot    pflux_e_target
                (GB)           (GB)           (GB)           (GB)           (GB)           (GB)
 0.000000E+00   0.000000E+00   0.000000E+00   0.000000E+00   0.000000E+00   0.000000E+00   0.000000E+00
 2.100000E-01   4.346614E-01   4.152131E-01   1.883537E-01   2.618500E-01   4.194270E-02   6.401270E-03
 4.200000E-01   3.877823E+00   1.643853E+00   2.824200E+00   1.163434E+00   6.365316E-01   1.881159E-02
 6.300000E-01   7.362165E+00   8.063834E+00   1.149745E+01   7.371997E+00  -2.130796E-01   5.730229E-02
 8.400000E-01   2.945220E+01   1.063532E+02   4.259456E+01   1.370916E+02  -9.234823E-01   3.515918E-01
 r/a            eflux_i_tot    eflux_i_target eflux_e_tot    eflux_e_target pflux_e_tot    pflux_e_target
                (GB)           (GB)           (GB)           (GB)           (GB)           (GB)
 0.000000E+00   0.000000E+00   0.000000E+00   0.000000E+00   0.000000E+00   0.000000E+00   0.000000E+00
 2.100000E-01   1.888481E-01   4.004656E-01   1.016489E-01   2.940648E-01   1.536063E-02   6.499851E-03
 4.200000E-01   5.171634E+00   1.524639E+00   2.466151E+00   1.323674E+00   6.449914E-01   1.897606E-02
 6.300000E-01   4.121115E+00   4.890545E+00   3.383927E+00   5.486228E+00   6.965766E-01   4.515349E-02
 8.400000E-01   1.099472E+02   9.564062E+01   9.721882E+01   1.478042E+02  -3.649822E+00   3.515918E-01
 r/a            eflux_i_tot    eflux_i_target eflux_e_tot    eflux_e_target pflux_e_tot    pflux_e_target
                (GB)           (GB)           (GB)           (GB)           (GB)           (GB)
 0.000000E+00   0.000000E+00   0.000000E+00   0.000000E+00   0.000000E+00   0.000000E+00   0.000000E+00
 2.100000E-01   3.317711E-01   4.066345E-01   1.571854E-01   2.647774E-01   2.031202E-02   6.369158E-03
 4.200000E-01   2.695066E+00   1.452512E+00   1.825081E+00   1.074864E+00   6.877250E-01   1.766263E-02
 6.300000E-01   3.241445E+00   3.680615E+00   2.837283E+00   3.415517E+00   8.599833E-01   3.594736E-02
 8.400000E-01   1.077178E+02   1.068943E+02   1.272822E+02   1.365506E+02  -6.489743E+00   3.515918E-01
 r/a            eflux_i_tot    eflux_i_target eflux_e_tot    eflux_e_target pflux_e_tot    pflux_e_target
                (GB)           (GB)           (GB)           (GB)           (GB)           (GB)
 0.000000E+00   0.000000E+00   0.000000E+00   0.000000E+00   0.000000E+00   0.000000E+00   0.000000E+00
 2.100000E-01   4.939906E-01   4.717494E-01   3.457929E-01   2.991423E-01   1.185716E-02   6.919659E-03
 4.200000E-01   1.842476E+00   1.597753E+00   1.355316E+00   1.149890E+00   8.232695E-01   1.857076E-02
 6.300000E-01   3.263702E+00   3.309144E+00   2.936752E+00   2.973202E+00   9.136002E-01   3.341389E-02
 8.400000E-01   1.084323E+02   1.089300E+02   1.352899E+02   1.345149E+02  -7.083260E+00   3.515918E-01
 r/a            eflux_i_tot    eflux_i_target eflux_e_tot    eflux_e_target pflux_e_tot    pflux_e_target
                (GB)           (GB)           (GB)           (GB)           (GB)           (GB)
 0.000000E+00   0.000000E+00   0.000000E+00   0.000000E+00   0.000000E+00   0.000000E+00   0.000000E+00
 2.100000E-01   5.284638E-01   5.191708E-01   3.475218E-01   3.334146E-01   1.301642E-02   7.350745E-03
 4.200000E-01   1.699720E+00   1.669949E+00   1.234275E+00   1.217846E+00   8.638941E-01   1.913345E-02
 6.300000E-01   3.296880E+00   3.290029E+00   2.994620E+00   2.987809E+00   9.063976E-01   3.339950E-02
 8.400000E-01   1.084382E+02   1.084091E+02   1.350074E+02   1.350357E+02  -7.062390E+00   3.515918E-01
 r/a            eflux_i_tot    eflux_i_target eflux_e_tot    eflux_e_target pflux_e_tot    pflux_e_target
                (GB)           (GB)           (GB)           (GB)           (GB)           (GB)
 0.000000E+00   0.000000E+00   0.000000E+00   0.000000E+00   0.000000E+00   0.000000E+00   0.000000E+00
 2.100000E-01   5.616960E-01   5.304088E-01   3.391357E-01   3.426020E-01   1.868567E-02   7.455906E-03
 4.200000E-01   1.675277E+00   1.673460E+00   1.227281E+00   1.225402E+00   8.691581E-01   1.917741E-02
 6.300000E-01   3.280176E+00   3.281728E+00   2.988493E+00   2.986374E+00   9.073158E-01   3.336842E-02
 8.400000E-01   1.083267E+02   1.083237E+02   1.351178E+02   1.351211E+02  -7.072246E+00   3.515918E-01
 r/a            eflux_i_tot    eflux_i_target eflux_e_tot    eflux_e_target pflux_e_tot    pflux_e_target
                (GB)           (GB)           (GB)           (GB)           (GB)           (GB)
 0.000000E+00   0.000000E+00   0.000000E+00   0.000000E+00   0.000000E+00   0.000000E+00   0.000000E+00
 2.100000E-01   5.333965E-01   5.304891E-01   3.424839E-01   3.426701E-01   2.165083E-02   7.456666E-03
 4.200000E-01   1.674521E+00   1.674442E+00   1.226084E+00   1.226258E+00   8.693022E-01   1.918471E-02
 6.300000E-01   3.281524E+00   3.281553E+00   2.986559E+00   2.986574E+00   9.076911E-01   3.336849E-02
 8.400000E-01   1.083181E+02   1.083179E+02   1.351267E+02   1.351269E+02  -7.073032E+00   3.515918E-01
 r/a            eflux_i_tot    eflux_i_target eflux_e_tot    eflux_e_target pflux_e_tot    pflux_e_target
                (GB)           (GB)           (GB)           (GB)           (GB)           (GB)
 0.000000E+00   0.000000E+00   0.000000E+00   0.000000E+00   0.000000E+00   0.000000E+00   0.000000E+00
 2.100000E-01   5.368930E-01   5.308680E-01   3.424236E-01   3.430736E-01   2.204890E-02   7.460674E-03
 4.200000E-01   1.673942E+00   1.673979E+00   1.226366E+00   1.226306E+00   8.694365E-01   1.918306E-02
 6.300000E-01   3.280802E+00   3.280901E+00   2.986603E+00   2.986435E+00   9.077148E-01   3.336597E-02
 8.400000E-01   1.083115E+02   1.083114E+02   1.351333E+02   1.351334E+02  -7.073619E+00   3.515918E-01
 r/a            eflux_i_tot    eflux_i_target eflux_e_tot    eflux_e_target pflux_e_tot    pflux_e_target
                (GB)           (GB)           (GB)           (GB)           (GB)           (GB)
 0.000000E+00   0.000000E+00   0.000000E+00   0.000000E+00   0.000000E+00   0.000000E+00   0.000000E+00
 2.100000E-01   5.591500E-01   5.301104E-01   3.406269E-01   3.422671E-01   1.851247E-02   7.452660E-03
 4.200000E-01   1.675100E+00   1.674905E+00   1.225803E+00   1.226210E+00   8.691679E-01   1.918635E-02
 6.300000E-01   3.282245E+00   3.282204E+00   2.986516E+00   2.986712E+00   9.076675E-01   3.337102E-02
 8.400000E-01   1.083247E+02   1.083244E+02   1.351201E+02   1.351204E+02  -7.072444E+00   3.515918E-01
 r/a            eflux_i_tot    eflux_i_target eflux_e_tot    eflux_e_target pflux_e_tot    pflux_e_target
                (GB)           (GB)           (GB)           (GB)           (GB)           (GB)
 0.000000E+00   0.000000E+00   0.000000E+00   0.000000E+00   0.000000E+00   0.000000E+00   0.000000E+00
 2.100000E-01   5.402255E-01   5.312470E-01   3.421467E-01   3.434776E-01   2.213897E-02   7.464685E-03
 4.200000E-01   1.673363E+00   1.673517E+00   1.226647E+00   1.226354E+00   8.695707E-01   1.918141E-02
 6.300000E-01   3.280082E+00   3.280249E+00   2.986647E+00   2.986298E+00   9.077386E-01   3.336345E-02
 8.400000E-01   1.083049E+02   1.083049E+02   1.351399E+02   1.351399E+02  -7.074207E+00   3.515918E-01
 r/a            eflux_i_tot    eflux_i_target eflux_e_tot    eflux_e_target pflux_e_tot    pflux_e_target
                (GB)           (GB)           (GB)           (GB)           (GB)           (GB)
 0.000000E+00   0.000000E+00   0.000000E+00   0.000000E+00   0.000000E+00   0.000000E+00   0.000000E+00
 2.100000E-01   5.555894E-01   5.297318E-01   3.407601E-01   3.418647E-01   1.812702E-02   7.448656E-03
 4.200000E-01   1.675680E+00   1.675367E+00   1.225521E+00   1.226163E+00   8.690338E-01   1.918800E-02
 6.300000E-01   3.282967E+00   3.282855E+00   2.986472E+00   2.986851E+00   9.076439E-01   3.337354E-02
 8.400000E-01   1.083313E+02   1.083309E+02   1.351135E+02   1.351140E+02  -7.071856E+00   3.515918E-01
