 r/a            zmag/a         dzmag          zeta           s_zeta         volume         d(vol)/dr
                                                                            m^3            m^2
 0.000000E+00   5.288460E-04  -4.541378E-04   5.085163E-04   0.000000E+00   0.000000E+00   0.000000E+00
 2.100000E-01   5.342688E-04   5.707785E-03  -6.703068E-04  -1.246579E-03   6.839531E-01   1.089187E+01
 4.200000E-01   5.503492E-04   9.443911E-03  -2.325430E-03  -5.948939E-03   2.731146E+00   2.162796E+01
 6.300000E-01   5.769649E-04   1.810455E-02  -6.352316E-03  -1.531947E-02   6.155361E+00   3.304960E+01
 8.400000E-01   6.532948E-04   7.421378E-02  -1.230376E-02  -2.814378E-02   1.120601E+01   4.863766E+01
 r/a            zmag/a         dzmag          zeta           s_zeta         volume         d(vol)/dr
                                                                            m^3            m^2
 0.000000E+00   5.288460E-04  -4.541378E-04   5.085163E-04   0.000000E+00   0.000000E+00   0.000000E+00
 2.100000E-01   5.342688E-04   5.707785E-03  -6.703068E-04  -1.246579E-03   6.839531E-01   1.089187E+01
 4.200000E-01   5.503492E-04   9.443911E-03  -2.325430E-03  -5.948939E-03   2.731146E+00   2.162796E+01
 6.300000E-01   5.769649E-04   1.810455E-02  -6.352316E-03  -1.531947E-02   6.155361E+00   3.304960E+01
 8.400000E-01   6.532948E-04   7.421378E-02  -1.230376E-02  -2.814378E-02   1.120601E+01   4.863766E+01
 r/a            zmag/a         dzmag          zeta           s_zeta         volume         d(vol)/dr
                                                                            m^3            m^2
 0.000000E+00   5.288460E-04  -4.541378E-04   5.085163E-04   0.000000E+00   0.000000E+00   0.000000E+00
 2.100000E-01   5.342688E-04   5.707785E-03  -6.703068E-04  -1.246579E-03   6.839531E-01   1.089187E+01
 4.200000E-01   5.503492E-04   9.443911E-03  -2.325430E-03  -5.948939E-03   2.731146E+00   2.162796E+01
 6.300000E-01   5.769649E-04   1.810455E-02  -6.352316E-03  -1.531947E-02   6.155361E+00   3.304960E+01
 8.400000E-01   6.532948E-04   7.421378E-02  -1.230376E-02  -2.814378E-02   1.120601E+01   4.863766E+01
 r/a            zmag/a         dzmag          zeta           s_zeta         volume         d(vol)/dr
                                                                            m^3            m^2
 0.000000E+00   5.288460E-04  -4.541378E-04   5.085163E-04   0.000000E+00   0.000000E+00   0.000000E+00
 2.100000E-01   5.342688E-04   5.707785E-03  -6.703068E-04  -1.246579E-03   6.839531E-01   1.089187E+01
 4.200000E-01   5.503492E-04   9.443911E-03  -2.325430E-03  -5.948939E-03   2.731146E+00   2.162796E+01
 6.300000E-01   5.769649E-04   1.810455E-02  -6.352316E-03  -1.531947E-02   6.155361E+00   3.304960E+01
 8.400000E-01   6.532948E-04   7.421378E-02  -1.230376E-02  -2.814378E-02   1.120601E+01   4.863766E+01
 r/a            zmag/a         dzmag          zeta           s_zeta         volume         d(vol)/dr
                                                                            m^3            m^2
 0.000000E+00   5.288460E-04  -4.541378E-04   5.085163E-04   0.000000E+00   0.000000E+00   0.000000E+00
 2.100000E-01   5.342688E-04   5.707785E-03  -6.703068E-04  -1.246579E-03   6.839531E-01   1.089187E+01
 4.200000E-01   5.503492E-04   9.443911E-03  -2.325430E-03  -5.948939E-03   2.731146E+00   2.162796E+01
 6.300000E-01   5.769649E-04   1.810455E-02  -6.352316E-03  -1.531947E-02   6.155361E+00   3.304960E+01
 8.400000E-01   6.532948E-04   7.421378E-02  -1.230376E-02  -2.814378E-02   1.120601E+01   4.863766E+01
 r/a            zmag/a         dzmag          zeta           s_zeta         volume         d(vol)/dr
                                                                            m^3            m^2
 0.000000E+00   5.288460E-04  -4.541378E-04   5.085163E-04   0.000000E+00   0.000000E+00   0.000000E+00
 2.100000E-01   5.342688E-04   5.707785E-03  -6.703068E-04  -1.246579E-03   6.839531E-01   1.089187E+01
 4.200000E-01   5.503492E-04   9.443911E-03  -2.325430E-03  -5.948939E-03   2.731146E+00   2.162796E+01
 6.300000E-01   5.769649E-04   1.810455E-02  -6.352316E-03  -1.531947E-02   6.155361E+00   3.304960E+01
 8.400000E-01   6.532948E-04   7.421378E-02  -1.230376E-02  -2.814378E-02   1.120601E+01   4.863766E+01
 r/a            zmag/a         dzmag          zeta           s_zeta         volume         d(vol)/dr
                                                                            m^3            m^2
 0.000000E+00   5.288460E-04  -4.541378E-04   5.085163E-04   0.000000E+00   0.000000E+00   0.000000E+00
 2.100000E-01   5.342688E-04   5.707785E-03  -6.703068E-04  -1.246579E-03   6.839531E-01   1.089187E+01
 4.200000E-01   5.503492E-04   9.443911E-03  -2.325430E-03  -5.948939E-03   2.731146E+00   2.162796E+01
 6.300000E-01   5.769649E-04   1.810455E-02  -6.352316E-03  -1.531947E-02   6.155361E+00   3.304960E+01
 8.400000E-01   6.532948E-04   7.421378E-02  -1.230376E-02  -2.814378E-02   1.120601E+01   4.863766E+01
 r/a            zmag/a         dzmag          zeta           s_zeta         volume         d(vol)/dr
                                                                            m^3            m^2
 0.000000E+00   5.288460E-04  -4.541378E-04   5.085163E-04   0.000000E+00   0.000000E+00   0.000000E+00
 2.100000E-01   5.342688E-04   5.707785E-03  -6.703068E-04  -1.246579E-03   6.839531E-01   1.089187E+01
 4.200000E-01   5.503492E-04   9.443911E-03  -2.325430E-03  -5.948939E-03   2.731146E+00   2.162796E+01
 6.300000E-01   5.769649E-04   1.810455E-02  -6.352316E-03  -1.531947E-02   6.155361E+00   3.304960E+01
 8.400000E-01   6.532948E-04   7.421378E-02  -1.230376E-02  -2.814378E-02   1.120601E+01   4.863766E+01
 r/a            zmag/a         dzmag          zeta           s_zeta         volume         d(vol)/dr
                                                                            m^3            m^2
 0.000000E+00   5.288460E-04  -4.541378E-04   5.085163E-04   0.000000E+00   0.000000E+00   0.000000E+00
 2.100000E-01   5.342688E-04   5.707785E-03  -6.703068E-04  -1.246579E-03   6.839531E-01   1.089187E+01
 4.200000E-01   5.503492E-04   9.443911E-03  -2.325430E-03  -5.948939E-03   2.731146E+00   2.162796E+01
 6.300000E-01   5.769649E-04   1.810455E-02  -6.352316E-03  -1.531947E-02   6.155361E+00   3.304960E+01
 8.400000E-01   6.532948E-04   7.421378E-02  -1.230376E-02  -2.814378E-02   1.120601E+01   4.863766E+01
 r/a            zmag/a         dzmag          zeta           s_zeta         volume         d(vol)/dr
                                                                            m^3            m^2
 0.000000E+00   5.288460E-04  -4.541378E-04   5.085163E-04   0.000000E+00   0.000000E+00   0.000000E+00
 2.100000E-01   5.342688E-04   5.707785E-03  -6.703068E-04  -1.246579E-03   6.839531E-01   1.089187E+01
 4.200000E-01   5.503492E-04   9.443911E-03  -2.325430E-03  -5.948939E-03   2.731146E+00   2.162796E+01
 6.300000E-01   5.769649E-04   1.810455E-02  -6.352316E-03  -1.531947E-02   6.155361E+00   3.304960E+01
 8.400000E-01   6.532948E-04   7.421378E-02  -1.230376E-02  -2.814378E-02   1.120601E+01   4.863766E+01
 r/a            zmag/a         dzmag          zeta           s_zeta         volume         d(vol)/dr
                                                                            m^3            m^2
 0.000000E+00   5.288460E-04  -4.541378E-04   5.085163E-04   0.000000E+00   0.000000E+00   0.000000E+00
 2.100000E-01   5.342688E-04   5.707785E-03  -6.703068E-04  -1.246579E-03   6.839531E-01   1.089187E+01
 4.200000E-01   5.503492E-04   9.443911E-03  -2.325430E-03  -5.948939E-03   2.731146E+00   2.162796E+01
 6.300000E-01   5.769649E-04   1.810455E-02  -6.352316E-03  -1.531947E-02   6.155361E+00   3.304960E+01
 8.400000E-01   6.532948E-04   7.421378E-02  -1.230376E-02  -2.814378E-02   1.120601E+01   4.863766E+01
