 r/a            a/Lni          a/Lne          a/LTi          a/LTe          a/Lp           a*gamma_e/cs   a*gamma_p/cs
                                                                            
 0.000000E+00   0.000000E+00   0.000000E+00   0.000000E+00   0.000000E+00   0.000000E+00   0.000000E+00   5.549052E-01
 2.100000E-01   8.130097E-01   8.130097E-01   1.367462E+00   1.491384E+00   2.250352E+00   7.175326E-02   1.493041E+00
 4.200000E-01   1.251608E+00   1.251608E+00   2.152003E+00   2.093381E+00   3.370653E+00   7.265636E-02   8.005391E-01
 6.300000E-01   1.057943E+00   1.057943E+00   1.872856E+00   3.052526E+00   3.559640E+00   4.850818E-02   4.295221E-01
 8.400000E-01   1.220644E+00   1.220644E+00   3.120284E+00   5.804933E+00   5.500960E+00   7.780686E-02   7.988466E-01
 r/a            a/Lni          a/Lne          a/LTi          a/LTe          a/Lp           a*gamma_e/cs   a*gamma_p/cs
                                                                            
 0.000000E+00   0.000000E+00   0.000000E+00   0.000000E+00   0.000000E+00   0.000000E+00   0.000000E+00   5.565927E-01
 2.100000E-01   8.130097E-01   8.130097E-01   1.172911E+00   1.530579E+00   2.169098E+00   7.211973E-02   1.500666E+00
 4.200000E-01   1.251608E+00   1.251608E+00   2.499715E+00   2.012423E+00   3.500102E+00   7.286749E-02   8.028654E-01
 6.300000E-01   1.057943E+00   1.057943E+00   1.354308E+00   1.565370E+00   2.522591E+00   4.480448E-02   3.967272E-01
 8.400000E-01   1.220644E+00   1.220644E+00   5.544564E+00   8.804933E+00   8.174007E+00   7.780686E-02   7.988466E-01
 r/a            a/Lni          a/Lne          a/LTi          a/LTe          a/Lp           a*gamma_e/cs   a*gamma_p/cs
                                                                            
 0.000000E+00   0.000000E+00   0.000000E+00   0.000000E+00   0.000000E+00   0.000000E+00   0.000000E+00   5.423757E-01
 2.100000E-01   8.130097E-01   8.130097E-01   1.494195E+00   1.894468E+00   2.528319E+00   7.163308E-02   1.490540E+00
 4.200000E-01   1.251608E+00   1.251608E+00   1.703411E+00   1.322088E+00   2.744561E+00   7.114597E-02   7.838973E-01
 6.300000E-01   1.057943E+00   1.057943E+00   1.216021E+00   1.263418E+00   2.300533E+00   4.152535E-02   3.676917E-01
 8.400000E-01   1.220644E+00   1.220644E+00   5.680342E+00   1.055458E+01   9.007135E+00   7.780686E-02   7.988466E-01
 r/a            a/Lni          a/Lne          a/LTi          a/LTe          a/Lp           a*gamma_e/cs   a*gamma_p/cs
                                                                            
 0.000000E+00   0.000000E+00   0.000000E+00   0.000000E+00   0.000000E+00   0.000000E+00   0.000000E+00   5.417674E-01
 2.100000E-01   8.130097E-01   8.130097E-01   1.591270E+00   2.442185E+00   2.881072E+00   7.364012E-02   1.532303E+00
 4.200000E-01   1.251608E+00   1.251608E+00   1.214430E+00   5.663571E-01   2.106309E+00   7.234497E-02   7.971081E-01
 6.300000E-01   1.057943E+00   1.057943E+00   1.214391E+00   1.236795E+00   2.285132E+00   4.052597E-02   3.588425E-01
 8.400000E-01   1.220644E+00   1.220644E+00   5.732477E+00   1.104523E+01   9.248750E+00   7.780686E-02   7.988466E-01
 r/a            a/Lni          a/Lne          a/LTi          a/LTe          a/Lp           a*gamma_e/cs   a*gamma_p/cs
                                                                            
 0.000000E+00   0.000000E+00   0.000000E+00   0.000000E+00   0.000000E+00   0.000000E+00   0.000000E+00   5.522544E-01
 2.100000E-01   8.130097E-01   8.130097E-01   1.632973E+00   2.460721E+00   2.905186E+00   7.513865E-02   1.563484E+00
 4.200000E-01   1.251608E+00   1.251608E+00   1.102128E+00   3.536304E-01   1.940037E+00   7.306840E-02   8.050790E-01
 6.300000E-01   1.057943E+00   1.057943E+00   1.221992E+00   1.257263E+00   2.300079E+00   4.052015E-02   3.587910E-01
 8.400000E-01   1.220644E+00   1.220644E+00   5.731377E+00   1.102749E+01   9.240463E+00   7.780686E-02   7.988466E-01
 r/a            a/Lni          a/Lne          a/LTi          a/LTe          a/Lp           a*gamma_e/cs   a*gamma_p/cs
                                                                            
 0.000000E+00   0.000000E+00   0.000000E+00   0.000000E+00   0.000000E+00   0.000000E+00   0.000000E+00   5.565649E-01
 2.100000E-01   8.130097E-01   8.130097E-01   1.668964E+00   2.402816E+00   2.887460E+00   7.549527E-02   1.570904E+00
 4.200000E-01   1.251608E+00   1.251608E+00   1.085665E+00   3.359165E-01   1.922695E+00   7.312431E-02   8.056950E-01
 6.300000E-01   1.057943E+00   1.057943E+00   1.219202E+00   1.254494E+00   2.297311E+00   4.050757E-02   3.586796E-01
 8.400000E-01   1.220644E+00   1.220644E+00   5.729170E+00   1.103617E+01   9.242961E+00   7.780686E-02   7.988466E-01
 r/a            a/Lni          a/Lne          a/LTi          a/LTe          a/Lp           a*gamma_e/cs   a*gamma_p/cs
                                                                            
 0.000000E+00   0.000000E+00   0.000000E+00   0.000000E+00   0.000000E+00   0.000000E+00   0.000000E+00   5.564826E-01
 2.100000E-01   8.130097E-01   8.130097E-01   1.670116E+00   2.406277E+00   2.889875E+00   7.549783E-02   1.570958E+00
 4.200000E-01   1.251608E+00   1.251608E+00   1.085045E+00   3.342226E-01   1.921518E+00   7.313358E-02   8.057972E-01
 6.300000E-01   1.057943E+00   1.057943E+00   1.219350E+00   1.253788E+00   2.296971E+00   4.050760E-02   3.586799E-01
 8.400000E-01   1.220644E+00   1.220644E+00   5.729002E+00   1.103687E+01   9.243164E+00   7.780686E-02   7.988466E-01
 r/a            a/Lni          a/Lne          a/LTi          a/LTe          a/Lp           a*gamma_e/cs   a*gamma_p/cs
                                                                            
 0.000000E+00   0.000000E+00   0.000000E+00   0.000000E+00   0.000000E+00   0.000000E+00   0.000000E+00   5.567010E-01
 2.100000E-01   8.130097E-01   8.130097E-01   1.674148E+00   2.402217E+00   2.889315E+00   7.551136E-02   1.571239E+00
 4.200000E-01   1.251608E+00   1.251608E+00   1.084701E+00   3.343256E-01   1.921397E+00   7.313149E-02   8.057741E-01
 6.300000E-01   1.057943E+00   1.057943E+00   1.219241E+00   1.253750E+00   2.296903E+00   4.050658E-02   3.586709E-01
 8.400000E-01   1.220644E+00   1.220644E+00   5.728872E+00   1.103738E+01   9.243314E+00   7.780686E-02   7.988466E-01
 r/a            a/Lni          a/Lne          a/LTi          a/LTe          a/Lp           a*gamma_e/cs   a*gamma_p/cs
                                                                            
 0.000000E+00   0.000000E+00   0.000000E+00   0.000000E+00   0.000000E+00   0.000000E+00   0.000000E+00   5.562644E-01
 2.100000E-01   8.130097E-01   8.130097E-01   1.666084E+00   2.410337E+00   2.890438E+00   7.548431E-02   1.570676E+00
 4.200000E-01   1.251608E+00   1.251608E+00   1.085388E+00   3.341196E-01   1.921639E+00   7.313568E-02   8.058203E-01
 6.300000E-01   1.057943E+00   1.057943E+00   1.219459E+00   1.253826E+00   2.297039E+00   4.050863E-02   3.586889E-01
 8.400000E-01   1.220644E+00   1.220644E+00   5.729132E+00   1.103635E+01   9.243014E+00   7.780686E-02   7.988466E-01
 r/a            a/Lni          a/Lne          a/LTi          a/LTe          a/Lp           a*gamma_e/cs   a*gamma_p/cs
                                                                            
 0.000000E+00   0.000000E+00   0.000000E+00   0.000000E+00   0.000000E+00   0.000000E+00   0.000000E+00   5.569194E-01
 2.100000E-01   8.130097E-01   8.130097E-01   1.678181E+00   2.398157E+00   2.888757E+00   7.552489E-02   1.571521E+00
 4.200000E-01   1.251608E+00   1.251608E+00   1.084358E+00   3.344286E-01   1.921277E+00   7.312940E-02   8.057511E-01
 6.300000E-01   1.057943E+00   1.057943E+00   1.219132E+00   1.253712E+00   2.296836E+00   4.050556E-02   3.586618E-01
 8.400000E-01   1.220644E+00   1.220644E+00   5.728742E+00   1.103790E+01   9.243464E+00   7.780686E-02   7.988466E-01
 r/a            a/Lni          a/Lne          a/LTi          a/LTe          a/Lp           a*gamma_e/cs   a*gamma_p/cs
                                                                            
 0.000000E+00   0.000000E+00   0.000000E+00   0.000000E+00   0.000000E+00   0.000000E+00   0.000000E+00   5.560462E-01
 2.100000E-01   8.130097E-01   8.130097E-01   1.662052E+00   2.414397E+00   2.891003E+00   7.547079E-02   1.570395E+00
 4.200000E-01   1.251608E+00   1.251608E+00   1.085731E+00   3.340166E-01   1.921759E+00   7.313777E-02   8.058433E-01
 6.300000E-01   1.057943E+00   1.057943E+00   1.219568E+00   1.253864E+00   2.297107E+00   4.050965E-02   3.586980E-01
 8.400000E-01   1.220644E+00   1.220644E+00   5.729263E+00   1.103583E+01   9.242864E+00   7.780686E-02   7.988466E-01
