 r/a           Chi_GB        Q_GB          Gamma_GB      Pi_GB         c_s
               m^2/s         MW/m^2        10^19/m^2/s   J/m^2         m/s
 0.000000E+00  3.913318E+00  8.574451E-02  2.248130E+01  1.521854E-01  3.376614E+05
 1.050000E-01  3.646760E+00  7.429186E-02  2.044406E+01  1.350870E-01  3.295915E+05
 2.100000E-01  2.937514E+00  4.931756E-02  1.540202E+01  9.553199E-02  3.093862E+05
 3.150000E-01  2.210428E+00  2.814941E-02  1.047785E+01  5.952918E-02  2.833919E+05
 4.200000E-01  1.580343E+00  1.449260E-02  6.614738E+00  3.393819E-02  2.559209E+05
 5.250000E-01  1.055736E+00  6.684918E-03  3.874397E+00  1.764044E-02  2.271093E+05
 6.300000E-01  6.345315E-01  2.675563E-03  2.068840E+00  8.155119E-03  1.966224E+05
 7.350000E-01  3.227450E-01  8.486871E-04  9.451965E-01  3.104517E-03  1.638331E+05
 8.400000E-01  1.220906E-01  1.736102E-04  3.190708E-01  8.158124E-04  1.275361E+05
 r/a           Chi_GB        Q_GB          Gamma_GB      Pi_GB         c_s
               m^2/s         MW/m^2        10^19/m^2/s   J/m^2         m/s
 0.000000E+00  3.785285E+00  7.019232E-02  1.881637E+01  1.259714E-01  3.339380E+05
 1.050000E-01  3.791159E+00  6.864291E-02  1.840681E+01  1.232101E-01  3.338855E+05
 2.100000E-01  3.688587E+00  6.246588E-02  1.676096E+01  1.121580E-01  3.337805E+05
 3.150000E-01  3.131209E+00  4.362894E-02  1.287519E+01  8.215300E-02  3.182727E+05
 4.200000E-01  2.235926E+00  2.244947E-02  8.130207E+00  4.682880E-02  2.873037E+05
 5.250000E-01  1.490937E+00  1.034906E-02  4.765111E+00  2.434143E-02  2.548020E+05
 6.300000E-01  8.931906E-01  4.196056E-03  2.583206E+00  1.141194E-02  2.203586E+05
 7.350000E-01  4.510946E-01  1.411251E-03  1.257304E+00  4.617230E-03  1.831770E+05
 8.400000E-01  1.220906E-01  1.736102E-04  3.190708E-01  8.158124E-04  1.275361E+05
 r/a           Chi_GB        Q_GB          Gamma_GB      Pi_GB         c_s
               m^2/s         MW/m^2        10^19/m^2/s   J/m^2         m/s
 0.000000E+00  3.021881E+00  4.905775E-02  1.528157E+01  9.490672E-02  3.097839E+05
 1.050000E-01  3.026570E+00  4.797486E-02  1.494895E+01  9.282637E-02  3.097352E+05
 2.100000E-01  2.944685E+00  4.365770E-02  1.361229E+01  8.449970E-02  3.096377E+05
 3.150000E-01  2.499717E+00  3.049247E-02  1.045649E+01  6.189399E-02  2.952516E+05
 4.200000E-01  1.784992E+00  1.577346E-02  6.637993E+00  3.546836E-02  2.665226E+05
 5.250000E-01  1.231456E+00  7.788955E-03  4.073911E+00  1.952561E-02  2.390687E+05
 6.300000E-01  8.248579E-01  3.791682E-03  2.461461E+00  1.058941E-02  2.145895E+05
 7.350000E-01  4.501910E-01  1.436987E-03  1.281944E+00  4.704572E-03  1.830547E+05
 8.400000E-01  1.220906E-01  1.736102E-04  3.190708E-01  8.158124E-04  1.275361E+05
 r/a           Chi_GB        Q_GB          Gamma_GB      Pi_GB         c_s
               m^2/s         MW/m^2        10^19/m^2/s   J/m^2         m/s
 0.000000E+00  3.853667E+00  7.829588E-02  2.073965E+01  1.396784E-01  3.359369E+05
 1.050000E-01  3.859646E+00  7.656759E-02  2.028822E+01  1.366167E-01  3.358841E+05
 2.100000E-01  3.411119E+00  5.939893E-02  1.679101E+01  1.094679E-01  3.251920E+05
 3.150000E-01  2.633199E+00  3.558289E-02  1.178617E+01  7.098493E-02  3.004161E+05
 4.200000E-01  1.882359E+00  1.860879E-02  7.558754E+00  4.110961E-02  2.712832E+05
 5.250000E-01  1.278105E+00  9.047800E-03  4.616473E+00  2.240195E-02  2.420501E+05
 6.300000E-01  8.158022E-01  4.089892E-03  2.674664E+00  1.146436E-02  2.138013E+05
 7.350000E-01  4.405428E-01  1.452826E-03  1.314929E+00  4.790899E-03  1.817375E+05
 8.400000E-01  1.220906E-01  1.736102E-04  3.190708E-01  8.158124E-04  1.275361E+05
 r/a           Chi_GB        Q_GB          Gamma_GB      Pi_GB         c_s
               m^2/s         MW/m^2        10^19/m^2/s   J/m^2         m/s
 0.000000E+00  3.890867E+00  8.132006E-02  2.140319E+01  1.446097E-01  3.370144E+05
 1.050000E-01  3.896905E+00  7.952501E-02  2.093733E+01  1.414398E-01  3.369614E+05
 2.100000E-01  3.444047E+00  6.169322E-02  1.732822E+01  1.133326E-01  3.262351E+05
 3.150000E-01  2.520871E+00  3.392070E-02  1.156693E+01  6.865952E-02  2.960821E+05
 4.200000E-01  1.708693E+00  1.633513E-02  7.077510E+00  3.727012E-02  2.626697E+05
 5.250000E-01  1.155615E+00  7.937722E-03  4.331438E+00  2.032466E-02  2.340566E+05
 6.300000E-01  7.438542E-01  3.648789E-03  2.537683E+00  1.054757E-02  2.073216E+05
 7.350000E-01  4.232775E-01  1.392836E-03  1.294685E+00  4.654696E-03  1.793316E+05
 8.400000E-01  1.220906E-01  1.736102E-04  3.190708E-01  8.158124E-04  1.275361E+05
 r/a           Chi_GB        Q_GB          Gamma_GB      Pi_GB         c_s
               m^2/s         MW/m^2        10^19/m^2/s   J/m^2         m/s
 0.000000E+00  4.709785E+00  1.111935E-01  2.576661E+01  1.855357E-01  3.591700E+05
 1.050000E-01  4.717093E+00  1.087391E-01  2.520577E+01  1.814688E-01  3.591135E+05
 2.100000E-01  3.790387E+00  7.198116E-02  1.896673E+01  1.280752E-01  3.368233E+05
 3.150000E-01  2.543532E+00  3.424258E-02  1.160724E+01  6.910459E-02  2.969667E+05
 4.200000E-01  1.738453E+00  1.672974E-02  7.165523E+00  3.795140E-02  2.641859E+05
 5.250000E-01  1.175742E+00  8.152086E-03  4.397498E+00  2.075374E-02  2.354076E+05
 6.300000E-01  7.511150E-01  3.700278E-03  2.556881E+00  1.066183E-02  2.079940E+05
 7.350000E-01  4.196299E-01  1.373406E-03  1.284011E+00  4.603022E-03  1.788150E+05
 8.400000E-01  1.220906E-01  1.736102E-04  3.190708E-01  8.158124E-04  1.275361E+05
 r/a           Chi_GB        Q_GB          Gamma_GB      Pi_GB         c_s
               m^2/s         MW/m^2        10^19/m^2/s   J/m^2         m/s
 0.000000E+00  6.445057E+00  1.887172E-01  3.547906E+01  2.836292E-01  3.987573E+05
 1.050000E-01  5.544947E+00  1.423082E-01  2.961618E+01  2.250291E-01  3.790002E+05
 2.100000E-01  3.843088E+00  7.313689E-02  1.909468E+01  1.295340E-01  3.383772E+05
 3.150000E-01  2.606168E+00  3.548151E-02  1.183371E+01  7.102656E-02  2.993846E+05
 4.200000E-01  1.766480E+00  1.717159E-02  7.276770E+00  3.874662E-02  2.655981E+05
 5.250000E-01  1.177190E+00  8.183114E-03  4.410617E+00  2.082419E-02  2.355042E+05
 6.300000E-01  7.529572E-01  3.723997E-03  2.569072E+00  1.072141E-02  2.081639E+05
 7.350000E-01  4.229873E-01  1.394544E-03  1.296865E+00  4.661468E-03  1.792906E+05
 8.400000E-01  1.220906E-01  1.736102E-04  3.190708E-01  8.158124E-04  1.275361E+05
 r/a           Chi_GB        Q_GB          Gamma_GB      Pi_GB         c_s
               m^2/s         MW/m^2        10^19/m^2/s   J/m^2         m/s
 0.000000E+00  6.260954E+00  1.796684E-01  3.443683E+01  2.726507E-01  3.949237E+05
 1.050000E-01  5.386556E+00  1.354847E-01  2.874618E+01  2.163188E-01  3.753565E+05
 2.100000E-01  3.781236E+00  7.126326E-02  1.880785E+01  1.269000E-01  3.365520E+05
 3.150000E-01  2.599291E+00  3.543230E-02  1.183813E+01  7.099053E-02  2.991211E+05
 4.200000E-01  1.763277E+00  1.715081E-02  7.276758E+00  3.872313E-02  2.654375E+05
 5.250000E-01  1.176426E+00  8.177014E-03  4.409235E+00  2.081317E-02  2.354533E+05
 6.300000E-01  7.534268E-01  3.727870E-03  2.570676E+00  1.073033E-02  2.082072E+05
 7.350000E-01  4.231967E-01  1.395620E-03  1.297438E+00  4.664296E-03  1.793202E+05
 8.400000E-01  1.220906E-01  1.736102E-04  3.190708E-01  8.158124E-04  1.275361E+05
 r/a           Chi_GB        Q_GB          Gamma_GB      Pi_GB         c_s
               m^2/s         MW/m^2        10^19/m^2/s   J/m^2         m/s
 0.000000E+00  6.549132E+00  1.959467E-01  3.644691E+01  2.929265E-01  4.008922E+05
 1.050000E-01  5.503698E+00  1.420878E-01  2.971789E+01  2.252406E-01  3.780580E+05
 2.100000E-01  3.773787E+00  7.143995E-02  1.887929E+01  1.272983E-01  3.363309E+05
 3.150000E-01  2.594149E+00  3.531474E-02  1.181444E+01  7.080171E-02  2.989237E+05
 4.200000E-01  1.760595E+00  1.710800E-02  7.265967E+00  3.864609E-02  2.653028E+05
 5.250000E-01  1.175824E+00  8.169370E-03  4.406618E+00  2.079726E-02  2.354131E+05
 6.300000E-01  7.534405E-01  3.727869E-03  2.570643E+00  1.073026E-02  2.082084E+05
 7.350000E-01  4.232122E-01  1.395719E-03  1.297498E+00  4.664571E-03  1.793224E+05
 8.400000E-01  1.220906E-01  1.736102E-04  3.190708E-01  8.158124E-04  1.275361E+05
 r/a           Chi_GB        Q_GB          Gamma_GB      Pi_GB         c_s
               m^2/s         MW/m^2        10^19/m^2/s   J/m^2         m/s
 0.000000E+00  6.606348E+00  1.995718E-01  3.690655E+01  2.974819E-01  4.020563E+05
 1.050000E-01  5.526233E+00  1.431335E-01  2.985516E+01  2.265894E-01  3.785733E+05
 2.100000E-01  3.771802E+00  7.126214E-02  1.883890E+01  1.270037E-01  3.362719E+05
 3.150000E-01  2.591995E+00  3.525624E-02  1.180140E+01  7.070401E-02  2.988409E+05
 4.200000E-01  1.758660E+00  1.707624E-02  7.257797E+00  3.858848E-02  2.652056E+05
 5.250000E-01  1.175259E+00  8.163277E-03  4.404743E+00  2.078508E-02  2.353753E+05
 6.300000E-01  7.535183E-01  3.728710E-03  2.571047E+00  1.073232E-02  2.082156E+05
 7.350000E-01  4.232547E-01  1.396026E-03  1.297697E+00  4.665440E-03  1.793284E+05
 8.400000E-01  1.220906E-01  1.736102E-04  3.190708E-01  8.158124E-04  1.275361E+05
 r/a           Chi_GB        Q_GB          Gamma_GB      Pi_GB         c_s
               m^2/s         MW/m^2        10^19/m^2/s   J/m^2         m/s
 0.000000E+00  6.606556E+00  2.025060E-01  3.744838E+01  3.018524E-01  4.020605E+05
 1.050000E-01  5.526407E+00  1.440676E-01  3.004936E+01  2.280657E-01  3.785773E+05
 2.100000E-01  3.771921E+00  7.120367E-02  1.882305E+01  1.268982E-01  3.362754E+05
 3.150000E-01  2.592028E+00  3.525356E-02  1.180041E+01  7.069835E-02  2.988422E+05
 4.200000E-01  1.758756E+00  1.707653E-02  7.257659E+00  3.858845E-02  2.652104E+05
 5.250000E-01  1.175325E+00  8.163748E-03  4.404831E+00  2.078589E-02  2.353798E+05
 6.300000E-01  7.535177E-01  3.728655E-03  2.571010E+00  1.073216E-02  2.082156E+05
 7.350000E-01  4.232550E-01  1.396000E-03  1.297672E+00  4.665353E-03  1.793285E+05
 8.400000E-01  1.220906E-01  1.736102E-04  3.190708E-01  8.158124E-04  1.275361E+05
