 ITERATION:   1
  0  4.923926E+00    3.47454E-01  1.05876E+00  3.51771E+00
  1  2.710444E+00    4.01587E-02  7.10843E-01  1.95944E+00
 ITERATION:   2
  0  4.334788E+00    4.35153E-01  5.79284E-01  3.32035E+00
  1  2.251828E+00    6.64837E-02  2.16174E-01  1.96917E+00
 ITERATION:   3
  0  1.932117E+00    9.66010E-02  8.43752E-02  1.75114E+00
  1  1.215610E+00    4.34422E-02  1.39405E-01  1.03276E+00
 ITERATION:   4
  0  7.351087E-01    2.39495E-01  3.01306E-02  4.65483E-01
  1  5.447632E-01    3.40559E-02  5.01684E-02  4.60539E-01
 ITERATION:   5
  0  2.295515E-01    2.37774E-02  2.23705E-02  1.83404E-01
  1  2.877435E-01    1.91366E-02  1.90609E-02  2.49546E-01
 ITERATION:   6
  0  2.757393E-02    7.60314E-03  1.09227E-02  9.04812E-03
  1  2.877560E-02    7.74523E-03  1.20407E-02  8.98963E-03
 ITERATION:   7
  0  5.266043E-02    4.47448E-02  5.81959E-03  2.09604E-03
  1  2.483404E-02    5.98862E-03  6.66244E-03  1.21830E-02
 ITERATION:   8
  0  1.000234E-02    4.34651E-03  2.86753E-03  2.78829E-03
  1  1.202163E-02    2.02409E-03  3.74410E-03  6.25344E-03
 ITERATION:   9
  0  3.810086E-03    1.01523E-03  8.87341E-04  1.90751E-03
  1  3.260380E-03    4.99029E-04  7.01732E-04  2.05962E-03
 ITERATION:  10
  0  1.272572E-03    2.35011E-04  1.28493E-04  9.09068E-04
  1  2.584868E-03    1.20333E-03  1.51261E-04  1.23028E-03
