 r/a           mflux_e_neo   mflux_e_tur   expwd_e_tur
               (GB)          (GB)          (GB)
 0.000000E+00  0.000000E+00  0.000000E+00  0.000000E+00
 1.050000E-01  0.000000E+00  0.000000E+00  0.000000E+00
 2.100000E-01  0.000000E+00  2.757631E-06  0.000000E+00
 3.150000E-01  0.000000E+00  1.969352E-05  0.000000E+00
 4.200000E-01  0.000000E+00  7.260836E-05  0.000000E+00
 5.250000E-01  0.000000E+00  4.467008E-04  0.000000E+00
 6.300000E-01  0.000000E+00  1.127955E-03  0.000000E+00
 7.350000E-01  0.000000E+00  2.881187E-03  0.000000E+00
 8.400000E-01  0.000000E+00 -7.706811E-04  0.000000E+00
 r/a           mflux_e_neo   mflux_e_tur   expwd_e_tur
               (GB)          (GB)          (GB)
 0.000000E+00  0.000000E+00  0.000000E+00  0.000000E+00
 1.050000E-01  0.000000E+00 -2.471795E-09  0.000000E+00
 2.100000E-01  0.000000E+00  1.558590E-06  0.000000E+00
 3.150000E-01  0.000000E+00  2.471738E-05  0.000000E+00
 4.200000E-01  0.000000E+00  9.002513E-05  0.000000E+00
 5.250000E-01  0.000000E+00  5.159479E-04  0.000000E+00
 6.300000E-01  0.000000E+00  1.156871E-03  0.000000E+00
 7.350000E-01  0.000000E+00  1.885707E-03  0.000000E+00
 8.400000E-01  0.000000E+00 -1.652947E-02  0.000000E+00
 r/a           mflux_e_neo   mflux_e_tur   expwd_e_tur
               (GB)          (GB)          (GB)
 0.000000E+00  0.000000E+00  0.000000E+00  0.000000E+00
 1.050000E-01  0.000000E+00 -5.992418E-09  0.000000E+00
 2.100000E-01  0.000000E+00  6.343722E-07  0.000000E+00
 3.150000E-01  0.000000E+00  2.241434E-05  0.000000E+00
 4.200000E-01  0.000000E+00  9.270660E-05  0.000000E+00
 5.250000E-01  0.000000E+00  3.530337E-04  0.000000E+00
 6.300000E-01  0.000000E+00  5.770070E-04  0.000000E+00
 7.350000E-01  0.000000E+00  2.028934E-03  0.000000E+00
 8.400000E-01  0.000000E+00 -2.691028E-02  0.000000E+00
 r/a           mflux_e_neo   mflux_e_tur   expwd_e_tur
               (GB)          (GB)          (GB)
 0.000000E+00  0.000000E+00  0.000000E+00  0.000000E+00
 1.050000E-01  0.000000E+00 -1.461075E-09  0.000000E+00
 2.100000E-01  0.000000E+00  1.336080E-06  0.000000E+00
 3.150000E-01  0.000000E+00  2.115082E-05  0.000000E+00
 4.200000E-01  0.000000E+00  7.882382E-05  0.000000E+00
 5.250000E-01  0.000000E+00  3.744433E-04  0.000000E+00
 6.300000E-01  0.000000E+00  7.971993E-04  0.000000E+00
 7.350000E-01  0.000000E+00  2.845930E-03  0.000000E+00
 8.400000E-01  0.000000E+00 -1.803768E-02  0.000000E+00
 r/a           mflux_e_neo   mflux_e_tur   expwd_e_tur
               (GB)          (GB)          (GB)
 0.000000E+00  0.000000E+00  0.000000E+00  0.000000E+00
 1.050000E-01  0.000000E+00 -6.006031E-08  0.000000E+00
 2.100000E-01  0.000000E+00  1.301283E-06  0.000000E+00
 3.150000E-01  0.000000E+00  3.397974E-05  0.000000E+00
 4.200000E-01  0.000000E+00  7.503977E-05  0.000000E+00
 5.250000E-01  0.000000E+00  3.503639E-04  0.000000E+00
 6.300000E-01  0.000000E+00  6.956442E-04  0.000000E+00
 7.350000E-01  0.000000E+00  2.847553E-03  0.000000E+00
 8.400000E-01  0.000000E+00 -2.778985E-02  0.000000E+00
 r/a           mflux_e_neo   mflux_e_tur   expwd_e_tur
               (GB)          (GB)          (GB)
 0.000000E+00  0.000000E+00  0.000000E+00  0.000000E+00
 1.050000E-01  0.000000E+00 -5.995479E-08  0.000000E+00
 2.100000E-01  0.000000E+00  1.034866E-05  0.000000E+00
 3.150000E-01  0.000000E+00  2.534960E-05  0.000000E+00
 4.200000E-01  0.000000E+00  7.666999E-05  0.000000E+00
 5.250000E-01  0.000000E+00  3.453594E-04  0.000000E+00
 6.300000E-01  0.000000E+00  7.670963E-04  0.000000E+00
 7.350000E-01  0.000000E+00  2.684056E-03  0.000000E+00
 8.400000E-01  0.000000E+00 -2.291473E-02  0.000000E+00
 r/a           mflux_e_neo   mflux_e_tur   expwd_e_tur
               (GB)          (GB)          (GB)
 0.000000E+00  0.000000E+00  0.000000E+00  0.000000E+00
 1.050000E-01  0.000000E+00  9.880646E-08  0.000000E+00
 2.100000E-01  0.000000E+00  9.166932E-06  0.000000E+00
 3.150000E-01  0.000000E+00  2.580792E-05  0.000000E+00
 4.200000E-01  0.000000E+00  8.569297E-05  0.000000E+00
 5.250000E-01  0.000000E+00  3.485739E-04  0.000000E+00
 6.300000E-01  0.000000E+00  7.553769E-04  0.000000E+00
 7.350000E-01  0.000000E+00  2.661456E-03  0.000000E+00
 8.400000E-01  0.000000E+00 -2.384069E-02  0.000000E+00
 r/a           mflux_e_neo   mflux_e_tur   expwd_e_tur
               (GB)          (GB)          (GB)
 0.000000E+00  0.000000E+00  0.000000E+00  0.000000E+00
 1.050000E-01  0.000000E+00  9.240969E-08  0.000000E+00
 2.100000E-01  0.000000E+00  7.669580E-06  0.000000E+00
 3.150000E-01  0.000000E+00  2.555748E-05  0.000000E+00
 4.200000E-01  0.000000E+00  8.532071E-05  0.000000E+00
 5.250000E-01  0.000000E+00  3.425746E-04  0.000000E+00
 6.300000E-01  0.000000E+00  7.548691E-04  0.000000E+00
 7.350000E-01  0.000000E+00  2.665200E-03  0.000000E+00
 8.400000E-01  0.000000E+00 -2.387518E-02  0.000000E+00
 r/a           mflux_e_neo   mflux_e_tur   expwd_e_tur
               (GB)          (GB)          (GB)
 0.000000E+00  0.000000E+00  0.000000E+00  0.000000E+00
 1.050000E-01  0.000000E+00  4.924931E-07  0.000000E+00
 2.100000E-01  0.000000E+00  9.415387E-06  0.000000E+00
 3.150000E-01  0.000000E+00  2.567403E-05  0.000000E+00
 4.200000E-01  0.000000E+00  8.498270E-05  0.000000E+00
 5.250000E-01  0.000000E+00  3.409643E-04  0.000000E+00
 6.300000E-01  0.000000E+00  7.543854E-04  0.000000E+00
 7.350000E-01  0.000000E+00  2.664947E-03  0.000000E+00
 8.400000E-01  0.000000E+00 -2.387856E-02  0.000000E+00
 r/a           mflux_e_neo   mflux_e_tur   expwd_e_tur
               (GB)          (GB)          (GB)
 0.000000E+00  0.000000E+00  0.000000E+00  0.000000E+00
 1.050000E-01  0.000000E+00  6.872509E-07  0.000000E+00
 2.100000E-01  0.000000E+00  9.338479E-06  0.000000E+00
 3.150000E-01  0.000000E+00  2.551673E-05  0.000000E+00
 4.200000E-01  0.000000E+00  8.493543E-05  0.000000E+00
 5.250000E-01  0.000000E+00  3.393900E-04  0.000000E+00
 6.300000E-01  0.000000E+00  7.544319E-04  0.000000E+00
 7.350000E-01  0.000000E+00  2.664958E-03  0.000000E+00
 8.400000E-01  0.000000E+00 -2.388442E-02  0.000000E+00
 r/a           mflux_e_neo   mflux_e_tur   expwd_e_tur
               (GB)          (GB)          (GB)
 0.000000E+00  0.000000E+00  0.000000E+00  0.000000E+00
 1.050000E-01  0.000000E+00  5.736524E-07  0.000000E+00
 2.100000E-01  0.000000E+00  9.158521E-06  0.000000E+00
 3.150000E-01  0.000000E+00  2.551961E-05  0.000000E+00
 4.200000E-01  0.000000E+00  8.490613E-05  0.000000E+00
 5.250000E-01  0.000000E+00  3.394663E-04  0.000000E+00
 6.300000E-01  0.000000E+00  7.544333E-04  0.000000E+00
 7.350000E-01  0.000000E+00  2.665059E-03  0.000000E+00
 8.400000E-01  0.000000E+00 -2.389377E-02  0.000000E+00
