 r/a            mflux_tot      mflux_target
                (GB)           (GB)
 0.000000E+00   0.000000E+00   0.000000E+00
 2.100000E-01  -1.617945E+00   0.000000E+00
 4.200000E-01  -3.812478E+00   0.000000E+00
 6.300000E-01  -5.202126E+00   0.000000E+00
 8.400000E-01  -1.614426E+01   0.000000E+00
 r/a            mflux_tot      mflux_target
                (GB)           (GB)
 0.000000E+00   0.000000E+00   0.000000E+00
 2.100000E-01  -6.675721E-01   0.000000E+00
 4.200000E-01  -3.665875E+00   0.000000E+00
 6.300000E-01  -2.797187E+00   0.000000E+00
 8.400000E-01  -3.232179E+01   0.000000E+00
 r/a            mflux_tot      mflux_target
                (GB)           (GB)
 0.000000E+00   0.000000E+00   0.000000E+00
 2.100000E-01  -1.083853E+00   0.000000E+00
 4.200000E-01  -2.673147E+00   0.000000E+00
 6.300000E-01  -2.711505E+00   0.000000E+00
 8.400000E-01  -3.006478E+01   0.000000E+00
 r/a            mflux_tot      mflux_target
                (GB)           (GB)
 0.000000E+00   0.000000E+00   0.000000E+00
 2.100000E-01  -1.306699E+00   0.000000E+00
 4.200000E-01  -2.371305E+00   0.000000E+00
 6.300000E-01  -2.821220E+00   0.000000E+00
 8.400000E-01  -2.996374E+01   0.000000E+00
 r/a            mflux_tot      mflux_target
                (GB)           (GB)
 0.000000E+00   0.000000E+00   0.000000E+00
 2.100000E-01  -1.402333E+00   0.000000E+00
 4.200000E-01  -2.384844E+00   0.000000E+00
 6.300000E-01  -2.842461E+00   0.000000E+00
 8.400000E-01  -2.997144E+01   0.000000E+00
 r/a            mflux_tot      mflux_target
                (GB)           (GB)
 0.000000E+00   0.000000E+00   0.000000E+00
 2.100000E-01  -1.482681E+00   0.000000E+00
 4.200000E-01  -2.385847E+00   0.000000E+00
 6.300000E-01  -2.837628E+00   0.000000E+00
 8.400000E-01  -2.995386E+01   0.000000E+00
 r/a            mflux_tot      mflux_target
                (GB)           (GB)
 0.000000E+00   0.000000E+00   0.000000E+00
 2.100000E-01  -1.361836E+00   0.000000E+00
 4.200000E-01  -2.385786E+00   0.000000E+00
 6.300000E-01  -2.837785E+00   0.000000E+00
 8.400000E-01  -2.995249E+01   0.000000E+00
 r/a            mflux_tot      mflux_target
                (GB)           (GB)
 0.000000E+00   0.000000E+00   0.000000E+00
 2.100000E-01  -1.370553E+00   0.000000E+00
 4.200000E-01  -2.385853E+00   0.000000E+00
 6.300000E-01  -2.837681E+00   0.000000E+00
 8.400000E-01  -2.995145E+01   0.000000E+00
 r/a            mflux_tot      mflux_target
                (GB)           (GB)
 0.000000E+00   0.000000E+00   0.000000E+00
 2.100000E-01  -1.473924E+00   0.000000E+00
 4.200000E-01  -2.385720E+00   0.000000E+00
 6.300000E-01  -2.837890E+00   0.000000E+00
 8.400000E-01  -2.995354E+01   0.000000E+00
 r/a            mflux_tot      mflux_target
                (GB)           (GB)
 0.000000E+00   0.000000E+00   0.000000E+00
 2.100000E-01  -1.381314E+00   0.000000E+00
 4.200000E-01  -2.385920E+00   0.000000E+00
 6.300000E-01  -2.837576E+00   0.000000E+00
 8.400000E-01  -2.995041E+01   0.000000E+00
 r/a            mflux_tot      mflux_target
                (GB)           (GB)
 0.000000E+00   0.000000E+00   0.000000E+00
 2.100000E-01  -1.465150E+00   0.000000E+00
 4.200000E-01  -2.385654E+00   0.000000E+00
 6.300000E-01  -2.837995E+00   0.000000E+00
 8.400000E-01  -2.995458E+01   0.000000E+00
