 r/a           mflux_i_neo   mflux_i_tur   expwd_i_tur
               (GB)          (GB)          (GB)
 0.000000E+00  0.000000E+00  0.000000E+00  0.000000E+00
 1.050000E-01  0.000000E+00  0.000000E+00  0.000000E+00
 2.100000E-01  0.000000E+00 -1.128234E-03  0.000000E+00
 3.150000E-01  0.000000E+00 -2.430863E-02  0.000000E+00
 4.200000E-01  0.000000E+00 -5.798222E-02  0.000000E+00
 5.250000E-01  0.000000E+00 -9.398108E-02  0.000000E+00
 6.300000E-01  0.000000E+00 -2.436946E-02  0.000000E+00
 7.350000E-01  0.000000E+00 -9.107584E-02  0.000000E+00
 8.400000E-01  0.000000E+00 -8.730264E-01  0.000000E+00
 r/a           mflux_i_neo   mflux_i_tur   expwd_i_tur
               (GB)          (GB)          (GB)
 0.000000E+00  0.000000E+00  0.000000E+00  0.000000E+00
 1.050000E-01  0.000000E+00  1.026226E-08  0.000000E+00
 2.100000E-01  0.000000E+00 -3.619369E-03  0.000000E+00
 3.150000E-01  0.000000E+00 -2.822769E-02  0.000000E+00
 4.200000E-01  0.000000E+00 -5.893819E-02  0.000000E+00
 5.250000E-01  0.000000E+00 -8.230064E-02  0.000000E+00
 6.300000E-01  0.000000E+00 -5.737197E-03  0.000000E+00
 7.350000E-01  0.000000E+00 -6.836019E-02  0.000000E+00
 8.400000E-01  0.000000E+00 -1.885276E+00  0.000000E+00
 r/a           mflux_i_neo   mflux_i_tur   expwd_i_tur
               (GB)          (GB)          (GB)
 0.000000E+00  0.000000E+00  0.000000E+00  0.000000E+00
 1.050000E-01  0.000000E+00 -6.068474E-07  0.000000E+00
 2.100000E-01  0.000000E+00 -2.479474E-03  0.000000E+00
 3.150000E-01  0.000000E+00 -2.643741E-02  0.000000E+00
 4.200000E-01  0.000000E+00 -6.007649E-02  0.000000E+00
 5.250000E-01  0.000000E+00 -1.042810E-01  0.000000E+00
 6.300000E-01  0.000000E+00 -5.137128E-02  0.000000E+00
 7.350000E-01  0.000000E+00 -1.873899E-01  0.000000E+00
 8.400000E-01  0.000000E+00 -1.783021E+00  0.000000E+00
 r/a           mflux_i_neo   mflux_i_tur   expwd_i_tur
               (GB)          (GB)          (GB)
 0.000000E+00  0.000000E+00  0.000000E+00  0.000000E+00
 1.050000E-01  0.000000E+00  6.629112E-09  0.000000E+00
 2.100000E-01  0.000000E+00 -7.781509E-04  0.000000E+00
 3.150000E-01  0.000000E+00 -2.284974E-02  0.000000E+00
 4.200000E-01  0.000000E+00 -4.667302E-02  0.000000E+00
 5.250000E-01  0.000000E+00 -9.122371E-02  0.000000E+00
 6.300000E-01  0.000000E+00 -3.612834E-02  0.000000E+00
 7.350000E-01  0.000000E+00 -8.179723E-02  0.000000E+00
 8.400000E-01  0.000000E+00 -1.551452E+00  0.000000E+00
 r/a           mflux_i_neo   mflux_i_tur   expwd_i_tur
               (GB)          (GB)          (GB)
 0.000000E+00  0.000000E+00  0.000000E+00  0.000000E+00
 1.050000E-01  0.000000E+00 -1.215331E-03  0.000000E+00
 2.100000E-01  0.000000E+00 -1.092152E-03  0.000000E+00
 3.150000E-01  0.000000E+00 -2.008929E-02  0.000000E+00
 4.200000E-01  0.000000E+00 -3.962971E-02  0.000000E+00
 5.250000E-01  0.000000E+00 -8.526082E-02  0.000000E+00
 6.300000E-01  0.000000E+00 -4.006671E-02  0.000000E+00
 7.350000E-01  0.000000E+00 -9.991717E-02  0.000000E+00
 8.400000E-01  0.000000E+00 -1.652173E+00  0.000000E+00
 r/a           mflux_i_neo   mflux_i_tur   expwd_i_tur
               (GB)          (GB)          (GB)
 0.000000E+00  0.000000E+00  0.000000E+00  0.000000E+00
 1.050000E-01  0.000000E+00 -1.268424E-03  0.000000E+00
 2.100000E-01  0.000000E+00 -3.358124E-03  0.000000E+00
 3.150000E-01  0.000000E+00 -2.334291E-02  0.000000E+00
 4.200000E-01  0.000000E+00 -3.919241E-02  0.000000E+00
 5.250000E-01  0.000000E+00 -7.823405E-02  0.000000E+00
 6.300000E-01  0.000000E+00 -3.564108E-02  0.000000E+00
 7.350000E-01  0.000000E+00 -1.110126E-01  0.000000E+00
 8.400000E-01  0.000000E+00 -1.577404E+00  0.000000E+00
 r/a           mflux_i_neo   mflux_i_tur   expwd_i_tur
               (GB)          (GB)          (GB)
 0.000000E+00  0.000000E+00  0.000000E+00  0.000000E+00
 1.050000E-01  0.000000E+00 -5.059375E-04  0.000000E+00
 2.100000E-01  0.000000E+00 -5.222622E-03  0.000000E+00
 3.150000E-01  0.000000E+00 -2.055857E-02  0.000000E+00
 4.200000E-01  0.000000E+00 -3.542776E-02  0.000000E+00
 5.250000E-01  0.000000E+00 -7.677224E-02  0.000000E+00
 6.300000E-01  0.000000E+00 -3.543169E-02  0.000000E+00
 7.350000E-01  0.000000E+00 -1.084096E-01  0.000000E+00
 8.400000E-01  0.000000E+00 -1.558753E+00  0.000000E+00
 r/a           mflux_i_neo   mflux_i_tur   expwd_i_tur
               (GB)          (GB)          (GB)
 0.000000E+00  0.000000E+00  0.000000E+00  0.000000E+00
 1.050000E-01  0.000000E+00 -5.012026E-04  0.000000E+00
 2.100000E-01  0.000000E+00 -4.661833E-03  0.000000E+00
 3.150000E-01  0.000000E+00 -2.043282E-02  0.000000E+00
 4.200000E-01  0.000000E+00 -3.719434E-02  0.000000E+00
 5.250000E-01  0.000000E+00 -7.880359E-02  0.000000E+00
 6.300000E-01  0.000000E+00 -3.554765E-02  0.000000E+00
 7.350000E-01  0.000000E+00 -1.087258E-01  0.000000E+00
 8.400000E-01  0.000000E+00 -1.558219E+00  0.000000E+00
 r/a           mflux_i_neo   mflux_i_tur   expwd_i_tur
               (GB)          (GB)          (GB)
 0.000000E+00  0.000000E+00  0.000000E+00  0.000000E+00
 1.050000E-01  0.000000E+00 -6.965663E-04  0.000000E+00
 2.100000E-01  0.000000E+00 -5.777615E-03  0.000000E+00
 3.150000E-01  0.000000E+00 -2.020779E-02  0.000000E+00
 4.200000E-01  0.000000E+00 -3.735045E-02  0.000000E+00
 5.250000E-01  0.000000E+00 -7.863039E-02  0.000000E+00
 6.300000E-01  0.000000E+00 -3.562031E-02  0.000000E+00
 7.350000E-01  0.000000E+00 -1.086261E-01  0.000000E+00
 8.400000E-01  0.000000E+00 -1.558301E+00  0.000000E+00
 r/a           mflux_i_neo   mflux_i_tur   expwd_i_tur
               (GB)          (GB)          (GB)
 0.000000E+00  0.000000E+00  0.000000E+00  0.000000E+00
 1.050000E-01  0.000000E+00 -6.025313E-04  0.000000E+00
 2.100000E-01  0.000000E+00 -5.369638E-03  0.000000E+00
 3.150000E-01  0.000000E+00 -2.006531E-02  0.000000E+00
 4.200000E-01  0.000000E+00 -3.723496E-02  0.000000E+00
 5.250000E-01  0.000000E+00 -7.850276E-02  0.000000E+00
 6.300000E-01  0.000000E+00 -3.560823E-02  0.000000E+00
 7.350000E-01  0.000000E+00 -1.085680E-01  0.000000E+00
 8.400000E-01  0.000000E+00 -1.557782E+00  0.000000E+00
 r/a           mflux_i_neo   mflux_i_tur   expwd_i_tur
               (GB)          (GB)          (GB)
 0.000000E+00  0.000000E+00  0.000000E+00  0.000000E+00
 1.050000E-01  0.000000E+00 -2.741303E-04  0.000000E+00
 2.100000E-01  0.000000E+00 -5.250806E-03  0.000000E+00
 3.150000E-01  0.000000E+00 -2.005482E-02  0.000000E+00
 4.200000E-01  0.000000E+00 -3.721552E-02  0.000000E+00
 5.250000E-01  0.000000E+00 -7.841350E-02  0.000000E+00
 6.300000E-01  0.000000E+00 -3.560927E-02  0.000000E+00
 7.350000E-01  0.000000E+00 -1.085537E-01  0.000000E+00
 8.400000E-01  0.000000E+00 -1.557437E+00  0.000000E+00
