 r/a            (a/cs)/t_ii    (a/cs)/t_ee    (a/cs)nu_exch  rho_i/a        rho_s/a
 0.000000E+00   7.277534E-04   2.941293E-02   1.204660E-05   3.951334E-03   4.522527E-03
 2.100000E-01   8.900109E-04   3.667969E-02   1.502277E-05   3.632897E-03   4.131094E-03
 4.200000E-01   1.480617E-03   6.165093E-02   2.525009E-05   2.944327E-03   3.336638E-03
 6.300000E-01   2.793411E-03   1.387756E-01   5.683543E-05   2.242732E-03   2.396294E-03
 8.400000E-01   7.283111E-03   6.649971E-01   2.723003E-04   1.448926E-03   1.263865E-03
 r/a            (a/cs)/t_ii    (a/cs)/t_ee    (a/cs)nu_exch  rho_i/a        rho_s/a
 0.000000E+00   5.588595E-04   2.976123E-02   1.218848E-05   4.318733E-03   4.508815E-03
 2.100000E-01   6.640301E-04   3.741115E-02   1.532123E-05   4.011452E-03   4.110102E-03
 4.200000E-01   1.129470E-03   6.234785E-02   2.553385E-05   3.225095E-03   3.326970E-03
 6.300000E-01   1.930767E-03   1.020427E-01   4.179089E-05   2.478728E-03   2.594380E-03
 8.400000E-01   7.283111E-03   6.649971E-01   2.723003E-04   1.448926E-03   1.263865E-03
 r/a            (a/cs)/t_ii    (a/cs)/t_ee    (a/cs)nu_exch  rho_i/a        rho_s/a
 0.000000E+00   6.487263E-04   2.692051E-02   1.102572E-05   4.078353E-03   4.627002E-03
 2.100000E-01   8.245232E-04   3.644213E-02   1.492525E-05   3.724815E-03   4.138025E-03
 4.200000E-01   1.282028E-03   5.683223E-02   2.327621E-05   3.070267E-03   3.407473E-03
 6.300000E-01   1.807603E-03   7.602550E-02   3.113736E-05   2.478402E-03   2.799250E-03
 8.400000E-01   7.283111E-03   6.649971E-01   2.723003E-04   1.448926E-03   1.263865E-03
 r/a            (a/cs)/t_ii    (a/cs)/t_ee    (a/cs)nu_exch  rho_i/a        rho_s/a
 0.000000E+00   7.276203E-04   2.680364E-02   1.097812E-05   3.923990E-03   4.632197E-03
 2.100000E-01   9.629965E-04   4.056182E-02   1.661268E-05   3.565614E-03   4.025244E-03
 4.200000E-01   1.394267E-03   6.063362E-02   2.483321E-05   3.000140E-03   3.351000E-03
 6.300000E-01   1.755534E-03   6.917994E-02   2.833404E-05   2.484982E-03   2.868281E-03
 8.400000E-01   7.283111E-03   6.649971E-01   2.723003E-04   1.448926E-03   1.263865E-03
 r/a            (a/cs)/t_ii    (a/cs)/t_ee    (a/cs)nu_exch  rho_i/a        rho_s/a
 0.000000E+00   7.549212E-04   2.887193E-02   1.182515E-05   3.897894E-03   4.544234E-03
 2.100000E-01   1.006538E-03   4.385546E-02   1.796151E-05   3.534156E-03   3.944966E-03
 4.200000E-01   1.428366E-03   6.301642E-02   2.580903E-05   2.984712E-03   3.317823E-03
 6.300000E-01   1.753518E-03   6.914147E-02   2.831828E-05   2.485830E-03   2.868693E-03
 8.400000E-01   7.283111E-03   6.649971E-01   2.723003E-04   1.448926E-03   1.263865E-03
 r/a            (a/cs)/t_ii    (a/cs)/t_ee    (a/cs)nu_exch  rho_i/a        rho_s/a
 0.000000E+00   7.563513E-04   2.975546E-02   1.218695E-05   3.904299E-03   4.509040E-03
 2.100000E-01   1.011470E-03   4.466760E-02   1.829407E-05   3.533280E-03   3.926331E-03
 4.200000E-01   1.434791E-03   6.320343E-02   2.588563E-05   2.980915E-03   3.315286E-03
 6.300000E-01   1.754422E-03   6.905840E-02   2.828427E-05   2.485178E-03   2.869583E-03
 8.400000E-01   7.283111E-03   6.649971E-01   2.723003E-04   1.448926E-03   1.263865E-03
 r/a            (a/cs)/t_ii    (a/cs)/t_ee    (a/cs)nu_exch  rho_i/a        rho_s/a
 0.000000E+00   7.561114E-04   2.973842E-02   1.217997E-05   3.904543E-03   4.509707E-03
 2.100000E-01   1.011494E-03   4.467348E-02   1.829648E-05   3.533287E-03   3.926198E-03
 4.200000E-01   1.435061E-03   6.323448E-02   2.589834E-05   2.980838E-03   3.314865E-03
 6.300000E-01   1.754429E-03   6.905860E-02   2.828435E-05   2.485176E-03   2.869581E-03
 8.400000E-01   7.283111E-03   6.649971E-01   2.723003E-04   1.448926E-03   1.263865E-03
 r/a            (a/cs)/t_ii    (a/cs)/t_ee    (a/cs)nu_exch  rho_i/a        rho_s/a
 0.000000E+00   7.555346E-04   2.978368E-02   1.219851E-05   3.905985E-03   4.507938E-03
 2.100000E-01   1.011175E-03   4.470450E-02   1.830918E-05   3.533844E-03   3.925495E-03
 4.200000E-01   1.435181E-03   6.322747E-02   2.589547E-05   2.980730E-03   3.314960E-03
 6.300000E-01   1.754456E-03   6.905186E-02   2.828159E-05   2.485145E-03   2.869654E-03
 8.400000E-01   7.283111E-03   6.649971E-01   2.723003E-04   1.448926E-03   1.263865E-03
 r/a            (a/cs)/t_ii    (a/cs)/t_ee    (a/cs)nu_exch  rho_i/a        rho_s/a
 0.000000E+00   7.566887E-04   2.969323E-02   1.216147E-05   3.903103E-03   4.511476E-03
 2.100000E-01   1.011813E-03   4.464248E-02   1.828379E-05   3.532731E-03   3.926901E-03
 4.200000E-01   1.434940E-03   6.324149E-02   2.590121E-05   2.980946E-03   3.314770E-03
 6.300000E-01   1.754402E-03   6.906534E-02   2.828711E-05   2.485207E-03   2.869509E-03
 8.400000E-01   7.283111E-03   6.649971E-01   2.723003E-04   1.448926E-03   1.263865E-03
 r/a            (a/cs)/t_ii    (a/cs)/t_ee    (a/cs)nu_exch  rho_i/a        rho_s/a
 0.000000E+00   7.549582E-04   2.982901E-02   1.221707E-05   3.907426E-03   4.506170E-03
 2.100000E-01   1.010856E-03   4.473554E-02   1.832189E-05   3.534400E-03   3.924792E-03
 4.200000E-01   1.435302E-03   6.322046E-02   2.589260E-05   2.980622E-03   3.315055E-03
 6.300000E-01   1.754484E-03   6.904512E-02   2.827883E-05   2.485113E-03   2.869726E-03
 8.400000E-01   7.283111E-03   6.649971E-01   2.723003E-04   1.448926E-03   1.263865E-03
 r/a            (a/cs)/t_ii    (a/cs)/t_ee    (a/cs)nu_exch  rho_i/a        rho_s/a
 0.000000E+00   7.572664E-04   2.964810E-02   1.214299E-05   3.901662E-03   4.513246E-03
 2.100000E-01   1.012132E-03   4.461150E-02   1.827111E-05   3.532176E-03   3.927605E-03
 4.200000E-01   1.434820E-03   6.324850E-02   2.590408E-05   2.981054E-03   3.314676E-03
 6.300000E-01   1.754374E-03   6.907209E-02   2.828987E-05   2.485238E-03   2.869437E-03
 8.400000E-01   7.283111E-03   6.649971E-01   2.723003E-04   1.448926E-03   1.263865E-03
