 r/a           p_alpha       p_brem        p_exch        p_i_aux       p_e_aux       p_i           p_e
               (MW)          (MW)          (MW)          (MW)          (MW)          (MW)          (MW)
 0.000000E+00  0.000000E+00 -0.000000E+00  0.000000E+00  0.000000E+00  0.000000E+00  0.000000E+00  0.000000E+00
 1.050000E-01  4.363943E-06 -1.936308E-04  4.928223E-03  0.000000E+00  0.000000E+00  7.841466E-02  4.915791E-02
 2.100000E-01  1.299972E-05 -7.094006E-04  1.846992E-02  0.000000E+00  0.000000E+00  2.673120E-01  1.716833E-01
 3.150000E-01  1.931216E-05 -1.397059E-03  3.827351E-02  0.000000E+00  0.000000E+00  4.703689E-01  3.173794E-01
 4.200000E-01  2.195903E-05 -2.110854E-03  6.280241E-02  0.000000E+00  0.000000E+00  6.236941E-01  4.556687E-01
 5.250000E-01  2.271468E-05 -2.762904E-03  8.929330E-02  0.000000E+00  0.000000E+00  7.437621E-01  6.080337E-01
 6.300000E-01  2.290272E-05 -3.322891E-03  1.104457E-01  0.000000E+00  0.000000E+00  8.410233E-01  7.909702E-01
 7.350000E-01  2.294970E-05 -3.788273E-03  1.138003E-01  0.000000E+00  0.000000E+00  9.025138E-01  9.812559E-01
 8.400000E-01  2.295901E-05 -4.155425E-03  7.352790E-02  0.000000E+00  0.000000E+00  9.003872E-01  1.155259E+00
 r/a           p_alpha       p_brem        p_exch        p_i_aux       p_e_aux       p_i           p_e
               (MW)          (MW)          (MW)          (MW)          (MW)          (MW)          (MW)
 0.000000E+00  0.000000E+00 -0.000000E+00  0.000000E+00  0.000000E+00  0.000000E+00  0.000000E+00  0.000000E+00
 1.050000E-01  6.107380E-06 -1.471259E-04  2.142408E-03  0.000000E+00  0.000000E+00  7.562884E-02  5.194373E-02
 2.100000E-01  1.836741E-05 -5.552790E-04  1.107349E-02  0.000000E+00  0.000000E+00  2.599156E-01  1.790797E-01
 3.150000E-01  2.759507E-05 -1.125203E-03  2.893922E-02  0.000000E+00  0.000000E+00  4.610346E-01  3.267137E-01
 4.200000E-01  3.165057E-05 -1.729170E-03  5.289115E-02  0.000000E+00  0.000000E+00  6.137828E-01  4.655799E-01
 5.250000E-01  3.289249E-05 -2.282733E-03  7.877411E-02  0.000000E+00  0.000000E+00  7.332429E-01  6.185528E-01
 6.300000E-01  3.322612E-05 -2.767160E-03  1.024757E-01  0.000000E+00  0.000000E+00  8.330534E-01  7.989402E-01
 7.350000E-01  3.331680E-05 -3.204923E-03  1.168788E-01  0.000000E+00  0.000000E+00  9.055924E-01  9.781774E-01
 8.400000E-01  3.333626E-05 -3.574735E-03  8.496176E-02  0.000000E+00  0.000000E+00  9.118210E-01  1.143825E+00
 r/a           p_alpha       p_brem        p_exch        p_i_aux       p_e_aux       p_i           p_e
               (MW)          (MW)          (MW)          (MW)          (MW)          (MW)          (MW)
 0.000000E+00  0.000000E+00 -0.000000E+00  0.000000E+00  0.000000E+00  0.000000E+00  0.000000E+00  0.000000E+00
 1.050000E-01  6.549427E-06 -1.412501E-04 -7.156421E-04  0.000000E+00  0.000000E+00  7.277079E-02  5.480178E-02
 2.100000E-01  2.114150E-05 -5.331027E-04 -1.190830E-04  0.000000E+00  0.000000E+00  2.487230E-01  1.902723E-01
 3.150000E-01  3.325724E-05 -1.080266E-03  6.086190E-03  0.000000E+00  0.000000E+00  4.381816E-01  3.495667E-01
 4.200000E-01  3.875177E-05 -1.663132E-03  1.641558E-02  0.000000E+00  0.000000E+00  5.773072E-01  5.020555E-01
 5.250000E-01  4.064067E-05 -2.209291E-03  2.630698E-02  0.000000E+00  0.000000E+00  6.807758E-01  6.710200E-01
 6.300000E-01  4.125495E-05 -2.703380E-03  3.379819E-02  0.000000E+00  0.000000E+00  7.643758E-01  8.676177E-01
 7.350000E-01  4.142906E-05 -3.158569E-03  3.668138E-02  0.000000E+00  0.000000E+00  8.253949E-01  1.058375E+00
 8.400000E-01  4.145737E-05 -3.537503E-03  9.017438E-04  0.000000E+00  0.000000E+00  8.277610E-01  1.227885E+00
 r/a           p_alpha       p_brem        p_exch        p_i_aux       p_e_aux       p_i           p_e
               (MW)          (MW)          (MW)          (MW)          (MW)          (MW)          (MW)
 0.000000E+00  0.000000E+00 -0.000000E+00  0.000000E+00  0.000000E+00  0.000000E+00  0.000000E+00  0.000000E+00
 1.050000E-01  5.898151E-06 -1.734847E-04  3.438050E-03  0.000000E+00  0.000000E+00  7.692448E-02  5.064808E-02
 2.100000E-01  1.745048E-05 -6.454023E-04  1.486066E-02  0.000000E+00  0.000000E+00  2.637027E-01  1.752926E-01
 3.150000E-01  2.586293E-05 -1.289323E-03  3.407996E-02  0.000000E+00  0.000000E+00  4.661754E-01  3.215730E-01
 4.200000E-01  2.956041E-05 -1.974602E-03  5.839663E-02  0.000000E+00  0.000000E+00  6.192883E-01  4.600744E-01
 5.250000E-01  3.079613E-05 -2.628020E-03  8.432286E-02  0.000000E+00  0.000000E+00  7.387916E-01  6.130041E-01
 6.300000E-01  3.118052E-05 -3.223354E-03  1.078552E-01  0.000000E+00  0.000000E+00  8.384328E-01  7.935608E-01
 7.350000E-01  3.128822E-05 -3.746077E-03  1.222820E-01  0.000000E+00  0.000000E+00  9.109956E-01  9.727742E-01
 8.400000E-01  3.130904E-05 -4.145074E-03  9.039422E-02  0.000000E+00  0.000000E+00  9.172535E-01  1.138393E+00
 r/a           p_alpha       p_brem        p_exch        p_i_aux       p_e_aux       p_i           p_e
               (MW)          (MW)          (MW)          (MW)          (MW)          (MW)          (MW)
 0.000000E+00  0.000000E+00 -0.000000E+00  0.000000E+00  0.000000E+00  0.000000E+00  0.000000E+00  0.000000E+00
 1.050000E-01  8.172288E-06 -1.818285E-04  2.600666E-03  0.000000E+00  0.000000E+00  7.608710E-02  5.148547E-02
 2.100000E-01  2.295440E-05 -6.764431E-04  1.301470E-02  0.000000E+00  0.000000E+00  2.618568E-01  1.771385E-01
 3.150000E-01  3.271291E-05 -1.347061E-03  3.082349E-02  0.000000E+00  0.000000E+00  4.629189E-01  3.248294E-01
 4.200000E-01  3.688948E-05 -2.054949E-03  5.136655E-02  0.000000E+00  0.000000E+00  6.122582E-01  4.671045E-01
 5.250000E-01  3.823385E-05 -2.731576E-03  7.194586E-02  0.000000E+00  0.000000E+00  7.264146E-01  6.253811E-01
 6.300000E-01  3.864625E-05 -3.353924E-03  8.908814E-02  0.000000E+00  0.000000E+00  8.196658E-01  8.123278E-01
 7.350000E-01  3.876389E-05 -3.899450E-03  9.716839E-02  0.000000E+00  0.000000E+00  8.858819E-01  9.978878E-01
 8.400000E-01  3.878660E-05 -4.307183E-03  6.251133E-02  0.000000E+00  0.000000E+00  8.893706E-01  1.166276E+00
 r/a           p_alpha       p_brem        p_exch        p_i_aux       p_e_aux       p_i           p_e
               (MW)          (MW)          (MW)          (MW)          (MW)          (MW)          (MW)
 0.000000E+00  0.000000E+00 -0.000000E+00  0.000000E+00  0.000000E+00  0.000000E+00  0.000000E+00  0.000000E+00
 1.050000E-01  9.360816E-06 -1.916733E-04  4.151674E-03  0.000000E+00  0.000000E+00  7.763811E-02  4.993446E-02
 2.100000E-01  2.567366E-05 -7.027702E-04  1.742065E-02  0.000000E+00  0.000000E+00  2.662627E-01  1.727326E-01
 3.150000E-01  3.556958E-05 -1.377189E-03  3.711951E-02  0.000000E+00  0.000000E+00  4.692149E-01  3.185334E-01
 4.200000E-01  3.946788E-05 -2.080822E-03  5.932388E-02  0.000000E+00  0.000000E+00  6.202155E-01  4.591472E-01
 5.250000E-01  4.072323E-05 -2.756519E-03  8.211078E-02  0.000000E+00  0.000000E+00  7.365795E-01  6.152162E-01
 6.300000E-01  4.111639E-05 -3.379025E-03  1.012423E-01  0.000000E+00  0.000000E+00  8.318199E-01  8.001736E-01
 7.350000E-01  4.122986E-05 -3.923690E-03  1.099583E-01  0.000000E+00  0.000000E+00  8.986719E-01  9.850979E-01
 8.400000E-01  4.125208E-05 -4.330891E-03  7.508020E-02  0.000000E+00  0.000000E+00  9.019395E-01  1.153707E+00
 r/a           p_alpha       p_brem        p_exch        p_i_aux       p_e_aux       p_i           p_e
               (MW)          (MW)          (MW)          (MW)          (MW)          (MW)          (MW)
 0.000000E+00  0.000000E+00 -0.000000E+00  0.000000E+00  0.000000E+00  0.000000E+00  0.000000E+00  0.000000E+00
 1.050000E-01  9.126043E-06 -2.021070E-04  5.667206E-03  0.000000E+00  0.000000E+00  7.915364E-02  4.841893E-02
 2.100000E-01  2.517455E-05 -7.205960E-04  2.050298E-02  0.000000E+00  0.000000E+00  2.693451E-01  1.696502E-01
 3.150000E-01  3.495898E-05 -1.391300E-03  4.091007E-02  0.000000E+00  0.000000E+00  4.730055E-01  3.147429E-01
 4.200000E-01  3.876825E-05 -2.095712E-03  6.433057E-02  0.000000E+00  0.000000E+00  6.252222E-01  4.541405E-01
 5.250000E-01  4.001431E-05 -2.774142E-03  8.787405E-02  0.000000E+00  0.000000E+00  7.423428E-01  6.094529E-01
 6.300000E-01  4.040470E-05 -3.399537E-03  1.074915E-01  0.000000E+00  0.000000E+00  8.380691E-01  7.939245E-01
 7.350000E-01  4.051749E-05 -3.947471E-03  1.170832E-01  0.000000E+00  0.000000E+00  9.057968E-01  9.779730E-01
 8.400000E-01  4.053966E-05 -4.356332E-03  8.279239E-02  0.000000E+00  0.000000E+00  9.096516E-01  1.145995E+00
 r/a           p_alpha       p_brem        p_exch        p_i_aux       p_e_aux       p_i           p_e
               (MW)          (MW)          (MW)          (MW)          (MW)          (MW)          (MW)
 0.000000E+00  0.000000E+00 -0.000000E+00  0.000000E+00  0.000000E+00  0.000000E+00  0.000000E+00  0.000000E+00
 1.050000E-01  9.117400E-06 -1.998299E-04  5.422578E-03  0.000000E+00  0.000000E+00  7.890901E-02  4.866355E-02
 2.100000E-01  2.517767E-05 -7.150223E-04  1.975207E-02  0.000000E+00  0.000000E+00  2.685941E-01  1.704012E-01
 3.150000E-01  3.500361E-05 -1.386536E-03  3.988785E-02  0.000000E+00  0.000000E+00  4.719833E-01  3.157651E-01
 4.200000E-01  3.883958E-05 -2.093837E-03  6.326350E-02  0.000000E+00  0.000000E+00  6.241551E-01  4.552076E-01
 5.250000E-01  4.009228E-05 -2.773475E-03  8.672493E-02  0.000000E+00  0.000000E+00  7.411937E-01  6.106020E-01
 6.300000E-01  4.048392E-05 -3.399081E-03  1.062982E-01  0.000000E+00  0.000000E+00  8.368758E-01  7.951178E-01
 7.350000E-01  4.059695E-05 -3.947092E-03  1.159131E-01  0.000000E+00  0.000000E+00  9.046266E-01  9.791431E-01
 8.400000E-01  4.061913E-05 -4.355968E-03  8.164273E-02  0.000000E+00  0.000000E+00  9.085020E-01  1.147144E+00
 r/a           p_alpha       p_brem        p_exch        p_i_aux       p_e_aux       p_i           p_e
               (MW)          (MW)          (MW)          (MW)          (MW)          (MW)          (MW)
 0.000000E+00  0.000000E+00 -0.000000E+00  0.000000E+00  0.000000E+00  0.000000E+00  0.000000E+00  0.000000E+00
 1.050000E-01  9.461834E-06 -2.060458E-04  5.686052E-03  0.000000E+00  0.000000E+00  7.917249E-02  4.840008E-02
 2.100000E-01  2.589629E-05 -7.309002E-04  2.038879E-02  0.000000E+00  0.000000E+00  2.692309E-01  1.697644E-01
 3.150000E-01  3.575346E-05 -1.405609E-03  4.057955E-02  0.000000E+00  0.000000E+00  4.726750E-01  3.150734E-01
 4.200000E-01  3.959162E-05 -2.112507E-03  6.384637E-02  0.000000E+00  0.000000E+00  6.247380E-01  4.546247E-01
 5.250000E-01  4.084534E-05 -2.791884E-03  8.721971E-02  0.000000E+00  0.000000E+00  7.416885E-01  6.101072E-01
 6.300000E-01  4.123734E-05 -3.417364E-03  1.067511E-01  0.000000E+00  0.000000E+00  8.373287E-01  7.946648E-01
 7.350000E-01  4.135042E-05 -3.965366E-03  1.163618E-01  0.000000E+00  0.000000E+00  9.050753E-01  9.786945E-01
 8.400000E-01  4.137260E-05 -4.374250E-03  8.209495E-02  0.000000E+00  0.000000E+00  9.089542E-01  1.146692E+00
 r/a           p_alpha       p_brem        p_exch        p_i_aux       p_e_aux       p_i           p_e
               (MW)          (MW)          (MW)          (MW)          (MW)          (MW)          (MW)
 0.000000E+00  0.000000E+00 -0.000000E+00  0.000000E+00  0.000000E+00  0.000000E+00  0.000000E+00  0.000000E+00
 1.050000E-01  9.341964E-06 -2.065423E-04  5.767087E-03  0.000000E+00  0.000000E+00  7.925352E-02  4.831905E-02
 2.100000E-01  2.559524E-05 -7.308093E-04  2.054584E-02  0.000000E+00  0.000000E+00  2.693879E-01  1.696074E-01
 3.150000E-01  3.538466E-05 -1.404141E-03  4.071773E-02  0.000000E+00  0.000000E+00  4.728131E-01  3.149352E-01
 4.200000E-01  3.921356E-05 -2.110599E-03  6.396145E-02  0.000000E+00  0.000000E+00  6.248531E-01  4.545096E-01
 5.250000E-01  4.046385E-05 -2.789814E-03  8.732912E-02  0.000000E+00  0.000000E+00  7.417979E-01  6.099978E-01
 6.300000E-01  4.085524E-05 -3.415320E-03  1.068744E-01  0.000000E+00  0.000000E+00  8.374521E-01  7.945415E-01
 7.350000E-01  4.096829E-05 -3.963399E-03  1.165048E-01  0.000000E+00  0.000000E+00  9.052184E-01  9.785514E-01
 8.400000E-01  4.099047E-05 -4.372318E-03  8.224735E-02  0.000000E+00  0.000000E+00  9.091066E-01  1.146540E+00
 r/a           p_alpha       p_brem        p_exch        p_i_aux       p_e_aux       p_i           p_e
               (MW)          (MW)          (MW)          (MW)          (MW)          (MW)          (MW)
 0.000000E+00  0.000000E+00 -0.000000E+00  0.000000E+00  0.000000E+00  0.000000E+00  0.000000E+00  0.000000E+00
 1.050000E-01  9.423286E-06 -2.092271E-04  5.854073E-03  0.000000E+00  0.000000E+00  7.934051E-02  4.823206E-02
 2.100000E-01  2.574803E-05 -7.356278E-04  2.070301E-02  0.000000E+00  0.000000E+00  2.695451E-01  1.694502E-01
 3.150000E-01  3.552798E-05 -1.408341E-03  4.085374E-02  0.000000E+00  0.000000E+00  4.729491E-01  3.147992E-01
 4.200000E-01  3.935747E-05 -2.114687E-03  6.408965E-02  0.000000E+00  0.000000E+00  6.249813E-01  4.543814E-01
 5.250000E-01  4.060799E-05 -2.793839E-03  8.745468E-02  0.000000E+00  0.000000E+00  7.419234E-01  6.098723E-01
 6.300000E-01  4.099933E-05 -3.419319E-03  1.070046E-01  0.000000E+00  0.000000E+00  8.375822E-01  7.944114E-01
 7.350000E-01  4.111235E-05 -3.967380E-03  1.166436E-01  0.000000E+00  0.000000E+00  9.053572E-01  9.784126E-01
 8.400000E-01  4.113451E-05 -4.376289E-03  8.239104E-02  0.000000E+00  0.000000E+00  9.092503E-01  1.146396E+00
