 r/a            ni             ne             ti             te             ti/te          betae_unit     M=wR/cs
                (1/cm^3)       (1/cm^3)       (keV)          (keV)                                        
 0.000000E+00   3.430035E+13   3.430035E+13   1.921941E+00   2.517763E+00   7.633526E-01   4.859617E-03   6.602950E-01
 2.100000E-01   3.149377E+13   3.149377E+13   1.664878E+00   2.152813E+00   7.733501E-01   3.723024E-03   4.925230E-01
 4.200000E-01   2.535573E+13   2.535573E+13   1.150513E+00   1.477535E+00   7.786708E-01   1.955399E-03   3.189546E-01
 6.300000E-01   1.989567E+13   1.989567E+13   7.539705E-01   8.607553E-01   8.759406E-01   7.913703E-04   2.607212E-01
 8.400000E-01   1.566220E+13   1.566220E+13   4.463367E-01   3.396030E-01   1.314290E+00   1.732986E-04   2.568588E-01
 r/a            ni             ne             ti             te             ti/te          betae_unit     M=wR/cs
                (1/cm^3)       (1/cm^3)       (keV)          (keV)                                        
 0.000000E+00   3.430035E+13   3.430035E+13   2.295966E+00   2.502519E+00   9.174620E-01   4.830193E-03   6.623031E-01
 2.100000E-01   3.149377E+13   3.149377E+13   2.029923E+00   2.130991E+00   9.525725E-01   3.685284E-03   4.950385E-01
 4.200000E-01   2.535573E+13   2.535573E+13   1.380399E+00   1.468985E+00   9.396954E-01   1.944084E-03   3.198814E-01
 6.300000E-01   1.989567E+13   1.989567E+13   9.209955E-01   1.008943E+00   9.128317E-01   9.276131E-04   2.408146E-01
 8.400000E-01   1.566220E+13   1.566220E+13   4.463367E-01   3.396030E-01   1.314290E+00   1.732986E-04   2.568588E-01
 r/a            ni             ne             ti             te             ti/te          betae_unit     M=wR/cs
                (1/cm^3)       (1/cm^3)       (keV)          (keV)                                        
 0.000000E+00   3.430035E+13   3.430035E+13   2.047492E+00   2.635433E+00   7.769094E-01   5.086735E-03   6.453859E-01
 2.100000E-01   3.149377E+13   3.149377E+13   1.750192E+00   2.160043E+00   8.102577E-01   3.735527E-03   4.916981E-01
 4.200000E-01   2.535573E+13   2.535573E+13   1.251042E+00   1.540936E+00   8.118716E-01   2.039305E-03   3.123241E-01
 6.300000E-01   1.989567E+13   1.989567E+13   9.207528E-01   1.174581E+00   7.838988E-01   1.079899E-03   2.231900E-01
 8.400000E-01   1.566220E+13   1.566220E+13   4.463367E-01   3.396030E-01   1.314290E+00   1.732986E-04   2.568588E-01
 r/a            ni             ne             ti             te             ti/te          betae_unit     M=wR/cs
                (1/cm^3)       (1/cm^3)       (keV)          (keV)                                        
 0.000000E+00   3.430035E+13   3.430035E+13   1.895433E+00   2.641354E+00   7.175990E-01   5.098164E-03   6.446621E-01
 2.100000E-01   3.149377E+13   3.149377E+13   1.603781E+00   2.043905E+00   7.846652E-01   3.534681E-03   5.054746E-01
 4.200000E-01   2.535573E+13   2.535573E+13   1.194545E+00   1.490282E+00   8.015566E-01   1.972269E-03   3.175876E-01
 6.300000E-01   1.989567E+13   1.989567E+13   9.256486E-01   1.233227E+00   7.505907E-01   1.133817E-03   2.178185E-01
 8.400000E-01   1.566220E+13   1.566220E+13   4.463367E-01   3.396030E-01   1.314290E+00   1.732986E-04   2.568588E-01
 r/a            ni             ne             ti             te             ti/te          betae_unit     M=wR/cs
                (1/cm^3)       (1/cm^3)       (keV)          (keV)                                        
 0.000000E+00   3.430035E+13   3.430035E+13   1.870306E+00   2.541991E+00   7.357642E-01   4.906380E-03   6.571408E-01
 2.100000E-01   3.149377E+13   3.149377E+13   1.575606E+00   1.963193E+00   8.025734E-01   3.395099E-03   5.157607E-01
 4.200000E-01   2.535573E+13   2.535573E+13   1.182292E+00   1.460918E+00   8.092797E-01   1.933408E-03   3.207634E-01
 6.300000E-01   1.989567E+13   1.989567E+13   9.262806E-01   1.233581E+00   7.508875E-01   1.134143E-03   2.177872E-01
 8.400000E-01   1.566220E+13   1.566220E+13   4.463367E-01   3.396030E-01   1.314290E+00   1.732986E-04   2.568588E-01
 r/a            ni             ne             ti             te             ti/te          betae_unit     M=wR/cs
                (1/cm^3)       (1/cm^3)       (keV)          (keV)                                        
 0.000000E+00   3.430035E+13   3.430035E+13   1.876458E+00   2.502769E+00   7.497526E-01   4.830677E-03   6.622699E-01
 2.100000E-01   3.149377E+13   3.149377E+13   1.574826E+00   1.944689E+00   8.098083E-01   3.363099E-03   5.182086E-01
 4.200000E-01   2.535573E+13   2.535573E+13   1.179285E+00   1.458685E+00   8.084577E-01   1.930453E-03   3.210088E-01
 6.300000E-01   1.989567E+13   1.989567E+13   9.257948E-01   1.234347E+00   7.500280E-01   1.134847E-03   2.177196E-01
 8.400000E-01   1.566220E+13   1.566220E+13   4.463367E-01   3.396030E-01   1.314290E+00   1.732986E-04   2.568588E-01
 r/a            ni             ne             ti             te             ti/te          betae_unit     M=wR/cs
                (1/cm^3)       (1/cm^3)       (keV)          (keV)                                        
 0.000000E+00   3.430035E+13   3.430035E+13   1.876692E+00   2.503509E+00   7.496248E-01   4.832105E-03   6.621721E-01
 2.100000E-01   3.149377E+13   3.149377E+13   1.574832E+00   1.944557E+00   8.098667E-01   3.362871E-03   5.182262E-01
 4.200000E-01   2.535573E+13   2.535573E+13   1.179224E+00   1.458315E+00   8.086210E-01   1.929963E-03   3.210495E-01
 6.300000E-01   1.989567E+13   1.989567E+13   9.257929E-01   1.234345E+00   7.500275E-01   1.134845E-03   2.177198E-01
 8.400000E-01   1.566220E+13   1.566220E+13   4.463367E-01   3.396030E-01   1.314290E+00   1.732986E-04   2.568588E-01
 r/a            ni             ne             ti             te             ti/te          betae_unit     M=wR/cs
                (1/cm^3)       (1/cm^3)       (keV)          (keV)                                        
 0.000000E+00   3.430035E+13   3.430035E+13   1.878078E+00   2.501546E+00   7.507671E-01   4.828315E-03   6.624319E-01
 2.100000E-01   3.149377E+13   3.149377E+13   1.575328E+00   1.943861E+00   8.104119E-01   3.361666E-03   5.183190E-01
 4.200000E-01   2.535573E+13   2.535573E+13   1.179139E+00   1.458399E+00   8.085160E-01   1.930074E-03   3.210403E-01
 6.300000E-01   1.989567E+13   1.989567E+13   9.257696E-01   1.234407E+00   7.499709E-01   1.134903E-03   2.177143E-01
 8.400000E-01   1.566220E+13   1.566220E+13   4.463367E-01   3.396030E-01   1.314290E+00   1.732986E-04   2.568588E-01
 r/a            ni             ne             ti             te             ti/te          betae_unit     M=wR/cs
                (1/cm^3)       (1/cm^3)       (keV)          (keV)                                        
 0.000000E+00   3.430035E+13   3.430035E+13   1.875308E+00   2.505474E+00   7.484842E-01   4.835897E-03   6.619124E-01
 2.100000E-01   3.149377E+13   3.149377E+13   1.574336E+00   1.945254E+00   8.093219E-01   3.364076E-03   5.181334E-01
 4.200000E-01   2.535573E+13   2.535573E+13   1.179310E+00   1.458232E+00   8.087259E-01   1.929853E-03   3.210587E-01
 6.300000E-01   1.989567E+13   1.989567E+13   9.258161E-01   1.234283E+00   7.500842E-01   1.134788E-03   2.177253E-01
 8.400000E-01   1.566220E+13   1.566220E+13   4.463367E-01   3.396030E-01   1.314290E+00   1.732986E-04   2.568588E-01
 r/a            ni             ne             ti             te             ti/te          betae_unit     M=wR/cs
                (1/cm^3)       (1/cm^3)       (keV)          (keV)                                        
 0.000000E+00   3.430035E+13   3.430035E+13   1.879465E+00   2.499584E+00   7.519111E-01   4.824528E-03   6.626918E-01
 2.100000E-01   3.149377E+13   3.149377E+13   1.575824E+00   1.943164E+00   8.109575E-01   3.360462E-03   5.184119E-01
 4.200000E-01   2.535573E+13   2.535573E+13   1.179053E+00   1.458482E+00   8.084110E-01   1.930184E-03   3.210312E-01
 6.300000E-01   1.989567E+13   1.989567E+13   9.257464E-01   1.234470E+00   7.499143E-01   1.134960E-03   2.177088E-01
 8.400000E-01   1.566220E+13   1.566220E+13   4.463367E-01   3.396030E-01   1.314290E+00   1.732986E-04   2.568588E-01
 r/a            ni             ne             ti             te             ti/te          betae_unit     M=wR/cs
                (1/cm^3)       (1/cm^3)       (keV)          (keV)                                        
 0.000000E+00   3.430035E+13   3.430035E+13   1.873924E+00   2.507440E+00   7.473454E-01   4.839693E-03   6.616528E-01
 2.100000E-01   3.149377E+13   3.149377E+13   1.573841E+00   1.945951E+00   8.087774E-01   3.365281E-03   5.180406E-01
 4.200000E-01   2.535573E+13   2.535573E+13   1.179395E+00   1.458148E+00   8.088309E-01   1.929743E-03   3.210679E-01
 6.300000E-01   1.989567E+13   1.989567E+13   9.258394E-01   1.234221E+00   7.501408E-01   1.134731E-03   2.177308E-01
 8.400000E-01   1.566220E+13   1.566220E+13   4.463367E-01   3.396030E-01   1.314290E+00   1.732986E-04   2.568588E-01
