 ITERATION :   0 8.37106E+00  [   8]
 0.105000   5.922E-03  1.000E+00    2.281E-03  1.000E+00    1.044E-01  1.000E+00
 0.210000   4.832E-03  1.000E+00    3.708E-02  1.000E+00    7.848E-03  1.000E+00
 0.315000   3.320E-05  1.000E+00    1.971E-02  1.000E+00    5.148E-01  1.000E+00
 0.420000   1.554E-02  1.000E+00    1.565E-02  1.000E+00    3.070E-01  1.000E+00
 0.525000   1.114E-02  1.000E+00    7.104E-02  1.000E+00    4.374E-02  1.000E+00
 0.630000   1.636E-04  1.000E+00    1.121E-01  1.000E+00    3.135E+00  1.000E+00
 0.735000   1.238E-02  1.000E+00    3.173E-02  1.000E+00    3.776E+00  1.000E+00
 0.840000   1.456E-02  1.000E+00    6.926E-02  1.000E+00    5.854E-02  1.000E+00
 ITERATION :   1 2.71044E+00  [  48]
 0.105000   6.432E-03  5.000E-01    3.265E-03  5.000E-01    1.802E-01  5.000E-01
 0.210000   5.693E-03  1.000E+00    1.057E-01  5.000E-01    5.771E-02  1.000E+00
 0.315000   7.384E-05  5.000E-01    8.615E-02  5.000E-01    3.630E-01  5.000E-01
 0.420000   8.242E-03  5.000E-01    2.563E-02  5.000E-01    2.363E-02  5.000E-01
 0.525000   9.631E-03  1.000E+00    1.762E-01  5.000E-01    9.451E-02  1.000E+00
 0.630000   8.400E-04  5.000E-01    2.596E-01  5.000E-01    2.551E-01  1.000E+00
 0.735000   8.032E-03  5.000E-01    4.613E-02  5.000E-01    7.241E-01  1.000E+00
 0.840000   1.215E-03  5.000E-01    8.239E-03  5.000E-01    2.613E-01  5.000E-01
 ITERATION :   2 2.25183E+00  [  88]
 0.105000   1.148E-02  1.000E+00    2.565E-03  2.500E-01    6.443E-02  1.000E+00
 0.210000   8.628E-03  1.000E+00    2.232E-02  1.000E+00    1.359E-02  1.000E+00
 0.315000   9.437E-05  2.500E-01    3.320E-03  2.500E-01    3.927E-01  1.000E+00
 0.420000   1.473E-02  2.500E-01    8.441E-03  1.000E+00    1.522E-01  2.500E-01
 0.525000   1.564E-02  5.000E-01    2.470E-02  1.000E+00    1.035E-01  5.000E-01
 0.630000   4.859E-04  2.500E-01    1.496E-02  1.000E+00    4.089E-01  5.000E-01
 0.735000   2.189E-03  2.500E-01    1.710E-02  1.000E+00    7.170E-01  1.000E+00
 0.840000   1.323E-02  2.500E-01    1.228E-01  2.500E-01    1.168E-01  1.000E+00
 ITERATION :   3 1.21561E+00  [ 128]
 0.105000   5.456E-03  1.000E+00    1.825E-03  1.000E+00    5.061E-02  1.000E+00
 0.210000   4.956E-03  5.000E-01    9.280E-03  1.000E+00    4.793E-03  1.000E+00
 0.315000   5.788E-05  1.250E-01    1.912E-03  1.250E-01    7.890E-02  1.000E+00
 0.420000   1.070E-02  1.000E+00    3.596E-03  1.000E+00    1.118E-01  1.000E+00
 0.525000   9.427E-03  1.000E+00    8.767E-03  1.000E+00    5.848E-02  1.000E+00
 0.630000   3.065E-04  1.000E+00    3.019E-02  1.000E+00    3.549E-01  1.000E+00
 0.735000   3.175E-03  1.250E-01    2.907E-03  1.000E+00    2.378E-01  5.000E-01
 0.840000   9.364E-03  1.000E+00    8.093E-02  1.000E+00    1.354E-01  5.000E-01
 ITERATION :   4 5.44763E-01  [ 168]
 0.105000   1.968E-04  1.000E+00    1.032E-03  1.000E+00    3.701E-02  1.000E+00
 0.210000   4.560E-03  1.000E+00    1.181E-02  1.000E+00    2.989E-03  5.000E-01
 0.315000   1.756E-04  1.500E+00    8.822E-03  1.500E+00    6.426E-02  1.000E+00
 0.420000   1.002E-02  5.000E-01    3.447E-03  1.000E+00    3.624E-03  1.000E+00
 0.525000   9.144E-03  5.000E-01    5.585E-03  1.000E+00    2.071E-02  1.000E+00
 0.630000   3.101E-04  5.000E-01    1.235E-03  1.000E+00    1.144E-01  1.000E+00
 0.735000   2.446E-03  1.000E+00    1.574E-03  1.000E+00    1.627E-01  2.500E-01
 0.840000   7.205E-03  1.000E+00    1.666E-02  1.000E+00    5.485E-02  1.000E+00
 ITERATION :   5 2.87744E-01  [ 208]
 0.105000   1.116E-03  5.000E-01    1.383E-04  5.000E-01    2.196E-03  1.000E+00
 0.210000   3.135E-03  5.000E-01    2.236E-03  1.000E+00    6.501E-05  1.000E+00
 0.315000   1.937E-04  7.500E-01    8.993E-03  7.500E-01    2.981E-03  1.000E+00
 0.420000   3.205E-03  1.000E+00    2.474E-03  1.000E+00    7.629E-03  1.000E+00
 0.525000   4.219E-03  1.000E+00    2.755E-03  1.000E+00    4.701E-03  1.000E+00
 0.630000   6.241E-04  2.500E-01    1.827E-03  5.000E-01    4.715E-02  1.000E+00
 0.735000   4.047E-03  1.000E+00    4.856E-04  1.000E+00    1.829E-01  1.000E+00
 0.840000   2.597E-03  1.000E+00    1.519E-04  1.000E+00    1.928E-03  1.000E+00
 ITERATION :   6 2.87756E-02  [ 248]
 0.105000   9.804E-04  1.000E+00    1.412E-05  1.000E+00    4.813E-04  1.000E+00
 0.210000   1.845E-03  1.000E+00    7.808E-04  1.000E+00    1.928E-04  1.000E+00
 0.315000   7.363E-06  1.000E+00    3.358E-04  1.000E+00    2.950E-03  1.000E+00
 0.420000   6.658E-04  1.000E+00    4.540E-04  1.000E+00    1.978E-03  1.000E+00
 0.525000   2.376E-03  1.000E+00    8.759E-04  5.000E-01    4.799E-05  1.000E+00
 0.630000   9.607E-04  1.250E-01    5.872E-03  2.500E-01    1.644E-03  1.000E+00
 0.735000   3.780E-04  1.000E+00    8.769E-04  5.000E-01    1.324E-03  1.000E+00
 0.840000   5.324E-04  1.000E+00    2.832E-03  5.000E-01    3.721E-04  1.000E+00
 ITERATION :   7 2.48340E-02  [ 288]
 0.105000   1.102E-03  5.000E-01    4.339E-05  5.000E-01    3.098E-04  1.000E+00
 0.210000   1.983E-03  5.000E-01    4.022E-05  1.000E+00    1.229E-05  1.000E+00
 0.315000   1.170E-05  5.000E-01    4.484E-04  5.000E-01    8.433E-04  1.000E+00
 0.420000   1.109E-03  5.000E-01    1.272E-04  1.000E+00    6.532E-04  1.000E+00
 0.525000   6.319E-04  1.000E+00    2.717E-03  2.500E-01    2.678E-05  1.000E+00
 0.630000   7.631E-04  1.000E+00    2.246E-03  1.000E+00    4.268E-03  1.000E+00
 0.735000   3.167E-04  1.000E+00    5.360E-05  1.000E+00    5.834E-03  1.000E+00
 0.840000   7.217E-05  1.000E+00    9.871E-04  1.000E+00    2.356E-04  1.000E+00
 ITERATION :   8 1.20216E-02  [ 328]
 0.105000   1.100E-04  1.000E+00    2.905E-05  1.000E+00    1.162E-04  1.000E+00
 0.210000   5.169E-04  1.000E+00    4.997E-05  5.000E-01    5.186E-06  1.000E+00
 0.315000   3.076E-04  2.500E-01    1.959E-04  1.000E+00    1.759E-04  1.000E+00
 0.420000   6.686E-04  1.000E+00    1.017E-05  1.000E+00    3.757E-04  1.000E+00
 0.525000   9.884E-05  5.000E-01    1.941E-03  1.000E+00    2.783E-06  1.000E+00
 0.630000   2.344E-04  1.000E+00    1.367E-03  1.000E+00    2.436E-03  1.000E+00
 0.735000   4.760E-05  1.000E+00    2.566E-05  5.000E-01    2.872E-03  1.000E+00
 0.840000   4.023E-05  1.000E+00    1.255E-04  1.000E+00    2.695E-04  5.000E-01
 ITERATION :   9 3.26038E-03  [ 368]
 0.105000   5.303E-05  1.000E+00    2.128E-06  1.000E+00    3.203E-05  1.000E+00
 0.210000   1.593E-05  1.000E+00    1.695E-05  1.000E+00    4.176E-06  1.000E+00
 0.315000   2.516E-04  1.000E+00    4.430E-05  1.000E+00    1.344E-05  1.000E+00
 0.420000   2.102E-06  1.000E+00    3.223E-06  1.000E+00    1.155E-04  1.000E+00
 0.525000   6.268E-05  2.500E-01    4.476E-04  1.000E+00    1.485E-05  5.000E-01
 0.630000   1.013E-04  1.000E+00    1.771E-04  1.000E+00    1.730E-03  1.000E+00
 0.735000   7.376E-06  1.000E+00    4.739E-06  2.500E-01    2.281E-05  1.000E+00
 0.840000   5.035E-06  1.000E+00    5.663E-06  1.000E+00    1.269E-04  1.000E+00
 ITERATION :  10 2.58487E-03  [ 408]
 0.105000   2.237E-04  1.000E+00    3.247E-08  1.000E+00    1.607E-05  1.000E+00
 0.210000   5.591E-04  5.000E-01    7.930E-06  1.000E+00    1.098E-06  1.000E+00
 0.315000   6.241E-05  1.000E+00    1.167E-05  1.000E+00    1.388E-04  5.000E-01
 0.420000   1.794E-04  5.000E-01    9.658E-07  1.000E+00    8.226E-06  1.000E+00
 0.525000   1.549E-04  1.250E-01    3.797E-05  1.000E+00    9.497E-06  1.000E+00
 0.630000   9.434E-06  1.000E+00    4.761E-05  1.000E+00    9.293E-04  1.000E+00
 0.735000   7.197E-06  1.000E+00    1.844E-06  1.000E+00    3.300E-05  5.000E-01
 0.840000   7.225E-06  1.000E+00    4.325E-05  5.000E-01    9.430E-05  1.000E+00
