 0.0000E+00  0.0000E+00  0.0000E+00  0.0000E+00
-3.8753E-01  5.7516E-01  2.6184E-01  2.4618E-01
-3.3779E-01  6.2292E-01  1.1473E-01  5.8178E-02
-3.4045E-01  5.5866E-01  9.5899E-02  3.1128E-02
-3.6772E-01  5.2062E-01  8.2524E-02  3.1243E-02
-3.8947E-01  5.1931E-01  6.1218E-02  2.9616E-02
-3.9850E-01  5.2005E-01  4.2279E-02  2.6455E-02
-3.9975E-01  5.2601E-01  2.6526E-02  2.1212E-02
-3.9933E-01  5.2816E-01  1.5562E-02  1.6232E-02
-3.9763E-01  5.2920E-01  9.0569E-03  1.1340E-02
-3.9586E-01  5.2920E-01  6.0953E-03  7.4466E-03
-3.9480E-01  5.2869E-01  4.5193E-03  5.0090E-03
-3.9410E-01  5.2820E-01  3.6643E-03  4.1388E-03
-3.9380E-01  5.2787E-01  3.0057E-03  3.3773E-03
-3.9361E-01  5.2769E-01  2.4309E-03  2.6631E-03
-3.9349E-01  5.2761E-01  1.9299E-03  2.0540E-03
-3.9336E-01  5.2760E-01  1.5194E-03  1.5478E-03
-3.9324E-01  5.2761E-01  1.1785E-03  1.1646E-03
-3.9313E-01  5.2763E-01  9.0266E-04  8.7252E-04
-3.9303E-01  5.2763E-01  6.8883E-04  6.5665E-04
