 5.49116792E-17  6.09803387E-17  7.73806852E-17  9.07866150E-17  3.51220707E-11  9.11035860E-24  0.00000000E+00  0.00000000E+00
 4.82690415E-01  4.82690415E-01  9.93492229E-01  1.12275414E+00  2.59155512E+00  6.05274134E-04  2.32349348E+00  1.41471521E+00
 2.89560809E-01  2.89560809E-01  9.31460390E-01  8.96481218E-01  3.95949628E+00  9.77618598E-04  2.32457056E+00  1.62772045E+00
 1.19303409E-01  1.19303409E-01  7.96044158E-01  6.24120940E-01  4.66513107E+00  1.17539419E-03  2.21982950E+00  1.38527876E+00
 2.11960767E-02  2.11960767E-02  7.19138311E-01  4.64564280E-01  5.10289845E+00  1.32597573E-03  2.24556633E+00  1.13397478E+00
-2.09982333E-02 -2.09982333E-02  6.89995437E-01  3.88300413E-01  5.31808272E+00  1.44604658E-03  2.39588064E+00  9.96024330E-01
-2.85046465E-02 -2.85046465E-02  6.87709631E-01  3.65879509E-01  5.37540209E+00  1.54002908E-03  2.49129029E+00  9.16312208E-01
-1.98514906E-02 -1.98514906E-02  6.94522089E-01  3.68746587E-01  5.33394942E+00  1.60173030E-03  2.55356707E+00  8.97305616E-01
-8.49340633E-03 -8.49340633E-03  7.01683861E-01  3.79418416E-01  5.26550642E+00  1.64131177E-03  2.57219098E+00  9.00663190E-01
-1.64136632E-04 -1.64136632E-04  7.05966872E-01  3.88491126E-01  5.20476556E+00  1.66592755E-03  2.57298278E+00  9.11974027E-01
 4.08066778E-03  4.08066778E-03  7.07353810E-01  3.93585927E-01  5.16343766E+00  1.68123505E-03  2.56646306E+00  9.20760317E-01
 5.38841371E-03  5.38841371E-03  7.07153258E-01  3.95159491E-01  5.14058365E+00  1.69147908E-03  2.56005993E+00  9.24913825E-01
 5.17306620E-03  5.17306620E-03  7.06346386E-01  3.94675301E-01  5.12989538E+00  1.69868708E-03  2.55633205E+00  9.25467872E-01
 4.49198053E-03  4.49198053E-03  7.05586488E-01  3.93418757E-01  5.12568479E+00  1.70415844E-03  2.55505120E+00  9.24112197E-01
 3.88842706E-03  3.88842706E-03  7.05099501E-01  3.92169105E-01  5.12402718E+00  1.70843383E-03  2.55528182E+00  9.22271078E-01
 3.52662645E-03  3.52662645E-03  7.04876095E-01  3.91249984E-01  5.12294861E+00  1.71176670E-03  2.55603285E+00  9.20650250E-01
 3.38142038E-03  3.38142038E-03  7.04826520E-01  3.90694177E-01  5.12177490E+00  1.71433148E-03  2.55683110E+00  9.19517213E-01
 3.36714817E-03  3.36714817E-03  7.04858501E-01  3.90406985E-01  5.12046245E+00  1.71625902E-03  2.55743705E+00  9.18827688E-01
 3.40651953E-03  3.40651953E-03  7.04910934E-01  3.90272235E-01  5.11917144E+00  1.71768250E-03  2.55780334E+00  9.18441011E-01
 3.45184844E-03  3.45184844E-03  7.04954716E-01  3.90203961E-01  5.11805430E+00  1.71872241E-03  2.55798550E+00  9.18219152E-01
