 3.08266089E-18  3.81033505E-18  6.35245598E-13  0.00000000E+00
-1.62393157E-17  4.84006743E-01  1.34349057E-12  2.93548558E-01
 1.53606602E-16  8.92304367E-01  2.11878566E-12  5.28880455E-01
 2.05571508E-16  1.19310731E+00  2.83060948E-12  6.91625915E-01
 7.65525790E-17  1.39504010E+00  3.48335328E-12  7.93340516E-01
-9.87391954E-17  1.52241351E+00  4.02932583E-12  8.53670190E-01
 1.10719629E-16  1.59822889E+00  4.44408883E-12  8.87863348E-01
-8.81908117E-17  1.63977989E+00  4.72581094E-12  9.05196182E-01
 1.72225515E-16  1.65934342E+00  4.87574244E-12  9.11513362E-01
-2.62322716E-16  1.66542500E+00  4.90612786E-12  9.10948703E-01
-1.99981091E-16  1.66375973E+00  4.83632748E-12  9.06405368E-01
-1.47966491E-16  1.65815461E+00  4.68074606E-12  8.99941853E-01
-2.19279889E-17  1.65105463E+00  4.45252337E-12  8.93113774E-01
 1.28830323E-16  1.64388017E+00  4.16662520E-12  8.86932960E-01
-7.31294365E-17  1.63735120E+00  3.83371218E-12  8.81868782E-01
 7.27951409E-17  1.63177968E+00  3.45786755E-12  8.78062937E-01
-9.17235038E-17  1.62724239E+00  3.04172716E-12  8.75490679E-01
-6.67326437E-17  1.62367049E+00  2.59328793E-12  8.74018179E-01
 6.05255863E-17  1.62090461E+00  2.13007580E-12  8.73439314E-01
-1.86663474E-17  1.61873135E+00  1.67662777E-12  8.73503296E-01
-2.40774197E-16  1.61691799E+00  1.25508406E-12  8.73932936E-01
 1.44018189E-16  1.61525534E+00  8.75255105E-13  8.74454806E-01
 1.45102391E-16  1.61359976E+00  5.31059820E-13  8.74847909E-01
-1.57751416E-16  1.61189527E+00  2.05937499E-13  8.74985182E-01
-4.04588111E-17  1.61016674E+00 -1.17143353E-13  8.74841094E-01
 7.41413586E-17  1.60849142E+00 -4.47097331E-13  8.74466931E-01
 1.20328371E-16  1.60696343E+00 -7.81966932E-13  8.73952860E-01
-1.94704640E-16  1.60566381E+00 -1.11159307E-12  8.73393291E-01
 4.64761331E-17  1.60464286E+00 -1.42322087E-12  8.72864168E-01
-1.15666302E-16  1.60391564E+00 -1.70639599E-12  8.72414116E-01
 2.54606810E-17  1.60346697E+00 -1.95555024E-12  8.72066123E-01
 3.93203988E-17  1.60326042E+00 -2.16993359E-12  8.71824044E-01
-1.21277048E-16  1.60324760E+00 -2.35228768E-12  8.71679323E-01
