 5.22355207E+02
 5.22355207E+02
 5.25318191E+02
 5.32368276E+02
 5.42639642E+02
 5.54325860E+02
 5.65844649E+02
 5.76367781E+02
 5.85618918E+02
 5.93672362E+02
 6.00790466E+02
 6.07211594E+02
 6.13023840E+02
 6.18232101E+02
 6.22861102E+02
 6.26965849E+02
 6.30603015E+02
 6.33815425E+02
 6.36627878E+02
 6.39052466E+02
 6.41100724E+02
 6.42793008E+02
 6.44160061E+02
 6.45240273E+02
 6.46077065E+02
 6.46716064E+02
 6.47200448E+02
 6.47566012E+02
 6.47838699E+02
 6.48035389E+02
 6.48166716E+02
 6.48240243E+02
 6.48262826E+02
