     0  0.0000E+00
     1  1.7000E-02
     2  3.4000E-02
     3  5.1000E-02
     4  6.8000E-02
     5  8.5000E-02
     6  1.0200E-01
     7  1.1900E-01
     8  1.3600E-01
     9  1.5300E-01
    10  1.7000E-01
    11  1.8700E-01
    12  2.0400E-01
    13  2.2100E-01
    14  2.3800E-01
    15  2.5500E-01
    16  2.7200E-01
    17  2.8900E-01
    18  3.0600E-01
    19  3.2300E-01
    20  3.4000E-01
    21  3.5700E-01
    22  3.7400E-01
    23  3.9100E-01
    24  4.0800E-01
    25  4.2500E-01
    26  4.4200E-01
    27  4.5900E-01
    28  4.7600E-01
    29  4.9300E-01
    30  5.1000E-01
    31  5.2700E-01
    32  5.4400E-01
