 0.0000E+00  0.0000E+00
 5.5663E-03  4.6382E-02
 3.8530E-03  2.6060E-02
 2.7445E-03  2.1595E-02
 2.1967E-03  1.9873E-02
 1.9099E-03  1.9143E-02
 1.7210E-03  1.8606E-02
 1.6184E-03  1.8308E-02
 1.5547E-03  1.8147E-02
 1.5202E-03  1.8104E-02
 1.5045E-03  1.8179E-02
 1.5001E-03  1.8325E-02
 1.5037E-03  1.8519E-02
 1.5106E-03  1.8709E-02
 1.5196E-03  1.8880E-02
 1.5284E-03  1.9011E-02
 1.5364E-03  1.9101E-02
 1.5428E-03  1.9153E-02
 1.5473E-03  1.9174E-02
 1.5502E-03  1.9172E-02
 1.5517E-03  1.9156E-02
 1.5521E-03  1.9131E-02
 1.5518E-03  1.9105E-02
 1.5510E-03  1.9082E-02
 1.5501E-03  1.9062E-02
