 0.0000E+00  0.0000E+00  0.0000E+00  0.0000E+00
-3.3465E-01  3.9211E-01  2.5764E-01  2.8031E-01
-2.2323E-01  4.7506E-01  1.0699E-01  1.3239E-01
-1.5762E-01  4.2586E-01  7.0619E-02  7.3170E-02
-1.5618E-01  3.7960E-01  4.4673E-02  4.0282E-02
-1.7002E-01  3.5566E-01  3.2951E-02  2.9348E-02
-1.7443E-01  3.3309E-01  2.2673E-02  2.3045E-02
-1.8463E-01  3.2570E-01  1.9291E-02  2.3560E-02
-1.9343E-01  3.1576E-01  1.9353E-02  1.9036E-02
-2.0147E-01  3.1194E-01  1.6340E-02  1.5927E-02
-2.0847E-01  3.1131E-01  1.4612E-02  1.3042E-02
-2.1404E-01  3.1194E-01  1.2984E-02  1.0217E-02
-2.1800E-01  3.1442E-01  1.0674E-02  9.0536E-03
-2.2036E-01  3.1692E-01  7.5122E-03  8.8952E-03
-2.2144E-01  3.1943E-01  4.9543E-03  7.8230E-03
-2.2147E-01  3.2171E-01  3.1907E-03  6.1889E-03
-2.2096E-01  3.2342E-01  2.5553E-03  4.6554E-03
-2.2006E-01  3.2458E-01  2.8884E-03  3.5128E-03
-2.1909E-01  3.2521E-01  2.7957E-03  2.2975E-03
-2.1819E-01  3.2544E-01  2.4406E-03  1.3931E-03
-2.1747E-01  3.2539E-01  1.9512E-03  8.6380E-04
-2.1693E-01  3.2517E-01  1.5166E-03  7.8154E-04
-2.1658E-01  3.2486E-01  1.0838E-03  9.1696E-04
-2.1639E-01  3.2455E-01  6.9507E-04  8.8015E-04
-2.1634E-01  3.2426E-01  4.0356E-04  7.4912E-04
