 7.84884909E-17  8.43944396E-17  1.11537344E-16  1.25645301E-16 -3.78050883E-11 -2.17687259E-23  0.00000000E+00  0.00000000E+00
 4.40988855E-01  4.40988855E-01  1.11562194E+00  1.12792651E+00 -3.59908337E-06  3.58506928E-07  1.69182083E+00  8.92164675E-01
 3.67924330E-01  3.67924330E-01  1.36008283E+00  1.17589072E+00 -3.28411804E-06  5.68279806E-07  1.83312421E+00  1.12328138E+00
 2.33834893E-01  2.33834893E-01  1.39102196E+00  1.01473448E+00 -1.82913594E-06  5.34047899E-07  1.65264933E+00  1.05306933E+00
 1.26388867E-01  1.26388867E-01  1.39774625E+00  8.78892470E-01 -1.89802230E-06  5.93931263E-07  1.49454717E+00  9.52763244E-01
 4.74109665E-02  4.74109665E-02  1.40465691E+00  7.72934613E-01 -1.51880226E-06  5.95420824E-07  1.43953213E+00  8.70218966E-01
-1.13322046E-02 -1.13322046E-02  1.41575147E+00  6.94116314E-01 -1.85257348E-06  5.66674888E-07  1.40042267E+00  7.75038335E-01
-5.21444119E-02 -5.21444119E-02  1.43241799E+00  6.31240734E-01 -1.83691187E-06  5.13584798E-07  1.41697901E+00  7.10436934E-01
-7.92259628E-02 -7.92259628E-02  1.45392953E+00  5.83522383E-01 -2.12914160E-06  4.72161762E-07  1.42610759E+00  6.47054634E-01
-9.47914272E-02 -9.47914272E-02  1.47729248E+00  5.48193854E-01 -2.22347532E-06  4.23216111E-07  1.44737979E+00  6.00076281E-01
-1.00924212E-01 -1.00924212E-01  1.50038253E+00  5.23863253E-01 -2.24007894E-06  3.76392763E-07  1.47615763E+00  5.69077446E-01
-1.00096113E-01 -1.00096113E-01  1.52101378E+00  5.09857439E-01 -2.39373239E-06  3.40994789E-07  1.50232148E+00  5.50109898E-01
-9.44547845E-02 -9.44547845E-02  1.53779001E+00  5.04443973E-01 -2.52168371E-06  3.16747757E-07  1.52612726E+00  5.42721102E-01
-8.62882415E-02 -8.62882415E-02  1.54988607E+00  5.05836302E-01 -2.56714854E-06  3.03105468E-07  1.54363325E+00  5.43389389E-01
-7.74622143E-02 -7.74622143E-02  1.55733678E+00  5.11661947E-01 -2.62136140E-06  2.98517324E-07  1.55590991E+00  5.49679303E-01
-6.93780845E-02 -6.93780845E-02  1.56065289E+00  5.19670149E-01 -2.62376251E-06  3.01131292E-07  1.56343962E+00  5.58982457E-01
-6.28253871E-02 -6.28253871E-02  1.56082524E+00  5.28019282E-01 -2.64906328E-06  3.07382864E-07  1.56661983E+00  5.68837343E-01
-5.81172735E-02 -5.81172735E-02  1.55891856E+00  5.35469465E-01 -2.63835501E-06  3.15632852E-07  1.56643381E+00  5.77693855E-01
-5.52048326E-02 -5.52048326E-02  1.55594925E+00  5.41401799E-01 -2.62525999E-06  3.23493943E-07  1.56424383E+00  5.84769245E-01
-5.37966734E-02 -5.37966734E-02  1.55265409E+00  5.45591761E-01 -2.61621890E-06  3.30326842E-07  1.56122716E+00  5.89853516E-01
-5.35111664E-02 -5.35111664E-02  1.54958824E+00  5.48143038E-01 -2.60322798E-06  3.35349333E-07  1.55798069E+00  5.92999704E-01
-5.39642014E-02 -5.39642014E-02  1.54705158E+00  5.49330455E-01 -2.59614604E-06  3.38697469E-07  1.55501101E+00  5.94530307E-01
-5.48232878E-02 -5.48232878E-02  1.54516451E+00  5.49507582E-01 -2.58967849E-06  3.40428710E-07  1.55261412E+00  5.94866934E-01
-5.58303410E-02 -5.58303410E-02  1.54392118E+00  5.49026994E-01 -2.58640287E-06  3.40939545E-07  1.55083156E+00  5.94388665E-01
-5.68045328E-02 -5.68045328E-02  1.54323573E+00  5.48193860E-01 -2.58549816E-06  3.40619342E-07  1.54970611E+00  5.93479346E-01
