 6.2308E+00
-2.9948E-15
-1.1466E+00
 0.0000E+00
-1.2373E-16
-1.1937E+00
 1.1857E+00
 9.8976E-01
 1.0000E+00
 1.1857E+00
-2.6495E+00
 5.6188E+00
-3.0675E-01
-1.0980E+00
 0.0000E+00
-2.6142E-01
-1.1450E+00
 1.1777E+00
 9.8976E-01
 1.0000E+00
 1.1777E+00
-2.3179E+00
 5.0148E+00
-5.8107E-01
-9.6018E-01
 0.0000E+00
-5.0495E-01
-1.0066E+00
 1.1550E+00
 9.8976E-01
 1.0000E+00
 1.1550E+00
-2.0199E+00
 4.4257E+00
-7.9730E-01
-7.5179E-01
 0.0000E+00
-7.1407E-01
-7.9751E-01
 1.1207E+00
 9.8976E-01
 1.0000E+00
 1.1207E+00
-1.7518E+00
 3.8564E+00
-9.4018E-01
-4.9816E-01
 0.0000E+00
-8.7460E-01
-5.4298E-01
 1.0789E+00
 9.8976E-01
 1.0000E+00
 1.0789E+00
-1.5091E+00
 3.3097E+00
-1.0052E+00
-2.2559E-01
 0.0000E+00
-9.7565E-01
-2.6944E-01
 1.0340E+00
 9.8976E-01
 1.0000E+00
 1.0340E+00
-1.2870E+00
 2.7862E+00
-9.9645E-01
 4.2891E-02
 0.0000E+00
-1.0103E+00
-1.9568E-15
 9.8976E-01
 9.8976E-01
 1.0000E+00
 9.8976E-01
-1.0808E+00
 2.2849E+00
-9.2281E-01
 2.8919E-01
 0.0000E+00
-9.7565E-01
 2.4718E-01
 9.4918E-01
 9.8976E-01
 1.0000E+00
 9.4918E-01
-8.8674E-01
 1.8031E+00
-7.9683E-01
 5.0118E-01
 0.0000E+00
-8.7460E-01
 4.5992E-01
 9.1426E-01
 9.8976E-01
 1.0000E+00
 9.1426E-01
-7.0124E-01
 1.3377E+00
-6.3066E-01
 6.7118E-01
 0.0000E+00
-7.1407E-01
 6.3053E-01
 8.8625E-01
 9.8976E-01
 1.0000E+00
 8.8625E-01
-5.2164E-01
 8.8470E-01
-4.3572E-01
 7.9480E-01
 0.0000E+00
-5.0495E-01
 7.5458E-01
 8.6588E-01
 9.8976E-01
 1.0000E+00
 8.6588E-01
-3.4589E-01
 4.4021E-01
-2.2236E-01
 8.6974E-01
 0.0000E+00
-2.6142E-01
 8.2979E-01
 8.5354E-01
 9.8976E-01
 1.0000E+00
 8.5354E-01
-1.7242E-01
 7.4662E-15
-7.9797E-15
 8.9497E-01
 0.0000E+00
-4.0384E-15
 8.5512E-01
 8.4938E-01
 9.8976E-01
 1.0000E+00
 8.4938E-01
-2.9213E-15
-4.4021E-01
 2.2236E-01
 8.6974E-01
 0.0000E+00
 2.6142E-01
 8.2979E-01
 8.5354E-01
 9.8976E-01
 1.0000E+00
 8.5354E-01
 1.7242E-01
-8.8470E-01
 4.3572E-01
 7.9480E-01
 0.0000E+00
 5.0495E-01
 7.5458E-01
 8.6588E-01
 9.8976E-01
 1.0000E+00
 8.6588E-01
 3.4589E-01
-1.3377E+00
 6.3066E-01
 6.7118E-01
 0.0000E+00
 7.1407E-01
 6.3053E-01
 8.8625E-01
 9.8976E-01
 1.0000E+00
 8.8625E-01
 5.2164E-01
-1.8031E+00
 7.9683E-01
 5.0118E-01
 0.0000E+00
 8.7460E-01
 4.5992E-01
 9.1426E-01
 9.8976E-01
 1.0000E+00
 9.1426E-01
 7.0124E-01
-2.2849E+00
 9.2281E-01
 2.8919E-01
 0.0000E+00
 9.7565E-01
 2.4718E-01
 9.4918E-01
 9.8976E-01
 1.0000E+00
 9.4918E-01
 8.8674E-01
-2.7862E+00
 9.9645E-01
 4.2891E-02
 0.0000E+00
 1.0103E+00
 6.6266E-15
 9.8976E-01
 9.8976E-01
 1.0000E+00
 9.8976E-01
 1.0808E+00
-3.3097E+00
 1.0052E+00
-2.2559E-01
 0.0000E+00
 9.7565E-01
-2.6944E-01
 1.0340E+00
 9.8976E-01
 1.0000E+00
 1.0340E+00
 1.2870E+00
-3.8564E+00
 9.4018E-01
-4.9816E-01
 0.0000E+00
 8.7460E-01
-5.4298E-01
 1.0789E+00
 9.8976E-01
 1.0000E+00
 1.0789E+00
 1.5091E+00
-4.4257E+00
 7.9730E-01
-7.5179E-01
 0.0000E+00
 7.1407E-01
-7.9751E-01
 1.1207E+00
 9.8976E-01
 1.0000E+00
 1.1207E+00
 1.7518E+00
-5.0148E+00
 5.8107E-01
-9.6018E-01
 0.0000E+00
 5.0495E-01
-1.0066E+00
 1.1550E+00
 9.8976E-01
 1.0000E+00
 1.1550E+00
 2.0199E+00
-5.6188E+00
 3.0675E-01
-1.0980E+00
 0.0000E+00
 2.6142E-01
-1.1450E+00
 1.1777E+00
 9.8976E-01
 1.0000E+00
 1.1777E+00
 2.3179E+00
 6.2483E+00
 4.4774E-15
-1.1474E+00
 0.0000E+00
-1.2374E-16
-1.1944E+00
 1.1863E+00
 9.8968E-01
 1.0000E+00
 1.1863E+00
-2.6482E+00
 5.6342E+00
-3.0692E-01
-1.0987E+00
 0.0000E+00
-2.6144E-01
-1.1456E+00
 1.1783E+00
 9.8968E-01
 1.0000E+00
 1.1783E+00
-2.3164E+00
 5.0283E+00
-5.8134E-01
-9.6076E-01
 0.0000E+00
-5.0499E-01
-1.0071E+00
 1.1555E+00
 9.8968E-01
 1.0000E+00
 1.1555E+00
-2.0183E+00
 4.4373E+00
-7.9760E-01
-7.5220E-01
 0.0000E+00
-7.1412E-01
-7.9781E-01
 1.1210E+00
 9.8968E-01
 1.0000E+00
 1.1210E+00
-1.7502E+00
 3.8664E+00
-9.4042E-01
-4.9841E-01
 0.0000E+00
-8.7467E-01
-5.4312E-01
 1.0791E+00
 9.8968E-01
 1.0000E+00
 1.0791E+00
-1.5075E+00
 3.3181E+00
-1.0053E+00
-2.2574E-01
 0.0000E+00
-9.7573E-01
-2.6947E-01
 1.0340E+00
 9.8968E-01
 1.0000E+00
 1.0340E+00
-1.2855E+00
 2.7931E+00
-9.9645E-01
 4.2777E-02
 0.0000E+00
-1.0104E+00
-1.9568E-15
 9.8968E-01
 9.8968E-01
 1.0000E+00
 9.8968E-01
-1.0795E+00
 2.2904E+00
-9.2270E-01
 2.8905E-01
 0.0000E+00
-9.7573E-01
 2.4715E-01
 9.4900E-01
 9.8968E-01
 1.0000E+00
 9.4900E-01
-8.8555E-01
 1.8074E+00
-7.9666E-01
 5.0097E-01
 0.0000E+00
-8.7467E-01
 4.5982E-01
 9.1399E-01
 9.8968E-01
 1.0000E+00
 9.1399E-01
-7.0025E-01
 1.3408E+00
-6.3048E-01
 6.7088E-01
 0.0000E+00
-7.1412E-01
 6.3034E-01
 8.8592E-01
 9.8968E-01
 1.0000E+00
 8.8592E-01
-5.2088E-01
 8.8677E-01
-4.3557E-01
 7.9442E-01
 0.0000E+00
-5.0499E-01
 7.5432E-01
 8.6551E-01
 9.8968E-01
 1.0000E+00
 8.6551E-01
-3.4537E-01
 4.4124E-01
-2.2227E-01
 8.6930E-01
 0.0000E+00
-2.6144E-01
 8.2947E-01
 8.5314E-01
 9.8968E-01
 1.0000E+00
 8.5314E-01
-1.7216E-01
 7.4801E-15
-4.8364E-15
 8.9452E-01
 0.0000E+00
-4.0384E-15
 8.5478E-01
 8.4897E-01
 9.8968E-01
 1.0000E+00
 8.4897E-01
-2.9213E-15
-4.4124E-01
 2.2227E-01
 8.6930E-01
 0.0000E+00
 2.6144E-01
 8.2947E-01
 8.5314E-01
 9.8968E-01
 1.0000E+00
 8.5314E-01
 1.7216E-01
-8.8677E-01
 4.3557E-01
 7.9442E-01
 0.0000E+00
 5.0499E-01
 7.5432E-01
 8.6551E-01
 9.8968E-01
 1.0000E+00
 8.6551E-01
 3.4537E-01
-1.3408E+00
 6.3048E-01
 6.7088E-01
 0.0000E+00
 7.1412E-01
 6.3034E-01
 8.8592E-01
 9.8968E-01
 1.0000E+00
 8.8592E-01
 5.2088E-01
-1.8074E+00
 7.9666E-01
 5.0097E-01
 0.0000E+00
 8.7467E-01
 4.5982E-01
 9.1399E-01
 9.8968E-01
 1.0000E+00
 9.1399E-01
 7.0025E-01
-2.2904E+00
 9.2270E-01
 2.8905E-01
 0.0000E+00
 9.7573E-01
 2.4715E-01
 9.4900E-01
 9.8968E-01
 1.0000E+00
 9.4900E-01
 8.8555E-01
-2.7931E+00
 9.9645E-01
 4.2777E-02
 0.0000E+00
 1.0104E+00
 6.6266E-15
 9.8968E-01
 9.8968E-01
 1.0000E+00
 9.8968E-01
 1.0795E+00
-3.3181E+00
 1.0053E+00
-2.2574E-01
 0.0000E+00
 9.7573E-01
-2.6947E-01
 1.0340E+00
 9.8968E-01
 1.0000E+00
 1.0340E+00
 1.2855E+00
-3.8664E+00
 9.4042E-01
-4.9841E-01
 0.0000E+00
 8.7467E-01
-5.4312E-01
 1.0791E+00
 9.8968E-01
 1.0000E+00
 1.0791E+00
 1.5075E+00
-4.4373E+00
 7.9760E-01
-7.5220E-01
 0.0000E+00
 7.1412E-01
-7.9781E-01
 1.1210E+00
 9.8968E-01
 1.0000E+00
 1.1210E+00
 1.7502E+00
-5.0283E+00
 5.8134E-01
-9.6076E-01
 0.0000E+00
 5.0499E-01
-1.0071E+00
 1.1555E+00
 9.8968E-01
 1.0000E+00
 1.1555E+00
 2.0183E+00
-5.6342E+00
 3.0692E-01
-1.0987E+00
 0.0000E+00
 2.6144E-01
-1.1456E+00
 1.1783E+00
 9.8968E-01
 1.0000E+00
 1.1783E+00
 2.3164E+00
 6.2657E+00
-4.4628E-15
-1.1482E+00
 0.0000E+00
-1.2375E-16
-1.1951E+00
 1.1869E+00
 9.8961E-01
 1.0000E+00
 1.1869E+00
-2.6470E+00
 5.6497E+00
-3.0708E-01
-1.0995E+00
 0.0000E+00
-2.6146E-01
-1.1462E+00
 1.1788E+00
 9.8961E-01
 1.0000E+00
 1.1788E+00
-2.3149E+00
 5.0418E+00
-5.8161E-01
-9.6135E-01
 0.0000E+00
-5.0503E-01
-1.0076E+00
 1.1559E+00
 9.8961E-01
 1.0000E+00
 1.1559E+00
-2.0167E+00
 4.4490E+00
-7.9789E-01
-7.5260E-01
 0.0000E+00
-7.1418E-01
-7.9810E-01
 1.1213E+00
 9.8961E-01
 1.0000E+00
 1.1213E+00
-1.7486E+00
 3.8763E+00
-9.4066E-01
-4.9866E-01
 0.0000E+00
-8.7474E-01
-5.4326E-01
 1.0793E+00
 9.8961E-01
 1.0000E+00
 1.0793E+00
-1.5059E+00
 3.3264E+00
-1.0055E+00
-2.2589E-01
 0.0000E+00
-9.7580E-01
-2.6951E-01
 1.0341E+00
 9.8961E-01
 1.0000E+00
 1.0341E+00
-1.2840E+00
 2.7999E+00
-9.9645E-01
 4.2665E-02
 0.0000E+00
-1.0105E+00
-1.9568E-15
 9.8961E-01
 9.8961E-01
 1.0000E+00
 9.8961E-01
-1.0781E+00
 2.2960E+00
-9.2259E-01
 2.8891E-01
 0.0000E+00
-9.7580E-01
 2.4712E-01
 9.4882E-01
 9.8961E-01
 1.0000E+00
 9.4882E-01
-8.8436E-01
 1.8117E+00
-7.9648E-01
 5.0076E-01
 0.0000E+00
-8.7474E-01
 4.5972E-01
 9.1372E-01
 9.8961E-01
 1.0000E+00
 9.1372E-01
-6.9926E-01
 1.3440E+00
-6.3029E-01
 6.7059E-01
 0.0000E+00
-7.1418E-01
 6.3016E-01
 8.8559E-01
 9.8961E-01
 1.0000E+00
 8.8559E-01
-5.2012E-01
 8.8884E-01
-4.3542E-01
 7.9404E-01
 0.0000E+00
-5.0503E-01
 7.5405E-01
 8.6514E-01
 9.8961E-01
 1.0000E+00
 8.6514E-01
-3.4486E-01
 4.4226E-01
-2.2219E-01
 8.6887E-01
 0.0000E+00
-2.6146E-01
 8.2915E-01
 8.5274E-01
 9.8961E-01
 1.0000E+00
 8.5274E-01
-1.7190E-01
 7.4940E-15
-1.7139E-15
 8.9407E-01
 0.0000E+00
-4.0384E-15
 8.5444E-01
 8.4857E-01
 9.8961E-01
 1.0000E+00
 8.4857E-01
-2.9143E-15
-4.4226E-01
 2.2219E-01
 8.6887E-01
 0.0000E+00
 2.6146E-01
 8.2915E-01
 8.5274E-01
 9.8961E-01
 1.0000E+00
 8.5274E-01
 1.7190E-01
-8.8884E-01
 4.3542E-01
 7.9404E-01
 0.0000E+00
 5.0503E-01
 7.5405E-01
 8.6514E-01
 9.8961E-01
 1.0000E+00
 8.6514E-01
 3.4486E-01
-1.3440E+00
 6.3029E-01
 6.7059E-01
 0.0000E+00
 7.1418E-01
 6.3016E-01
 8.8559E-01
 9.8961E-01
 1.0000E+00
 8.8559E-01
 5.2012E-01
-1.8117E+00
 7.9648E-01
 5.0076E-01
 0.0000E+00
 8.7474E-01
 4.5972E-01
 9.1372E-01
 9.8961E-01
 1.0000E+00
 9.1372E-01
 6.9926E-01
-2.2960E+00
 9.2259E-01
 2.8891E-01
 0.0000E+00
 9.7580E-01
 2.4712E-01
 9.4882E-01
 9.8961E-01
 1.0000E+00
 9.4882E-01
 8.8436E-01
-2.7999E+00
 9.9645E-01
 4.2665E-02
 0.0000E+00
 1.0105E+00
 6.6266E-15
 9.8961E-01
 9.8961E-01
 1.0000E+00
 9.8961E-01
 1.0781E+00
-3.3264E+00
 1.0055E+00
-2.2589E-01
 0.0000E+00
 9.7580E-01
-2.6951E-01
 1.0341E+00
 9.8961E-01
 1.0000E+00
 1.0341E+00
 1.2840E+00
-3.8763E+00
 9.4066E-01
-4.9866E-01
 0.0000E+00
 8.7474E-01
-5.4326E-01
 1.0793E+00
 9.8961E-01
 1.0000E+00
 1.0793E+00
 1.5059E+00
-4.4490E+00
 7.9789E-01
-7.5260E-01
 0.0000E+00
 7.1418E-01
-7.9810E-01
 1.1213E+00
 9.8961E-01
 1.0000E+00
 1.1213E+00
 1.7486E+00
-5.0418E+00
 5.8161E-01
-9.6135E-01
 0.0000E+00
 5.0503E-01
-1.0076E+00
 1.1559E+00
 9.8961E-01
 1.0000E+00
 1.1559E+00
 2.0167E+00
-5.6497E+00
 3.0708E-01
-1.0995E+00
 0.0000E+00
 2.6146E-01
-1.1462E+00
 1.1788E+00
 9.8961E-01
 1.0000E+00
 1.1788E+00
 2.3149E+00
 6.2832E+00
 2.9656E-15
-1.1489E+00
 0.0000E+00
-1.2376E-16
-1.1957E+00
 1.1874E+00
 9.8953E-01
 1.0000E+00
 1.1874E+00
-2.6457E+00
 5.6651E+00
-3.0724E-01
-1.1002E+00
 0.0000E+00
-2.6148E-01
-1.1468E+00
 1.1793E+00
 9.8953E-01
 1.0000E+00
 1.1793E+00
-2.3135E+00
 5.0553E+00
-5.8188E-01
-9.6193E-01
 0.0000E+00
-5.0507E-01
-1.0081E+00
 1.1564E+00
 9.8953E-01
 1.0000E+00
 1.1564E+00
-2.0151E+00
 4.4606E+00
-7.9819E-01
-7.5301E-01
 0.0000E+00
-7.1424E-01
-7.9840E-01
 1.1217E+00
 9.8953E-01
 1.0000E+00
 1.1217E+00
-1.7469E+00
 3.8862E+00
-9.4089E-01
-4.9891E-01
 0.0000E+00
-8.7481E-01
-5.4339E-01
 1.0795E+00
 9.8953E-01
 1.0000E+00
 1.0795E+00
-1.5043E+00
 3.3347E+00
-1.0056E+00
-2.2603E-01
 0.0000E+00
-9.7588E-01
-2.6954E-01
 1.0341E+00
 9.8953E-01
 1.0000E+00
 1.0341E+00
-1.2825E+00
 2.8068E+00
-9.9645E-01
 4.2553E-02
 0.0000E+00
-1.0106E+00
-1.9568E-15
 9.8953E-01
 9.8953E-01
 1.0000E+00
 9.8953E-01
-1.0767E+00
 2.3015E+00
-9.2249E-01
 2.8877E-01
 0.0000E+00
-9.7588E-01
 2.4709E-01
 9.4863E-01
 9.8953E-01
 1.0000E+00
 9.4863E-01
-8.8317E-01
 1.8160E+00
-7.9631E-01
 5.0055E-01
 0.0000E+00
-8.7481E-01
 4.5963E-01
 9.1346E-01
 9.8953E-01
 1.0000E+00
 9.1346E-01
-6.9828E-01
 1.3471E+00
-6.3011E-01
 6.7029E-01
 0.0000E+00
-7.1424E-01
 6.2997E-01
 8.8526E-01
 9.8953E-01
 1.0000E+00
 8.8526E-01
-5.1936E-01
 8.9091E-01
-4.3526E-01
 7.9367E-01
 0.0000E+00
-5.0507E-01
 7.5379E-01
 8.6477E-01
 9.8953E-01
 1.0000E+00
 8.6477E-01
-3.4434E-01
 4.4328E-01
-2.2210E-01
 8.6844E-01
 0.0000E+00
-2.6148E-01
 8.2883E-01
 8.5235E-01
 9.8953E-01
 1.0000E+00
 8.5235E-01
-1.7163E-01
 7.5079E-15
-1.7208E-15
 8.9362E-01
 0.0000E+00
-4.0384E-15
 8.5410E-01
 8.4817E-01
 9.8953E-01
 1.0000E+00
 8.4817E-01
-2.9074E-15
-4.4328E-01
 2.2210E-01
 8.6844E-01
 0.0000E+00
 2.6148E-01
 8.2883E-01
 8.5235E-01
 9.8953E-01
 1.0000E+00
 8.5235E-01
 1.7163E-01
-8.9091E-01
 4.3526E-01
 7.9367E-01
 0.0000E+00
 5.0507E-01
 7.5379E-01
 8.6477E-01
 9.8953E-01
 1.0000E+00
 8.6477E-01
 3.4434E-01
-1.3471E+00
 6.3011E-01
 6.7029E-01
 0.0000E+00
 7.1424E-01
 6.2997E-01
 8.8526E-01
 9.8953E-01
 1.0000E+00
 8.8526E-01
 5.1936E-01
-1.8160E+00
 7.9631E-01
 5.0055E-01
 0.0000E+00
 8.7481E-01
 4.5963E-01
 9.1346E-01
 9.8953E-01
 1.0000E+00
 9.1346E-01
 6.9828E-01
-2.3015E+00
 9.2249E-01
 2.8877E-01
 0.0000E+00
 9.7588E-01
 2.4709E-01
 9.4863E-01
 9.8953E-01
 1.0000E+00
 9.4863E-01
 8.8317E-01
-2.8068E+00
 9.9645E-01
 4.2553E-02
 0.0000E+00
 1.0106E+00
 6.6266E-15
 9.8953E-01
 9.8953E-01
 1.0000E+00
 9.8953E-01
 1.0767E+00
-3.3347E+00
 1.0056E+00
-2.2603E-01
 0.0000E+00
 9.7588E-01
-2.6954E-01
 1.0341E+00
 9.8953E-01
 1.0000E+00
 1.0341E+00
 1.2825E+00
-3.8862E+00
 9.4089E-01
-4.9891E-01
 0.0000E+00
 8.7481E-01
-5.4339E-01
 1.0795E+00
 9.8953E-01
 1.0000E+00
 1.0795E+00
 1.5043E+00
-4.4606E+00
 7.9819E-01
-7.5301E-01
 0.0000E+00
 7.1424E-01
-7.9840E-01
 1.1217E+00
 9.8953E-01
 1.0000E+00
 1.1217E+00
 1.7469E+00
-5.0553E+00
 5.8188E-01
-9.6193E-01
 0.0000E+00
 5.0507E-01
-1.0081E+00
 1.1564E+00
 9.8953E-01
 1.0000E+00
 1.1564E+00
 2.0151E+00
-5.6651E+00
 3.0724E-01
-1.1002E+00
 0.0000E+00
 2.6148E-01
-1.1468E+00
 1.1793E+00
 9.8953E-01
 1.0000E+00
 1.1793E+00
 2.3135E+00
 6.3006E+00
-5.9118E-15
-1.1497E+00
 0.0000E+00
-1.2377E-16
-1.1964E+00
 1.1880E+00
 9.8945E-01
 1.0000E+00
 1.1880E+00
-2.6444E+00
 5.6806E+00
-3.0741E-01
-1.1009E+00
 0.0000E+00
-2.6150E-01
-1.1474E+00
 1.1799E+00
 9.8945E-01
 1.0000E+00
 1.1799E+00
-2.3120E+00
 5.0688E+00
-5.8215E-01
-9.6251E-01
 0.0000E+00
-5.0511E-01
-1.0085E+00
 1.1568E+00
 9.8945E-01
 1.0000E+00
 1.1568E+00
-2.0135E+00
 4.4723E+00
-7.9848E-01
-7.5341E-01
 0.0000E+00
-7.1429E-01
-7.9869E-01
 1.1220E+00
 9.8945E-01
 1.0000E+00
 1.1220E+00
-1.7453E+00
 3.8961E+00
-9.4113E-01
-4.9916E-01
 0.0000E+00
-8.7488E-01
-5.4353E-01
 1.0797E+00
 9.8945E-01
 1.0000E+00
 1.0797E+00
-1.5027E+00
 3.3430E+00
-1.0057E+00
-2.2618E-01
 0.0000E+00
-9.7596E-01
-2.6958E-01
 1.0342E+00
 9.8945E-01
 1.0000E+00
 1.0342E+00
-1.2810E+00
 2.8137E+00
-9.9645E-01
 4.2442E-02
 0.0000E+00
-1.0107E+00
-1.9568E-15
 9.8945E-01
 9.8945E-01
 1.0000E+00
 9.8945E-01
-1.0754E+00
 2.3070E+00
-9.2238E-01
 2.8863E-01
 0.0000E+00
-9.7596E-01
 2.4706E-01
 9.4845E-01
 9.8945E-01
 1.0000E+00
 9.4845E-01
-8.8197E-01
 1.8203E+00
-7.9614E-01
 5.0034E-01
 0.0000E+00
-8.7488E-01
 4.5953E-01
 9.1319E-01
 9.8945E-01
 1.0000E+00
 9.1319E-01
-6.9729E-01
 1.3503E+00
-6.2992E-01
 6.6999E-01
 0.0000E+00
-7.1429E-01
 6.2979E-01
 8.8493E-01
 9.8945E-01
 1.0000E+00
 8.8493E-01
-5.1860E-01
 8.9297E-01
-4.3511E-01
 7.9329E-01
 0.0000E+00
-5.0511E-01
 7.5353E-01
 8.6440E-01
 9.8945E-01
 1.0000E+00
 8.6440E-01
-3.4382E-01
 4.4430E-01
-2.2202E-01
 8.6801E-01
 0.0000E+00
-2.6150E-01
 8.2851E-01
 8.5195E-01
 9.8945E-01
 1.0000E+00
 8.5195E-01
-1.7137E-01
 7.5356E-15
-4.8295E-15
 8.9317E-01
 0.0000E+00
-4.0384E-15
 8.5376E-01
 8.4776E-01
 9.8945E-01
 1.0000E+00
 8.4776E-01
-2.9074E-15
-4.4430E-01
 2.2202E-01
 8.6801E-01
 0.0000E+00
 2.6150E-01
 8.2851E-01
 8.5195E-01
 9.8945E-01
 1.0000E+00
 8.5195E-01
 1.7137E-01
-8.9297E-01
 4.3511E-01
 7.9329E-01
 0.0000E+00
 5.0511E-01
 7.5353E-01
 8.6440E-01
 9.8945E-01
 1.0000E+00
 8.6440E-01
 3.4382E-01
-1.3503E+00
 6.2992E-01
 6.6999E-01
 0.0000E+00
 7.1429E-01
 6.2979E-01
 8.8493E-01
 9.8945E-01
 1.0000E+00
 8.8493E-01
 5.1860E-01
-1.8203E+00
 7.9614E-01
 5.0034E-01
 0.0000E+00
 8.7488E-01
 4.5953E-01
 9.1319E-01
 9.8945E-01
 1.0000E+00
 9.1319E-01
 6.9729E-01
-2.3070E+00
 9.2238E-01
 2.8863E-01
 0.0000E+00
 9.7596E-01
 2.4706E-01
 9.4845E-01
 9.8945E-01
 1.0000E+00
 9.4845E-01
 8.8197E-01
-2.8137E+00
 9.9645E-01
 4.2442E-02
 0.0000E+00
 1.0107E+00
 6.6266E-15
 9.8945E-01
 9.8945E-01
 1.0000E+00
 9.8945E-01
 1.0754E+00
-3.3430E+00
 1.0057E+00
-2.2618E-01
 0.0000E+00
 9.7596E-01
-2.6958E-01
 1.0342E+00
 9.8945E-01
 1.0000E+00
 1.0342E+00
 1.2810E+00
-3.8961E+00
 9.4113E-01
-4.9916E-01
 0.0000E+00
 8.7488E-01
-5.4353E-01
 1.0797E+00
 9.8945E-01
 1.0000E+00
 1.0797E+00
 1.5027E+00
-4.4723E+00
 7.9848E-01
-7.5341E-01
 0.0000E+00
 7.1429E-01
-7.9869E-01
 1.1220E+00
 9.8945E-01
 1.0000E+00
 1.1220E+00
 1.7453E+00
-5.0688E+00
 5.8215E-01
-9.6251E-01
 0.0000E+00
 5.0511E-01
-1.0085E+00
 1.1568E+00
 9.8945E-01
 1.0000E+00
 1.1568E+00
 2.0135E+00
-5.6806E+00
 3.0741E-01
-1.1009E+00
 0.0000E+00
 2.6150E-01
-1.1474E+00
 1.1799E+00
 9.8945E-01
 1.0000E+00
 1.1799E+00
 2.3120E+00
 6.3181E+00
 2.9464E-15
-1.1505E+00
 0.0000E+00
-1.2378E-16
-1.1971E+00
 1.1886E+00
 9.8937E-01
 1.0000E+00
 1.1886E+00
-2.6432E+00
 5.6960E+00
-3.0757E-01
-1.1016E+00
 0.0000E+00
-2.6152E-01
-1.1480E+00
 1.1804E+00
 9.8937E-01
 1.0000E+00
 1.1804E+00
-2.3105E+00
 5.0823E+00
-5.8243E-01
-9.6309E-01
 0.0000E+00
-5.0515E-01
-1.0090E+00
 1.1573E+00
 9.8937E-01
 1.0000E+00
 1.1573E+00
-2.0119E+00
 4.4839E+00
-7.9878E-01
-7.5382E-01
 0.0000E+00
-7.1435E-01
-7.9899E-01
 1.1223E+00
 9.8937E-01
 1.0000E+00
 1.1223E+00
-1.7437E+00
 3.9060E+00
-9.4137E-01
-4.9941E-01
 0.0000E+00
-8.7495E-01
-5.4367E-01
 1.0798E+00
 9.8937E-01
 1.0000E+00
 1.0798E+00
-1.5012E+00
 3.3513E+00
-1.0058E+00
-2.2632E-01
 0.0000E+00
-9.7604E-01
-2.6961E-01
 1.0342E+00
 9.8937E-01
 1.0000E+00
 1.0342E+00
-1.2795E+00
 2.8205E+00
-9.9645E-01
 4.2331E-02
 0.0000E+00
-1.0107E+00
-1.9568E-15
 9.8937E-01
 9.8937E-01
 1.0000E+00
 9.8937E-01
-1.0740E+00
 2.3125E+00
-9.2227E-01
 2.8849E-01
 0.0000E+00
-9.7604E-01
 2.4704E-01
 9.4826E-01
 9.8937E-01
 1.0000E+00
 9.4826E-01
-8.8078E-01
 1.8246E+00
-7.9597E-01
 5.0013E-01
 0.0000E+00
-8.7495E-01
 4.5943E-01
 9.1292E-01
 9.8937E-01
 1.0000E+00
 9.1292E-01
-6.9630E-01
 1.3534E+00
-6.2974E-01
 6.6970E-01
 0.0000E+00
-7.1435E-01
 6.2961E-01
 8.8460E-01
 9.8937E-01
 1.0000E+00
 8.8460E-01
-5.1784E-01
 8.9503E-01
-4.3496E-01
 7.9292E-01
 0.0000E+00
-5.0515E-01
 7.5326E-01
 8.6403E-01
 9.8937E-01
 1.0000E+00
 8.6403E-01
-3.4330E-01
 4.4532E-01
-2.2193E-01
 8.6758E-01
 0.0000E+00
-2.6152E-01
 8.2819E-01
 8.5156E-01
 9.8937E-01
 1.0000E+00
 8.5156E-01
-1.7111E-01
 7.5495E-15
-4.8225E-15
 8.9272E-01
 0.0000E+00
-4.0384E-15
 8.5342E-01
 8.4736E-01
 9.8937E-01
 1.0000E+00
 8.4736E-01
-2.9005E-15
-4.4532E-01
 2.2193E-01
 8.6758E-01
 0.0000E+00
 2.6152E-01
 8.2819E-01
 8.5156E-01
 9.8937E-01
 1.0000E+00
 8.5156E-01
 1.7111E-01
-8.9503E-01
 4.3496E-01
 7.9292E-01
 0.0000E+00
 5.0515E-01
 7.5326E-01
 8.6403E-01
 9.8937E-01
 1.0000E+00
 8.6403E-01
 3.4330E-01
-1.3534E+00
 6.2974E-01
 6.6970E-01
 0.0000E+00
 7.1435E-01
 6.2961E-01
 8.8460E-01
 9.8937E-01
 1.0000E+00
 8.8460E-01
 5.1784E-01
-1.8246E+00
 7.9597E-01
 5.0013E-01
 0.0000E+00
 8.7495E-01
 4.5943E-01
 9.1292E-01
 9.8937E-01
 1.0000E+00
 9.1292E-01
 6.9630E-01
-2.3125E+00
 9.2227E-01
 2.8849E-01
 0.0000E+00
 9.7604E-01
 2.4704E-01
 9.4826E-01
 9.8937E-01
 1.0000E+00
 9.4826E-01
 8.8078E-01
-2.8205E+00
 9.9645E-01
 4.2331E-02
 0.0000E+00
 1.0107E+00
 6.6266E-15
 9.8937E-01
 9.8937E-01
 1.0000E+00
 9.8937E-01
 1.0740E+00
-3.3513E+00
 1.0058E+00
-2.2632E-01
 0.0000E+00
 9.7604E-01
-2.6961E-01
 1.0342E+00
 9.8937E-01
 1.0000E+00
 1.0342E+00
 1.2795E+00
-3.9060E+00
 9.4137E-01
-4.9941E-01
 0.0000E+00
 8.7495E-01
-5.4367E-01
 1.0798E+00
 9.8937E-01
 1.0000E+00
 1.0798E+00
 1.5012E+00
-4.4839E+00
 7.9878E-01
-7.5382E-01
 0.0000E+00
 7.1435E-01
-7.9899E-01
 1.1223E+00
 9.8937E-01
 1.0000E+00
 1.1223E+00
 1.7437E+00
-5.0823E+00
 5.8243E-01
-9.6309E-01
 0.0000E+00
 5.0515E-01
-1.0090E+00
 1.1573E+00
 9.8937E-01
 1.0000E+00
 1.1573E+00
 2.0119E+00
-5.6960E+00
 3.0757E-01
-1.1016E+00
 0.0000E+00
 2.6152E-01
-1.1480E+00
 1.1804E+00
 9.8937E-01
 1.0000E+00
 1.1804E+00
 2.3105E+00
