 r/a           Di_neo        Di_tur        chii_neo      chii_tur
               (GB)          (GB)          (GB)          (GB)
 0.000000E+00  0.000000E+00  0.000000E+00  0.000000E+00  0.000000E+00
 1.875000E-01  2.136414E-03  8.401505E-02  4.283271E-02  7.679305E-01
 3.750000E-01  1.403732E-03  4.181530E-01  2.997549E-02  2.783571E+00
 5.625000E-01  2.059559E-03  6.689285E-01  4.055057E-02  5.596477E+00
 7.500000E-01  8.340080E-03 -1.101519E+00  1.117373E-01  6.806156E+00
 r/a           Di_neo        Di_tur        chii_neo      chii_tur
               (GB)          (GB)          (GB)          (GB)
 0.000000E+00  0.000000E+00  0.000000E+00  0.000000E+00  0.000000E+00
 1.875000E-01  2.656584E-03  1.066717E-01  5.251223E-02  7.936474E-01
 3.750000E-01  1.488848E-03  4.999147E-01  3.213415E-02  2.323414E+00
 5.625000E-01  1.567393E-03  1.056805E+00  3.431752E-02  4.846850E+00
 7.500000E-01  9.716065E-03 -4.048614E+00  1.110487E-01  9.431354E+00
 r/a           Di_neo        Di_tur        chii_neo      chii_tur
               (GB)          (GB)          (GB)          (GB)
 0.000000E+00  0.000000E+00  0.000000E+00  0.000000E+00  0.000000E+00
 1.875000E-01  3.789859E-03  7.240412E-02  6.891772E-02  5.564273E-01
 3.750000E-01  1.992586E-03  4.321276E-01  3.997428E-02  1.822527E+00
 5.625000E-01  1.906031E-03  1.062244E+00  3.876538E-02  4.805288E+00
 7.500000E-01  9.402836E-03 -2.577018E+00  1.105581E-01  1.061205E+01
 r/a           Di_neo        Di_tur        chii_neo      chii_tur
               (GB)          (GB)          (GB)          (GB)
 0.000000E+00  0.000000E+00  0.000000E+00  0.000000E+00  0.000000E+00
 1.875000E-01  3.860687E-03  6.314585E-02  6.909853E-02  5.628983E-01
 3.750000E-01  2.086459E-03  4.224586E-01  4.192333E-02  1.656819E+00
 5.625000E-01  2.032136E-03  1.022101E+00  4.050419E-02  4.614335E+00
 7.500000E-01  9.234083E-03 -1.878258E+00  1.104031E-01  1.104516E+01
 r/a           Di_neo        Di_tur        chii_neo      chii_tur
               (GB)          (GB)          (GB)          (GB)
 0.000000E+00  0.000000E+00  0.000000E+00  0.000000E+00  0.000000E+00
 1.875000E-01  3.870780E-03  6.417400E-02  6.934570E-02  5.653460E-01
 3.750000E-01  2.084072E-03  4.231278E-01  4.191635E-02  1.655281E+00
 5.625000E-01  2.030544E-03  1.020860E+00  4.049395E-02  4.605748E+00
 7.500000E-01  9.233974E-03 -2.002846E+00  1.104061E-01  1.097816E+01
 r/a           Di_neo        Di_tur        chii_neo      chii_tur
               (GB)          (GB)          (GB)          (GB)
 0.000000E+00  0.000000E+00  0.000000E+00  0.000000E+00  0.000000E+00
 1.875000E-01  3.867840E-03  6.548718E-02  6.943932E-02  5.756746E-01
 3.750000E-01  2.072996E-03  4.258367E-01  4.187989E-02  1.650917E+00
 5.625000E-01  2.019178E-03  1.017221E+00  4.040995E-02  4.562366E+00
 7.500000E-01  9.239136E-03 -2.042938E+00  1.104285E-01  1.087402E+01
 r/a           Di_neo        Di_tur        chii_neo      chii_tur
               (GB)          (GB)          (GB)          (GB)
 0.000000E+00  0.000000E+00  0.000000E+00  0.000000E+00  0.000000E+00
 1.875000E-01  3.870785E-03  6.616541E-02  6.950698E-02  5.814570E-01
 3.750000E-01  2.068320E-03  4.266177E-01  4.185927E-02  1.650906E+00
 5.625000E-01  2.008125E-03  1.019791E+00  4.029718E-02  4.552401E+00
 7.500000E-01  9.252017E-03 -2.092480E+00  1.104489E-01  1.082903E+01
 r/a           Di_neo        Di_tur        chii_neo      chii_tur
               (GB)          (GB)          (GB)          (GB)
 0.000000E+00  0.000000E+00  0.000000E+00  0.000000E+00  0.000000E+00
 1.875000E-01  3.873458E-03  6.624385E-02  6.952899E-02  5.822438E-01
 3.750000E-01  2.069035E-03  4.263691E-01  4.186691E-02  1.651281E+00
 5.625000E-01  2.006181E-03  1.021680E+00  4.027318E-02  4.557093E+00
 7.500000E-01  9.255915E-03 -2.105986E+00  1.104536E-01  1.081953E+01
 r/a           Di_neo        Di_tur        chii_neo      chii_tur
               (GB)          (GB)          (GB)          (GB)
 0.000000E+00  0.000000E+00  0.000000E+00  0.000000E+00  0.000000E+00
 1.875000E-01  3.873287E-03  6.622883E-02  6.952597E-02  5.821369E-01
 3.750000E-01  2.069208E-03  4.263494E-01  4.186836E-02  1.651264E+00
 5.625000E-01  2.006322E-03  1.021874E+00  4.027451E-02  4.557973E+00
 7.500000E-01  9.255969E-03 -2.106196E+00  1.104537E-01  1.081933E+01
