 r/a           De_neo        De_tur        chie_neo      chie_tur
               (GB)          (GB)          (GB)          (GB)
 0.000000E+00  0.000000E+00  0.000000E+00  0.000000E+00  0.000000E+00
 1.875000E-01  2.136414E-03  8.401505E-02  3.045272E-03  2.032719E-01
 3.750000E-01  1.403732E-03  4.181530E-01  1.938179E-03  1.543935E+00
 5.625000E-01  2.059559E-03  6.689285E-01  2.503611E-03  3.755734E+00
 7.500000E-01  8.340080E-03 -1.101519E+00  6.612839E-03  6.423225E+00
 r/a           De_neo        De_tur        chie_neo      chie_tur
               (GB)          (GB)          (GB)          (GB)
 0.000000E+00  0.000000E+00  0.000000E+00  0.000000E+00  0.000000E+00
 1.875000E-01  2.656584E-03  1.066717E-01  4.119989E-03  2.555420E-01
 3.750000E-01  1.488848E-03  4.999147E-01  2.577964E-03  1.303583E+00
 5.625000E-01  1.567393E-03  1.056805E+00  2.431428E-03  3.380805E+00
 7.500000E-01  9.716065E-03 -4.048614E+00  5.810945E-03  8.743018E+00
 r/a           De_neo        De_tur        chie_neo      chie_tur
               (GB)          (GB)          (GB)          (GB)
 0.000000E+00  0.000000E+00  0.000000E+00  0.000000E+00  0.000000E+00
 1.875000E-01  3.789859E-03  7.240412E-02  5.629024E-03  1.721309E-01
 3.750000E-01  1.992586E-03  4.321276E-01  4.214697E-03  1.089858E+00
 5.625000E-01  1.906031E-03  1.062244E+00  3.109816E-03  2.934601E+00
 7.500000E-01  9.402836E-03 -2.577018E+00  6.072584E-03  7.804872E+00
 r/a           De_neo        De_tur        chie_neo      chie_tur
               (GB)          (GB)          (GB)          (GB)
 0.000000E+00  0.000000E+00  0.000000E+00  0.000000E+00  0.000000E+00
 1.875000E-01  3.860687E-03  6.314585E-02  4.916351E-03  1.919859E-01
 3.750000E-01  2.086459E-03  4.224586E-01  4.461244E-03  1.080865E+00
 5.625000E-01  2.032136E-03  1.022101E+00  3.256068E-03  2.883299E+00
 7.500000E-01  9.234083E-03 -1.878258E+00  6.218966E-03  7.331767E+00
 r/a           De_neo        De_tur        chie_neo      chie_tur
               (GB)          (GB)          (GB)          (GB)
 0.000000E+00  0.000000E+00  0.000000E+00  0.000000E+00  0.000000E+00
 1.875000E-01  3.870780E-03  6.417400E-02  4.991124E-03  1.893109E-01
 3.750000E-01  2.084072E-03  4.231278E-01  4.459999E-03  1.083088E+00
 5.625000E-01  2.030544E-03  1.020860E+00  3.251712E-03  2.884293E+00
 7.500000E-01  9.233974E-03 -2.002846E+00  6.218180E-03  7.403338E+00
 r/a           De_neo        De_tur        chie_neo      chie_tur
               (GB)          (GB)          (GB)          (GB)
 0.000000E+00  0.000000E+00  0.000000E+00  0.000000E+00  0.000000E+00
 1.875000E-01  3.867840E-03  6.548718E-02  5.024344E-03  1.896384E-01
 3.750000E-01  2.072996E-03  4.258367E-01  4.460937E-03  1.092741E+00
 5.625000E-01  2.019178E-03  1.017221E+00  3.232640E-03  2.889470E+00
 7.500000E-01  9.239136E-03 -2.042938E+00  6.208289E-03  7.485677E+00
 r/a           De_neo        De_tur        chie_neo      chie_tur
               (GB)          (GB)          (GB)          (GB)
 0.000000E+00  0.000000E+00  0.000000E+00  0.000000E+00  0.000000E+00
 1.875000E-01  3.870785E-03  6.616541E-02  5.038021E-03  1.904028E-01
 3.750000E-01  2.068320E-03  4.266177E-01  4.477044E-03  1.096221E+00
 5.625000E-01  2.008125E-03  1.019791E+00  3.225706E-03  2.892038E+00
 7.500000E-01  9.252017E-03 -2.092480E+00  6.194082E-03  7.503592E+00
 r/a           De_neo        De_tur        chie_neo      chie_tur
               (GB)          (GB)          (GB)          (GB)
 0.000000E+00  0.000000E+00  0.000000E+00  0.000000E+00  0.000000E+00
 1.875000E-01  3.873458E-03  6.624385E-02  5.039063E-03  1.906892E-01
 3.750000E-01  2.069035E-03  4.263691E-01  4.483472E-03  1.095650E+00
 5.625000E-01  2.006181E-03  1.021680E+00  3.228074E-03  2.891272E+00
 7.500000E-01  9.255915E-03 -2.105986E+00  6.190239E-03  7.509140E+00
 r/a           De_neo        De_tur        chie_neo      chie_tur
               (GB)          (GB)          (GB)          (GB)
 0.000000E+00  0.000000E+00  0.000000E+00  0.000000E+00  0.000000E+00
 1.875000E-01  3.873287E-03  6.622883E-02  5.038465E-03  1.906841E-01
 3.750000E-01  2.069208E-03  4.263494E-01  4.482588E-03  1.095536E+00
 5.625000E-01  2.006322E-03  1.021874E+00  3.228827E-03  2.891003E+00
 7.500000E-01  9.255969E-03 -2.106196E+00  6.190179E-03  7.509214E+00
