 r/a           pflux_e_neo   pflux_e_tur   eflux_e_neo   eflux_e_tur
               (GB)          (GB)          (GB)          (GB)
 0.000000E+00  0.000000E+00  0.000000E+00  0.000000E+00  0.000000E+00
 1.875000E-01  1.619183E-03  6.367482E-02  4.282113E-03  2.858310E-01
 3.750000E-01  1.680191E-03  5.005064E-01  4.683436E-03  3.730780E+00
 5.625000E-01  2.215076E-03  7.194394E-01  6.583603E-03  9.876240E+00
 7.500000E-01  8.191761E-03 -1.081930E+00  2.658148E-02  2.581929E+01
 r/a           pflux_e_neo   pflux_e_tur   eflux_e_neo   eflux_e_tur
               (GB)          (GB)          (GB)          (GB)
 0.000000E+00  0.000000E+00  0.000000E+00  0.000000E+00  0.000000E+00
 1.875000E-01  2.013419E-03  8.084625E-02  5.085524E-03  3.154292E-01
 3.750000E-01  1.782070E-03  5.983708E-01  4.252854E-03  2.150515E+00
 5.625000E-01  1.685747E-03  1.136604E+00  4.332838E-03  6.024641E+00
 7.500000E-01  9.543276E-03 -3.976614E+00  3.539495E-02  5.325445E+01
 r/a           pflux_e_neo   pflux_e_tur   eflux_e_neo   eflux_e_tur
               (GB)          (GB)          (GB)          (GB)
 0.000000E+00  0.000000E+00  0.000000E+00  0.000000E+00  0.000000E+00
 1.875000E-01  2.872326E-03  5.487492E-02  7.310410E-03  2.235462E-01
 3.750000E-01  2.385018E-03  5.172332E-01  5.143925E-03  1.330143E+00
 5.625000E-01  2.049955E-03  1.142455E+00  4.972265E-03  4.692116E+00
 7.500000E-01  9.235617E-03 -2.531189E+00  3.259776E-02  4.189671E+01
 r/a           pflux_e_neo   pflux_e_tur   eflux_e_neo   eflux_e_tur
               (GB)          (GB)          (GB)          (GB)
 0.000000E+00  0.000000E+00  0.000000E+00  0.000000E+00  0.000000E+00
 1.875000E-01  2.926006E-03  4.785811E-02  8.002788E-03  3.125128E-01
 3.750000E-01  2.497378E-03  5.056600E-01  5.383389E-03  1.304282E+00
 5.625000E-01  2.185583E-03  1.099280E+00  5.328537E-03  4.718503E+00
 7.500000E-01  9.069865E-03 -1.844855E+00  3.122355E-02  3.681058E+01
 r/a           pflux_e_neo   pflux_e_tur   eflux_e_neo   eflux_e_tur
               (GB)          (GB)          (GB)          (GB)
 0.000000E+00  0.000000E+00  0.000000E+00  0.000000E+00  0.000000E+00
 1.875000E-01  2.933655E-03  4.863734E-02  7.973082E-03  3.024151E-01
 3.750000E-01  2.494521E-03  5.064609E-01  5.376440E-03  1.305641E+00
 5.625000E-01  2.183871E-03  1.097945E+00  5.326968E-03  4.725060E+00
 7.500000E-01  9.069759E-03 -1.967227E+00  3.122722E-02  3.717899E+01
 r/a           pflux_e_neo   pflux_e_tur   eflux_e_neo   eflux_e_tur
               (GB)          (GB)          (GB)          (GB)
 0.000000E+00  0.000000E+00  0.000000E+00  0.000000E+00  0.000000E+00
 1.875000E-01  2.931427E-03  4.963259E-02  7.942541E-03  2.997826E-01
 3.750000E-01  2.481264E-03  5.097033E-01  5.341184E-03  1.308365E+00
 5.625000E-01  2.171646E-03  1.094032E+00  5.303782E-03  4.740744E+00
 7.500000E-01  9.074829E-03 -2.006606E+00  3.129567E-02  3.773492E+01
 r/a           pflux_e_neo   pflux_e_tur   eflux_e_neo   eflux_e_tur
               (GB)          (GB)          (GB)          (GB)
 0.000000E+00  0.000000E+00  0.000000E+00  0.000000E+00  0.000000E+00
 1.875000E-01  2.933660E-03  5.014662E-02  7.941316E-03  3.001276E-01
 3.750000E-01  2.475666E-03  5.106383E-01  5.319295E-03  1.302449E+00
 5.625000E-01  2.159759E-03  1.096795E+00  5.268665E-03  4.723674E+00
 7.500000E-01  9.087480E-03 -2.055267E+00  3.141325E-02  3.805442E+01
 r/a           pflux_e_neo   pflux_e_tur   eflux_e_neo   eflux_e_tur
               (GB)          (GB)          (GB)          (GB)
 0.000000E+00  0.000000E+00  0.000000E+00  0.000000E+00  0.000000E+00
 1.875000E-01  2.935686E-03  5.020607E-02  7.947799E-03  3.007621E-01
 3.750000E-01  2.476523E-03  5.103406E-01  5.318931E-03  1.299816E+00
 5.625000E-01  2.157668E-03  1.098827E+00  5.258883E-03  4.710196E+00
 7.500000E-01  9.091309E-03 -2.068533E+00  3.144661E-02  3.814667E+01
 r/a           pflux_e_neo   pflux_e_tur   eflux_e_neo   eflux_e_tur
               (GB)          (GB)          (GB)          (GB)
 0.000000E+00  0.000000E+00  0.000000E+00  0.000000E+00  0.000000E+00
 1.875000E-01  2.935556E-03  5.019469E-02  7.947755E-03  3.007882E-01
 3.750000E-01  2.476730E-03  5.103171E-01  5.319887E-03  1.300171E+00
 5.625000E-01  2.157819E-03  1.099035E+00  5.258691E-03  4.708489E+00
 7.500000E-01  9.091362E-03 -2.068739E+00  3.144711E-02  3.814802E+01
