 r/a           eflux_i_tot   eflux_i_targeteflux_e_tot   eflux_e_targetpflux_e_tot   pflux_e_target
               (GB)          (GB)          (GB)          (GB)          (GB)          (GB)
 0.000000E+00  0.000000E+00  0.000000E+00  0.000000E+00  0.000000E+00  0.000000E+00  0.000000E+00
 1.875000E-01  8.338927E-01  2.945342E-01  2.901131E-01  1.359223E-01  6.529401E-02  0.000000E+00
 3.750000E-01  4.524819E+00  1.317188E+00  3.735463E+00  7.329605E-01  5.021866E-01  0.000000E+00
 5.625000E-01  8.361898E+00  5.935828E+00  9.882824E+00  4.531517E+00  7.216544E-01  0.000000E+00
 7.500000E-01  1.553436E+01  3.550981E+01  2.584587E+01  3.678789E+01 -1.073738E+00  0.000000E+00
 r/a           eflux_i_tot   eflux_i_targeteflux_e_tot   eflux_e_targetpflux_e_tot   pflux_e_target
               (GB)          (GB)          (GB)          (GB)          (GB)          (GB)
 0.000000E+00  0.000000E+00  0.000000E+00  0.000000E+00  0.000000E+00  0.000000E+00  0.000000E+00
 1.875000E-01  7.801609E-01  4.003360E-01  3.205148E-01  1.874420E-01  8.285967E-02  0.000000E+00
 3.750000E-01  3.192591E+00  1.440036E+00  2.154768E+00  8.066402E-01  6.001528E-01  0.000000E+00
 5.625000E-01  5.350582E+00  4.487146E+00  6.028973E+00  3.370112E+00  1.138290E+00  0.000000E+00
 7.500000E-01  2.799078E+01  3.596351E+01  5.328984E+01  3.633420E+01 -3.967071E+00  0.000000E+00
 r/a           eflux_i_tot   eflux_i_targeteflux_e_tot   eflux_e_targetpflux_e_tot   pflux_e_target
               (GB)          (GB)          (GB)          (GB)          (GB)          (GB)
 0.000000E+00  0.000000E+00  0.000000E+00  0.000000E+00  0.000000E+00  0.000000E+00  0.000000E+00
 1.875000E-01  6.072539E-01  5.998224E-01  2.308566E-01  3.141232E-01  5.774725E-02  0.000000E+00
 3.750000E-01  2.537893E+00  1.965021E+00  1.335287E+00  1.242042E+00  5.196182E-01  0.000000E+00
 5.625000E-01  5.949511E+00  5.269326E+00  4.697088E+00  4.447162E+00  1.144505E+00  0.000000E+00
 7.500000E-01  3.331817E+01  3.413531E+01  4.192931E+01  3.816240E+01 -2.521953E+00  0.000000E+00
 r/a           eflux_i_tot   eflux_i_targeteflux_e_tot   eflux_e_targetpflux_e_tot   pflux_e_target
               (GB)          (GB)          (GB)          (GB)          (GB)          (GB)
 0.000000E+00  0.000000E+00  0.000000E+00  0.000000E+00  0.000000E+00  0.000000E+00  0.000000E+00
 1.875000E-01  5.840951E-01  6.017053E-01  3.205156E-01  3.059591E-01  5.078411E-02  0.000000E+00
 3.750000E-01  2.153894E+00  2.111581E+00  1.309665E+00  1.317739E+00  5.081574E-01  0.000000E+00
 5.625000E-01  5.796337E+00  5.656535E+00  4.723831E+00  4.791517E+00  1.101466E+00  0.000000E+00
 7.500000E-01  3.509003E+01  3.398585E+01  3.684181E+01  3.831185E+01 -1.835785E+00  0.000000E+00
 r/a           eflux_i_tot   eflux_i_targeteflux_e_tot   eflux_e_targetpflux_e_tot   pflux_e_target
               (GB)          (GB)          (GB)          (GB)          (GB)          (GB)
 0.000000E+00  0.000000E+00  0.000000E+00  0.000000E+00  0.000000E+00  0.000000E+00  0.000000E+00
 1.875000E-01  5.901330E-01  6.053534E-01  3.103882E-01  3.083162E-01  5.157099E-02  0.000000E+00
 3.750000E-01  2.144534E+00  2.109516E+00  1.311017E+00  1.317053E+00  5.089555E-01  0.000000E+00
 5.625000E-01  5.774178E+00  5.653205E+00  4.730387E+00  4.787661E+00  1.100129E+00  0.000000E+00
 7.500000E-01  3.485844E+01  3.399094E+01  3.721022E+01  3.830676E+01 -1.958158E+00  0.000000E+00
 r/a           eflux_i_tot   eflux_i_targeteflux_e_tot   eflux_e_targetpflux_e_tot   pflux_e_target
               (GB)          (GB)          (GB)          (GB)          (GB)          (GB)
 0.000000E+00  0.000000E+00  0.000000E+00  0.000000E+00  0.000000E+00  0.000000E+00  0.000000E+00
 1.875000E-01  6.010366E-01  6.074094E-01  3.077251E-01  3.081769E-01  5.256402E-02  0.000000E+00
 3.750000E-01  2.109999E+00  2.105738E+00  1.313706E+00  1.308121E+00  5.121846E-01  0.000000E+00
 5.625000E-01  5.651916E+00  5.638401E+00  4.746048E+00  4.749937E+00  1.096203E+00  0.000000E+00
 7.500000E-01  3.439699E+01  3.407523E+01  3.776622E+01  3.822247E+01 -1.997532E+00  0.000000E+00
 r/a           eflux_i_tot   eflux_i_targeteflux_e_tot   eflux_e_targetpflux_e_tot   pflux_e_target
               (GB)          (GB)          (GB)          (GB)          (GB)          (GB)
 0.000000E+00  0.000000E+00  0.000000E+00  0.000000E+00  0.000000E+00  0.000000E+00  0.000000E+00
 1.875000E-01  6.077834E-01  6.086282E-01  3.080689E-01  3.084836E-01  5.308028E-02  0.000000E+00
 3.750000E-01  2.101991E+00  2.103861E+00  1.307769E+00  1.304699E+00  5.131139E-01  0.000000E+00
 5.625000E-01  5.602380E+00  5.614073E+00  4.728943E+00  4.717969E+00  1.098955E+00  0.000000E+00
 7.500000E-01  3.416626E+01  3.411882E+01  3.808583E+01  3.817889E+01 -2.046180E+00  0.000000E+00
 r/a           eflux_i_tot   eflux_i_targeteflux_e_tot   eflux_e_targetpflux_e_tot   pflux_e_target
               (GB)          (GB)          (GB)          (GB)          (GB)          (GB)
 0.000000E+00  0.000000E+00  0.000000E+00  0.000000E+00  0.000000E+00  0.000000E+00  0.000000E+00
 1.875000E-01  6.090291E-01  6.089117E-01  3.087099E-01  3.087439E-01  5.314175E-02  0.000000E+00
 3.750000E-01  2.104433E+00  2.104448E+00  1.305135E+00  1.305475E+00  5.128171E-01  0.000000E+00
 5.625000E-01  5.606666E+00  5.608194E+00  4.715455E+00  4.713419E+00  1.100985E+00  0.000000E+00
 7.500000E-01  3.411958E+01  3.411948E+01  3.817812E+01  3.817822E+01 -2.059442E+00  0.000000E+00
 r/a           eflux_i_tot   eflux_i_targeteflux_e_tot   eflux_e_targetpflux_e_tot   pflux_e_target
               (GB)          (GB)          (GB)          (GB)          (GB)          (GB)
 0.000000E+00  0.000000E+00  0.000000E+00  0.000000E+00  0.000000E+00  0.000000E+00  0.000000E+00
 1.875000E-01  6.088825E-01  6.088651E-01  3.087360E-01  3.087206E-01  5.313024E-02  0.000000E+00
 3.750000E-01  2.104593E+00  2.104574E+00  1.305491E+00  1.305589E+00  5.127938E-01  0.000000E+00
 5.625000E-01  5.608667E+00  5.608495E+00  4.713748E+00  4.713867E+00  1.101193E+00  0.000000E+00
 7.500000E-01  3.411853E+01  3.411879E+01  3.817946E+01  3.817891E+01 -2.059648E+00  0.000000E+00
