 r/a           pflux_i_neo   pflux_i_tur   eflux_i_neo   eflux_i_tur
               (GB)          (GB)          (GB)          (GB)
 0.000000E+00  0.000000E+00  0.000000E+00  0.000000E+00  0.000000E+00
 1.875000E-01  1.619183E-03  6.367482E-02  4.405464E-02  7.898381E-01
 3.750000E-01  1.680191E-03  5.005064E-01  4.820737E-02  4.476611E+00
 5.625000E-01  2.215076E-03  7.194394E-01  6.015222E-02  8.301746E+00
 7.500000E-01  8.191761E-03 -1.081930E+00  2.509099E-01  1.528345E+01
 r/a           pflux_i_neo   pflux_i_tur   eflux_i_neo   eflux_i_tur
               (GB)          (GB)          (GB)          (GB)
 0.000000E+00  0.000000E+00  0.000000E+00  0.000000E+00  0.000000E+00
 1.875000E-01  2.013419E-03  8.084625E-02  4.841638E-02  7.317445E-01
 3.750000E-01  1.782070E-03  5.983708E-01  4.355302E-02  3.149038E+00
 5.625000E-01  1.685747E-03  1.136604E+00  3.761778E-02  5.312965E+00
 7.500000E-01  9.543276E-03 -3.976614E+00  3.257399E-01  2.766504E+01
 r/a           pflux_i_neo   pflux_i_tur   eflux_i_neo   eflux_i_tur
               (GB)          (GB)          (GB)          (GB)
 0.000000E+00  0.000000E+00  0.000000E+00  0.000000E+00  0.000000E+00
 1.875000E-01  2.872326E-03  5.487492E-02  6.692395E-02  5.403300E-01
 3.750000E-01  2.385018E-03  5.172332E-01  5.447000E-02  2.483423E+00
 5.625000E-01  2.049955E-03  1.142455E+00  4.761199E-02  5.901899E+00
 7.500000E-01  9.235617E-03 -2.531189E+00  3.435352E-01  3.297464E+01
 r/a           pflux_i_neo   pflux_i_tur   eflux_i_neo   eflux_i_tur
               (GB)          (GB)          (GB)          (GB)
 0.000000E+00  0.000000E+00  0.000000E+00  0.000000E+00  0.000000E+00
 1.875000E-01  2.926006E-03  4.785811E-02  6.386126E-02  5.202338E-01
 3.750000E-01  2.497378E-03  5.056600E-01  5.315605E-02  2.100738E+00
 5.625000E-01  2.185583E-03  1.099280E+00  5.043696E-02  5.745900E+00
 7.500000E-01  9.069865E-03 -1.844855E+00  3.472750E-01  3.474275E+01
 r/a           pflux_i_neo   pflux_i_tur   eflux_i_neo   eflux_i_tur
               (GB)          (GB)          (GB)          (GB)
 0.000000E+00  0.000000E+00  0.000000E+00  0.000000E+00  0.000000E+00
 1.875000E-01  2.933655E-03  4.863734E-02  6.447726E-02  5.256557E-01
 3.750000E-01  2.494521E-03  5.064609E-01  5.296441E-02  2.091570E+00
 5.625000E-01  2.183871E-03  1.097945E+00  5.032438E-02  5.723854E+00
 7.500000E-01  9.069759E-03 -1.967227E+00  3.470768E-01  3.451137E+01
 r/a           pflux_i_neo   pflux_i_tur   eflux_i_neo   eflux_i_tur
               (GB)          (GB)          (GB)          (GB)
 0.000000E+00  0.000000E+00  0.000000E+00  0.000000E+00  0.000000E+00
 1.875000E-01  2.931427E-03  4.963259E-02  6.469489E-02  5.363417E-01
 3.750000E-01  2.481264E-03  5.097033E-01  5.220151E-02  2.057798E+00
 5.625000E-01  2.171646E-03  1.094032E+00  4.962084E-02  5.602295E+00
 7.500000E-01  9.074829E-03 -2.006606E+00  3.457988E-01  3.405119E+01
 r/a           pflux_i_neo   pflux_i_tur   eflux_i_neo   eflux_i_tur
               (GB)          (GB)          (GB)          (GB)
 0.000000E+00  0.000000E+00  0.000000E+00  0.000000E+00  0.000000E+00
 1.875000E-01  2.933660E-03  5.014662E-02  6.489635E-02  5.428870E-01
 3.750000E-01  2.475666E-03  5.106383E-01  5.197875E-02  2.050012E+00
 5.625000E-01  2.159759E-03  1.096795E+00  4.915632E-02  5.553223E+00
 7.500000E-01  9.087480E-03 -2.055267E+00  3.449548E-01  3.382130E+01
 r/a           pflux_i_neo   pflux_i_tur   eflux_i_neo   eflux_i_tur
               (GB)          (GB)          (GB)          (GB)
 0.000000E+00  0.000000E+00  0.000000E+00  0.000000E+00  0.000000E+00
 1.875000E-01  2.935686E-03  5.020607E-02  6.496923E-02  5.440598E-01
 3.750000E-01  2.476523E-03  5.103406E-01  5.203686E-02  2.052396E+00
 5.625000E-01  2.157668E-03  1.098827E+00  4.911471E-02  5.557552E+00
 7.500000E-01  9.091309E-03 -2.068533E+00  3.447973E-01  3.377478E+01
 r/a           pflux_i_neo   pflux_i_tur   eflux_i_neo   eflux_i_tur
               (GB)          (GB)          (GB)          (GB)
 0.000000E+00  0.000000E+00  0.000000E+00  0.000000E+00  0.000000E+00
 1.875000E-01  2.935556E-03  5.019469E-02  6.496172E-02  5.439207E-01
 3.750000E-01  2.476730E-03  5.103171E-01  5.204309E-02  2.052550E+00
 5.625000E-01  2.157819E-03  1.099035E+00  4.912444E-02  5.559542E+00
 7.500000E-01  9.091362E-03 -2.068739E+00  3.447934E-01  3.377374E+01
