 r/a           a/Lni         a/Lne         a/LTi         a/LTe         a/Lp          a*gamma_e/cs  a*gamma_p/cs
                                                                       
 0.000000E+00  0.000000E+00  0.000000E+00  0.000000E+00  0.000000E+00  0.000000E+00  0.000000E+00  2.624151E-01
 1.875000E-01  7.578978E-01  7.578978E-01  1.418474E+00  1.406151E+00  2.169229E+00  8.344491E-03  1.924797E-01
 3.750000E-01  1.196946E+00  1.196946E+00  2.169760E+00  2.416410E+00  3.508361E+00  2.120172E-02  2.572644E-01
 5.625000E-01  1.075510E+00  1.075510E+00  1.811138E+00  2.629643E+00  3.336614E+00  5.757160E-02  5.254054E-01
 7.500000E-01  9.822161E-01  9.822161E-01  2.126161E+00  4.019677E+00  4.029283E+00  1.130707E-01  1.038504E+00
 r/a           a/Lni         a/Lne         a/LTi         a/LTe         a/Lp          a*gamma_e/cs  a*gamma_p/cs
                                                                       
 0.000000E+00  0.000000E+00  0.000000E+00  0.000000E+00  0.000000E+00  0.000000E+00  0.000000E+00  2.815419E-01
 1.875000E-01  7.578978E-01  7.578978E-01  1.224582E+00  1.234354E+00  1.988054E+00  8.880894E-03  2.048527E-01
 3.750000E-01  1.196946E+00  1.196946E+00  1.828981E+00  1.649695E+00  2.922950E+00  2.159345E-02  2.620178E-01
 5.625000E-01  1.075510E+00  1.075510E+00  1.459498E+00  1.782014E+00  2.719191E+00  5.436197E-02  4.961139E-01
 7.500000E-01  9.822161E-01  9.822161E-01  2.777371E+00  6.091083E+00  5.371201E+00  1.130707E-01  1.038504E+00
 r/a           a/Lni         a/Lne         a/LTi         a/LTe         a/Lp          a*gamma_e/cs  a*gamma_p/cs
                                                                       
 0.000000E+00  0.000000E+00  0.000000E+00  0.000000E+00  0.000000E+00  0.000000E+00  0.000000E+00  3.066017E-01
 1.875000E-01  7.578978E-01  7.578978E-01  1.118724E+00  1.298699E+00  1.972967E+00  9.700589E-03  2.237604E-01
 3.750000E-01  1.196946E+00  1.196946E+00  1.599366E+00  1.220473E+00  2.591724E+00  2.318652E-02  2.813482E-01
 5.625000E-01  1.075510E+00  1.075510E+00  1.476710E+00  1.598894E+00  2.618925E+00  5.672087E-02  5.176415E-01
 7.500000E-01  9.822161E-01  9.822161E-01  2.942099E+00  5.368020E+00  5.104155E+00  1.130707E-01  1.038504E+00
 r/a           a/Lni         a/Lne         a/LTi         a/LTe         a/Lp          a*gamma_e/cs  a*gamma_p/cs
                                                                       
 0.000000E+00  0.000000E+00  0.000000E+00  0.000000E+00  0.000000E+00  0.000000E+00  0.000000E+00  3.014922E-01
 1.875000E-01  7.578978E-01  7.578978E-01  1.097607E+00  1.627790E+00  2.143332E+00  9.687218E-03  2.234520E-01
 3.750000E-01  1.196946E+00  1.196946E+00  1.468398E+00  1.206702E+00  2.524910E+00  2.349934E-02  2.851440E-01
 5.625000E-01  1.075510E+00  1.075510E+00  1.452668E+00  1.636494E+00  2.627158E+00  5.755036E-02  5.252116E-01
 7.500000E-01  9.822161E-01  9.822161E-01  2.978303E+00  5.020697E+00  4.953832E+00  1.130707E-01  1.038504E+00
 r/a           a/Lni         a/Lne         a/LTi         a/LTe         a/Lp          a*gamma_e/cs  a*gamma_p/cs
                                                                       
 0.000000E+00  0.000000E+00  0.000000E+00  0.000000E+00  0.000000E+00  0.000000E+00  0.000000E+00  3.023197E-01
 1.875000E-01  7.578978E-01  7.578978E-01  1.102147E+00  1.597452E+00  2.128704E+00  9.700002E-03  2.237469E-01
 3.750000E-01  1.196946E+00  1.196946E+00  1.465060E+00  1.205480E+00  2.522632E+00  2.349557E-02  2.850983E-01
 5.625000E-01  1.075510E+00  1.075510E+00  1.450701E+00  1.638204E+00  2.627200E+00  5.754244E-02  5.251393E-01
 7.500000E-01  9.822161E-01  9.822161E-01  2.976524E+00  5.021923E+00  4.953514E+00  1.130707E-01  1.038504E+00
 r/a           a/Lni         a/Lne         a/LTi         a/LTe         a/Lp          a*gamma_e/cs  a*gamma_p/cs
                                                                       
 0.000000E+00  0.000000E+00  0.000000E+00  0.000000E+00  0.000000E+00  0.000000E+00  0.000000E+00  3.026825E-01
 1.875000E-01  7.578978E-01  7.578978E-01  1.108700E+00  1.580812E+00  2.123134E+00  9.704069E-03  2.238407E-01
 3.750000E-01  1.196946E+00  1.196946E+00  1.453579E+00  1.197323E+00  2.512568E+00  2.347811E-02  2.848864E-01
 5.625000E-01  1.075510E+00  1.075510E+00  1.439373E+00  1.640697E+00  2.623525E+00  5.748443E-02  5.246098E-01
 7.500000E-01  9.822161E-01  9.822161E-01  2.964961E+00  5.040950E+00  4.956828E+00  1.130707E-01  1.038504E+00
 r/a           a/Lni         a/Lne         a/LTi         a/LTe         a/Lp          a*gamma_e/cs  a*gamma_p/cs
                                                                       
 0.000000E+00  0.000000E+00  0.000000E+00  0.000000E+00  0.000000E+00  0.000000E+00  0.000000E+00  3.028476E-01
 1.875000E-01  7.578978E-01  7.578978E-01  1.112172E+00  1.576277E+00  2.122369E+00  9.707300E-03  2.239152E-01
 3.750000E-01  1.196946E+00  1.196946E+00  1.451594E+00  1.188127E+00  2.506542E+00  2.347082E-02  2.847979E-01
 5.625000E-01  1.075510E+00  1.075510E+00  1.434678E+00  1.633337E+00  2.617556E+00  5.742199E-02  5.240400E-01
 7.500000E-01  9.822161E-01  9.822161E-01  2.957178E+00  5.071494E+00  4.967686E+00  1.130707E-01  1.038504E+00
 r/a           a/Lni         a/Lne         a/LTi         a/LTe         a/Lp          a*gamma_e/cs  a*gamma_p/cs
                                                                       
 0.000000E+00  0.000000E+00  0.000000E+00  0.000000E+00  0.000000E+00  0.000000E+00  0.000000E+00  3.028699E-01
 1.875000E-01  7.578978E-01  7.578978E-01  1.112611E+00  1.577238E+00  2.123045E+00  9.708451E-03  2.239418E-01
 3.750000E-01  1.196946E+00  1.196946E+00  1.452673E+00  1.186342E+00  2.506091E+00  2.347269E-02  2.848207E-01
 5.625000E-01  1.075510E+00  1.075510E+00  1.435046E+00  1.629108E+00  2.615464E+00  5.741039E-02  5.239342E-01
 7.500000E-01  9.822161E-01  9.822161E-01  2.955702E+00  5.080032E+00  4.971080E+00  1.130707E-01  1.038504E+00
 r/a           a/Lni         a/Lne         a/LTi         a/LTe         a/Lp          a*gamma_e/cs  a*gamma_p/cs
                                                                       
 0.000000E+00  0.000000E+00  0.000000E+00  0.000000E+00  0.000000E+00  0.000000E+00  0.000000E+00  3.028627E-01
 1.875000E-01  7.578978E-01  7.578978E-01  1.112532E+00  1.577416E+00  2.123106E+00  9.708304E-03  2.239383E-01
 3.750000E-01  1.196946E+00  1.196946E+00  1.452708E+00  1.186789E+00  2.506352E+00  2.347302E-02  2.848247E-01
 5.625000E-01  1.075510E+00  1.075510E+00  1.435222E+00  1.628669E+00  2.615306E+00  5.741123E-02  5.239418E-01
 7.500000E-01  9.822161E-01  9.822161E-01  2.955667E+00  5.080161E+00  4.971124E+00  1.130707E-01  1.038504E+00
