 r/a           Chi_GB        Q_GB          Gamma_GB      Pi_GB         c_s
               m^2/s         MW/m^2        10^19/m^2/s   J/m^2         m/s
 0.000000E+00  4.630326E+00  1.109717E-01  2.601004E+01  1.862241E-01  3.571286E+05
 1.875000E-01  3.726210E+00  7.290523E-02  1.949571E+01  1.306797E-01  3.343480E+05
 3.750000E-01  2.087890E+00  2.376683E-02  9.094684E+00  5.096108E-02  2.794993E+05
 5.625000E-01  9.452467E-01  5.417950E-03  3.327376E+00  1.471728E-02  2.206254E+05
 7.500000E-01  3.021710E-01  7.656570E-04  8.770592E-01  2.840474E-03  1.615443E+05
 r/a           Chi_GB        Q_GB          Gamma_GB      Pi_GB         c_s
               m^2/s         MW/m^2        10^19/m^2/s   J/m^2         m/s
 0.000000E+00  3.749290E+00  7.806231E-02  2.106098E+01  1.405462E-01  3.328667E+05
 1.875000E-01  3.090985E+00  5.339180E-02  1.617218E+01  1.018546E-01  3.141536E+05
 3.750000E-01  1.976308E+00  2.168784E-02  8.608641E+00  4.736250E-02  2.744289E+05
 5.625000E-01  1.122754E+00  7.217727E-03  3.952220E+00  1.851314E-02  2.336515E+05
 7.500000E-01  3.021710E-01  7.656570E-04  8.770592E-01  2.840474E-03  1.615443E+05
 r/a           Chi_GB        Q_GB          Gamma_GB      Pi_GB         c_s
               m^2/s         MW/m^2        10^19/m^2/s   J/m^2         m/s
 0.000000E+00  2.903050E+00  5.096640E-02  1.630737E+01  9.992938E-02  3.056602E+05
 1.875000E-01  2.371771E+00  3.433741E-02  1.240921E+01  7.155090E-02  2.876077E+05
 3.750000E-01  1.596299E+00  1.519320E-02  6.953354E+00  3.562714E-02  2.555738E+05
 5.625000E-01  9.884199E-01  5.836630E-03  3.479351E+00  1.562030E-02  2.239345E+05
 7.500000E-01  3.021710E-01  7.656570E-04  8.770592E-01  2.840474E-03  1.615443E+05
 r/a           Chi_GB        Q_GB          Gamma_GB      Pi_GB         c_s
               m^2/s         MW/m^2        10^19/m^2/s   J/m^2         m/s
 0.000000E+00  3.053163E+00  5.543403E-02  1.715061E+01  1.068777E-01  3.108404E+05
 1.875000E-01  2.381605E+00  3.457503E-02  1.246067E+01  7.194675E-02  2.880047E+05
 3.750000E-01  1.533395E+00  1.420851E-02  6.679347E+00  3.376762E-02  2.521717E+05
 5.625000E-01  9.462936E-01  5.427954E-03  3.331061E+00  1.473902E-02  2.207068E+05
 7.500000E-01  3.021710E-01  7.656570E-04  8.770592E-01  2.840474E-03  1.615443E+05
 r/a           Chi_GB        Q_GB          Gamma_GB      Pi_GB         c_s
               m^2/s         MW/m^2        10^19/m^2/s   J/m^2         m/s
 0.000000E+00  3.028160E+00  5.467950E-02  1.701016E+01  1.057123E-01  3.099895E+05
 1.875000E-01  2.372201E+00  3.434779E-02  1.241146E+01  7.156820E-02  2.876251E+05
 3.750000E-01  1.534133E+00  1.421992E-02  6.682564E+00  3.378931E-02  2.522121E+05
 5.625000E-01  9.466843E-01  5.431690E-03  3.332436E+00  1.474713E-02  2.207372E+05
 7.500000E-01  3.021710E-01  7.656570E-04  8.770592E-01  2.840474E-03  1.615443E+05
 r/a           Chi_GB        Q_GB          Gamma_GB      Pi_GB         c_s
               m^2/s         MW/m^2        10^19/m^2/s   J/m^2         m/s
 0.000000E+00  3.017286E+00  5.435263E-02  1.694908E+01  1.052065E-01  3.096180E+05
 1.875000E-01  2.369220E+00  3.427588E-02  1.239587E+01  7.144831E-02  2.875046E+05
 3.750000E-01  1.537558E+00  1.427286E-02  6.697480E+00  3.388991E-02  2.523996E+05
 5.625000E-01  9.495535E-01  5.459155E-03  3.342536E+00  1.480676E-02  2.209600E+05
 7.500000E-01  3.021710E-01  7.656570E-04  8.770592E-01  2.840474E-03  1.615443E+05
 r/a           Chi_GB        Q_GB          Gamma_GB      Pi_GB         c_s
               m^2/s         MW/m^2        10^19/m^2/s   J/m^2         m/s
 0.000000E+00  3.012352E+00  5.420459E-02  1.692136E+01  1.049772E-01  3.094492E+05
 1.875000E-01  2.366854E+00  3.421887E-02  1.238349E+01  7.135323E-02  2.874089E+05
 3.750000E-01  1.538992E+00  1.429505E-02  6.703726E+00  3.393206E-02  2.524781E+05
 5.625000E-01  9.526544E-01  5.488900E-03  3.353452E+00  1.487126E-02  2.212002E+05
 7.500000E-01  3.021710E-01  7.656570E-04  8.770592E-01  2.840474E-03  1.615443E+05
 r/a           Chi_GB        Q_GB          Gamma_GB      Pi_GB         c_s
               m^2/s         MW/m^2        10^19/m^2/s   J/m^2         m/s
 0.000000E+00  3.011688E+00  5.418467E-02  1.691763E+01  1.049463E-01  3.094264E+05
 1.875000E-01  2.366013E+00  3.419859E-02  1.237909E+01  7.131939E-02  2.873748E+05
 3.750000E-01  1.538623E+00  1.428934E-02  6.702119E+00  3.392121E-02  2.524579E+05
 5.625000E-01  9.532318E-01  5.494446E-03  3.355484E+00  1.488328E-02  2.212449E+05
 7.500000E-01  3.021710E-01  7.656570E-04  8.770592E-01  2.840474E-03  1.615443E+05
 r/a           Chi_GB        Q_GB          Gamma_GB      Pi_GB         c_s
               m^2/s         MW/m^2        10^19/m^2/s   J/m^2         m/s
 0.000000E+00  3.011901E+00  5.419105E-02  1.691883E+01  1.049562E-01  3.094337E+05
 1.875000E-01  2.366121E+00  3.420119E-02  1.237965E+01  7.132374E-02  2.873792E+05
 3.750000E-01  1.538558E+00  1.428833E-02  6.701835E+00  3.391930E-02  2.524543E+05
 5.625000E-01  9.531903E-01  5.494047E-03  3.355338E+00  1.488242E-02  2.212417E+05
 7.500000E-01  3.021710E-01  7.656570E-04  8.770592E-01  2.840474E-03  1.615443E+05
