 ITERATION:   1
  0  3.580545E+01    1.22616E+00  3.45793E+01
  1  5.239848E+01    1.69251E-01  5.22292E+01
  2  2.822763E+01    1.09384E+00  2.71338E+01
  3  2.274526E+01    3.15680E-01  2.24296E+01
 ITERATION:   2
  0  2.274526E+01    3.15680E-01  2.24296E+01
  1  2.372685E-01    1.12223E-02  2.26046E-01
  2  1.844541E+01    2.54705E-01  1.81907E+01
  3  9.828945E-01    2.14916E-02  9.61403E-01
 ITERATION:   3
  0  2.372685E-01    1.12223E-02  2.26046E-01
  1  2.238749E-01    1.22236E-03  2.22653E-01
  2  2.003987E-01    8.61422E-03  1.91785E-01
  3  2.129217E-01    1.48597E-04  2.12773E-01
 ITERATION:   4
  0  2.003987E-01    8.61422E-03  1.91785E-01
  1  2.108274E-01    7.95298E-04  2.10032E-01
  2  1.706446E-01    6.61503E-03  1.64030E-01
  3  1.233988E-01    9.36660E-05  1.23305E-01
 ITERATION:   5
  0  1.233988E-01    9.36660E-05  1.23305E-01
  1  1.086126E-02    8.60740E-06  1.08527E-02
  2  1.130802E-01    7.33745E-05  1.13007E-01
  3  1.949925E-02    5.63517E-06  1.94936E-02
 ITERATION:   6
  0  1.086126E-02    8.60740E-06  1.08527E-02
  1  1.051900E-05    7.52333E-08  1.04438E-05
  2  8.806714E-03    7.10516E-06  8.79961E-03
  3  6.987747E-04    8.62960E-07  6.97912E-04
 ITERATION:   7
  0  1.051900E-05    7.52333E-08  1.04438E-05
  1  9.578933E-08    3.98065E-08  5.59828E-08
  2  8.377726E-06    5.22533E-08  8.32547E-06
  3  4.143483E-07    8.15319E-09  4.06195E-07
 ITERATION:   8
  0  9.578933E-08    3.98065E-08  5.59828E-08
  1  4.378473E-08    1.08521E-09  4.26995E-08
  2  7.616066E-08    3.10887E-08  4.50720E-08
  3  2.672483E-08    6.65950E-10  2.60589E-08
