 r/a           mflux_tot     mflux_target
               (GB)          (GB)
 0.000000E+00  0.000000E+00  0.000000E+00
 1.875000E-01  1.135092E-06  0.000000E+00
 3.750000E-01 -5.213249E-06  0.000000E+00
 5.625000E-01 -2.416321E-05  0.000000E+00
 7.500000E-01  1.348568E-05  0.000000E+00
 r/a           mflux_tot     mflux_target
               (GB)          (GB)
 0.000000E+00  0.000000E+00  0.000000E+00
 1.875000E-01  1.868593E-07  0.000000E+00
 3.750000E-01 -5.077429E-06  0.000000E+00
 5.625000E-01 -2.245740E-05  0.000000E+00
 7.500000E-01  1.713822E-05  0.000000E+00
 r/a           mflux_tot     mflux_target
               (GB)          (GB)
 0.000000E+00  0.000000E+00  0.000000E+00
 1.875000E-01  2.366740E-07  0.000000E+00
 3.750000E-01 -4.396920E-06  0.000000E+00
 5.625000E-01 -2.358110E-05  0.000000E+00
 7.500000E-01  2.004167E-05  0.000000E+00
 r/a           mflux_tot     mflux_target
               (GB)          (GB)
 0.000000E+00  0.000000E+00  0.000000E+00
 1.875000E-01  2.171313E-07  0.000000E+00
 3.750000E-01 -3.977041E-06  0.000000E+00
 5.625000E-01 -2.283493E-05  0.000000E+00
 7.500000E-01  1.937073E-05  0.000000E+00
 r/a           mflux_tot     mflux_target
               (GB)          (GB)
 0.000000E+00  0.000000E+00  0.000000E+00
 1.875000E-01  2.185146E-07  0.000000E+00
 3.750000E-01 -3.974733E-06  0.000000E+00
 5.625000E-01 -2.275297E-05  0.000000E+00
 7.500000E-01  2.452793E-05  0.000000E+00
 r/a           mflux_tot     mflux_target
               (GB)          (GB)
 0.000000E+00  0.000000E+00  0.000000E+00
 1.875000E-01  2.136444E-07  0.000000E+00
 3.750000E-01 -3.973750E-06  0.000000E+00
 5.625000E-01 -2.233450E-05  0.000000E+00
 7.500000E-01  2.547317E-05  0.000000E+00
 r/a           mflux_tot     mflux_target
               (GB)          (GB)
 0.000000E+00  0.000000E+00  0.000000E+00
 1.875000E-01  2.111266E-07  0.000000E+00
 3.750000E-01 -3.978572E-06  0.000000E+00
 5.625000E-01 -2.222383E-05  0.000000E+00
 7.500000E-01  2.521545E-05  0.000000E+00
 r/a           mflux_tot     mflux_target
               (GB)          (GB)
 0.000000E+00  0.000000E+00  0.000000E+00
 1.875000E-01  2.109048E-07  0.000000E+00
 3.750000E-01 -3.979515E-06  0.000000E+00
 5.625000E-01 -2.227023E-05  0.000000E+00
 7.500000E-01  2.515590E-05  0.000000E+00
 r/a           mflux_tot     mflux_target
               (GB)          (GB)
 0.000000E+00  0.000000E+00  0.000000E+00
 1.875000E-01  2.109393E-07  0.000000E+00
 3.750000E-01 -3.979290E-06  0.000000E+00
 5.625000E-01 -2.228013E-05  0.000000E+00
 7.500000E-01  2.515473E-05  0.000000E+00
