 r/a           mflux_e_neo   mflux_e_tur   expwd_e_tur
               (GB)          (GB)          (GB)
 0.000000E+00  0.000000E+00  0.000000E+00  0.000000E+00
 1.875000E-01  0.000000E+00  7.213610E-10  0.000000E+00
 3.750000E-01  0.000000E+00  4.479835E-08  0.000000E+00
 5.625000E-01  0.000000E+00  2.109441E-07  0.000000E+00
 7.500000E-01  0.000000E+00  9.602881E-07  0.000000E+00
 r/a           mflux_e_neo   mflux_e_tur   expwd_e_tur
               (GB)          (GB)          (GB)
 0.000000E+00  0.000000E+00  0.000000E+00  0.000000E+00
 1.875000E-01  0.000000E+00  2.631811E-10  0.000000E+00
 3.750000E-01  0.000000E+00  1.884974E-08  0.000000E+00
 5.625000E-01  0.000000E+00  1.390293E-07  0.000000E+00
 7.500000E-01  0.000000E+00  1.337255E-06  0.000000E+00
 r/a           mflux_e_neo   mflux_e_tur   expwd_e_tur
               (GB)          (GB)          (GB)
 0.000000E+00  0.000000E+00  0.000000E+00  0.000000E+00
 1.875000E-01  0.000000E+00  2.627329E-10  0.000000E+00
 3.750000E-01  0.000000E+00  9.972753E-09  0.000000E+00
 5.625000E-01  0.000000E+00  1.146178E-07  0.000000E+00
 7.500000E-01  0.000000E+00  1.001443E-06  0.000000E+00
 r/a           mflux_e_neo   mflux_e_tur   expwd_e_tur
               (GB)          (GB)          (GB)
 0.000000E+00  0.000000E+00  0.000000E+00  0.000000E+00
 1.875000E-01  0.000000E+00  1.334574E-09  0.000000E+00
 3.750000E-01  0.000000E+00  8.599027E-09  0.000000E+00
 5.625000E-01  0.000000E+00  1.162224E-07  0.000000E+00
 7.500000E-01  0.000000E+00  1.101074E-06  0.000000E+00
 r/a           mflux_e_neo   mflux_e_tur   expwd_e_tur
               (GB)          (GB)          (GB)
 0.000000E+00  0.000000E+00  0.000000E+00  0.000000E+00
 1.875000E-01  0.000000E+00  1.238307E-09  0.000000E+00
 3.750000E-01  0.000000E+00  8.601213E-09  0.000000E+00
 5.625000E-01  0.000000E+00  1.163964E-07  0.000000E+00
 7.500000E-01  0.000000E+00  8.057604E-07  0.000000E+00
 r/a           mflux_e_neo   mflux_e_tur   expwd_e_tur
               (GB)          (GB)          (GB)
 0.000000E+00  0.000000E+00  0.000000E+00  0.000000E+00
 1.875000E-01  0.000000E+00  1.173299E-09  0.000000E+00
 3.750000E-01  0.000000E+00  8.495647E-09  0.000000E+00
 5.625000E-01  0.000000E+00  1.167607E-07  0.000000E+00
 7.500000E-01  0.000000E+00  8.841708E-07  0.000000E+00
 r/a           mflux_e_neo   mflux_e_tur   expwd_e_tur
               (GB)          (GB)          (GB)
 0.000000E+00  0.000000E+00  0.000000E+00  0.000000E+00
 1.875000E-01  0.000000E+00  1.153250E-09  0.000000E+00
 3.750000E-01  0.000000E+00  8.417866E-09  0.000000E+00
 5.625000E-01  0.000000E+00  1.162440E-07  0.000000E+00
 7.500000E-01  0.000000E+00  8.973094E-07  0.000000E+00
 r/a           mflux_e_neo   mflux_e_tur   expwd_e_tur
               (GB)          (GB)          (GB)
 0.000000E+00  0.000000E+00  0.000000E+00  0.000000E+00
 1.875000E-01  0.000000E+00  1.156349E-09  0.000000E+00
 3.750000E-01  0.000000E+00  8.405206E-09  0.000000E+00
 5.625000E-01  0.000000E+00  1.158833E-07  0.000000E+00
 7.500000E-01  0.000000E+00  9.006211E-07  0.000000E+00
 r/a           mflux_e_neo   mflux_e_tur   expwd_e_tur
               (GB)          (GB)          (GB)
 0.000000E+00  0.000000E+00  0.000000E+00  0.000000E+00
 1.875000E-01  0.000000E+00  1.157069E-09  0.000000E+00
 3.750000E-01  0.000000E+00  8.409174E-09  0.000000E+00
 5.625000E-01  0.000000E+00  1.158404E-07  0.000000E+00
 7.500000E-01  0.000000E+00  9.006777E-07  0.000000E+00
