 r/a           mflux_i_neo   mflux_i_tur   expwd_i_tur
               (GB)          (GB)          (GB)
 0.000000E+00  0.000000E+00  0.000000E+00  0.000000E+00
 1.875000E-01  0.000000E+00  1.134370E-06  0.000000E+00
 3.750000E-01  0.000000E+00 -5.258047E-06  0.000000E+00
 5.625000E-01  0.000000E+00 -2.437415E-05  0.000000E+00
 7.500000E-01  0.000000E+00  1.252539E-05  0.000000E+00
 r/a           mflux_i_neo   mflux_i_tur   expwd_i_tur
               (GB)          (GB)          (GB)
 0.000000E+00  0.000000E+00  0.000000E+00  0.000000E+00
 1.875000E-01  0.000000E+00  1.865961E-07  0.000000E+00
 3.750000E-01  0.000000E+00 -5.096278E-06  0.000000E+00
 5.625000E-01  0.000000E+00 -2.259643E-05  0.000000E+00
 7.500000E-01  0.000000E+00  1.580096E-05  0.000000E+00
 r/a           mflux_i_neo   mflux_i_tur   expwd_i_tur
               (GB)          (GB)          (GB)
 0.000000E+00  0.000000E+00  0.000000E+00  0.000000E+00
 1.875000E-01  0.000000E+00  2.364112E-07  0.000000E+00
 3.750000E-01  0.000000E+00 -4.406893E-06  0.000000E+00
 5.625000E-01  0.000000E+00 -2.369571E-05  0.000000E+00
 7.500000E-01  0.000000E+00  1.904022E-05  0.000000E+00
 r/a           mflux_i_neo   mflux_i_tur   expwd_i_tur
               (GB)          (GB)          (GB)
 0.000000E+00  0.000000E+00  0.000000E+00  0.000000E+00
 1.875000E-01  0.000000E+00  2.157967E-07  0.000000E+00
 3.750000E-01  0.000000E+00 -3.985640E-06  0.000000E+00
 5.625000E-01  0.000000E+00 -2.295115E-05  0.000000E+00
 7.500000E-01  0.000000E+00  1.826966E-05  0.000000E+00
 r/a           mflux_i_neo   mflux_i_tur   expwd_i_tur
               (GB)          (GB)          (GB)
 0.000000E+00  0.000000E+00  0.000000E+00  0.000000E+00
 1.875000E-01  0.000000E+00  2.172763E-07  0.000000E+00
 3.750000E-01  0.000000E+00 -3.983335E-06  0.000000E+00
 5.625000E-01  0.000000E+00 -2.286936E-05  0.000000E+00
 7.500000E-01  0.000000E+00  2.372217E-05  0.000000E+00
 r/a           mflux_i_neo   mflux_i_tur   expwd_i_tur
               (GB)          (GB)          (GB)
 0.000000E+00  0.000000E+00  0.000000E+00  0.000000E+00
 1.875000E-01  0.000000E+00  2.124711E-07  0.000000E+00
 3.750000E-01  0.000000E+00 -3.982245E-06  0.000000E+00
 5.625000E-01  0.000000E+00 -2.245126E-05  0.000000E+00
 7.500000E-01  0.000000E+00  2.458900E-05  0.000000E+00
 r/a           mflux_i_neo   mflux_i_tur   expwd_i_tur
               (GB)          (GB)          (GB)
 0.000000E+00  0.000000E+00  0.000000E+00  0.000000E+00
 1.875000E-01  0.000000E+00  2.099734E-07  0.000000E+00
 3.750000E-01  0.000000E+00 -3.986990E-06  0.000000E+00
 5.625000E-01  0.000000E+00 -2.234007E-05  0.000000E+00
 7.500000E-01  0.000000E+00  2.431814E-05  0.000000E+00
 r/a           mflux_i_neo   mflux_i_tur   expwd_i_tur
               (GB)          (GB)          (GB)
 0.000000E+00  0.000000E+00  0.000000E+00  0.000000E+00
 1.875000E-01  0.000000E+00  2.097484E-07  0.000000E+00
 3.750000E-01  0.000000E+00 -3.987920E-06  0.000000E+00
 5.625000E-01  0.000000E+00 -2.238611E-05  0.000000E+00
 7.500000E-01  0.000000E+00  2.425528E-05  0.000000E+00
 r/a           mflux_i_neo   mflux_i_tur   expwd_i_tur
               (GB)          (GB)          (GB)
 0.000000E+00  0.000000E+00  0.000000E+00  0.000000E+00
 1.875000E-01  0.000000E+00  2.097822E-07  0.000000E+00
 3.750000E-01  0.000000E+00 -3.987699E-06  0.000000E+00
 5.625000E-01  0.000000E+00 -2.239597E-05  0.000000E+00
 7.500000E-01  0.000000E+00  2.425406E-05  0.000000E+00
