 r/a           (a/cs)/t_ii   (a/cs)/t_ee   (a/cs)nu_exch rho_i/a       rho_s/a
 0.000000E+00  6.913080E-04  2.591089E-02  1.061244E-05  3.962941E-03  4.651247E-03
 1.875000E-01  8.346381E-04  3.122888E-02  1.279055E-05  3.672041E-03  4.312312E-03
 3.750000E-01  1.354145E-03  5.236416E-02  2.144688E-05  3.039534E-03  3.530525E-03
 5.625000E-01  2.370798E-03  1.064916E-01  4.361457E-05  2.419760E-03  2.673750E-03
 7.500000E-01  4.487463E-03  2.951563E-01  1.208722E-04  1.815592E-03  1.766674E-03
 r/a           (a/cs)/t_ii   (a/cs)/t_ee   (a/cs)nu_exch rho_i/a       rho_s/a
 0.000000E+00  8.608975E-04  3.403588E-02  1.394007E-05  3.760004E-03  4.335261E-03
 1.875000E-01  1.004273E-03  3.975886E-02  1.628403E-05  3.515810E-03  4.051850E-03
 3.750000E-01  1.454154E-03  5.621343E-02  2.302344E-05  2.984073E-03  3.466477E-03
 5.625000E-01  2.162078E-03  8.528027E-02  3.492825E-05  2.453979E-03  2.831613E-03
 7.500000E-01  4.487463E-03  2.951563E-01  1.208722E-04  1.815592E-03  1.766674E-03
 r/a           (a/cs)/t_ii   (a/cs)/t_ee   (a/cs)nu_exch rho_i/a       rho_s/a
 0.000000E+00  9.912719E-04  4.736517E-02  1.939855E-05  3.677763E-03  3.980922E-03
 1.875000E-01  1.142221E-03  5.597681E-02  2.292533E-05  3.456017E-03  3.709471E-03
 3.750000E-01  1.554110E-03  7.406128E-02  3.033204E-05  2.979816E-03  3.228308E-03
 5.625000E-01  2.187011E-03  1.005270E-01  4.117148E-05  2.474997E-03  2.713852E-03
 7.500000E-01  4.487463E-03  2.951563E-01  1.208722E-04  1.815592E-03  1.766674E-03
 r/a           (a/cs)/t_ii   (a/cs)/t_ee   (a/cs)nu_exch rho_i/a       rho_s/a
 0.000000E+00  1.021192E-03  4.437888E-02  1.817589E-05  3.623680E-03  4.048389E-03
 1.875000E-01  1.189156E-03  5.567847E-02  2.280339E-05  3.408567E-03  3.714591E-03
 3.750000E-01  1.604306E-03  7.800689E-02  3.194782E-05  2.959929E-03  3.185333E-03
 5.625000E-01  2.211082E-03  1.063396E-01  4.355163E-05  2.476408E-03  2.674736E-03
 7.500000E-01  4.487463E-03  2.951563E-01  1.208722E-04  1.815592E-03  1.766674E-03
 r/a           (a/cs)/t_ii   (a/cs)/t_ee   (a/cs)nu_exch rho_i/a       rho_s/a
 0.000000E+00  1.024121E-03  4.485278E-02  1.836995E-05  3.623118E-03  4.037308E-03
 1.875000E-01  1.191843E-03  5.596370E-02  2.292019E-05  3.407313E-03  3.709695E-03
 3.750000E-01  1.606124E-03  7.795841E-02  3.192798E-05  2.958674E-03  3.185844E-03
 5.625000E-01  2.211982E-03  1.062829E-01  4.352844E-05  2.475974E-03  2.675104E-03
 7.500000E-01  4.487463E-03  2.951563E-01  1.208722E-04  1.815592E-03  1.766674E-03
 r/a           (a/cs)/t_ii   (a/cs)/t_ee   (a/cs)nu_exch rho_i/a       rho_s/a
 0.000000E+00  1.031571E-03  4.506170E-02  1.845553E-05  3.615640E-03  4.032469E-03
 1.875000E-01  1.200798E-03  5.605465E-02  2.295747E-05  3.399236E-03  3.708141E-03
 3.750000E-01  1.615431E-03  7.773433E-02  3.183627E-05  2.952343E-03  3.188213E-03
 5.625000E-01  2.217164E-03  1.058687E-01  4.335884E-05  2.473318E-03  2.677804E-03
 7.500000E-01  4.487463E-03  2.951563E-01  1.208722E-04  1.815592E-03  1.766674E-03
 r/a           (a/cs)/t_ii   (a/cs)/t_ee   (a/cs)nu_exch rho_i/a       rho_s/a
 0.000000E+00  1.034126E-03  4.515706E-02  1.849458E-05  3.613234E-03  4.030270E-03
 1.875000E-01  1.204137E-03  5.612700E-02  2.298711E-05  3.396422E-03  3.706906E-03
 3.750000E-01  1.619349E-03  7.764084E-02  3.179801E-05  2.949692E-03  3.189203E-03
 5.625000E-01  2.218955E-03  1.054241E-01  4.317683E-05  2.471872E-03  2.680716E-03
 7.500000E-01  4.487463E-03  2.951563E-01  1.208722E-04  1.815592E-03  1.766674E-03
 r/a           (a/cs)/t_ii   (a/cs)/t_ee   (a/cs)nu_exch rho_i/a       rho_s/a
 0.000000E+00  1.033859E-03  4.516992E-02  1.849985E-05  3.613623E-03  4.029974E-03
 1.875000E-01  1.203947E-03  5.615279E-02  2.299767E-05  3.396717E-03  3.706467E-03
 3.750000E-01  1.619385E-03  7.766488E-02  3.180786E-05  2.949739E-03  3.188949E-03
 5.625000E-01  2.218910E-03  1.053417E-01  4.314309E-05  2.471744E-03  2.681258E-03
 7.500000E-01  4.487463E-03  2.951563E-01  1.208722E-04  1.815592E-03  1.766674E-03
 r/a           (a/cs)/t_ii   (a/cs)/t_ee   (a/cs)nu_exch rho_i/a       rho_s/a
 0.000000E+00  1.033804E-03  4.516580E-02  1.849816E-05  3.613662E-03  4.030069E-03
 1.875000E-01  1.203879E-03  5.614948E-02  2.299632E-05  3.396766E-03  3.706523E-03
 3.750000E-01  1.619325E-03  7.766913E-02  3.180959E-05  2.949788E-03  3.188904E-03
 5.625000E-01  2.218894E-03  1.053477E-01  4.314551E-05  2.471760E-03  2.681219E-03
 7.500000E-01  4.487463E-03  2.951563E-01  1.208722E-04  1.815592E-03  1.766674E-03
