 r/a           p_alpha       p_brem        p_exch        p_i_aux       p_e_aux       p_i           p_e
               (MW)          (MW)          (MW)          (MW)          (MW)          (MW)          (MW)
 0.000000E+00  0.000000E+00  0.000000E+00  0.000000E+00  0.000000E+00  0.000000E+00  0.000000E+00  0.000000E+00
 1.875000E-01  8.377048E-06 -5.453582E-04  1.885136E-02  0.000000E+00  0.000000E+00  2.088160E-01  9.636486E-02
 3.750000E-01  1.853747E-05 -1.737936E-03  6.645638E-02  0.000000E+00  0.000000E+00  6.048228E-01  3.365587E-01
 5.625000E-01  2.049480E-05 -2.905905E-03  1.197635E-01  0.000000E+00  0.000000E+00  9.387490E-01  7.166578E-01
 7.500000E-01  2.068151E-05 -3.793106E-03  1.347459E-01  0.000000E+00  0.000000E+00  1.111526E+00  1.151532E+00
 r/a           p_alpha       p_brem        p_exch        p_i_aux       p_e_aux       p_i           p_e
               (MW)          (MW)          (MW)          (MW)          (MW)          (MW)          (MW)
 0.000000E+00  0.000000E+00  0.000000E+00  0.000000E+00  0.000000E+00  0.000000E+00  0.000000E+00  0.000000E+00
 1.875000E-01  5.269131E-06 -5.124188E-04  1.789426E-02  0.000000E+00  0.000000E+00  2.078589E-01  9.732197E-02
 3.750000E-01  1.197423E-05 -1.660315E-03  6.502411E-02  0.000000E+00  0.000000E+00  6.033906E-01  3.379910E-01
 5.625000E-01  1.361918E-05 -2.847289E-03  1.263891E-01  0.000000E+00  0.000000E+00  9.453746E-01  7.100322E-01
 7.500000E-01  1.384093E-05 -3.765236E-03  1.489475E-01  0.000000E+00  0.000000E+00  1.125727E+00  1.137331E+00
 r/a           p_alpha       p_brem        p_exch        p_i_aux       p_e_aux       p_i           p_e
               (MW)          (MW)          (MW)          (MW)          (MW)          (MW)          (MW)
 0.000000E+00  0.000000E+00  0.000000E+00  0.000000E+00  0.000000E+00  0.000000E+00  0.000000E+00  0.000000E+00
 1.875000E-01  4.372658E-06 -4.691197E-04  1.032551E-02  0.000000E+00  0.000000E+00  2.002902E-01  1.048907E-01
 3.750000E-01  1.015721E-05 -1.530056E-03  3.843364E-02  0.000000E+00  0.000000E+00  5.768001E-01  3.645815E-01
 5.625000E-01  1.180256E-05 -2.650433E-03  7.875424E-02  0.000000E+00  0.000000E+00  8.977398E-01  7.576670E-01
 7.500000E-01  1.204877E-05 -3.545444E-03  9.172129E-02  0.000000E+00  0.000000E+00  1.068501E+00  1.194557E+00
 r/a           p_alpha       p_brem        p_exch        p_i_aux       p_e_aux       p_i           p_e
               (MW)          (MW)          (MW)          (MW)          (MW)          (MW)          (MW)
 0.000000E+00  0.000000E+00  0.000000E+00  0.000000E+00  0.000000E+00  0.000000E+00  0.000000E+00  0.000000E+00
 1.875000E-01  3.756821E-06 -4.697672E-04  1.234463E-02  0.000000E+00  0.000000E+00  2.023093E-01  1.028716E-01
 3.750000E-01  8.817671E-06 -1.523472E-03  4.128296E-02  0.000000E+00  0.000000E+00  5.796494E-01  3.617321E-01
 5.625000E-01  1.035688E-05 -2.628353E-03  7.724533E-02  0.000000E+00  0.000000E+00  8.962309E-01  7.591759E-01
 7.500000E-01  1.060482E-05 -3.515746E-03  8.704306E-02  0.000000E+00  0.000000E+00  1.063823E+00  1.199235E+00
 r/a           p_alpha       p_brem        p_exch        p_i_aux       p_e_aux       p_i           p_e
               (MW)          (MW)          (MW)          (MW)          (MW)          (MW)          (MW)
 0.000000E+00  0.000000E+00  0.000000E+00  0.000000E+00  0.000000E+00  0.000000E+00  0.000000E+00  0.000000E+00
 1.875000E-01  3.741605E-06 -4.691480E-04  1.223348E-02  0.000000E+00  0.000000E+00  2.021982E-01  1.029827E-01
 3.750000E-01  8.780673E-06 -1.522328E-03  4.118100E-02  0.000000E+00  0.000000E+00  5.795474E-01  3.618341E-01
 5.625000E-01  1.031278E-05 -2.627374E-03  7.733420E-02  0.000000E+00  0.000000E+00  8.963198E-01  7.590871E-01
 7.500000E-01  1.056019E-05 -3.514839E-03  8.720242E-02  0.000000E+00  0.000000E+00  1.063982E+00  1.199076E+00
 r/a           p_alpha       p_brem        p_exch        p_i_aux       p_e_aux       p_i           p_e
               (MW)          (MW)          (MW)          (MW)          (MW)          (MW)          (MW)
 0.000000E+00  0.000000E+00  0.000000E+00  0.000000E+00  0.000000E+00  0.000000E+00  0.000000E+00  0.000000E+00
 1.875000E-01  3.644856E-06 -4.689514E-04  1.249549E-02  0.000000E+00  0.000000E+00  2.024602E-01  1.027207E-01
 3.750000E-01  8.554506E-06 -1.522369E-03  4.229695E-02  0.000000E+00  0.000000E+00  5.806634E-01  3.607181E-01
 5.625000E-01  1.005071E-05 -2.628375E-03  7.950733E-02  0.000000E+00  0.000000E+00  8.984929E-01  7.569139E-01
 7.500000E-01  1.029488E-05 -3.516366E-03  8.984077E-02  0.000000E+00  0.000000E+00  1.066621E+00  1.196438E+00
 r/a           p_alpha       p_brem        p_exch        p_i_aux       p_e_aux       p_i           p_e
               (MW)          (MW)          (MW)          (MW)          (MW)          (MW)          (MW)
 0.000000E+00  0.000000E+00  0.000000E+00  0.000000E+00  0.000000E+00  0.000000E+00  0.000000E+00  0.000000E+00
 1.875000E-01  3.611643E-06 -4.687953E-04  1.256428E-02  0.000000E+00  0.000000E+00  2.025290E-01  1.026519E-01
 3.750000E-01  8.474617E-06 -1.522238E-03  4.268127E-02  0.000000E+00  0.000000E+00  5.810477E-01  3.603338E-01
 5.625000E-01  9.955610E-06 -2.628993E-03  8.050503E-02  0.000000E+00  0.000000E+00  8.994906E-01  7.559162E-01
 7.500000E-01  1.019803E-05 -3.517551E-03  9.120512E-02  0.000000E+00  0.000000E+00  1.067985E+00  1.195073E+00
 r/a           p_alpha       p_brem        p_exch        p_i_aux       p_e_aux       p_i           p_e
               (MW)          (MW)          (MW)          (MW)          (MW)          (MW)          (MW)
 0.000000E+00  0.000000E+00  0.000000E+00  0.000000E+00  0.000000E+00  0.000000E+00  0.000000E+00  0.000000E+00
 1.875000E-01  3.615121E-06 -4.687398E-04  1.253854E-02  0.000000E+00  0.000000E+00  2.025032E-01  1.026777E-01
 3.750000E-01  8.481812E-06 -1.522080E-03  4.261111E-02  0.000000E+00  0.000000E+00  5.809776E-01  3.604040E-01
 5.625000E-01  9.962887E-06 -2.628894E-03  8.047102E-02  0.000000E+00  0.000000E+00  8.994566E-01  7.559502E-01
 7.500000E-01  1.020516E-05 -3.517557E-03  9.122597E-02  0.000000E+00  0.000000E+00  1.068006E+00  1.195052E+00
 r/a           p_alpha       p_brem        p_exch        p_i_aux       p_e_aux       p_i           p_e
               (MW)          (MW)          (MW)          (MW)          (MW)          (MW)          (MW)
 0.000000E+00  0.000000E+00  0.000000E+00  0.000000E+00  0.000000E+00  0.000000E+00  0.000000E+00  0.000000E+00
 1.875000E-01  3.615698E-06 -4.687469E-04  1.253848E-02  0.000000E+00  0.000000E+00  2.025032E-01  1.026777E-01
 3.750000E-01  8.483212E-06 -1.522086E-03  4.260484E-02  0.000000E+00  0.000000E+00  5.809713E-01  3.604103E-01
 5.625000E-01  9.964553E-06 -2.628884E-03  8.045401E-02  0.000000E+00  0.000000E+00  8.994396E-01  7.559673E-01
 7.500000E-01  1.020684E-05 -3.517540E-03  9.120436E-02  0.000000E+00  0.000000E+00  1.067984E+00  1.195074E+00
