 r/a           ni            ne            ti            te            ti/te         betae_unit    M=wR/cs
               (1/cm^3)      (1/cm^3)      (keV)         (keV)                                     
 0.000000E+00  3.366493E+13  3.366493E+13  1.933085E+00  2.662898E+00  7.259328E-01  5.044959E-03  3.032057E-01
 1.875000E-01  3.135594E+13  3.135594E+13  1.692379E+00  2.334011E+00  7.250946E-01  4.039070E-03  2.788811E-01
 3.750000E-01  2.610527E+13  2.610527E+13  1.208933E+00  1.631049E+00  7.411998E-01  2.253969E-03  2.864020E-01
 5.625000E-01  2.109623E+13  2.109623E+13  8.323760E-01  1.016287E+00  8.190363E-01  1.044690E-03  2.811937E-01
 7.500000E-01  1.739499E+13  1.739499E+13  5.754558E-01  5.448646E-01  1.056145E+00  3.760784E-04  2.174720E-01
 r/a           ni            ne            ti            te            ti/te         betae_unit    M=wR/cs
               (1/cm^3)      (1/cm^3)      (keV)         (keV)                                     
 0.000000E+00  3.366493E+13  3.366493E+13  1.740173E+00  2.313376E+00  7.522223E-01  4.382776E-03  3.253056E-01
 1.875000E-01  3.135594E+13  3.135594E+13  1.551434E+00  2.060579E+00  7.529118E-01  3.565888E-03  2.968082E-01
 3.750000E-01  2.610527E+13  2.610527E+13  1.165218E+00  1.572407E+00  7.410412E-01  2.172931E-03  2.916937E-01
 5.625000E-01  2.109623E+13  2.109623E+13  8.560843E-01  1.139837E+00  7.510588E-01  1.171693E-03  2.655171E-01
 7.500000E-01  1.739499E+13  1.739499E+13  5.754558E-01  5.448646E-01  1.056145E+00  3.760784E-04  2.174720E-01
 r/a           ni            ne            ti            te            ti/te         betae_unit    M=wR/cs
               (1/cm^3)      (1/cm^3)      (keV)         (keV)                                     
 0.000000E+00  3.366493E+13  3.366493E+13  1.664881E+00  1.950667E+00  8.534933E-01  3.695611E-03  3.542607E-01
 1.875000E-01  3.135594E+13  3.135594E+13  1.499113E+00  1.727056E+00  8.680162E-01  2.988718E-03  3.242032E-01
 3.750000E-01  2.610527E+13  2.610527E+13  1.161895E+00  1.363760E+00  8.519791E-01  1.884600E-03  3.132135E-01
 5.625000E-01  2.109623E+13  2.109623E+13  8.708117E-01  1.047001E+00  8.317197E-01  1.076263E-03  2.770385E-01
 7.500000E-01  1.739499E+13  1.739499E+13  5.754558E-01  5.448646E-01  1.056145E+00  3.760784E-04  2.174720E-01
 r/a           ni            ne            ti            te            ti/te         betae_unit    M=wR/cs
               (1/cm^3)      (1/cm^3)      (keV)         (keV)                                     
 0.000000E+00  3.366493E+13  3.366493E+13  1.616275E+00  2.017345E+00  8.011894E-01  3.821935E-03  3.483570E-01
 1.875000E-01  3.135594E+13  3.135594E+13  1.458230E+00  1.731827E+00  8.420185E-01  2.996974E-03  3.237563E-01
 3.750000E-01  2.610527E+13  2.610527E+13  1.146439E+00  1.327694E+00  8.634816E-01  1.834758E-03  3.174392E-01
 5.625000E-01  2.109623E+13  2.109623E+13  8.718052E-01  1.017037E+00  8.572008E-01  1.045461E-03  2.810900E-01
 7.500000E-01  1.739499E+13  1.739499E+13  5.754558E-01  5.448646E-01  1.056145E+00  3.760784E-04  2.174720E-01
 r/a           ni            ne            ti            te            ti/te         betae_unit    M=wR/cs
               (1/cm^3)      (1/cm^3)      (keV)         (keV)                                     
 0.000000E+00  3.366493E+13  3.366493E+13  1.615774E+00  2.006316E+00  8.053435E-01  3.801041E-03  3.493131E-01
 1.875000E-01  3.135594E+13  3.135594E+13  1.457158E+00  1.727265E+00  8.436214E-01  2.989079E-03  3.241836E-01
 3.750000E-01  2.610527E+13  2.610527E+13  1.145467E+00  1.328120E+00  8.624723E-01  1.835347E-03  3.173883E-01
 5.625000E-01  2.109623E+13  2.109623E+13  8.714990E-01  1.017317E+00  8.566640E-01  1.045749E-03  2.810513E-01
 7.500000E-01  1.739499E+13  1.739499E+13  5.754558E-01  5.448646E-01  1.056145E+00  3.760784E-04  2.174720E-01
 r/a           ni            ne            ti            te            ti/te         betae_unit    M=wR/cs
               (1/cm^3)      (1/cm^3)      (keV)         (keV)                                     
 0.000000E+00  3.366493E+13  3.366493E+13  1.609111E+00  2.001510E+00  8.039486E-01  3.791935E-03  3.497322E-01
 1.875000E-01  3.135594E+13  3.135594E+13  1.450258E+00  1.725818E+00  8.403309E-01  2.986574E-03  3.243195E-01
 3.750000E-01  2.610527E+13  2.610527E+13  1.140570E+00  1.330096E+00  8.575095E-01  1.838078E-03  3.171525E-01
 5.625000E-01  2.109623E+13  2.109623E+13  8.696308E-01  1.019372E+00  8.531048E-01  1.047861E-03  2.807680E-01
 7.500000E-01  1.739499E+13  1.739499E+13  5.754558E-01  5.448646E-01  1.056145E+00  3.760784E-04  2.174720E-01
 r/a           ni            ne            ti            te            ti/te         betae_unit    M=wR/cs
               (1/cm^3)      (1/cm^3)      (keV)         (keV)                                     
 0.000000E+00  3.366493E+13  3.366493E+13  1.606971E+00  1.999328E+00  8.037554E-01  3.787801E-03  3.499231E-01
 1.875000E-01  3.135594E+13  3.135594E+13  1.447857E+00  1.724669E+00  8.394986E-01  2.984586E-03  3.244275E-01
 3.750000E-01  2.610527E+13  2.610527E+13  1.138523E+00  1.330922E+00  8.554389E-01  1.839220E-03  3.170539E-01
 5.625000E-01  2.109623E+13  2.109623E+13  8.686141E-01  1.021590E+00  8.502572E-01  1.050141E-03  2.804630E-01
 7.500000E-01  1.739499E+13  1.739499E+13  5.754558E-01  5.448646E-01  1.056145E+00  3.760784E-04  2.174720E-01
 r/a           ni            ne            ti            te            ti/te         betae_unit    M=wR/cs
               (1/cm^3)      (1/cm^3)      (keV)         (keV)                                     
 0.000000E+00  3.366493E+13  3.366493E+13  1.607317E+00  1.999034E+00  8.040467E-01  3.787244E-03  3.499488E-01
 1.875000E-01  3.135594E+13  3.135594E+13  1.448109E+00  1.724260E+00  8.398440E-01  2.983879E-03  3.244659E-01
 3.750000E-01  2.610527E+13  2.610527E+13  1.138559E+00  1.330710E+00  8.556029E-01  1.838926E-03  3.170793E-01
 5.625000E-01  2.109623E+13  2.109623E+13  8.685239E-01  1.022002E+00  8.498256E-01  1.050565E-03  2.804064E-01
 7.500000E-01  1.739499E+13  1.739499E+13  5.754558E-01  5.448646E-01  1.056145E+00  3.760784E-04  2.174720E-01
 r/a           ni            ne            ti            te            ti/te         betae_unit    M=wR/cs
               (1/cm^3)      (1/cm^3)      (keV)         (keV)                                     
 0.000000E+00  3.366493E+13  3.366493E+13  1.607351E+00  1.999128E+00  8.040261E-01  3.787422E-03  3.499405E-01
 1.875000E-01  3.135594E+13  3.135594E+13  1.448151E+00  1.724312E+00  8.398427E-01  2.983969E-03  3.244610E-01
 3.750000E-01  2.610527E+13  2.610527E+13  1.138597E+00  1.330672E+00  8.556553E-01  1.838874E-03  3.170838E-01
 5.625000E-01  2.109623E+13  2.109623E+13  8.685353E-01  1.021973E+00  8.498615E-01  1.050535E-03  2.804104E-01
 7.500000E-01  1.739499E+13  1.739499E+13  5.754558E-01  5.448646E-01  1.056145E+00  3.760784E-04  2.174720E-01
