 ITERATION :   0 3.58055E+01  [   4]
 0.187500   1.818E-02  1.000E+00    3.679E-01  1.000E+00
 0.375000   1.486E-03  1.000E+00    1.790E+00  1.000E+00
 0.562500   6.431E-01  1.000E+00    2.494E+01  1.000E+00
 0.750000   5.634E-01  1.000E+00    7.483E+00  1.000E+00
 ITERATION :   1 2.27453E+01  [  24]
 0.187500   9.017E-03  7.500E-01    4.660E-02  7.500E-01
 0.375000   1.107E-03  7.500E-01    4.418E-01  7.500E-01
 0.562500   1.920E-01  7.500E-01    3.973E+00  7.500E-01
 0.750000   1.136E-01  7.500E-01    1.797E+01  7.500E-01
 ITERATION :   2 2.37268E-01  [  48]
 0.187500   2.219E-03  1.000E+00    2.756E-02  1.000E+00
 0.375000   2.224E-03  1.000E+00    1.386E-02  1.000E+00
 0.562500   1.183E-03  1.000E+00    1.846E-01  1.000E+00
 0.750000   5.597E-03  1.000E+00    4.624E-06  1.000E+00
 ITERATION :   3 2.00399E-01  [  72]
 0.187500   1.649E-03  1.000E-01    2.200E-02  1.000E-01
 0.375000   1.694E-03  1.000E-01    1.127E-02  1.000E-01
 0.562500   9.363E-04  1.000E-01    1.579E-01  1.000E-01
 0.750000   4.335E-03  1.000E-01    6.496E-04  1.000E-01
 ITERATION :   4 1.23399E-01  [  96]
 0.187500   1.448E-05  7.500E-01    9.147E-04  7.500E-01
 0.375000   2.683E-07  7.500E-01    2.050E-04  7.500E-01
 0.562500   7.664E-05  7.500E-01    4.703E-02  7.500E-01
 0.750000   2.277E-06  7.500E-01    7.515E-02  7.500E-01
 ITERATION :   5 1.08613E-02  [ 120]
 0.187500   7.372E-07  1.000E+00    2.898E-05  1.000E+00
 0.375000   9.990E-08  1.000E+00    1.317E-05  1.000E+00
 0.562500   2.146E-06  1.000E+00    2.225E-03  1.000E+00
 0.750000   5.624E-06  1.000E+00    8.586E-03  1.000E+00
 ITERATION :   6 1.05190E-05  [ 144]
 0.187500   2.481E-11  1.000E+00    4.431E-06  1.000E+00
 0.375000   1.076E-09  1.000E+00    5.999E-06  1.000E+00
 0.562500   1.867E-08  1.000E+00    6.606E-09  1.000E+00
 0.750000   5.546E-08  1.000E+00    7.038E-09  1.000E+00
 ITERATION :   7 9.57893E-08  [ 168]
 0.187500   1.404E-09  1.000E+00    3.741E-08  1.000E+00
 0.375000   1.534E-13  1.000E+00    1.850E-08  1.000E+00
 0.562500   1.650E-09  1.000E+00    2.689E-11  1.000E+00
 0.750000   3.675E-08  1.000E+00    4.765E-11  1.000E+00
 ITERATION :   8 2.67248E-08  [ 192]
 0.187500   1.876E-11  7.500E-01    1.841E-09  7.500E-01
 0.375000   1.469E-11  7.500E-01    8.947E-10  7.500E-01
 0.562500   2.229E-11  7.500E-01    4.226E-09  7.500E-01
 0.750000   6.102E-10  7.500E-01    1.910E-08  7.500E-01
