 -----------------------------------------------------------------
 TGYRO simdir : 
 Passing control to TGYRO executable ...
 -----------------------------------------------------------------
 CPU Partition list
 
 ----------   ----------------  --------
  Instance     Directory Name     CPUs  
 ----------   ----------------  --------
   1              TGLF/            1
   2              TGLF/            1
   3              TGLF/            1
   4              TGLF/            1
 ----------   ----------------  --------
                     Total:        4
 
 INFO: TGYRO passing input.profiles.geo information to components
 
 Job control
 
 LOC_RESTART_FLAG               : New simulation
 LOC_LOCK_PROFILE_FLAG          : Initial profiles from gradients
 
 Iteration control
 
 TGYRO_ITERATION_METHOD         : Block method (serial)
 TGYRO_GLOBAL_NEWTON_FLAG       : Block-diagonal flux Jacobian
 LOC_RESIDUAL_METHOD            : (f-g)^2
 LOC_DX (Jacobian dx)           :   0.0200
 LOC_DX_GYRO (GYRO Jacobian dx) :   0.2000
 LOC_DX_MAX (maximum dx)        :   4.0000
 LOC_RELAX (conv. relaxation)   :   2.0000
 
 Scenario control
 
 Fluctuations                   : Electromagnetic
 LOC_TI_FEEDBACK_FLAG           : Ti evolution ON
 LOC_TE_FEEDBACK_FLAG           : Te evolution ON
 LOC_NE_FEEDBACK_FLAG           : ne evolution OFF
 LOC_ER_FEEDBACK_FLAG           : Er evolution OFF
 TGYRO_ROTATION_THEORY_METHOD   : Candy method
 LOC_ZEFF_FLAG                  : Z_eff from data
 LOC_QUASINEUTRAL_FLAG          : Forced quasineutrality
 LOC_CIRC_FLAG                  : Use standard Miller expressions
 LOC_SCENARIO                   : Experimental, dynamic exchange
 LOC_SAWTOOTH_MODEL             : No corrections for sawteeth
 LOC_NEO_METHOD                 : Hinton-Hazeltine theory
 NEO_GV_FLAG                    : OFF (no gyroviscosity)
 TGYRO_TGLF_REVISION            : TGLF-09
 
 Physics parameters
 
 LOC_R_PED (pedestal r/a)       :   0.7500
 Pivot radius                   :   0.7500
 LOC_NU_SCALE                   :   1.0000
 LOC_BETAE_SCALE                :   1.0000
 ion mass                       :   2.0000
 ion charge                     :   1.0000
 -----------------------------------------------------------------
 INFO: TGYRO starting iterations
 INFO: clean exit from TGYRO                                                    
  
