 0.0000E+00  0.0000E+00  0.0000E+00
 4.6724E-03  2.2096E-03  5.0491E-02
 3.2680E-03  2.4305E-03  2.6601E-02
 2.2140E-03  2.3725E-03  2.2146E-02
 1.6379E-03  1.9332E-03  2.0503E-02
 1.3556E-03  1.5997E-03  1.9772E-02
 1.1720E-03  1.3593E-03  1.9289E-02
 1.0732E-03  1.2300E-03  1.9146E-02
 1.0327E-03  1.1683E-03  1.9538E-02
 1.0364E-03  1.1668E-03  2.0678E-02
 1.0634E-03  1.1990E-03  2.2308E-02
 1.1089E-03  1.2605E-03  2.3871E-02
 1.1531E-03  1.3304E-03  2.4659E-02
 1.1881E-03  1.3926E-03  2.4592E-02
 1.1999E-03  1.4244E-03  2.3960E-02
 1.1901E-03  1.4185E-03  2.3106E-02
 1.1647E-03  1.3839E-03  2.2283E-02
 1.1363E-03  1.3393E-03  2.1691E-02
 1.1132E-03  1.2994E-03  2.1401E-02
 1.0995E-03  1.2724E-03  2.1412E-02
 1.0967E-03  1.2619E-03  2.1673E-02
 1.1027E-03  1.2662E-03  2.2092E-02
 1.1144E-03  1.2817E-03  2.2538E-02
 1.1279E-03  1.3031E-03  2.2893E-02
 1.1401E-03  1.3249E-03  2.3074E-02
 1.1476E-03  1.3413E-03  2.3059E-02
 1.1496E-03  1.3492E-03  2.2894E-02
 1.1467E-03  1.3480E-03  2.2659E-02
 1.1405E-03  1.3400E-03  2.2432E-02
 1.1336E-03  1.3290E-03  2.2270E-02
 1.1277E-03  1.3184E-03  2.2198E-02
 1.1243E-03  1.3109E-03  2.2213E-02
 1.1235E-03  1.3076E-03  2.2296E-02
 1.1251E-03  1.3084E-03  2.2412E-02
 1.1282E-03  1.3123E-03  2.2527E-02
 1.1317E-03  1.3176E-03  2.2611E-02
 1.1347E-03  1.3228E-03  2.2649E-02
 1.1365E-03  1.3266E-03  2.2640E-02
 1.1369E-03  1.3282E-03  2.2597E-02
 1.1361E-03  1.3277E-03  2.2537E-02
 1.1346E-03  1.3257E-03  2.2480E-02
 1.1329E-03  1.3230E-03  2.2439E-02
 1.1314E-03  1.3204E-03  2.2422E-02
 1.1305E-03  1.3186E-03  2.2427E-02
 1.1304E-03  1.3179E-03  2.2449E-02
 1.1308E-03  1.3181E-03  2.2479E-02
 1.1315E-03  1.3192E-03  2.2508E-02
 1.1324E-03  1.3205E-03  2.2529E-02
 1.1331E-03  1.3218E-03  2.2537E-02
 1.1335E-03  1.3227E-03  2.2534E-02
 1.1336E-03  1.3231E-03  2.2523E-02
 1.1334E-03  1.3229E-03  2.2508E-02
 1.1330E-03  1.3224E-03  2.2493E-02
