 5.73727184E-17  7.60504698E-18  7.99498924E-17  7.92928293E-17  1.09962100E-17  1.19030266E-16  3.52695379E-11 -7.35263220E-13  3.05465829E-24  0.00000000E+00  0.00000000E+00  0.00000000E+00
 4.25435470E-01  5.27523864E-02  5.30940242E-01  8.73024548E-01  7.94345461E-02  1.22060758E+00 -3.54471869E-06 -2.74075178E-06  4.45822332E-07  1.07933352E+00  5.11837546E-01  1.20935637E+00
 3.13861705E-01  3.09556465E-02  3.75772999E-01  9.58683564E-01  5.48506045E-02  1.08560752E+00 -3.23141983E-06 -3.53881771E-06  6.16083771E-07  1.08509117E+00  5.06133508E-01  1.16130396E+00
 1.72299948E-01  6.54421378E-03  1.85388375E-01  9.48713318E-01  2.68133663E-02  7.99602147E-01 -1.52483183E-06 -2.74289903E-06  5.87044426E-07  9.07992369E-01  4.10856641E-01  8.75273934E-01
 5.76689272E-02 -1.31171086E-02  3.14347099E-02  9.55471099E-01  6.25057227E-03  5.74123034E-01 -1.48549271E-06 -2.19029899E-06  5.92868143E-07  7.19904531E-01  3.16837747E-01  5.65136659E-01
-3.27300997E-02 -2.92184806E-02 -9.11670609E-02  9.82919258E-01 -8.88789450E-03  3.85779844E-01 -5.86142799E-07 -1.31390276E-06  5.32059086E-07  6.83635670E-01  2.92885059E-01  3.51900186E-01
-1.03151291E-01 -4.30578410E-02 -1.89266973E-01  1.03505405E+00 -2.07545936E-02  2.25367751E-01 -2.79983391E-07 -6.98862304E-07  4.46786053E-07  6.24838464E-01  2.64988970E-01  1.17227722E-01
-1.43134807E-01 -5.41465872E-02 -2.51427982E-01  1.11711170E+00 -2.99979005E-02  8.54920601E-02 -7.55287867E-07 -2.16181785E-07  3.55068596E-07  6.61288650E-01  2.82793656E-01 -4.07404784E-02
-1.40780395E-01 -6.14141904E-02 -2.63608776E-01  1.22993614E+00 -3.66550791E-02 -8.83149392E-03 -1.77134355E-06 -1.20350891E-07  2.29453252E-07  6.90318972E-01  3.11477138E-01 -1.51077483E-01
-8.13104942E-02 -6.25039433E-02 -2.06318381E-01  1.35600184E+00 -3.97502816E-02 -2.11581784E-02 -2.64319560E-06 -3.72709689E-07  1.70867501E-07  7.64279446E-01  3.72023588E-01 -1.33887740E-01
 2.42426837E-02 -5.64063823E-02 -8.85700809E-02  1.44551092E+00 -3.87414882E-02  7.49778028E-02 -2.59810943E-06 -8.32524397E-07  1.54482601E-07  8.63578320E-01  4.45069074E-01  3.23492722E-02
 1.26680812E-01 -4.67552622E-02  3.31702873E-02  1.45850205E+00 -3.53391515E-02  2.36049303E-01 -3.38724367E-06 -1.50218583E-06  2.27336114E-07  9.14865568E-01  4.90859135E-01  2.59578173E-01
 1.81185407E-01 -3.90030143E-02  1.03179378E-01  1.40320778E+00 -3.23184048E-02  3.76810148E-01 -3.69222763E-06 -1.86551765E-06  3.28272130E-07  9.25944008E-01  5.01048230E-01  4.37867549E-01
 1.83843912E-01 -3.57685899E-02  1.12306732E-01  1.32493899E+00 -3.12900514E-02  4.51083704E-01 -3.02000716E-06 -1.76990044E-06  4.08435675E-07  8.93877693E-01  4.81426143E-01  5.13019909E-01
 1.55089634E-01 -3.63355861E-02  8.24184614E-02  1.25636452E+00 -3.20771256E-02  4.62739094E-01 -2.70051329E-06 -1.53860000E-06  4.58796424E-07  8.53825652E-01  4.52728263E-01  5.05674495E-01
 1.14071947E-01 -3.91547343E-02  3.57624781E-02  1.20985330E+00 -3.39916763E-02  4.32781862E-01 -2.41382659E-06 -1.22344851E-06  4.61047888E-07  8.10496265E-01  4.22923595E-01  4.47085245E-01
 7.27817324E-02 -4.29498424E-02 -1.31179523E-02  1.18682122E+00 -3.64020096E-02  3.80803170E-01 -2.24754696E-06 -9.23481763E-07  4.45295844E-07  7.78541452E-01  4.00036141E-01  3.67364186E-01
 3.83332818E-02 -4.67996776E-02 -5.52660735E-02  1.18495218E+00 -3.88193242E-02  3.21707157E-01 -2.18845839E-06 -6.84570361E-07  4.10447535E-07  7.59210878E-01  3.86002445E-01  2.85251847E-01
 1.55547598E-02 -4.99820743E-02 -8.44093887E-02  1.20075060E+00 -4.08364875E-02  2.67271424E-01 -2.32733697E-06 -5.53927105E-07  3.70922611E-07  7.53456455E-01  3.81602690E-01  2.15298493E-01
 7.45964859E-03 -5.19100641E-02 -9.63604797E-02  1.22886779E+00 -4.20997274E-02  2.27874139E-01 -2.46159212E-06 -5.22059901E-07  3.33908824E-07  7.60902605E-01  3.86363579E-01  1.70186333E-01
 1.45093472E-02 -5.22052975E-02 -8.99012479E-02  1.26138968E+00 -4.23628108E-02  2.11358486E-01 -2.70219101E-06 -6.06687144E-07  3.09283371E-07  7.79914847E-01  3.98797830E-01  1.58246803E-01
 3.33751728E-02 -5.09054593E-02 -6.84357459E-02  1.28919860E+00 -4.16290929E-02  2.19924076E-01 -2.92017122E-06 -7.62779032E-07  3.02266371E-07  8.03750667E-01  4.14513126E-01  1.79363822E-01
 5.70918013E-02 -4.85586990E-02 -4.00255967E-02  1.30480794E+00 -4.02152759E-02  2.47908490E-01 -3.03290011E-06 -9.27963213E-07  3.13990439E-07  8.24581040E-01  4.28288245E-01  2.23059004E-01
 7.77689459E-02 -4.60239360E-02 -1.42789261E-02  1.30574269E+00 -3.86399979E-02  2.83657471E-01 -3.08434768E-06 -1.05778161E-06  3.38899517E-07  8.37246307E-01  4.36548237E-01  2.72631650E-01
 8.99219203E-02 -4.40788872E-02  1.76414594E-03  1.29484325E+00 -3.73884995E-02  3.15082261E-01 -3.02655742E-06 -1.11130650E-06  3.65818792E-07  8.39500845E-01  4.37922746E-01  3.12085859E-01
 9.22475636E-02 -4.31156899E-02  6.01618379E-03  1.27808999E+00 -3.67200358E-02  3.34461039E-01 -2.92980281E-06 -1.09448618E-06  3.86920085E-07  8.34068897E-01  4.33874406E-01  3.33131078E-01
 8.66882174E-02 -4.31296313E-02  4.28954869E-04  1.26140441E+00 -3.66513402E-02  3.39775188E-01 -2.82391125E-06 -1.02791339E-06  3.97643042E-07  8.23937283E-01  4.26721155E-01  3.34872050E-01
 7.66189655E-02 -4.38671153E-02 -1.11152650E-02  1.24882928E+00 -3.70408362E-02  3.33192925E-01 -2.72940879E-06 -9.39645895E-07  3.97915367E-07  8.12868218E-01  4.19019385E-01  3.21850563E-01
 6.54918587E-02 -4.49819904E-02 -2.44721220E-02  1.24231220E+00 -3.76839938E-02  3.19046615E-01 -2.69249702E-06 -8.60062145E-07  3.89890232E-07  8.03846070E-01  4.12738689E-01  3.00721162E-01
 5.61134274E-02 -4.61377566E-02 -3.61620859E-02  1.24206975E+00 -3.83766996E-02  3.02256042E-01 -2.68129598E-06 -8.01145826E-07  3.77071229E-07  7.98370215E-01  4.09008034E-01  2.78092971E-01
 5.03114102E-02 -4.70607946E-02 -4.38101791E-02  1.24690471E+00 -3.89484680E-02  2.87295951E-01 -2.71521605E-06 -7.75684153E-07  3.63550173E-07  7.96909947E-01  4.08128569E-01  2.59473421E-01
 4.88115827E-02 -4.75753244E-02 -4.63390661E-02  1.25470831E+00 -3.92848236E-02  2.77452592E-01 -2.76640835E-06 -7.81662228E-07  3.52557082E-07  7.99343117E-01  4.09897798E-01  2.48663436E-01
 5.12247558E-02 -4.76279385E-02 -4.40311213E-02  1.26301485E+00 -3.93451457E-02  2.74274116E-01 -2.82299413E-06 -8.12507652E-07  3.46422462E-07  8.04298956E-01  4.13370302E-01  2.46917125E-01
 5.62320743E-02 -4.72891257E-02 -3.83461772E-02  1.26959885E+00 -3.91643346E-02  2.77381435E-01 -2.87315681E-06 -8.56299355E-07  3.45900553E-07  8.09954601E-01  4.17321238E-01  2.53021630E-01
 6.20359642E-02 -4.67213941E-02 -3.14068241E-02  1.27304138E+00 -3.88357888E-02  2.84762134E-01 -2.89935811E-06 -8.97998834E-07  3.50077754E-07  8.14808836E-01  4.20659056E-01  2.63937092E-01
 6.69409917E-02 -4.61211600E-02 -2.53013282E-02  1.27305240E+00 -3.84769462E-02  2.93604658E-01 -2.90341696E-06 -9.27444761E-07  3.56976186E-07  8.17667034E-01  4.22611345E-01  2.75786726E-01
 6.98417840E-02 -4.56539238E-02 -2.14660635E-02  1.27034962E+00 -3.81897620E-02  3.01267192E-01 -2.88542555E-06 -9.38553172E-07  3.64074498E-07  8.18188334E-01  4.22941599E-01  2.85239148E-01
 7.04214722E-02 -4.54122188E-02 -2.04029653E-02  1.26622918E+00 -3.80339189E-02  3.06013235E-01 -2.85994201E-06 -9.33086672E-07  3.69571682E-07  8.16756227E-01  4.21930080E-01  2.90360990E-01
 6.90480631E-02 -4.54077100E-02 -2.17673569E-02  1.26206369E+00 -3.80205532E-02  3.07274441E-01 -2.83222987E-06 -9.15569031E-07  3.72312994E-07  8.14161858E-01  4.20126504E-01  2.90798546E-01
 6.64971973E-02 -4.55889009E-02 -2.46806045E-02  1.25890620E+00 -3.81216700E-02  3.05502291E-01 -2.81008715E-06 -8.93106785E-07  3.72276899E-07  8.11312769E-01  4.18157633E-01  2.87476304E-01
 6.36595448E-02 -4.58701294E-02 -2.80807139E-02  1.25732372E+00 -3.82873365E-02  3.01790221E-01 -2.79893376E-06 -8.72579705E-07  3.70024115E-07  8.08996237E-01  4.16556699E-01  2.82046956E-01
 6.12968216E-02 -4.61605775E-02 -3.10243335E-02  1.25737464E+00 -3.84630132E-02  2.97463741E-01 -2.79909588E-06 -8.58669346E-07  3.66581070E-07  8.07631783E-01  4.15628317E-01  2.76285436E-01
 5.98959536E-02 -4.63863400E-02 -3.28767265E-02  1.25871031E+00 -3.86032032E-02  2.93719387E-01 -2.80783358E-06 -8.53413031E-07  3.63051958E-07  8.07384388E-01  4.15468700E-01  2.71692483E-01
 5.96120328E-02 -4.65040707E-02 -3.33961086E-02  1.26073801E+00 -3.86801150E-02  2.91373434E-01 -2.82169563E-06 -8.56443720E-07  3.60340621E-07  8.08081194E-01  4.15961457E-01  2.69175508E-01
 6.02931229E-02 -4.65057801E-02 -3.27184373E-02  1.26281113E+00 -3.86871328E-02  2.90738471E-01 -2.83587999E-06 -8.65271073E-07  3.58974860E-07  8.09360367E-01  4.16851594E-01  2.68951576E-01
 6.15730692E-02 -4.64142256E-02 -3.12553820E-02  1.26439365E+00 -3.86364912E-02  2.91634506E-01 -2.84711548E-06 -8.76529809E-07  3.59035980E-07  8.10777863E-01  4.17832428E-01  2.70618112E-01
 6.30039561E-02 -4.62716802E-02 -2.95394043E-02  1.26518125E+00 -3.85528476E-02  2.93524156E-01 -2.85272992E-06 -8.86757389E-07  3.60216777E-07  8.11951508E-01  4.18638063E-01  2.73368841E-01
 6.41884266E-02 -4.61251310E-02 -2.80618355E-02  1.26513532E+00 -3.84644429E-02  2.95719659E-01 -2.85274132E-06 -8.93580649E-07  3.61989760E-07  8.12623608E-01  4.19095338E-01  2.76274498E-01
 6.48745803E-02 -4.60129542E-02 -2.71513281E-02  1.26444099E+00 -3.83949489E-02  2.97594653E-01 -2.84820186E-06 -8.95926823E-07  3.63774447E-07  8.12731687E-01  4.19161165E-01  2.78560671E-01
 6.49922378E-02 -4.59565633E-02 -2.69208888E-02  1.26341184E+00 -3.83581617E-02  2.98736915E-01 -2.84129249E-06 -8.94137462E-07  3.65107694E-07  8.12361249E-01  4.18899612E-01  2.79772838E-01
 6.46313338E-02 -4.59585713E-02 -2.72858088E-02  1.26238036E+00 -3.83565817E-02  2.99010471E-01 -2.83427912E-06 -8.89544071E-07  3.65748245E-07  8.11709453E-01  4.18446608E-01  2.79829651E-01
 6.39841452E-02 -4.60061611E-02 -2.80281769E-02  1.26160790E+00 -3.83832049E-02  2.98529164E-01 -2.82895974E-06 -8.83896034E-07  3.65675846E-07  8.11000836E-01  4.17957486E-01  2.78961017E-01
 6.32740807E-02 -4.60777718E-02 -2.88814630E-02  1.26123521E+00 -3.84254171E-02  2.97573267E-01 -2.82632344E-06 -8.78843754E-07  3.65057775E-07  8.10426531E-01  4.17563441E-01  2.77580388E-01
