 6.2308E+00
-1.2246E-16
-1.0000E+00
 0.0000E+00
-1.2246E-16
-1.0000E+00
 1.1980E+00
 1.0000E+00
 1.0000E+00
 1.0000E+00
-3.1416E+00
 5.7116E+00
-2.5882E-01
-9.6593E-01
 0.0000E+00
-2.5882E-01
-9.6593E-01
 1.1900E+00
 1.0000E+00
 1.0000E+00
 1.0000E+00
-2.8798E+00
 5.1924E+00
-5.0000E-01
-8.6603E-01
 0.0000E+00
-5.0000E-01
-8.6603E-01
 1.1670E+00
 1.0000E+00
 1.0000E+00
 1.0000E+00
-2.6180E+00
 4.6731E+00
-7.0711E-01
-7.0711E-01
 0.0000E+00
-7.0711E-01
-7.0711E-01
 1.1323E+00
 1.0000E+00
 1.0000E+00
 1.0000E+00
-2.3562E+00
 4.1539E+00
-8.6603E-01
-5.0000E-01
 0.0000E+00
-8.6603E-01
-5.0000E-01
 1.0901E+00
 1.0000E+00
 1.0000E+00
 1.0000E+00
-2.0944E+00
 3.6346E+00
-9.6593E-01
-2.5882E-01
 0.0000E+00
-9.6593E-01
-2.5882E-01
 1.0447E+00
 1.0000E+00
 1.0000E+00
 1.0000E+00
-1.8326E+00
 3.1154E+00
-1.0000E+00
 6.1232E-17
 0.0000E+00
-1.0000E+00
 6.1232E-17
 1.0000E+00
 1.0000E+00
 1.0000E+00
 1.0000E+00
-1.5708E+00
 2.5962E+00
-9.6593E-01
 2.5882E-01
 0.0000E+00
-9.6593E-01
 2.5882E-01
 9.5898E-01
 1.0000E+00
 1.0000E+00
 1.0000E+00
-1.3090E+00
 2.0769E+00
-8.6603E-01
 5.0000E-01
 0.0000E+00
-8.6603E-01
 5.0000E-01
 9.2367E-01
 1.0000E+00
 1.0000E+00
 1.0000E+00
-1.0472E+00
 1.5577E+00
-7.0711E-01
 7.0711E-01
 0.0000E+00
-7.0711E-01
 7.0711E-01
 8.9536E-01
 1.0000E+00
 1.0000E+00
 1.0000E+00
-7.8540E-01
 1.0385E+00
-5.0000E-01
 8.6603E-01
 0.0000E+00
-5.0000E-01
 8.6603E-01
 8.7479E-01
 1.0000E+00
 1.0000E+00
 1.0000E+00
-5.2360E-01
 5.1924E-01
-2.5882E-01
 9.6593E-01
 0.0000E+00
-2.5882E-01
 9.6593E-01
 8.6233E-01
 1.0000E+00
 1.0000E+00
 1.0000E+00
-2.6180E-01
-0.0000E+00
 0.0000E+00
 1.0000E+00
 0.0000E+00
 0.0000E+00
 1.0000E+00
 8.5816E-01
 1.0000E+00
 1.0000E+00
 1.0000E+00
 0.0000E+00
-5.1924E-01
 2.5882E-01
 9.6593E-01
 0.0000E+00
 2.5882E-01
 9.6593E-01
 8.6233E-01
 1.0000E+00
 1.0000E+00
 1.0000E+00
 2.6180E-01
-1.0385E+00
 5.0000E-01
 8.6603E-01
 0.0000E+00
 5.0000E-01
 8.6603E-01
 8.7479E-01
 1.0000E+00
 1.0000E+00
 1.0000E+00
 5.2360E-01
-1.5577E+00
 7.0711E-01
 7.0711E-01
 0.0000E+00
 7.0711E-01
 7.0711E-01
 8.9536E-01
 1.0000E+00
 1.0000E+00
 1.0000E+00
 7.8540E-01
-2.0769E+00
 8.6603E-01
 5.0000E-01
 0.0000E+00
 8.6603E-01
 5.0000E-01
 9.2367E-01
 1.0000E+00
 1.0000E+00
 1.0000E+00
 1.0472E+00
-2.5962E+00
 9.6593E-01
 2.5882E-01
 0.0000E+00
 9.6593E-01
 2.5882E-01
 9.5898E-01
 1.0000E+00
 1.0000E+00
 1.0000E+00
 1.3090E+00
-3.1154E+00
 1.0000E+00
 6.1232E-17
 0.0000E+00
 1.0000E+00
 6.1232E-17
 1.0000E+00
 1.0000E+00
 1.0000E+00
 1.0000E+00
 1.5708E+00
-3.6346E+00
 9.6593E-01
-2.5882E-01
 0.0000E+00
 9.6593E-01
-2.5882E-01
 1.0447E+00
 1.0000E+00
 1.0000E+00
 1.0000E+00
 1.8326E+00
-4.1539E+00
 8.6603E-01
-5.0000E-01
 0.0000E+00
 8.6603E-01
-5.0000E-01
 1.0901E+00
 1.0000E+00
 1.0000E+00
 1.0000E+00
 2.0944E+00
-4.6731E+00
 7.0711E-01
-7.0711E-01
 0.0000E+00
 7.0711E-01
-7.0711E-01
 1.1323E+00
 1.0000E+00
 1.0000E+00
 1.0000E+00
 2.3562E+00
-5.1924E+00
 5.0000E-01
-8.6603E-01
 0.0000E+00
 5.0000E-01
-8.6603E-01
 1.1670E+00
 1.0000E+00
 1.0000E+00
 1.0000E+00
 2.6180E+00
-5.7116E+00
 2.5882E-01
-9.6593E-01
 0.0000E+00
 2.5882E-01
-9.6593E-01
 1.1900E+00
 1.0000E+00
 1.0000E+00
 1.0000E+00
 2.8798E+00
 6.2483E+00
-1.2246E-16
-1.0000E+00
 0.0000E+00
-1.2246E-16
-1.0000E+00
 1.1987E+00
 1.0000E+00
 1.0000E+00
 1.0000E+00
-3.1416E+00
 5.7276E+00
-2.5882E-01
-9.6593E-01
 0.0000E+00
-2.5882E-01
-9.6593E-01
 1.1906E+00
 1.0000E+00
 1.0000E+00
 1.0000E+00
-2.8798E+00
 5.2069E+00
-5.0000E-01
-8.6603E-01
 0.0000E+00
-5.0000E-01
-8.6603E-01
 1.1676E+00
 1.0000E+00
 1.0000E+00
 1.0000E+00
-2.6180E+00
 4.6862E+00
-7.0711E-01
-7.0711E-01
 0.0000E+00
-7.0711E-01
-7.0711E-01
 1.1328E+00
 1.0000E+00
 1.0000E+00
 1.0000E+00
-2.3562E+00
 4.1655E+00
-8.6603E-01
-5.0000E-01
 0.0000E+00
-8.6603E-01
-5.0000E-01
 1.0904E+00
 1.0000E+00
 1.0000E+00
 1.0000E+00
-2.0944E+00
 3.6448E+00
-9.6593E-01
-2.5882E-01
 0.0000E+00
-9.6593E-01
-2.5882E-01
 1.0448E+00
 1.0000E+00
 1.0000E+00
 1.0000E+00
-1.8326E+00
 3.1241E+00
-1.0000E+00
 6.1232E-17
 0.0000E+00
-1.0000E+00
 6.1232E-17
 1.0000E+00
 1.0000E+00
 1.0000E+00
 1.0000E+00
-1.5708E+00
 2.6034E+00
-9.6593E-01
 2.5882E-01
 0.0000E+00
-9.6593E-01
 2.5882E-01
 9.5887E-01
 1.0000E+00
 1.0000E+00
 1.0000E+00
-1.3090E+00
 2.0828E+00
-8.6603E-01
 5.0000E-01
 0.0000E+00
-8.6603E-01
 5.0000E-01
 9.2347E-01
 1.0000E+00
 1.0000E+00
 1.0000E+00
-1.0472E+00
 1.5621E+00
-7.0711E-01
 7.0711E-01
 0.0000E+00
-7.0711E-01
 7.0711E-01
 8.9510E-01
 1.0000E+00
 1.0000E+00
 1.0000E+00
-7.8540E-01
 1.0414E+00
-5.0000E-01
 8.6603E-01
 0.0000E+00
-5.0000E-01
 8.6603E-01
 8.7448E-01
 1.0000E+00
 1.0000E+00
 1.0000E+00
-5.2360E-01
 5.2069E-01
-2.5882E-01
 9.6593E-01
 0.0000E+00
-2.5882E-01
 9.6593E-01
 8.6200E-01
 1.0000E+00
 1.0000E+00
 1.0000E+00
-2.6180E-01
-0.0000E+00
 0.0000E+00
 1.0000E+00
 0.0000E+00
 0.0000E+00
 1.0000E+00
 8.5782E-01
 1.0000E+00
 1.0000E+00
 1.0000E+00
 0.0000E+00
-5.2069E-01
 2.5882E-01
 9.6593E-01
 0.0000E+00
 2.5882E-01
 9.6593E-01
 8.6200E-01
 1.0000E+00
 1.0000E+00
 1.0000E+00
 2.6180E-01
-1.0414E+00
 5.0000E-01
 8.6603E-01
 0.0000E+00
 5.0000E-01
 8.6603E-01
 8.7448E-01
 1.0000E+00
 1.0000E+00
 1.0000E+00
 5.2360E-01
-1.5621E+00
 7.0711E-01
 7.0711E-01
 0.0000E+00
 7.0711E-01
 7.0711E-01
 8.9510E-01
 1.0000E+00
 1.0000E+00
 1.0000E+00
 7.8540E-01
-2.0828E+00
 8.6603E-01
 5.0000E-01
 0.0000E+00
 8.6603E-01
 5.0000E-01
 9.2347E-01
 1.0000E+00
 1.0000E+00
 1.0000E+00
 1.0472E+00
-2.6034E+00
 9.6593E-01
 2.5882E-01
 0.0000E+00
 9.6593E-01
 2.5882E-01
 9.5887E-01
 1.0000E+00
 1.0000E+00
 1.0000E+00
 1.3090E+00
-3.1241E+00
 1.0000E+00
 6.1232E-17
 0.0000E+00
 1.0000E+00
 6.1232E-17
 1.0000E+00
 1.0000E+00
 1.0000E+00
 1.0000E+00
 1.5708E+00
-3.6448E+00
 9.6593E-01
-2.5882E-01
 0.0000E+00
 9.6593E-01
-2.5882E-01
 1.0448E+00
 1.0000E+00
 1.0000E+00
 1.0000E+00
 1.8326E+00
-4.1655E+00
 8.6603E-01
-5.0000E-01
 0.0000E+00
 8.6603E-01
-5.0000E-01
 1.0904E+00
 1.0000E+00
 1.0000E+00
 1.0000E+00
 2.0944E+00
-4.6862E+00
 7.0711E-01
-7.0711E-01
 0.0000E+00
 7.0711E-01
-7.0711E-01
 1.1328E+00
 1.0000E+00
 1.0000E+00
 1.0000E+00
 2.3562E+00
-5.2069E+00
 5.0000E-01
-8.6603E-01
 0.0000E+00
 5.0000E-01
-8.6603E-01
 1.1676E+00
 1.0000E+00
 1.0000E+00
 1.0000E+00
 2.6180E+00
-5.7276E+00
 2.5882E-01
-9.6593E-01
 0.0000E+00
 2.5882E-01
-9.6593E-01
 1.1906E+00
 1.0000E+00
 1.0000E+00
 1.0000E+00
 2.8798E+00
 6.2657E+00
-1.2246E-16
-1.0000E+00
 0.0000E+00
-1.2246E-16
-1.0000E+00
 1.1993E+00
 1.0000E+00
 1.0000E+00
 1.0000E+00
-3.1416E+00
 5.7436E+00
-2.5882E-01
-9.6593E-01
 0.0000E+00
-2.5882E-01
-9.6593E-01
 1.1912E+00
 1.0000E+00
 1.0000E+00
 1.0000E+00
-2.8798E+00
 5.2214E+00
-5.0000E-01
-8.6603E-01
 0.0000E+00
-5.0000E-01
-8.6603E-01
 1.1681E+00
 1.0000E+00
 1.0000E+00
 1.0000E+00
-2.6180E+00
 4.6993E+00
-7.0711E-01
-7.0711E-01
 0.0000E+00
-7.0711E-01
-7.0711E-01
 1.1332E+00
 1.0000E+00
 1.0000E+00
 1.0000E+00
-2.3562E+00
 4.1772E+00
-8.6603E-01
-5.0000E-01
 0.0000E+00
-8.6603E-01
-5.0000E-01
 1.0906E+00
 1.0000E+00
 1.0000E+00
 1.0000E+00
-2.0944E+00
 3.6550E+00
-9.6593E-01
-2.5882E-01
 0.0000E+00
-9.6593E-01
-2.5882E-01
 1.0450E+00
 1.0000E+00
 1.0000E+00
 1.0000E+00
-1.8326E+00
 3.1329E+00
-1.0000E+00
 6.1232E-17
 0.0000E+00
-1.0000E+00
 6.1232E-17
 1.0000E+00
 1.0000E+00
 1.0000E+00
 1.0000E+00
-1.5708E+00
 2.6107E+00
-9.6593E-01
 2.5882E-01
 0.0000E+00
-9.6593E-01
 2.5882E-01
 9.5876E-01
 1.0000E+00
 1.0000E+00
 1.0000E+00
-1.3090E+00
 2.0886E+00
-8.6603E-01
 5.0000E-01
 0.0000E+00
-8.6603E-01
 5.0000E-01
 9.2327E-01
 1.0000E+00
 1.0000E+00
 1.0000E+00
-1.0472E+00
 1.5664E+00
-7.0711E-01
 7.0711E-01
 0.0000E+00
-7.0711E-01
 7.0711E-01
 8.9484E-01
 1.0000E+00
 1.0000E+00
 1.0000E+00
-7.8540E-01
 1.0443E+00
-5.0000E-01
 8.6603E-01
 0.0000E+00
-5.0000E-01
 8.6603E-01
 8.7417E-01
 1.0000E+00
 1.0000E+00
 1.0000E+00
-5.2360E-01
 5.2214E-01
-2.5882E-01
 9.6593E-01
 0.0000E+00
-2.5882E-01
 9.6593E-01
 8.6167E-01
 1.0000E+00
 1.0000E+00
 1.0000E+00
-2.6180E-01
-0.0000E+00
 0.0000E+00
 1.0000E+00
 0.0000E+00
 0.0000E+00
 1.0000E+00
 8.5748E-01
 1.0000E+00
 1.0000E+00
 1.0000E+00
 0.0000E+00
-5.2214E-01
 2.5882E-01
 9.6593E-01
 0.0000E+00
 2.5882E-01
 9.6593E-01
 8.6167E-01
 1.0000E+00
 1.0000E+00
 1.0000E+00
 2.6180E-01
-1.0443E+00
 5.0000E-01
 8.6603E-01
 0.0000E+00
 5.0000E-01
 8.6603E-01
 8.7417E-01
 1.0000E+00
 1.0000E+00
 1.0000E+00
 5.2360E-01
-1.5664E+00
 7.0711E-01
 7.0711E-01
 0.0000E+00
 7.0711E-01
 7.0711E-01
 8.9484E-01
 1.0000E+00
 1.0000E+00
 1.0000E+00
 7.8540E-01
-2.0886E+00
 8.6603E-01
 5.0000E-01
 0.0000E+00
 8.6603E-01
 5.0000E-01
 9.2327E-01
 1.0000E+00
 1.0000E+00
 1.0000E+00
 1.0472E+00
-2.6107E+00
 9.6593E-01
 2.5882E-01
 0.0000E+00
 9.6593E-01
 2.5882E-01
 9.5876E-01
 1.0000E+00
 1.0000E+00
 1.0000E+00
 1.3090E+00
-3.1329E+00
 1.0000E+00
 6.1232E-17
 0.0000E+00
 1.0000E+00
 6.1232E-17
 1.0000E+00
 1.0000E+00
 1.0000E+00
 1.0000E+00
 1.5708E+00
-3.6550E+00
 9.6593E-01
-2.5882E-01
 0.0000E+00
 9.6593E-01
-2.5882E-01
 1.0450E+00
 1.0000E+00
 1.0000E+00
 1.0000E+00
 1.8326E+00
-4.1772E+00
 8.6603E-01
-5.0000E-01
 0.0000E+00
 8.6603E-01
-5.0000E-01
 1.0906E+00
 1.0000E+00
 1.0000E+00
 1.0000E+00
 2.0944E+00
-4.6993E+00
 7.0711E-01
-7.0711E-01
 0.0000E+00
 7.0711E-01
-7.0711E-01
 1.1332E+00
 1.0000E+00
 1.0000E+00
 1.0000E+00
 2.3562E+00
-5.2214E+00
 5.0000E-01
-8.6603E-01
 0.0000E+00
 5.0000E-01
-8.6603E-01
 1.1681E+00
 1.0000E+00
 1.0000E+00
 1.0000E+00
 2.6180E+00
-5.7436E+00
 2.5882E-01
-9.6593E-01
 0.0000E+00
 2.5882E-01
-9.6593E-01
 1.1912E+00
 1.0000E+00
 1.0000E+00
 1.0000E+00
 2.8798E+00
 6.2832E+00
-1.2246E-16
-1.0000E+00
 0.0000E+00
-1.2246E-16
-1.0000E+00
 1.2000E+00
 1.0000E+00
 1.0000E+00
 1.0000E+00
-3.1416E+00
 5.7596E+00
-2.5882E-01
-9.6593E-01
 0.0000E+00
-2.5882E-01
-9.6593E-01
 1.1919E+00
 1.0000E+00
 1.0000E+00
 1.0000E+00
-2.8798E+00
 5.2360E+00
-5.0000E-01
-8.6603E-01
 0.0000E+00
-5.0000E-01
-8.6603E-01
 1.1687E+00
 1.0000E+00
 1.0000E+00
 1.0000E+00
-2.6180E+00
 4.7124E+00
-7.0711E-01
-7.0711E-01
 0.0000E+00
-7.0711E-01
-7.0711E-01
 1.1336E+00
 1.0000E+00
 1.0000E+00
 1.0000E+00
-2.3562E+00
 4.1888E+00
-8.6603E-01
-5.0000E-01
 0.0000E+00
-8.6603E-01
-5.0000E-01
 1.0909E+00
 1.0000E+00
 1.0000E+00
 1.0000E+00
-2.0944E+00
 3.6652E+00
-9.6593E-01
-2.5882E-01
 0.0000E+00
-9.6593E-01
-2.5882E-01
 1.0451E+00
 1.0000E+00
 1.0000E+00
 1.0000E+00
-1.8326E+00
 3.1416E+00
-1.0000E+00
 6.1232E-17
 0.0000E+00
-1.0000E+00
 6.1232E-17
 1.0000E+00
 1.0000E+00
 1.0000E+00
 1.0000E+00
-1.5708E+00
 2.6180E+00
-9.6593E-01
 2.5882E-01
 0.0000E+00
-9.6593E-01
 2.5882E-01
 9.5865E-01
 1.0000E+00
 1.0000E+00
 1.0000E+00
-1.3090E+00
 2.0944E+00
-8.6603E-01
 5.0000E-01
 0.0000E+00
-8.6603E-01
 5.0000E-01
 9.2308E-01
 1.0000E+00
 1.0000E+00
 1.0000E+00
-1.0472E+00
 1.5708E+00
-7.0711E-01
 7.0711E-01
 0.0000E+00
-7.0711E-01
 7.0711E-01
 8.9457E-01
 1.0000E+00
 1.0000E+00
 1.0000E+00
-7.8540E-01
 1.0472E+00
-5.0000E-01
 8.6603E-01
 0.0000E+00
-5.0000E-01
 8.6603E-01
 8.7387E-01
 1.0000E+00
 1.0000E+00
 1.0000E+00
-5.2360E-01
 5.2360E-01
-2.5882E-01
 9.6593E-01
 0.0000E+00
-2.5882E-01
 9.6593E-01
 8.6134E-01
 1.0000E+00
 1.0000E+00
 1.0000E+00
-2.6180E-01
-0.0000E+00
 0.0000E+00
 1.0000E+00
 0.0000E+00
 0.0000E+00
 1.0000E+00
 8.5714E-01
 1.0000E+00
 1.0000E+00
 1.0000E+00
 0.0000E+00
-5.2360E-01
 2.5882E-01
 9.6593E-01
 0.0000E+00
 2.5882E-01
 9.6593E-01
 8.6134E-01
 1.0000E+00
 1.0000E+00
 1.0000E+00
 2.6180E-01
-1.0472E+00
 5.0000E-01
 8.6603E-01
 0.0000E+00
 5.0000E-01
 8.6603E-01
 8.7387E-01
 1.0000E+00
 1.0000E+00
 1.0000E+00
 5.2360E-01
-1.5708E+00
 7.0711E-01
 7.0711E-01
 0.0000E+00
 7.0711E-01
 7.0711E-01
 8.9457E-01
 1.0000E+00
 1.0000E+00
 1.0000E+00
 7.8540E-01
-2.0944E+00
 8.6603E-01
 5.0000E-01
 0.0000E+00
 8.6603E-01
 5.0000E-01
 9.2308E-01
 1.0000E+00
 1.0000E+00
 1.0000E+00
 1.0472E+00
-2.6180E+00
 9.6593E-01
 2.5882E-01
 0.0000E+00
 9.6593E-01
 2.5882E-01
 9.5865E-01
 1.0000E+00
 1.0000E+00
 1.0000E+00
 1.3090E+00
-3.1416E+00
 1.0000E+00
 6.1232E-17
 0.0000E+00
 1.0000E+00
 6.1232E-17
 1.0000E+00
 1.0000E+00
 1.0000E+00
 1.0000E+00
 1.5708E+00
-3.6652E+00
 9.6593E-01
-2.5882E-01
 0.0000E+00
 9.6593E-01
-2.5882E-01
 1.0451E+00
 1.0000E+00
 1.0000E+00
 1.0000E+00
 1.8326E+00
-4.1888E+00
 8.6603E-01
-5.0000E-01
 0.0000E+00
 8.6603E-01
-5.0000E-01
 1.0909E+00
 1.0000E+00
 1.0000E+00
 1.0000E+00
 2.0944E+00
-4.7124E+00
 7.0711E-01
-7.0711E-01
 0.0000E+00
 7.0711E-01
-7.0711E-01
 1.1336E+00
 1.0000E+00
 1.0000E+00
 1.0000E+00
 2.3562E+00
-5.2360E+00
 5.0000E-01
-8.6603E-01
 0.0000E+00
 5.0000E-01
-8.6603E-01
 1.1687E+00
 1.0000E+00
 1.0000E+00
 1.0000E+00
 2.6180E+00
-5.7596E+00
 2.5882E-01
-9.6593E-01
 0.0000E+00
 2.5882E-01
-9.6593E-01
 1.1919E+00
 1.0000E+00
 1.0000E+00
 1.0000E+00
 2.8798E+00
 6.3006E+00
-1.2246E-16
-1.0000E+00
 0.0000E+00
-1.2246E-16
-1.0000E+00
 1.2007E+00
 1.0000E+00
 1.0000E+00
 1.0000E+00
-3.1416E+00
 5.7756E+00
-2.5882E-01
-9.6593E-01
 0.0000E+00
-2.5882E-01
-9.6593E-01
 1.1925E+00
 1.0000E+00
 1.0000E+00
 1.0000E+00
-2.8798E+00
 5.2505E+00
-5.0000E-01
-8.6603E-01
 0.0000E+00
-5.0000E-01
-8.6603E-01
 1.1692E+00
 1.0000E+00
 1.0000E+00
 1.0000E+00
-2.6180E+00
 4.7255E+00
-7.0711E-01
-7.0711E-01
 0.0000E+00
-7.0711E-01
-7.0711E-01
 1.1340E+00
 1.0000E+00
 1.0000E+00
 1.0000E+00
-2.3562E+00
 4.2004E+00
-8.6603E-01
-5.0000E-01
 0.0000E+00
-8.6603E-01
-5.0000E-01
 1.0912E+00
 1.0000E+00
 1.0000E+00
 1.0000E+00
-2.0944E+00
 3.6754E+00
-9.6593E-01
-2.5882E-01
 0.0000E+00
-9.6593E-01
-2.5882E-01
 1.0452E+00
 1.0000E+00
 1.0000E+00
 1.0000E+00
-1.8326E+00
 3.1503E+00
-1.0000E+00
 6.1232E-17
 0.0000E+00
-1.0000E+00
 6.1232E-17
 1.0000E+00
 1.0000E+00
 1.0000E+00
 1.0000E+00
-1.5708E+00
 2.6253E+00
-9.6593E-01
 2.5882E-01
 0.0000E+00
-9.6593E-01
 2.5882E-01
 9.5854E-01
 1.0000E+00
 1.0000E+00
 1.0000E+00
-1.3090E+00
 2.1002E+00
-8.6603E-01
 5.0000E-01
 0.0000E+00
-8.6603E-01
 5.0000E-01
 9.2288E-01
 1.0000E+00
 1.0000E+00
 1.0000E+00
-1.0472E+00
 1.5752E+00
-7.0711E-01
 7.0711E-01
 0.0000E+00
-7.0711E-01
 7.0711E-01
 8.9431E-01
 1.0000E+00
 1.0000E+00
 1.0000E+00
-7.8540E-01
 1.0501E+00
-5.0000E-01
 8.6603E-01
 0.0000E+00
-5.0000E-01
 8.6603E-01
 8.7356E-01
 1.0000E+00
 1.0000E+00
 1.0000E+00
-5.2360E-01
 5.2505E-01
-2.5882E-01
 9.6593E-01
 0.0000E+00
-2.5882E-01
 9.6593E-01
 8.6100E-01
 1.0000E+00
 1.0000E+00
 1.0000E+00
-2.6180E-01
-0.0000E+00
 0.0000E+00
 1.0000E+00
 0.0000E+00
 0.0000E+00
 1.0000E+00
 8.5680E-01
 1.0000E+00
 1.0000E+00
 1.0000E+00
 0.0000E+00
-5.2505E-01
 2.5882E-01
 9.6593E-01
 0.0000E+00
 2.5882E-01
 9.6593E-01
 8.6100E-01
 1.0000E+00
 1.0000E+00
 1.0000E+00
 2.6180E-01
-1.0501E+00
 5.0000E-01
 8.6603E-01
 0.0000E+00
 5.0000E-01
 8.6603E-01
 8.7356E-01
 1.0000E+00
 1.0000E+00
 1.0000E+00
 5.2360E-01
-1.5752E+00
 7.0711E-01
 7.0711E-01
 0.0000E+00
 7.0711E-01
 7.0711E-01
 8.9431E-01
 1.0000E+00
 1.0000E+00
 1.0000E+00
 7.8540E-01
-2.1002E+00
 8.6603E-01
 5.0000E-01
 0.0000E+00
 8.6603E-01
 5.0000E-01
 9.2288E-01
 1.0000E+00
 1.0000E+00
 1.0000E+00
 1.0472E+00
-2.6253E+00
 9.6593E-01
 2.5882E-01
 0.0000E+00
 9.6593E-01
 2.5882E-01
 9.5854E-01
 1.0000E+00
 1.0000E+00
 1.0000E+00
 1.3090E+00
-3.1503E+00
 1.0000E+00
 6.1232E-17
 0.0000E+00
 1.0000E+00
 6.1232E-17
 1.0000E+00
 1.0000E+00
 1.0000E+00
 1.0000E+00
 1.5708E+00
-3.6754E+00
 9.6593E-01
-2.5882E-01
 0.0000E+00
 9.6593E-01
-2.5882E-01
 1.0452E+00
 1.0000E+00
 1.0000E+00
 1.0000E+00
 1.8326E+00
-4.2004E+00
 8.6603E-01
-5.0000E-01
 0.0000E+00
 8.6603E-01
-5.0000E-01
 1.0912E+00
 1.0000E+00
 1.0000E+00
 1.0000E+00
 2.0944E+00
-4.7255E+00
 7.0711E-01
-7.0711E-01
 0.0000E+00
 7.0711E-01
-7.0711E-01
 1.1340E+00
 1.0000E+00
 1.0000E+00
 1.0000E+00
 2.3562E+00
-5.2505E+00
 5.0000E-01
-8.6603E-01
 0.0000E+00
 5.0000E-01
-8.6603E-01
 1.1692E+00
 1.0000E+00
 1.0000E+00
 1.0000E+00
 2.6180E+00
-5.7756E+00
 2.5882E-01
-9.6593E-01
 0.0000E+00
 2.5882E-01
-9.6593E-01
 1.1925E+00
 1.0000E+00
 1.0000E+00
 1.0000E+00
 2.8798E+00
 6.3181E+00
-1.2246E-16
-1.0000E+00
 0.0000E+00
-1.2246E-16
-1.0000E+00
 1.2013E+00
 1.0000E+00
 1.0000E+00
 1.0000E+00
-3.1416E+00
 5.7916E+00
-2.5882E-01
-9.6593E-01
 0.0000E+00
-2.5882E-01
-9.6593E-01
 1.1931E+00
 1.0000E+00
 1.0000E+00
 1.0000E+00
-2.8798E+00
 5.2651E+00
-5.0000E-01
-8.6603E-01
 0.0000E+00
-5.0000E-01
-8.6603E-01
 1.1698E+00
 1.0000E+00
 1.0000E+00
 1.0000E+00
-2.6180E+00
 4.7386E+00
-7.0711E-01
-7.0711E-01
 0.0000E+00
-7.0711E-01
-7.0711E-01
 1.1344E+00
 1.0000E+00
 1.0000E+00
 1.0000E+00
-2.3562E+00
 4.2121E+00
-8.6603E-01
-5.0000E-01
 0.0000E+00
-8.6603E-01
-5.0000E-01
 1.0915E+00
 1.0000E+00
 1.0000E+00
 1.0000E+00
-2.0944E+00
 3.6856E+00
-9.6593E-01
-2.5882E-01
 0.0000E+00
-9.6593E-01
-2.5882E-01
 1.0453E+00
 1.0000E+00
 1.0000E+00
 1.0000E+00
-1.8326E+00
 3.1590E+00
-1.0000E+00
 6.1232E-17
 0.0000E+00
-1.0000E+00
 6.1232E-17
 1.0000E+00
 1.0000E+00
 1.0000E+00
 1.0000E+00
-1.5708E+00
 2.6325E+00
-9.6593E-01
 2.5882E-01
 0.0000E+00
-9.6593E-01
 2.5882E-01
 9.5843E-01
 1.0000E+00
 1.0000E+00
 1.0000E+00
-1.3090E+00
 2.1060E+00
-8.6603E-01
 5.0000E-01
 0.0000E+00
-8.6603E-01
 5.0000E-01
 9.2268E-01
 1.0000E+00
 1.0000E+00
 1.0000E+00
-1.0472E+00
 1.5795E+00
-7.0711E-01
 7.0711E-01
 0.0000E+00
-7.0711E-01
 7.0711E-01
 8.9405E-01
 1.0000E+00
 1.0000E+00
 1.0000E+00
-7.8540E-01
 1.0530E+00
-5.0000E-01
 8.6603E-01
 0.0000E+00
-5.0000E-01
 8.6603E-01
 8.7326E-01
 1.0000E+00
 1.0000E+00
 1.0000E+00
-5.2360E-01
 5.2651E-01
-2.5882E-01
 9.6593E-01
 0.0000E+00
-2.5882E-01
 9.6593E-01
 8.6067E-01
 1.0000E+00
 1.0000E+00
 1.0000E+00
-2.6180E-01
-0.0000E+00
 0.0000E+00
 1.0000E+00
 0.0000E+00
 0.0000E+00
 1.0000E+00
 8.5646E-01
 1.0000E+00
 1.0000E+00
 1.0000E+00
 0.0000E+00
-5.2651E-01
 2.5882E-01
 9.6593E-01
 0.0000E+00
 2.5882E-01
 9.6593E-01
 8.6067E-01
 1.0000E+00
 1.0000E+00
 1.0000E+00
 2.6180E-01
-1.0530E+00
 5.0000E-01
 8.6603E-01
 0.0000E+00
 5.0000E-01
 8.6603E-01
 8.7326E-01
 1.0000E+00
 1.0000E+00
 1.0000E+00
 5.2360E-01
-1.5795E+00
 7.0711E-01
 7.0711E-01
 0.0000E+00
 7.0711E-01
 7.0711E-01
 8.9405E-01
 1.0000E+00
 1.0000E+00
 1.0000E+00
 7.8540E-01
-2.1060E+00
 8.6603E-01
 5.0000E-01
 0.0000E+00
 8.6603E-01
 5.0000E-01
 9.2268E-01
 1.0000E+00
 1.0000E+00
 1.0000E+00
 1.0472E+00
-2.6325E+00
 9.6593E-01
 2.5882E-01
 0.0000E+00
 9.6593E-01
 2.5882E-01
 9.5843E-01
 1.0000E+00
 1.0000E+00
 1.0000E+00
 1.3090E+00
-3.1590E+00
 1.0000E+00
 6.1232E-17
 0.0000E+00
 1.0000E+00
 6.1232E-17
 1.0000E+00
 1.0000E+00
 1.0000E+00
 1.0000E+00
 1.5708E+00
-3.6856E+00
 9.6593E-01
-2.5882E-01
 0.0000E+00
 9.6593E-01
-2.5882E-01
 1.0453E+00
 1.0000E+00
 1.0000E+00
 1.0000E+00
 1.8326E+00
-4.2121E+00
 8.6603E-01
-5.0000E-01
 0.0000E+00
 8.6603E-01
-5.0000E-01
 1.0915E+00
 1.0000E+00
 1.0000E+00
 1.0000E+00
 2.0944E+00
-4.7386E+00
 7.0711E-01
-7.0711E-01
 0.0000E+00
 7.0711E-01
-7.0711E-01
 1.1344E+00
 1.0000E+00
 1.0000E+00
 1.0000E+00
 2.3562E+00
-5.2651E+00
 5.0000E-01
-8.6603E-01
 0.0000E+00
 5.0000E-01
-8.6603E-01
 1.1698E+00
 1.0000E+00
 1.0000E+00
 1.0000E+00
 2.6180E+00
-5.7916E+00
 2.5882E-01
-9.6593E-01
 0.0000E+00
 2.5882E-01
-9.6593E-01
 1.1931E+00
 1.0000E+00
 1.0000E+00
 1.0000E+00
 2.8798E+00
