 1.60760754E-01
 1.60760754E-01
 3.25944058E-01
 3.43201601E-01
 3.10180093E-01
 2.77259874E-01
 2.43282497E-01
 2.11188307E-01
 1.83007633E-01
 1.68111240E-01
 1.73188247E-01
 2.00708107E-01
 2.35389443E-01
 2.58202591E-01
 2.63162121E-01
 2.55449673E-01
 2.41054675E-01
 2.24772472E-01
 2.09953306E-01
 1.98940616E-01
 1.93518988E-01
 1.94395866E-01
 2.00666222E-01
 2.09733605E-01
 2.18222193E-01
 2.23573007E-01
 2.24932657E-01
 2.22908740E-01
 2.18836891E-01
 2.14150005E-01
 2.10061558E-01
 2.07396747E-01
 2.06527032E-01
 2.07350166E-01
 2.09346449E-01
 2.11764259E-01
 2.13866183E-01
 2.15150333E-01
 2.15448263E-01
 2.14896277E-01
 2.13817729E-01
 2.12595521E-01
 2.11563715E-01
 2.10940453E-01
 2.10798904E-01
 2.11078458E-01
 2.11622661E-01
 2.12238075E-01
 2.12751277E-01
 2.13051292E-01
 2.13105530E-01
 2.12951720E-01
 2.12672405E-01
