     0  0.0000E+00
     1  1.0000E+00
     2  2.0000E+00
     3  3.0000E+00
     4  4.0000E+00
     5  5.0000E+00
     6  6.0000E+00
     7  7.0000E+00
     8  8.0000E+00
     9  9.0000E+00
    10  1.0000E+01
    11  1.1000E+01
    12  1.2000E+01
    13  1.3000E+01
    14  1.4000E+01
    15  1.5000E+01
    16  1.6000E+01
    17  1.7000E+01
    18  1.8000E+01
    19  1.9000E+01
    20  2.0000E+01
    21  2.1000E+01
    22  2.2000E+01
    23  2.3000E+01
    24  2.4000E+01
    25  2.5000E+01
    26  2.6000E+01
    27  2.7000E+01
    28  2.8000E+01
    29  2.9000E+01
    30  3.0000E+01
    31  3.1000E+01
    32  3.2000E+01
    33  3.3000E+01
    34  3.4000E+01
    35  3.5000E+01
    36  3.6000E+01
    37  3.7000E+01
    38  3.8000E+01
    39  3.9000E+01
    40  4.0000E+01
    41  4.1000E+01
    42  4.2000E+01
    43  4.3000E+01
    44  4.4000E+01
    45  4.5000E+01
    46  4.6000E+01
    47  4.7000E+01
    48  4.8000E+01
    49  4.9000E+01
    50  5.0000E+01
    51  5.1000E+01
    52  5.2000E+01
