 0.0000E+00
 0.0000E+00
 0.0000E+00
 0.0000E+00
 0.0000E+00
 0.0000E+00
 0.0000E+00
 0.0000E+00
-4.3463E-20
-4.3146E-20
-6.4957E-20
-6.3686E-20
 1.3575E-06
 2.8612E-25
 0.0000E+00
 0.0000E+00
 0.0000E+00
 0.0000E+00
 0.0000E+00
 0.0000E+00
 0.0000E+00
 0.0000E+00
-3.1761E-04
 1.3235E-03
 3.4288E-04
 3.1664E-04
 8.1912E-04
 7.6677E-04
 8.3751E-04
 2.0958E-07
 1.7608E-05
 4.4880E-04
 0.0000E+00
 0.0000E+00
 0.0000E+00
 0.0000E+00
 0.0000E+00
 0.0000E+00
-5.5928E-05
 1.1547E-03
 6.0878E-04
 5.9006E-04
 1.8037E-03
 1.5498E-03
 2.2024E-03
 5.9594E-07
 1.3523E-03
 7.1311E-04
 0.0000E+00
 0.0000E+00
 0.0000E+00
 0.0000E+00
 0.0000E+00
 0.0000E+00
 7.4572E-06
 2.6547E-04
 8.8785E-04
 8.9161E-04
 3.3244E-03
 2.4787E-03
 4.4032E-03
 1.1688E-06
 4.2314E-03
 1.3922E-03
 0.0000E+00
 0.0000E+00
 0.0000E+00
 0.0000E+00
 0.0000E+00
 0.0000E+00
-1.1623E-05
-4.0721E-04
 1.1303E-03
 1.1416E-03
 5.6354E-03
 3.5675E-03
 7.8839E-03
 1.8502E-06
 5.8861E-03
 2.7101E-03
 0.0000E+00
 0.0000E+00
 0.0000E+00
 0.0000E+00
 0.0000E+00
 0.0000E+00
 1.1932E-05
-4.5146E-04
 1.2742E-03
 1.2984E-03
 8.8894E-03
 4.8243E-03
 1.2876E-02
 2.6864E-06
 7.5176E-03
 3.7143E-03
 0.0000E+00
 0.0000E+00
 0.0000E+00
 0.0000E+00
 0.0000E+00
 0.0000E+00
 1.3887E-05
-2.4358E-04
 1.3065E-03
 1.3541E-03
 1.3513E-02
 6.3620E-03
 2.0015E-02
 3.7911E-06
 1.1363E-02
 5.7745E-03
 0.0000E+00
 0.0000E+00
 0.0000E+00
 0.0000E+00
 0.0000E+00
 0.0000E+00
 1.1308E-05
-6.3636E-05
 1.0630E-03
 1.1608E-03
 1.9545E-02
 8.0869E-03
 2.9566E-02
 5.1141E-06
 1.4569E-02
 7.2909E-03
