 7.1054E-15
-8.2018E-15
 9.0399E-01
 0.0000E+00
-3.9829E-15
 9.9646E-01
 8.5728E-01
 9.9123E-01
 1.0000E+00
 8.5728E-01
-3.0045E-15
 7.1748E-15
-3.8164E-15
 9.0206E-01
 0.0000E+00
-3.9829E-15
 9.9646E-01
 8.5562E-01
 9.9093E-01
 1.0000E+00
 8.5562E-01
-2.9907E-15
 7.2442E-15
-4.8850E-15
 9.0016E-01
 0.0000E+00
-3.9829E-15
 9.9646E-01
 8.5396E-01
 9.9062E-01
 1.0000E+00
 8.5396E-01
-2.9698E-15
 7.3275E-15
-8.0561E-15
 8.9827E-01
 0.0000E+00
-3.9829E-15
 9.9645E-01
 8.5230E-01
 9.9031E-01
 1.0000E+00
 8.5230E-01
-2.9490E-15
 7.3969E-15
-4.8503E-15
 8.9640E-01
 0.0000E+00
-3.9829E-15
 9.9645E-01
 8.5065E-01
 9.9000E-01
 1.0000E+00
 8.5065E-01
-2.9352E-15
 7.4662E-15
-4.8295E-15
 8.9454E-01
 0.0000E+00
-3.9829E-15
 9.9645E-01
 8.4899E-01
 9.8969E-01
 1.0000E+00
 8.4899E-01
-2.9143E-15
 7.5356E-15
-6.8834E-15
 8.9270E-01
 0.0000E+00
-3.9829E-15
 9.9645E-01
 8.4734E-01
 9.8937E-01
 1.0000E+00
 8.4734E-01
-2.8935E-15
 7.6050E-15
-3.7817E-15
 8.9087E-01
 0.0000E+00
-3.9829E-15
 9.9644E-01
 8.4569E-01
 9.8905E-01
 1.0000E+00
 8.4569E-01
-2.8796E-15
 7.6744E-15
-1.7486E-15
 8.8906E-01
 0.0000E+00
-3.9829E-15
 9.9644E-01
 8.4405E-01
 9.8872E-01
 1.0000E+00
 8.4405E-01
-2.8588E-15
 7.7438E-15
-7.4940E-16
 8.8726E-01
 0.0000E+00
-3.9829E-15
 9.9644E-01
 8.4240E-01
 9.8839E-01
 1.0000E+00
 8.4240E-01
-2.8449E-15
 7.8132E-15
-3.7609E-15
 8.8548E-01
 0.0000E+00
-3.9829E-15
 9.9644E-01
 8.4076E-01
 9.8806E-01
 1.0000E+00
 8.4076E-01
-2.8241E-15
 7.8826E-15
-7.7022E-15
 8.8371E-01
 0.0000E+00
-3.9829E-15
 9.9643E-01
 8.3912E-01
 9.8772E-01
 1.0000E+00
 8.3912E-01
-2.8033E-15
