 Opened ./phase_space.out
 Opened ./geometry_arrays.out
 Opened ./profile_sim.out
 Opened ./r_operators.out
 Opened ./units.out
 Opened ./profile_vugyro.out
 Opened ./t.out
 Opened ./kxkyspec.out
 Opened ./k_perp_squared.out
 Opened ./diff_n.out
 Opened ./gbflux_n.out
 Opened ./field_rms.out
 Opened ./diff.out
 Opened ./diff_i.out
 Opened ./gbflux.out
 Opened ./gbflux_mom.out
 Opened ./gbflux_i.out
 Opened ./zerobar.out
 Opened ./source.out
 Opened ./moment_zero.out
 Opened ./error.out
 Opened ./timing.out
