 2.2872E-11
 2.1119E-11
 2.2561E-11
 2.8483E-11
 7.0840E-11
 1.3110E-09
 1.3239E-38
 1.3110E-09
 7.0840E-11
 2.8483E-11
 2.2561E-11
 2.1119E-11
 2.6641E-13
 1.0358E-12
 1.8997E-12
 3.2526E-12
 4.3615E-12
 1.0543E-11
 4.8247E-09
 8.8040E-12
 3.3801E-12
 3.0384E-12
 1.6614E-12
 1.2080E-12
 5.2332E-11
 1.6544E-11
 6.8172E-12
 1.1288E-10
 4.0759E-10
 2.1577E-09
 3.2526E-11
 2.1577E-09
 4.0759E-10
 1.1288E-10
 6.8172E-12
 1.6544E-11
 2.6066E-12
 3.3211E-11
 7.4666E-11
 6.9205E-11
 4.4144E-11
 1.8205E-10
 1.2258E-08
 1.7534E-10
 4.3792E-11
 7.9550E-11
 8.4004E-11
 3.2158E-11
 6.6016E-11
 2.5816E-11
 4.1235E-12
 1.8866E-10
 9.9350E-10
 4.7491E-09
 8.8374E-11
 4.7491E-09
 9.9350E-10
 1.8866E-10
 4.1235E-12
 2.5816E-11
 7.7723E-12
 3.0362E-11
 4.5886E-11
 5.6186E-11
 1.1203E-10
 2.4265E-10
 1.9798E-08
 2.3342E-10
 1.1075E-10
 6.6023E-11
 5.2150E-11
 3.2050E-11
 6.4564E-11
 3.0899E-11
 1.4304E-12
 2.3039E-10
 1.4024E-09
 6.3719E-09
 1.3085E-10
 6.3719E-09
 1.4024E-09
 2.3039E-10
 1.4304E-12
 3.0899E-11
 1.7544E-11
 2.4025E-11
 2.8172E-11
 6.2432E-11
 1.5113E-10
 5.4227E-10
 3.1811E-08
 5.6079E-10
 1.5016E-10
 5.4167E-11
 2.6160E-11
 3.5792E-11
 5.5827E-11
 3.0409E-11
 5.1152E-13
 2.3567E-10
 1.3250E-09
 6.0375E-09
 1.2051E-10
 6.0375E-09
 1.3250E-09
 2.3567E-10
 5.1152E-13
 3.0409E-11
 3.2370E-11
 3.8052E-11
 5.1548E-11
 8.6903E-11
 2.3829E-10
 1.1682E-09
 5.2367E-08
 1.2122E-09
 2.2740E-10
 7.0791E-11
 4.3620E-11
 6.6719E-11
 4.4918E-11
 2.6594E-11
 2.4232E-13
 2.1258E-10
 1.0724E-09
 4.9291E-09
 8.6432E-11
 4.9291E-09
 1.0724E-09
 2.1258E-10
 2.4232E-13
 2.6594E-11
 5.9244E-11
 8.2999E-11
 8.4517E-11
 1.4725E-10
 3.7639E-10
 2.0523E-09
 8.3053E-08
 2.0106E-09
 3.4436E-10
 1.4258E-10
 7.9398E-11
 1.5070E-10
 3.5212E-11
 2.2273E-11
 8.4997E-14
 1.7825E-10
 9.2420E-10
 4.1285E-09
 6.1851E-11
 4.1285E-09
 9.2420E-10
 1.7825E-10
 8.4997E-14
 2.2273E-11
 1.2223E-10
 1.3895E-10
 1.3869E-10
 2.3337E-10
 6.0916E-10
 3.5456E-09
 1.2602E-07
 3.4367E-09
 5.2793E-10
 2.2675E-10
 1.3378E-10
 2.7217E-10
 2.7604E-11
 1.8826E-11
 1.6827E-13
 1.4628E-10
 9.1047E-10
 3.7964E-09
 5.4761E-11
 3.7964E-09
 9.1047E-10
 1.4628E-10
 1.6827E-13
 1.8826E-11
 2.0866E-10
 2.1109E-10
 2.0407E-10
 3.5816E-10
 8.9182E-10
 5.9132E-09
 1.8065E-07
 5.7445E-09
 7.7275E-10
 3.1317E-10
 1.9122E-10
 4.5254E-10
