-8.71878087E-07  1.06636796E-04  1.79263621E-04  1.95216637E-04  1.49128616E-04  5.57116256E-05 -5.57116256E-05 -1.49128616E-04 -1.95216637E-04 -1.79263621E-04 -1.06636796E-04  8.71878087E-07  0.00000000E+00  1.07084254E-04  1.80170015E-04  1.96053068E-04  1.49690658E-04  5.58025214E-05 -5.58025214E-05 -1.49690658E-04
-1.96053068E-04 -1.80170015E-04 -1.07084254E-04 -4.74338450E-20  9.97839763E-07  1.55891630E-04  2.64500385E-04  2.88123987E-04  2.20210663E-04  8.23122116E-05 -8.23122116E-05 -2.20210663E-04 -2.88123987E-04 -2.64500385E-04 -1.55891630E-04 -9.97839763E-07  0.00000000E+00  1.58726090E-04  2.67057768E-04  2.90600491E-04
 2.21879612E-04  8.27135238E-05 -8.27135238E-05 -2.21879612E-04 -2.90600491E-04 -2.67057768E-04 -1.58726090E-04 -7.03090178E-20
 2.19009682E-06  2.93024123E-05  1.74800564E-04  1.95090058E-04  1.48761074E-04  5.53096411E-05 -5.53103069E-05 -1.48759966E-04 -1.95090128E-04 -1.74802284E-04 -2.93008769E-05 -2.19048155E-06  2.28454147E-06  2.98394652E-05  1.75900449E-04  1.96210416E-04  1.49429749E-04  5.56272253E-05 -5.56280625E-05 -1.49428820E-04
-1.96210628E-04 -1.75902203E-04 -2.98378759E-05 -2.28480437E-06  6.88582268E-06  4.73957969E-05  2.51730983E-04  2.86448026E-04  2.18430263E-04  8.12164403E-05 -8.12172857E-05 -2.18428690E-04 -2.86448306E-04 -2.51733453E-04 -4.73924072E-05 -6.88676501E-06  3.44455696E-06  4.62975069E-05  2.57064720E-04  2.90810662E-04
 2.21271489E-04  8.23201926E-05 -8.23218012E-05 -2.21269886E-04 -2.90811134E-04 -2.57066978E-04 -4.62951045E-05 -3.44485910E-06
-4.03110227E-07  1.16592657E-05  1.68468437E-04  1.94871840E-04  1.48345024E-04  5.50560174E-05 -5.50591659E-05 -1.48342101E-04 -1.94868369E-04 -1.68478003E-04 -1.16538167E-05  4.06860560E-07 -2.09077060E-07  1.24739005E-05  1.70052019E-04  1.96525050E-04  1.49404131E-04  5.55326205E-05 -5.55370689E-05 -1.49402496E-04
-1.96522421E-04 -1.70061770E-04 -1.24679248E-05  2.13230838E-07  1.25033097E-06  2.04129814E-05  2.38193835E-04  2.83438082E-04  2.16098925E-04  8.01696004E-05 -8.01755193E-05 -2.16090064E-04 -2.83427900E-04 -2.38203829E-04 -2.03955708E-05 -1.24740342E-06 -1.14702218E-06  2.18412668E-05  2.44145133E-04  2.90884374E-04
 2.21318117E-04  8.21024613E-05 -8.21129259E-05 -2.21311649E-04 -2.90877154E-04 -2.44152717E-04 -2.18349765E-05  1.15060421E-06
-1.13424531E-06  6.05463491E-06  1.62380633E-04  1.94454664E-04  1.48209033E-04  5.49379866E-05 -5.49398712E-05 -1.48202046E-04 -1.94444187E-04 -1.62413002E-04 -6.03297752E-06  1.14554851E-06 -8.86843157E-07  7.00591144E-06  1.64194270E-04  1.96367838E-04  1.49467121E-04  5.54905835E-05 -5.54971337E-05 -1.49464635E-04
-1.96360028E-04 -1.64227008E-04 -6.98205567E-06  8.99159461E-07 -1.09359111E-06  8.37900879E-06  2.25968725E-04  2.82127131E-04  2.16022373E-04  8.00287487E-05 -8.00275792E-05 -2.15985250E-04 -2.82088729E-04 -2.26007861E-04 -8.31502205E-06  1.10436229E-06 -2.64215498E-06  1.37885765E-05  2.32007229E-04  2.89654434E-04
 2.21603797E-04  8.20238935E-05 -8.20428637E-05 -2.21581963E-04 -2.89627708E-04 -2.32019504E-04 -1.37629387E-05  2.64190836E-06
-1.31377421E-06  4.48010208E-06  1.57021493E-04  1.93880462E-04  1.48266976E-04  5.49389665E-05 -5.49323726E-05 -1.48248264E-04 -1.93850169E-04 -1.57087042E-04 -4.42233378E-06  1.33226902E-06 -1.07579995E-06  5.40753702E-06  1.58796440E-04  1.95746405E-04  1.49482747E-04  5.54649031E-05 -5.54716533E-05 -1.49476673E-04
-1.95723099E-04 -1.58862201E-04 -5.34265580E-06  1.09644513E-06 -2.27886797E-06  4.10506285E-06  2.16461644E-04  2.81571551E-04  2.17220095E-04  8.04551803E-05 -8.04167479E-05 -2.17119911E-04 -2.81476270E-04 -2.16529843E-04 -3.92860042E-06  2.29639699E-06 -3.30742594E-06  1.10795010E-05  2.21247201E-04  2.87169618E-04
 2.21725243E-04  8.20079699E-05 -8.20236152E-05 -2.21662938E-04 -2.87100354E-04 -2.21221415E-04 -1.10014508E-05  3.27234228E-06
-1.30100846E-06  4.56412518E-06  1.52418855E-04  1.93042468E-04  1.48338576E-04  5.50185105E-05 -5.49856899E-05 -1.48297996E-04 -1.92986427E-04 -1.52506330E-04 -4.43245448E-06  1.33121796E-06 -1.09081745E-06  5.40409886E-06  1.54035738E-04  1.94729916E-04  1.49418451E-04  5.54782025E-05 -5.54744043E-05 -1.49405663E-04
-1.94688372E-04 -1.54121991E-04 -5.25423692E-06  1.12258379E-06 -2.86109567E-06  4.29765479E-06  2.09100356E-04  2.79807879E-04  2.17437799E-04  8.06057658E-05 -8.04995326E-05 -2.17247025E-04 -2.79641751E-04 -2.09105613E-04 -3.86284407E-06  2.89639284E-06 -3.80460775E-06  1.05058203E-05  2.12073837E-04  2.83731251E-04
 2.21526824E-04  8.20130859E-05 -8.19898035E-05 -2.21386561E-04 -2.83597862E-04 -2.11904497E-04 -1.03123824E-05  3.70534163E-06
-1.13260132E-06  5.05565865E-06  1.48303726E-04  1.91963157E-04  1.48308160E-04  5.50864427E-05 -5.50093226E-05 -1.48234193E-04 -1.91865190E-04 -1.48401578E-04 -4.79509278E-06  1.21074925E-06 -9.35866982E-07  5.83257102E-06  1.49781553E-04  1.93502522E-04  1.49290275E-04  5.54965378E-05 -5.54692316E-05 -1.49265724E-04
-1.93428077E-04 -1.49873813E-04 -5.53317545E-06  1.00625618E-06 -3.31341390E-06  5.48299878E-06  2.02122009E-04  2.76112600E-04  2.15942469E-04  8.01027616E-05 -7.99576794E-05 -2.15629024E-04 -2.75801463E-04 -2.01884521E-04 -4.55766075E-06  3.42797976E-06 -4.28312561E-06  1.04717218E-05  2.04217290E-04  2.79566650E-04
 2.20946206E-04  8.19829093E-05 -8.18662930E-05 -2.20668671E-04 -2.79340980E-04 -2.03750179E-04 -1.00567504E-05  4.11039443E-06
-7.89469589E-07  5.41036467E-06  1.44501574E-04  1.90680354E-04  1.48098625E-04  5.51344292E-05 -5.49869009E-05 -1.47978444E-04 -1.90529408E-04 -1.44629799E-04 -4.92965858E-06  1.00358704E-06 -5.94126370E-07  6.17373983E-06  1.45903115E-04  1.92146751E-04  1.49048104E-04  5.55230340E-05 -5.54496754E-05 -1.49005990E-04
-1.92028059E-04 -1.46015692E-04 -5.61763388E-06  7.71476901E-07 -4.01872066E-06  5.51818580E-06  1.94096255E-04  2.70493496E-04  2.12999621E-04  7.91048294E-05 -7.89756121E-05 -2.12507198E-04 -2.69912943E-04 -1.93382496E-04 -3.72150211E-06  4.35396644E-06 -4.76585900E-06  1.03166462E-05  1.97278803E-04  2.74737684E-04
 2.19731330E-04  8.17839159E-05 -8.15022564E-05 -2.19233624E-04 -2.74365502E-04 -1.96324991E-04 -9.50635255E-06  4.54008097E-06
