 i    energy(i)    w_energy(i) 
--- ------------  ------------ 
 1  0.1671944334  0.1175888079
 2  0.5627161701  0.2375474391
 3  1.1731964060  0.2823443455
 4  2.1212317177  0.2375474391
 5  3.8225131246  0.1175888079
 6  6.0000000000  0.0073831605
 
 k   tau(k)/2pi     s_lambda(k)   lambda(k)   w_lambda(k)
--- ------------  ------------ ------------  -----------
 1  1.0349643194  0.0432436726  0.0854839311  0.0541629033
 2  1.2523373868  0.2055371279  0.3719493147  0.1015425699
 3  1.7493933453  0.4172847650  0.6626463929  0.1015425699
 4  2.7949752463  0.5795782202  0.8160640028  0.0541629033
lambda-TP:                      0.8421519211
 5  3.1881987814  0.6490100644  0.8562351887  0.0328008080
 6  2.3538183649  0.7472942432  0.9306986224  0.0614937188
 7  2.0192632167  0.8755276497  1.0495655191  0.0614937188
 8  1.8752984432  0.9738118284  1.1508252350  0.0328008080
lambda-MAX:                     1.1790126895
 
 k   tau(k)/2pi     s_lambda(k)   lambda(k)   w_lambda(k)
--- ------------  ------------ ------------  -----------
 1  1.0349643194  0.0432436726  0.0854839311  0.0541629033
 2  1.2523373868  0.2055371279  0.3719493147  0.1015425699
 3  1.7493933453  0.4172847650  0.6626463929  0.1015425699
 4  2.7949752463  0.5795782202  0.8160640028  0.0541629033
lambda-TP:                      0.8421519211
 5  3.1881987814  0.6490100644  0.8562351887  0.0328008080
 6  2.3538183649  0.7472942432  0.9306986224  0.0614937188
 7  2.0192632167  0.8755276497  1.0495655191  0.0614937188
 8  1.8752984432  0.9738118284  1.1508252350  0.0328008080
lambda-MAX:                     1.1790126895
