----------------------------------------------------------------------------------- 
 => ion # 1
 r           dlntdr_s    dlnndr_s    tem_s       den_s       alpha_s     (null)      
----------------------------------------------------------------------------------- 
 4.6875E-01  2.0000E+00  1.0000E+00  1.0000E+00  1.0000E+00  1.0000E+00  0.0000E+00
 4.7443E-01  2.0000E+00  1.0000E+00  1.0000E+00  1.0000E+00  1.0000E+00  0.0000E+00
 4.8011E-01  2.0000E+00  1.0000E+00  1.0000E+00  1.0000E+00  1.0000E+00  0.0000E+00
 4.8580E-01  2.0000E+00  1.0000E+00  1.0000E+00  1.0000E+00  1.0000E+00  0.0000E+00
 4.9148E-01  2.0000E+00  1.0000E+00  1.0000E+00  1.0000E+00  1.0000E+00  0.0000E+00
 4.9716E-01  2.0000E+00  1.0000E+00  1.0000E+00  1.0000E+00  1.0000E+00  0.0000E+00
 5.0284E-01  2.0000E+00  1.0000E+00  1.0000E+00  1.0000E+00  1.0000E+00  0.0000E+00
 5.0852E-01  2.0000E+00  1.0000E+00  1.0000E+00  1.0000E+00  1.0000E+00  0.0000E+00
 5.1420E-01  2.0000E+00  1.0000E+00  1.0000E+00  1.0000E+00  1.0000E+00  0.0000E+00
 5.1989E-01  2.0000E+00  1.0000E+00  1.0000E+00  1.0000E+00  1.0000E+00  0.0000E+00
 5.2557E-01  2.0000E+00  1.0000E+00  1.0000E+00  1.0000E+00  1.0000E+00  0.0000E+00
 5.3125E-01  2.0000E+00  1.0000E+00  1.0000E+00  1.0000E+00  1.0000E+00  0.0000E+00
----------------------------------------------------------------------------------- 
=> electrons
 r           dlntdr_s    dlnndr_s    tem_s       den_s       alpha_s     (null)      
----------------------------------------------------------------------------------- 
 4.6875E-01  2.0000E+00  1.0000E+00  1.0000E+00  1.0000E+00  1.0000E+00  0.0000E+00
 4.7443E-01  2.0000E+00  1.0000E+00  1.0000E+00  1.0000E+00  1.0000E+00  0.0000E+00
 4.8011E-01  2.0000E+00  1.0000E+00  1.0000E+00  1.0000E+00  1.0000E+00  0.0000E+00
 4.8580E-01  2.0000E+00  1.0000E+00  1.0000E+00  1.0000E+00  1.0000E+00  0.0000E+00
 4.9148E-01  2.0000E+00  1.0000E+00  1.0000E+00  1.0000E+00  1.0000E+00  0.0000E+00
 4.9716E-01  2.0000E+00  1.0000E+00  1.0000E+00  1.0000E+00  1.0000E+00  0.0000E+00
 5.0284E-01  2.0000E+00  1.0000E+00  1.0000E+00  1.0000E+00  1.0000E+00  0.0000E+00
 5.0852E-01  2.0000E+00  1.0000E+00  1.0000E+00  1.0000E+00  1.0000E+00  0.0000E+00
 5.1420E-01  2.0000E+00  1.0000E+00  1.0000E+00  1.0000E+00  1.0000E+00  0.0000E+00
 5.1989E-01  2.0000E+00  1.0000E+00  1.0000E+00  1.0000E+00  1.0000E+00  0.0000E+00
 5.2557E-01  2.0000E+00  1.0000E+00  1.0000E+00  1.0000E+00  1.0000E+00  0.0000E+00
 5.3125E-01  2.0000E+00  1.0000E+00  1.0000E+00  1.0000E+00  1.0000E+00  0.0000E+00
----------------------------------------------------------------------------------- 
 => Geometry
 r           q_s         shat_s      kappa_s     s_kappa_s   delta_s     s_delta_s   
----------------------------------------------------------------------------------- 
 4.6875E-01  2.0000E+00  1.0000E+00  1.0000E+00  0.0000E+00  0.0000E+00  0.0000E+00
 4.7443E-01  2.0000E+00  1.0000E+00  1.0000E+00  0.0000E+00  0.0000E+00  0.0000E+00
 4.8011E-01  2.0000E+00  1.0000E+00  1.0000E+00  0.0000E+00  0.0000E+00  0.0000E+00
 4.8580E-01  2.0000E+00  1.0000E+00  1.0000E+00  0.0000E+00  0.0000E+00  0.0000E+00
 4.9148E-01  2.0000E+00  1.0000E+00  1.0000E+00  0.0000E+00  0.0000E+00  0.0000E+00
 4.9716E-01  2.0000E+00  1.0000E+00  1.0000E+00  0.0000E+00  0.0000E+00  0.0000E+00
 5.0284E-01  2.0000E+00  1.0000E+00  1.0000E+00  0.0000E+00  0.0000E+00  0.0000E+00
 5.0852E-01  2.0000E+00  1.0000E+00  1.0000E+00  0.0000E+00  0.0000E+00  0.0000E+00
 5.1420E-01  2.0000E+00  1.0000E+00  1.0000E+00  0.0000E+00  0.0000E+00  0.0000E+00
 5.1989E-01  2.0000E+00  1.0000E+00  1.0000E+00  0.0000E+00  0.0000E+00  0.0000E+00
 5.2557E-01  2.0000E+00  1.0000E+00  1.0000E+00  0.0000E+00  0.0000E+00  0.0000E+00
 5.3125E-01  2.0000E+00  1.0000E+00  1.0000E+00  0.0000E+00  0.0000E+00  0.0000E+00
----------------------------------------------------------------------------------- 
 => Geometry
 r           R/r         drmaj_s     b_unit_s    beta_unit_s rhosda_s    (null)      
----------------------------------------------------------------------------------- 
 4.6875E-01  6.0000E+00  0.0000E+00  1.0000E+00  0.0000E+00  2.5000E-03  0.0000E+00
 4.7443E-01  6.0000E+00  0.0000E+00  1.0000E+00  0.0000E+00  2.5000E-03  0.0000E+00
 4.8011E-01  6.0000E+00  0.0000E+00  1.0000E+00  0.0000E+00  2.5000E-03  0.0000E+00
 4.8580E-01  6.0000E+00  0.0000E+00  1.0000E+00  0.0000E+00  2.5000E-03  0.0000E+00
 4.9148E-01  6.0000E+00  0.0000E+00  1.0000E+00  0.0000E+00  2.5000E-03  0.0000E+00
 4.9716E-01  6.0000E+00  0.0000E+00  1.0000E+00  0.0000E+00  2.5000E-03  0.0000E+00
 5.0284E-01  6.0000E+00  0.0000E+00  1.0000E+00  0.0000E+00  2.5000E-03  0.0000E+00
 5.0852E-01  6.0000E+00  0.0000E+00  1.0000E+00  0.0000E+00  2.5000E-03  0.0000E+00
 5.1420E-01  6.0000E+00  0.0000E+00  1.0000E+00  0.0000E+00  2.5000E-03  0.0000E+00
 5.1989E-01  6.0000E+00  0.0000E+00  1.0000E+00  0.0000E+00  2.5000E-03  0.0000E+00
 5.2557E-01  6.0000E+00  0.0000E+00  1.0000E+00  0.0000E+00  2.5000E-03  0.0000E+00
 5.3125E-01  6.0000E+00  0.0000E+00  1.0000E+00  0.0000E+00  2.5000E-03  0.0000E+00
----------------------------------------------------------------------------------- 
 => Geometry and Flows
 r           r_s         r_e         dr_eodr     q           (null)      (null)      
----------------------------------------------------------------------------------- 
 4.6875E-01  5.0000E-01  4.6875E-01  1.0000E+00  1.8750E+00  0.0000E+00  0.0000E+00
 4.7443E-01  5.0000E-01  4.7443E-01  1.0000E+00  1.8977E+00  0.0000E+00  0.0000E+00
 4.8011E-01  5.0000E-01  4.8011E-01  1.0000E+00  1.9205E+00  0.0000E+00  0.0000E+00
 4.8580E-01  5.0000E-01  4.8580E-01  1.0000E+00  1.9432E+00  0.0000E+00  0.0000E+00
 4.9148E-01  5.0000E-01  4.9148E-01  1.0000E+00  1.9659E+00  0.0000E+00  0.0000E+00
 4.9716E-01  5.0000E-01  4.9716E-01  1.0000E+00  1.9886E+00  0.0000E+00  0.0000E+00
 5.0284E-01  5.0000E-01  5.0284E-01  1.0000E+00  2.0114E+00  0.0000E+00  0.0000E+00
 5.0852E-01  5.0000E-01  5.0852E-01  1.0000E+00  2.0341E+00  0.0000E+00  0.0000E+00
 5.1420E-01  5.0000E-01  5.1420E-01  1.0000E+00  2.0568E+00  0.0000E+00  0.0000E+00
 5.1989E-01  5.0000E-01  5.1989E-01  1.0000E+00  2.0795E+00  0.0000E+00  0.0000E+00
 5.2557E-01  5.0000E-01  5.2557E-01  1.0000E+00  2.1023E+00  0.0000E+00  0.0000E+00
 5.3125E-01  5.0000E-01  5.3125E-01  1.0000E+00  2.1250E+00  0.0000E+00  0.0000E+00
----------------------------------------------------------------------------------- 
 => Geometry and Flows
 r           gamma_e_s   gamma_p_s   mach_s      z_eff_s     nu_s        (null)      
----------------------------------------------------------------------------------- 
 4.6875E-01  0.0000E+00  1.0000E+00  0.0000E+00  1.0000E+00  0.0000E+00  0.0000E+00
 4.7443E-01  0.0000E+00  1.0000E+00  0.0000E+00  1.0000E+00  0.0000E+00  0.0000E+00
 4.8011E-01  0.0000E+00  1.0000E+00  0.0000E+00  1.0000E+00  0.0000E+00  0.0000E+00
 4.8580E-01  0.0000E+00  1.0000E+00  0.0000E+00  1.0000E+00  0.0000E+00  0.0000E+00
 4.9148E-01  0.0000E+00  1.0000E+00  0.0000E+00  1.0000E+00  0.0000E+00  0.0000E+00
 4.9716E-01  0.0000E+00  1.0000E+00  0.0000E+00  1.0000E+00  0.0000E+00  0.0000E+00
 5.0284E-01  0.0000E+00  1.0000E+00  0.0000E+00  1.0000E+00  0.0000E+00  0.0000E+00
 5.0852E-01  0.0000E+00  1.0000E+00  0.0000E+00  1.0000E+00  0.0000E+00  0.0000E+00
 5.1420E-01  0.0000E+00  1.0000E+00  0.0000E+00  1.0000E+00  0.0000E+00  0.0000E+00
 5.1989E-01  0.0000E+00  1.0000E+00  0.0000E+00  1.0000E+00  0.0000E+00  0.0000E+00
 5.2557E-01  0.0000E+00  1.0000E+00  0.0000E+00  1.0000E+00  0.0000E+00  0.0000E+00
 5.3125E-01  0.0000E+00  1.0000E+00  0.0000E+00  1.0000E+00  0.0000E+00  0.0000E+00
----------------------------------------------------------------------------------- 
 => Geometry and Flows
 r           gamma_t_s   gamma_n_s   gamma_eb_s  gamma_HB    w0_s        w0p_s       
----------------------------------------------------------------------------------- 
 4.6875E-01  1.4211E-16  7.1054E-17  0.0000E+00  0.0000E+00  0.0000E+00  0.0000E+00
 4.7443E-01  0.0000E+00  0.0000E+00  0.0000E+00  0.0000E+00  0.0000E+00  0.0000E+00
 4.8011E-01 -7.1054E-17 -3.5527E-17  0.0000E+00  0.0000E+00  0.0000E+00  0.0000E+00
 4.8580E-01 -7.1054E-17 -3.5527E-17  0.0000E+00  0.0000E+00  0.0000E+00  0.0000E+00
 4.9148E-01  7.1054E-17  3.5527E-17  0.0000E+00  0.0000E+00  0.0000E+00  0.0000E+00
 4.9716E-01  7.1054E-17  3.5527E-17  0.0000E+00  0.0000E+00  0.0000E+00  0.0000E+00
 5.0284E-01  7.1054E-17  3.5527E-17  0.0000E+00  0.0000E+00  0.0000E+00  0.0000E+00
 5.0852E-01  0.0000E+00  0.0000E+00  0.0000E+00  0.0000E+00  0.0000E+00  0.0000E+00
 5.1420E-01  0.0000E+00  0.0000E+00  0.0000E+00  0.0000E+00  0.0000E+00  0.0000E+00
 5.1989E-01  0.0000E+00  0.0000E+00  0.0000E+00  0.0000E+00  0.0000E+00  0.0000E+00
 5.2557E-01  0.0000E+00  0.0000E+00  0.0000E+00  0.0000E+00  0.0000E+00  0.0000E+00
 5.3125E-01 -2.8422E-16 -1.4211E-16  0.0000E+00  0.0000E+00  0.0000E+00  0.0000E+00
----------------------------------------------------------------------------------- 
 => Geometry and Flows
 r           (null)      (null)      (null)      zmag_s      V (volume)  dV/dr       
----------------------------------------------------------------------------------- 
 4.6875E-01  0.0000E+00  0.0000E+00  0.0000E+00  0.0000E+00  1.4804E+01  5.9218E+01
 4.7443E-01  0.0000E+00  0.0000E+00  0.0000E+00  0.0000E+00  1.4804E+01  5.9218E+01
 4.8011E-01  0.0000E+00  0.0000E+00  0.0000E+00  0.0000E+00  1.4804E+01  5.9218E+01
 4.8580E-01  0.0000E+00  0.0000E+00  0.0000E+00  0.0000E+00  1.4804E+01  5.9218E+01
 4.9148E-01  0.0000E+00  0.0000E+00  0.0000E+00  0.0000E+00  1.4804E+01  5.9218E+01
 4.9716E-01  0.0000E+00  0.0000E+00  0.0000E+00  0.0000E+00  1.4804E+01  5.9218E+01
 5.0284E-01  0.0000E+00  0.0000E+00  0.0000E+00  0.0000E+00  1.4804E+01  5.9218E+01
 5.0852E-01  0.0000E+00  0.0000E+00  0.0000E+00  0.0000E+00  1.4804E+01  5.9218E+01
 5.1420E-01  0.0000E+00  0.0000E+00  0.0000E+00  0.0000E+00  1.4804E+01  5.9218E+01
 5.1989E-01  0.0000E+00  0.0000E+00  0.0000E+00  0.0000E+00  1.4804E+01  5.9218E+01
 5.2557E-01  0.0000E+00  0.0000E+00  0.0000E+00  0.0000E+00  1.4804E+01  5.9218E+01
 5.3125E-01  0.0000E+00  0.0000E+00  0.0000E+00  0.0000E+00  1.4804E+01  5.9218E+01
