-2.818E-06 -2.014E-18
-1.829E-06 -2.536E-18
-8.410E-07 -3.087E-18
 1.474E-07 -3.636E-18
 1.136E-06 -4.181E-18
 7.432E-07 -4.352E-18
 3.504E-07 -4.519E-18
-4.231E-08 -4.688E-18
-4.350E-07 -4.853E-18
-3.259E-07 -4.060E-18
-2.167E-07 -3.263E-18
-1.075E-07 -2.465E-18
 1.665E-09 -1.666E-18
 1.093E-07  9.444E-19
 2.169E-07  3.559E-18
 3.245E-07  6.175E-18
 4.321E-07  8.789E-18
 3.962E-08  5.732E-18
-3.528E-07  2.677E-18
-7.453E-07 -3.800E-19
-1.138E-06 -3.428E-18
-1.449E-07  2.501E-18
 8.479E-07  8.439E-18
 1.841E-06  1.438E-17
 2.834E-06  1.834E-17
 5.654E-07  3.586E-18
-1.703E-06 -1.347E-17
-3.971E-06 -3.052E-17
-6.239E-06 -4.487E-17
-1.669E-06 -1.798E-17
 2.902E-06  7.096E-18
 7.473E-06  3.579E-17
 1.204E-05  5.725E-17
 2.422E-06  3.600E-17
-7.199E-06  3.104E-19
-1.682E-05 -2.816E-17
-2.644E-05 -4.828E-17
-4.024E-06 -3.052E-17
 1.839E-05 -1.163E-17
 4.081E-05  9.073E-18
 6.323E-05  2.255E-17
 1.129E-05  2.118E-17
-4.066E-05  8.975E-18
-9.260E-05 -6.839E-18
-1.445E-04 -8.210E-18
-1.619E-05 -6.523E-18
 1.122E-04 -3.933E-18
 2.405E-04 -4.408E-19
 3.688E-04  5.006E-18
-1.510E-02  2.955E-18
-3.057E-02  8.935E-19
-4.604E-02 -1.165E-18
-6.151E-02 -3.226E-18
-7.061E-02 -2.194E-18
-7.971E-02 -1.164E-18
-8.880E-02 -1.338E-19
-9.790E-02  8.910E-19
-7.342E-02  1.607E-18
-4.895E-02  2.317E-18
-2.447E-02  3.027E-18
 3.585E-11  3.736E-18
 2.447E-02  2.351E-18
 4.895E-02  9.649E-19
 7.342E-02 -4.241E-19
 9.790E-02 -1.811E-18
 8.880E-02  3.329E-20
 7.971E-02  1.873E-18
 7.061E-02  3.721E-18
 6.151E-02  5.553E-18
 4.604E-02 -1.105E-18
 3.057E-02 -7.762E-18
 1.510E-02 -1.444E-17
-3.688E-04 -2.304E-17
-2.405E-04 -5.855E-18
-1.122E-04  1.232E-17
 1.619E-05  3.320E-17
 1.445E-04  4.776E-17
 9.260E-05  2.205E-17
 4.066E-05 -5.469E-18
-1.129E-05 -3.659E-17
-6.323E-05 -6.050E-17
-4.081E-05 -3.787E-17
-1.839E-05 -2.598E-18
 4.021E-06  2.725E-17
 2.644E-05  4.801E-17
 1.682E-05  2.961E-17
 7.202E-06  1.114E-17
-2.416E-06 -1.094E-17
-1.203E-05 -2.579E-17
-7.470E-06 -2.199E-17
-2.907E-06 -7.347E-18
 1.657E-06  7.293E-18
 6.220E-06  7.490E-18
 3.961E-06  7.392E-18
 1.701E-06  2.781E-18
-5.584E-07 -2.407E-20
