-3.866E-06 -5.985E-18
-2.159E-07 -2.436E-18
 1.882E-06  1.968E-18
 2.426E-06  7.252E-18
 1.418E-06  1.339E-17
-5.744E-08  2.009E-17
-9.163E-07  2.705E-17
-1.158E-06  3.428E-17
-7.834E-07  4.178E-17
-1.858E-07  4.879E-17
 2.403E-07  5.454E-17
 4.949E-07  5.903E-17
 5.780E-07  6.228E-17
 4.909E-07  6.285E-17
 2.348E-07  5.931E-17
-1.904E-07  5.167E-17
-7.846E-07  3.991E-17
-1.155E-06  2.851E-17
-9.091E-07  2.191E-17
-4.657E-08  2.009E-17
 1.432E-06  2.310E-17
 2.440E-06  2.382E-17
 1.888E-06  1.523E-17
-2.238E-07 -2.706E-18
-3.895E-06 -2.996E-17
-6.564E-06 -4.666E-17
-5.671E-06 -3.947E-17
-1.215E-06 -3.558E-18
 6.804E-06  5.748E-17
 1.301E-05  1.150E-16
 1.205E-05  1.150E-16
 3.897E-06  5.760E-17
-1.143E-05  4.929E-19
-2.279E-05 -2.790E-17
-1.904E-05 -8.584E-17
-1.743E-07 -5.777E-17
 3.380E-05 -3.034E-17
 5.773E-05  5.528E-17
 4.644E-05  8.466E-17
-5.496E-08  8.666E-17
-8.177E-05  6.130E-17
-1.403E-04 -2.284E-17
-1.172E-04 -9.388E-18
-1.257E-05 -1.390E-17
 1.737E-04 -1.471E-17
 2.999E-04 -2.101E-18
 2.246E-04  8.371E-18
-5.241E-05  1.174E-17
-5.310E-04  9.480E-18
 1.104E-02  3.229E-18
 4.691E-02  2.338E-19
 1.071E-01  4.463E-19
 1.916E-01  3.897E-18
 2.953E-01  8.149E-18
 4.134E-01  1.080E-17
 5.457E-01  1.181E-17
 6.924E-01  1.120E-17
 8.269E-01  9.239E-18
 9.230E-01  6.161E-18
 9.807E-01  1.961E-18
 9.999E-01 -3.349E-18
 9.807E-01 -8.130E-18
 9.230E-01 -1.074E-17
 8.269E-01 -1.116E-17
 6.924E-01 -9.409E-18
 5.457E-01 -8.012E-18
 4.134E-01 -9.506E-18
 2.953E-01 -1.389E-17
 1.916E-01 -2.118E-17
 1.071E-01 -2.469E-17
 4.691E-02 -1.771E-17
 1.104E-02 -2.546E-19
-5.310E-04  2.766E-17
-5.241E-05  5.010E-17
 2.246E-04  4.398E-17
 2.999E-04  9.320E-18
 1.737E-04 -5.751E-17
-1.257E-05 -1.305E-16
-1.172E-04 -1.206E-16
-1.403E-04 -9.271E-17
-8.177E-05 -3.525E-18
-5.827E-08  2.888E-17
 4.644E-05  8.866E-17
 5.773E-05  6.026E-17
 3.381E-05  3.034E-17
-1.660E-07 -5.778E-17
-1.903E-05 -8.748E-17
-2.279E-05 -8.764E-17
-1.144E-05 -5.827E-17
 3.878E-06  2.905E-17
 1.203E-05  1.496E-17
 1.301E-05  2.945E-17
 6.823E-06  1.474E-17
-1.173E-06 -3.661E-18
-5.620E-06 -7.464E-18
-6.518E-06 -1.111E-17
