 6.2308E+00
-1.2246E-16
-1.0000E+00
 0.0000E+00
-1.2246E-16
-1.0000E+00
 1.1980E+00
 1.0000E+00
 1.0000E+00
 1.0000E+00
-3.1416E+00
 5.7116E+00
-2.5882E-01
-9.6593E-01
 0.0000E+00
-2.5882E-01
-9.6593E-01
 1.1900E+00
 1.0000E+00
 1.0000E+00
 1.0000E+00
-2.8798E+00
 5.1924E+00
-5.0000E-01
-8.6603E-01
 0.0000E+00
-5.0000E-01
-8.6603E-01
 1.1670E+00
 1.0000E+00
 1.0000E+00
 1.0000E+00
-2.6180E+00
 4.6731E+00
-7.0711E-01
-7.0711E-01
 0.0000E+00
-7.0711E-01
-7.0711E-01
 1.1323E+00
 1.0000E+00
 1.0000E+00
 1.0000E+00
-2.3562E+00
 4.1539E+00
-8.6603E-01
-5.0000E-01
 0.0000E+00
-8.6603E-01
-5.0000E-01
 1.0901E+00
 1.0000E+00
 1.0000E+00
 1.0000E+00
-2.0944E+00
 3.6346E+00
-9.6593E-01
-2.5882E-01
 0.0000E+00
-9.6593E-01
-2.5882E-01
 1.0447E+00
 1.0000E+00
 1.0000E+00
 1.0000E+00
-1.8326E+00
 3.1154E+00
-1.0000E+00
 6.1232E-17
 0.0000E+00
-1.0000E+00
 6.1232E-17
 1.0000E+00
 1.0000E+00
 1.0000E+00
 1.0000E+00
-1.5708E+00
 2.5962E+00
-9.6593E-01
 2.5882E-01
 0.0000E+00
-9.6593E-01
 2.5882E-01
 9.5898E-01
 1.0000E+00
 1.0000E+00
 1.0000E+00
-1.3090E+00
 2.0769E+00
-8.6603E-01
 5.0000E-01
 0.0000E+00
-8.6603E-01
 5.0000E-01
 9.2367E-01
 1.0000E+00
 1.0000E+00
 1.0000E+00
-1.0472E+00
 1.5577E+00
-7.0711E-01
 7.0711E-01
 0.0000E+00
-7.0711E-01
 7.0711E-01
 8.9536E-01
 1.0000E+00
 1.0000E+00
 1.0000E+00
-7.8540E-01
 1.0385E+00
-5.0000E-01
 8.6603E-01
 0.0000E+00
-5.0000E-01
 8.6603E-01
 8.7479E-01
 1.0000E+00
 1.0000E+00
 1.0000E+00
-5.2360E-01
 5.1924E-01
-2.5882E-01
 9.6593E-01
 0.0000E+00
-2.5882E-01
 9.6593E-01
 8.6233E-01
 1.0000E+00
 1.0000E+00
 1.0000E+00
-2.6180E-01
-0.0000E+00
 0.0000E+00
 1.0000E+00
 0.0000E+00
 0.0000E+00
 1.0000E+00
 8.5816E-01
 1.0000E+00
 1.0000E+00
 1.0000E+00
 0.0000E+00
-5.1924E-01
 2.5882E-01
 9.6593E-01
 0.0000E+00
 2.5882E-01
 9.6593E-01
 8.6233E-01
 1.0000E+00
 1.0000E+00
 1.0000E+00
 2.6180E-01
-1.0385E+00
 5.0000E-01
 8.6603E-01
 0.0000E+00
 5.0000E-01
 8.6603E-01
 8.7479E-01
 1.0000E+00
 1.0000E+00
 1.0000E+00
 5.2360E-01
-1.5577E+00
 7.0711E-01
 7.0711E-01
 0.0000E+00
 7.0711E-01
 7.0711E-01
 8.9536E-01
 1.0000E+00
 1.0000E+00
 1.0000E+00
 7.8540E-01
-2.0769E+00
 8.6603E-01
 5.0000E-01
 0.0000E+00
 8.6603E-01
 5.0000E-01
 9.2367E-01
 1.0000E+00
 1.0000E+00
 1.0000E+00
 1.0472E+00
-2.5962E+00
 9.6593E-01
 2.5882E-01
 0.0000E+00
 9.6593E-01
 2.5882E-01
 9.5898E-01
 1.0000E+00
 1.0000E+00
 1.0000E+00
 1.3090E+00
-3.1154E+00
 1.0000E+00
 6.1232E-17
 0.0000E+00
 1.0000E+00
 6.1232E-17
 1.0000E+00
 1.0000E+00
 1.0000E+00
 1.0000E+00
 1.5708E+00
-3.6346E+00
 9.6593E-01
-2.5882E-01
 0.0000E+00
 9.6593E-01
-2.5882E-01
 1.0447E+00
 1.0000E+00
 1.0000E+00
 1.0000E+00
 1.8326E+00
-4.1539E+00
 8.6603E-01
-5.0000E-01
 0.0000E+00
 8.6603E-01
-5.0000E-01
 1.0901E+00
 1.0000E+00
 1.0000E+00
 1.0000E+00
 2.0944E+00
-4.6731E+00
 7.0711E-01
-7.0711E-01
 0.0000E+00
 7.0711E-01
-7.0711E-01
 1.1323E+00
 1.0000E+00
 1.0000E+00
 1.0000E+00
 2.3562E+00
-5.1924E+00
 5.0000E-01
-8.6603E-01
 0.0000E+00
 5.0000E-01
-8.6603E-01
 1.1670E+00
 1.0000E+00
 1.0000E+00
 1.0000E+00
 2.6180E+00
-5.7116E+00
 2.5882E-01
-9.6593E-01
 0.0000E+00
 2.5882E-01
-9.6593E-01
 1.1900E+00
 1.0000E+00
 1.0000E+00
 1.0000E+00
 2.8798E+00
 6.2570E+00
-1.2246E-16
-1.0000E+00
 0.0000E+00
-1.2246E-16
-1.0000E+00
 1.1990E+00
 1.0000E+00
 1.0000E+00
 1.0000E+00
-3.1416E+00
 5.7356E+00
-2.5882E-01
-9.6593E-01
 0.0000E+00
-2.5882E-01
-9.6593E-01
 1.1909E+00
 1.0000E+00
 1.0000E+00
 1.0000E+00
-2.8798E+00
 5.2142E+00
-5.0000E-01
-8.6603E-01
 0.0000E+00
-5.0000E-01
-8.6603E-01
 1.1679E+00
 1.0000E+00
 1.0000E+00
 1.0000E+00
-2.6180E+00
 4.6928E+00
-7.0711E-01
-7.0711E-01
 0.0000E+00
-7.0711E-01
-7.0711E-01
 1.1330E+00
 1.0000E+00
 1.0000E+00
 1.0000E+00
-2.3562E+00
 4.1713E+00
-8.6603E-01
-5.0000E-01
 0.0000E+00
-8.6603E-01
-5.0000E-01
 1.0905E+00
 1.0000E+00
 1.0000E+00
 1.0000E+00
-2.0944E+00
 3.6499E+00
-9.6593E-01
-2.5882E-01
 0.0000E+00
-9.6593E-01
-2.5882E-01
 1.0449E+00
 1.0000E+00
 1.0000E+00
 1.0000E+00
-1.8326E+00
 3.1285E+00
-1.0000E+00
 6.1232E-17
 0.0000E+00
-1.0000E+00
 6.1232E-17
 1.0000E+00
 1.0000E+00
 1.0000E+00
 1.0000E+00
-1.5708E+00
 2.6071E+00
-9.6593E-01
 2.5882E-01
 0.0000E+00
-9.6593E-01
 2.5882E-01
 9.5881E-01
 1.0000E+00
 1.0000E+00
 1.0000E+00
-1.3090E+00
 2.0857E+00
-8.6603E-01
 5.0000E-01
 0.0000E+00
-8.6603E-01
 5.0000E-01
 9.2337E-01
 1.0000E+00
 1.0000E+00
 1.0000E+00
-1.0472E+00
 1.5643E+00
-7.0711E-01
 7.0711E-01
 0.0000E+00
-7.0711E-01
 7.0711E-01
 8.9497E-01
 1.0000E+00
 1.0000E+00
 1.0000E+00
-7.8540E-01
 1.0428E+00
-5.0000E-01
 8.6603E-01
 0.0000E+00
-5.0000E-01
 8.6603E-01
 8.7433E-01
 1.0000E+00
 1.0000E+00
 1.0000E+00
-5.2360E-01
 5.2142E-01
-2.5882E-01
 9.6593E-01
 0.0000E+00
-2.5882E-01
 9.6593E-01
 8.6183E-01
 1.0000E+00
 1.0000E+00
 1.0000E+00
-2.6180E-01
-0.0000E+00
 0.0000E+00
 1.0000E+00
 0.0000E+00
 0.0000E+00
 1.0000E+00
 8.5765E-01
 1.0000E+00
 1.0000E+00
 1.0000E+00
 0.0000E+00
-5.2142E-01
 2.5882E-01
 9.6593E-01
 0.0000E+00
 2.5882E-01
 9.6593E-01
 8.6183E-01
 1.0000E+00
 1.0000E+00
 1.0000E+00
 2.6180E-01
-1.0428E+00
 5.0000E-01
 8.6603E-01
 0.0000E+00
 5.0000E-01
 8.6603E-01
 8.7433E-01
 1.0000E+00
 1.0000E+00
 1.0000E+00
 5.2360E-01
-1.5643E+00
 7.0711E-01
 7.0711E-01
 0.0000E+00
 7.0711E-01
 7.0711E-01
 8.9497E-01
 1.0000E+00
 1.0000E+00
 1.0000E+00
 7.8540E-01
-2.0857E+00
 8.6603E-01
 5.0000E-01
 0.0000E+00
 8.6603E-01
 5.0000E-01
 9.2337E-01
 1.0000E+00
 1.0000E+00
 1.0000E+00
 1.0472E+00
-2.6071E+00
 9.6593E-01
 2.5882E-01
 0.0000E+00
 9.6593E-01
 2.5882E-01
 9.5881E-01
 1.0000E+00
 1.0000E+00
 1.0000E+00
 1.3090E+00
-3.1285E+00
 1.0000E+00
 6.1232E-17
 0.0000E+00
 1.0000E+00
 6.1232E-17
 1.0000E+00
 1.0000E+00
 1.0000E+00
 1.0000E+00
 1.5708E+00
-3.6499E+00
 9.6593E-01
-2.5882E-01
 0.0000E+00
 9.6593E-01
-2.5882E-01
 1.0449E+00
 1.0000E+00
 1.0000E+00
 1.0000E+00
 1.8326E+00
-4.1713E+00
 8.6603E-01
-5.0000E-01
 0.0000E+00
 8.6603E-01
-5.0000E-01
 1.0905E+00
 1.0000E+00
 1.0000E+00
 1.0000E+00
 2.0944E+00
-4.6928E+00
 7.0711E-01
-7.0711E-01
 0.0000E+00
 7.0711E-01
-7.0711E-01
 1.1330E+00
 1.0000E+00
 1.0000E+00
 1.0000E+00
 2.3562E+00
-5.2142E+00
 5.0000E-01
-8.6603E-01
 0.0000E+00
 5.0000E-01
-8.6603E-01
 1.1679E+00
 1.0000E+00
 1.0000E+00
 1.0000E+00
 2.6180E+00
-5.7356E+00
 2.5882E-01
-9.6593E-01
 0.0000E+00
 2.5882E-01
-9.6593E-01
 1.1909E+00
 1.0000E+00
 1.0000E+00
 1.0000E+00
 2.8798E+00
 6.2832E+00
-1.2246E-16
-1.0000E+00
 0.0000E+00
-1.2246E-16
-1.0000E+00
 1.2000E+00
 1.0000E+00
 1.0000E+00
 1.0000E+00
-3.1416E+00
 5.7596E+00
-2.5882E-01
-9.6593E-01
 0.0000E+00
-2.5882E-01
-9.6593E-01
 1.1919E+00
 1.0000E+00
 1.0000E+00
 1.0000E+00
-2.8798E+00
 5.2360E+00
-5.0000E-01
-8.6603E-01
 0.0000E+00
-5.0000E-01
-8.6603E-01
 1.1687E+00
 1.0000E+00
 1.0000E+00
 1.0000E+00
-2.6180E+00
 4.7124E+00
-7.0711E-01
-7.0711E-01
 0.0000E+00
-7.0711E-01
-7.0711E-01
 1.1336E+00
 1.0000E+00
 1.0000E+00
 1.0000E+00
-2.3562E+00
 4.1888E+00
-8.6603E-01
-5.0000E-01
 0.0000E+00
-8.6603E-01
-5.0000E-01
 1.0909E+00
 1.0000E+00
 1.0000E+00
 1.0000E+00
-2.0944E+00
 3.6652E+00
-9.6593E-01
-2.5882E-01
 0.0000E+00
-9.6593E-01
-2.5882E-01
 1.0451E+00
 1.0000E+00
 1.0000E+00
 1.0000E+00
-1.8326E+00
 3.1416E+00
-1.0000E+00
 6.1232E-17
 0.0000E+00
-1.0000E+00
 6.1232E-17
 1.0000E+00
 1.0000E+00
 1.0000E+00
 1.0000E+00
-1.5708E+00
 2.6180E+00
-9.6593E-01
 2.5882E-01
 0.0000E+00
-9.6593E-01
 2.5882E-01
 9.5865E-01
 1.0000E+00
 1.0000E+00
 1.0000E+00
-1.3090E+00
 2.0944E+00
-8.6603E-01
 5.0000E-01
 0.0000E+00
-8.6603E-01
 5.0000E-01
 9.2308E-01
 1.0000E+00
 1.0000E+00
 1.0000E+00
-1.0472E+00
 1.5708E+00
-7.0711E-01
 7.0711E-01
 0.0000E+00
-7.0711E-01
 7.0711E-01
 8.9457E-01
 1.0000E+00
 1.0000E+00
 1.0000E+00
-7.8540E-01
 1.0472E+00
-5.0000E-01
 8.6603E-01
 0.0000E+00
-5.0000E-01
 8.6603E-01
 8.7387E-01
 1.0000E+00
 1.0000E+00
 1.0000E+00
-5.2360E-01
 5.2360E-01
-2.5882E-01
 9.6593E-01
 0.0000E+00
-2.5882E-01
 9.6593E-01
 8.6134E-01
 1.0000E+00
 1.0000E+00
 1.0000E+00
-2.6180E-01
-0.0000E+00
 0.0000E+00
 1.0000E+00
 0.0000E+00
 0.0000E+00
 1.0000E+00
 8.5714E-01
 1.0000E+00
 1.0000E+00
 1.0000E+00
 0.0000E+00
-5.2360E-01
 2.5882E-01
 9.6593E-01
 0.0000E+00
 2.5882E-01
 9.6593E-01
 8.6134E-01
 1.0000E+00
 1.0000E+00
 1.0000E+00
 2.6180E-01
-1.0472E+00
 5.0000E-01
 8.6603E-01
 0.0000E+00
 5.0000E-01
 8.6603E-01
 8.7387E-01
 1.0000E+00
 1.0000E+00
 1.0000E+00
 5.2360E-01
-1.5708E+00
 7.0711E-01
 7.0711E-01
 0.0000E+00
 7.0711E-01
 7.0711E-01
 8.9457E-01
 1.0000E+00
 1.0000E+00
 1.0000E+00
 7.8540E-01
-2.0944E+00
 8.6603E-01
 5.0000E-01
 0.0000E+00
 8.6603E-01
 5.0000E-01
 9.2308E-01
 1.0000E+00
 1.0000E+00
 1.0000E+00
 1.0472E+00
-2.6180E+00
 9.6593E-01
 2.5882E-01
 0.0000E+00
 9.6593E-01
 2.5882E-01
 9.5865E-01
 1.0000E+00
 1.0000E+00
 1.0000E+00
 1.3090E+00
-3.1416E+00
 1.0000E+00
 6.1232E-17
 0.0000E+00
 1.0000E+00
 6.1232E-17
 1.0000E+00
 1.0000E+00
 1.0000E+00
 1.0000E+00
 1.5708E+00
-3.6652E+00
 9.6593E-01
-2.5882E-01
 0.0000E+00
 9.6593E-01
-2.5882E-01
 1.0451E+00
 1.0000E+00
 1.0000E+00
 1.0000E+00
 1.8326E+00
-4.1888E+00
 8.6603E-01
-5.0000E-01
 0.0000E+00
 8.6603E-01
-5.0000E-01
 1.0909E+00
 1.0000E+00
 1.0000E+00
 1.0000E+00
 2.0944E+00
-4.7124E+00
 7.0711E-01
-7.0711E-01
 0.0000E+00
 7.0711E-01
-7.0711E-01
 1.1336E+00
 1.0000E+00
 1.0000E+00
 1.0000E+00
 2.3562E+00
-5.2360E+00
 5.0000E-01
-8.6603E-01
 0.0000E+00
 5.0000E-01
-8.6603E-01
 1.1687E+00
 1.0000E+00
 1.0000E+00
 1.0000E+00
 2.6180E+00
-5.7596E+00
 2.5882E-01
-9.6593E-01
 0.0000E+00
 2.5882E-01
-9.6593E-01
 1.1919E+00
 1.0000E+00
 1.0000E+00
 1.0000E+00
 2.8798E+00
 6.3094E+00
-1.2246E-16
-1.0000E+00
 0.0000E+00
-1.2246E-16
-1.0000E+00
 1.2010E+00
 1.0000E+00
 1.0000E+00
 1.0000E+00
-3.1416E+00
 5.7836E+00
-2.5882E-01
-9.6593E-01
 0.0000E+00
-2.5882E-01
-9.6593E-01
 1.1928E+00
 1.0000E+00
 1.0000E+00
 1.0000E+00
-2.8798E+00
 5.2578E+00
-5.0000E-01
-8.6603E-01
 0.0000E+00
-5.0000E-01
-8.6603E-01
 1.1695E+00
 1.0000E+00
 1.0000E+00
 1.0000E+00
-2.6180E+00
 4.7320E+00
-7.0711E-01
-7.0711E-01
 0.0000E+00
-7.0711E-01
-7.0711E-01
 1.1342E+00
 1.0000E+00
 1.0000E+00
 1.0000E+00
-2.3562E+00
 4.2062E+00
-8.6603E-01
-5.0000E-01
 0.0000E+00
-8.6603E-01
-5.0000E-01
 1.0913E+00
 1.0000E+00
 1.0000E+00
 1.0000E+00
-2.0944E+00
 3.6805E+00
-9.6593E-01
-2.5882E-01
 0.0000E+00
-9.6593E-01
-2.5882E-01
 1.0453E+00
 1.0000E+00
 1.0000E+00
 1.0000E+00
-1.8326E+00
 3.1547E+00
-1.0000E+00
 6.1232E-17
 0.0000E+00
-1.0000E+00
 6.1232E-17
 1.0000E+00
 1.0000E+00
 1.0000E+00
 1.0000E+00
-1.5708E+00
 2.6289E+00
-9.6593E-01
 2.5882E-01
 0.0000E+00
-9.6593E-01
 2.5882E-01
 9.5848E-01
 1.0000E+00
 1.0000E+00
 1.0000E+00
-1.3090E+00
 2.1031E+00
-8.6603E-01
 5.0000E-01
 0.0000E+00
-8.6603E-01
 5.0000E-01
 9.2278E-01
 1.0000E+00
 1.0000E+00
 1.0000E+00
-1.0472E+00
 1.5773E+00
-7.0711E-01
 7.0711E-01
 0.0000E+00
-7.0711E-01
 7.0711E-01
 8.9418E-01
 1.0000E+00
 1.0000E+00
 1.0000E+00
-7.8540E-01
 1.0516E+00
-5.0000E-01
 8.6603E-01
 0.0000E+00
-5.0000E-01
 8.6603E-01
 8.7341E-01
 1.0000E+00
 1.0000E+00
 1.0000E+00
-5.2360E-01
 5.2578E-01
-2.5882E-01
 9.6593E-01
 0.0000E+00
-2.5882E-01
 9.6593E-01
 8.6084E-01
 1.0000E+00
 1.0000E+00
 1.0000E+00
-2.6180E-01
-0.0000E+00
 0.0000E+00
 1.0000E+00
 0.0000E+00
 0.0000E+00
 1.0000E+00
 8.5663E-01
 1.0000E+00
 1.0000E+00
 1.0000E+00
 0.0000E+00
-5.2578E-01
 2.5882E-01
 9.6593E-01
 0.0000E+00
 2.5882E-01
 9.6593E-01
 8.6084E-01
 1.0000E+00
 1.0000E+00
 1.0000E+00
 2.6180E-01
-1.0516E+00
 5.0000E-01
 8.6603E-01
 0.0000E+00
 5.0000E-01
 8.6603E-01
 8.7341E-01
 1.0000E+00
 1.0000E+00
 1.0000E+00
 5.2360E-01
-1.5773E+00
 7.0711E-01
 7.0711E-01
 0.0000E+00
 7.0711E-01
 7.0711E-01
 8.9418E-01
 1.0000E+00
 1.0000E+00
 1.0000E+00
 7.8540E-01
-2.1031E+00
 8.6603E-01
 5.0000E-01
 0.0000E+00
 8.6603E-01
 5.0000E-01
 9.2278E-01
 1.0000E+00
 1.0000E+00
 1.0000E+00
 1.0472E+00
-2.6289E+00
 9.6593E-01
 2.5882E-01
 0.0000E+00
 9.6593E-01
 2.5882E-01
 9.5848E-01
 1.0000E+00
 1.0000E+00
 1.0000E+00
 1.3090E+00
-3.1547E+00
 1.0000E+00
 6.1232E-17
 0.0000E+00
 1.0000E+00
 6.1232E-17
 1.0000E+00
 1.0000E+00
 1.0000E+00
 1.0000E+00
 1.5708E+00
-3.6805E+00
 9.6593E-01
-2.5882E-01
 0.0000E+00
 9.6593E-01
-2.5882E-01
 1.0453E+00
 1.0000E+00
 1.0000E+00
 1.0000E+00
 1.8326E+00
-4.2062E+00
 8.6603E-01
-5.0000E-01
 0.0000E+00
 8.6603E-01
-5.0000E-01
 1.0913E+00
 1.0000E+00
 1.0000E+00
 1.0000E+00
 2.0944E+00
-4.7320E+00
 7.0711E-01
-7.0711E-01
 0.0000E+00
 7.0711E-01
-7.0711E-01
 1.1342E+00
 1.0000E+00
 1.0000E+00
 1.0000E+00
 2.3562E+00
-5.2578E+00
 5.0000E-01
-8.6603E-01
 0.0000E+00
 5.0000E-01
-8.6603E-01
 1.1695E+00
 1.0000E+00
 1.0000E+00
 1.0000E+00
 2.6180E+00
-5.7836E+00
 2.5882E-01
-9.6593E-01
 0.0000E+00
 2.5882E-01
-9.6593E-01
 1.1928E+00
 1.0000E+00
 1.0000E+00
 1.0000E+00
 2.8798E+00
