 i    energy(i)    w_energy(i) 
--- ------------  ------------ 
 1  1.0404041729  0.8883897749
 2  3.0000000000  0.1116102251

 k   tau(k)/2pi     s_lambda(k)   lambda(k)   w_lambda(k)
--- ------------  ------------ ------------  -----------
 1  1.1547136764  0.1316297963  0.2456473406  0.1557197210
 2  2.0837430298  0.4912490875  0.7331395894  0.1557197210
lambda-TP:                      0.8333333333
 3  2.6078263945  0.7025739529  0.8849220481  0.0942802790
 4  1.9701439712  0.9203049309  1.0833788264  0.0942802790
lambda-MAX:                     1.1666666667

 k   tau(k)/2pi     s_lambda(k)   lambda(k)   w_lambda(k)
--- ------------  ------------ ------------  -----------
 1  1.1547136764  0.1316297963  0.2456473406  0.1557197210
 2  2.0837430298  0.4912490875  0.7331395894  0.1557197210
lambda-TP:                      0.8333333333
 3  2.6078263945  0.7025739529  0.8849220481  0.0942802790
 4  1.9701439712  0.9203049309  1.0833788264  0.0942802790
lambda-MAX:                     1.1666666667
