   4
   6
   2
   2
   2
  24
  30
   1
  10
   0
   0
   1
   1
   1
   1
   2
   0
   1
   0
   1
 4.95833333E-01
 4.97916667E-01
 5.00000000E-01
 5.02083333E-01
 1.98333333E+00
 1.99166667E+00
 2.00000000E+00
 2.00833333E+00
 5.00000000E-01
 5.00000000E-01
 5.00000000E-01
 5.00000000E-01
 2.00000000E+00
 2.00000000E+00
 2.00000000E+00
 2.00000000E+00
 3.00000000E+00
 3.00000000E+00
 3.00000000E+00
 3.00000000E+00
 3.00000000E+00
 3.00000000E+00
 3.00000000E+00
 3.00000000E+00
 1.00000000E+00
 1.00000000E+00
 1.00000000E+00
 1.00000000E+00
 1.00000000E+00
 1.00000000E+00
 1.00000000E+00
 1.00000000E+00
 1.00000000E+00
 1.00000000E+00
 1.00000000E+00
 1.00000000E+00
 1.00000000E+00
 1.00000000E+00
 1.00000000E+00
 1.00000000E+00
 1.00000000E+00
 1.00000000E+00
 1.00000000E+00
 1.00000000E+00
 1.00000000E+00
 1.00000000E+00
 1.00000000E+00
 1.00000000E+00
 0.00000000E+00
 0.00000000E+00
 0.00000000E+00
 0.00000000E+00
 6.00000000E+00
 6.00000000E+00
 6.00000000E+00
 6.00000000E+00
 0.00000000E+00
 0.00000000E+00
 0.00000000E+00
 0.00000000E+00
 0.00000000E+00
 0.00000000E+00
 0.00000000E+00
 0.00000000E+00
 1.00000000E+00
 1.00000000E+00
 1.00000000E+00
 1.00000000E+00
 0.00000000E+00
 0.00000000E+00
 0.00000000E+00
 0.00000000E+00
 1.00000000E+00
 1.00000000E+00
 1.00000000E+00
 1.00000000E+00
 0.00000000E+00
 0.00000000E+00
 0.00000000E+00
 0.00000000E+00
 0.00000000E+00
 0.00000000E+00
 0.00000000E+00
 0.00000000E+00
 0.00000000E+00
 0.00000000E+00
 0.00000000E+00
 0.00000000E+00
 0.00000000E+00
 0.00000000E+00
 0.00000000E+00
 0.00000000E+00
 0.00000000E+00
 0.00000000E+00
 0.00000000E+00
 0.00000000E+00
 0.00000000E+00
 0.00000000E+00
 0.00000000E+00
 0.00000000E+00
 0.00000000E+00
 0.00000000E+00
 0.00000000E+00
 0.00000000E+00
 0.00000000E+00
 0.00000000E+00
 0.00000000E+00
 0.00000000E+00
 1.00000000E+00
 1.00000000E+00
 1.00000000E+00
 1.00000000E+00
 1.00000000E+00
 1.00000000E+00
 1.00000000E+00
 1.00000000E+00
 1.00000000E+00
 1.00000000E+00
 1.00000000E+00
 1.00000000E+00
 0.00000000E+00
 0.00000000E+00
 0.00000000E+00
 0.00000000E+00
 0.00000000E+00
 0.00000000E+00
 0.00000000E+00
 0.00000000E+00
 0.00000000E+00
 0.00000000E+00
 0.00000000E+00
 0.00000000E+00
 1.00000000E+00
 0.00000000E+00
 0.00000000E+00
 0.00000000E+00
 0.00000000E+00
 0.00000000E+00
 0.00000000E+00
 0.00000000E+00
 0.00000000E+00
 1.50000000E+00
 1.50000000E+00
 1.50000000E+00
 1.50000000E+00
 1.50000000E+00
 1.50000000E+00
 1.50000000E+00
 1.50000000E+00
-0.00000000E+00
-0.00000000E+00
-0.00000000E+00
-0.00000000E+00
-1.00000000E+00
-1.00000000E+00
-1.00000000E+00
-1.00000000E+00
 0.00000000E+00
 0.00000000E+00
 0.00000000E+00
 0.00000000E+00
 0.00000000E+00
 0.00000000E+00
 0.00000000E+00
 0.00000000E+00
 5.00000000E-01
 5.00000000E-01
 5.00000000E-01
 5.00000000E-01
 1.00000000E+00
 1.00000000E+00
 1.00000000E+00
 1.00000000E+00
 5.00000000E-01
 5.00000000E-01
 5.00000000E-01
 5.00000000E-01
 2.45647341E-01
 7.33139589E-01
 8.84922048E-01
 1.08337883E+00
 1.04040417E+00
 3.00000000E+00
 8.33333333E-01
 3.00000000E-01
 2.50000000E-03
 1.00000000E+00
-1.00000000E+00
  24
   2
