 6.9197E-12 -4.0525E-21
 2.6036E-06 -1.2298E-21
 1.0954E-05  8.8328E-22
 2.5051E-05  2.2867E-21
 4.4895E-05  2.9805E-21
 6.9279E-05  3.2637E-21
 9.6999E-05  3.4355E-21
 1.2805E-04  3.4960E-21
 1.6244E-04  3.4450E-21
 1.9399E-04  3.1386E-21
 2.1652E-04  2.4328E-21
 2.3005E-04  1.3277E-21
 2.3455E-04 -1.7673E-22
 2.3005E-04 -1.5557E-21
 2.1652E-04 -2.2842E-21
 1.9399E-04 -2.3622E-21
 1.6244E-04 -1.7898E-21
 1.2805E-04 -1.2245E-21
 9.6999E-05 -1.3238E-21
 6.9279E-05 -2.0877E-21
 4.4895E-05 -3.5162E-21
 2.5051E-05 -4.3638E-21
 1.0954E-05 -3.3849E-21
 2.6036E-06 -5.7955E-22
-1.2365E-07  1.2365E-07
 2.5899E-06  1.0755E-08
 1.1004E-05 -5.4008E-08
 2.5120E-05 -7.0641E-08
 4.4937E-05 -3.9147E-08
 6.9280E-05  6.0005E-09
 9.6974E-05  3.0324E-08
 1.2802E-04  3.3824E-08
 1.6242E-04  1.6500E-08
 1.9398E-04 -5.3327E-09
 2.1653E-04 -1.5361E-08
 2.3006E-04 -1.3583E-08
 2.3457E-04 -1.1131E-12
 2.3006E-04  1.3582E-08
 2.1653E-04  1.5360E-08
 1.9398E-04  5.3334E-09
 1.6242E-04 -1.6497E-08
 1.2802E-04 -3.3820E-08
 9.6974E-05 -3.0320E-08
 6.9280E-05 -5.9999E-09
 4.4937E-05  3.9142E-08
 2.5120E-05  7.0632E-08
 1.1004E-05  5.3996E-08
 2.5899E-06 -1.0766E-08
-2.5094E-07  5.5250E-21
 2.5760E-06  1.2933E-21
 1.1057E-05 -1.0341E-21
 2.5191E-05 -1.4573E-21
 4.4980E-05  2.3659E-23
 6.9280E-05  2.0160E-21
 9.6949E-05  3.1267E-21
 1.2799E-04  3.3559E-21
 1.6240E-04  2.7036E-21
 1.9398E-04  1.7695E-21
 2.1654E-04  1.1536E-21
 2.3007E-04  8.5577E-22
 2.3458E-04  8.7613E-22
 2.3007E-04  7.9289E-22
 2.1654E-04  1.8429E-22
 1.9398E-04 -9.4967E-22
 1.6240E-04 -2.6090E-21
 1.2799E-04 -3.9306E-21
 9.6949E-05 -4.0512E-21
 6.9280E-05 -2.9710E-21
 4.4980E-05 -6.8994E-22
 2.5191E-05  1.1834E-21
 1.1057E-05  1.0403E-21
 2.5760E-06 -1.1191E-21
-1.2365E-07 -1.2365E-07
 2.5899E-06 -1.0755E-08
 1.1004E-05  5.4008E-08
 2.5120E-05  7.0641E-08
 4.4937E-05  3.9147E-08
 6.9280E-05 -6.0005E-09
 9.6974E-05 -3.0324E-08
 1.2802E-04 -3.3824E-08
 1.6242E-04 -1.6500E-08
 1.9398E-04  5.3327E-09
 2.1653E-04  1.5361E-08
 2.3006E-04  1.3583E-08
 2.3457E-04  1.1131E-12
 2.3006E-04 -1.3582E-08
 2.1653E-04 -1.5360E-08
 1.9398E-04 -5.3334E-09
 1.6242E-04  1.6497E-08
 1.2802E-04  3.3820E-08
 9.6974E-05  3.0320E-08
 6.9280E-05  5.9999E-09
 4.4937E-05 -3.9142E-08
 2.5120E-05 -7.0632E-08
 1.1004E-05 -5.3996E-08
 2.5899E-06  1.0766E-08
