 i    energy(i)    w_energy(i) 
--- ------------  ------------ 
 1  0.1086724547  0.0642644789
 2  0.3531529368  0.1388201408
 3  0.7008934061  0.1895054690
 4  1.1731964060  0.2074366620
 5  1.8231909594  0.1895054690
 6  2.7751284427  0.1388201408
 7  4.3805639357  0.0642644789
 8  6.0000000000  0.0073831605
 
 k   tau(k)/2pi     s_lambda(k)   lambda(k)   w_lambda(k)
--- ------------  ------------ ------------  -----------
 1  1.0211102920  0.0436920747  0.1129001119  0.0547245290
 2  1.2389724810  0.2076683825  0.4906730121  0.1025954847
 3  1.7435186952  0.4216116721  0.8723350477  0.1025954847
 4  2.8417320459  0.5855879799  1.0715350263  0.0547245290
lambda-TP:                      1.1046504886
 5  3.2521136277  0.6550198241  1.1219298524  0.0322391823
 6  2.2588027175  0.7516211504  1.2176207743  0.0604408040
 7  1.7931841227  0.8776589043  1.3809158733  0.0604408040
 8  1.5437947472  0.9742602305  1.5309675530  0.0322391823
lambda-MAX:                     1.5749248252
 
 k   tau(k)/2pi     s_lambda(k)   lambda(k)   w_lambda(k)
--- ------------  ------------ ------------  -----------
 1  1.0211102920  0.0436920747  0.1129001119  0.0547245290
 2  1.2389724810  0.2076683825  0.4906730121  0.1025954847
 3  1.7435186952  0.4216116721  0.8723350477  0.1025954847
 4  2.8417320459  0.5855879799  1.0715350263  0.0547245290
lambda-TP:                      1.1046504886
 5  3.2521136277  0.6550198241  1.1219298524  0.0322391823
 6  2.2588027175  0.7516211504  1.2176207743  0.0604408040
 7  1.7931841227  0.8776589043  1.3809158733  0.0604408040
 8  1.5437947472  0.9742602305  1.5309675530  0.0322391823
lambda-MAX:                     1.5749248252
