   6
   8
   4
   4
   8
   1
  30
   1
  10
   0
   0
   4
   1
   2
   2
   2
   0
   1
   0
   1
 4.87536305E-01
 4.91690870E-01
 4.95845435E-01
 5.00000000E-01
 5.04154565E-01
 5.08309130E-01
 1.70323463E+00
 1.70879019E+00
 1.71434574E+00
 1.71990130E+00
 1.72545685E+00
 1.73101241E+00
 5.00000000E-01
 5.00000000E-01
 5.00000000E-01
 5.00000000E-01
 5.00000000E-01
 5.00000000E-01
 1.71990130E+00
 1.71990130E+00
 1.71990130E+00
 1.71990130E+00
 1.71990130E+00
 1.71990130E+00
 1.93135654E+00
 2.55134414E+00
 1.93135654E+00
 2.55134414E+00
 1.93135654E+00
 2.55134414E+00
 1.93135654E+00
 2.55134414E+00
 1.93135654E+00
 2.55134414E+00
 1.93135654E+00
 2.55134414E+00
 1.17706898E+00
 1.17706898E+00
 1.17706898E+00
 1.17706898E+00
 1.17706898E+00
 1.17706898E+00
 1.17706898E+00
 1.17706898E+00
 1.17706898E+00
 1.17706898E+00
 1.17706898E+00
 1.17706898E+00
 7.82699125E-01
 1.00000000E+00
 7.82699125E-01
 1.00000000E+00
 7.82699125E-01
 1.00000000E+00
 7.82699125E-01
 1.00000000E+00
 7.82699125E-01
 1.00000000E+00
 7.82699125E-01
 1.00000000E+00
 1.00000000E+00
 1.00000000E+00
 1.00000000E+00
 1.00000000E+00
 1.00000000E+00
 1.00000000E+00
 1.00000000E+00
 1.00000000E+00
 1.00000000E+00
 1.00000000E+00
 1.00000000E+00
 1.00000000E+00
 5.64754109E+00
 5.64754109E+00
 5.64754109E+00
 5.64754109E+00
 5.64754109E+00
 5.64754109E+00
 9.90652665E-02
 9.90652665E-02
 9.90652665E-02
 9.90652665E-02
 9.90652665E-02
 9.90652665E-02
-3.63072474E-03
-3.63072474E-03
-3.63072474E-03
-3.63072474E-03
-3.63072474E-03
-3.63072474E-03
 1.29919527E+00
 1.29919527E+00
 1.29919527E+00
 1.29919527E+00
 1.29919527E+00
 1.29919527E+00
-8.36574850E-02
-8.36574850E-02
-8.36574850E-02
-8.36574850E-02
-8.36574850E-02
-8.36574850E-02
 3.88748227E-01
 3.88748227E-01
 3.88748227E-01
 3.88748227E-01
 3.88748227E-01
 3.88748227E-01
 1.03989791E-01
 1.03989791E-01
 1.03989791E-01
 1.03989791E-01
 1.03989791E-01
 1.03989791E-01
-8.90835379E-03
-8.90835379E-03
-8.90835379E-03
-8.90835379E-03
-8.90835379E-03
-8.90835379E-03
 3.07710086E-02
 3.07710086E-02
 3.07710086E-02
 3.07710086E-02
 3.07710086E-02
 3.07710086E-02
 0.00000000E+00
 0.00000000E+00
 0.00000000E+00
 0.00000000E+00
 0.00000000E+00
 0.00000000E+00
 0.00000000E+00
 0.00000000E+00
 0.00000000E+00
 0.00000000E+00
 0.00000000E+00
 0.00000000E+00
 2.46597458E-03
 2.46597458E-03
 2.46597458E-03
 2.46597458E-03
 2.46597458E-03
 2.46597458E-03
 0.00000000E+00
 0.00000000E+00
 0.00000000E+00
 0.00000000E+00
 0.00000000E+00
 0.00000000E+00
 0.00000000E+00
 0.00000000E+00
 0.00000000E+00
 0.00000000E+00
 0.00000000E+00
 0.00000000E+00
 0.00000000E+00
 0.00000000E+00
 0.00000000E+00
 0.00000000E+00
 0.00000000E+00
 0.00000000E+00
 1.00000000E+00
 1.00000000E+00
 1.00000000E+00
 1.00000000E+00
 1.00000000E+00
 1.00000000E+00
 1.00000000E+00
 1.00000000E+00
 1.00000000E+00
 1.00000000E+00
 1.00000000E+00
 1.00000000E+00
 1.31239878E+00
 1.31239878E+00
 1.31239878E+00
 1.31239878E+00
 1.31239878E+00
 1.31239878E+00
 0.00000000E+00
 0.00000000E+00
 0.00000000E+00
 0.00000000E+00
 0.00000000E+00
 0.00000000E+00
 0.00000000E+00
 0.00000000E+00
 0.00000000E+00
 0.00000000E+00
 0.00000000E+00
 0.00000000E+00
 1.00000000E+00
 1.12900112E-01
 4.90673012E-01
 8.72335048E-01
 1.07153503E+00
 1.12192985E+00
 1.21762077E+00
 1.38091587E+00
 1.53096755E+00
 1.08672455E-01
 3.53152937E-01
 7.00893406E-01
 1.17319641E+00
 1.82319096E+00
 2.77512844E+00
 4.38056394E+00
 6.00000000E+00
 1.10465049E+00
 9.00000000E-01
 8.72143071E-03
 1.00000000E+00
-1.00000000E+00
   1
   2
