----------------------------------------------------------------------------------- 
 => ion # 1
 r           dlntdr_s    dlnndr_s    tem_s       den_s       alpha_s     (null)      
----------------------------------------------------------------------------------- 
 4.8754E-01  1.9314E+00  1.1771E+00  7.8270E-01  1.0000E+00  1.2776E+00  0.0000E+00
 4.9169E-01  1.9314E+00  1.1771E+00  7.8270E-01  1.0000E+00  1.2776E+00  0.0000E+00
 4.9585E-01  1.9314E+00  1.1771E+00  7.8270E-01  1.0000E+00  1.2776E+00  0.0000E+00
 5.0000E-01  1.9314E+00  1.1771E+00  7.8270E-01  1.0000E+00  1.2776E+00  0.0000E+00
 5.0415E-01  1.9314E+00  1.1771E+00  7.8270E-01  1.0000E+00  1.2776E+00  0.0000E+00
 5.0831E-01  1.9314E+00  1.1771E+00  7.8270E-01  1.0000E+00  1.2776E+00  0.0000E+00
----------------------------------------------------------------------------------- 
=> electrons
 r           dlntdr_s    dlnndr_s    tem_s       den_s       alpha_s     (null)      
----------------------------------------------------------------------------------- 
 4.8754E-01  2.5513E+00  1.1771E+00  1.0000E+00  1.0000E+00  1.0000E+00  0.0000E+00
 4.9169E-01  2.5513E+00  1.1771E+00  1.0000E+00  1.0000E+00  1.0000E+00  0.0000E+00
 4.9585E-01  2.5513E+00  1.1771E+00  1.0000E+00  1.0000E+00  1.0000E+00  0.0000E+00
 5.0000E-01  2.5513E+00  1.1771E+00  1.0000E+00  1.0000E+00  1.0000E+00  0.0000E+00
 5.0415E-01  2.5513E+00  1.1771E+00  1.0000E+00  1.0000E+00  1.0000E+00  0.0000E+00
 5.0831E-01  2.5513E+00  1.1771E+00  1.0000E+00  1.0000E+00  1.0000E+00  0.0000E+00
----------------------------------------------------------------------------------- 
 => Geometry
 r           q_s         shat_s      kappa_s     s_kappa_s   delta_s     s_delta_s   
----------------------------------------------------------------------------------- 
 4.8754E-01  1.7199E+00  3.8875E-01  1.2992E+00  3.0771E-02  9.9065E-02  1.0399E-01
 4.9169E-01  1.7199E+00  3.8875E-01  1.2992E+00  3.0771E-02  9.9065E-02  1.0399E-01
 4.9585E-01  1.7199E+00  3.8875E-01  1.2992E+00  3.0771E-02  9.9065E-02  1.0399E-01
 5.0000E-01  1.7199E+00  3.8875E-01  1.2992E+00  3.0771E-02  9.9065E-02  1.0399E-01
 5.0415E-01  1.7199E+00  3.8875E-01  1.2992E+00  3.0771E-02  9.9065E-02  1.0399E-01
 5.0831E-01  1.7199E+00  3.8875E-01  1.2992E+00  3.0771E-02  9.9065E-02  1.0399E-01
----------------------------------------------------------------------------------- 
 => Geometry
 r           R/r         drmaj_s     b_unit_s    beta_unit_s rhosda_s    (null)      
----------------------------------------------------------------------------------- 
 4.8754E-01  5.6475E+00 -8.3657E-02  1.0000E+00  2.4660E-03  8.7214E-03  0.0000E+00
 4.9169E-01  5.6475E+00 -8.3657E-02  1.0000E+00  2.4660E-03  8.7214E-03  0.0000E+00
 4.9585E-01  5.6475E+00 -8.3657E-02  1.0000E+00  2.4660E-03  8.7214E-03  0.0000E+00
 5.0000E-01  5.6475E+00 -8.3657E-02  1.0000E+00  2.4660E-03  8.7214E-03  0.0000E+00
 5.0415E-01  5.6475E+00 -8.3657E-02  1.0000E+00  2.4660E-03  8.7214E-03  0.0000E+00
 5.0831E-01  5.6475E+00 -8.3657E-02  1.0000E+00  2.4660E-03  8.7214E-03  0.0000E+00
----------------------------------------------------------------------------------- 
 => Geometry and Flows
 r           r_s         r_e         dr_eodr     q           (null)      (null)      
----------------------------------------------------------------------------------- 
 4.8754E-01  5.0000E-01  4.8754E-01  1.0000E+00  1.7032E+00  0.0000E+00  0.0000E+00
 4.9169E-01  5.0000E-01  4.9169E-01  1.0000E+00  1.7088E+00  0.0000E+00  0.0000E+00
 4.9585E-01  5.0000E-01  4.9585E-01  1.0000E+00  1.7143E+00  0.0000E+00  0.0000E+00
 5.0000E-01  5.0000E-01  5.0000E-01  1.0000E+00  1.7199E+00  0.0000E+00  0.0000E+00
 5.0415E-01  5.0000E-01  5.0415E-01  1.0000E+00  1.7255E+00  0.0000E+00  0.0000E+00
 5.0831E-01  5.0000E-01  5.0831E-01  1.0000E+00  1.7310E+00  0.0000E+00  0.0000E+00
----------------------------------------------------------------------------------- 
 => Geometry and Flows
 r           gamma_e_s   gamma_p_s   mach_s      z_eff_s     nu_s        (null)      
----------------------------------------------------------------------------------- 
 4.8754E-01  0.0000E+00  0.0000E+00  0.0000E+00  1.3124E+00  0.0000E+00  0.0000E+00
 4.9169E-01  0.0000E+00  0.0000E+00  0.0000E+00  1.3124E+00  0.0000E+00  0.0000E+00
 4.9585E-01  0.0000E+00  0.0000E+00  0.0000E+00  1.3124E+00  0.0000E+00  0.0000E+00
 5.0000E-01  0.0000E+00  0.0000E+00  0.0000E+00  1.3124E+00  0.0000E+00  0.0000E+00
 5.0415E-01  0.0000E+00  0.0000E+00  0.0000E+00  1.3124E+00  0.0000E+00  0.0000E+00
 5.0831E-01  0.0000E+00  0.0000E+00  0.0000E+00  1.3124E+00  0.0000E+00  0.0000E+00
----------------------------------------------------------------------------------- 
 => Geometry and Flows
 r           gamma_t_s   gamma_n_s   gamma_eb_s  gamma_HB    w0_s        w0p_s       
----------------------------------------------------------------------------------- 
 4.8754E-01 -2.1322E-02 -1.0171E-02  0.0000E+00  0.0000E+00  0.0000E+00  0.0000E+00
 4.9169E-01 -2.1078E-02 -1.0054E-02  0.0000E+00  0.0000E+00  0.0000E+00  0.0000E+00
 4.9585E-01 -2.0833E-02 -9.9379E-03  0.0000E+00  0.0000E+00  0.0000E+00  0.0000E+00
 5.0000E-01 -2.0594E-02 -9.8235E-03  0.0000E+00  0.0000E+00  0.0000E+00  0.0000E+00
 5.0415E-01 -2.0358E-02 -9.7111E-03  0.0000E+00  0.0000E+00  0.0000E+00  0.0000E+00
 5.0831E-01 -2.0123E-02 -9.5989E-03  0.0000E+00  0.0000E+00  0.0000E+00  0.0000E+00
----------------------------------------------------------------------------------- 
 => Geometry and Flows
 r           (null)      (null)      (null)      zmag_s      V (volume)  dV/dr       
----------------------------------------------------------------------------------- 
 4.8754E-01  0.0000E+00  0.0000E+00  0.0000E+00  0.0000E+00  1.7969E+01  7.1864E+01
 4.9169E-01  0.0000E+00  0.0000E+00  0.0000E+00  0.0000E+00  1.7969E+01  7.1864E+01
 4.9585E-01  0.0000E+00  0.0000E+00  0.0000E+00  0.0000E+00  1.7969E+01  7.1864E+01
 5.0000E-01  0.0000E+00  0.0000E+00  0.0000E+00  0.0000E+00  1.7969E+01  7.1864E+01
 5.0415E-01  0.0000E+00  0.0000E+00  0.0000E+00  0.0000E+00  1.7969E+01  7.1864E+01
 5.0831E-01  0.0000E+00  0.0000E+00  0.0000E+00  0.0000E+00  1.7969E+01  7.1864E+01
