[GYRO MPI tasks: 1]
[Parsing data in input.gyro]
 -----------------------------------------------
 operational mode     : FIELD EIGENVALUE
 boundary conditions  : PERIODIC
 profiles             : FLAT
 geometry             : MODEL SHAPE
 electron_method      : ALL SPECIES GYROKINETIC
 fluctuations         : ELECTROSTATIC
 gyro_method          : ORIGINAL (INTEGRATED) POLARIZATION
 fluctuation output   : PHI( ) N( ) E( ) V( )                   
 radial grid          : UNIFORM
 integrator_method    : RK2
 field solve          : UMFPACK (SEQUENTIAL)
 source_flag          : SOURCE OFF
 pitch-angle coll.    : OFF
 rotation parameters  : CANDY METHOD
 nonlinear dynamics   : OFF
 linear diffusivity   : RESPONSE FUNCTION
 -----------------------------------------------
----------------------------------------------------------
INFO: Forcing up-down symmetry (UDSYMMETRY_FLAG=1).
----------------------------------------------------------
----------------------------------------------------------
INFO: You are using TOROIDAL_REFERENCE=-1
----------------------------------------------------------
----------------------------------------------------------
INFO: TOROIDAL_REFERENCE reset to lowest nonzero mode.
----------------------------------------------------------
----------------------------------------------------------
INFO: nu_ii rescaled by: 0.000
----------------------------------------------------------
 ----------- SPARSE MATRIX STATS ---------------
 EXPLICIT POISSON:     n>0           
         nonzeros:     2304
           values:     6960
          indices:     9313
       iterations:        1
 
 ----------- UTILITY PARAMETERS ----------------
 Ion parallel motion     : ON
 Ion curvature drift     : ON
 Electron curvature drift: ON
 ----------- GRID DIMENSIONS -------------------
 n_n                  :    1
 n_x                  :    6
 n_stack              :   28
 n_blend              :    8
 n_pass               :    4
 n_trap               :    4
 n_energy             :    8
 n_field              :    1
 --
 n_spec               :    2
 n_ion                :    2
 n_kinetic            :    2
 n_gk                 :    2
 indx_e               :    2
 --
 FIELD POINTS:        :        48
 DIST. POINTS:        :     21504
 --
 energy_max           :   6.000000
 dt                   :   0.200000
 --------------- LOCAL PARAMETERS ---------------
  NOTE: use abs(SAFETY_FACTOR) as input
 # RADIUS [INPUT]     :   0.500000
 .RADIUS              :   0.500000
 .ASPECT_RATIO        :   2.823771
 .SHIFT               :  -0.083657
 .ZMAG                :   0.000000
 .DZMAG               :   0.000000
 .KAPPA               :   1.299195
 .S_KAPPA             :   0.030771
 .DELTA               :   0.099065
 .S_DELTA             :   0.103990
 .ZETA                :  -0.003631
 .S_ZETA              :  -0.008908
 .SAFETY_FACTOR       :   1.719901
 .SHEAR               :   0.388748
 .RHO_STAR            :   0.001938
 .Z_EFF               :   1.312399
 .MACH                :   0.000000
 .PGAMMA              :   0.000000
 .GAMMA_E             :   0.000000
 .LAMBDA_DEBYE        :   0.000000
 .NU_EI               :   0.000000
 .NU_I_KROOK          :   0.000000
 .IPCCW               :   1.000000
 .BTCCW               :  -1.000000
 # Ion  1
 .NI_OVER_NE          :   1.000000
 .TI_OVER_TE          :   0.782699
 .DLNNDR              :   1.177069
 .DLNTDR              :   1.931357
 .Z                   :   1.000000
 (NU_II)              :   0.000000
 .MU                  :   1.000000
 # Electrons
 .DLNNDR_ELECTRON     :   1.177069
 .DLNTDR_ELECTRON     :   2.551344
 (Z_ELECTRON)         :  -1.000000
 .BETAE_UNIT          :   0.001383
 .MU_ELECTRON         :  60.599098
 --------------- TGLF PARAMETERS ---------------
 Q_PRIME              :   4.599763
 P_PRIME              :   0.001166
 -------- LOCAL PARAMETERS (diagnostic) ----------
 n_i*z_i - n_e:       :   0.000000
 r/R0                 :   0.177068
 b_unit               :   1.000000
 beta_unit_norm       :   0.002466
 betai_unit           :   0.001083
 betae_unit_norm      :   0.001383
 beta_*               :   0.008523
 alpha_MHD            :   0.071191
 omega_00 (c_s/a)     :   0.000000
 * Note that f = f_sim exp(i n omega0[r0] t)
 -------- ALFVEN WAVE PARAMETERS (diagnostic) ----------
 (v_A/c_s)            :  38.018992
 Omega_TAE            :   3.914152
 Omega_A              :   7.828304
 ----------- UPWIND PARAMETERS -----------------
 radial_upwind        :   2.000000
 orbit_upwind         :   1.000000
 orbit_upwind (elec)  :   0.000000
 ----------- SOURCE PARAMETERS -----------------
 nu_source            :   0.100000
 n_source             :    1
 ----------- RADIAL DOMAIN PARAMETERS ----------
 s_grid               :   0.388748
 box_multiplier       :   1.000000
 L/a                  :   0.024927
 --
 explicit_damp(i)     :   0 (  1.0000)
 explicit_damp(e)     :   0 (  1.0000)
 --
 offset               :   0 (  0.0000)
 LEFT : r_a           :   0.487536
 LEFT : r_a_physical  :   0.487536
 NORM : r(ir_norm)    :   0.500000
 RIGHT: r_b_physical  :   0.508309
 RIGHT: r_b           :   0.508309
 ----------- PARALLELIZATION PARAMETERS --------
 (nek) per subgroup:  :        32
 (ine) per subgroup:  :        24
 ----------- TIME STEPPING PARAMETERS ----------
 plot_filter          :   1.000000
 time_skip            :     5
 restart_data_skip    :    10
 ----------- STABILITY PARAMETERS ----------------
 d/dtau Courant       :  18.863808
   d/dr Courant       :   0.381279
 ----------- SETUP TIMING ----------------------
 Grid Setup           :   0.105393
 Build radial ops     :   0.009409
 Build advection ops  :   0.000000
 Build field matrices :   0.036895
 
 TOTAL SETUP          :   0.169117
 -------- CENTRAL WAVENUMBERS SIMULATED -----------
     (k_y = nq/r, rho = rho_sD_unit)
 n =    30   k_y rho =  0.200 [ 0.200][ 0.200]
  
 min resolved k_x*rho_sD :  0.488515
 max resolved k_x*rho_sD :  0.732773
 --------------- CENTRAL BOX SIZE -----------------
 abs(Lx/rho_sD)       :    12.861795
 abs(Ly/rho_sD)       :    31.415927
 => abs(dx/rho_sD)    :     2.143632
 --------------------------------------------------
 ------------ GYRO-OPERATOR BANDWIDTH -------------
 => EXACT BESSEL.
 --------------------------------------------------
 PLEASE SEE: 
  - units.out for normalizing parameters
  - alloc.out for memory usage
  - efficiency.out for parallelization efficiency
  - phase_space.out for velocity-space nodes and weights
 -----------------------------------------------
 operational mode     : FIELD EIGENVALUE
 boundary conditions  : PERIODIC
 profiles             : FLAT
 geometry             : MODEL SHAPE
 electron_method      : ALL SPECIES GYROKINETIC
 fluctuations         : ELECTROSTATIC
 gyro_method          : ORIGINAL (INTEGRATED) POLARIZATION
 fluctuation output   : PHI( ) N( ) E( ) V( )                   
 radial grid          : UNIFORM
 integrator_method    : RK2
 field solve          : UMFPACK (SEQUENTIAL)
 source_flag          : SOURCE OFF
 pitch-angle coll.    : OFF
 rotation parameters  : CANDY METHOD
 nonlinear dynamics   : OFF
 linear diffusivity   : RESPONSE FUNCTION
 -----------------------------------------------
----------------------------------------------------------
INFO: Forcing up-down symmetry (UDSYMMETRY_FLAG=1).
----------------------------------------------------------
----------------------------------------------------------
INFO: You are using TOROIDAL_REFERENCE=-1
----------------------------------------------------------
----------------------------------------------------------
INFO: TOROIDAL_REFERENCE reset to lowest nonzero mode.
----------------------------------------------------------
----------------------------------------------------------
INFO: nu_ii rescaled by: 0.000
----------------------------------------------------------
 ----------- SPARSE MATRIX STATS ---------------
 EXPLICIT POISSON:     n>0           
         nonzeros:     2304
           values:     6960
          indices:     9313
       iterations:        1
 
 ----------- UTILITY PARAMETERS ----------------
 Ion parallel motion     : ON
 Ion curvature drift     : ON
 Electron curvature drift: ON
 ----------- GRID DIMENSIONS -------------------
 n_n                  :    1
 n_x                  :    6
 n_stack              :   28
 n_blend              :    8
 n_pass               :    4
 n_trap               :    4
 n_energy             :    8
 n_field              :    1
 --
 n_spec               :    2
 n_ion                :    2
 n_kinetic            :    2
 n_gk                 :    2
 indx_e               :    2
 --
 FIELD POINTS:        :        48
 DIST. POINTS:        :     21504
 --
 energy_max           :   6.000000
 dt                   :   0.200000
 --------------- LOCAL PARAMETERS ---------------
  NOTE: use abs(SAFETY_FACTOR) as input
 # RADIUS [INPUT]     :   0.500000
 .RADIUS              :   0.500000
 .ASPECT_RATIO        :   2.823771
 .SHIFT               :  -0.083657
 .ZMAG                :   0.000000
 .DZMAG               :   0.000000
 .KAPPA               :   1.299195
 .S_KAPPA             :   0.030771
 .DELTA               :   0.099065
 .S_DELTA             :   0.103990
 .ZETA                :  -0.003631
 .S_ZETA              :  -0.008908
 .SAFETY_FACTOR       :   1.719901
 .SHEAR               :   0.388748
 .RHO_STAR            :   0.002907
 .Z_EFF               :   1.312399
 .MACH                :   0.000000
 .PGAMMA              :   0.000000
 .GAMMA_E             :   0.000000
 .LAMBDA_DEBYE        :   0.000000
 .NU_EI               :   0.000000
 .NU_I_KROOK          :   0.000000
 .IPCCW               :   1.000000
 .BTCCW               :  -1.000000
 # Ion  1
 .NI_OVER_NE          :   1.000000
 .TI_OVER_TE          :   0.782699
 .DLNNDR              :   1.177069
 .DLNTDR              :   1.931357
 .Z                   :   1.000000
 (NU_II)              :   0.000000
 .MU                  :   1.000000
 # Electrons
 .DLNNDR_ELECTRON     :   1.177069
 .DLNTDR_ELECTRON     :   2.551344
 (Z_ELECTRON)         :  -1.000000
 .BETAE_UNIT          :   0.001383
 .MU_ELECTRON         :  60.599098
 --------------- TGLF PARAMETERS ---------------
 Q_PRIME              :   4.599763
 P_PRIME              :   0.001166
 -------- LOCAL PARAMETERS (diagnostic) ----------
 n_i*z_i - n_e:       :   0.000000
 r/R0                 :   0.177068
 b_unit               :   1.000000
 beta_unit_norm       :   0.002466
 betai_unit           :   0.001083
 betae_unit_norm      :   0.001383
 beta_*               :   0.008523
 alpha_MHD            :   0.071191
 omega_00 (c_s/a)     :   0.000000
 * Note that f = f_sim exp(i n omega0[r0] t)
 -------- ALFVEN WAVE PARAMETERS (diagnostic) ----------
 (v_A/c_s)            :  38.018992
 Omega_TAE            :   3.914152
 Omega_A              :   7.828304
 ----------- UPWIND PARAMETERS -----------------
 radial_upwind        :   2.000000
 orbit_upwind         :   1.000000
 orbit_upwind (elec)  :   0.000000
 ----------- SOURCE PARAMETERS -----------------
 nu_source            :   0.100000
 n_source             :    1
 ----------- RADIAL DOMAIN PARAMETERS ----------
 s_grid               :   0.388748
 box_multiplier       :   1.000000
 L/a                  :   0.024927
 --
 explicit_damp(i)     :   0 (  1.0000)
 explicit_damp(e)     :   0 (  1.0000)
 --
 offset               :   0 (  0.0000)
 LEFT : r_a           :   0.487536
 LEFT : r_a_physical  :   0.487536
 NORM : r(ir_norm)    :   0.500000
 RIGHT: r_b_physical  :   0.508309
 RIGHT: r_b           :   0.508309
 ----------- PARALLELIZATION PARAMETERS --------
 (nek) per subgroup:  :        32
 (ine) per subgroup:  :        24
 ----------- TIME STEPPING PARAMETERS ----------
 plot_filter          :   1.000000
 time_skip            :     5
 restart_data_skip    :    10
 ----------- STABILITY PARAMETERS ----------------
 d/dtau Courant       :  18.863808
   d/dr Courant       :   0.571918
 ----------- SETUP TIMING ----------------------
 Grid Setup           :   0.055235
 Build radial ops     :   0.009025
 Build advection ops  :   0.000000
 Build field matrices :   0.036110
 
 TOTAL SETUP          :   0.110538
 -------- CENTRAL WAVENUMBERS SIMULATED -----------
     (k_y = nq/r, rho = rho_sD_unit)
 n =    30   k_y rho =  0.300 [ 0.300][ 0.300]
  
 min resolved k_x*rho_sD :  0.732773
 max resolved k_x*rho_sD :  1.099160
 --------------- CENTRAL BOX SIZE -----------------
 abs(Lx/rho_sD)       :     8.574530
 abs(Ly/rho_sD)       :    20.943951
 => abs(dx/rho_sD)    :     1.429088
 --------------------------------------------------
 ------------ GYRO-OPERATOR BANDWIDTH -------------
 => EXACT BESSEL.
 --------------------------------------------------
 PLEASE SEE: 
  - units.out for normalizing parameters
  - alloc.out for memory usage
  - efficiency.out for parallelization efficiency
  - phase_space.out for velocity-space nodes and weights
 -----------------------------------------------
 operational mode     : FIELD EIGENVALUE
 boundary conditions  : PERIODIC
 profiles             : FLAT
 geometry             : MODEL SHAPE
 electron_method      : ALL SPECIES GYROKINETIC
 fluctuations         : ELECTROSTATIC
 gyro_method          : ORIGINAL (INTEGRATED) POLARIZATION
 fluctuation output   : PHI( ) N( ) E( ) V( )                   
 radial grid          : UNIFORM
 integrator_method    : RK2
 field solve          : UMFPACK (SEQUENTIAL)
 source_flag          : SOURCE OFF
 pitch-angle coll.    : OFF
 rotation parameters  : CANDY METHOD
 nonlinear dynamics   : OFF
 linear diffusivity   : RESPONSE FUNCTION
 -----------------------------------------------
----------------------------------------------------------
INFO: Forcing up-down symmetry (UDSYMMETRY_FLAG=1).
----------------------------------------------------------
----------------------------------------------------------
INFO: You are using TOROIDAL_REFERENCE=-1
----------------------------------------------------------
----------------------------------------------------------
INFO: TOROIDAL_REFERENCE reset to lowest nonzero mode.
----------------------------------------------------------
----------------------------------------------------------
INFO: nu_ii rescaled by: 0.000
----------------------------------------------------------
 ----------- SPARSE MATRIX STATS ---------------
 EXPLICIT POISSON:     n>0           
         nonzeros:     2304
           values:     6960
          indices:     9313
       iterations:        1
 
 ----------- UTILITY PARAMETERS ----------------
 Ion parallel motion     : ON
 Ion curvature drift     : ON
 Electron curvature drift: ON
 ----------- GRID DIMENSIONS -------------------
 n_n                  :    1
 n_x                  :    6
 n_stack              :   28
 n_blend              :    8
 n_pass               :    4
 n_trap               :    4
 n_energy             :    8
 n_field              :    1
 --
 n_spec               :    2
 n_ion                :    2
 n_kinetic            :    2
 n_gk                 :    2
 indx_e               :    2
 --
 FIELD POINTS:        :        48
 DIST. POINTS:        :     21504
 --
 energy_max           :   6.000000
 dt                   :   0.200000
 --------------- LOCAL PARAMETERS ---------------
  NOTE: use abs(SAFETY_FACTOR) as input
 # RADIUS [INPUT]     :   0.500000
 .RADIUS              :   0.500000
 .ASPECT_RATIO        :   2.823771
 .SHIFT               :  -0.083657
 .ZMAG                :   0.000000
 .DZMAG               :   0.000000
 .KAPPA               :   1.299195
 .S_KAPPA             :   0.030771
 .DELTA               :   0.099065
 .S_DELTA             :   0.103990
 .ZETA                :  -0.003631
 .S_ZETA              :  -0.008908
 .SAFETY_FACTOR       :   1.719901
 .SHEAR               :   0.388748
 .RHO_STAR            :   0.003876
 .Z_EFF               :   1.312399
 .MACH                :   0.000000
 .PGAMMA              :   0.000000
 .GAMMA_E             :   0.000000
 .LAMBDA_DEBYE        :   0.000000
 .NU_EI               :   0.000000
 .NU_I_KROOK          :   0.000000
 .IPCCW               :   1.000000
 .BTCCW               :  -1.000000
 # Ion  1
 .NI_OVER_NE          :   1.000000
 .TI_OVER_TE          :   0.782699
 .DLNNDR              :   1.177069
 .DLNTDR              :   1.931357
 .Z                   :   1.000000
 (NU_II)              :   0.000000
 .MU                  :   1.000000
 # Electrons
 .DLNNDR_ELECTRON     :   1.177069
 .DLNTDR_ELECTRON     :   2.551344
 (Z_ELECTRON)         :  -1.000000
 .BETAE_UNIT          :   0.001383
 .MU_ELECTRON         :  60.599098
 --------------- TGLF PARAMETERS ---------------
 Q_PRIME              :   4.599763
 P_PRIME              :   0.001166
 -------- LOCAL PARAMETERS (diagnostic) ----------
 n_i*z_i - n_e:       :   0.000000
 r/R0                 :   0.177068
 b_unit               :   1.000000
 beta_unit_norm       :   0.002466
 betai_unit           :   0.001083
 betae_unit_norm      :   0.001383
 beta_*               :   0.008523
 alpha_MHD            :   0.071191
 omega_00 (c_s/a)     :   0.000000
 * Note that f = f_sim exp(i n omega0[r0] t)
 -------- ALFVEN WAVE PARAMETERS (diagnostic) ----------
 (v_A/c_s)            :  38.018992
 Omega_TAE            :   3.914152
 Omega_A              :   7.828304
 ----------- UPWIND PARAMETERS -----------------
 radial_upwind        :   2.000000
 orbit_upwind         :   1.000000
 orbit_upwind (elec)  :   0.000000
 ----------- SOURCE PARAMETERS -----------------
 nu_source            :   0.100000
 n_source             :    1
 ----------- RADIAL DOMAIN PARAMETERS ----------
 s_grid               :   0.388748
 box_multiplier       :   1.000000
 L/a                  :   0.024927
 --
 explicit_damp(i)     :   0 (  1.0000)
 explicit_damp(e)     :   0 (  1.0000)
 --
 offset               :   0 (  0.0000)
 LEFT : r_a           :   0.487536
 LEFT : r_a_physical  :   0.487536
 NORM : r(ir_norm)    :   0.500000
 RIGHT: r_b_physical  :   0.508309
 RIGHT: r_b           :   0.508309
 ----------- PARALLELIZATION PARAMETERS --------
 (nek) per subgroup:  :        32
 (ine) per subgroup:  :        24
 ----------- TIME STEPPING PARAMETERS ----------
 plot_filter          :   1.000000
 time_skip            :     5
 restart_data_skip    :    10
 ----------- STABILITY PARAMETERS ----------------
 d/dtau Courant       :  18.863808
   d/dr Courant       :   0.762558
 ----------- SETUP TIMING ----------------------
 Grid Setup           :   0.053979
 Build radial ops     :   0.009193
 Build advection ops  :   0.000000
 Build field matrices :   0.036212
 
 TOTAL SETUP          :   0.109475
 -------- CENTRAL WAVENUMBERS SIMULATED -----------
     (k_y = nq/r, rho = rho_sD_unit)
 n =    30   k_y rho =  0.400 [ 0.400][ 0.400]
  
 min resolved k_x*rho_sD :  0.977031
 max resolved k_x*rho_sD :  1.465546
 --------------- CENTRAL BOX SIZE -----------------
 abs(Lx/rho_sD)       :     6.430897
 abs(Ly/rho_sD)       :    15.707963
 => abs(dx/rho_sD)    :     1.071816
 --------------------------------------------------
 ------------ GYRO-OPERATOR BANDWIDTH -------------
 => EXACT BESSEL.
 --------------------------------------------------
 PLEASE SEE: 
  - units.out for normalizing parameters
  - alloc.out for memory usage
  - efficiency.out for parallelization efficiency
  - phase_space.out for velocity-space nodes and weights
 -----------------------------------------------
 operational mode     : FIELD EIGENVALUE
 boundary conditions  : PERIODIC
 profiles             : FLAT
 geometry             : MODEL SHAPE
 electron_method      : ALL SPECIES GYROKINETIC
 fluctuations         : ELECTROSTATIC
 gyro_method          : ORIGINAL (INTEGRATED) POLARIZATION
 fluctuation output   : PHI( ) N( ) E( ) V( )                   
 radial grid          : UNIFORM
 integrator_method    : RK2
 field solve          : UMFPACK (SEQUENTIAL)
 source_flag          : SOURCE OFF
 pitch-angle coll.    : OFF
 rotation parameters  : CANDY METHOD
 nonlinear dynamics   : OFF
 linear diffusivity   : RESPONSE FUNCTION
 -----------------------------------------------
----------------------------------------------------------
INFO: Forcing up-down symmetry (UDSYMMETRY_FLAG=1).
----------------------------------------------------------
----------------------------------------------------------
INFO: You are using TOROIDAL_REFERENCE=-1
----------------------------------------------------------
----------------------------------------------------------
INFO: TOROIDAL_REFERENCE reset to lowest nonzero mode.
----------------------------------------------------------
----------------------------------------------------------
INFO: nu_ii rescaled by: 0.000
----------------------------------------------------------
 ----------- SPARSE MATRIX STATS ---------------
 EXPLICIT POISSON:     n>0           
         nonzeros:     2304
           values:     6960
          indices:     9313
       iterations:        1
 
 ----------- UTILITY PARAMETERS ----------------
 Ion parallel motion     : ON
 Ion curvature drift     : ON
 Electron curvature drift: ON
 ----------- GRID DIMENSIONS -------------------
 n_n                  :    1
 n_x                  :    6
 n_stack              :   28
 n_blend              :    8
 n_pass               :    4
 n_trap               :    4
 n_energy             :    8
 n_field              :    1
 --
 n_spec               :    2
 n_ion                :    2
 n_kinetic            :    2
 n_gk                 :    2
 indx_e               :    2
 --
 FIELD POINTS:        :        48
 DIST. POINTS:        :     21504
 --
 energy_max           :   6.000000
 dt                   :   0.200000
 --------------- LOCAL PARAMETERS ---------------
  NOTE: use abs(SAFETY_FACTOR) as input
 # RADIUS [INPUT]     :   0.500000
 .RADIUS              :   0.500000
 .ASPECT_RATIO        :   2.823771
 .SHIFT               :  -0.083657
 .ZMAG                :   0.000000
 .DZMAG               :   0.000000
 .KAPPA               :   1.299195
 .S_KAPPA             :   0.030771
 .DELTA               :   0.099065
 .S_DELTA             :   0.103990
 .ZETA                :  -0.003631
 .S_ZETA              :  -0.008908
 .SAFETY_FACTOR       :   1.719901
 .SHEAR               :   0.388748
 .RHO_STAR            :   0.004845
 .Z_EFF               :   1.312399
 .MACH                :   0.000000
 .PGAMMA              :   0.000000
 .GAMMA_E             :   0.000000
 .LAMBDA_DEBYE        :   0.000000
 .NU_EI               :   0.000000
 .NU_I_KROOK          :   0.000000
 .IPCCW               :   1.000000
 .BTCCW               :  -1.000000
 # Ion  1
 .NI_OVER_NE          :   1.000000
 .TI_OVER_TE          :   0.782699
 .DLNNDR              :   1.177069
 .DLNTDR              :   1.931357
 .Z                   :   1.000000
 (NU_II)              :   0.000000
 .MU                  :   1.000000
 # Electrons
 .DLNNDR_ELECTRON     :   1.177069
 .DLNTDR_ELECTRON     :   2.551344
 (Z_ELECTRON)         :  -1.000000
 .BETAE_UNIT          :   0.001383
 .MU_ELECTRON         :  60.599098
 --------------- TGLF PARAMETERS ---------------
 Q_PRIME              :   4.599763
 P_PRIME              :   0.001166
 -------- LOCAL PARAMETERS (diagnostic) ----------
 n_i*z_i - n_e:       :   0.000000
 r/R0                 :   0.177068
 b_unit               :   1.000000
 beta_unit_norm       :   0.002466
 betai_unit           :   0.001083
 betae_unit_norm      :   0.001383
 beta_*               :   0.008523
 alpha_MHD            :   0.071191
 omega_00 (c_s/a)     :   0.000000
 * Note that f = f_sim exp(i n omega0[r0] t)
 -------- ALFVEN WAVE PARAMETERS (diagnostic) ----------
 (v_A/c_s)            :  38.018992
 Omega_TAE            :   3.914152
 Omega_A              :   7.828304
 ----------- UPWIND PARAMETERS -----------------
 radial_upwind        :   2.000000
 orbit_upwind         :   1.000000
 orbit_upwind (elec)  :   0.000000
 ----------- SOURCE PARAMETERS -----------------
 nu_source            :   0.100000
 n_source             :    1
 ----------- RADIAL DOMAIN PARAMETERS ----------
 s_grid               :   0.388748
 box_multiplier       :   1.000000
 L/a                  :   0.024927
 --
 explicit_damp(i)     :   0 (  1.0000)
 explicit_damp(e)     :   0 (  1.0000)
 --
 offset               :   0 (  0.0000)
 LEFT : r_a           :   0.487536
 LEFT : r_a_physical  :   0.487536
 NORM : r(ir_norm)    :   0.500000
 RIGHT: r_b_physical  :   0.508309
 RIGHT: r_b           :   0.508309
 ----------- PARALLELIZATION PARAMETERS --------
 (nek) per subgroup:  :        32
 (ine) per subgroup:  :        24
 ----------- TIME STEPPING PARAMETERS ----------
 plot_filter          :   1.000000
 time_skip            :     5
 restart_data_skip    :    10
 ----------- STABILITY PARAMETERS ----------------
 d/dtau Courant       :  18.863808
   d/dr Courant       :   0.953197
 ----------- SETUP TIMING ----------------------
 Grid Setup           :   0.055505
 Build radial ops     :   0.009432
 Build advection ops  :   0.000000
 Build field matrices :   0.036073
 
 TOTAL SETUP          :   0.111103
 -------- CENTRAL WAVENUMBERS SIMULATED -----------
     (k_y = nq/r, rho = rho_sD_unit)
 n =    30   k_y rho =  0.500 [ 0.500][ 0.500]
  
 min resolved k_x*rho_sD :  1.221289
 max resolved k_x*rho_sD :  1.831933
 --------------- CENTRAL BOX SIZE -----------------
 abs(Lx/rho_sD)       :     5.144718
 abs(Ly/rho_sD)       :    12.566371
 => abs(dx/rho_sD)    :     0.857453
 --------------------------------------------------
 ------------ GYRO-OPERATOR BANDWIDTH -------------
 => EXACT BESSEL.
 --------------------------------------------------
 PLEASE SEE: 
  - units.out for normalizing parameters
  - alloc.out for memory usage
  - efficiency.out for parallelization efficiency
  - phase_space.out for velocity-space nodes and weights
 -----------------------------------------------
 operational mode     : FIELD EIGENVALUE
 boundary conditions  : PERIODIC
 profiles             : FLAT
 geometry             : MODEL SHAPE
 electron_method      : ALL SPECIES GYROKINETIC
 fluctuations         : ELECTROSTATIC
 gyro_method          : ORIGINAL (INTEGRATED) POLARIZATION
 fluctuation output   : PHI( ) N( ) E( ) V( )                   
 radial grid          : UNIFORM
 integrator_method    : RK2
 field solve          : UMFPACK (SEQUENTIAL)
 source_flag          : SOURCE OFF
 pitch-angle coll.    : OFF
 rotation parameters  : CANDY METHOD
 nonlinear dynamics   : OFF
 linear diffusivity   : RESPONSE FUNCTION
 -----------------------------------------------
----------------------------------------------------------
INFO: Forcing up-down symmetry (UDSYMMETRY_FLAG=1).
----------------------------------------------------------
----------------------------------------------------------
INFO: You are using TOROIDAL_REFERENCE=-1
----------------------------------------------------------
----------------------------------------------------------
INFO: TOROIDAL_REFERENCE reset to lowest nonzero mode.
----------------------------------------------------------
----------------------------------------------------------
INFO: nu_ii rescaled by: 0.000
----------------------------------------------------------
 ----------- SPARSE MATRIX STATS ---------------
 EXPLICIT POISSON:     n>0           
         nonzeros:     2304
           values:     6960
          indices:     9313
       iterations:        1
 
 ----------- UTILITY PARAMETERS ----------------
 Ion parallel motion     : ON
 Ion curvature drift     : ON
 Electron curvature drift: ON
 ----------- GRID DIMENSIONS -------------------
 n_n                  :    1
 n_x                  :    6
 n_stack              :   28
 n_blend              :    8
 n_pass               :    4
 n_trap               :    4
 n_energy             :    8
 n_field              :    1
 --
 n_spec               :    2
 n_ion                :    2
 n_kinetic            :    2
 n_gk                 :    2
 indx_e               :    2
 --
 FIELD POINTS:        :        48
 DIST. POINTS:        :     21504
 --
 energy_max           :   6.000000
 dt                   :   0.200000
 --------------- LOCAL PARAMETERS ---------------
  NOTE: use abs(SAFETY_FACTOR) as input
 # RADIUS [INPUT]     :   0.500000
 .RADIUS              :   0.500000
 .ASPECT_RATIO        :   2.823771
 .SHIFT               :  -0.083657
 .ZMAG                :   0.000000
 .DZMAG               :   0.000000
 .KAPPA               :   1.299195
 .S_KAPPA             :   0.030771
 .DELTA               :   0.099065
 .S_DELTA             :   0.103990
 .ZETA                :  -0.003631
 .S_ZETA              :  -0.008908
 .SAFETY_FACTOR       :   1.719901
 .SHEAR               :   0.388748
 .RHO_STAR            :   0.005814
 .Z_EFF               :   1.312399
 .MACH                :   0.000000
 .PGAMMA              :   0.000000
 .GAMMA_E             :   0.000000
 .LAMBDA_DEBYE        :   0.000000
 .NU_EI               :   0.000000
 .NU_I_KROOK          :   0.000000
 .IPCCW               :   1.000000
 .BTCCW               :  -1.000000
 # Ion  1
 .NI_OVER_NE          :   1.000000
 .TI_OVER_TE          :   0.782699
 .DLNNDR              :   1.177069
 .DLNTDR              :   1.931357
 .Z                   :   1.000000
 (NU_II)              :   0.000000
 .MU                  :   1.000000
 # Electrons
 .DLNNDR_ELECTRON     :   1.177069
 .DLNTDR_ELECTRON     :   2.551344
 (Z_ELECTRON)         :  -1.000000
 .BETAE_UNIT          :   0.001383
 .MU_ELECTRON         :  60.599098
 --------------- TGLF PARAMETERS ---------------
 Q_PRIME              :   4.599763
 P_PRIME              :   0.001166
 -------- LOCAL PARAMETERS (diagnostic) ----------
 n_i*z_i - n_e:       :   0.000000
 r/R0                 :   0.177068
 b_unit               :   1.000000
 beta_unit_norm       :   0.002466
 betai_unit           :   0.001083
 betae_unit_norm      :   0.001383
 beta_*               :   0.008523
 alpha_MHD            :   0.071191
 omega_00 (c_s/a)     :   0.000000
 * Note that f = f_sim exp(i n omega0[r0] t)
 -------- ALFVEN WAVE PARAMETERS (diagnostic) ----------
 (v_A/c_s)            :  38.018992
 Omega_TAE            :   3.914152
 Omega_A              :   7.828304
 ----------- UPWIND PARAMETERS -----------------
 radial_upwind        :   2.000000
 orbit_upwind         :   1.000000
 orbit_upwind (elec)  :   0.000000
 ----------- SOURCE PARAMETERS -----------------
 nu_source            :   0.100000
 n_source             :    1
 ----------- RADIAL DOMAIN PARAMETERS ----------
 s_grid               :   0.388748
 box_multiplier       :   1.000000
 L/a                  :   0.024927
 --
 explicit_damp(i)     :   0 (  1.0000)
 explicit_damp(e)     :   0 (  1.0000)
 --
 offset               :   0 (  0.0000)
 LEFT : r_a           :   0.487536
 LEFT : r_a_physical  :   0.487536
 NORM : r(ir_norm)    :   0.500000
 RIGHT: r_b_physical  :   0.508309
 RIGHT: r_b           :   0.508309
 ----------- PARALLELIZATION PARAMETERS --------
 (nek) per subgroup:  :        32
 (ine) per subgroup:  :        24
 ----------- TIME STEPPING PARAMETERS ----------
 plot_filter          :   1.000000
 time_skip            :     5
 restart_data_skip    :    10
 ----------- STABILITY PARAMETERS ----------------
 d/dtau Courant       :  18.863808
   d/dr Courant       :   1.143837
 ----------- SETUP TIMING ----------------------
 Grid Setup           :   0.054791
 Build radial ops     :   0.009582
 Build advection ops  :   0.000000
 Build field matrices :   0.036498
 
 TOTAL SETUP          :   0.110899
 -------- CENTRAL WAVENUMBERS SIMULATED -----------
     (k_y = nq/r, rho = rho_sD_unit)
 n =    30   k_y rho =  0.600 [ 0.600][ 0.600]
  
 min resolved k_x*rho_sD :  1.465546
 max resolved k_x*rho_sD :  2.198319
 --------------- CENTRAL BOX SIZE -----------------
 abs(Lx/rho_sD)       :     4.287265
 abs(Ly/rho_sD)       :    10.471976
 => abs(dx/rho_sD)    :     0.714544
 --------------------------------------------------
 ------------ GYRO-OPERATOR BANDWIDTH -------------
 => EXACT BESSEL.
 --------------------------------------------------
 PLEASE SEE: 
  - units.out for normalizing parameters
  - alloc.out for memory usage
  - efficiency.out for parallelization efficiency
  - phase_space.out for velocity-space nodes and weights
 -----------------------------------------------
 operational mode     : FIELD EIGENVALUE
 boundary conditions  : PERIODIC
 profiles             : FLAT
 geometry             : MODEL SHAPE
 electron_method      : ALL SPECIES GYROKINETIC
 fluctuations         : ELECTROSTATIC
 gyro_method          : ORIGINAL (INTEGRATED) POLARIZATION
 fluctuation output   : PHI( ) N( ) E( ) V( )                   
 radial grid          : UNIFORM
 integrator_method    : RK2
 field solve          : UMFPACK (SEQUENTIAL)
 source_flag          : SOURCE OFF
 pitch-angle coll.    : OFF
 rotation parameters  : CANDY METHOD
 nonlinear dynamics   : OFF
 linear diffusivity   : RESPONSE FUNCTION
 -----------------------------------------------
----------------------------------------------------------
INFO: Forcing up-down symmetry (UDSYMMETRY_FLAG=1).
----------------------------------------------------------
----------------------------------------------------------
INFO: You are using TOROIDAL_REFERENCE=-1
----------------------------------------------------------
----------------------------------------------------------
INFO: TOROIDAL_REFERENCE reset to lowest nonzero mode.
----------------------------------------------------------
----------------------------------------------------------
INFO: nu_ii rescaled by: 0.000
----------------------------------------------------------
 ----------- SPARSE MATRIX STATS ---------------
 EXPLICIT POISSON:     n>0           
         nonzeros:     2304
           values:     6960
          indices:     9313
       iterations:        1
 
 ----------- UTILITY PARAMETERS ----------------
 Ion parallel motion     : ON
 Ion curvature drift     : ON
 Electron curvature drift: ON
 ----------- GRID DIMENSIONS -------------------
 n_n                  :    1
 n_x                  :    6
 n_stack              :   28
 n_blend              :    8
 n_pass               :    4
 n_trap               :    4
 n_energy             :    8
 n_field              :    1
 --
 n_spec               :    2
 n_ion                :    2
 n_kinetic            :    2
 n_gk                 :    2
 indx_e               :    2
 --
 FIELD POINTS:        :        48
 DIST. POINTS:        :     21504
 --
 energy_max           :   6.000000
 dt                   :   0.200000
 --------------- LOCAL PARAMETERS ---------------
  NOTE: use abs(SAFETY_FACTOR) as input
 # RADIUS [INPUT]     :   0.500000
 .RADIUS              :   0.500000
 .ASPECT_RATIO        :   2.823771
 .SHIFT               :  -0.083657
 .ZMAG                :   0.000000
 .DZMAG               :   0.000000
 .KAPPA               :   1.299195
 .S_KAPPA             :   0.030771
 .DELTA               :   0.099065
 .S_DELTA             :   0.103990
 .ZETA                :  -0.003631
 .S_ZETA              :  -0.008908
 .SAFETY_FACTOR       :   1.719901
 .SHEAR               :   0.388748
 .RHO_STAR            :   0.006783
 .Z_EFF               :   1.312399
 .MACH                :   0.000000
 .PGAMMA              :   0.000000
 .GAMMA_E             :   0.000000
 .LAMBDA_DEBYE        :   0.000000
 .NU_EI               :   0.000000
 .NU_I_KROOK          :   0.000000
 .IPCCW               :   1.000000
 .BTCCW               :  -1.000000
 # Ion  1
 .NI_OVER_NE          :   1.000000
 .TI_OVER_TE          :   0.782699
 .DLNNDR              :   1.177069
 .DLNTDR              :   1.931357
 .Z                   :   1.000000
 (NU_II)              :   0.000000
 .MU                  :   1.000000
 # Electrons
 .DLNNDR_ELECTRON     :   1.177069
 .DLNTDR_ELECTRON     :   2.551344
 (Z_ELECTRON)         :  -1.000000
 .BETAE_UNIT          :   0.001383
 .MU_ELECTRON         :  60.599098
 --------------- TGLF PARAMETERS ---------------
 Q_PRIME              :   4.599763
 P_PRIME              :   0.001166
 -------- LOCAL PARAMETERS (diagnostic) ----------
 n_i*z_i - n_e:       :   0.000000
 r/R0                 :   0.177068
 b_unit               :   1.000000
 beta_unit_norm       :   0.002466
 betai_unit           :   0.001083
 betae_unit_norm      :   0.001383
 beta_*               :   0.008523
 alpha_MHD            :   0.071191
 omega_00 (c_s/a)     :   0.000000
 * Note that f = f_sim exp(i n omega0[r0] t)
 -------- ALFVEN WAVE PARAMETERS (diagnostic) ----------
 (v_A/c_s)            :  38.018992
 Omega_TAE            :   3.914152
 Omega_A              :   7.828304
 ----------- UPWIND PARAMETERS -----------------
 radial_upwind        :   2.000000
 orbit_upwind         :   1.000000
 orbit_upwind (elec)  :   0.000000
 ----------- SOURCE PARAMETERS -----------------
 nu_source            :   0.100000
 n_source             :    1
 ----------- RADIAL DOMAIN PARAMETERS ----------
 s_grid               :   0.388748
 box_multiplier       :   1.000000
 L/a                  :   0.024927
 --
 explicit_damp(i)     :   0 (  1.0000)
 explicit_damp(e)     :   0 (  1.0000)
 --
 offset               :   0 (  0.0000)
 LEFT : r_a           :   0.487536
 LEFT : r_a_physical  :   0.487536
 NORM : r(ir_norm)    :   0.500000
 RIGHT: r_b_physical  :   0.508309
 RIGHT: r_b           :   0.508309
 ----------- PARALLELIZATION PARAMETERS --------
 (nek) per subgroup:  :        32
 (ine) per subgroup:  :        24
 ----------- TIME STEPPING PARAMETERS ----------
 plot_filter          :   1.000000
 time_skip            :     5
 restart_data_skip    :    10
 ----------- STABILITY PARAMETERS ----------------
 d/dtau Courant       :  18.863808
   d/dr Courant       :   1.334476
 ----------- SETUP TIMING ----------------------
 Grid Setup           :   0.054573
 Build radial ops     :   0.009743
 Build advection ops  :   0.000000
 Build field matrices :   0.036333
 
 TOTAL SETUP          :   0.110582
 -------- CENTRAL WAVENUMBERS SIMULATED -----------
     (k_y = nq/r, rho = rho_sD_unit)
 n =    30   k_y rho =  0.700 [ 0.700][ 0.700]
  
 min resolved k_x*rho_sD :  1.709804
 max resolved k_x*rho_sD :  2.564706
 --------------- CENTRAL BOX SIZE -----------------
 abs(Lx/rho_sD)       :     3.674799
 abs(Ly/rho_sD)       :     8.975979
 => abs(dx/rho_sD)    :     0.612466
 --------------------------------------------------
 ------------ GYRO-OPERATOR BANDWIDTH -------------
 => EXACT BESSEL.
 --------------------------------------------------
 PLEASE SEE: 
  - units.out for normalizing parameters
  - alloc.out for memory usage
  - efficiency.out for parallelization efficiency
  - phase_space.out for velocity-space nodes and weights
 -----------------------------------------------
 operational mode     : FIELD EIGENVALUE
 boundary conditions  : PERIODIC
 profiles             : FLAT
 geometry             : MODEL SHAPE
 electron_method      : ALL SPECIES GYROKINETIC
 fluctuations         : ELECTROSTATIC
 gyro_method          : ORIGINAL (INTEGRATED) POLARIZATION
 fluctuation output   : PHI( ) N( ) E( ) V( )                   
 radial grid          : UNIFORM
 integrator_method    : RK2
 field solve          : UMFPACK (SEQUENTIAL)
 source_flag          : SOURCE OFF
 pitch-angle coll.    : OFF
 rotation parameters  : CANDY METHOD
 nonlinear dynamics   : OFF
 linear diffusivity   : RESPONSE FUNCTION
 -----------------------------------------------
----------------------------------------------------------
INFO: Forcing up-down symmetry (UDSYMMETRY_FLAG=1).
----------------------------------------------------------
----------------------------------------------------------
INFO: You are using TOROIDAL_REFERENCE=-1
----------------------------------------------------------
----------------------------------------------------------
INFO: TOROIDAL_REFERENCE reset to lowest nonzero mode.
----------------------------------------------------------
----------------------------------------------------------
INFO: nu_ii rescaled by: 0.000
----------------------------------------------------------
 ----------- SPARSE MATRIX STATS ---------------
 EXPLICIT POISSON:     n>0           
         nonzeros:     2304
           values:     6960
          indices:     9313
       iterations:        1
 
 ----------- UTILITY PARAMETERS ----------------
 Ion parallel motion     : ON
 Ion curvature drift     : ON
 Electron curvature drift: ON
 ----------- GRID DIMENSIONS -------------------
 n_n                  :    1
 n_x                  :    6
 n_stack              :   28
 n_blend              :    8
 n_pass               :    4
 n_trap               :    4
 n_energy             :    8
 n_field              :    1
 --
 n_spec               :    2
 n_ion                :    2
 n_kinetic            :    2
 n_gk                 :    2
 indx_e               :    2
 --
 FIELD POINTS:        :        48
 DIST. POINTS:        :     21504
 --
 energy_max           :   6.000000
 dt                   :   0.200000
 --------------- LOCAL PARAMETERS ---------------
  NOTE: use abs(SAFETY_FACTOR) as input
 # RADIUS [INPUT]     :   0.500000
 .RADIUS              :   0.500000
 .ASPECT_RATIO        :   2.823771
 .SHIFT               :  -0.083657
 .ZMAG                :   0.000000
 .DZMAG               :   0.000000
 .KAPPA               :   1.299195
 .S_KAPPA             :   0.030771
 .DELTA               :   0.099065
 .S_DELTA             :   0.103990
 .ZETA                :  -0.003631
 .S_ZETA              :  -0.008908
 .SAFETY_FACTOR       :   1.719901
 .SHEAR               :   0.388748
 .RHO_STAR            :   0.007752
 .Z_EFF               :   1.312399
 .MACH                :   0.000000
 .PGAMMA              :   0.000000
 .GAMMA_E             :   0.000000
 .LAMBDA_DEBYE        :   0.000000
 .NU_EI               :   0.000000
 .NU_I_KROOK          :   0.000000
 .IPCCW               :   1.000000
 .BTCCW               :  -1.000000
 # Ion  1
 .NI_OVER_NE          :   1.000000
 .TI_OVER_TE          :   0.782699
 .DLNNDR              :   1.177069
 .DLNTDR              :   1.931357
 .Z                   :   1.000000
 (NU_II)              :   0.000000
 .MU                  :   1.000000
 # Electrons
 .DLNNDR_ELECTRON     :   1.177069
 .DLNTDR_ELECTRON     :   2.551344
 (Z_ELECTRON)         :  -1.000000
 .BETAE_UNIT          :   0.001383
 .MU_ELECTRON         :  60.599098
 --------------- TGLF PARAMETERS ---------------
 Q_PRIME              :   4.599763
 P_PRIME              :   0.001166
 -------- LOCAL PARAMETERS (diagnostic) ----------
 n_i*z_i - n_e:       :   0.000000
 r/R0                 :   0.177068
 b_unit               :   1.000000
 beta_unit_norm       :   0.002466
 betai_unit           :   0.001083
 betae_unit_norm      :   0.001383
 beta_*               :   0.008523
 alpha_MHD            :   0.071191
 omega_00 (c_s/a)     :   0.000000
 * Note that f = f_sim exp(i n omega0[r0] t)
 -------- ALFVEN WAVE PARAMETERS (diagnostic) ----------
 (v_A/c_s)            :  38.018992
 Omega_TAE            :   3.914152
 Omega_A              :   7.828304
 ----------- UPWIND PARAMETERS -----------------
 radial_upwind        :   2.000000
 orbit_upwind         :   1.000000
 orbit_upwind (elec)  :   0.000000
 ----------- SOURCE PARAMETERS -----------------
 nu_source            :   0.100000
 n_source             :    1
 ----------- RADIAL DOMAIN PARAMETERS ----------
 s_grid               :   0.388748
 box_multiplier       :   1.000000
 L/a                  :   0.024927
 --
 explicit_damp(i)     :   0 (  1.0000)
 explicit_damp(e)     :   0 (  1.0000)
 --
 offset               :   0 (  0.0000)
 LEFT : r_a           :   0.487536
 LEFT : r_a_physical  :   0.487536
 NORM : r(ir_norm)    :   0.500000
 RIGHT: r_b_physical  :   0.508309
 RIGHT: r_b           :   0.508309
 ----------- PARALLELIZATION PARAMETERS --------
 (nek) per subgroup:  :        32
 (ine) per subgroup:  :        24
 ----------- TIME STEPPING PARAMETERS ----------
 plot_filter          :   1.000000
 time_skip            :     5
 restart_data_skip    :    10
 ----------- STABILITY PARAMETERS ----------------
 d/dtau Courant       :  18.863808
   d/dr Courant       :   1.525116
 ----------- SETUP TIMING ----------------------
 Grid Setup           :   0.055758
 Build radial ops     :   0.009871
 Build advection ops  :   0.000000
 Build field matrices :   0.036653
 
 TOTAL SETUP          :   0.112583
 -------- CENTRAL WAVENUMBERS SIMULATED -----------
     (k_y = nq/r, rho = rho_sD_unit)
 n =    30   k_y rho =  0.800 [ 0.800][ 0.800]
  
 min resolved k_x*rho_sD :  1.954062
 max resolved k_x*rho_sD :  2.931093
 --------------- CENTRAL BOX SIZE -----------------
 abs(Lx/rho_sD)       :     3.215449
 abs(Ly/rho_sD)       :     7.853982
 => abs(dx/rho_sD)    :     0.535908
 --------------------------------------------------
 ------------ GYRO-OPERATOR BANDWIDTH -------------
 => EXACT BESSEL.
 --------------------------------------------------
 PLEASE SEE: 
  - units.out for normalizing parameters
  - alloc.out for memory usage
  - efficiency.out for parallelization efficiency
  - phase_space.out for velocity-space nodes and weights
 -----------------------------------------------
 operational mode     : FIELD EIGENVALUE
 boundary conditions  : PERIODIC
 profiles             : FLAT
 geometry             : MODEL SHAPE
 electron_method      : ALL SPECIES GYROKINETIC
 fluctuations         : ELECTROSTATIC
 gyro_method          : ORIGINAL (INTEGRATED) POLARIZATION
 fluctuation output   : PHI( ) N( ) E( ) V( )                   
 radial grid          : UNIFORM
 integrator_method    : RK2
 field solve          : UMFPACK (SEQUENTIAL)
 source_flag          : SOURCE OFF
 pitch-angle coll.    : OFF
 rotation parameters  : CANDY METHOD
 nonlinear dynamics   : OFF
 linear diffusivity   : RESPONSE FUNCTION
 -----------------------------------------------
----------------------------------------------------------
INFO: Forcing up-down symmetry (UDSYMMETRY_FLAG=1).
----------------------------------------------------------
----------------------------------------------------------
INFO: You are using TOROIDAL_REFERENCE=-1
----------------------------------------------------------
----------------------------------------------------------
INFO: TOROIDAL_REFERENCE reset to lowest nonzero mode.
----------------------------------------------------------
----------------------------------------------------------
INFO: nu_ii rescaled by: 0.000
----------------------------------------------------------
 ----------- SPARSE MATRIX STATS ---------------
 EXPLICIT POISSON:     n>0           
         nonzeros:     2304
           values:     6960
          indices:     9313
       iterations:        1
 
 ----------- UTILITY PARAMETERS ----------------
 Ion parallel motion     : ON
 Ion curvature drift     : ON
 Electron curvature drift: ON
 ----------- GRID DIMENSIONS -------------------
 n_n                  :    1
 n_x                  :    6
 n_stack              :   28
 n_blend              :    8
 n_pass               :    4
 n_trap               :    4
 n_energy             :    8
 n_field              :    1
 --
 n_spec               :    2
 n_ion                :    2
 n_kinetic            :    2
 n_gk                 :    2
 indx_e               :    2
 --
 FIELD POINTS:        :        48
 DIST. POINTS:        :     21504
 --
 energy_max           :   6.000000
 dt                   :   0.200000
 --------------- LOCAL PARAMETERS ---------------
  NOTE: use abs(SAFETY_FACTOR) as input
 # RADIUS [INPUT]     :   0.500000
 .RADIUS              :   0.500000
 .ASPECT_RATIO        :   2.823771
 .SHIFT               :  -0.083657
 .ZMAG                :   0.000000
 .DZMAG               :   0.000000
 .KAPPA               :   1.299195
 .S_KAPPA             :   0.030771
 .DELTA               :   0.099065
 .S_DELTA             :   0.103990
 .ZETA                :  -0.003631
 .S_ZETA              :  -0.008908
 .SAFETY_FACTOR       :   1.719901
 .SHEAR               :   0.388748
 .RHO_STAR            :   0.008721
 .Z_EFF               :   1.312399
 .MACH                :   0.000000
 .PGAMMA              :   0.000000
 .GAMMA_E             :   0.000000
 .LAMBDA_DEBYE        :   0.000000
 .NU_EI               :   0.000000
 .NU_I_KROOK          :   0.000000
 .IPCCW               :   1.000000
 .BTCCW               :  -1.000000
 # Ion  1
 .NI_OVER_NE          :   1.000000
 .TI_OVER_TE          :   0.782699
 .DLNNDR              :   1.177069
 .DLNTDR              :   1.931357
 .Z                   :   1.000000
 (NU_II)              :   0.000000
 .MU                  :   1.000000
 # Electrons
 .DLNNDR_ELECTRON     :   1.177069
 .DLNTDR_ELECTRON     :   2.551344
 (Z_ELECTRON)         :  -1.000000
 .BETAE_UNIT          :   0.001383
 .MU_ELECTRON         :  60.599098
 --------------- TGLF PARAMETERS ---------------
 Q_PRIME              :   4.599763
 P_PRIME              :   0.001166
 -------- LOCAL PARAMETERS (diagnostic) ----------
 n_i*z_i - n_e:       :   0.000000
 r/R0                 :   0.177068
 b_unit               :   1.000000
 beta_unit_norm       :   0.002466
 betai_unit           :   0.001083
 betae_unit_norm      :   0.001383
 beta_*               :   0.008523
 alpha_MHD            :   0.071191
 omega_00 (c_s/a)     :   0.000000
 * Note that f = f_sim exp(i n omega0[r0] t)
 -------- ALFVEN WAVE PARAMETERS (diagnostic) ----------
 (v_A/c_s)            :  38.018992
 Omega_TAE            :   3.914152
 Omega_A              :   7.828304
 ----------- UPWIND PARAMETERS -----------------
 radial_upwind        :   2.000000
 orbit_upwind         :   1.000000
 orbit_upwind (elec)  :   0.000000
 ----------- SOURCE PARAMETERS -----------------
 nu_source            :   0.100000
 n_source             :    1
 ----------- RADIAL DOMAIN PARAMETERS ----------
 s_grid               :   0.388748
 box_multiplier       :   1.000000
 L/a                  :   0.024927
 --
 explicit_damp(i)     :   0 (  1.0000)
 explicit_damp(e)     :   0 (  1.0000)
 --
 offset               :   0 (  0.0000)
 LEFT : r_a           :   0.487536
 LEFT : r_a_physical  :   0.487536
 NORM : r(ir_norm)    :   0.500000
 RIGHT: r_b_physical  :   0.508309
 RIGHT: r_b           :   0.508309
 ----------- PARALLELIZATION PARAMETERS --------
 (nek) per subgroup:  :        32
 (ine) per subgroup:  :        24
 ----------- TIME STEPPING PARAMETERS ----------
 plot_filter          :   1.000000
 time_skip            :     5
 restart_data_skip    :    10
 ----------- STABILITY PARAMETERS ----------------
 d/dtau Courant       :  18.863808
   d/dr Courant       :   1.715755
 ----------- SETUP TIMING ----------------------
 Grid Setup           :   0.053289
 Build radial ops     :   0.010044
 Build advection ops  :   0.000000
 Build field matrices :   0.036367
 
 TOTAL SETUP          :   0.109813
 -------- CENTRAL WAVENUMBERS SIMULATED -----------
     (k_y = nq/r, rho = rho_sD_unit)
 n =    30   k_y rho =  0.900 [ 0.900][ 0.900]
  
 min resolved k_x*rho_sD :  2.198319
 max resolved k_x*rho_sD :  3.297479
 --------------- CENTRAL BOX SIZE -----------------
 abs(Lx/rho_sD)       :     2.858177
 abs(Ly/rho_sD)       :     6.981317
 => abs(dx/rho_sD)    :     0.476363
 --------------------------------------------------
 ------------ GYRO-OPERATOR BANDWIDTH -------------
 => EXACT BESSEL.
 --------------------------------------------------
 PLEASE SEE: 
  - units.out for normalizing parameters
  - alloc.out for memory usage
  - efficiency.out for parallelization efficiency
  - phase_space.out for velocity-space nodes and weights
