           8
           4
          20
           6
           1
   4
 -0.948717346977629     
 -0.951041400720480     
 -0.955785439556695     
 -0.960679190099712     
 -0.964515773488479     
 -0.966284008208474     
 -0.964820260364036     
 -0.960988215457015     
 -0.955803375174160     
 -0.950856745284749     
  0.948717346977629     
  0.951041400720480     
  0.955785439556695     
  0.960679190099712     
  0.964515773488479     
  0.966284008208474     
  0.964820260364036     
  0.960988215457015     
  0.955803375174160     
  0.950856745284749     
 -0.750660538898770     
 -0.762387619619293     
 -0.786914668695184     
 -0.812751914044121     
 -0.833319039456212     
 -0.842868186092995     
 -0.834923731450494     
 -0.814266262827325     
 -0.786846854254283     
 -0.761344134416258     
  0.750660538898770     
  0.762387619619293     
  0.786914668695184     
  0.812751914044121     
  0.833319039456212     
  0.842868186092995     
  0.834923731450494     
  0.814266262827325     
  0.786846854254283     
  0.761344134416258     
 -0.466739067620852     
 -0.492482970954731     
 -0.550032289094664     
 -0.614492618010281     
 -0.668108270624693     
 -0.693634290971156     
 -0.671904559453037     
 -0.617117543389471     
 -0.548584947692186     
 -0.489586107204888     
  0.466739067620852     
  0.492482970954731     
  0.550032289094664     
  0.614492618010281     
  0.668108270624693     
  0.693634290971156     
  0.671904559453037     
  0.617117543389471     
  0.548584947692186     
  0.489586107204888     
 -0.179259738226798     
 -0.212921128973275     
 -0.301858252122059     
 -0.424003658601211     
 -0.540114808059815     
 -0.598351371779034     
 -0.542290622418417     
 -0.419054417240993     
 -0.291623221672172     
 -0.205922167375240     
  0.179259738226798     
  0.212921128973275     
  0.301858252122059     
  0.424003658601211     
  0.540114808059815     
  0.598351371779034     
  0.542290622418417     
  0.419054417240993     
  0.291623221672172     
  0.205922167375240     
 -2.107342425544702E-008
 -9.011570383094367E-002
 -0.205301165175281     
 -0.347644706542440     
 -0.488241234403690     
 -0.567872108040588     
 -0.509419181127843     
 -0.365494137783206     
 -0.213756223997731     
 -9.356692251600089E-002
 -1.053671212772351E-008
  9.356692251600089E-002
  0.213756223997731     
  0.365494137783206     
  0.509419181127843     
  0.567872108040588     
  0.488241234403690     
  0.347644706542440     
  0.205301165175281     
  9.011570383094367E-002
 -2.580956827951785E-008
 -0.119989341655811     
 -0.241133993279053     
 -0.357557569480630     
 -0.453462945317763     
 -0.502941398944946     
 -0.470040483814821     
 -0.378217359698360     
 -0.256437743045562     
 -0.127546097082573     
 -1.053671212772351E-008
  0.127546097082573     
  0.256437743045562     
  0.378217359698360     
  0.470040483814821     
  0.502941398944946     
  0.453462945317763     
  0.357557569480630     
  0.241133993279053     
  0.119989341655811     
 -2.356080457693621E-008
 -0.100684368977143     
 -0.196034940779356     
 -0.279901944862100     
 -0.343123249125763     
 -0.372244165681364     
 -0.349562428652607     
 -0.290720879653049     
 -0.205610251914312     
 -0.105890583596058     
 -1.490116119384766E-008
  0.105890583596058     
  0.205610251914312     
  0.290720879653049     
  0.349562428652607     
  0.372244165681364     
  0.343123249125763     
  0.279901944862100     
  0.196034940779356     
  0.100684368977143     
  0.000000000000000E+000
 -5.245170905833860E-002
 -0.101255181876925     
 -0.142876951357525     
 -0.171856957647917     
 -0.181262535187083     
 -0.169307790330275     
 -0.140075935461562     
 -9.943438841013756E-002
 -5.159611263335636E-002
  0.000000000000000E+000
  5.159611263335636E-002
  9.943438841013756E-002
  0.140075935461562     
  0.169307790330275     
  0.181262535187083     
  0.171856957647917     
  0.142876951357525     
  0.101255181876925     
  5.245170905833860E-002
  -1.00000000000000     
 -0.794771251688949     
 -0.626730207555122     
 -0.472773546644573     
 -0.267766870986316     
 -6.232989335565284E-003
  0.248981978748109     
  0.448391170639006     
  0.611775772308461     
  0.790770379254654     
  -1.00000000000000     
 -0.794771251688949     
 -0.626730207555122     
 -0.472773546644573     
 -0.267766870986316     
 -6.232989335565284E-003
  0.248981978748109     
  0.448391170639006     
  0.611775772308461     
  0.790770379254654     
  -1.00000000000000     
 -0.803597969230678     
 -0.637668554512238     
 -0.484513684312788     
 -0.278267960562903     
 -6.485516917466455E-003
  0.258788465232397     
  0.460535626980996     
  0.623885098358354     
  0.800057375175229     
  -1.00000000000000     
 -0.803597969230678     
 -0.637668554512238     
 -0.484513684312788     
 -0.278267960562903     
 -6.485516917466455E-003
  0.258788465232397     
  0.460535626980996     
  0.623885098358354     
  0.800057375175229     
  -1.00000000000000     
 -0.828289566450650     
 -0.669049461574511     
 -0.516790257747964     
 -0.307875002684098     
 -6.654094145724142E-003
  0.287326059061367     
  0.494938547366597     
  0.658826803577658     
  0.825950292209516     
  -1.00000000000000     
 -0.828289566450650     
 -0.669049461574511     
 -0.516790257747964     
 -0.307875002684098     
 -6.654094145724142E-003
  0.287326059061367     
  0.494938547366597     
  0.658826803577658     
  0.825950292209516     
  -1.00000000000000     
 -0.890012893726215     
 -0.756522407030719     
 -0.599104317857064     
 -0.382731417605419     
  1.084917889679390E-003
  0.370615644150279     
  0.590967956891326     
  0.757425814000755     
  0.890675781566135     
  -1.00000000000000     
 -0.890012893726215     
 -0.756522407030719     
 -0.599104317857064     
 -0.382731417605419     
  1.084917889679390E-003
  0.370615644150279     
  0.590967956891326     
  0.757425814000755     
  0.890675781566135     
 -0.866042681415313     
 -0.839519835933440     
 -0.756273212725979     
 -0.621230073420888     
 -0.420100532596639     
 -3.468182514338002E-002
  0.361893389092455     
  0.587117766118788     
  0.736280504104650     
  0.824727600715915     
  0.852884164161770     
  0.824727600715915     
  0.736280504104650     
  0.587117766118788     
  0.361893389092455     
 -3.468182514338002E-002
 -0.420100532596639     
 -0.621230073420888     
 -0.756273212725979     
 -0.839519835933440     
 -0.663841103567827     
 -0.643208201078309     
 -0.582865528309078     
 -0.479669501550059     
 -0.300836707506187     
 -2.591699750985441E-002
  0.251574719240647     
  0.440777125518239     
  0.557165184445280     
  0.626456387469732     
  0.650187889897537     
  0.626456387469732     
  0.557165184445280     
  0.440777125518239     
  0.251574719240647     
 -2.591699750985441E-002
 -0.300836707506187     
 -0.479669501550059     
 -0.582865528309078     
 -0.643208201078309     
 -0.470064383256458     
 -0.454422721538735     
 -0.405206188522251     
 -0.314716167332394     
 -0.176646626734322     
 -5.078093240747080E-003
  0.164890673563935     
  0.300368178547351     
  0.390169804032589     
  0.440701347378501     
  0.456983348239414     
  0.440701347378501     
  0.390169804032589     
  0.300368178547351     
  0.164890673563935     
 -5.078093240747080E-003
 -0.176646626734322     
 -0.314716167332394     
 -0.405206188522251     
 -0.454422721538735     
 -0.213065909874002     
 -0.203058374706489     
 -0.173121113412032     
 -0.124680037774831     
 -6.148097335878858E-002
  9.359603680452667E-003
  7.902121229322687E-002
  0.139375724593389     
  0.184801142347181     
  0.212618799656856     
  0.222101177913571     
  0.212618799656856     
  0.184801142347181     
  0.139375724593389     
  7.902121229322687E-002
  9.359603680452667E-003
 -6.148097335878858E-002
 -0.124680037774831     
 -0.173121113412032     
 -0.203058374706489     
