 1.95282766E-05  1.08588019E-06  2.55105264E-05 -8.95214689E-23  6.17600863E-24 -1.27187706E-20  1.21685935E-05  1.25167017E-06  3.79789900E-05  4.72958689E-23  9.42825507E-24 -2.49718504E-20 -6.85149047E-03  7.59953576E-04 -1.30643581E-09  1.32564944E-13  6.84782025E-15 -2.59324117E-13  0.00000000E+00  0.00000000E+00
 0.00000000E+00  0.00000000E+00  0.00000000E+00  0.00000000E+00  2.93397569E-05  1.61910217E-06  3.81885920E-05 -1.35120746E-22  9.18310100E-24 -1.87133524E-20  1.83135634E-05  1.87331413E-06  5.68535565E-05  7.13907482E-23  1.41131334E-23 -3.67415256E-20 -6.85784641E-03  7.58241840E-04 -1.95512021E-09  1.99126943E-13
 1.05302008E-14 -3.78640792E-13  0.00000000E+00  0.00000000E+00  0.00000000E+00  0.00000000E+00  0.00000000E+00  0.00000000E+00  9.82313075E-06  5.38705950E-07  1.27478684E-05 -4.54052038E-23  3.04856015E-24 -6.16092993E-21  6.14016612E-06  6.25247992E-07  1.89784860E-05  2.39960074E-23  4.71085465E-24 -1.20962815E-20
-6.85824012E-03  7.58518477E-04 -6.52505062E-10  6.66606762E-14  3.59037710E-15 -1.23954658E-13  0.00000000E+00  0.00000000E+00  0.00000000E+00  0.00000000E+00  0.00000000E+00  0.00000000E+00 -1.94970090E-05 -1.07089471E-06 -2.53207319E-05  9.00393040E-23 -6.06359301E-24  1.22791598E-20 -1.21827360E-05 -1.24195333E-06
-3.76964320E-05 -4.75805626E-23 -9.35720270E-24  2.41087260E-20 -6.85226505E-03  7.60523523E-04  1.29611896E-09 -1.32312073E-13 -7.09444703E-15  2.47386649E-13  0.00000000E+00  0.00000000E+00  0.00000000E+00  0.00000000E+00  0.00000000E+00  0.00000000E+00 -2.93513749E-05 -1.62466980E-06 -3.82591091E-05  1.34928346E-22
-9.22487053E-24  1.88766995E-20 -1.83083083E-05 -1.87692449E-06 -5.69585394E-05 -7.12849474E-23 -1.41395352E-23  3.70622392E-20 -6.84589332E-03  7.62270088E-04  1.95895334E-09 -1.99220911E-13 -1.04385602E-14  3.83074799E-13  0.00000000E+00  0.00000000E+00  0.00000000E+00  0.00000000E+00  0.00000000E+00  0.00000000E+00
-9.84278036E-06 -5.48123786E-07 -1.28671458E-05  4.50797871E-23 -3.11920780E-24  6.43720056E-21 -6.13127878E-06 -6.31354465E-07 -1.91560610E-05 -2.38170912E-23 -4.75550734E-24  1.26387061E-20 -6.84551254E-03  7.61977370E-04  6.58988789E-10 -6.68196046E-14 -3.43538976E-15  1.31458118E-13  0.00000000E+00  0.00000000E+00
 0.00000000E+00  0.00000000E+00  0.00000000E+00  0.00000000E+00
 6.48507508E-01  1.67313016E-02  7.48426657E-01 -1.84529852E-02 -6.27486016E-04 -2.71512591E-02  8.50857504E-01  3.26675742E-02  2.15697859E+00 -2.75252842E-02 -1.04362515E-03 -1.49178951E-04 -4.25340291E-01 -1.34708141E-01  6.36138865E-03  1.08496811E-02 -4.50583369E-04  1.85465009E-02  3.94283477E+00  5.12238259E+00
 2.08875410E+00  6.68013025E-02  1.28560816E-02  1.81054754E-01  6.41901865E-01  1.55602502E-02  6.55717874E-01 -1.88809253E-02 -6.31291063E-04  2.22388573E-02  8.48180962E-01  3.14314125E-02  1.85979114E+00 -2.79540014E-02 -1.05495414E-03 -2.26344083E-02 -4.31170480E-01 -1.26592515E-01  1.74509563E-03  1.13290351E-02
-4.29432857E-04  4.00413639E-03  4.06508448E+00  5.34860222E+00  1.85160238E+00  6.98961625E-02  1.34345055E-02  1.26274746E-01  6.32752053E-01  1.47174746E-02  7.21329205E-01 -1.91619974E-02 -6.40284771E-04 -8.80847156E-02  8.42718475E-01  3.01295208E-02  1.90218613E+00 -2.82805998E-02 -1.06454479E-03 -1.02234946E-01
-4.23307683E-01 -1.19536212E-01 -2.18538698E-04  1.27373522E-02  6.74929788E-04  1.31858497E-02  4.17633850E+00  5.61474682E+00  1.85504123E+00  7.18556014E-02  1.39429131E-02 -4.91941334E-01  6.23869087E-01  1.41313208E-02  6.91536827E-01 -1.89469460E-02 -6.39846253E-04 -5.07669738E-02  8.35306678E-01  2.96307415E-02
 1.87464622E+00 -2.80636070E-02 -1.05881833E-03 -7.18165590E-02 -4.15630784E-01 -1.18165713E-01 -3.67551216E-04  1.41285503E-02  1.76735980E-03  2.05796279E-02  4.21789670E+00  5.52643307E+00  1.80809402E+00  6.98839290E-02  1.33530344E-02 -2.35356466E-01  6.18376061E-01  1.42224447E-02  5.86319177E-01 -1.84223984E-02
-6.34968915E-04  5.03784285E-02  8.29388225E-01  3.01419992E-02  1.82369554E+00 -2.75162684E-02 -1.04216345E-03  2.00578404E-02 -4.14455570E-01 -1.15861964E-01 -3.78882830E-03  1.39590049E-02  2.52616892E-03  2.66362136E-02  4.19704663E+00  5.23936193E+00  1.63835044E+00  6.57800040E-02  1.24848971E-02  3.32432239E-01
 6.12839428E-01  1.48870504E-02  9.16415305E-01 -1.80255352E-02 -6.23290244E-04 -4.12881197E-02  8.21945652E-01  3.07512200E-02  2.45884554E+00 -2.70565854E-02 -1.02312139E-03  8.54000427E-02 -4.14651192E-01 -1.24288588E-01 -5.01051105E-03  1.18360546E-02  1.63682653E-03  3.71268766E-03  4.16950938E+00  5.15831658E+00
 2.40655803E+00  6.29221102E-02  1.21068272E-02 -5.11267489E-02
 3.64890916E-01 -2.76718910E-03  3.23473512E-01 -1.07898386E-02 -4.99856339E-04 -7.25241064E-03  6.94217937E-01  2.08631339E-02  1.48206037E+00 -1.50124182E-02 -8.14300657E-04  3.01964878E-02 -4.12560584E-01 -1.48962139E-01  1.92826762E-03  1.69899130E-02  3.15465224E-03 -5.93534180E-04  3.13918026E-01  6.34417913E-01
 3.68919772E-01  5.17095900E-03  1.55036042E-03  2.35008032E-02  3.59978772E-01 -3.42624952E-03  3.02168048E-01 -1.11598344E-02 -5.23806937E-04 -1.07361783E-02  6.90394916E-01  1.97220406E-02  1.26829937E+00 -1.53296477E-02 -8.61918205E-04 -1.23570423E-02 -4.22759501E-01 -1.42095273E-01  3.50680128E-04  1.73023965E-02
 3.13927532E-03 -3.20592447E-03  3.28279273E-01  6.31198951E-01  3.54786650E-01  5.16778841E-03  1.55944991E-03  5.57090771E-04  3.52720178E-01 -4.26231415E-03  3.22891647E-01 -1.14336269E-02 -5.26863358E-04 -1.42447726E-02  6.84951008E-01  1.85965815E-02  1.26153050E+00 -1.56636562E-02 -8.66814012E-04 -3.28020719E-03
-4.19130397E-01 -1.33537167E-01 -6.67040809E-07  1.84990453E-02  3.60677481E-03 -2.41832351E-03  3.42013341E-01  6.41906792E-01  3.61407453E-01  5.16423293E-03  1.45308108E-03 -3.86153953E-03  3.44381340E-01 -4.75343539E-03  3.18675314E-01 -1.12039640E-02 -5.04108513E-04 -1.32423443E-02  6.78355492E-01  1.84102979E-02
 1.28237708E+00 -1.55231296E-02 -8.21583049E-04 -7.82775855E-03 -4.13952717E-01 -1.30819368E-01 -3.63179664E-04  1.97711443E-02  4.12538380E-03 -3.14339078E-03  3.55803968E-01  6.41073637E-01  3.51365810E-01  4.94654005E-03  1.30137311E-03 -4.15730374E-03  3.38283552E-01 -4.94133795E-03  2.97179218E-01 -1.06884471E-02
-4.68811732E-04 -2.25153632E-02  6.74816910E-01  1.89764803E-02  1.35364900E+00 -1.50729602E-02 -7.55692707E-04 -7.43281570E-02 -4.11259605E-01 -1.34210502E-01 -7.70280342E-04  2.00264912E-02  4.43375700E-03 -2.25758328E-03  3.68703398E-01  6.41922945E-01  3.25097090E-01  4.56343585E-03  1.20252935E-03  5.90139164E-03
 3.31010232E-01 -5.21359386E-03  3.74692526E-01 -1.02856015E-02 -4.49791002E-04 -1.54096648E-02  6.69120057E-01  1.91806887E-02  1.77720468E+00 -1.46106008E-02 -7.28241769E-04  4.35658268E-02 -4.02039624E-01 -1.43190553E-01 -2.67505893E-03  1.84430539E-02  4.00462477E-03 -1.02947806E-02  3.80923818E-01  6.53933674E-01
 4.02389177E-01  4.13921595E-03  1.17923005E-03 -2.02242805E-03
 3.03902980E-01 -1.57008368E-02  1.90959557E-01 -8.77165479E-03 -5.29954985E-04  7.61457858E-03  7.75386674E-01  1.86158185E-02  1.22211072E+00 -1.33020593E-02 -8.44309044E-04  7.26887915E-02 -4.69618682E-01 -1.84536371E-01  1.64937519E-03  2.58705891E-02  4.73851909E-03  3.41712473E-03  8.27193261E-02  2.26327131E-01
 1.21938099E-01  2.64701788E-03  9.30694807E-04 -1.88815921E-02  3.01949656E-01 -1.54876969E-02  2.02765081E-01 -9.18847661E-03 -5.68786102E-04 -1.09448519E-02  7.71310814E-01  1.81380853E-02  9.77429952E-01 -1.36704685E-02 -9.13875987E-04 -8.04911430E-03 -4.89205664E-01 -1.82657465E-01  2.75263942E-04  2.59801473E-02
 4.52750122E-03 -1.29725968E-04  9.19376566E-02  2.21937114E-01  1.12498314E-01  2.56353253E-03  8.73716006E-04  1.66084408E-04  2.96092978E-01 -1.58539600E-02  2.24803282E-01 -9.53361293E-03 -5.60282970E-04 -7.25843297E-03  7.65313172E-01  1.77205317E-02  9.69970888E-01 -1.40947164E-02 -9.08220072E-04  3.26365174E-03
-4.89617647E-01 -1.78292321E-01  1.13069919E-04  2.71193148E-02  4.74682789E-03  5.83324963E-04  9.77125430E-02  2.13343276E-01  1.11958131E-01  2.42915119E-03  7.89558452E-04  7.07228808E-03  2.86451978E-01 -1.63612092E-02  2.18397601E-01 -9.32419949E-03 -5.11664134E-04 -1.08714105E-02  7.58219935E-01  1.77359503E-02
 1.00470729E+00 -1.40204415E-02 -8.30435634E-04 -1.53811997E-02 -4.80959515E-01 -1.78499990E-01 -3.55141732E-04  2.84148202E-02  5.11859688E-03 -3.18586510E-04  1.04000999E-01  2.06457826E-01  1.02185742E-01  2.18604344E-03  6.94192226E-04  1.07159620E-02  2.78342394E-01 -1.73143709E-02  1.80549544E-01 -8.77380720E-03
-4.51819999E-04 -3.07554839E-02  7.55706277E-01  1.77964635E-02  1.10759027E+00 -1.35602694E-02 -7.35391657E-04 -1.01947874E-01 -4.70359987E-01 -1.82165872E-01 -6.77639578E-04  2.87872796E-02  5.49941267E-03 -1.65198040E-06  1.11219964E-01  2.04399897E-01  9.15405493E-02  1.89270929E-03  6.25155664E-04  3.20807909E-02
 2.69341986E-01 -1.87253402E-02  1.21946416E-01 -8.25373938E-03 -4.33374485E-04 -1.99651810E-02  7.50245545E-01  1.72313555E-02  1.52198369E+00 -1.29475077E-02 -7.07513743E-04  5.62071460E-03 -4.52031526E-01 -1.83226283E-01 -2.83245706E-03  2.72882292E-02  5.41121436E-03 -4.14746654E-03  1.21868630E-01  2.08769679E-01
 9.68644478E-02  1.68743928E-03  5.88542775E-04  2.74901292E-02
 2.66870038E-01 -2.85872246E-02  6.49967390E-02 -8.72165952E-03 -6.38611852E-04  1.48199502E-03  8.56655979E-01  1.83837646E-02  9.57386714E-01 -1.38208424E-02 -9.91672838E-04  5.04568953E-02 -4.92291215E-01 -2.20415231E-01  1.78080330E-03  2.10999418E-02  3.28536552E-03  1.19310518E-02 -8.08141924E-02  2.38258869E-02
 8.87616221E-03  2.29800566E-03  6.85735469E-04 -2.39772053E-02  2.67362473E-01 -2.71311118E-02  1.29192634E-01 -9.16931074E-03 -6.91001229E-04 -1.86883499E-02  8.52352646E-01  1.91412489E-02  6.97896876E-01 -1.41771922E-02 -1.08118243E-03 -3.77473309E-02 -5.19567722E-01 -2.29610242E-01  1.49755995E-04  2.15685258E-02
 2.92425966E-03  6.10696066E-03 -6.94420873E-02  4.11228183E-02  2.40374319E-02  2.30056788E-03  6.84176119E-04 -4.85383586E-03  2.62737718E-01 -2.66916405E-02  1.59533481E-01 -9.59726074E-03 -6.75643378E-04 -9.00775829E-03  8.45298137E-01  1.96212098E-02  6.90798478E-01 -1.46591825E-02 -1.08025278E-03  9.52568521E-04
-5.24394051E-01 -2.31967769E-01  9.24087226E-05  2.26664207E-02  2.96775251E-03  6.88345124E-03 -6.31519828E-02  3.43833141E-02  2.69471290E-02  2.28866778E-03  5.91060448E-04  8.26020271E-04  2.51200067E-01 -2.72646076E-02  1.51117949E-01 -9.45731575E-03 -6.06816693E-04 -1.13607269E-02  8.35958247E-01  1.93833377E-02
 7.15035644E-01 -1.46867911E-02 -9.88731131E-04 -1.05451652E-02 -5.13330203E-01 -2.32986465E-01 -3.36537348E-04  2.33916496E-02  3.23287115E-03  6.17123298E-03 -5.99481166E-02  1.58673245E-02  1.59192852E-02  2.01495941E-03  4.03792454E-04  7.89887038E-03  2.41604986E-01 -2.91836956E-02  8.67166012E-02 -8.89639924E-03
-5.25655341E-04 -1.95685110E-02  8.34267994E-01  1.84501399E-02  7.99756181E-01 -1.42732520E-02 -8.71376683E-04 -5.07161727E-02 -4.95731806E-01 -2.31232601E-01 -8.64995003E-04  2.31840947E-02  3.67615506E-03  6.62183935E-03 -5.72716883E-02 -1.26720416E-02 -7.71231292E-03  1.57065931E-03  2.05794060E-04  2.17661998E-02
 2.31238235E-01 -3.19496913E-02 -9.53917206E-02 -8.23728456E-03 -5.01952536E-04 -1.87739612E-02  8.29168347E-01  1.70871571E-02  1.17159580E+00 -1.35345594E-02 -8.25454717E-04  6.92298728E-03 -4.69093713E-01 -2.19857054E-01 -2.58179900E-03  2.16611648E-02  3.86847474E-03  7.44163361E-03 -4.98471120E-02 -2.51199971E-02
-4.42065285E-02  1.24723779E-03  1.15578752E-04  3.82092025E-02
 2.47318286E-01 -4.14629528E-02 -7.87506137E-02 -8.73095600E-03 -7.55037934E-04 -2.49244466E-02  9.45677908E-01  1.98809856E-02  6.94372709E-01 -1.41803918E-02 -1.11952748E-03 -4.29086824E-02 -5.05997875E-01 -2.57024917E-01  1.57052385E-03 -3.38123109E-03  1.63803170E-04  1.57237013E-02 -2.07095998E-01 -5.10161276E-02
-8.28045950E-02  5.65654620E-03  1.03139445E-03  1.23120372E-02  2.47058398E-01 -3.91214931E-02  5.21213498E-02 -9.25148940E-03 -8.26705077E-04 -3.33824954E-02  9.39628143E-01  2.16465968E-02  4.37926253E-01 -1.45572438E-02 -1.23669461E-03 -9.21788070E-02 -5.38132399E-01 -2.81105338E-01  1.23407748E-04 -2.39376969E-03
-2.63749812E-04  1.04378503E-02 -1.97972880E-01 -2.72727781E-02 -2.39481964E-02  5.74808686E-03  1.09076117E-03  3.89731699E-03  2.42514309E-01 -3.78465189E-02  9.97602307E-02 -9.86121508E-03 -8.16076501E-04 -1.37526933E-02  9.30994022E-01  2.28471742E-02  4.31694428E-01 -1.51958092E-02 -1.26128983E-03 -6.33410794E-03
-5.44441145E-01 -2.89281460E-01  6.62002392E-05 -1.39546589E-03 -3.29914249E-04  1.08162935E-02 -1.87456696E-01 -2.08659652E-02 -6.71352426E-03  5.79282506E-03  9.98565050E-04 -5.04970694E-03  2.29889198E-01 -3.84615376E-02  9.50228006E-02 -9.82554403E-03 -7.31096947E-04 -9.33501206E-03  9.19916116E-01  2.22208184E-02
 4.30144600E-01 -1.53696167E-02 -1.16476211E-03  1.56631088E-02 -5.30504948E-01 -2.87124722E-01 -3.70397630E-04 -1.48323253E-03 -1.42689999E-04  1.02467947E-02 -1.77308391E-01 -2.83915596E-02 -1.35082822E-02  5.48023082E-03  7.60557520E-04 -4.33210069E-03  2.21048449E-01 -4.11082929E-02  1.64635834E-02 -9.17709506E-03
-6.24007840E-04 -1.54089713E-03  9.20285307E-01  2.04877379E-02  4.57802353E-01 -1.49471835E-02 -1.01585065E-03  5.20007243E-02 -5.08702827E-01 -2.76266845E-01 -7.81474882E-04 -2.43753457E-03  3.17048442E-04  1.12431039E-02 -1.70664144E-01 -5.62843729E-02 -4.76216532E-02  4.96978536E-03  4.72538991E-04 -1.83470834E-02
 2.10286139E-01 -4.50234579E-02 -2.44648096E-01 -8.31106413E-03 -5.81412707E-04  1.77216334E-03  9.16140379E-01  1.86743250E-02  7.75545448E-01 -1.40544315E-02 -9.31816409E-04  1.28874291E-01 -4.77786992E-01 -2.53133831E-01 -2.16615719E-03 -3.87119068E-03  7.11304972E-04  1.24165557E-02 -1.66119878E-01 -8.68814709E-02
-1.38692950E-01  4.61204477E-03  3.58360260E-04  8.92611800E-03
 2.58007559E-01 -5.16636981E-02 -1.96676057E-01 -8.63717334E-03 -7.43335344E-04 -4.27113762E-02  1.06355606E+00  2.14888418E-02  4.28292317E-01 -1.61847878E-02 -1.00937758E-03 -9.43727693E-02 -5.38945792E-01 -2.78216442E-01  7.13630010E-04 -2.69434181E-02  6.29783606E-04  4.22229133E-03 -2.26753288E-01  5.08000729E-02
-1.48606776E-01  1.22534768E-02  3.27621232E-03  3.94806052E-02  2.52719886E-01 -4.98299319E-02 -1.38001813E-02 -9.29547005E-03 -8.34307732E-04 -4.15567194E-02  1.05388695E+00  2.30488248E-02  2.18391954E-01 -1.66505005E-02 -1.14615614E-03 -1.08580900E-01 -5.68518284E-01 -3.15718619E-01  3.00279691E-04 -2.60179650E-02
 1.48547145E-04  4.60558581E-03 -2.22712704E-01  6.34130959E-02 -3.66375305E-02  1.24497256E-02  3.51573771E-03  1.09907469E-02  2.45130992E-01 -4.85455341E-02  5.08492035E-02 -1.01424099E-02 -8.38917895E-04 -2.01575268E-02  1.04312913E+00  2.42778529E-02  2.31392006E-01 -1.75466480E-02 -1.20233830E-03 -1.61298763E-02
-5.69359380E-01 -3.27737947E-01  6.94990432E-05 -2.53208946E-02 -3.28683505E-05  4.20572124E-03 -2.07858845E-01  8.49180558E-02  4.32331555E-04  1.23579222E-02  3.47710439E-03 -1.02762617E-02  2.31406759E-01 -4.93913800E-02  5.04837057E-02 -1.01681607E-02 -7.43310231E-04 -7.93818291E-03  1.03235814E+00  2.35987918E-02
 2.12570849E-01 -1.78911791E-02 -1.10430580E-03  3.91048869E-02 -5.52576895E-01 -3.21326176E-01 -4.18197436E-04 -2.57668870E-02  1.23358308E-04  3.67138626E-03 -1.86260865E-01  9.88000678E-02 -3.31839272E-04  1.18450289E-02  3.19949542E-03 -2.32621551E-02  2.24758354E-01 -5.24612643E-02 -2.82299085E-02 -9.34134910E-03
-6.10341250E-04  3.24131543E-05  1.03626113E+00  2.18449799E-02  1.82986942E-01 -1.74036162E-02 -9.25978645E-04  8.79870211E-02 -5.33808508E-01 -3.03074870E-01 -5.33764340E-04 -2.67423205E-02  6.30038079E-04  5.49549572E-03 -1.70477492E-01  9.57984754E-02 -3.87432874E-02  1.12986323E-02  2.80715037E-03 -6.12070634E-02
 2.15538414E-01 -5.68547693E-02 -2.87544270E-01 -8.31860333E-03 -5.48343480E-04  3.05168956E-02  1.03423965E+00  2.02137644E-02  4.76608199E-01 -1.63873400E-02 -8.19149594E-04  3.40307145E-01 -5.08249757E-01 -2.73750618E-01 -1.97790312E-03 -2.76214181E-02  1.13322039E-03 -2.57166070E-03 -1.65907222E-01  6.09292441E-02
-1.64473722E-01  1.09962976E-02  2.61989735E-03 -5.07628086E-02
 3.02238259E-01 -5.28535682E-02 -1.68095203E-01 -1.03788446E-02 -6.09087741E-04 -8.00064024E-03  1.17652778E+00  1.99072835E-02  2.73257889E-01 -2.23075454E-02 -7.53381162E-04  6.88329831E-02 -5.89668768E-01 -2.54314619E-01 -1.62865914E-04 -4.84637256E-03  7.70181910E-03 -1.22092507E-02 -9.96261708E-02  3.33007626E-01
-1.03646377E-01  1.31240137E-02  5.87619010E-03 -2.97816730E-02  2.90040245E-01 -5.36120762E-02 -1.55473305E-02 -1.11530829E-02 -7.01497916E-04 -2.73030068E-02  1.16169739E+00  1.95398638E-02  1.52733694E-01 -2.29420618E-02 -8.69258097E-04 -2.55891774E-02 -6.09993810E-01 -2.96698988E-01  5.39446772E-04 -4.90982160E-03
 7.07455895E-03 -7.56549656E-03 -9.55087653E-02  3.33782621E-01  1.88601281E-02  1.32524435E-02  6.33966306E-03 -1.31927543E-02  2.75206078E-01 -5.43030175E-02  3.95255818E-02 -1.19623671E-02 -7.18305422E-04 -2.28241536E-02  1.14887785E+00  1.93348077E-02  2.05380202E-01 -2.38702089E-02 -9.24188716E-04 -1.61089415E-02
-5.98545845E-01 -3.10805005E-01  9.94465852E-05 -4.59343684E-03  6.66922987E-03 -8.15019736E-03 -8.16072292E-02  3.44226401E-01  5.75124069E-02  1.30529368E-02  6.39274851E-03 -1.59353356E-02  2.57997492E-01 -5.60333885E-02  2.90329843E-02 -1.18150519E-02 -6.27636876E-04 -1.49742831E-02  1.14147358E+00  1.88479289E-02
 1.94048802E-01 -2.41180094E-02 -8.32301483E-04  1.25885675E-02 -5.78855146E-01 -3.05145316E-01 -4.58411808E-04 -4.35884342E-03  6.77632514E-03 -8.83971059E-03 -5.74219014E-02  3.54139629E-01  5.16358665E-02  1.24653387E-02  6.03682979E-03 -2.84433325E-02  2.51798689E-01 -5.95035488E-02 -5.26533987E-02 -1.08827516E-02
-4.93620366E-04 -3.54276936E-02  1.15013971E+00  1.79105721E-02  1.62836631E-01 -2.35353801E-02 -6.69792608E-04 -5.96863054E-02 -5.70315210E-01 -2.88269682E-01 -5.23081402E-04 -4.21927075E-03  7.39317306E-03 -6.64055636E-03 -3.74594172E-02  3.63304997E-01  6.40702138E-03  1.18563016E-02  5.44710380E-03 -3.88316113E-02
 2.46148188E-01 -6.33995911E-02 -2.47064830E-01 -1.00693039E-02 -4.42584302E-04  2.07119865E-02  1.15118939E+00  1.73859292E-02  4.74617811E-01 -2.26430936E-02 -6.10076694E-04  3.81753851E-01 -5.61424516E-01 -2.61501976E-01 -2.21298964E-03 -4.25142895E-03  8.00112985E-03 -2.41112445E-02 -2.65897852E-02  3.50897274E-01
-1.12852088E-01  1.13542216E-02  5.02769648E-03 -5.34031772E-02
 3.50490983E-01 -4.45086831E-02 -4.61779490E-03 -1.33666968E-02 -6.26014747E-04  3.84160448E-02  1.21772471E+00  1.46070073E-02  3.99118581E-01 -2.73229770E-02 -8.32377943E-04  2.80664973E-01 -6.09517135E-01 -1.93121912E-01  3.63443961E-04  4.18253846E-02  1.11437371E-02 -5.47341263E-03  8.24016057E-02  5.92390477E-01
 4.55942495E-02  4.73094641E-03  4.73773538E-03 -1.24045078E-01  3.35600874E-01 -4.84995184E-02  5.24733825E-02 -1.40396247E-02 -7.04919843E-04 -1.01664950E-02  1.20107101E+00  1.21153362E-02  3.24668220E-01 -2.79940106E-02 -8.95819046E-04  5.04218585E-02 -6.22092561E-01 -2.31837096E-01  5.24800344E-04  4.14018283E-02
 1.05065658E-02 -6.80907794E-03  9.53787691E-02  6.06412374E-01  1.18525200E-01  4.75119901E-03  5.17722284E-03 -4.76552581E-02  3.14302082E-01 -5.22214772E-02  7.61914126E-02 -1.44271791E-02 -7.27643886E-04 -1.88938440E-02  1.18782776E+00  9.47784228E-03  3.87848743E-01 -2.84800938E-02 -9.22052539E-04 -2.76632880E-03
-6.02942777E-01 -2.47778687E-01  8.97012774E-05  4.18240428E-02  9.89535991E-03 -6.36340671E-03  1.06799021E-01  5.89563338E-01  1.34271988E-01  4.77640991E-03  5.22346341E-03 -2.04804504E-02  2.91638567E-01 -5.52507206E-02  4.57010568E-02 -1.39978088E-02 -6.62803668E-04 -2.51754708E-02  1.18277330E+00  8.41374031E-03
 3.75814790E-01 -2.83107440E-02 -8.58477169E-04 -3.71418194E-02 -5.83642649E-01 -2.49084264E-01 -5.26907541E-04  4.26377922E-02  9.80410881E-03 -7.26703467E-03  1.23182552E-01  5.66783047E-01  1.12198931E-01  4.37880256E-03  4.73852730E-03 -1.13490366E-02  2.82359086E-01 -5.89616249E-02 -4.69566700E-02 -1.32299499E-02
-5.54354089E-04 -6.41242973E-02  1.19342401E+00  8.20150952E-03  3.74658919E-01 -2.77497541E-02 -7.56570688E-04 -1.95993630E-01 -5.84800811E-01 -2.39984953E-01 -9.35034033E-04  4.32060680E-02  1.04096034E-02 -5.76266619E-03  1.36832077E-01  5.47631277E-01  5.24184292E-02  3.57406937E-03  3.95527765E-03  2.45876688E-02
 2.78738728E-01 -6.18937605E-02 -1.97675783E-01 -1.28878876E-02 -5.24984536E-04 -2.48094019E-02  1.19608779E+00  9.38971556E-03  6.75306123E-01 -2.72560022E-02 -7.61213622E-04  1.56511898E-01 -5.90579833E-01 -2.19473862E-01 -2.34414393E-03  4.32438440E-02  1.11869206E-02 -1.56684906E-02  1.52564052E-01  5.55154458E-01
-5.65016138E-02  2.63360151E-03  3.36348475E-03  2.31493263E-02
 3.75960040E-01 -3.48755745E-02  9.60930424E-02 -1.30099988E-02 -7.73554184E-04  1.90368270E-02  1.19273531E+00  9.50473675E-03  6.73318699E-01 -2.41964174E-02 -1.07932397E-03  2.16562118E-01 -5.78417369E-01 -1.39306503E-01  1.63496200E-03  3.86874123E-02  4.39720741E-03  1.26676917E-02  1.89144564E-01  6.57241810E-01
 1.41676519E-01 -8.13636966E-04  1.03124244E-03 -8.86407400E-02  3.62525184E-01 -4.09208194E-02  1.08217124E-01 -1.35130988E-02 -8.48191124E-04 -1.63827566E-02  1.17918519E+00  6.29636725E-03  5.68864606E-01 -2.47651057E-02 -1.11222119E-03  5.01715311E-03 -5.86441841E-01 -1.70989699E-01  3.99912891E-04  3.90518569E-02
 4.06755560E-03  4.37721818E-03  2.08593668E-01  6.89246007E-01  1.75432658E-01 -7.65689544E-04  1.18576284E-03 -4.12097956E-02  3.40633958E-01 -4.64882748E-02  1.22372389E-01 -1.36337405E-02 -8.86965306E-04 -1.44226360E-02  1.16786184E+00  1.85478466E-03  5.94876284E-01 -2.48364596E-02 -1.14301706E-03  5.39412359E-03
-5.69733324E-01 -1.89069554E-01  5.14449864E-05  3.98523784E-02  3.49777884E-03  5.51039034E-03  2.24528052E-01  6.77011264E-01  1.78182665E-01 -5.76106825E-04  1.09503370E-03 -2.10481073E-02  3.15194574E-01 -5.03684302E-02  9.03936890E-02 -1.31314816E-02 -8.51746876E-04 -2.28310008E-02  1.16220950E+00 -6.84297145E-04
 5.56112628E-01 -2.43615178E-02 -1.12193012E-03 -3.03851127E-02 -5.56719512E-01 -1.98261391E-01 -6.06999464E-04  4.02368718E-02  3.22265084E-03  4.48479108E-03  2.40036182E-01  6.48189411E-01  1.52464984E-01 -8.68109137E-04  5.76775432E-04 -3.35504354E-03  3.02987506E-01 -5.35350103E-02  5.87483827E-03 -1.25293624E-02
-7.55995988E-04 -4.10082554E-02  1.17042096E+00 -8.36208396E-04  5.46198027E-01 -2.38734486E-02 -1.05138503E-03 -9.98621179E-02 -5.62946595E-01 -1.94976911E-01 -1.20182433E-03  3.99125169E-02  3.68327483E-03  5.04418915E-03  2.48616477E-01  6.10911884E-01  9.15177510E-02 -1.70563276E-03 -1.10543567E-04  1.55996312E-02
 2.97829516E-01 -5.55127306E-02 -1.18025351E-01 -1.23336752E-02 -7.04887975E-04 -3.14715775E-02  1.17192701E+00  1.84312087E-03  7.85343230E-01 -2.36508453E-02 -1.03342325E-03  2.78604658E-02 -5.71226966E-01 -1.78407350E-01 -2.06242980E-03  3.93348049E-02  4.52257818E-03  7.83381388E-03  2.59585231E-01  6.08846154E-01
-1.98322116E-02 -2.61311009E-03 -5.06299376E-04  4.42367821E-02
 3.80776489E-01 -2.82273575E-02  8.15838311E-02 -9.23652444E-03 -7.49330472E-04 -2.99697602E-02  1.14489945E+00  6.86688925E-03  8.29506425E-01 -1.71614368E-02 -9.60193080E-04  7.92888870E-03 -5.33553418E-01 -1.09373429E-01  1.94458964E-03 -9.52383891E-04 -1.98496720E-03  1.18306123E-02  2.25303551E-01  6.05376948E-01
 1.34404176E-01  1.81327499E-03 -6.07790126E-04  1.58322826E-02  3.69318042E-01 -3.50529698E-02  1.15711566E-01 -9.72401455E-03 -8.23109222E-04 -2.91308730E-02  1.13585849E+00  4.07082916E-03  6.90291458E-01 -1.76557825E-02 -9.90833104E-04 -6.58052072E-02 -5.37018884E-01 -1.31555201E-01  4.49308118E-04 -1.82832274E-04
-2.01864316E-03  6.16037550E-03  2.42346379E-01  6.32662374E-01  1.71644194E-01  1.87228890E-03 -6.73575533E-04 -8.18098182E-03  3.50081843E-01 -4.11359792E-02  1.46424663E-01 -9.95460331E-03 -8.79384991E-04 -1.32198221E-02  1.12728270E+00 -9.49305494E-04  6.83535739E-01 -1.77410006E-02 -1.05091267E-03  1.89056776E-03
-5.26983282E-01 -1.51983401E-01  6.35410154E-05  7.52143616E-04 -2.32877162E-03  6.71306646E-03  2.65079481E-01  6.51549150E-01  1.83421989E-01  1.87550553E-03 -8.33841402E-04 -1.71264471E-02  3.24800190E-01 -4.54007847E-02  1.31604907E-01 -9.54509585E-03 -8.58663554E-04 -1.12000734E-02  1.12025427E+00 -4.81222894E-03
 6.33671555E-01 -1.73102388E-02 -1.05141029E-03  1.48984631E-02 -5.23700755E-01 -1.68879507E-01 -6.06261384E-04  8.39048739E-04 -2.47595329E-03  5.62470843E-03  2.88030541E-01  6.52149193E-01  1.70868558E-01  1.54067551E-03 -1.17584558E-03 -1.57800924E-02  3.11456682E-01 -4.76122101E-02  7.62217526E-02 -8.88890085E-03
-7.56873845E-04 -6.23313111E-03  1.12383623E+00 -5.34926050E-03  6.01602470E-01 -1.68408250E-02 -9.66554729E-04  4.95206453E-02 -5.32443729E-01 -1.69659860E-01 -1.00197915E-03  7.14317208E-05 -2.04461567E-03  5.85884585E-03  2.98882387E-01  6.38719695E-01  1.30931677E-01  1.02477181E-03 -1.51768478E-03 -4.75714447E-02
 3.04383088E-01 -4.85820886E-02  1.32012695E-02 -8.49358870E-03 -6.63906319E-04  5.52332738E-03  1.12325121E+00 -1.91186360E-03  8.14395667E-01 -1.65883065E-02 -8.85797436E-04  1.39875010E-01 -5.34935962E-01 -1.54587376E-01 -1.89286830E-03 -8.62099035E-04 -1.42176362E-03  6.76212910E-03  3.02945228E-01  6.21517094E-01
 3.97553344E-02  6.15793169E-04 -1.59338084E-03 -2.31644858E-02
 3.72655159E-01 -2.43124697E-02  5.30932928E-02 -6.72278210E-03 -5.45824380E-04 -3.43799945E-02  1.09631269E+00  6.21103285E-03  8.03541913E-01 -1.46506280E-02 -5.84306219E-04 -3.51568695E-02 -5.10018854E-01 -9.73768292E-02  1.26129938E-03 -1.28802586E-02  3.26787730E-04 -4.48854400E-03  2.26715616E-01  5.41019695E-01
 1.00494534E-01  5.14670402E-03  6.39114130E-04  3.96946751E-02  3.62712210E-01 -3.09793717E-02  1.06867459E-01 -7.28580326E-03 -6.00875299E-04 -2.57551723E-02  1.08959845E+00  4.27193042E-03  6.68375632E-01 -1.51569987E-02 -6.06207089E-04 -5.04115978E-02 -5.11209918E-01 -1.09983993E-01  5.83419616E-04 -1.26512794E-02
 2.90660265E-04 -3.33142125E-03  2.38814828E-01  5.52124619E-01  1.48150878E-01  5.17164455E-03  6.48629875E-04  4.59937584E-03  3.44285674E-01 -3.73217544E-02  1.48872542E-01 -7.69761227E-03 -6.53487379E-04 -1.32461464E-02  1.08212562E+00 -6.04159205E-04  6.68476918E-01 -1.54939683E-02 -6.64078724E-04 -1.65487092E-03
-5.07629797E-01 -1.33632448E-01  1.24981702E-04 -1.18214034E-02  2.36541029E-04 -3.52705594E-03  2.61106450E-01  5.84376298E-01  1.68883620E-01  4.97605210E-03  6.29310744E-04 -1.18956732E-02  3.18484339E-01 -4.20797882E-02  1.44996915E-01 -7.36343385E-03 -6.35012745E-04 -5.83224673E-03  1.07419300E+00 -5.12701006E-03
 6.44851729E-01 -1.52778858E-02 -6.55123120E-04  2.81810602E-02 -5.12407587E-01 -1.59106461E-01 -5.14211897E-04 -1.12288007E-02  4.27058740E-04 -4.64408826E-03  2.85745863E-01  6.04114529E-01  1.66938422E-01  4.61212099E-03  5.15490393E-04 -2.53934885E-02  3.04458217E-01 -4.40446559E-02  1.07125300E-01 -6.61233566E-03
-5.39714824E-04 -8.37776707E-03  1.07456630E+00 -6.36559099E-03  6.31560008E-01 -1.47961326E-02 -5.66135422E-04  2.82914115E-02 -5.20861312E-01 -1.64728907E-01 -7.13977640E-04 -1.13396470E-02  9.68151497E-04 -4.25191758E-03  2.99134730E-01  6.18683610E-01  1.48347330E-01  4.35089719E-03  3.52485490E-04 -6.42362617E-02
 2.98229805E-01 -4.42151521E-02  1.02150739E-01 -6.06372771E-03 -4.40893887E-04  2.53507864E-02  1.07330684E+00 -2.91413110E-03  8.89400963E-01 -1.43763030E-02 -4.83274112E-04  2.52984668E-01 -5.14812558E-01 -1.48301534E-01 -2.14177110E-03 -1.21291066E-02  1.24383369E-03 -1.45731636E-02  3.03592458E-01  6.06302090E-01
 1.02268284E-01  4.19529135E-03  2.83646926E-04 -7.06500201E-02
 3.57511111E-01 -2.28161848E-02  7.29369106E-02 -7.89940995E-03 -4.23642543E-04  6.61983390E-03  1.05914816E+00  6.42316041E-03  7.22547358E-01 -1.79577444E-02 -4.56213786E-04  1.16306911E-01 -5.08677934E-01 -9.78824040E-02  7.99312468E-04  1.72024209E-02  6.61371191E-03 -1.14695223E-02  1.96522297E-01  4.83039950E-01
 1.00013712E-01  3.14420775E-03  1.99042836E-03 -3.32759693E-02  3.49141456E-01 -2.86311539E-02  1.10335956E-01 -8.48601319E-03 -4.49206566E-04 -1.16659357E-02  1.05221501E+00  5.46018738E-03  6.04267952E-01 -1.85141349E-02 -4.53992213E-04  1.93414266E-02 -5.13911828E-01 -1.06286320E-01  5.70189321E-04  1.68240444E-02
 6.39479633E-03 -9.44464829E-03  2.08363704E-01  4.91133228E-01  1.35949595E-01  3.21166463E-03  2.26624845E-03 -1.30826022E-02  3.28355239E-01 -3.54708068E-02  1.43332828E-01 -8.94011354E-03 -4.85629748E-04 -1.22727363E-02  1.04336000E+00  7.50523394E-04  6.29528691E-01 -1.90095142E-02 -4.77813657E-04  2.45871222E-03
-5.17186841E-01 -1.34005972E-01  1.63935486E-04  1.74582730E-02  6.37384262E-03 -9.40908006E-03  2.23424463E-01  5.04636627E-01  1.50126954E-01  3.08728661E-03  2.45540998E-03 -9.44802461E-03  2.99797429E-01 -4.10480349E-02  1.32351479E-01 -8.65047290E-03 -4.74494288E-04 -1.17278537E-02  1.03428260E+00 -4.18474103E-03
 6.37605696E-01 -1.89249760E-02 -4.58135609E-04 -4.72748244E-03 -5.25606528E-01 -1.66754671E-01 -4.30057460E-04  1.85420751E-02  6.69416901E-03 -1.04948200E-02  2.39542934E-01  5.08994765E-01  1.44129276E-01  2.70756674E-03  2.34954933E-03 -1.62896218E-02  2.84978921E-01 -4.38079735E-02  8.19349156E-02 -7.94343678E-03
-4.06223130E-04 -3.72706571E-02  1.03455136E+00 -6.32738780E-03  6.70688248E-01 -1.84363906E-02 -4.01591257E-04 -1.12014752E-01 -5.29150981E-01 -1.76068425E-01 -7.48307861E-04  1.91433891E-02  7.29195718E-03 -9.99102586E-03  2.50056508E-01  5.16717729E-01  1.26174306E-01  2.27600590E-03  1.97130383E-03 -1.22961650E-02
 2.81721930E-01 -4.38227411E-02  6.70326217E-02 -7.39679016E-03 -3.33309566E-04  1.56608292E-03  1.03448623E+00 -3.16107603E-03  9.83366023E-01 -1.78743852E-02 -3.69410352E-04  1.87273486E-01 -5.13586590E-01 -1.54637402E-01 -2.46492145E-03  1.86865706E-02  7.45320934E-03 -2.37861054E-02  2.60418773E-01  5.20159666E-01
 1.08981674E-01  1.89339146E-03  1.61731231E-03 -3.24117890E-02
 3.42305672E-01 -2.36667526E-02  1.02327278E-01 -1.03281103E-02 -5.21429556E-04  3.48043068E-02  1.04348544E+00  6.81229042E-03  7.11210572E-01 -2.11964100E-02 -7.30924379E-04  2.36893682E-01 -5.09951317E-01 -1.07897580E-01  1.21767964E-03  4.57556329E-02  7.88744180E-03  7.65234183E-04  1.39787757E-01  4.17344733E-01
 1.17813204E-01 -1.33078863E-03  1.40963097E-03 -9.48495913E-02  3.35258358E-01 -2.83576937E-02  1.18905970E-01 -1.09107174E-02 -5.41442971E-04 -7.10974881E-03  1.03571066E+00  6.73618258E-03  5.83893992E-01 -2.17989957E-02 -7.25359639E-04  4.06861217E-02 -5.23597897E-01 -1.19208225E-01  3.92565434E-04  4.54445149E-02
 7.55086163E-03 -3.27340457E-03  1.55180105E-01  4.38636650E-01  1.33172686E-01 -1.15577902E-03  1.82408203E-03 -3.14126513E-02  3.11376067E-01 -3.56213018E-02  1.38384267E-01 -1.13828049E-02 -5.83096705E-04 -1.09657799E-02  1.02425450E+00  1.92063459E-03  6.14377315E-01 -2.22822912E-02 -7.41721330E-04  8.74996686E-03
-5.34762347E-01 -1.50202367E-01  1.41901652E-04  4.58379680E-02  7.29742362E-03 -2.34226727E-03  1.65317329E-01  4.29650724E-01  1.34768636E-01 -1.10799607E-03  2.01991595E-03 -1.05806161E-02  2.79764398E-01 -4.20126031E-02  1.14898335E-01 -1.11677057E-02 -5.88872829E-04 -1.94605550E-02  1.01304713E+00 -3.67540467E-03
 6.21555807E-01 -2.21714907E-02 -7.32331277E-04 -3.54935740E-02 -5.43889917E-01 -1.85523589E-01 -4.35697304E-04  4.65897283E-02  7.37099024E-03 -3.36776556E-03  1.73385510E-01  4.09029846E-01  1.18343531E-01 -1.55917053E-03  1.67728503E-03  2.44309474E-04  2.64999046E-01 -4.57627709E-02  3.96545018E-02 -1.05345709E-02
-5.34103830E-04 -4.99405246E-02  1.01493133E+00 -6.56018878E-03  6.72410549E-01 -2.16549744E-02 -6.97681041E-04 -1.67961110E-01 -5.39709128E-01 -1.94433682E-01 -1.03093547E-03  4.70732600E-02  7.92619644E-03 -2.97636408E-03  1.78839938E-01  3.86506653E-01  8.50056270E-02 -2.32906566E-03  9.79288138E-04  3.74586568E-02
 2.64250854E-01 -4.61736028E-02 -4.57843117E-02 -9.93649343E-03 -4.64541159E-04 -3.09890176E-02  1.01687213E+00 -3.43027153E-03  9.82520768E-01 -2.10070838E-02 -6.76262554E-04  4.40621964E-02 -5.14686507E-01 -1.66437470E-01 -2.43007621E-03  4.68271656E-02  8.36979437E-03 -7.92178733E-03  1.91847009E-01  3.92581338E-01
 5.40323577E-02 -2.96151717E-03  4.68213326E-04  3.72441434E-02
 3.33368108E-01 -2.60289993E-02  7.59923460E-02 -1.03063966E-02 -6.98151279E-04  1.13335876E-02  1.05085698E+00  7.11258004E-03  7.65120425E-01 -1.93639729E-02 -1.04452521E-03  1.55964825E-01 -5.01614487E-01 -1.22829759E-01  1.93243021E-03  3.18918746E-02  2.23596172E-03  1.69173579E-02  8.67684291E-02  3.54750390E-01
 1.07010813E-01 -1.69631104E-03 -2.04118360E-04 -5.95244759E-02  3.26366521E-01 -2.98515771E-02  1.09693840E-01 -1.09816725E-02 -7.58904845E-04 -2.01206397E-02  1.04310995E+00  7.54774200E-03  6.04002039E-01 -2.00031712E-02 -1.09222971E-03 -2.43771845E-02 -5.20879166E-01 -1.39294931E-01  2.59803592E-04  3.20610993E-02
 1.90216896E-03  8.02120817E-03  1.03414517E-01  3.86252129E-01  1.23627212E-01 -1.50296941E-03  2.61039609E-05 -2.22270049E-02  3.01284511E-01 -3.70414125E-02  1.33135915E-01 -1.16048620E-02 -8.41104550E-04 -1.15060362E-02  1.02975336E+00  2.53534723E-03  6.12284229E-01 -2.04476587E-02 -1.16402514E-03  7.08405324E-03
-5.38682574E-01 -1.70665328E-01  9.72368414E-05  3.22633966E-02  1.35114820E-03  9.28912026E-03  1.17481003E-01  3.83374371E-01  1.25235392E-01 -1.46963847E-03 -1.77647820E-05 -1.21455704E-02  2.68845926E-01 -4.38138793E-02  1.10112229E-01 -1.14560184E-02 -8.54283706E-04 -1.83878398E-02  1.01614733E+00 -3.84502633E-03
 5.88110573E-01 -2.02526334E-02 -1.16582298E-03 -2.05594041E-02 -5.49044017E-01 -2.03515344E-01 -5.06500257E-04  3.22362407E-02  1.12455951E-03  8.26333102E-03  1.29279129E-01  3.65906276E-01  1.07576820E-01 -1.97556099E-03 -5.35772274E-04  2.95132491E-03  2.55697593E-01 -4.77196314E-02  2.80204738E-02 -1.07148501E-02
-7.64960185E-04 -2.71228141E-02  1.01889730E+00 -6.89473860E-03  6.03164936E-01 -1.96631469E-02 -1.08235516E-03 -5.26382402E-02 -5.39554567E-01 -2.08845258E-01 -1.16581926E-03  3.20808385E-02  1.70117467E-03  8.59298645E-03  1.34078548E-01  3.31774991E-01  6.45851746E-02 -2.73594707E-03 -1.19213291E-03  1.86664032E-02
 2.55661758E-01 -4.84345195E-02 -1.13070507E-01 -9.89482773E-03 -6.48130153E-04 -2.65480875E-02  1.02236303E+00 -3.34560335E-03  8.60102929E-01 -1.89674912E-02 -9.85232141E-04  3.98116564E-02 -5.07294002E-01 -1.76954846E-01 -2.06192063E-03  3.17939240E-02  2.55136043E-03  1.30275713E-02  1.41865876E-01  3.20093926E-01
-2.83579663E-03 -3.22819720E-03 -1.49251670E-03  4.43420123E-02
 3.32366913E-01 -2.81205792E-02 -3.84775728E-03 -7.45359031E-03 -7.00974070E-04 -3.51821410E-02  1.06877496E+00  7.15821239E-03  7.75722999E-01 -1.45043058E-02 -9.43400082E-04 -3.00965856E-02 -4.92044083E-01 -1.35227208E-01  1.85343172E-03 -1.11089940E-02 -2.82989018E-03  1.45251763E-02  7.44500534E-02  3.32594440E-01
 5.70178755E-02  3.62390541E-03 -3.42571161E-04  3.10115248E-02  3.24062549E-01 -3.16206087E-02  7.90623579E-02 -8.31246819E-03 -8.20951489E-04 -3.54982733E-02  1.06155879E+00  7.51260750E-03  5.97731678E-01 -1.51644777E-02 -1.07637276E-03 -9.77650238E-02 -5.08759162E-01 -1.51667423E-01  3.58142911E-04 -1.08351273E-02
-3.16197002E-03  9.29575144E-03  8.70062588E-02  3.54254104E-01  1.03355922E-01  3.69536835E-03 -4.14925967E-04  6.25192840E-03  2.99560698E-01 -3.83561093E-02  1.23673968E-01 -9.13037884E-03 -9.45023607E-04 -1.43055853E-02  1.04782738E+00  2.51721997E-03  5.88431407E-01 -1.56716052E-02 -1.22151519E-03 -3.75936665E-03
-5.28608526E-01 -1.80304627E-01  1.00529084E-04 -1.05771790E-02 -3.76646110E-03  9.73595922E-03  1.09891300E-01  3.82812277E-01  1.21257587E-01  3.56155045E-03 -6.19016994E-04 -1.06802953E-02  2.68198730E-01 -4.50577191E-02  1.15446968E-01 -8.93445995E-03 -9.36753588E-04 -9.41986169E-03  1.03314932E+00 -4.14651162E-03
 5.44433537E-01 -1.54737580E-02 -1.19908132E-03  2.41764803E-02 -5.42701236E-01 -2.10062835E-01 -5.39128002E-04 -1.07086583E-02 -3.89130127E-03  8.61486335E-03  1.34269839E-01  3.99511809E-01  1.15188620E-01  3.16283956E-03 -9.42991166E-04 -1.30675843E-02  2.57152353E-01 -4.82236270E-02  5.21160262E-02 -7.93450953E-03
-7.83525488E-04  2.55794572E-03  1.03516873E+00 -6.74534755E-03  5.11746934E-01 -1.48228177E-02 -1.01404027E-03  9.09641091E-02 -5.34323104E-01 -2.13696511E-01 -9.27040554E-04 -1.10545009E-02 -3.13716662E-03  9.22934676E-03  1.44034688E-01  3.92753010E-01  8.19232705E-02  2.82072189E-03 -1.17398165E-03 -4.80580946E-02
 2.57270845E-01 -4.85593115E-02 -6.74672071E-02 -6.92582671E-03 -6.11998526E-04  1.43613267E-02  1.03918649E+00 -2.60194422E-03  7.38804578E-01 -1.41235509E-02 -8.27595287E-04  2.25774698E-01 -4.99067106E-01 -1.82810327E-01 -1.83710040E-03 -1.15667237E-02 -2.24679108E-03  9.79608356E-03  1.44115667E-01  3.63155723E-01
 2.51589811E-03  2.64489198E-03 -1.20299890E-03 -2.88283471E-02
