 6.02417427E-15  2.47006472E-16  7.60717890E-15  3.07327917E-30 -2.61247025E-31  1.16029703E-27  6.20129620E-15  2.55569287E-16  1.13252484E-14  3.88340993E-30 -3.46755583E-31  2.29832875E-27 -6.85187465E-03  7.60247479E-04 -4.17964437E-19 -4.03298167E-21  1.89550287E-22 -1.54746851E-22  0.00000000E+00  0.00000000E+00
 0.00000000E+00  0.00000000E+00  0.00000000E+00  0.00000000E+00
 6.29707667E-01  1.50416404E-02  7.19957508E-01 -1.86484646E-02 -6.32861210E-04 -2.24456304E-02  8.38066249E-01  3.07920780E-02  2.01269053E+00 -2.77327244E-02 -1.04787121E-03 -1.52295348E-02 -4.20759333E-01 -1.23192189E-01 -2.13157498E-04  1.24732797E-02  9.54211470E-04  1.44441694E-02  4.12811841E+00  5.33497387E+00
 1.94140003E+00  6.78565183E-02  1.30297098E-02 -2.31104683E-02
 3.48544165E-01 -4.22735333E-03  3.23180044E-01 -1.09268854E-02 -4.95539647E-04 -1.39001223E-02  6.81976053E-01  1.92915371E-02  1.40418683E+00 -1.52020688E-02 -8.08091733E-04 -4.00514174E-03 -4.13617071E-01 -1.38802500E-01 -2.55039704E-04  1.85053407E-02  3.74407799E-03 -3.65225613E-03  3.48273637E-01  6.40742319E-01
 3.60660992E-01  4.85869536E-03  1.37433732E-03  3.31966905E-03
 2.89346995E-01 -1.65739023E-02  1.89903580E-01 -8.97424840E-03 -5.09313779E-04 -1.20301303E-02  7.62697070E-01  1.78730341E-02  1.13396547E+00 -1.35992438E-02 -8.23291023E-04 -7.30083832E-03 -4.75298837E-01 -1.81563050E-01 -3.04588221E-04  2.72433967E-02  5.00701202E-03 -9.94968841E-05  1.01576520E-01  2.13539154E-01
 1.06164214E-01  2.23431560E-03  7.50309989E-04  9.77394375E-03
 2.53502253E-01 -2.84679952E-02  8.26942807E-02 -9.01320509E-03 -6.06613505E-04 -1.26528854E-02  8.42283558E-01  1.86778097E-02  8.38744948E-01 -1.41919699E-02 -9.73111763E-04 -6.77936961E-03 -5.02401452E-01 -2.27678227E-01 -2.93393889E-04  2.22619662E-02  3.32581311E-03  7.52602827E-03 -6.34125299E-02  1.29012175E-02
 3.97686113E-03  1.95334964E-03  4.47689550E-04  6.64487531E-03
 2.33019130E-01 -4.05040422E-02 -1.00051243E-02 -9.19289395E-03 -7.22389501E-04 -1.35272302E-02  9.28773646E-01  2.09596063E-02  5.37914299E-01 -1.47174461E-02 -1.12165685E-03  9.18608782E-03 -5.17594364E-01 -2.73989519E-01 -2.59649643E-04 -2.49373741E-03  7.59670875E-05  1.18140499E-02 -1.84436331E-01 -4.51187124E-02
-5.22148669E-02  5.37658651E-03  7.85362908E-04 -4.32236480E-04
 2.37926994E-01 -5.14577629E-02 -7.08195846E-02 -9.31719440E-03 -7.19759322E-04 -1.36357494E-02  1.04390517E+00  2.24121759E-02  2.91707044E-01 -1.70106786E-02 -1.03455101E-03  4.13859180E-02 -5.45243103E-01 -3.03304112E-01 -3.07742691E-04 -2.64021505E-02  4.38679863E-04  3.27146994E-03 -1.96661736E-01  7.57765020E-02
-6.47268040E-02  1.18668472E-02  3.14926626E-03 -1.58394895E-02
 2.70571492E-01 -5.66175317E-02 -6.91336994E-02 -1.10435670E-02 -5.98788770E-04 -1.46362985E-02  1.15498428E+00  1.88210642E-02  2.43812505E-01 -2.32360499E-02 -7.76499793E-04  6.02984962E-02 -5.84800549E-01 -2.86122598E-01 -4.53075901E-04 -4.52986235E-03  7.26937266E-03 -1.12527427E-02 -6.63688782E-02  3.46559758E-01
-1.36805070E-02  1.25175426E-02  5.85337196E-03 -2.99313140E-02
 3.08855053E-01 -5.35559641E-02 -1.24807327E-02 -1.36581911E-02 -6.33453461E-04 -1.74589107E-02  1.19648476E+00  1.03675252E-02  4.22902563E-01 -2.78522636E-02 -8.37751835E-04  4.19494920E-02 -5.98929295E-01 -2.30213462E-01 -4.71356654E-04  4.23564933E-02  1.04910493E-02 -7.89068145E-03  1.16193013E-01  5.76322495E-01
 6.77511973E-02  4.14083813E-03  4.53261856E-03 -2.59654714E-02
 3.32521796E-01 -4.69501400E-02  5.08209553E-02 -1.30252262E-02 -8.03556909E-04 -1.78465666E-02  1.17405664E+00  2.99641733E-03  6.20785579E-01 -2.42806324E-02 -1.09021677E-03  2.07644383E-02 -5.70914268E-01 -1.78501902E-01 -2.97488953E-04  3.95126402E-02  3.89850762E-03  6.65301572E-03  2.28417362E-01  6.48574422E-01
 1.19907061E-01 -1.22371422E-03  5.45328579E-04 -1.57362122E-02
 3.40136056E-01 -4.10018983E-02  9.41246649E-02 -9.30712128E-03 -7.88544734E-04 -1.40383887E-02  1.12923039E+00 -3.47490021E-04  7.08833886E-01 -1.72162650E-02 -9.84283552E-04  2.47180613E-02 -5.31439338E-01 -1.47673129E-01 -1.73945010E-04 -5.57818540E-05 -2.04578576E-03  7.15828961E-03  2.70431261E-01  6.33662409E-01
 1.38504321E-01  1.45705165E-03 -1.06701971E-03 -1.59985282E-02
 3.33470901E-01 -3.71588653E-02  1.10517708E-01 -6.95761581E-03 -5.69301419E-04 -1.03734234E-02  1.08168382E+00 -7.54654680E-04  7.17701194E-01 -1.49586527E-02 -5.93187448E-04  3.70389669E-02 -5.12823338E-01 -1.35521695E-01 -2.33376656E-04 -1.20084160E-02  5.82172158E-04 -5.80269843E-03  2.69184991E-01  5.84436807E-01
 1.39180511E-01  4.74211837E-03  5.11446260E-04 -2.13135654E-02
 3.16917681E-01 -3.59328158E-02  1.01320785E-01 -8.21937275E-03 -4.28750973E-04 -1.07918777E-02  1.04300723E+00 -1.73222281E-04  7.08000661E-01 -1.84528575E-02 -4.36192812E-04  3.47730501E-02 -5.18020117E-01 -1.39272532E-01 -3.51641582E-04  1.79761288E-02  6.80361440E-03 -1.24325337E-02  2.29721447E-01  5.04113661E-01
 1.27562587E-01  2.72002052E-03  2.10837538E-03 -1.94673620E-02
 2.99659066E-01 -3.69324541E-02  7.80643398E-02 -1.07100671E-02 -5.38914508E-04 -1.39435532E-02  1.02471686E+00  3.00540434E-04  6.97661501E-01 -2.16852076E-02 -7.17380037E-04  2.11562137E-02 -5.27766186E-01 -1.53950486E-01 -3.57427044E-04  4.62547116E-02  7.73378468E-03 -3.18605911E-03  1.67392941E-01  4.12291657E-01
 1.07189340E-01 -1.74071951E-03  1.39640257E-03 -1.03159582E-02
 2.90204070E-01 -3.88150032E-02  5.73140495E-02 -1.08264379E-02 -7.60922453E-04 -1.53919717E-02  1.03018799E+00  5.18383496E-04  6.72130855E-01 -1.97830124E-02 -1.08903172E-03  1.75476177E-02 -5.26178135E-01 -1.70350911E-01 -2.40794918E-04  3.20545623E-02  1.81106225E-03  1.06852625E-02  1.18814584E-01  3.57025347E-01
 8.75332692E-02 -2.10143736E-03 -5.69366844E-04 -4.65621846E-03
 2.89768681E-01 -3.99896591E-02  4.98307259E-02 -8.11520559E-03 -7.99871128E-04 -1.29144315E-02  1.04761094E+00  6.15706079E-04  6.26145189E-01 -1.49600859E-02 -1.04700082E-03  3.48823853E-02 -5.17583870E-01 -1.78961488E-01 -1.65194208E-04 -1.09751972E-02 -3.17226338E-03  1.01995301E-02  1.15627968E-01  3.70846894E-01
 8.02098623E-02  3.25154627E-03 -7.82747641E-04 -1.05618114E-02
