 2.0548E-22
 1.0157E-18
 1.8513E-14
 8.6922E-09
 1.0473E-13
 2.1543E-18
 1.4504E-11
 4.6000E-11
 6.4592E-11
 5.4703E-08
 5.5790E-11
 4.2554E-11
 6.3698E-12
 1.1464E-11
 6.7757E-11
 1.2936E-07
 1.0074E-10
 1.8253E-11
 9.3012E-12
 7.1596E-12
 1.5104E-10
 1.6802E-07
 3.8828E-10
 2.1240E-11
 1.3328E-11
 1.1774E-11
 3.0505E-10
 1.8455E-07
 8.2153E-10
 3.0909E-11
 1.2809E-11
 1.4307E-11
 4.9643E-10
 1.7923E-07
 1.1544E-09
 3.8190E-11
 6.0769E-12
 1.3391E-11
 7.3618E-10
 1.6541E-07
 1.3301E-09
 3.2892E-11
 1.6352E-12
 2.0994E-11
 1.0260E-09
 1.6583E-07
 1.6390E-09
 1.6106E-11
 9.2860E-12
 4.3543E-11
 1.2647E-09
 1.9654E-07
 2.3097E-09
 4.2703E-12
 2.4603E-11
 6.2591E-11
 1.3271E-09
 2.6237E-07
 3.0893E-09
 1.6961E-11
 2.9385E-11
 5.0817E-11
 1.2716E-09
 3.6422E-07
 3.5773E-09
 5.0879E-11
 1.6161E-11
 1.6848E-11
 1.3569E-09
 5.0342E-07
 4.0854E-09
 7.0910E-11
 7.5332E-12
 1.2551E-11
 1.7172E-09
 6.7407E-07
 5.6649E-09
 5.0137E-11
 3.1879E-11
 6.4299E-11
 2.1168E-09
 8.5714E-07
 8.6851E-09
 2.2772E-11
 7.3790E-11
 1.1205E-10
 2.3017E-09
 1.0379E-06
 1.1785E-08
 5.9512E-11
 7.8184E-11
 7.9548E-11
 2.6293E-09
 1.2349E-06
 1.3503E-08
 1.6028E-10
