----------------------------------------------------------------------------------- 
 => ion # 1
 r           dlntdr_s    dlnndr_s    tem_s       den_s       alpha_s     (null)      
----------------------------------------------------------------------------------- 
 5.9418E-01  1.2809E+00  8.8530E-01  6.9811E-01  8.0516E-01  1.1533E+00  0.0000E+00
 5.9612E-01  1.2809E+00  8.8530E-01  6.9811E-01  8.0516E-01  1.1533E+00  0.0000E+00
 5.9806E-01  1.2809E+00  8.8530E-01  6.9811E-01  8.0516E-01  1.1533E+00  0.0000E+00
 6.0000E-01  1.2809E+00  8.8530E-01  6.9811E-01  8.0516E-01  1.1533E+00  0.0000E+00
 6.0194E-01  1.2809E+00  8.8530E-01  6.9811E-01  8.0516E-01  1.1533E+00  0.0000E+00
 6.0388E-01  1.2809E+00  8.8530E-01  6.9811E-01  8.0516E-01  1.1533E+00  0.0000E+00
----------------------------------------------------------------------------------- 
 => ion # 2
 r           dlntdr_s    dlnndr_s    tem_s       den_s       alpha_s     (null)      
----------------------------------------------------------------------------------- 
 5.9418E-01  1.2809E+00 -1.2043E-01  6.9811E-01  3.2473E-02  4.6516E-02  0.0000E+00
 5.9612E-01  1.2809E+00 -1.2043E-01  6.9811E-01  3.2473E-02  4.6516E-02  0.0000E+00
 5.9806E-01  1.2809E+00 -1.2043E-01  6.9811E-01  3.2473E-02  4.6516E-02  0.0000E+00
 6.0000E-01  1.2809E+00 -1.2043E-01  6.9811E-01  3.2473E-02  4.6516E-02  0.0000E+00
 6.0194E-01  1.2809E+00 -1.2043E-01  6.9811E-01  3.2473E-02  4.6516E-02  0.0000E+00
 6.0388E-01  1.2809E+00 -1.2043E-01  6.9811E-01  3.2473E-02  4.6516E-02  0.0000E+00
----------------------------------------------------------------------------------- 
=> electrons
 r           dlntdr_s    dlnndr_s    tem_s       den_s       alpha_s     (null)      
----------------------------------------------------------------------------------- 
 5.9418E-01  2.0640E+00  6.8923E-01  1.0000E+00  1.0000E+00  1.0000E+00  0.0000E+00
 5.9612E-01  2.0640E+00  6.8923E-01  1.0000E+00  1.0000E+00  1.0000E+00  0.0000E+00
 5.9806E-01  2.0640E+00  6.8923E-01  1.0000E+00  1.0000E+00  1.0000E+00  0.0000E+00
 6.0000E-01  2.0640E+00  6.8923E-01  1.0000E+00  1.0000E+00  1.0000E+00  0.0000E+00
 6.0194E-01  2.0640E+00  6.8923E-01  1.0000E+00  1.0000E+00  1.0000E+00  0.0000E+00
 6.0388E-01  2.0640E+00  6.8923E-01  1.0000E+00  1.0000E+00  1.0000E+00  0.0000E+00
----------------------------------------------------------------------------------- 
 => Geometry
 r           q_s         shat_s      kappa_s     s_kappa_s   delta_s     s_delta_s   
----------------------------------------------------------------------------------- 
 5.9418E-01  1.3204E+00  1.3023E+00  1.3307E+00  1.4679E-01  7.2748E-02  1.3528E-01
 5.9612E-01  1.3204E+00  1.3023E+00  1.3307E+00  1.4679E-01  7.2748E-02  1.3528E-01
 5.9806E-01  1.3204E+00  1.3023E+00  1.3307E+00  1.4679E-01  7.2748E-02  1.3528E-01
 6.0000E-01  1.3204E+00  1.3023E+00  1.3307E+00  1.4679E-01  7.2748E-02  1.3528E-01
 6.0194E-01  1.3204E+00  1.3023E+00  1.3307E+00  1.4679E-01  7.2748E-02  1.3528E-01
 6.0388E-01  1.3204E+00  1.3023E+00  1.3307E+00  1.4679E-01  7.2748E-02  1.3528E-01
----------------------------------------------------------------------------------- 
 => Geometry
 r           R/r         drmaj_s     b_unit_s    beta_unit_s rhosda_s    (null)      
----------------------------------------------------------------------------------- 
 5.9418E-01  4.8228E+00 -1.0243E-01  1.0000E+00  1.2494E-02  4.5439E-03  0.0000E+00
 5.9612E-01  4.8228E+00 -1.0243E-01  1.0000E+00  1.2494E-02  4.5439E-03  0.0000E+00
 5.9806E-01  4.8228E+00 -1.0243E-01  1.0000E+00  1.2494E-02  4.5439E-03  0.0000E+00
 6.0000E-01  4.8228E+00 -1.0243E-01  1.0000E+00  1.2494E-02  4.5439E-03  0.0000E+00
 6.0194E-01  4.8228E+00 -1.0243E-01  1.0000E+00  1.2494E-02  4.5439E-03  0.0000E+00
 6.0388E-01  4.8228E+00 -1.0243E-01  1.0000E+00  1.2494E-02  4.5439E-03  0.0000E+00
----------------------------------------------------------------------------------- 
 => Geometry and Flows
 r           r_s         r_e         dr_eodr     q           (null)      (null)      
----------------------------------------------------------------------------------- 
 5.9418E-01  6.0000E-01  5.9418E-01  1.0000E+00  1.3038E+00  0.0000E+00  0.0000E+00
 5.9612E-01  6.0000E-01  5.9612E-01  1.0000E+00  1.3093E+00  0.0000E+00  0.0000E+00
 5.9806E-01  6.0000E-01  5.9806E-01  1.0000E+00  1.3149E+00  0.0000E+00  0.0000E+00
 6.0000E-01  6.0000E-01  6.0000E-01  1.0000E+00  1.3204E+00  0.0000E+00  0.0000E+00
 6.0194E-01  6.0000E-01  6.0194E-01  1.0000E+00  1.3260E+00  0.0000E+00  0.0000E+00
 6.0388E-01  6.0000E-01  6.0388E-01  1.0000E+00  1.3316E+00  0.0000E+00  0.0000E+00
----------------------------------------------------------------------------------- 
 => Geometry and Flows
 r           gamma_e_s   gamma_p_s   mach_s      z_eff_s     nu_s        (null)      
----------------------------------------------------------------------------------- 
 5.9418E-01 -5.5940E-02 -3.5624E-01 -1.7534E-01  1.9742E+00  4.4866E-02  0.0000E+00
 5.9612E-01 -5.5940E-02 -3.5624E-01 -1.7534E-01  1.9742E+00  4.4866E-02  0.0000E+00
 5.9806E-01 -5.5940E-02 -3.5624E-01 -1.7534E-01  1.9742E+00  4.4866E-02  0.0000E+00
 6.0000E-01 -5.5940E-02 -3.5624E-01 -1.7534E-01  1.9742E+00  4.4866E-02  0.0000E+00
 6.0194E-01 -5.5940E-02 -3.5624E-01 -1.7534E-01  1.9742E+00  4.4866E-02  0.0000E+00
 6.0388E-01 -5.5940E-02 -3.5624E-01 -1.7534E-01  1.9742E+00  4.4866E-02  0.0000E+00
----------------------------------------------------------------------------------- 
 => Geometry and Flows
 r           gamma_t_s   gamma_n_s   gamma_eb_s  gamma_HB    w0_s        w0p_s       
----------------------------------------------------------------------------------- 
 5.9418E-01  2.9990E-03  1.4471E-03 -5.5940E-02 -1.1841E-01 -6.1204E-02  1.1706E+05
 5.9612E-01  2.9766E-03  1.4363E-03 -5.5940E-02 -1.1841E-01 -6.1001E-02  1.1743E+05
 5.9806E-01  2.9545E-03  1.4256E-03 -5.5940E-02 -1.1841E-01 -6.0797E-02  1.1781E+05
 6.0000E-01  2.9325E-03  1.4150E-03 -5.5940E-02 -1.1841E-01 -6.0593E-02  1.1820E+05
 6.0194E-01  2.9108E-03  1.4045E-03 -5.5940E-02 -1.1841E-01 -6.0388E-02  1.1859E+05
 6.0388E-01  2.8893E-03  1.3941E-03 -5.5940E-02 -1.1841E-01 -6.0182E-02  1.1899E+05
----------------------------------------------------------------------------------- 
 => Geometry and Flows
 r           (null)      (null)      (null)      zmag_s      V (volume)  dV/dr       
----------------------------------------------------------------------------------- 
 5.9418E-01  0.0000E+00  0.0000E+00  0.0000E+00  2.3352E-02  2.7032E+01  9.4318E+01
 5.9612E-01  0.0000E+00  0.0000E+00  0.0000E+00  2.3328E-02  2.7032E+01  9.4318E+01
 5.9806E-01  0.0000E+00  0.0000E+00  0.0000E+00  2.3304E-02  2.7032E+01  9.4318E+01
 6.0000E-01  0.0000E+00  0.0000E+00  0.0000E+00  2.3279E-02  2.7032E+01  9.4318E+01
 6.0194E-01  0.0000E+00  0.0000E+00  0.0000E+00  2.3255E-02  2.7032E+01  9.4318E+01
 6.0388E-01  0.0000E+00  0.0000E+00  0.0000E+00  2.3230E-02  2.7032E+01  9.4318E+01
