==========================================================
GYRO r3-28-g23aa HOPPER2 Linux x86_64
==========================================================
WARNING: Using partial node
> aprun -n 128 -N 24 -d 1 -S 6 -sn 4 -ss /global/homes/c/candy/gacode_H/gyro/src/gyro
[t = 0.000E+00] t_err: 0.000E+00 0.000E+00
[t = 1.500E-01] t_err: 5.227E-04 1.418E-02
[t = 3.000E-01] t_err: 2.177E-04 1.155E-02
[t = 4.500E-01] t_err: 1.590E-04 9.496E-03
[t = 6.000E-01] t_err: 1.474E-04 7.933E-03
[t = 7.500E-01] t_err: 1.316E-04 6.697E-03
[t = 9.000E-01] t_err: 1.363E-04 5.688E-03
[t = 1.050E+00] t_err: 1.488E-04 4.880E-03
[t = 1.200E+00] t_err: 1.389E-04 4.198E-03
[t = 1.350E+00] t_err: 1.405E-04 3.639E-03
[t = 1.500E+00] t_err: 1.312E-04 3.159E-03
 [Saving to ./RESTART_1]
Application 5879233 resources: utime ~7061s, stime ~51s

 + --------------------------------------------------------------------------
 +        Job name: 128-1
 +          Job Id: 1295737.sdb
 +          System: hopper
 +     Queued Time: Thu Feb 16 14:20:51 2012
 +      Start Time: Thu Feb 16 14:21:33 2012
 + Completion Time: Thu Feb 16 14:23:04 2012
 +            User: candy
 +        MOM Host: nid04754
 +           Queue: debug
 +  Req. Resources: other=QSUBPID:6385:hopper08,walltime=00:30:00
 +  Used Resources: cput=00:00:01,mem=8400kb,vmem=64764kb,walltime=00:01:25
 +     Acct String: gc3
 +   PBS_O_WORKDIR: /global/homes/c/candy/nl01_scaling
 +     Submit Args: /global/homes/c/candy/nl01_scaling/128-1/batch.src
 + --------------------------------------------------------------------------

