 4.1169E+00
-1.6595E-02
-1.1052E+00
-5.3294E-02
-8.7746E-03
-9.7841E-01
 8.7304E-01
 8.9833E-01
 9.0726E-01
 9.6228E-01
-4.0196E+00
 3.7343E+00
-2.3416E-01
-1.0800E+00
-5.2631E-02
-1.6651E-01
-9.6583E-01
 8.6595E-01
 9.2622E-01
 8.8149E-01
 9.8239E-01
-3.5868E+00
 3.3382E+00
-4.5180E-01
-1.0114E+00
-5.1503E-02
-3.3597E-01
-9.2475E-01
 8.4692E-01
 9.8406E-01
 8.2512E-01
 1.0265E+00
-2.9678E+00
 2.9192E+00
-6.6925E-01
-8.7142E-01
-4.9886E-02
-5.2409E-01
-8.3870E-01
 8.1695E-01
 1.0890E+00
 7.4368E-01
 1.0987E+00
-2.2335E+00
 2.4641E+00
-8.8392E-01
-6.0123E-01
-4.8570E-02
-7.5145E-01
-6.5103E-01
 7.7706E-01
 1.2361E+00
 6.5507E-01
 1.1863E+00
-1.4539E+00
 1.9855E+00
-1.0085E+00
-1.6811E-01
-5.1385E-02
-9.5387E-01
-2.9449E-01
 7.3072E-01
 1.3128E+00
 6.1275E-01
 1.1925E+00
-8.1424E-01
 1.5382E+00
-9.2711E-01
 2.9313E-01
-6.3033E-02
-9.8951E-01
 1.4275E-01
 6.8610E-01
 1.2194E+00
 6.6271E-01
 1.0353E+00
-4.0637E-01
 1.1690E+00
-7.2653E-01
 5.9309E-01
-8.3190E-02
-8.7621E-01
 4.7335E-01
 6.5048E-01
 1.0344E+00
 7.8605E-01
 8.2779E-01
-1.9246E-01
 8.7400E-01
-5.4712E-01
 7.4921E-01
-1.0573E-01
-7.2479E-01
 6.7323E-01
 6.2443E-01
 8.8553E-01
 9.2060E-01
 6.7848E-01
-1.0789E-01
 6.2724E-01
-4.0559E-01
 8.4403E-01
-1.2587E-01
-5.6760E-01
 8.0028E-01
 6.0553E-01
 7.9708E-01
 1.0307E+00
 5.8758E-01
-8.5938E-02
 4.0820E-01
-2.9363E-01
 9.1108E-01
-1.4046E-01
-4.0172E-01
 8.8699E-01
 5.9190E-01
 7.5016E-01
 1.0991E+00
 5.3857E-01
-8.2056E-02
 2.0256E-01
-1.7258E-01
 9.6893E-01
-1.4743E-01
-2.1524E-01
 9.4494E-01
 5.8281E-01
 7.3683E-01
 1.1185E+00
 5.2107E-01
-5.9176E-02
 3.4348E-15
-9.3373E-03
 9.9631E-01
-1.4843E-01
-6.1772E-04
 9.6813E-01
 5.7922E-01
 7.4172E-01
 1.1122E+00
 5.2078E-01
-1.1484E-15
-2.0471E-01
 1.5304E-01
 9.6725E-01
-1.4492E-01
 2.1607E-01
 9.4591E-01
 5.8208E-01
 7.5153E-01
 1.0966E+00
 5.3079E-01
 5.9319E-02
-4.1703E-01
 2.8227E-01
 9.1040E-01
-1.3506E-01
 4.1053E-01
 8.8544E-01
 5.9049E-01
 7.8110E-01
 1.0517E+00
 5.6148E-01
 8.7962E-02
-6.4875E-01
 4.2469E-01
 8.4021E-01
-1.1811E-01
 5.9533E-01
 7.8359E-01
 6.0410E-01
 8.5013E-01
 9.6256E-01
 6.2773E-01
 1.1929E-01
-9.1598E-01
 6.1445E-01
 7.1387E-01
-9.7494E-02
 7.8008E-01
 6.1298E-01
 6.2463E-01
 9.5856E-01
 8.4943E-01
 7.3558E-01
 2.0303E-01
-1.2349E+00
 8.2300E-01
 4.8385E-01
-7.7741E-02
 9.3705E-01
 3.4269E-01
 6.5426E-01
 1.0904E+00
 7.4313E-01
 8.8058E-01
 3.6572E-01
-1.6147E+00
 9.7728E-01
 1.2533E-01
-6.2746E-02
 9.9957E-01
-2.8973E-02
 6.9354E-01
 1.1980E+00
 6.7408E-01
 1.0289E+00
 6.3880E-01
-2.0427E+00
 9.8089E-01
-2.9886E-01
-5.4722E-02
 9.0692E-01
-4.1494E-01
 7.3919E-01
 1.2109E+00
 6.6780E-01
 1.1069E+00
 1.0618E+00
-2.4826E+00
 8.3821E-01
-6.5276E-01
-5.2211E-02
 7.0938E-01
-6.9440E-01
 7.8410E-01
 1.1292E+00
 7.1696E-01
 1.0937E+00
 1.6305E+00
-2.9061E+00
 6.3508E-01
-8.8204E-01
-5.2209E-02
 5.0152E-01
-8.5052E-01
 8.2222E-01
 1.0284E+00
 7.8836E-01
 1.0430E+00
 2.2672E+00
-3.3089E+00
 4.1840E-01
-1.0135E+00
-5.2801E-02
 3.1425E-01
-9.3093E-01
 8.5068E-01
 9.5500E-01
 8.5342E-01
 9.9682E-01
 2.8829E+00
-3.6961E+00
 1.9902E-01
-1.0836E+00
-5.3300E-02
 1.4551E-01
-9.6841E-01
 8.6787E-01
 9.0918E-01
 8.9665E-01
 9.6791E-01
 3.3930E+00
 4.1345E+00
-1.6550E-02
-1.1064E+00
-5.2963E-02
-8.7746E-03
-9.7859E-01
 8.7573E-01
 8.9823E-01
 9.0726E-01
 9.6525E-01
-4.0074E+00
 3.7502E+00
-2.3394E-01
-1.0812E+00
-5.2304E-02
-1.6651E-01
-9.6600E-01
 8.6863E-01
 9.2613E-01
 8.8149E-01
 9.8543E-01
-3.5758E+00
 3.3525E+00
-4.5146E-01
-1.0125E+00
-5.1181E-02
-3.3597E-01
-9.2489E-01
 8.4955E-01
 9.8398E-01
 8.2512E-01
 1.0297E+00
-2.9587E+00
 2.9316E+00
-6.6883E-01
-8.7251E-01
-4.9571E-02
-5.2409E-01
-8.3881E-01
 8.1952E-01
 1.0890E+00
 7.4368E-01
 1.1021E+00
-2.2266E+00
 2.4746E+00
-8.8360E-01
-6.0240E-01
-4.8261E-02
-7.5145E-01
-6.5109E-01
 7.7952E-01
 1.2361E+00
 6.5507E-01
 1.1901E+00
-1.4491E+00
 1.9940E+00
-1.0085E+00
-1.6935E-01
-5.1056E-02
-9.5387E-01
-2.9452E-01
 7.3304E-01
 1.3128E+00
 6.1275E-01
 1.1963E+00
-8.1101E-01
 1.5447E+00
-9.2757E-01
 2.9188E-01
-6.2631E-02
-9.8951E-01
 1.4276E-01
 6.8827E-01
 1.2194E+00
 6.6271E-01
 1.0386E+00
-4.0377E-01
 1.1740E+00
-7.2730E-01
 5.9191E-01
-8.2667E-02
-8.7621E-01
 4.7342E-01
 6.5252E-01
 1.0343E+00
 7.8605E-01
 8.3037E-01
-1.9000E-01
 8.7772E-01
-5.4793E-01
 7.4812E-01
-1.0507E-01
-7.2479E-01
 6.7336E-01
 6.2635E-01
 8.8543E-01
 9.2060E-01
 6.8057E-01
-1.0554E-01
 6.2991E-01
-4.0625E-01
 8.4295E-01
-1.2510E-01
-5.6760E-01
 8.0047E-01
 6.0736E-01
 7.9695E-01
 1.0307E+00
 5.8936E-01
-8.3900E-02
 4.0993E-01
-2.9397E-01
 9.0994E-01
-1.3961E-01
-4.0172E-01
 8.8722E-01
 5.9368E-01
 7.5001E-01
 1.0991E+00
 5.4019E-01
-8.0557E-02
 2.0342E-01
-1.7262E-01
 9.6763E-01
-1.4655E-01
-2.1524E-01
 9.4519E-01
 5.8455E-01
 7.3669E-01
 1.1185E+00
 5.2263E-01
-5.8398E-02
 3.4486E-15
-9.2689E-03
 9.9491E-01
-1.4753E-01
-6.1772E-04
 9.6839E-01
 5.8096E-01
 7.4157E-01
 1.1122E+00
 5.2234E-01
-1.1345E-15
-2.0558E-01
 1.5324E-01
 9.6596E-01
-1.4404E-01
 2.1607E-01
 9.4615E-01
 5.8383E-01
 7.5139E-01
 1.0966E+00
 5.3239E-01
 5.8547E-02
-4.1881E-01
 2.8276E-01
 9.0923E-01
-1.3424E-01
 4.1053E-01
 8.8565E-01
 5.9228E-01
 7.8096E-01
 1.0517E+00
 5.6317E-01
 8.6494E-02
-6.5151E-01
 4.2541E-01
 8.3902E-01
-1.1738E-01
 5.9533E-01
 7.8375E-01
 6.0595E-01
 8.5002E-01
 9.6256E-01
 6.2965E-01
 1.1732E-01
-9.1988E-01
 6.1514E-01
 7.1261E-01
-9.6885E-02
 7.8008E-01
 6.1308E-01
 6.2657E-01
 9.5847E-01
 8.4943E-01
 7.3786E-01
 2.0072E-01
-1.2401E+00
 8.2350E-01
 4.8257E-01
-7.7250E-02
 9.3705E-01
 3.4273E-01
 6.5632E-01
 1.0903E+00
 7.4313E-01
 8.8334E-01
 3.6314E-01
-1.6215E+00
 9.7750E-01
 1.2404E-01
-6.2347E-02
 9.9957E-01
-2.8976E-02
 6.9573E-01
 1.1979E+00
 6.7408E-01
 1.0321E+00
 6.3577E-01
-2.0514E+00
 9.8080E-01
-3.0012E-01
-5.4374E-02
 9.0692E-01
-4.1498E-01
 7.4153E-01
 1.2109E+00
 6.6780E-01
 1.1104E+00
 1.0579E+00
-2.4931E+00
 8.3793E-01
-6.5397E-01
-5.1880E-02
 7.0938E-01
-6.9448E-01
 7.8657E-01
 1.1291E+00
 7.1696E-01
 1.0971E+00
 1.6252E+00
-2.9184E+00
 6.3474E-01
-8.8322E-01
-5.1881E-02
 5.0152E-01
-8.5064E-01
 8.2479E-01
 1.0284E+00
 7.8836E-01
 1.0463E+00
 2.2601E+00
-3.3230E+00
 4.1813E-01
-1.0147E+00
-5.2471E-02
 3.1425E-01
-9.3108E-01
 8.5332E-01
 9.5491E-01
 8.5342E-01
 9.9991E-01
 2.8739E+00
-3.7118E+00
 1.9888E-01
-1.0848E+00
-5.2969E-02
 1.4551E-01
-9.6858E-01
 8.7055E-01
 9.0908E-01
 8.9665E-01
 9.7089E-01
 3.3825E+00
 4.1520E+00
-1.6505E-02
-1.1076E+00
-5.2636E-02
-8.7746E-03
-9.7876E-01
 8.7842E-01
 8.9813E-01
 9.0726E-01
 9.6821E-01
-3.9951E+00
 3.7661E+00
-2.3373E-01
-1.0823E+00
-5.1979E-02
-1.6651E-01
-9.6616E-01
 8.7130E-01
 9.2603E-01
 8.8149E-01
 9.8846E-01
-3.5649E+00
 3.3667E+00
-4.5112E-01
-1.0136E+00
-5.0861E-02
-3.3597E-01
-9.2503E-01
 8.5219E-01
 9.8390E-01
 8.2512E-01
 1.0329E+00
-2.9496E+00
 2.9440E+00
-6.6841E-01
-8.7360E-01
-4.9258E-02
-5.2409E-01
-8.3891E-01
 8.2208E-01
 1.0889E+00
 7.4368E-01
 1.1056E+00
-2.2197E+00
 2.4851E+00
-8.8329E-01
-6.0355E-01
-4.7954E-02
-7.5145E-01
-6.5115E-01
 7.8198E-01
 1.2360E+00
 6.5507E-01
 1.1939E+00
-1.4444E+00
 2.0024E+00
-1.0086E+00
-1.7057E-01
-5.0731E-02
-9.5387E-01
-2.9454E-01
 7.3537E-01
 1.3127E+00
 6.1275E-01
 1.2001E+00
-8.0779E-01
 1.5513E+00
-9.2802E-01
 2.9065E-01
-6.2234E-02
-9.8951E-01
 1.4278E-01
 6.9044E-01
 1.2193E+00
 6.6271E-01
 1.0418E+00
-4.0118E-01
 1.1789E+00
-7.2807E-01
 5.9075E-01
-8.2149E-02
-8.7621E-01
 4.7348E-01
 6.5455E-01
 1.0342E+00
 7.8605E-01
 8.3296E-01
-1.8755E-01
 8.8144E-01
-5.4873E-01
 7.4705E-01
-1.0442E-01
-7.2479E-01
 6.7348E-01
 6.2827E-01
 8.8532E-01
 9.2060E-01
 6.8266E-01
-1.0321E-01
 6.3258E-01
-4.0691E-01
 8.4188E-01
-1.2434E-01
-5.6760E-01
 8.0065E-01
 6.0920E-01
 7.9682E-01
 1.0307E+00
 5.9114E-01
-8.1874E-02
 4.1167E-01
-2.9431E-01
 9.0881E-01
-1.3877E-01
-4.0172E-01
 8.8745E-01
 5.9546E-01
 7.4987E-01
 1.0991E+00
 5.4180E-01
-7.9067E-02
 2.0428E-01
-1.7266E-01
 9.6635E-01
-1.4566E-01
-2.1524E-01
 9.4544E-01
 5.8630E-01
 7.3654E-01
 1.1185E+00
 5.2419E-01
-5.7625E-02
 3.4694E-15
-9.2013E-03
 9.9352E-01
-1.4665E-01
-6.1772E-04
 9.6864E-01
 5.8269E-01
 7.4143E-01
 1.1122E+00
 5.2390E-01
-1.1206E-15
-2.0645E-01
 1.5344E-01
 9.6469E-01
-1.4317E-01
 2.1607E-01
 9.4640E-01
 5.8558E-01
 7.5125E-01
 1.0966E+00
 5.3398E-01
 5.7779E-02
-4.2059E-01
 2.8325E-01
 9.0808E-01
-1.3342E-01
 4.1053E-01
 8.8586E-01
 5.9406E-01
 7.8083E-01
 1.0517E+00
 5.6487E-01
 8.5035E-02
-6.5428E-01
 4.2611E-01
 8.3783E-01
-1.1666E-01
 5.9533E-01
 7.8390E-01
 6.0779E-01
 8.4990E-01
 9.6256E-01
 6.3157E-01
 1.1536E-01
-9.2378E-01
 6.1583E-01
 7.1136E-01
-9.6282E-02
 7.8008E-01
 6.1318E-01
 6.2851E-01
 9.5839E-01
 8.4943E-01
 7.4014E-01
 1.9843E-01
-1.2454E+00
 8.2401E-01
 4.8129E-01
-7.6763E-02
 9.3705E-01
 3.4277E-01
 6.5837E-01
 1.0902E+00
 7.4313E-01
 8.8611E-01
 3.6056E-01
-1.6284E+00
 9.7771E-01
 1.2277E-01
-6.1951E-02
 9.9957E-01
-2.8979E-02
 6.9793E-01
 1.1979E+00
 6.7408E-01
 1.0354E+00
 6.3276E-01
-2.0601E+00
 9.8072E-01
-3.0136E-01
-5.4029E-02
 9.0692E-01
-4.1503E-01
 7.4387E-01
 1.2108E+00
 6.6780E-01
 1.1139E+00
 1.0540E+00
-2.5037E+00
 8.3765E-01
-6.5516E-01
-5.1552E-02
 7.0938E-01
-6.9456E-01
 7.8904E-01
 1.1291E+00
 7.1696E-01
 1.1006E+00
 1.6198E+00
-2.9308E+00
 6.3442E-01
-8.8438E-01
-5.1556E-02
 5.0152E-01
-8.5076E-01
 8.2736E-01
 1.0283E+00
 7.8836E-01
 1.0495E+00
 2.2529E+00
-3.3371E+00
 4.1785E-01
-1.0159E+00
-5.2144E-02
 3.1425E-01
-9.3123E-01
 8.5596E-01
 9.5483E-01
 8.5342E-01
 1.0030E+00
 2.8650E+00
-3.7276E+00
 1.9873E-01
-1.0860E+00
-5.2641E-02
 1.4551E-01
-9.6875E-01
 8.7323E-01
 9.0899E-01
 8.9665E-01
 9.7388E-01
 3.3721E+00
 4.1696E+00
-1.6462E-02
-1.1087E+00
-5.2311E-02
-8.7746E-03
-9.7894E-01
 8.8112E-01
 8.9803E-01
 9.0726E-01
 9.7118E-01
-3.9830E+00
 3.7820E+00
-2.3351E-01
-1.0835E+00
-5.1657E-02
-1.6651E-01
-9.6632E-01
 8.7398E-01
 9.2594E-01
 8.8149E-01
 9.9150E-01
-3.5540E+00
 3.3809E+00
-4.5078E-01
-1.0147E+00
-5.0544E-02
-3.3597E-01
-9.2517E-01
 8.5483E-01
 9.8382E-01
 8.2512E-01
 1.0361E+00
-2.9406E+00
 2.9565E+00
-6.6800E-01
-8.7467E-01
-4.8949E-02
-5.2409E-01
-8.3901E-01
 8.2465E-01
 1.0889E+00
 7.4368E-01
 1.1090E+00
-2.2128E+00
 2.4956E+00
-8.8298E-01
-6.0469E-01
-4.7650E-02
-7.5145E-01
-6.5121E-01
 7.8445E-01
 1.2360E+00
 6.5507E-01
 1.1976E+00
-1.4397E+00
 2.0109E+00
-1.0086E+00
-1.7177E-01
-5.0408E-02
-9.5387E-01
-2.9456E-01
 7.3769E-01
 1.3127E+00
 6.1275E-01
 1.2039E+00
-8.0460E-01
 1.5578E+00
-9.2847E-01
 2.8943E-01
-6.1840E-02
-9.8951E-01
 1.4279E-01
 6.9261E-01
 1.2193E+00
 6.6271E-01
 1.0451E+00
-3.9860E-01
 1.1839E+00
-7.2882E-01
 5.8961E-01
-8.1635E-02
-8.7621E-01
 4.7355E-01
 6.5658E-01
 1.0342E+00
 7.8605E-01
 8.3555E-01
-1.8512E-01
 8.8517E-01
-5.4952E-01
 7.4598E-01
-1.0378E-01
-7.2479E-01
 6.7360E-01
 6.3020E-01
 8.8522E-01
 9.2060E-01
 6.8475E-01
-1.0090E-01
 6.3526E-01
-4.0756E-01
 8.4081E-01
-1.2359E-01
-5.6760E-01
 8.0083E-01
 6.1103E-01
 7.9670E-01
 1.0307E+00
 5.9292E-01
-7.9861E-02
 4.1341E-01
-2.9465E-01
 9.0769E-01
-1.3793E-01
-4.0172E-01
 8.8767E-01
 5.9723E-01
 7.4973E-01
 1.0991E+00
 5.4342E-01
-7.7585E-02
 2.0515E-01
-1.7270E-01
 9.6508E-01
-1.4479E-01
-2.1524E-01
 9.4569E-01
 5.8804E-01
 7.3640E-01
 1.1185E+00
 5.2575E-01
-5.6855E-02
 3.4833E-15
-9.1344E-03
 9.9215E-01
-1.4577E-01
-6.1772E-04
 9.6889E-01
 5.8443E-01
 7.4129E-01
 1.1122E+00
 5.2546E-01
-1.1068E-15
-2.0733E-01
 1.5363E-01
 9.6343E-01
-1.4231E-01
 2.1607E-01
 9.4663E-01
 5.8733E-01
 7.5111E-01
 1.0966E+00
 5.3558E-01
 5.7016E-02
-4.2237E-01
 2.8373E-01
 9.0694E-01
-1.3261E-01
 4.1053E-01
 8.8607E-01
 5.9585E-01
 7.8071E-01
 1.0517E+00
 5.6657E-01
 8.3585E-02
-6.5704E-01
 4.2681E-01
 8.3667E-01
-1.1595E-01
 5.9533E-01
 7.8406E-01
 6.0964E-01
 8.4980E-01
 9.6256E-01
 6.3350E-01
 1.1340E-01
-9.2769E-01
 6.1651E-01
 7.1013E-01
-9.5684E-02
 7.8008E-01
 6.1327E-01
 6.3045E-01
 9.5830E-01
 8.4943E-01
 7.4242E-01
 1.9616E-01
-1.2507E+00
 8.2450E-01
 4.8003E-01
-7.6281E-02
 9.3705E-01
 3.4282E-01
 6.6043E-01
 1.0902E+00
 7.4313E-01
 8.8887E-01
 3.5801E-01
-1.6353E+00
 9.7792E-01
 1.2151E-01
-6.1560E-02
 9.9957E-01
-2.8982E-02
 7.0012E-01
 1.1979E+00
 6.7408E-01
 1.0386E+00
 6.2977E-01
-2.0688E+00
 9.8063E-01
-3.0259E-01
-5.3687E-02
 9.0692E-01
-4.1507E-01
 7.4621E-01
 1.2108E+00
 6.6780E-01
 1.1174E+00
 1.0501E+00
-2.5143E+00
 8.3737E-01
-6.5633E-01
-5.1228E-02
 7.0938E-01
-6.9464E-01
 7.9151E-01
 1.1290E+00
 7.1696E-01
 1.1040E+00
 1.6145E+00
-2.9432E+00
 6.3409E-01
-8.8553E-01
-5.1233E-02
 5.0152E-01
-8.5087E-01
 8.2993E-01
 1.0282E+00
 7.8836E-01
 1.0528E+00
 2.2458E+00
-3.3512E+00
 4.1758E-01
-1.0171E+00
-5.1821E-02
 3.1425E-01
-9.3138E-01
 8.5860E-01
 9.5474E-01
 8.5342E-01
 1.0061E+00
 2.8561E+00
-3.7433E+00
 1.9859E-01
-1.0872E+00
-5.2316E-02
 1.4551E-01
-9.6892E-01
 8.7591E-01
 9.0889E-01
 8.9665E-01
 9.7687E-01
 3.3617E+00
 4.1871E+00
-1.6418E-02
-1.1099E+00
-5.1989E-02
-8.7746E-03
-9.7911E-01
 8.8381E-01
 8.9794E-01
 9.0726E-01
 9.7415E-01
-3.9710E+00
 3.7979E+00
-2.3330E-01
-1.0846E+00
-5.1339E-02
-1.6651E-01
-9.6648E-01
 8.7666E-01
 9.2586E-01
 8.8149E-01
 9.9454E-01
-3.5432E+00
 3.3951E+00
-4.5045E-01
-1.0158E+00
-5.0230E-02
-3.3597E-01
-9.2530E-01
 8.5746E-01
 9.8375E-01
 8.2512E-01
 1.0393E+00
-2.9316E+00
 2.9689E+00
-6.6760E-01
-8.7572E-01
-4.8642E-02
-5.2409E-01
-8.3911E-01
 8.2721E-01
 1.0888E+00
 7.4368E-01
 1.1125E+00
-2.2060E+00
 2.5061E+00
-8.8267E-01
-6.0581E-01
-4.7349E-02
-7.5145E-01
-6.5127E-01
 7.8691E-01
 1.2360E+00
 6.5507E-01
 1.2014E+00
-1.4351E+00
 2.0194E+00
-1.0086E+00
-1.7296E-01
-5.0089E-02
-9.5387E-01
-2.9459E-01
 7.4001E-01
 1.3127E+00
 6.1275E-01
 1.2077E+00
-8.0142E-01
 1.5644E+00
-9.2891E-01
 2.8823E-01
-6.1450E-02
-9.8951E-01
 1.4281E-01
 6.9478E-01
 1.2193E+00
 6.6271E-01
 1.0484E+00
-3.9605E-01
 1.1889E+00
-7.2956E-01
 5.8847E-01
-8.1126E-02
-8.7621E-01
 4.7361E-01
 6.5862E-01
 1.0341E+00
 7.8605E-01
 8.3814E-01
-1.8270E-01
 8.8889E-01
-5.5030E-01
 7.4493E-01
-1.0314E-01
-7.2479E-01
 6.7372E-01
 6.3212E-01
 8.8513E-01
 9.2060E-01
 6.8684E-01
-9.8598E-02
 6.3793E-01
-4.0819E-01
 8.3977E-01
-1.2284E-01
-5.6760E-01
 8.0101E-01
 6.1287E-01
 7.9657E-01
 1.0307E+00
 5.9471E-01
-7.7859E-02
 4.1515E-01
-2.9498E-01
 9.0659E-01
-1.3711E-01
-4.0172E-01
 8.8789E-01
 5.9901E-01
 7.4960E-01
 1.0991E+00
 5.4504E-01
-7.6112E-02
 2.0601E-01
-1.7274E-01
 9.6382E-01
-1.4392E-01
-2.1524E-01
 9.4593E-01
 5.8979E-01
 7.3626E-01
 1.1185E+00
 5.2731E-01
-5.6091E-02
 3.4972E-15
-9.0682E-03
 9.9079E-01
-1.4489E-01
-6.1772E-04
 9.6914E-01
 5.8617E-01
 7.4115E-01
 1.1122E+00
 5.2702E-01
-1.0946E-15
-2.0820E-01
 1.5382E-01
 9.6218E-01
-1.4145E-01
 2.1607E-01
 9.4687E-01
 5.8908E-01
 7.5097E-01
 1.0966E+00
 5.3717E-01
 5.6257E-02
-4.2414E-01
 2.8421E-01
 9.0581E-01
-1.3181E-01
 4.1053E-01
 8.8627E-01
 5.9763E-01
 7.8058E-01
 1.0517E+00
 5.6827E-01
 8.2143E-02
-6.5981E-01
 4.2749E-01
 8.3551E-01
-1.1524E-01
 5.9533E-01
 7.8421E-01
 6.1149E-01
 8.4969E-01
 9.6256E-01
 6.3542E-01
 1.1146E-01
-9.3159E-01
 6.1718E-01
 7.0892E-01
-9.5091E-02
 7.8008E-01
 6.1337E-01
 6.3239E-01
 9.5822E-01
 8.4943E-01
 7.4471E-01
 1.9389E-01
-1.2559E+00
 8.2499E-01
 4.7879E-01
-7.5803E-02
 9.3705E-01
 3.4286E-01
 6.6248E-01
 1.0901E+00
 7.4313E-01
 8.9164E-01
 3.5547E-01
-1.6422E+00
 9.7812E-01
 1.2027E-01
-6.1172E-02
 9.9957E-01
-2.8984E-02
 7.0231E-01
 1.1978E+00
 6.7408E-01
 1.0419E+00
 6.2679E-01
-2.0775E+00
 9.8055E-01
-3.0379E-01
-5.3349E-02
 9.0692E-01
-4.1511E-01
 7.4855E-01
 1.2108E+00
 6.6780E-01
 1.1209E+00
 1.0462E+00
-2.5249E+00
 8.3709E-01
-6.5749E-01
-5.0906E-02
 7.0938E-01
-6.9472E-01
 7.9397E-01
 1.1290E+00
 7.1696E-01
 1.1075E+00
 1.6092E+00
-2.9556E+00
 6.3377E-01
-8.8666E-01
-5.0914E-02
 5.0152E-01
-8.5098E-01
 8.3250E-01
 1.0282E+00
 7.8836E-01
 1.0561E+00
 2.2387E+00
-3.3653E+00
 4.1731E-01
-1.0183E+00
-5.1500E-02
 3.1425E-01
-9.3152E-01
 8.6124E-01
 9.5466E-01
 8.5342E-01
 1.0092E+00
 2.8473E+00
-3.7591E+00
 1.9845E-01
-1.0883E+00
-5.1994E-02
 1.4551E-01
-9.6908E-01
 8.7859E-01
 9.0880E-01
 8.9665E-01
 9.7986E-01
 3.3514E+00
 4.2046E+00
-1.6375E-02
-1.1110E+00
-5.1670E-02
-8.7746E-03
-9.7928E-01
 8.8650E-01
 8.9784E-01
 9.0726E-01
 9.7712E-01
-3.9590E+00
 3.8139E+00
-2.3309E-01
-1.0858E+00
-5.1023E-02
-1.6651E-01
-9.6664E-01
 8.7934E-01
 9.2577E-01
 8.8149E-01
 9.9758E-01
-3.5325E+00
 3.4093E+00
-4.5012E-01
-1.0168E+00
-4.9919E-02
-3.3597E-01
-9.2543E-01
 8.6010E-01
 9.8367E-01
 8.2512E-01
 1.0425E+00
-2.9227E+00
 2.9813E+00
-6.6720E-01
-8.7677E-01
-4.8339E-02
-5.2409E-01
-8.3921E-01
 8.2978E-01
 1.0888E+00
 7.4368E-01
 1.1159E+00
-2.1993E+00
 2.5166E+00
-8.8237E-01
-6.0693E-01
-4.7051E-02
-7.5145E-01
-6.5133E-01
 7.8937E-01
 1.2360E+00
 6.5507E-01
 1.2051E+00
-1.4305E+00
 2.0278E+00
-1.0086E+00
-1.7413E-01
-4.9772E-02
-9.5387E-01
-2.9461E-01
 7.4233E-01
 1.3127E+00
 6.1275E-01
 1.2115E+00
-7.9827E-01
 1.5710E+00
-9.2935E-01
 2.8704E-01
-6.1063E-02
-9.8951E-01
 1.4282E-01
 6.9695E-01
 1.2192E+00
 6.6271E-01
 1.0517E+00
-3.9351E-01
 1.1939E+00
-7.3030E-01
 5.8735E-01
-8.0622E-02
-8.7621E-01
 4.7367E-01
 6.6065E-01
 1.0341E+00
 7.8605E-01
 8.4073E-01
-1.8030E-01
 8.9262E-01
-5.5107E-01
 7.4388E-01
-1.0251E-01
-7.2479E-01
 6.7384E-01
 6.3404E-01
 8.8503E-01
 9.2060E-01
 6.8893E-01
-9.6311E-02
 6.4060E-01
-4.0883E-01
 8.3873E-01
-1.2210E-01
-5.6760E-01
 8.0118E-01
 6.1471E-01
 7.9645E-01
 1.0307E+00
 5.9649E-01
-7.5870E-02
 4.1689E-01
-2.9530E-01
 9.0550E-01
-1.3629E-01
-4.0172E-01
 8.8811E-01
 6.0079E-01
 7.4946E-01
 1.0991E+00
 5.4666E-01
-7.4648E-02
 2.0687E-01
-1.7278E-01
 9.6258E-01
-1.4306E-01
-2.1524E-01
 9.4618E-01
 5.9154E-01
 7.3612E-01
 1.1185E+00
 5.2887E-01
-5.5331E-02
 3.5111E-15
-9.0028E-03
 9.8945E-01
-1.4403E-01
-6.1772E-04
 9.6938E-01
 5.8791E-01
 7.4101E-01
 1.1122E+00
 5.2858E-01
-1.0825E-15
-2.0907E-01
 1.5401E-01
 9.6094E-01
-1.4061E-01
 2.1607E-01
 9.4710E-01
 5.9083E-01
 7.5084E-01
 1.0966E+00
 5.3877E-01
 5.5502E-02
-4.2592E-01
 2.8468E-01
 9.0470E-01
-1.3102E-01
 4.1053E-01
 8.8647E-01
 5.9942E-01
 7.8045E-01
 1.0517E+00
 5.6997E-01
 8.0709E-02
-6.6257E-01
 4.2817E-01
 8.3437E-01
-1.1453E-01
 5.9533E-01
 7.8436E-01
 6.1335E-01
 8.4958E-01
 9.6256E-01
 6.3734E-01
 1.0954E-01
-9.3549E-01
 6.1784E-01
 7.0772E-01
-9.4504E-02
 7.8008E-01
 6.1346E-01
 6.3433E-01
 9.5814E-01
 8.4943E-01
 7.4699E-01
 1.9164E-01
-1.2612E+00
 8.2547E-01
 4.7756E-01
-7.5330E-02
 9.3705E-01
 3.4290E-01
 6.6454E-01
 1.0901E+00
 7.4313E-01
 8.9441E-01
 3.5294E-01
-1.6491E+00
 9.7832E-01
 1.1904E-01
-6.0787E-02
 9.9957E-01
-2.8987E-02
 7.0451E-01
 1.1978E+00
 6.7408E-01
 1.0451E+00
 6.2383E-01
-2.0862E+00
 9.8046E-01
-3.0499E-01
-5.3013E-02
 9.0692E-01
-4.1515E-01
 7.5089E-01
 1.2107E+00
 6.6780E-01
 1.1244E+00
 1.0424E+00
-2.5355E+00
 8.3682E-01
-6.5864E-01
-5.0587E-02
 7.0938E-01
-6.9479E-01
 7.9644E-01
 1.1289E+00
 7.1696E-01
 1.1109E+00
 1.6040E+00
-2.9680E+00
 6.3345E-01
-8.8778E-01
-5.0597E-02
 5.0152E-01
-8.5109E-01
 8.3507E-01
 1.0281E+00
 7.8836E-01
 1.0593E+00
 2.2317E+00
-3.3794E+00
 4.1705E-01
-1.0194E+00
-5.1182E-02
 3.1425E-01
-9.3166E-01
 8.6388E-01
 9.5458E-01
 8.5342E-01
 1.0123E+00
 2.8385E+00
-3.7748E+00
 1.9832E-01
-1.0895E+00
-5.1674E-02
 1.4551E-01
-9.6925E-01
 8.8127E-01
 9.0871E-01
 8.9665E-01
 9.8285E-01
 3.3411E+00
