 1.3270E-20
 3.6001E-17
 5.7774E-13
 1.1102E-06
 3.4364E-12
 1.5232E-16
 1.2315E-10
 5.2976E-10
 5.2693E-10
 1.6142E-07
 4.0743E-10
 2.3615E-10
 5.8983E-11
 5.7605E-11
 9.3807E-11
 1.2671E-07
 2.3857E-10
 3.7181E-11
 8.4422E-11
 5.5824E-11
 2.3919E-10
 1.2735E-07
 6.4957E-10
 1.5205E-10
 1.5637E-10
 1.0024E-10
 4.2092E-10
 1.4320E-07
 1.3912E-09
 3.2046E-10
 1.8040E-10
 8.8280E-11
 5.3775E-10
 1.4745E-07
 1.9357E-09
 4.5646E-10
 1.0204E-10
 1.7651E-11
 7.6278E-10
 1.3231E-07
 1.6348E-09
 4.0358E-10
 3.0454E-11
 9.8401E-11
 1.4714E-09
 1.1232E-07
 8.9432E-10
 1.5920E-10
 2.1122E-10
 5.4356E-10
 2.5063E-09
 9.7812E-08
 1.0388E-09
 7.9812E-11
 7.4483E-10
 1.1618E-09
 2.8840E-09
 8.2973E-08
 2.7709E-09
 6.6524E-10
 1.3339E-09
 1.3630E-09
 1.9010E-09
 6.8413E-08
 4.8532E-09
 1.8958E-09
 1.5763E-09
 9.4836E-10
 6.2942E-10
 8.4384E-08
 5.4445E-09
 2.9825E-09
 1.7359E-09
 8.5624E-10
 1.2890E-09
 1.6350E-07
 5.5695E-09
 3.4018E-09
 2.9248E-09
 2.4116E-09
 4.1271E-09
 2.7686E-07
 9.6215E-09
 4.3159E-09
 5.9089E-09
 5.3863E-09
 6.0447E-09
 3.3484E-07
 1.9642E-08
 7.9812E-09
 9.8947E-09
 7.8270E-09
 5.1139E-09
 3.1095E-07
 3.0315E-08
 1.4871E-08
