 i    energy(i)    w_energy(i) 
--- ------------  ------------ 
 1  0.1086724547  0.0642644789
 2  0.3531529368  0.1388201408
 3  0.7008934061  0.1895054690
 4  1.1731964060  0.2074366620
 5  1.8231909594  0.1895054690
 6  2.7751284427  0.1388201408
 7  4.3805639357  0.0642644789
 8  6.0000000000  0.0073831605
 
 k   tau(k)/2pi     s_lambda(k)   lambda(k)   w_lambda(k)
--- ------------  ------------ ------------  -----------
 1  1.0206568763  0.0411607009  0.1134190545  0.0515539714
 2  1.2242499443  0.1956367655  0.4954041564  0.0966514427
 3  1.6821474819  0.3971848909  0.8876858854  0.0966514427
 4  2.6321258410  0.5516609556  1.0984540557  0.0515539714
lambda-TP:                      1.1349237567
 5  2.9331034516  0.6210927998  1.1577860483  0.0354097399
 6  2.1706375107  0.7271943692  1.2772278420  0.0663848460
 7  1.7561124282  0.8656272873  1.4737975074  0.0663848460
 8  1.4679986834  0.9717288567  1.6547078942  0.0354097399
lambda-MAX:                     1.7110696627
 
 k   tau(k)/2pi     s_lambda(k)   lambda(k)   w_lambda(k)
--- ------------  ------------ ------------  -----------
 1  1.0206568763  0.0411607009  0.1134190545  0.0515539714
 2  1.2242499443  0.1956367655  0.4954041564  0.0966514427
 3  1.6821474819  0.3971848909  0.8876858854  0.0966514427
 4  2.6321258410  0.5516609556  1.0984540557  0.0515539714
lambda-TP:                      1.1349237567
 5  2.9331034516  0.6210927998  1.1577860483  0.0354097399
 6  2.1706375107  0.7271943692  1.2772278420  0.0663848460
 7  1.7561124282  0.8656272873  1.4737975074  0.0663848460
 8  1.4679986834  0.9717288567  1.6547078942  0.0354097399
lambda-MAX:                     1.7110696627
